<?xml version="1.0" encoding="UTF-8"?>
<testsuite xmlns:xsi="http://www.w3.org/2001/XMLSchema-instance" xsi:noNamespaceSchemaLocation="https://maven.apache.org/surefire/maven-surefire-plugin/xsd/surefire-test-report.xsd" version="3.0.2" name="in.rgukt.r081247.universityapi.controller.DepartmentControllerIntegrationTest" time="0.523" tests="2" errors="0" skipped="0" failures="0">
  <properties>
    <property name="java.specification.version" value="23"/>
    <property name="sun.jnu.encoding" value="UTF-8"/>
    <property name="java.class.path" value="/home/vinod/Desktop/projects/apis/universityapi/target/test-classes:/home/vinod/Desktop/projects/apis/universityapi/target/classes:/home/vinod/.m2/repository/org/springframework/boot/spring-boot-starter-data-jpa/3.4.4/spring-boot-starter-data-jpa-3.4.4.jar:/home/vinod/.m2/repository/org/springframework/boot/spring-boot-starter/3.4.4/spring-boot-starter-3.4.4.jar:/home/vinod/.m2/repository/org/springframework/boot/spring-boot-starter-logging/3.4.4/spring-boot-starter-logging-3.4.4.jar:/home/vinod/.m2/repository/ch/qos/logback/logback-classic/1.5.18/logback-classic-1.5.18.jar:/home/vinod/.m2/repository/ch/qos/logback/logback-core/1.5.18/logback-core-1.5.18.jar:/home/vinod/.m2/repository/org/apache/logging/log4j/log4j-to-slf4j/2.24.3/log4j-to-slf4j-2.24.3.jar:/home/vinod/.m2/repository/org/apache/logging/log4j/log4j-api/2.24.3/log4j-api-2.24.3.jar:/home/vinod/.m2/repository/org/slf4j/jul-to-slf4j/2.0.17/jul-to-slf4j-2.0.17.jar:/home/vinod/.m2/repository/jakarta/annotation/jakarta.annotation-api/2.1.1/jakarta.annotation-api-2.1.1.jar:/home/vinod/.m2/repository/org/yaml/snakeyaml/2.3/snakeyaml-2.3.jar:/home/vinod/.m2/repository/org/springframework/boot/spring-boot-starter-jdbc/3.4.4/spring-boot-starter-jdbc-3.4.4.jar:/home/vinod/.m2/repository/com/zaxxer/HikariCP/5.1.0/HikariCP-5.1.0.jar:/home/vinod/.m2/repository/org/springframework/spring-jdbc/6.2.5/spring-jdbc-6.2.5.jar:/home/vinod/.m2/repository/org/hibernate/orm/hibernate-core/6.6.11.Final/hibernate-core-6.6.11.Final.jar:/home/vinod/.m2/repository/jakarta/persistence/jakarta.persistence-api/3.1.0/jakarta.persistence-api-3.1.0.jar:/home/vinod/.m2/repository/jakarta/transaction/jakarta.transaction-api/2.0.1/jakarta.transaction-api-2.0.1.jar:/home/vinod/.m2/repository/org/jboss/logging/jboss-logging/3.6.1.Final/jboss-logging-3.6.1.Final.jar:/home/vinod/.m2/repository/org/hibernate/common/hibernate-commons-annotations/7.0.3.Final/hibernate-commons-annotations-7.0.3.Final.jar:/home/vinod/.m2/repository/io/smallrye/jandex/3.2.0/jandex-3.2.0.jar:/home/vinod/.m2/repository/com/fasterxml/classmate/1.7.0/classmate-1.7.0.jar:/home/vinod/.m2/repository/net/bytebuddy/byte-buddy/1.15.11/byte-buddy-1.15.11.jar:/home/vinod/.m2/repository/org/glassfish/jaxb/jaxb-runtime/4.0.5/jaxb-runtime-4.0.5.jar:/home/vinod/.m2/repository/org/glassfish/jaxb/jaxb-core/4.0.5/jaxb-core-4.0.5.jar:/home/vinod/.m2/repository/org/eclipse/angus/angus-activation/2.0.2/angus-activation-2.0.2.jar:/home/vinod/.m2/repository/org/glassfish/jaxb/txw2/4.0.5/txw2-4.0.5.jar:/home/vinod/.m2/repository/com/sun/istack/istack-commons-runtime/4.1.2/istack-commons-runtime-4.1.2.jar:/home/vinod/.m2/repository/jakarta/inject/jakarta.inject-api/2.0.1/jakarta.inject-api-2.0.1.jar:/home/vinod/.m2/repository/org/antlr/antlr4-runtime/4.13.0/antlr4-runtime-4.13.0.jar:/home/vinod/.m2/repository/org/springframework/data/spring-data-jpa/3.4.4/spring-data-jpa-3.4.4.jar:/home/vinod/.m2/repository/org/springframework/data/spring-data-commons/3.4.4/spring-data-commons-3.4.4.jar:/home/vinod/.m2/repository/org/springframework/spring-orm/6.2.5/spring-orm-6.2.5.jar:/home/vinod/.m2/repository/org/springframework/spring-context/6.2.5/spring-context-6.2.5.jar:/home/vinod/.m2/repository/org/springframework/spring-tx/6.2.5/spring-tx-6.2.5.jar:/home/vinod/.m2/repository/org/springframework/spring-beans/6.2.5/spring-beans-6.2.5.jar:/home/vinod/.m2/repository/org/slf4j/slf4j-api/2.0.17/slf4j-api-2.0.17.jar:/home/vinod/.m2/repository/org/springframework/spring-aspects/6.2.5/spring-aspects-6.2.5.jar:/home/vinod/.m2/repository/org/aspectj/aspectjweaver/1.9.23/aspectjweaver-1.9.23.jar:/home/vinod/.m2/repository/org/springframework/boot/spring-boot-starter-security/3.4.4/spring-boot-starter-security-3.4.4.jar:/home/vinod/.m2/repository/org/springframework/spring-aop/6.2.5/spring-aop-6.2.5.jar:/home/vinod/.m2/repository/org/springframework/security/spring-security-config/6.4.4/spring-security-config-6.4.4.jar:/home/vinod/.m2/repository/org/springframework/security/spring-security-web/6.4.4/spring-security-web-6.4.4.jar:/home/vinod/.m2/repository/org/springframework/spring-expression/6.2.5/spring-expression-6.2.5.jar:/home/vinod/.m2/repository/org/springframework/boot/spring-boot-starter-web/3.4.4/spring-boot-starter-web-3.4.4.jar:/home/vinod/.m2/repository/org/springframework/boot/spring-boot-starter-json/3.4.4/spring-boot-starter-json-3.4.4.jar:/home/vinod/.m2/repository/com/fasterxml/jackson/core/jackson-databind/2.18.3/jackson-databind-2.18.3.jar:/home/vinod/.m2/repository/com/fasterxml/jackson/core/jackson-annotations/2.18.3/jackson-annotations-2.18.3.jar:/home/vinod/.m2/repository/com/fasterxml/jackson/core/jackson-core/2.18.3/jackson-core-2.18.3.jar:/home/vinod/.m2/repository/com/fasterxml/jackson/datatype/jackson-datatype-jdk8/2.18.3/jackson-datatype-jdk8-2.18.3.jar:/home/vinod/.m2/repository/com/fasterxml/jackson/datatype/jackson-datatype-jsr310/2.18.3/jackson-datatype-jsr310-2.18.3.jar:/home/vinod/.m2/repository/com/fasterxml/jackson/module/jackson-module-parameter-names/2.18.3/jackson-module-parameter-names-2.18.3.jar:/home/vinod/.m2/repository/org/springframework/boot/spring-boot-starter-tomcat/3.4.4/spring-boot-starter-tomcat-3.4.4.jar:/home/vinod/.m2/repository/org/apache/tomcat/embed/tomcat-embed-core/10.1.39/tomcat-embed-core-10.1.39.jar:/home/vinod/.m2/repository/org/apache/tomcat/embed/tomcat-embed-websocket/10.1.39/tomcat-embed-websocket-10.1.39.jar:/home/vinod/.m2/repository/org/springframework/spring-web/6.2.5/spring-web-6.2.5.jar:/home/vinod/.m2/repository/io/micrometer/micrometer-observation/1.14.5/micrometer-observation-1.14.5.jar:/home/vinod/.m2/repository/io/micrometer/micrometer-commons/1.14.5/micrometer-commons-1.14.5.jar:/home/vinod/.m2/repository/org/springframework/spring-webmvc/6.2.5/spring-webmvc-6.2.5.jar:/home/vinod/.m2/repository/org/springframework/boot/spring-boot-starter-validation/3.4.4/spring-boot-starter-validation-3.4.4.jar:/home/vinod/.m2/repository/org/apache/tomcat/embed/tomcat-embed-el/10.1.39/tomcat-embed-el-10.1.39.jar:/home/vinod/.m2/repository/org/hibernate/validator/hibernate-validator/8.0.2.Final/hibernate-validator-8.0.2.Final.jar:/home/vinod/.m2/repository/jakarta/validation/jakarta.validation-api/3.0.2/jakarta.validation-api-3.0.2.jar:/home/vinod/.m2/repository/com/mysql/mysql-connector-j/9.1.0/mysql-connector-j-9.1.0.jar:/home/vinod/.m2/repository/org/springframework/boot/spring-boot-starter-test/3.4.4/spring-boot-starter-test-3.4.4.jar:/home/vinod/.m2/repository/org/springframework/boot/spring-boot-test/3.4.4/spring-boot-test-3.4.4.jar:/home/vinod/.m2/repository/org/springframework/boot/spring-boot-test-autoconfigure/3.4.4/spring-boot-test-autoconfigure-3.4.4.jar:/home/vinod/.m2/repository/com/jayway/jsonpath/json-path/2.9.0/json-path-2.9.0.jar:/home/vinod/.m2/repository/jakarta/xml/bind/jakarta.xml.bind-api/4.0.2/jakarta.xml.bind-api-4.0.2.jar:/home/vinod/.m2/repository/jakarta/activation/jakarta.activation-api/2.1.3/jakarta.activation-api-2.1.3.jar:/home/vinod/.m2/repository/net/minidev/json-smart/2.5.2/json-smart-2.5.2.jar:/home/vinod/.m2/repository/net/minidev/accessors-smart/2.5.2/accessors-smart-2.5.2.jar:/home/vinod/.m2/repository/org/ow2/asm/asm/9.7.1/asm-9.7.1.jar:/home/vinod/.m2/repository/org/assertj/assertj-core/3.26.3/assertj-core-3.26.3.jar:/home/vinod/.m2/repository/org/awaitility/awaitility/4.2.2/awaitility-4.2.2.jar:/home/vinod/.m2/repository/org/hamcrest/hamcrest/2.2/hamcrest-2.2.jar:/home/vinod/.m2/repository/org/junit/jupiter/junit-jupiter/5.11.4/junit-jupiter-5.11.4.jar:/home/vinod/.m2/repository/org/junit/jupiter/junit-jupiter-api/5.11.4/junit-jupiter-api-5.11.4.jar:/home/vinod/.m2/repository/org/opentest4j/opentest4j/1.3.0/opentest4j-1.3.0.jar:/home/vinod/.m2/repository/org/junit/platform/junit-platform-commons/1.11.4/junit-platform-commons-1.11.4.jar:/home/vinod/.m2/repository/org/apiguardian/apiguardian-api/1.1.2/apiguardian-api-1.1.2.jar:/home/vinod/.m2/repository/org/junit/jupiter/junit-jupiter-params/5.11.4/junit-jupiter-params-5.11.4.jar:/home/vinod/.m2/repository/org/junit/jupiter/junit-jupiter-engine/5.11.4/junit-jupiter-engine-5.11.4.jar:/home/vinod/.m2/repository/org/junit/platform/junit-platform-engine/1.11.4/junit-platform-engine-1.11.4.jar:/home/vinod/.m2/repository/org/mockito/mockito-core/5.14.2/mockito-core-5.14.2.jar:/home/vinod/.m2/repository/net/bytebuddy/byte-buddy-agent/1.15.11/byte-buddy-agent-1.15.11.jar:/home/vinod/.m2/repository/org/objenesis/objenesis/3.3/objenesis-3.3.jar:/home/vinod/.m2/repository/org/mockito/mockito-junit-jupiter/5.14.2/mockito-junit-jupiter-5.14.2.jar:/home/vinod/.m2/repository/org/skyscreamer/jsonassert/1.5.3/jsonassert-1.5.3.jar:/home/vinod/.m2/repository/com/vaadin/external/google/android-json/0.0.20131108.vaadin1/android-json-0.0.20131108.vaadin1.jar:/home/vinod/.m2/repository/org/springframework/spring-core/6.2.5/spring-core-6.2.5.jar:/home/vinod/.m2/repository/org/springframework/spring-jcl/6.2.5/spring-jcl-6.2.5.jar:/home/vinod/.m2/repository/org/springframework/spring-test/6.2.5/spring-test-6.2.5.jar:/home/vinod/.m2/repository/org/xmlunit/xmlunit-core/2.10.0/xmlunit-core-2.10.0.jar:/home/vinod/.m2/repository/com/h2database/h2/2.3.232/h2-2.3.232.jar:/home/vinod/.m2/repository/org/springframework/security/spring-security-test/6.4.4/spring-security-test-6.4.4.jar:/home/vinod/.m2/repository/org/springframework/security/spring-security-core/6.4.4/spring-security-core-6.4.4.jar:/home/vinod/.m2/repository/org/springframework/security/spring-security-crypto/6.4.4/spring-security-crypto-6.4.4.jar:/home/vinod/.m2/repository/org/springframework/boot/spring-boot-devtools/3.4.4/spring-boot-devtools-3.4.4.jar:/home/vinod/.m2/repository/org/springframework/boot/spring-boot/3.4.4/spring-boot-3.4.4.jar:/home/vinod/.m2/repository/org/springframework/boot/spring-boot-autoconfigure/3.4.4/spring-boot-autoconfigure-3.4.4.jar:"/>
    <property name="java.vm.vendor" value="Oracle Corporation"/>
    <property name="sun.arch.data.model" value="64"/>
    <property name="catalina.useNaming" value="false"/>
    <property name="java.vendor.url" value="https://java.oracle.com/"/>
    <property name="user.timezone" value="Asia/Kolkata"/>
    <property name="org.jboss.logging.provider" value="slf4j"/>
    <property name="os.name" value="Linux"/>
    <property name="java.vm.specification.version" value="23"/>
    <property name="sun.java.launcher" value="SUN_STANDARD"/>
    <property name="user.country" value="US"/>
    <property name="sun.boot.library.path" value="/home/vinod/.sdkman/candidates/java/23.0.1-open/lib"/>
    <property name="sun.java.command" value="/home/vinod/Desktop/projects/apis/universityapi/target/surefire/surefirebooter-20250416085222323_3.jar /home/vinod/Desktop/projects/apis/universityapi/target/surefire 2025-04-16T08-52-22_258-jvmRun1 surefire-20250416085222323_1tmp surefire_0-20250416085222323_2tmp"/>
    <property name="jdk.debug" value="release"/>
    <property name="surefire.test.class.path" value="/home/vinod/Desktop/projects/apis/universityapi/target/test-classes:/home/vinod/Desktop/projects/apis/universityapi/target/classes:/home/vinod/.m2/repository/org/springframework/boot/spring-boot-starter-data-jpa/3.4.4/spring-boot-starter-data-jpa-3.4.4.jar:/home/vinod/.m2/repository/org/springframework/boot/spring-boot-starter/3.4.4/spring-boot-starter-3.4.4.jar:/home/vinod/.m2/repository/org/springframework/boot/spring-boot-starter-logging/3.4.4/spring-boot-starter-logging-3.4.4.jar:/home/vinod/.m2/repository/ch/qos/logback/logback-classic/1.5.18/logback-classic-1.5.18.jar:/home/vinod/.m2/repository/ch/qos/logback/logback-core/1.5.18/logback-core-1.5.18.jar:/home/vinod/.m2/repository/org/apache/logging/log4j/log4j-to-slf4j/2.24.3/log4j-to-slf4j-2.24.3.jar:/home/vinod/.m2/repository/org/apache/logging/log4j/log4j-api/2.24.3/log4j-api-2.24.3.jar:/home/vinod/.m2/repository/org/slf4j/jul-to-slf4j/2.0.17/jul-to-slf4j-2.0.17.jar:/home/vinod/.m2/repository/jakarta/annotation/jakarta.annotation-api/2.1.1/jakarta.annotation-api-2.1.1.jar:/home/vinod/.m2/repository/org/yaml/snakeyaml/2.3/snakeyaml-2.3.jar:/home/vinod/.m2/repository/org/springframework/boot/spring-boot-starter-jdbc/3.4.4/spring-boot-starter-jdbc-3.4.4.jar:/home/vinod/.m2/repository/com/zaxxer/HikariCP/5.1.0/HikariCP-5.1.0.jar:/home/vinod/.m2/repository/org/springframework/spring-jdbc/6.2.5/spring-jdbc-6.2.5.jar:/home/vinod/.m2/repository/org/hibernate/orm/hibernate-core/6.6.11.Final/hibernate-core-6.6.11.Final.jar:/home/vinod/.m2/repository/jakarta/persistence/jakarta.persistence-api/3.1.0/jakarta.persistence-api-3.1.0.jar:/home/vinod/.m2/repository/jakarta/transaction/jakarta.transaction-api/2.0.1/jakarta.transaction-api-2.0.1.jar:/home/vinod/.m2/repository/org/jboss/logging/jboss-logging/3.6.1.Final/jboss-logging-3.6.1.Final.jar:/home/vinod/.m2/repository/org/hibernate/common/hibernate-commons-annotations/7.0.3.Final/hibernate-commons-annotations-7.0.3.Final.jar:/home/vinod/.m2/repository/io/smallrye/jandex/3.2.0/jandex-3.2.0.jar:/home/vinod/.m2/repository/com/fasterxml/classmate/1.7.0/classmate-1.7.0.jar:/home/vinod/.m2/repository/net/bytebuddy/byte-buddy/1.15.11/byte-buddy-1.15.11.jar:/home/vinod/.m2/repository/org/glassfish/jaxb/jaxb-runtime/4.0.5/jaxb-runtime-4.0.5.jar:/home/vinod/.m2/repository/org/glassfish/jaxb/jaxb-core/4.0.5/jaxb-core-4.0.5.jar:/home/vinod/.m2/repository/org/eclipse/angus/angus-activation/2.0.2/angus-activation-2.0.2.jar:/home/vinod/.m2/repository/org/glassfish/jaxb/txw2/4.0.5/txw2-4.0.5.jar:/home/vinod/.m2/repository/com/sun/istack/istack-commons-runtime/4.1.2/istack-commons-runtime-4.1.2.jar:/home/vinod/.m2/repository/jakarta/inject/jakarta.inject-api/2.0.1/jakarta.inject-api-2.0.1.jar:/home/vinod/.m2/repository/org/antlr/antlr4-runtime/4.13.0/antlr4-runtime-4.13.0.jar:/home/vinod/.m2/repository/org/springframework/data/spring-data-jpa/3.4.4/spring-data-jpa-3.4.4.jar:/home/vinod/.m2/repository/org/springframework/data/spring-data-commons/3.4.4/spring-data-commons-3.4.4.jar:/home/vinod/.m2/repository/org/springframework/spring-orm/6.2.5/spring-orm-6.2.5.jar:/home/vinod/.m2/repository/org/springframework/spring-context/6.2.5/spring-context-6.2.5.jar:/home/vinod/.m2/repository/org/springframework/spring-tx/6.2.5/spring-tx-6.2.5.jar:/home/vinod/.m2/repository/org/springframework/spring-beans/6.2.5/spring-beans-6.2.5.jar:/home/vinod/.m2/repository/org/slf4j/slf4j-api/2.0.17/slf4j-api-2.0.17.jar:/home/vinod/.m2/repository/org/springframework/spring-aspects/6.2.5/spring-aspects-6.2.5.jar:/home/vinod/.m2/repository/org/aspectj/aspectjweaver/1.9.23/aspectjweaver-1.9.23.jar:/home/vinod/.m2/repository/org/springframework/boot/spring-boot-starter-security/3.4.4/spring-boot-starter-security-3.4.4.jar:/home/vinod/.m2/repository/org/springframework/spring-aop/6.2.5/spring-aop-6.2.5.jar:/home/vinod/.m2/repository/org/springframework/security/spring-security-config/6.4.4/spring-security-config-6.4.4.jar:/home/vinod/.m2/repository/org/springframework/security/spring-security-web/6.4.4/spring-security-web-6.4.4.jar:/home/vinod/.m2/repository/org/springframework/spring-expression/6.2.5/spring-expression-6.2.5.jar:/home/vinod/.m2/repository/org/springframework/boot/spring-boot-starter-web/3.4.4/spring-boot-starter-web-3.4.4.jar:/home/vinod/.m2/repository/org/springframework/boot/spring-boot-starter-json/3.4.4/spring-boot-starter-json-3.4.4.jar:/home/vinod/.m2/repository/com/fasterxml/jackson/core/jackson-databind/2.18.3/jackson-databind-2.18.3.jar:/home/vinod/.m2/repository/com/fasterxml/jackson/core/jackson-annotations/2.18.3/jackson-annotations-2.18.3.jar:/home/vinod/.m2/repository/com/fasterxml/jackson/core/jackson-core/2.18.3/jackson-core-2.18.3.jar:/home/vinod/.m2/repository/com/fasterxml/jackson/datatype/jackson-datatype-jdk8/2.18.3/jackson-datatype-jdk8-2.18.3.jar:/home/vinod/.m2/repository/com/fasterxml/jackson/datatype/jackson-datatype-jsr310/2.18.3/jackson-datatype-jsr310-2.18.3.jar:/home/vinod/.m2/repository/com/fasterxml/jackson/module/jackson-module-parameter-names/2.18.3/jackson-module-parameter-names-2.18.3.jar:/home/vinod/.m2/repository/org/springframework/boot/spring-boot-starter-tomcat/3.4.4/spring-boot-starter-tomcat-3.4.4.jar:/home/vinod/.m2/repository/org/apache/tomcat/embed/tomcat-embed-core/10.1.39/tomcat-embed-core-10.1.39.jar:/home/vinod/.m2/repository/org/apache/tomcat/embed/tomcat-embed-websocket/10.1.39/tomcat-embed-websocket-10.1.39.jar:/home/vinod/.m2/repository/org/springframework/spring-web/6.2.5/spring-web-6.2.5.jar:/home/vinod/.m2/repository/io/micrometer/micrometer-observation/1.14.5/micrometer-observation-1.14.5.jar:/home/vinod/.m2/repository/io/micrometer/micrometer-commons/1.14.5/micrometer-commons-1.14.5.jar:/home/vinod/.m2/repository/org/springframework/spring-webmvc/6.2.5/spring-webmvc-6.2.5.jar:/home/vinod/.m2/repository/org/springframework/boot/spring-boot-starter-validation/3.4.4/spring-boot-starter-validation-3.4.4.jar:/home/vinod/.m2/repository/org/apache/tomcat/embed/tomcat-embed-el/10.1.39/tomcat-embed-el-10.1.39.jar:/home/vinod/.m2/repository/org/hibernate/validator/hibernate-validator/8.0.2.Final/hibernate-validator-8.0.2.Final.jar:/home/vinod/.m2/repository/jakarta/validation/jakarta.validation-api/3.0.2/jakarta.validation-api-3.0.2.jar:/home/vinod/.m2/repository/com/mysql/mysql-connector-j/9.1.0/mysql-connector-j-9.1.0.jar:/home/vinod/.m2/repository/org/springframework/boot/spring-boot-starter-test/3.4.4/spring-boot-starter-test-3.4.4.jar:/home/vinod/.m2/repository/org/springframework/boot/spring-boot-test/3.4.4/spring-boot-test-3.4.4.jar:/home/vinod/.m2/repository/org/springframework/boot/spring-boot-test-autoconfigure/3.4.4/spring-boot-test-autoconfigure-3.4.4.jar:/home/vinod/.m2/repository/com/jayway/jsonpath/json-path/2.9.0/json-path-2.9.0.jar:/home/vinod/.m2/repository/jakarta/xml/bind/jakarta.xml.bind-api/4.0.2/jakarta.xml.bind-api-4.0.2.jar:/home/vinod/.m2/repository/jakarta/activation/jakarta.activation-api/2.1.3/jakarta.activation-api-2.1.3.jar:/home/vinod/.m2/repository/net/minidev/json-smart/2.5.2/json-smart-2.5.2.jar:/home/vinod/.m2/repository/net/minidev/accessors-smart/2.5.2/accessors-smart-2.5.2.jar:/home/vinod/.m2/repository/org/ow2/asm/asm/9.7.1/asm-9.7.1.jar:/home/vinod/.m2/repository/org/assertj/assertj-core/3.26.3/assertj-core-3.26.3.jar:/home/vinod/.m2/repository/org/awaitility/awaitility/4.2.2/awaitility-4.2.2.jar:/home/vinod/.m2/repository/org/hamcrest/hamcrest/2.2/hamcrest-2.2.jar:/home/vinod/.m2/repository/org/junit/jupiter/junit-jupiter/5.11.4/junit-jupiter-5.11.4.jar:/home/vinod/.m2/repository/org/junit/jupiter/junit-jupiter-api/5.11.4/junit-jupiter-api-5.11.4.jar:/home/vinod/.m2/repository/org/opentest4j/opentest4j/1.3.0/opentest4j-1.3.0.jar:/home/vinod/.m2/repository/org/junit/platform/junit-platform-commons/1.11.4/junit-platform-commons-1.11.4.jar:/home/vinod/.m2/repository/org/apiguardian/apiguardian-api/1.1.2/apiguardian-api-1.1.2.jar:/home/vinod/.m2/repository/org/junit/jupiter/junit-jupiter-params/5.11.4/junit-jupiter-params-5.11.4.jar:/home/vinod/.m2/repository/org/junit/jupiter/junit-jupiter-engine/5.11.4/junit-jupiter-engine-5.11.4.jar:/home/vinod/.m2/repository/org/junit/platform/junit-platform-engine/1.11.4/junit-platform-engine-1.11.4.jar:/home/vinod/.m2/repository/org/mockito/mockito-core/5.14.2/mockito-core-5.14.2.jar:/home/vinod/.m2/repository/net/bytebuddy/byte-buddy-agent/1.15.11/byte-buddy-agent-1.15.11.jar:/home/vinod/.m2/repository/org/objenesis/objenesis/3.3/objenesis-3.3.jar:/home/vinod/.m2/repository/org/mockito/mockito-junit-jupiter/5.14.2/mockito-junit-jupiter-5.14.2.jar:/home/vinod/.m2/repository/org/skyscreamer/jsonassert/1.5.3/jsonassert-1.5.3.jar:/home/vinod/.m2/repository/com/vaadin/external/google/android-json/0.0.20131108.vaadin1/android-json-0.0.20131108.vaadin1.jar:/home/vinod/.m2/repository/org/springframework/spring-core/6.2.5/spring-core-6.2.5.jar:/home/vinod/.m2/repository/org/springframework/spring-jcl/6.2.5/spring-jcl-6.2.5.jar:/home/vinod/.m2/repository/org/springframework/spring-test/6.2.5/spring-test-6.2.5.jar:/home/vinod/.m2/repository/org/xmlunit/xmlunit-core/2.10.0/xmlunit-core-2.10.0.jar:/home/vinod/.m2/repository/com/h2database/h2/2.3.232/h2-2.3.232.jar:/home/vinod/.m2/repository/org/springframework/security/spring-security-test/6.4.4/spring-security-test-6.4.4.jar:/home/vinod/.m2/repository/org/springframework/security/spring-security-core/6.4.4/spring-security-core-6.4.4.jar:/home/vinod/.m2/repository/org/springframework/security/spring-security-crypto/6.4.4/spring-security-crypto-6.4.4.jar:/home/vinod/.m2/repository/org/springframework/boot/spring-boot-devtools/3.4.4/spring-boot-devtools-3.4.4.jar:/home/vinod/.m2/repository/org/springframework/boot/spring-boot/3.4.4/spring-boot-3.4.4.jar:/home/vinod/.m2/repository/org/springframework/boot/spring-boot-autoconfigure/3.4.4/spring-boot-autoconfigure-3.4.4.jar:"/>
    <property name="sun.cpu.endian" value="little"/>
    <property name="user.home" value="/home/vinod"/>
    <property name="user.language" value="en"/>
    <property name="java.specification.vendor" value="Oracle Corporation"/>
    <property name="java.version.date" value="2024-10-15"/>
    <property name="java.home" value="/home/vinod/.sdkman/candidates/java/23.0.1-open"/>
    <property name="file.separator" value="/"/>
    <property name="basedir" value="/home/vinod/Desktop/projects/apis/universityapi"/>
    <property name="java.vm.compressedOopsMode" value="Zero based"/>
    <property name="line.separator" value="&#10;"/>
    <property name="java.vm.specification.vendor" value="Oracle Corporation"/>
    <property name="java.specification.name" value="Java Platform API Specification"/>
    <property name="FILE_LOG_CHARSET" value="UTF-8"/>
    <property name="java.awt.headless" value="true"/>
    <property name="surefire.real.class.path" value="/home/vinod/Desktop/projects/apis/universityapi/target/surefire/surefirebooter-20250416085222323_3.jar"/>
    <property name="sun.management.compiler" value="HotSpot 64-Bit Tiered Compilers"/>
    <property name="java.runtime.version" value="23.0.1+11-39"/>
    <property name="user.name" value="vinod"/>
    <property name="stdout.encoding" value="UTF-8"/>
    <property name="path.separator" value=":"/>
    <property name="os.version" value="6.11.0-21-generic"/>
    <property name="java.runtime.name" value="OpenJDK Runtime Environment"/>
    <property name="file.encoding" value="UTF-8"/>
    <property name="java.vm.name" value="OpenJDK 64-Bit Server VM"/>
    <property name="localRepository" value="/home/vinod/.m2/repository"/>
    <property name="java.vendor.url.bug" value="https://bugreport.java.com/bugreport/"/>
    <property name="java.io.tmpdir" value="/tmp"/>
    <property name="idea.version" value="2024.2.3"/>
    <property name="catalina.home" value="/tmp/tomcat.0.13525791166412670841"/>
    <property name="com.zaxxer.hikari.pool_number" value="2"/>
    <property name="java.version" value="23.0.1"/>
    <property name="user.dir" value="/home/vinod/Desktop/projects/apis/universityapi"/>
    <property name="os.arch" value="amd64"/>
    <property name="java.vm.specification.name" value="Java Virtual Machine Specification"/>
    <property name="PID" value="9361"/>
    <property name="CONSOLE_LOG_CHARSET" value="UTF-8"/>
    <property name="catalina.base" value="/tmp/tomcat.0.13525791166412670841"/>
    <property name="native.encoding" value="UTF-8"/>
    <property name="java.library.path" value="/usr/java/packages/lib:/usr/lib64:/lib64:/lib:/usr/lib"/>
    <property name="java.vm.info" value="mixed mode, sharing"/>
    <property name="stderr.encoding" value="UTF-8"/>
    <property name="java.vendor" value="Oracle Corporation"/>
    <property name="java.vm.version" value="23.0.1+11-39"/>
    <property name="sun.io.unicode.encoding" value="UnicodeLittle"/>
    <property name="java.class.version" value="67.0"/>
  </properties>
  <testcase name="testAddDepartment" classname="in.rgukt.r081247.universityapi.controller.DepartmentControllerIntegrationTest" time="0.351">
    <system-out><![CDATA[&amp#27;[30m2025-04-16 08:52:28,921&amp#27;[0;39m &amp#27;[39mDEBUG&amp#27;[0;39m [&amp#27;[34mmain&amp#27;[0;39m] &amp#27;[33mo.s.t.c.s.AbstractTestContextBootstrapper&amp#27;[0;39m: Neither @ContextConfiguration nor @ContextHierarchy found for test class [DepartmentControllerIntegrationTest]: using SpringBootContextLoader
&amp#27;[30m2025-04-16 08:52:28,921&amp#27;[0;39m &amp#27;[39mDEBUG&amp#27;[0;39m [&amp#27;[34mmain&amp#27;[0;39m] &amp#27;[33mo.s.t.c.s.AbstractContextLoader&amp#27;[0;39m: Could not detect default resource locations for test class [in.rgukt.r081247.universityapi.controller.DepartmentControllerIntegrationTest]: no resource found for suffixes {-context.xml, Context.groovy}.
&amp#27;[30m2025-04-16 08:52:28,922&amp#27;[0;39m &amp#27;[39mDEBUG&amp#27;[0;39m [&amp#27;[34mmain&amp#27;[0;39m] &amp#27;[33mo.s.t.c.s.AbstractTestContextBootstrapper&amp#27;[0;39m: Using ContextCustomizerFactory implementations for test class [DepartmentControllerIntegrationTest]: [ImportsContextCustomizerFactory, ExcludeFilterContextCustomizerFactory, HttpGraphQlTesterContextCustomizerFactory, DuplicateJsonObjectContextCustomizerFactory, MockitoContextCustomizerFactory, TestRestTemplateContextCustomizerFactory, WebTestClientContextCustomizerFactory, DisableReactorResourceFactoryGlobalResourcesContextCustomizerFactory, OnFailureConditionReportContextCustomizerFactory, OverrideAutoConfigurationContextCustomizerFactory, ObservabilityContextCustomizerFactory, TypeExcludeFiltersContextCustomizerFactory, PropertyMappingContextCustomizerFactory, WebDriverContextCustomizerFactory, BeanOverrideContextCustomizerFactory, MockServerContainerContextCustomizerFactory, DynamicPropertiesContextCustomizerFactory]
&amp#27;[30m2025-04-16 08:52:28,923&amp#27;[0;39m &amp#27;[39mDEBUG&amp#27;[0;39m [&amp#27;[34mmain&amp#27;[0;39m] &amp#27;[33mo.s.t.c.s.AbstractTestContextBootstrapper&amp#27;[0;39m: Using ContextCustomizers for test class [DepartmentControllerIntegrationTest]: [ExcludeFilterContextCustomizer, DuplicateJsonObjectContextCustomizer, MockitoContextCustomizer, TestRestTemplateContextCustomizer, DisableReactorResourceFactoryGlobalResourcesContextCustomizerCustomizer, OnFailureConditionReportContextCustomizer, DisableObservabilityContextCustomizer, PropertyMappingContextCustomizer, WebDriverContextCustomizer, DynamicPropertiesContextCustomizer]
&amp#27;[30m2025-04-16 08:52:28,924&amp#27;[0;39m &amp#27;[39mDEBUG&amp#27;[0;39m [&amp#27;[34mmain&amp#27;[0;39m] &amp#27;[33mo.s.t.c.u.TestContextFailureHandler&amp#27;[0;39m: Skipping candidate TestExecutionListener [org.springframework.test.context.observation.MicrometerObservationRegistryTestExecutionListener] due to a missing dependency. Specify custom TestExecutionListener classes or make the default TestExecutionListener classes and their required dependencies available. Offending class: io.micrometer.context.ThreadLocalAccessor. MicrometerObservationRegistryTestExecutionListener requires io.micrometer:micrometer-observation:1.10.8 or higher and io.micrometer:context-propagation:1.0.3 or higher.
&amp#27;[30m2025-04-16 08:52:28,925&amp#27;[0;39m &amp#27;[39mDEBUG&amp#27;[0;39m [&amp#27;[34mmain&amp#27;[0;39m] &amp#27;[33mo.s.t.c.s.AbstractTestContextBootstrapper&amp#27;[0;39m: Using TestExecutionListeners for test class [DepartmentControllerIntegrationTest]: [ServletTestExecutionListener, DirtiesContextBeforeModesTestExecutionListener, ApplicationEventsTestExecutionListener, MockitoTestExecutionListener, BeanOverrideTestExecutionListener, DependencyInjectionTestExecutionListener, DirtiesContextTestExecutionListener, CommonCachesTestExecutionListener, TransactionalTestExecutionListener, SqlScriptsTestExecutionListener, EventPublishingTestExecutionListener, WithSecurityContextTestExecutionListener, ReactorContextTestExecutionListener, ResetMocksTestExecutionListener, RestDocsTestExecutionListener, MockRestServiceServerResetTestExecutionListener, MockMvcPrintOnlyOnFailureTestExecutionListener, WebDriverTestExecutionListener, MockWebServiceServerTestExecutionListener, MockitoResetTestExecutionListener]
&amp#27;[30m2025-04-16 08:52:28,925&amp#27;[0;39m &amp#27;[39mDEBUG&amp#27;[0;39m [&amp#27;[34mmain&amp#27;[0;39m] &amp#27;[33mo.s.t.c.s.AbstractDirtiesContextTestExecutionListener&amp#27;[0;39m: Before test class: class [DepartmentControllerIntegrationTest], class annotated with @DirtiesContext [false] with mode [null]
&amp#27;[30m2025-04-16 08:52:28,925&amp#27;[0;39m &amp#27;[39mDEBUG&amp#27;[0;39m [&amp#27;[34mmain&amp#27;[0;39m] &amp#27;[33mo.s.t.c.c.DefaultContextCache&amp#27;[0;39m: Spring test ApplicationContext cache statistics: [DefaultContextCache@7e7f72 size = 3, maxSize = 32, parentContextCount = 0, hitCount = 153, missCount = 3, failureCount = 0]
&amp#27;[30m2025-04-16 08:52:28,926&amp#27;[0;39m &amp#27;[39mDEBUG&amp#27;[0;39m [&amp#27;[34mmain&amp#27;[0;39m] &amp#27;[33mo.s.t.c.s.DependencyInjectionTestExecutionListener&amp#27;[0;39m: Performing dependency injection for test class in.rgukt.r081247.universityapi.controller.DepartmentControllerIntegrationTest
&amp#27;[30m2025-04-16 08:52:28,927&amp#27;[0;39m &amp#27;[39mDEBUG&amp#27;[0;39m [&amp#27;[34mmain&amp#27;[0;39m] &amp#27;[33mo.s.t.c.c.DefaultContextCache&amp#27;[0;39m: Spring test ApplicationContext cache statistics: [DefaultContextCache@7e7f72 size = 3, maxSize = 32, parentContextCount = 0, hitCount = 154, missCount = 3, failureCount = 0]
&amp#27;[30m2025-04-16 08:52:28,928&amp#27;[0;39m &amp#27;[39mDEBUG&amp#27;[0;39m [&amp#27;[34mmain&amp#27;[0;39m] &amp#27;[33mo.s.c.e.PropertySourcesPropertyResolver&amp#27;[0;39m: Found key 'local.server.port' in PropertySource 'environmentProperties' with value of type String
&amp#27;[30m2025-04-16 08:52:28,930&amp#27;[0;39m &amp#27;[39mDEBUG&amp#27;[0;39m [&amp#27;[34mmain&amp#27;[0;39m] &amp#27;[33mo.s.t.c.c.DefaultContextCache&amp#27;[0;39m: Spring test ApplicationContext cache statistics: [DefaultContextCache@7e7f72 size = 3, maxSize = 32, parentContextCount = 0, hitCount = 155, missCount = 3, failureCount = 0]
&amp#27;[30m2025-04-16 08:52:28,932&amp#27;[0;39m &amp#27;[39mDEBUG&amp#27;[0;39m [&amp#27;[34mmain&amp#27;[0;39m] &amp#27;[33mo.s.t.c.s.AbstractDirtiesContextTestExecutionListener&amp#27;[0;39m: Before test method: class [DepartmentControllerIntegrationTest], method [testAddDepartment], class annotated with @DirtiesContext [false] with mode [null], method annotated with @DirtiesContext [false] with mode [null]
&amp#27;[30m2025-04-16 08:52:28,932&amp#27;[0;39m &amp#27;[39mDEBUG&amp#27;[0;39m [&amp#27;[34mmain&amp#27;[0;39m] &amp#27;[33mo.s.t.c.t.TransactionalTestExecutionListener&amp#27;[0;39m: Explicit transaction definition [PROPAGATION_REQUIRED,ISOLATION_DEFAULT] found for test class [in.rgukt.r081247.universityapi.controller.DepartmentControllerIntegrationTest] and test method [testAddDepartment]
&amp#27;[30m2025-04-16 08:52:28,932&amp#27;[0;39m &amp#27;[39mDEBUG&amp#27;[0;39m [&amp#27;[34mmain&amp#27;[0;39m] &amp#27;[33mo.s.t.c.c.DefaultContextCache&amp#27;[0;39m: Spring test ApplicationContext cache statistics: [DefaultContextCache@7e7f72 size = 3, maxSize = 32, parentContextCount = 0, hitCount = 156, missCount = 3, failureCount = 0]
&amp#27;[30m2025-04-16 08:52:28,934&amp#27;[0;39m &amp#27;[39mDEBUG&amp#27;[0;39m [&amp#27;[34mmain&amp#27;[0;39m] &amp#27;[33mo.s.t.c.t.TransactionalTestExecutionListener&amp#27;[0;39m: Method-level @Rollback(true) overrides default rollback [true] for test method [public void in.rgukt.r081247.universityapi.controller.DepartmentControllerIntegrationTest.testAddDepartment() throws java.lang.Exception]
&amp#27;[30m2025-04-16 08:52:28,935&amp#27;[0;39m &amp#27;[39mDEBUG&amp#27;[0;39m [&amp#27;[34mmain&amp#27;[0;39m] &amp#27;[33mo.s.t.s.AbstractPlatformTransactionManager&amp#27;[0;39m: Creating new transaction with name [in.rgukt.r081247.universityapi.controller.DepartmentControllerIntegrationTest.testAddDepartment]: PROPAGATION_REQUIRED,ISOLATION_DEFAULT
&amp#27;[30m2025-04-16 08:52:28,935&amp#27;[0;39m &amp#27;[39mDEBUG&amp#27;[0;39m [&amp#27;[34mmain&amp#27;[0;39m] &amp#27;[33mo.s.o.j.JpaTransactionManager&amp#27;[0;39m: Opened new EntityManager [SessionImpl(1808214710<open>)] for JPA transaction
&amp#27;[30m2025-04-16 08:52:28,935&amp#27;[0;39m &amp#27;[39mDEBUG&amp#27;[0;39m [&amp#27;[34mmain&amp#27;[0;39m] &amp#27;[33mo.h.e.t.i.TransactionImpl&amp#27;[0;39m: On TransactionImpl creation, JpaCompliance#isJpaTransactionComplianceEnabled == false
&amp#27;[30m2025-04-16 08:52:28,935&amp#27;[0;39m &amp#27;[39mDEBUG&amp#27;[0;39m [&amp#27;[34mmain&amp#27;[0;39m] &amp#27;[33mo.h.e.t.i.TransactionImpl&amp#27;[0;39m: begin
&amp#27;[30m2025-04-16 08:52:28,935&amp#27;[0;39m &amp#27;[39mDEBUG&amp#27;[0;39m [&amp#27;[34mmain&amp#27;[0;39m] &amp#27;[33mo.s.o.j.JpaTransactionManager&amp#27;[0;39m: Exposing JPA transaction as JDBC [org.springframework.orm.jpa.vendor.HibernateJpaDialect$HibernateConnectionHandle@7ce299c6]
&amp#27;[30m2025-04-16 08:52:28,935&amp#27;[0;39m &amp#27;[39mDEBUG&amp#27;[0;39m [&amp#27;[34mmain&amp#27;[0;39m] &amp#27;[33mo.s.t.c.t.TransactionContext&amp#27;[0;39m: Began transaction (1) for test class [in.rgukt.r081247.universityapi.controller.DepartmentControllerIntegrationTest]; test method [testAddDepartment]; transaction manager [org.springframework.orm.jpa.JpaTransactionManager@140e003e]; rollback [true]
&amp#27;[30m2025-04-16 08:52:28,936&amp#27;[0;39m &amp#27;[39mDEBUG&amp#27;[0;39m [&amp#27;[34mmain&amp#27;[0;39m] &amp#27;[33mo.s.t.c.c.DefaultContextCache&amp#27;[0;39m: Spring test ApplicationContext cache statistics: [DefaultContextCache@7e7f72 size = 3, maxSize = 32, parentContextCount = 0, hitCount = 157, missCount = 3, failureCount = 0]
&amp#27;[30m2025-04-16 08:52:28,936&amp#27;[0;39m &amp#27;[39mDEBUG&amp#27;[0;39m [&amp#27;[34mmain&amp#27;[0;39m] &amp#27;[33mo.s.t.c.c.DefaultContextCache&amp#27;[0;39m: Spring test ApplicationContext cache statistics: [DefaultContextCache@7e7f72 size = 3, maxSize = 32, parentContextCount = 0, hitCount = 158, missCount = 3, failureCount = 0]
&amp#27;[30m2025-04-16 08:52:28,937&amp#27;[0;39m &amp#27;[39mDEBUG&amp#27;[0;39m [&amp#27;[34mmain&amp#27;[0;39m] &amp#27;[33mo.s.t.c.c.DefaultContextCache&amp#27;[0;39m: Spring test ApplicationContext cache statistics: [DefaultContextCache@7e7f72 size = 3, maxSize = 32, parentContextCount = 0, hitCount = 159, missCount = 3, failureCount = 0]
&amp#27;[30m2025-04-16 08:52:28,937&amp#27;[0;39m &amp#27;[39mDEBUG&amp#27;[0;39m [&amp#27;[34mmain&amp#27;[0;39m] &amp#27;[33mo.s.t.c.c.DefaultContextCache&amp#27;[0;39m: Spring test ApplicationContext cache statistics: [DefaultContextCache@7e7f72 size = 3, maxSize = 32, parentContextCount = 0, hitCount = 160, missCount = 3, failureCount = 0]
&amp#27;[30m2025-04-16 08:52:28,971&amp#27;[0;39m &amp#27;[39mDEBUG&amp#27;[0;39m [&amp#27;[34mmain&amp#27;[0;39m] &amp#27;[33mo.s.c.l.CompositeLog&amp#27;[0;39m: HTTP POST http://localhost:44493/api/departments
&amp#27;[30m2025-04-16 08:52:28,974&amp#27;[0;39m &amp#27;[39mDEBUG&amp#27;[0;39m [&amp#27;[34mmain&amp#27;[0;39m] &amp#27;[33mi.m.c.u.i.l.InternalLoggerFactory&amp#27;[0;39m: Using SLF4J as the default logging framework
&amp#27;[30m2025-04-16 08:52:28,990&amp#27;[0;39m &amp#27;[39mDEBUG&amp#27;[0;39m [&amp#27;[34mmain&amp#27;[0;39m] &amp#27;[33mo.s.c.l.CompositeLog&amp#27;[0;39m: Accept=[application/json, application/*+json]
&amp#27;[30m2025-04-16 08:52:28,991&amp#27;[0;39m &amp#27;[39mDEBUG&amp#27;[0;39m [&amp#27;[34mmain&amp#27;[0;39m] &amp#27;[33mo.s.c.l.CompositeLog&amp#27;[0;39m: Writing [Department{id=null, name='Mathematics'}] with org.springframework.http.converter.json.MappingJackson2HttpMessageConverter
&amp#27;[30m2025-04-16 08:52:29,062&amp#27;[0;39m &amp#27;[34mINFO &amp#27;[0;39m [&amp#27;[34mhttp-nio-auto-1-exec-1&amp#27;[0;39m] &amp#27;[33mo.a.j.l.DirectJDKLog&amp#27;[0;39m: Initializing Spring DispatcherServlet 'dispatcherServlet'
&amp#27;[30m2025-04-16 08:52:29,063&amp#27;[0;39m &amp#27;[34mINFO &amp#27;[0;39m [&amp#27;[34mhttp-nio-auto-1-exec-1&amp#27;[0;39m] &amp#27;[33mo.s.w.s.FrameworkServlet&amp#27;[0;39m: Initializing Servlet 'dispatcherServlet'
&amp#27;[30m2025-04-16 08:52:29,063&amp#27;[0;39m &amp#27;[39mDEBUG&amp#27;[0;39m [&amp#27;[34mhttp-nio-auto-1-exec-1&amp#27;[0;39m] &amp#27;[33mo.s.w.s.DispatcherServlet&amp#27;[0;39m: Detected StandardServletMultipartResolver
&amp#27;[30m2025-04-16 08:52:29,063&amp#27;[0;39m &amp#27;[39mDEBUG&amp#27;[0;39m [&amp#27;[34mhttp-nio-auto-1-exec-1&amp#27;[0;39m] &amp#27;[33mo.s.w.s.DispatcherServlet&amp#27;[0;39m: Detected AcceptHeaderLocaleResolver
&amp#27;[30m2025-04-16 08:52:29,063&amp#27;[0;39m &amp#27;[39mDEBUG&amp#27;[0;39m [&amp#27;[34mhttp-nio-auto-1-exec-1&amp#27;[0;39m] &amp#27;[33mo.s.w.s.DispatcherServlet&amp#27;[0;39m: Detected FixedThemeResolver
&amp#27;[30m2025-04-16 08:52:29,064&amp#27;[0;39m &amp#27;[39mDEBUG&amp#27;[0;39m [&amp#27;[34mhttp-nio-auto-1-exec-1&amp#27;[0;39m] &amp#27;[33mo.s.w.s.DispatcherServlet&amp#27;[0;39m: Detected org.springframework.web.servlet.view.DefaultRequestToViewNameTranslator@1400984b
&amp#27;[30m2025-04-16 08:52:29,064&amp#27;[0;39m &amp#27;[39mDEBUG&amp#27;[0;39m [&amp#27;[34mhttp-nio-auto-1-exec-1&amp#27;[0;39m] &amp#27;[33mo.s.w.s.DispatcherServlet&amp#27;[0;39m: Detected org.springframework.web.servlet.support.SessionFlashMapManager@466c39de
&amp#27;[30m2025-04-16 08:52:29,064&amp#27;[0;39m &amp#27;[39mDEBUG&amp#27;[0;39m [&amp#27;[34mhttp-nio-auto-1-exec-1&amp#27;[0;39m] &amp#27;[33mo.s.w.s.FrameworkServlet&amp#27;[0;39m: enableLoggingRequestDetails='false': request parameters and headers will be masked to prevent unsafe logging of potentially sensitive data
&amp#27;[30m2025-04-16 08:52:29,064&amp#27;[0;39m &amp#27;[34mINFO &amp#27;[0;39m [&amp#27;[34mhttp-nio-auto-1-exec-1&amp#27;[0;39m] &amp#27;[33mo.s.w.s.FrameworkServlet&amp#27;[0;39m: Completed initialization in 1 ms
&amp#27;[30m2025-04-16 08:52:29,074&amp#27;[0;39m &amp#27;[39mDEBUG&amp#27;[0;39m [&amp#27;[34mhttp-nio-auto-1-exec-1&amp#27;[0;39m] &amp#27;[33mo.s.s.w.FilterChainProxy&amp#27;[0;39m: Securing POST /api/departments
&amp#27;[30m2025-04-16 08:52:29,201&amp#27;[0;39m &amp#27;[39mDEBUG&amp#27;[0;39m [&amp#27;[34mhttp-nio-auto-1-exec-1&amp#27;[0;39m] &amp#27;[33mo.s.s.a.d.AbstractUserDetailsAuthenticationProvider&amp#27;[0;39m: Authenticated user
&amp#27;[30m2025-04-16 08:52:29,202&amp#27;[0;39m &amp#27;[39mDEBUG&amp#27;[0;39m [&amp#27;[34mhttp-nio-auto-1-exec-1&amp#27;[0;39m] &amp#27;[33mo.s.s.w.a.w.BasicAuthenticationFilter&amp#27;[0;39m: Set SecurityContextHolder to UsernamePasswordAuthenticationToken [Principal=org.springframework.security.core.userdetails.User [Username=admin, Password=[PROTECTED], Enabled=true, AccountNonExpired=true, CredentialsNonExpired=true, AccountNonLocked=true, Granted Authorities=[ROLE_ADMIN]], Credentials=[PROTECTED], Authenticated=true, Details=WebAuthenticationDetails [RemoteIpAddress=127.0.0.1, SessionId=null], Granted Authorities=[ROLE_ADMIN]]
&amp#27;[30m2025-04-16 08:52:29,204&amp#27;[0;39m &amp#27;[39mDEBUG&amp#27;[0;39m [&amp#27;[34mhttp-nio-auto-1-exec-1&amp#27;[0;39m] &amp#27;[33mo.s.s.w.FilterChainProxy&amp#27;[0;39m: Secured POST /api/departments
&amp#27;[30m2025-04-16 08:52:29,206&amp#27;[0;39m &amp#27;[39mDEBUG&amp#27;[0;39m [&amp#27;[34mhttp-nio-auto-1-exec-1&amp#27;[0;39m] &amp#27;[33mo.s.c.l.LogFormatUtils&amp#27;[0;39m: POST "/api/departments", parameters={}
&amp#27;[30m2025-04-16 08:52:29,208&amp#27;[0;39m &amp#27;[39mDEBUG&amp#27;[0;39m [&amp#27;[34mhttp-nio-auto-1-exec-1&amp#27;[0;39m] &amp#27;[33mo.s.w.s.h.AbstractHandlerMapping&amp#27;[0;39m: Mapped to in.rgukt.r081247.universityapi.controller.DepartmentController#addDepartment(Department)
&amp#27;[30m2025-04-16 08:52:29,208&amp#27;[0;39m &amp#27;[39mDEBUG&amp#27;[0;39m [&amp#27;[34mhttp-nio-auto-1-exec-1&amp#27;[0;39m] &amp#27;[33mo.s.o.j.s.OpenEntityManagerInViewInterceptor&amp#27;[0;39m: Opening JPA EntityManager in OpenEntityManagerInViewInterceptor
&amp#27;[30m2025-04-16 08:52:29,226&amp#27;[0;39m &amp#27;[39mDEBUG&amp#27;[0;39m [&amp#27;[34mhttp-nio-auto-1-exec-1&amp#27;[0;39m] &amp#27;[33mo.s.c.l.LogFormatUtils&amp#27;[0;39m: Read "application/json;charset=UTF-8" to [Department{id=null, name='Mathematics'}]
&amp#27;[30m2025-04-16 08:52:29,235&amp#27;[0;39m &amp#27;[39mDEBUG&amp#27;[0;39m [&amp#27;[34mhttp-nio-auto-1-exec-1&amp#27;[0;39m] &amp#27;[33mo.s.s.a.m.AuthorizationManagerBeforeMethodInterceptor&amp#27;[0;39m: Authorizing method invocation ReflectiveMethodInvocation: public in.rgukt.r081247.universityapi.entity.Department in.rgukt.r081247.universityapi.service.DepartmentService.addDepartment(in.rgukt.r081247.universityapi.entity.Department); target is of class [in.rgukt.r081247.universityapi.service.DepartmentService]
&amp#27;[30m2025-04-16 08:52:29,235&amp#27;[0;39m &amp#27;[39mDEBUG&amp#27;[0;39m [&amp#27;[34mhttp-nio-auto-1-exec-1&amp#27;[0;39m] &amp#27;[33mo.s.s.a.m.AuthorizationManagerBeforeMethodInterceptor&amp#27;[0;39m: Authorized method invocation ReflectiveMethodInvocation: public in.rgukt.r081247.universityapi.entity.Department in.rgukt.r081247.universityapi.service.DepartmentService.addDepartment(in.rgukt.r081247.universityapi.entity.Department); target is of class [in.rgukt.r081247.universityapi.service.DepartmentService]
&amp#27;[30m2025-04-16 08:52:29,236&amp#27;[0;39m &amp#27;[39mDEBUG&amp#27;[0;39m [&amp#27;[34mhttp-nio-auto-1-exec-1&amp#27;[0;39m] &amp#27;[33mo.s.o.j.JpaTransactionManager&amp#27;[0;39m: Found thread-bound EntityManager [SessionImpl(1418362744<open>)] for JPA transaction
&amp#27;[30m2025-04-16 08:52:29,236&amp#27;[0;39m &amp#27;[39mDEBUG&amp#27;[0;39m [&amp#27;[34mhttp-nio-auto-1-exec-1&amp#27;[0;39m] &amp#27;[33mo.s.t.s.AbstractPlatformTransactionManager&amp#27;[0;39m: Creating new transaction with name [in.rgukt.r081247.universityapi.service.DepartmentService.addDepartment]: PROPAGATION_REQUIRED,ISOLATION_DEFAULT
&amp#27;[30m2025-04-16 08:52:29,236&amp#27;[0;39m &amp#27;[39mDEBUG&amp#27;[0;39m [&amp#27;[34mhttp-nio-auto-1-exec-1&amp#27;[0;39m] &amp#27;[33mo.h.e.t.i.TransactionImpl&amp#27;[0;39m: On TransactionImpl creation, JpaCompliance#isJpaTransactionComplianceEnabled == false
&amp#27;[30m2025-04-16 08:52:29,236&amp#27;[0;39m &amp#27;[39mDEBUG&amp#27;[0;39m [&amp#27;[34mhttp-nio-auto-1-exec-1&amp#27;[0;39m] &amp#27;[33mo.h.e.t.i.TransactionImpl&amp#27;[0;39m: begin
&amp#27;[30m2025-04-16 08:52:29,236&amp#27;[0;39m &amp#27;[39mDEBUG&amp#27;[0;39m [&amp#27;[34mhttp-nio-auto-1-exec-1&amp#27;[0;39m] &amp#27;[33mo.s.o.j.JpaTransactionManager&amp#27;[0;39m: Exposing JPA transaction as JDBC [org.springframework.orm.jpa.vendor.HibernateJpaDialect$HibernateConnectionHandle@6d3adc54]
&amp#27;[30m2025-04-16 08:52:29,237&amp#27;[0;39m &amp#27;[39mDEBUG&amp#27;[0;39m [&amp#27;[34mhttp-nio-auto-1-exec-1&amp#27;[0;39m] &amp#27;[33mo.s.o.j.JpaTransactionManager&amp#27;[0;39m: Found thread-bound EntityManager [SessionImpl(1418362744<open>)] for JPA transaction
&amp#27;[30m2025-04-16 08:52:29,237&amp#27;[0;39m &amp#27;[39mDEBUG&amp#27;[0;39m [&amp#27;[34mhttp-nio-auto-1-exec-1&amp#27;[0;39m] &amp#27;[33mo.s.t.s.AbstractPlatformTransactionManager&amp#27;[0;39m: Participating in existing transaction
&amp#27;[30m2025-04-16 08:52:29,237&amp#27;[0;39m &amp#27;[39mDEBUG&amp#27;[0;39m [&amp#27;[34mhttp-nio-auto-1-exec-1&amp#27;[0;39m] &amp#27;[33mo.h.j.i.PersistenceUnitUtilImpl&amp#27;[0;39m: jakarta.persistence.PersistenceUnitUtil.getIdentifier is only intended to work with enhanced entities (although Hibernate also adapts this support to its proxies); however the passed entity was not enhanced (nor a proxy).. may not be able to read identifier
&amp#27;[30m2025-04-16 08:52:29,238&amp#27;[0;39m &amp#27;[39mDEBUG&amp#27;[0;39m [&amp#27;[34mhttp-nio-auto-1-exec-1&amp#27;[0;39m] &amp#27;[33mo.h.e.s.ActionQueue&amp#27;[0;39m: Executing identity-insert immediately
&amp#27;[30m2025-04-16 08:52:29,239&amp#27;[0;39m &amp#27;[39mDEBUG&amp#27;[0;39m [&amp#27;[34mhttp-nio-auto-1-exec-1&amp#27;[0;39m] &amp#27;[33mo.h.e.j.s.SqlStatementLogger&amp#27;[0;39m: 
    insert 
    into
        department
        (name, id) 
    values
        (?, default)
&amp#27;[30m2025-04-16 08:52:29,243&amp#27;[0;39m &amp#27;[39mDEBUG&amp#27;[0;39m [&amp#27;[34mhttp-nio-auto-1-exec-1&amp#27;[0;39m] &amp#27;[33mo.h.s.r.i.NavigablePathMapToInitializer&amp#27;[0;39m: Initializer list is empty
&amp#27;[30m2025-04-16 08:52:29,243&amp#27;[0;39m &amp#27;[39mDEBUG&amp#27;[0;39m [&amp#27;[34mhttp-nio-auto-1-exec-1&amp#27;[0;39m] &amp#27;[33mo.h.g.v.i.GeneratedValuesHelper&amp#27;[0;39m: Extracted generated values [in.rgukt.r081247.universityapi.entity.Department]: [Ljava.lang.Object;@6ed15452
&amp#27;[30m2025-04-16 08:52:29,244&amp#27;[0;39m &amp#27;[39mDEBUG&amp#27;[0;39m [&amp#27;[34mhttp-nio-auto-1-exec-1&amp#27;[0;39m] &amp#27;[33mo.s.t.s.AbstractPlatformTransactionManager&amp#27;[0;39m: Initiating transaction commit
&amp#27;[30m2025-04-16 08:52:29,244&amp#27;[0;39m &amp#27;[39mDEBUG&amp#27;[0;39m [&amp#27;[34mhttp-nio-auto-1-exec-1&amp#27;[0;39m] &amp#27;[33mo.s.o.j.JpaTransactionManager&amp#27;[0;39m: Committing JPA transaction on EntityManager [SessionImpl(1418362744<open>)]
&amp#27;[30m2025-04-16 08:52:29,244&amp#27;[0;39m &amp#27;[39mDEBUG&amp#27;[0;39m [&amp#27;[34mhttp-nio-auto-1-exec-1&amp#27;[0;39m] &amp#27;[33mo.h.e.t.i.TransactionImpl&amp#27;[0;39m: committing
&amp#27;[30m2025-04-16 08:52:29,245&amp#27;[0;39m &amp#27;[39mDEBUG&amp#27;[0;39m [&amp#27;[34mhttp-nio-auto-1-exec-1&amp#27;[0;39m] &amp#27;[33mo.h.e.i.AbstractFlushingEventListener&amp#27;[0;39m: Processing flush-time cascades
&amp#27;[30m2025-04-16 08:52:29,245&amp#27;[0;39m &amp#27;[39mDEBUG&amp#27;[0;39m [&amp#27;[34mhttp-nio-auto-1-exec-1&amp#27;[0;39m] &amp#27;[33mo.h.e.i.AbstractFlushingEventListener&amp#27;[0;39m: Dirty checking collections
&amp#27;[30m2025-04-16 08:52:29,247&amp#27;[0;39m &amp#27;[39mDEBUG&amp#27;[0;39m [&amp#27;[34mhttp-nio-auto-1-exec-1&amp#27;[0;39m] &amp#27;[33mo.h.e.i.Collections&amp#27;[0;39m: Collection found: [in.rgukt.r081247.universityapi.entity.Department.courses#1], was: [<unreferenced>] (initialized)
&amp#27;[30m2025-04-16 08:52:29,249&amp#27;[0;39m &amp#27;[39mDEBUG&amp#27;[0;39m [&amp#27;[34mhttp-nio-auto-1-exec-1&amp#27;[0;39m] &amp#27;[33mo.h.e.i.AbstractFlushingEventListener&amp#27;[0;39m: Flushed: 0 insertions, 0 updates, 0 deletions to 1 objects
&amp#27;[30m2025-04-16 08:52:29,249&amp#27;[0;39m &amp#27;[39mDEBUG&amp#27;[0;39m [&amp#27;[34mhttp-nio-auto-1-exec-1&amp#27;[0;39m] &amp#27;[33mo.h.e.i.AbstractFlushingEventListener&amp#27;[0;39m: Flushed: 1 (re)creations, 0 updates, 0 removals to 1 collections
&amp#27;[30m2025-04-16 08:52:29,250&amp#27;[0;39m &amp#27;[39mDEBUG&amp#27;[0;39m [&amp#27;[34mhttp-nio-auto-1-exec-1&amp#27;[0;39m] &amp#27;[33mo.h.i.u.EntityPrinter&amp#27;[0;39m: Listing entities:
&amp#27;[30m2025-04-16 08:52:29,250&amp#27;[0;39m &amp#27;[39mDEBUG&amp#27;[0;39m [&amp#27;[34mhttp-nio-auto-1-exec-1&amp#27;[0;39m] &amp#27;[33mo.h.i.u.EntityPrinter&amp#27;[0;39m: in.rgukt.r081247.universityapi.entity.Department{courses=[], name=Mathematics, id=1}
&amp#27;[30m2025-04-16 08:52:29,252&amp#27;[0;39m &amp#27;[39mDEBUG&amp#27;[0;39m [&amp#27;[34mhttp-nio-auto-1-exec-1&amp#27;[0;39m] &amp#27;[33mo.s.o.j.JpaTransactionManager&amp#27;[0;39m: Not closing pre-bound JPA EntityManager after transaction
&amp#27;[30m2025-04-16 08:52:29,255&amp#27;[0;39m &amp#27;[39mDEBUG&amp#27;[0;39m [&amp#27;[34mhttp-nio-auto-1-exec-1&amp#27;[0;39m] &amp#27;[33mo.s.w.s.m.m.a.AbstractMessageConverterMethodProcessor&amp#27;[0;39m: Using 'application/json', given [application/json, application/*+json] and supported [application/json]
&amp#27;[30m2025-04-16 08:52:29,255&amp#27;[0;39m &amp#27;[39mDEBUG&amp#27;[0;39m [&amp#27;[34mhttp-nio-auto-1-exec-1&amp#27;[0;39m] &amp#27;[33mo.s.c.l.LogFormatUtils&amp#27;[0;39m: Writing [Department{id=1, name='Mathematics'}]
&amp#27;[30m2025-04-16 08:52:29,258&amp#27;[0;39m &amp#27;[39mDEBUG&amp#27;[0;39m [&amp#27;[34mhttp-nio-auto-1-exec-1&amp#27;[0;39m] &amp#27;[33mo.s.o.j.s.OpenEntityManagerInViewInterceptor&amp#27;[0;39m: Closing JPA EntityManager in OpenEntityManagerInViewInterceptor
&amp#27;[30m2025-04-16 08:52:29,259&amp#27;[0;39m &amp#27;[39mDEBUG&amp#27;[0;39m [&amp#27;[34mhttp-nio-auto-1-exec-1&amp#27;[0;39m] &amp#27;[33mo.s.w.s.FrameworkServlet&amp#27;[0;39m: Completed 201 CREATED
&amp#27;[30m2025-04-16 08:52:29,272&amp#27;[0;39m &amp#27;[39mDEBUG&amp#27;[0;39m [&amp#27;[34mmain&amp#27;[0;39m] &amp#27;[33mo.s.c.l.CompositeLog&amp#27;[0;39m: Response 201 CREATED
&amp#27;[30m2025-04-16 08:52:29,273&amp#27;[0;39m &amp#27;[39mDEBUG&amp#27;[0;39m [&amp#27;[34mmain&amp#27;[0;39m] &amp#27;[33mo.s.c.l.CompositeLog&amp#27;[0;39m: Reading to [in.rgukt.r081247.universityapi.entity.Department]
response: Department{id=1, name='Mathematics'}
input: Department{id=null, name='Mathematics'}
DepartmentControllerIntegrationTest.testAddDepartment()
&amp#27;[30m2025-04-16 08:52:29,278&amp#27;[0;39m &amp#27;[39mDEBUG&amp#27;[0;39m [&amp#27;[34mmain&amp#27;[0;39m] &amp#27;[33mo.s.t.c.c.DefaultContextCache&amp#27;[0;39m: Spring test ApplicationContext cache statistics: [DefaultContextCache@7e7f72 size = 3, maxSize = 32, parentContextCount = 0, hitCount = 161, missCount = 3, failureCount = 0]
&amp#27;[30m2025-04-16 08:52:29,278&amp#27;[0;39m &amp#27;[39mDEBUG&amp#27;[0;39m [&amp#27;[34mmain&amp#27;[0;39m] &amp#27;[33mo.s.t.c.c.DefaultContextCache&amp#27;[0;39m: Spring test ApplicationContext cache statistics: [DefaultContextCache@7e7f72 size = 3, maxSize = 32, parentContextCount = 0, hitCount = 162, missCount = 3, failureCount = 0]
&amp#27;[30m2025-04-16 08:52:29,279&amp#27;[0;39m &amp#27;[39mDEBUG&amp#27;[0;39m [&amp#27;[34mmain&amp#27;[0;39m] &amp#27;[33mo.s.t.c.c.DefaultContextCache&amp#27;[0;39m: Spring test ApplicationContext cache statistics: [DefaultContextCache@7e7f72 size = 3, maxSize = 32, parentContextCount = 0, hitCount = 163, missCount = 3, failureCount = 0]
&amp#27;[30m2025-04-16 08:52:29,279&amp#27;[0;39m &amp#27;[39mDEBUG&amp#27;[0;39m [&amp#27;[34mmain&amp#27;[0;39m] &amp#27;[33mo.s.t.c.c.DefaultContextCache&amp#27;[0;39m: Spring test ApplicationContext cache statistics: [DefaultContextCache@7e7f72 size = 3, maxSize = 32, parentContextCount = 0, hitCount = 164, missCount = 3, failureCount = 0]
&amp#27;[30m2025-04-16 08:52:29,279&amp#27;[0;39m &amp#27;[39mDEBUG&amp#27;[0;39m [&amp#27;[34mmain&amp#27;[0;39m] &amp#27;[33mo.s.t.c.c.DefaultContextCache&amp#27;[0;39m: Spring test ApplicationContext cache statistics: [DefaultContextCache@7e7f72 size = 3, maxSize = 32, parentContextCount = 0, hitCount = 165, missCount = 3, failureCount = 0]
&amp#27;[30m2025-04-16 08:52:29,280&amp#27;[0;39m &amp#27;[39mDEBUG&amp#27;[0;39m [&amp#27;[34mmain&amp#27;[0;39m] &amp#27;[33mo.s.t.c.c.DefaultContextCache&amp#27;[0;39m: Spring test ApplicationContext cache statistics: [DefaultContextCache@7e7f72 size = 3, maxSize = 32, parentContextCount = 0, hitCount = 166, missCount = 3, failureCount = 0]
&amp#27;[30m2025-04-16 08:52:29,280&amp#27;[0;39m &amp#27;[39mDEBUG&amp#27;[0;39m [&amp#27;[34mmain&amp#27;[0;39m] &amp#27;[33mo.s.t.c.c.DefaultContextCache&amp#27;[0;39m: Spring test ApplicationContext cache statistics: [DefaultContextCache@7e7f72 size = 3, maxSize = 32, parentContextCount = 0, hitCount = 167, missCount = 3, failureCount = 0]
&amp#27;[30m2025-04-16 08:52:29,280&amp#27;[0;39m &amp#27;[39mDEBUG&amp#27;[0;39m [&amp#27;[34mmain&amp#27;[0;39m] &amp#27;[33mo.s.t.c.c.DefaultContextCache&amp#27;[0;39m: Spring test ApplicationContext cache statistics: [DefaultContextCache@7e7f72 size = 3, maxSize = 32, parentContextCount = 0, hitCount = 168, missCount = 3, failureCount = 0]
&amp#27;[30m2025-04-16 08:52:29,281&amp#27;[0;39m &amp#27;[39mDEBUG&amp#27;[0;39m [&amp#27;[34mmain&amp#27;[0;39m] &amp#27;[33mo.s.t.s.AbstractPlatformTransactionManager&amp#27;[0;39m: Initiating transaction rollback
&amp#27;[30m2025-04-16 08:52:29,281&amp#27;[0;39m &amp#27;[39mDEBUG&amp#27;[0;39m [&amp#27;[34mmain&amp#27;[0;39m] &amp#27;[33mo.s.o.j.JpaTransactionManager&amp#27;[0;39m: Rolling back JPA transaction on EntityManager [SessionImpl(1808214710<open>)]
&amp#27;[30m2025-04-16 08:52:29,281&amp#27;[0;39m &amp#27;[39mDEBUG&amp#27;[0;39m [&amp#27;[34mmain&amp#27;[0;39m] &amp#27;[33mo.h.e.t.i.TransactionImpl&amp#27;[0;39m: rolling back
&amp#27;[30m2025-04-16 08:52:29,281&amp#27;[0;39m &amp#27;[39mDEBUG&amp#27;[0;39m [&amp#27;[34mmain&amp#27;[0;39m] &amp#27;[33mo.s.o.j.JpaTransactionManager&amp#27;[0;39m: Closing JPA EntityManager [SessionImpl(1808214710<open>)] after transaction
&amp#27;[30m2025-04-16 08:52:29,281&amp#27;[0;39m &amp#27;[39mDEBUG&amp#27;[0;39m [&amp#27;[34mmain&amp#27;[0;39m] &amp#27;[33mo.s.t.c.t.TransactionContext&amp#27;[0;39m: Rolled back transaction (1) for test class [in.rgukt.r081247.universityapi.controller.DepartmentControllerIntegrationTest]; test method [testAddDepartment]
&amp#27;[30m2025-04-16 08:52:29,281&amp#27;[0;39m &amp#27;[39mDEBUG&amp#27;[0;39m [&amp#27;[34mmain&amp#27;[0;39m] &amp#27;[33mo.s.t.c.s.AbstractDirtiesContextTestExecutionListener&amp#27;[0;39m: After test method: class [DepartmentControllerIntegrationTest], method [testAddDepartment], class annotated with @DirtiesContext [false] with mode [null], method annotated with @DirtiesContext [false] with mode [null]
]]></system-out>
  </testcase>
  <testcase name="testGetDepartmentById" classname="in.rgukt.r081247.universityapi.controller.DepartmentControllerIntegrationTest" time="0.157">
    <system-out><![CDATA[&amp#27;[30m2025-04-16 08:52:29,283&amp#27;[0;39m &amp#27;[39mDEBUG&amp#27;[0;39m [&amp#27;[34mmain&amp#27;[0;39m] &amp#27;[33mo.s.t.c.s.DependencyInjectionTestExecutionListener&amp#27;[0;39m: Performing dependency injection for test class in.rgukt.r081247.universityapi.controller.DepartmentControllerIntegrationTest
&amp#27;[30m2025-04-16 08:52:29,283&amp#27;[0;39m &amp#27;[39mDEBUG&amp#27;[0;39m [&amp#27;[34mmain&amp#27;[0;39m] &amp#27;[33mo.s.t.c.c.DefaultContextCache&amp#27;[0;39m: Spring test ApplicationContext cache statistics: [DefaultContextCache@7e7f72 size = 3, maxSize = 32, parentContextCount = 0, hitCount = 169, missCount = 3, failureCount = 0]
&amp#27;[30m2025-04-16 08:52:29,283&amp#27;[0;39m &amp#27;[39mDEBUG&amp#27;[0;39m [&amp#27;[34mmain&amp#27;[0;39m] &amp#27;[33mo.s.c.e.PropertySourcesPropertyResolver&amp#27;[0;39m: Found key 'local.server.port' in PropertySource 'environmentProperties' with value of type String
&amp#27;[30m2025-04-16 08:52:29,284&amp#27;[0;39m &amp#27;[39mDEBUG&amp#27;[0;39m [&amp#27;[34mmain&amp#27;[0;39m] &amp#27;[33mo.s.t.c.c.DefaultContextCache&amp#27;[0;39m: Spring test ApplicationContext cache statistics: [DefaultContextCache@7e7f72 size = 3, maxSize = 32, parentContextCount = 0, hitCount = 170, missCount = 3, failureCount = 0]
&amp#27;[30m2025-04-16 08:52:29,285&amp#27;[0;39m &amp#27;[39mDEBUG&amp#27;[0;39m [&amp#27;[34mmain&amp#27;[0;39m] &amp#27;[33mo.s.t.c.s.AbstractDirtiesContextTestExecutionListener&amp#27;[0;39m: Before test method: class [DepartmentControllerIntegrationTest], method [testGetDepartmentById], class annotated with @DirtiesContext [false] with mode [null], method annotated with @DirtiesContext [false] with mode [null]
&amp#27;[30m2025-04-16 08:52:29,285&amp#27;[0;39m &amp#27;[39mDEBUG&amp#27;[0;39m [&amp#27;[34mmain&amp#27;[0;39m] &amp#27;[33mo.s.t.c.t.TransactionalTestExecutionListener&amp#27;[0;39m: Explicit transaction definition [PROPAGATION_REQUIRED,ISOLATION_DEFAULT] found for test class [in.rgukt.r081247.universityapi.controller.DepartmentControllerIntegrationTest] and test method [testGetDepartmentById]
&amp#27;[30m2025-04-16 08:52:29,285&amp#27;[0;39m &amp#27;[39mDEBUG&amp#27;[0;39m [&amp#27;[34mmain&amp#27;[0;39m] &amp#27;[33mo.s.t.c.c.DefaultContextCache&amp#27;[0;39m: Spring test ApplicationContext cache statistics: [DefaultContextCache@7e7f72 size = 3, maxSize = 32, parentContextCount = 0, hitCount = 171, missCount = 3, failureCount = 0]
&amp#27;[30m2025-04-16 08:52:29,285&amp#27;[0;39m &amp#27;[39mDEBUG&amp#27;[0;39m [&amp#27;[34mmain&amp#27;[0;39m] &amp#27;[33mo.s.t.c.t.TransactionalTestExecutionListener&amp#27;[0;39m: No method-level @Rollback override: using default rollback [true] for test method [public void in.rgukt.r081247.universityapi.controller.DepartmentControllerIntegrationTest.testGetDepartmentById() throws java.lang.Exception]
&amp#27;[30m2025-04-16 08:52:29,286&amp#27;[0;39m &amp#27;[39mDEBUG&amp#27;[0;39m [&amp#27;[34mmain&amp#27;[0;39m] &amp#27;[33mo.s.t.s.AbstractPlatformTransactionManager&amp#27;[0;39m: Creating new transaction with name [in.rgukt.r081247.universityapi.controller.DepartmentControllerIntegrationTest.testGetDepartmentById]: PROPAGATION_REQUIRED,ISOLATION_DEFAULT
&amp#27;[30m2025-04-16 08:52:29,286&amp#27;[0;39m &amp#27;[39mDEBUG&amp#27;[0;39m [&amp#27;[34mmain&amp#27;[0;39m] &amp#27;[33mo.s.o.j.JpaTransactionManager&amp#27;[0;39m: Opened new EntityManager [SessionImpl(2075832626<open>)] for JPA transaction
&amp#27;[30m2025-04-16 08:52:29,286&amp#27;[0;39m &amp#27;[39mDEBUG&amp#27;[0;39m [&amp#27;[34mmain&amp#27;[0;39m] &amp#27;[33mo.h.e.t.i.TransactionImpl&amp#27;[0;39m: On TransactionImpl creation, JpaCompliance#isJpaTransactionComplianceEnabled == false
&amp#27;[30m2025-04-16 08:52:29,286&amp#27;[0;39m &amp#27;[39mDEBUG&amp#27;[0;39m [&amp#27;[34mmain&amp#27;[0;39m] &amp#27;[33mo.h.e.t.i.TransactionImpl&amp#27;[0;39m: begin
&amp#27;[30m2025-04-16 08:52:29,286&amp#27;[0;39m &amp#27;[39mDEBUG&amp#27;[0;39m [&amp#27;[34mmain&amp#27;[0;39m] &amp#27;[33mo.s.o.j.JpaTransactionManager&amp#27;[0;39m: Exposing JPA transaction as JDBC [org.springframework.orm.jpa.vendor.HibernateJpaDialect$HibernateConnectionHandle@697c9218]
&amp#27;[30m2025-04-16 08:52:29,286&amp#27;[0;39m &amp#27;[39mDEBUG&amp#27;[0;39m [&amp#27;[34mmain&amp#27;[0;39m] &amp#27;[33mo.s.t.c.t.TransactionContext&amp#27;[0;39m: Began transaction (1) for test class [in.rgukt.r081247.universityapi.controller.DepartmentControllerIntegrationTest]; test method [testGetDepartmentById]; transaction manager [org.springframework.orm.jpa.JpaTransactionManager@140e003e]; rollback [true]
&amp#27;[30m2025-04-16 08:52:29,286&amp#27;[0;39m &amp#27;[39mDEBUG&amp#27;[0;39m [&amp#27;[34mmain&amp#27;[0;39m] &amp#27;[33mo.s.t.c.c.DefaultContextCache&amp#27;[0;39m: Spring test ApplicationContext cache statistics: [DefaultContextCache@7e7f72 size = 3, maxSize = 32, parentContextCount = 0, hitCount = 172, missCount = 3, failureCount = 0]
&amp#27;[30m2025-04-16 08:52:29,287&amp#27;[0;39m &amp#27;[39mDEBUG&amp#27;[0;39m [&amp#27;[34mmain&amp#27;[0;39m] &amp#27;[33mo.s.t.c.c.DefaultContextCache&amp#27;[0;39m: Spring test ApplicationContext cache statistics: [DefaultContextCache@7e7f72 size = 3, maxSize = 32, parentContextCount = 0, hitCount = 173, missCount = 3, failureCount = 0]
&amp#27;[30m2025-04-16 08:52:29,287&amp#27;[0;39m &amp#27;[39mDEBUG&amp#27;[0;39m [&amp#27;[34mmain&amp#27;[0;39m] &amp#27;[33mo.s.t.c.c.DefaultContextCache&amp#27;[0;39m: Spring test ApplicationContext cache statistics: [DefaultContextCache@7e7f72 size = 3, maxSize = 32, parentContextCount = 0, hitCount = 174, missCount = 3, failureCount = 0]
&amp#27;[30m2025-04-16 08:52:29,288&amp#27;[0;39m &amp#27;[39mDEBUG&amp#27;[0;39m [&amp#27;[34mmain&amp#27;[0;39m] &amp#27;[33mo.s.t.c.c.DefaultContextCache&amp#27;[0;39m: Spring test ApplicationContext cache statistics: [DefaultContextCache@7e7f72 size = 3, maxSize = 32, parentContextCount = 0, hitCount = 175, missCount = 3, failureCount = 0]
&amp#27;[30m2025-04-16 08:52:29,289&amp#27;[0;39m &amp#27;[39mDEBUG&amp#27;[0;39m [&amp#27;[34mmain&amp#27;[0;39m] &amp#27;[33mo.s.c.l.CompositeLog&amp#27;[0;39m: HTTP POST http://localhost:44493/api/departments
&amp#27;[30m2025-04-16 08:52:29,289&amp#27;[0;39m &amp#27;[39mDEBUG&amp#27;[0;39m [&amp#27;[34mmain&amp#27;[0;39m] &amp#27;[33mo.s.c.l.CompositeLog&amp#27;[0;39m: Accept=[application/json, application/*+json]
&amp#27;[30m2025-04-16 08:52:29,289&amp#27;[0;39m &amp#27;[39mDEBUG&amp#27;[0;39m [&amp#27;[34mmain&amp#27;[0;39m] &amp#27;[33mo.s.c.l.CompositeLog&amp#27;[0;39m: Writing [Department{id=null, name='Test Dept'}] with org.springframework.http.converter.json.MappingJackson2HttpMessageConverter
&amp#27;[30m2025-04-16 08:52:29,292&amp#27;[0;39m &amp#27;[39mDEBUG&amp#27;[0;39m [&amp#27;[34mhttp-nio-auto-1-exec-2&amp#27;[0;39m] &amp#27;[33mo.s.s.w.FilterChainProxy&amp#27;[0;39m: Securing POST /api/departments
&amp#27;[30m2025-04-16 08:52:29,348&amp#27;[0;39m &amp#27;[39mDEBUG&amp#27;[0;39m [&amp#27;[34mhttp-nio-auto-1-exec-2&amp#27;[0;39m] &amp#27;[33mo.s.s.a.d.AbstractUserDetailsAuthenticationProvider&amp#27;[0;39m: Authenticated user
&amp#27;[30m2025-04-16 08:52:29,349&amp#27;[0;39m &amp#27;[39mDEBUG&amp#27;[0;39m [&amp#27;[34mhttp-nio-auto-1-exec-2&amp#27;[0;39m] &amp#27;[33mo.s.s.w.a.w.BasicAuthenticationFilter&amp#27;[0;39m: Set SecurityContextHolder to UsernamePasswordAuthenticationToken [Principal=org.springframework.security.core.userdetails.User [Username=admin, Password=[PROTECTED], Enabled=true, AccountNonExpired=true, CredentialsNonExpired=true, AccountNonLocked=true, Granted Authorities=[ROLE_ADMIN]], Credentials=[PROTECTED], Authenticated=true, Details=WebAuthenticationDetails [RemoteIpAddress=127.0.0.1, SessionId=null], Granted Authorities=[ROLE_ADMIN]]
&amp#27;[30m2025-04-16 08:52:29,349&amp#27;[0;39m &amp#27;[39mDEBUG&amp#27;[0;39m [&amp#27;[34mhttp-nio-auto-1-exec-2&amp#27;[0;39m] &amp#27;[33mo.s.s.w.FilterChainProxy&amp#27;[0;39m: Secured POST /api/departments
&amp#27;[30m2025-04-16 08:52:29,349&amp#27;[0;39m &amp#27;[39mDEBUG&amp#27;[0;39m [&amp#27;[34mhttp-nio-auto-1-exec-2&amp#27;[0;39m] &amp#27;[33mo.s.c.l.LogFormatUtils&amp#27;[0;39m: POST "/api/departments", parameters={}
&amp#27;[30m2025-04-16 08:52:29,349&amp#27;[0;39m &amp#27;[39mDEBUG&amp#27;[0;39m [&amp#27;[34mhttp-nio-auto-1-exec-2&amp#27;[0;39m] &amp#27;[33mo.s.w.s.h.AbstractHandlerMapping&amp#27;[0;39m: Mapped to in.rgukt.r081247.universityapi.controller.DepartmentController#addDepartment(Department)
&amp#27;[30m2025-04-16 08:52:29,349&amp#27;[0;39m &amp#27;[39mDEBUG&amp#27;[0;39m [&amp#27;[34mhttp-nio-auto-1-exec-2&amp#27;[0;39m] &amp#27;[33mo.s.o.j.s.OpenEntityManagerInViewInterceptor&amp#27;[0;39m: Opening JPA EntityManager in OpenEntityManagerInViewInterceptor
&amp#27;[30m2025-04-16 08:52:29,350&amp#27;[0;39m &amp#27;[39mDEBUG&amp#27;[0;39m [&amp#27;[34mhttp-nio-auto-1-exec-2&amp#27;[0;39m] &amp#27;[33mo.s.c.l.LogFormatUtils&amp#27;[0;39m: Read "application/json;charset=UTF-8" to [Department{id=null, name='Test Dept'}]
&amp#27;[30m2025-04-16 08:52:29,350&amp#27;[0;39m &amp#27;[39mDEBUG&amp#27;[0;39m [&amp#27;[34mhttp-nio-auto-1-exec-2&amp#27;[0;39m] &amp#27;[33mo.s.s.a.m.AuthorizationManagerBeforeMethodInterceptor&amp#27;[0;39m: Authorizing method invocation ReflectiveMethodInvocation: public in.rgukt.r081247.universityapi.entity.Department in.rgukt.r081247.universityapi.service.DepartmentService.addDepartment(in.rgukt.r081247.universityapi.entity.Department); target is of class [in.rgukt.r081247.universityapi.service.DepartmentService]
&amp#27;[30m2025-04-16 08:52:29,350&amp#27;[0;39m &amp#27;[39mDEBUG&amp#27;[0;39m [&amp#27;[34mhttp-nio-auto-1-exec-2&amp#27;[0;39m] &amp#27;[33mo.s.s.a.m.AuthorizationManagerBeforeMethodInterceptor&amp#27;[0;39m: Authorized method invocation ReflectiveMethodInvocation: public in.rgukt.r081247.universityapi.entity.Department in.rgukt.r081247.universityapi.service.DepartmentService.addDepartment(in.rgukt.r081247.universityapi.entity.Department); target is of class [in.rgukt.r081247.universityapi.service.DepartmentService]
&amp#27;[30m2025-04-16 08:52:29,350&amp#27;[0;39m &amp#27;[39mDEBUG&amp#27;[0;39m [&amp#27;[34mhttp-nio-auto-1-exec-2&amp#27;[0;39m] &amp#27;[33mo.s.o.j.JpaTransactionManager&amp#27;[0;39m: Found thread-bound EntityManager [SessionImpl(1162328053<open>)] for JPA transaction
&amp#27;[30m2025-04-16 08:52:29,350&amp#27;[0;39m &amp#27;[39mDEBUG&amp#27;[0;39m [&amp#27;[34mhttp-nio-auto-1-exec-2&amp#27;[0;39m] &amp#27;[33mo.s.t.s.AbstractPlatformTransactionManager&amp#27;[0;39m: Creating new transaction with name [in.rgukt.r081247.universityapi.service.DepartmentService.addDepartment]: PROPAGATION_REQUIRED,ISOLATION_DEFAULT
&amp#27;[30m2025-04-16 08:52:29,350&amp#27;[0;39m &amp#27;[39mDEBUG&amp#27;[0;39m [&amp#27;[34mhttp-nio-auto-1-exec-2&amp#27;[0;39m] &amp#27;[33mo.h.e.t.i.TransactionImpl&amp#27;[0;39m: On TransactionImpl creation, JpaCompliance#isJpaTransactionComplianceEnabled == false
&amp#27;[30m2025-04-16 08:52:29,351&amp#27;[0;39m &amp#27;[39mDEBUG&amp#27;[0;39m [&amp#27;[34mhttp-nio-auto-1-exec-2&amp#27;[0;39m] &amp#27;[33mo.h.e.t.i.TransactionImpl&amp#27;[0;39m: begin
&amp#27;[30m2025-04-16 08:52:29,351&amp#27;[0;39m &amp#27;[39mDEBUG&amp#27;[0;39m [&amp#27;[34mhttp-nio-auto-1-exec-2&amp#27;[0;39m] &amp#27;[33mo.s.o.j.JpaTransactionManager&amp#27;[0;39m: Exposing JPA transaction as JDBC [org.springframework.orm.jpa.vendor.HibernateJpaDialect$HibernateConnectionHandle@41782b85]
&amp#27;[30m2025-04-16 08:52:29,351&amp#27;[0;39m &amp#27;[39mDEBUG&amp#27;[0;39m [&amp#27;[34mhttp-nio-auto-1-exec-2&amp#27;[0;39m] &amp#27;[33mo.s.o.j.JpaTransactionManager&amp#27;[0;39m: Found thread-bound EntityManager [SessionImpl(1162328053<open>)] for JPA transaction
&amp#27;[30m2025-04-16 08:52:29,351&amp#27;[0;39m &amp#27;[39mDEBUG&amp#27;[0;39m [&amp#27;[34mhttp-nio-auto-1-exec-2&amp#27;[0;39m] &amp#27;[33mo.s.t.s.AbstractPlatformTransactionManager&amp#27;[0;39m: Participating in existing transaction
&amp#27;[30m2025-04-16 08:52:29,351&amp#27;[0;39m &amp#27;[39mDEBUG&amp#27;[0;39m [&amp#27;[34mhttp-nio-auto-1-exec-2&amp#27;[0;39m] &amp#27;[33mo.h.j.i.PersistenceUnitUtilImpl&amp#27;[0;39m: jakarta.persistence.PersistenceUnitUtil.getIdentifier is only intended to work with enhanced entities (although Hibernate also adapts this support to its proxies); however the passed entity was not enhanced (nor a proxy).. may not be able to read identifier
&amp#27;[30m2025-04-16 08:52:29,351&amp#27;[0;39m &amp#27;[39mDEBUG&amp#27;[0;39m [&amp#27;[34mhttp-nio-auto-1-exec-2&amp#27;[0;39m] &amp#27;[33mo.h.e.s.ActionQueue&amp#27;[0;39m: Executing identity-insert immediately
&amp#27;[30m2025-04-16 08:52:29,351&amp#27;[0;39m &amp#27;[39mDEBUG&amp#27;[0;39m [&amp#27;[34mhttp-nio-auto-1-exec-2&amp#27;[0;39m] &amp#27;[33mo.h.e.j.s.SqlStatementLogger&amp#27;[0;39m: 
    insert 
    into
        department
        (name, id) 
    values
        (?, default)
&amp#27;[30m2025-04-16 08:52:29,352&amp#27;[0;39m &amp#27;[39mDEBUG&amp#27;[0;39m [&amp#27;[34mhttp-nio-auto-1-exec-2&amp#27;[0;39m] &amp#27;[33mo.h.s.r.i.NavigablePathMapToInitializer&amp#27;[0;39m: Initializer list is empty
&amp#27;[30m2025-04-16 08:52:29,352&amp#27;[0;39m &amp#27;[39mDEBUG&amp#27;[0;39m [&amp#27;[34mhttp-nio-auto-1-exec-2&amp#27;[0;39m] &amp#27;[33mo.h.g.v.i.GeneratedValuesHelper&amp#27;[0;39m: Extracted generated values [in.rgukt.r081247.universityapi.entity.Department]: [Ljava.lang.Object;@601b5a65
&amp#27;[30m2025-04-16 08:52:29,352&amp#27;[0;39m &amp#27;[39mDEBUG&amp#27;[0;39m [&amp#27;[34mhttp-nio-auto-1-exec-2&amp#27;[0;39m] &amp#27;[33mo.s.t.s.AbstractPlatformTransactionManager&amp#27;[0;39m: Initiating transaction commit
&amp#27;[30m2025-04-16 08:52:29,352&amp#27;[0;39m &amp#27;[39mDEBUG&amp#27;[0;39m [&amp#27;[34mhttp-nio-auto-1-exec-2&amp#27;[0;39m] &amp#27;[33mo.s.o.j.JpaTransactionManager&amp#27;[0;39m: Committing JPA transaction on EntityManager [SessionImpl(1162328053<open>)]
&amp#27;[30m2025-04-16 08:52:29,353&amp#27;[0;39m &amp#27;[39mDEBUG&amp#27;[0;39m [&amp#27;[34mhttp-nio-auto-1-exec-2&amp#27;[0;39m] &amp#27;[33mo.h.e.t.i.TransactionImpl&amp#27;[0;39m: committing
&amp#27;[30m2025-04-16 08:52:29,353&amp#27;[0;39m &amp#27;[39mDEBUG&amp#27;[0;39m [&amp#27;[34mhttp-nio-auto-1-exec-2&amp#27;[0;39m] &amp#27;[33mo.h.e.i.AbstractFlushingEventListener&amp#27;[0;39m: Processing flush-time cascades
&amp#27;[30m2025-04-16 08:52:29,353&amp#27;[0;39m &amp#27;[39mDEBUG&amp#27;[0;39m [&amp#27;[34mhttp-nio-auto-1-exec-2&amp#27;[0;39m] &amp#27;[33mo.h.e.i.AbstractFlushingEventListener&amp#27;[0;39m: Dirty checking collections
&amp#27;[30m2025-04-16 08:52:29,353&amp#27;[0;39m &amp#27;[39mDEBUG&amp#27;[0;39m [&amp#27;[34mhttp-nio-auto-1-exec-2&amp#27;[0;39m] &amp#27;[33mo.h.e.i.Collections&amp#27;[0;39m: Collection found: [in.rgukt.r081247.universityapi.entity.Department.courses#2], was: [<unreferenced>] (initialized)
&amp#27;[30m2025-04-16 08:52:29,353&amp#27;[0;39m &amp#27;[39mDEBUG&amp#27;[0;39m [&amp#27;[34mhttp-nio-auto-1-exec-2&amp#27;[0;39m] &amp#27;[33mo.h.e.i.AbstractFlushingEventListener&amp#27;[0;39m: Flushed: 0 insertions, 0 updates, 0 deletions to 1 objects
&amp#27;[30m2025-04-16 08:52:29,353&amp#27;[0;39m &amp#27;[39mDEBUG&amp#27;[0;39m [&amp#27;[34mhttp-nio-auto-1-exec-2&amp#27;[0;39m] &amp#27;[33mo.h.e.i.AbstractFlushingEventListener&amp#27;[0;39m: Flushed: 1 (re)creations, 0 updates, 0 removals to 1 collections
&amp#27;[30m2025-04-16 08:52:29,353&amp#27;[0;39m &amp#27;[39mDEBUG&amp#27;[0;39m [&amp#27;[34mhttp-nio-auto-1-exec-2&amp#27;[0;39m] &amp#27;[33mo.h.i.u.EntityPrinter&amp#27;[0;39m: Listing entities:
&amp#27;[30m2025-04-16 08:52:29,353&amp#27;[0;39m &amp#27;[39mDEBUG&amp#27;[0;39m [&amp#27;[34mhttp-nio-auto-1-exec-2&amp#27;[0;39m] &amp#27;[33mo.h.i.u.EntityPrinter&amp#27;[0;39m: in.rgukt.r081247.universityapi.entity.Department{courses=[], name=Test Dept, id=2}
&amp#27;[30m2025-04-16 08:52:29,354&amp#27;[0;39m &amp#27;[39mDEBUG&amp#27;[0;39m [&amp#27;[34mhttp-nio-auto-1-exec-2&amp#27;[0;39m] &amp#27;[33mo.s.o.j.JpaTransactionManager&amp#27;[0;39m: Not closing pre-bound JPA EntityManager after transaction
&amp#27;[30m2025-04-16 08:52:29,354&amp#27;[0;39m &amp#27;[39mDEBUG&amp#27;[0;39m [&amp#27;[34mhttp-nio-auto-1-exec-2&amp#27;[0;39m] &amp#27;[33mo.s.w.s.m.m.a.AbstractMessageConverterMethodProcessor&amp#27;[0;39m: Using 'application/json', given [application/json, application/*+json] and supported [application/json]
&amp#27;[30m2025-04-16 08:52:29,354&amp#27;[0;39m &amp#27;[39mDEBUG&amp#27;[0;39m [&amp#27;[34mhttp-nio-auto-1-exec-2&amp#27;[0;39m] &amp#27;[33mo.s.c.l.LogFormatUtils&amp#27;[0;39m: Writing [Department{id=2, name='Test Dept'}]
&amp#27;[30m2025-04-16 08:52:29,355&amp#27;[0;39m &amp#27;[39mDEBUG&amp#27;[0;39m [&amp#27;[34mhttp-nio-auto-1-exec-2&amp#27;[0;39m] &amp#27;[33mo.s.o.j.s.OpenEntityManagerInViewInterceptor&amp#27;[0;39m: Closing JPA EntityManager in OpenEntityManagerInViewInterceptor
&amp#27;[30m2025-04-16 08:52:29,355&amp#27;[0;39m &amp#27;[39mDEBUG&amp#27;[0;39m [&amp#27;[34mhttp-nio-auto-1-exec-2&amp#27;[0;39m] &amp#27;[33mo.s.w.s.FrameworkServlet&amp#27;[0;39m: Completed 201 CREATED
&amp#27;[30m2025-04-16 08:52:29,355&amp#27;[0;39m &amp#27;[39mDEBUG&amp#27;[0;39m [&amp#27;[34mmain&amp#27;[0;39m] &amp#27;[33mo.s.c.l.CompositeLog&amp#27;[0;39m: Response 201 CREATED
&amp#27;[30m2025-04-16 08:52:29,356&amp#27;[0;39m &amp#27;[39mDEBUG&amp#27;[0;39m [&amp#27;[34mmain&amp#27;[0;39m] &amp#27;[33mo.s.c.l.CompositeLog&amp#27;[0;39m: Reading to [in.rgukt.r081247.universityapi.entity.Department]
&amp#27;[30m2025-04-16 08:52:29,356&amp#27;[0;39m &amp#27;[39mDEBUG&amp#27;[0;39m [&amp#27;[34mmain&amp#27;[0;39m] &amp#27;[33mo.s.c.l.CompositeLog&amp#27;[0;39m: HTTP GET http://localhost:44493/api/departments/2
&amp#27;[30m2025-04-16 08:52:29,357&amp#27;[0;39m &amp#27;[39mDEBUG&amp#27;[0;39m [&amp#27;[34mmain&amp#27;[0;39m] &amp#27;[33mo.s.c.l.CompositeLog&amp#27;[0;39m: Accept=[application/json, application/*+json]
&amp#27;[30m2025-04-16 08:52:29,359&amp#27;[0;39m &amp#27;[39mDEBUG&amp#27;[0;39m [&amp#27;[34mhttp-nio-auto-1-exec-3&amp#27;[0;39m] &amp#27;[33mo.s.s.w.FilterChainProxy&amp#27;[0;39m: Securing GET /api/departments/2
&amp#27;[30m2025-04-16 08:52:29,421&amp#27;[0;39m &amp#27;[39mDEBUG&amp#27;[0;39m [&amp#27;[34mhttp-nio-auto-1-exec-3&amp#27;[0;39m] &amp#27;[33mo.s.s.a.d.AbstractUserDetailsAuthenticationProvider&amp#27;[0;39m: Authenticated user
&amp#27;[30m2025-04-16 08:52:29,421&amp#27;[0;39m &amp#27;[39mDEBUG&amp#27;[0;39m [&amp#27;[34mhttp-nio-auto-1-exec-3&amp#27;[0;39m] &amp#27;[33mo.s.s.w.a.w.BasicAuthenticationFilter&amp#27;[0;39m: Set SecurityContextHolder to UsernamePasswordAuthenticationToken [Principal=org.springframework.security.core.userdetails.User [Username=admin, Password=[PROTECTED], Enabled=true, AccountNonExpired=true, CredentialsNonExpired=true, AccountNonLocked=true, Granted Authorities=[ROLE_ADMIN]], Credentials=[PROTECTED], Authenticated=true, Details=WebAuthenticationDetails [RemoteIpAddress=127.0.0.1, SessionId=null], Granted Authorities=[ROLE_ADMIN]]
&amp#27;[30m2025-04-16 08:52:29,421&amp#27;[0;39m &amp#27;[39mDEBUG&amp#27;[0;39m [&amp#27;[34mhttp-nio-auto-1-exec-3&amp#27;[0;39m] &amp#27;[33mo.s.s.w.FilterChainProxy&amp#27;[0;39m: Secured GET /api/departments/2
&amp#27;[30m2025-04-16 08:52:29,421&amp#27;[0;39m &amp#27;[39mDEBUG&amp#27;[0;39m [&amp#27;[34mhttp-nio-auto-1-exec-3&amp#27;[0;39m] &amp#27;[33mo.s.c.l.LogFormatUtils&amp#27;[0;39m: GET "/api/departments/2", parameters={}
&amp#27;[30m2025-04-16 08:52:29,422&amp#27;[0;39m &amp#27;[39mDEBUG&amp#27;[0;39m [&amp#27;[34mhttp-nio-auto-1-exec-3&amp#27;[0;39m] &amp#27;[33mo.s.w.s.h.AbstractHandlerMapping&amp#27;[0;39m: Mapped to in.rgukt.r081247.universityapi.controller.DepartmentController#getDepartment(Long)
&amp#27;[30m2025-04-16 08:52:29,422&amp#27;[0;39m &amp#27;[39mDEBUG&amp#27;[0;39m [&amp#27;[34mhttp-nio-auto-1-exec-3&amp#27;[0;39m] &amp#27;[33mo.s.o.j.s.OpenEntityManagerInViewInterceptor&amp#27;[0;39m: Opening JPA EntityManager in OpenEntityManagerInViewInterceptor
&amp#27;[30m2025-04-16 08:52:29,423&amp#27;[0;39m &amp#27;[39mDEBUG&amp#27;[0;39m [&amp#27;[34mhttp-nio-auto-1-exec-3&amp#27;[0;39m] &amp#27;[33mo.s.s.a.m.AuthorizationManagerBeforeMethodInterceptor&amp#27;[0;39m: Authorizing method invocation ReflectiveMethodInvocation: public in.rgukt.r081247.universityapi.entity.Department in.rgukt.r081247.universityapi.service.DepartmentService.getDepartmentById(java.lang.Long); target is of class [in.rgukt.r081247.universityapi.service.DepartmentService]
&amp#27;[30m2025-04-16 08:52:29,423&amp#27;[0;39m &amp#27;[39mDEBUG&amp#27;[0;39m [&amp#27;[34mhttp-nio-auto-1-exec-3&amp#27;[0;39m] &amp#27;[33mo.s.s.a.m.AuthorizationManagerBeforeMethodInterceptor&amp#27;[0;39m: Authorized method invocation ReflectiveMethodInvocation: public in.rgukt.r081247.universityapi.entity.Department in.rgukt.r081247.universityapi.service.DepartmentService.getDepartmentById(java.lang.Long); target is of class [in.rgukt.r081247.universityapi.service.DepartmentService]
&amp#27;[30m2025-04-16 08:52:29,423&amp#27;[0;39m &amp#27;[39mDEBUG&amp#27;[0;39m [&amp#27;[34mhttp-nio-auto-1-exec-3&amp#27;[0;39m] &amp#27;[33mo.s.o.j.JpaTransactionManager&amp#27;[0;39m: Found thread-bound EntityManager [SessionImpl(960621698<open>)] for JPA transaction
&amp#27;[30m2025-04-16 08:52:29,423&amp#27;[0;39m &amp#27;[39mDEBUG&amp#27;[0;39m [&amp#27;[34mhttp-nio-auto-1-exec-3&amp#27;[0;39m] &amp#27;[33mo.s.t.s.AbstractPlatformTransactionManager&amp#27;[0;39m: Creating new transaction with name [in.rgukt.r081247.universityapi.service.DepartmentService.getDepartmentById]: PROPAGATION_REQUIRED,ISOLATION_DEFAULT
&amp#27;[30m2025-04-16 08:52:29,423&amp#27;[0;39m &amp#27;[39mDEBUG&amp#27;[0;39m [&amp#27;[34mhttp-nio-auto-1-exec-3&amp#27;[0;39m] &amp#27;[33mo.h.e.t.i.TransactionImpl&amp#27;[0;39m: On TransactionImpl creation, JpaCompliance#isJpaTransactionComplianceEnabled == false
&amp#27;[30m2025-04-16 08:52:29,423&amp#27;[0;39m &amp#27;[39mDEBUG&amp#27;[0;39m [&amp#27;[34mhttp-nio-auto-1-exec-3&amp#27;[0;39m] &amp#27;[33mo.h.e.t.i.TransactionImpl&amp#27;[0;39m: begin
&amp#27;[30m2025-04-16 08:52:29,423&amp#27;[0;39m &amp#27;[39mDEBUG&amp#27;[0;39m [&amp#27;[34mhttp-nio-auto-1-exec-3&amp#27;[0;39m] &amp#27;[33mo.s.o.j.JpaTransactionManager&amp#27;[0;39m: Exposing JPA transaction as JDBC [org.springframework.orm.jpa.vendor.HibernateJpaDialect$HibernateConnectionHandle@26214ca3]
&amp#27;[30m2025-04-16 08:52:29,423&amp#27;[0;39m &amp#27;[39mDEBUG&amp#27;[0;39m [&amp#27;[34mhttp-nio-auto-1-exec-3&amp#27;[0;39m] &amp#27;[33mo.s.o.j.JpaTransactionManager&amp#27;[0;39m: Found thread-bound EntityManager [SessionImpl(960621698<open>)] for JPA transaction
&amp#27;[30m2025-04-16 08:52:29,423&amp#27;[0;39m &amp#27;[39mDEBUG&amp#27;[0;39m [&amp#27;[34mhttp-nio-auto-1-exec-3&amp#27;[0;39m] &amp#27;[33mo.s.t.s.AbstractPlatformTransactionManager&amp#27;[0;39m: Participating in existing transaction
&amp#27;[30m2025-04-16 08:52:29,428&amp#27;[0;39m &amp#27;[39mDEBUG&amp#27;[0;39m [&amp#27;[34mhttp-nio-auto-1-exec-3&amp#27;[0;39m] &amp#27;[33mo.h.s.e.i.JdbcSelectExecutorStandardImpl&amp#27;[0;39m: Skipping reading Query result cache data: cache-enabled = false, cache-mode = IGNORE
&amp#27;[30m2025-04-16 08:52:29,428&amp#27;[0;39m &amp#27;[39mDEBUG&amp#27;[0;39m [&amp#27;[34mhttp-nio-auto-1-exec-3&amp#27;[0;39m] &amp#27;[33mo.h.e.j.s.SqlStatementLogger&amp#27;[0;39m: 
    select
        d1_0.id,
        d1_0.name 
    from
        department d1_0 
    where
        d1_0.id=?
&amp#27;[30m2025-04-16 08:52:29,434&amp#27;[0;39m &amp#27;[39mDEBUG&amp#27;[0;39m [&amp#27;[34mhttp-nio-auto-1-exec-3&amp#27;[0;39m] &amp#27;[33mo.h.s.r.i.NavigablePathMapToInitializer&amp#27;[0;39m: Initializer list:
	  in.rgukt.r081247.universityapi.entity.Department.courses -> DelayedCollectionInitializer(in.rgukt.r081247.universityapi.entity.Department.courses)@852104563 (PluralAttribute(in.rgukt.r081247.universityapi.entity.Department.courses))
	  in.rgukt.r081247.universityapi.entity.Department -> EntityJoinedFetchInitializer(in.rgukt.r081247.universityapi.entity.Department)@782747200 (SingleTableEntityPersister(in.rgukt.r081247.universityapi.entity.Department))

&amp#27;[30m2025-04-16 08:52:29,436&amp#27;[0;39m &amp#27;[39mDEBUG&amp#27;[0;39m [&amp#27;[34mhttp-nio-auto-1-exec-3&amp#27;[0;39m] &amp#27;[33mo.s.t.s.AbstractPlatformTransactionManager&amp#27;[0;39m: Initiating transaction commit
&amp#27;[30m2025-04-16 08:52:29,436&amp#27;[0;39m &amp#27;[39mDEBUG&amp#27;[0;39m [&amp#27;[34mhttp-nio-auto-1-exec-3&amp#27;[0;39m] &amp#27;[33mo.s.o.j.JpaTransactionManager&amp#27;[0;39m: Committing JPA transaction on EntityManager [SessionImpl(960621698<open>)]
&amp#27;[30m2025-04-16 08:52:29,436&amp#27;[0;39m &amp#27;[39mDEBUG&amp#27;[0;39m [&amp#27;[34mhttp-nio-auto-1-exec-3&amp#27;[0;39m] &amp#27;[33mo.h.e.t.i.TransactionImpl&amp#27;[0;39m: committing
&amp#27;[30m2025-04-16 08:52:29,436&amp#27;[0;39m &amp#27;[39mDEBUG&amp#27;[0;39m [&amp#27;[34mhttp-nio-auto-1-exec-3&amp#27;[0;39m] &amp#27;[33mo.h.e.i.AbstractFlushingEventListener&amp#27;[0;39m: Processing flush-time cascades
&amp#27;[30m2025-04-16 08:52:29,437&amp#27;[0;39m &amp#27;[39mDEBUG&amp#27;[0;39m [&amp#27;[34mhttp-nio-auto-1-exec-3&amp#27;[0;39m] &amp#27;[33mo.h.e.i.AbstractFlushingEventListener&amp#27;[0;39m: Dirty checking collections
&amp#27;[30m2025-04-16 08:52:29,437&amp#27;[0;39m &amp#27;[39mDEBUG&amp#27;[0;39m [&amp#27;[34mhttp-nio-auto-1-exec-3&amp#27;[0;39m] &amp#27;[33mo.h.e.i.Collections&amp#27;[0;39m: Collection found: [in.rgukt.r081247.universityapi.entity.Department.courses#2], was: [in.rgukt.r081247.universityapi.entity.Department.courses#2] (uninitialized)
&amp#27;[30m2025-04-16 08:52:29,437&amp#27;[0;39m &amp#27;[39mDEBUG&amp#27;[0;39m [&amp#27;[34mhttp-nio-auto-1-exec-3&amp#27;[0;39m] &amp#27;[33mo.h.e.i.AbstractFlushingEventListener&amp#27;[0;39m: Flushed: 0 insertions, 0 updates, 0 deletions to 1 objects
&amp#27;[30m2025-04-16 08:52:29,437&amp#27;[0;39m &amp#27;[39mDEBUG&amp#27;[0;39m [&amp#27;[34mhttp-nio-auto-1-exec-3&amp#27;[0;39m] &amp#27;[33mo.h.e.i.AbstractFlushingEventListener&amp#27;[0;39m: Flushed: 0 (re)creations, 0 updates, 0 removals to 1 collections
&amp#27;[30m2025-04-16 08:52:29,437&amp#27;[0;39m &amp#27;[39mDEBUG&amp#27;[0;39m [&amp#27;[34mhttp-nio-auto-1-exec-3&amp#27;[0;39m] &amp#27;[33mo.h.i.u.EntityPrinter&amp#27;[0;39m: Listing entities:
&amp#27;[30m2025-04-16 08:52:29,437&amp#27;[0;39m &amp#27;[39mDEBUG&amp#27;[0;39m [&amp#27;[34mhttp-nio-auto-1-exec-3&amp#27;[0;39m] &amp#27;[33mo.h.i.u.EntityPrinter&amp#27;[0;39m: in.rgukt.r081247.universityapi.entity.Department{courses=<uninitialized>, name=Test Dept, id=2}
&amp#27;[30m2025-04-16 08:52:29,437&amp#27;[0;39m &amp#27;[39mDEBUG&amp#27;[0;39m [&amp#27;[34mhttp-nio-auto-1-exec-3&amp#27;[0;39m] &amp#27;[33mo.s.o.j.JpaTransactionManager&amp#27;[0;39m: Not closing pre-bound JPA EntityManager after transaction
&amp#27;[30m2025-04-16 08:52:29,437&amp#27;[0;39m &amp#27;[39mDEBUG&amp#27;[0;39m [&amp#27;[34mhttp-nio-auto-1-exec-3&amp#27;[0;39m] &amp#27;[33mo.s.w.s.m.m.a.AbstractMessageConverterMethodProcessor&amp#27;[0;39m: Using 'application/json', given [application/json, application/*+json] and supported [application/json]
&amp#27;[30m2025-04-16 08:52:29,438&amp#27;[0;39m &amp#27;[39mDEBUG&amp#27;[0;39m [&amp#27;[34mhttp-nio-auto-1-exec-3&amp#27;[0;39m] &amp#27;[33mo.s.c.l.LogFormatUtils&amp#27;[0;39m: Writing [Department{id=2, name='Test Dept'}]
&amp#27;[30m2025-04-16 08:52:29,438&amp#27;[0;39m &amp#27;[39mDEBUG&amp#27;[0;39m [&amp#27;[34mhttp-nio-auto-1-exec-3&amp#27;[0;39m] &amp#27;[33mo.s.o.j.s.OpenEntityManagerInViewInterceptor&amp#27;[0;39m: Closing JPA EntityManager in OpenEntityManagerInViewInterceptor
&amp#27;[30m2025-04-16 08:52:29,438&amp#27;[0;39m &amp#27;[39mDEBUG&amp#27;[0;39m [&amp#27;[34mhttp-nio-auto-1-exec-3&amp#27;[0;39m] &amp#27;[33mo.s.w.s.FrameworkServlet&amp#27;[0;39m: Completed 200 OK
&amp#27;[30m2025-04-16 08:52:29,439&amp#27;[0;39m &amp#27;[39mDEBUG&amp#27;[0;39m [&amp#27;[34mmain&amp#27;[0;39m] &amp#27;[33mo.s.c.l.CompositeLog&amp#27;[0;39m: Response 200 OK
&amp#27;[30m2025-04-16 08:52:29,439&amp#27;[0;39m &amp#27;[39mDEBUG&amp#27;[0;39m [&amp#27;[34mmain&amp#27;[0;39m] &amp#27;[33mo.s.c.l.CompositeLog&amp#27;[0;39m: Reading to [in.rgukt.r081247.universityapi.entity.Department]
{"id":null,"name":"Test Dept"}
Department{id=2, name='Test Dept'}
DepartmentControllerIntegrationTest.testGetDepartmentById()
&amp#27;[30m2025-04-16 08:52:29,440&amp#27;[0;39m &amp#27;[39mDEBUG&amp#27;[0;39m [&amp#27;[34mmain&amp#27;[0;39m] &amp#27;[33mo.s.t.c.c.DefaultContextCache&amp#27;[0;39m: Spring test ApplicationContext cache statistics: [DefaultContextCache@7e7f72 size = 3, maxSize = 32, parentContextCount = 0, hitCount = 176, missCount = 3, failureCount = 0]
&amp#27;[30m2025-04-16 08:52:29,440&amp#27;[0;39m &amp#27;[39mDEBUG&amp#27;[0;39m [&amp#27;[34mmain&amp#27;[0;39m] &amp#27;[33mo.s.t.c.c.DefaultContextCache&amp#27;[0;39m: Spring test ApplicationContext cache statistics: [DefaultContextCache@7e7f72 size = 3, maxSize = 32, parentContextCount = 0, hitCount = 177, missCount = 3, failureCount = 0]
&amp#27;[30m2025-04-16 08:52:29,440&amp#27;[0;39m &amp#27;[39mDEBUG&amp#27;[0;39m [&amp#27;[34mmain&amp#27;[0;39m] &amp#27;[33mo.s.t.c.c.DefaultContextCache&amp#27;[0;39m: Spring test ApplicationContext cache statistics: [DefaultContextCache@7e7f72 size = 3, maxSize = 32, parentContextCount = 0, hitCount = 178, missCount = 3, failureCount = 0]
&amp#27;[30m2025-04-16 08:52:29,440&amp#27;[0;39m &amp#27;[39mDEBUG&amp#27;[0;39m [&amp#27;[34mmain&amp#27;[0;39m] &amp#27;[33mo.s.t.c.c.DefaultContextCache&amp#27;[0;39m: Spring test ApplicationContext cache statistics: [DefaultContextCache@7e7f72 size = 3, maxSize = 32, parentContextCount = 0, hitCount = 179, missCount = 3, failureCount = 0]
&amp#27;[30m2025-04-16 08:52:29,440&amp#27;[0;39m &amp#27;[39mDEBUG&amp#27;[0;39m [&amp#27;[34mmain&amp#27;[0;39m] &amp#27;[33mo.s.t.c.c.DefaultContextCache&amp#27;[0;39m: Spring test ApplicationContext cache statistics: [DefaultContextCache@7e7f72 size = 3, maxSize = 32, parentContextCount = 0, hitCount = 180, missCount = 3, failureCount = 0]
&amp#27;[30m2025-04-16 08:52:29,440&amp#27;[0;39m &amp#27;[39mDEBUG&amp#27;[0;39m [&amp#27;[34mmain&amp#27;[0;39m] &amp#27;[33mo.s.t.c.c.DefaultContextCache&amp#27;[0;39m: Spring test ApplicationContext cache statistics: [DefaultContextCache@7e7f72 size = 3, maxSize = 32, parentContextCount = 0, hitCount = 181, missCount = 3, failureCount = 0]
&amp#27;[30m2025-04-16 08:52:29,441&amp#27;[0;39m &amp#27;[39mDEBUG&amp#27;[0;39m [&amp#27;[34mmain&amp#27;[0;39m] &amp#27;[33mo.s.t.c.c.DefaultContextCache&amp#27;[0;39m: Spring test ApplicationContext cache statistics: [DefaultContextCache@7e7f72 size = 3, maxSize = 32, parentContextCount = 0, hitCount = 182, missCount = 3, failureCount = 0]
&amp#27;[30m2025-04-16 08:52:29,441&amp#27;[0;39m &amp#27;[39mDEBUG&amp#27;[0;39m [&amp#27;[34mmain&amp#27;[0;39m] &amp#27;[33mo.s.t.c.c.DefaultContextCache&amp#27;[0;39m: Spring test ApplicationContext cache statistics: [DefaultContextCache@7e7f72 size = 3, maxSize = 32, parentContextCount = 0, hitCount = 183, missCount = 3, failureCount = 0]
&amp#27;[30m2025-04-16 08:52:29,441&amp#27;[0;39m &amp#27;[39mDEBUG&amp#27;[0;39m [&amp#27;[34mmain&amp#27;[0;39m] &amp#27;[33mo.s.t.s.AbstractPlatformTransactionManager&amp#27;[0;39m: Initiating transaction rollback
&amp#27;[30m2025-04-16 08:52:29,441&amp#27;[0;39m &amp#27;[39mDEBUG&amp#27;[0;39m [&amp#27;[34mmain&amp#27;[0;39m] &amp#27;[33mo.s.o.j.JpaTransactionManager&amp#27;[0;39m: Rolling back JPA transaction on EntityManager [SessionImpl(2075832626<open>)]
&amp#27;[30m2025-04-16 08:52:29,441&amp#27;[0;39m &amp#27;[39mDEBUG&amp#27;[0;39m [&amp#27;[34mmain&amp#27;[0;39m] &amp#27;[33mo.h.e.t.i.TransactionImpl&amp#27;[0;39m: rolling back
&amp#27;[30m2025-04-16 08:52:29,441&amp#27;[0;39m &amp#27;[39mDEBUG&amp#27;[0;39m [&amp#27;[34mmain&amp#27;[0;39m] &amp#27;[33mo.s.o.j.JpaTransactionManager&amp#27;[0;39m: Closing JPA EntityManager [SessionImpl(2075832626<open>)] after transaction
&amp#27;[30m2025-04-16 08:52:29,441&amp#27;[0;39m &amp#27;[39mDEBUG&amp#27;[0;39m [&amp#27;[34mmain&amp#27;[0;39m] &amp#27;[33mo.s.t.c.t.TransactionContext&amp#27;[0;39m: Rolled back transaction (1) for test class [in.rgukt.r081247.universityapi.controller.DepartmentControllerIntegrationTest]; test method [testGetDepartmentById]
&amp#27;[30m2025-04-16 08:52:29,441&amp#27;[0;39m &amp#27;[39mDEBUG&amp#27;[0;39m [&amp#27;[34mmain&amp#27;[0;39m] &amp#27;[33mo.s.t.c.s.AbstractDirtiesContextTestExecutionListener&amp#27;[0;39m: After test method: class [DepartmentControllerIntegrationTest], method [testGetDepartmentById], class annotated with @DirtiesContext [false] with mode [null], method annotated with @DirtiesContext [false] with mode [null]
]]></system-out>
  </testcase>
</testsuite>