<?xml version="1.0" encoding="UTF-8"?>
<testsuite xmlns:xsi="http://www.w3.org/2001/XMLSchema-instance" xsi:noNamespaceSchemaLocation="https://maven.apache.org/surefire/maven-surefire-plugin/xsd/surefire-test-report.xsd" version="3.0.2" name="in.rgukt.r081247.universityapi.service.DepartmentServiceTest" time="1.11" tests="5" errors="0" skipped="0" failures="0">
  <properties>
    <property name="java.specification.version" value="23"/>
    <property name="sun.jnu.encoding" value="UTF-8"/>
    <property name="java.class.path" value="/home/vinod/Desktop/projects/apis/universityapi/target/test-classes:/home/vinod/Desktop/projects/apis/universityapi/target/classes:/home/vinod/.m2/repository/org/springframework/boot/spring-boot-starter-data-jpa/3.4.4/spring-boot-starter-data-jpa-3.4.4.jar:/home/vinod/.m2/repository/org/springframework/boot/spring-boot-starter/3.4.4/spring-boot-starter-3.4.4.jar:/home/vinod/.m2/repository/org/springframework/boot/spring-boot-starter-logging/3.4.4/spring-boot-starter-logging-3.4.4.jar:/home/vinod/.m2/repository/ch/qos/logback/logback-classic/1.5.18/logback-classic-1.5.18.jar:/home/vinod/.m2/repository/ch/qos/logback/logback-core/1.5.18/logback-core-1.5.18.jar:/home/vinod/.m2/repository/org/apache/logging/log4j/log4j-to-slf4j/2.24.3/log4j-to-slf4j-2.24.3.jar:/home/vinod/.m2/repository/org/apache/logging/log4j/log4j-api/2.24.3/log4j-api-2.24.3.jar:/home/vinod/.m2/repository/org/slf4j/jul-to-slf4j/2.0.17/jul-to-slf4j-2.0.17.jar:/home/vinod/.m2/repository/jakarta/annotation/jakarta.annotation-api/2.1.1/jakarta.annotation-api-2.1.1.jar:/home/vinod/.m2/repository/org/yaml/snakeyaml/2.3/snakeyaml-2.3.jar:/home/vinod/.m2/repository/org/springframework/boot/spring-boot-starter-jdbc/3.4.4/spring-boot-starter-jdbc-3.4.4.jar:/home/vinod/.m2/repository/com/zaxxer/HikariCP/5.1.0/HikariCP-5.1.0.jar:/home/vinod/.m2/repository/org/springframework/spring-jdbc/6.2.5/spring-jdbc-6.2.5.jar:/home/vinod/.m2/repository/org/hibernate/orm/hibernate-core/6.6.11.Final/hibernate-core-6.6.11.Final.jar:/home/vinod/.m2/repository/jakarta/persistence/jakarta.persistence-api/3.1.0/jakarta.persistence-api-3.1.0.jar:/home/vinod/.m2/repository/jakarta/transaction/jakarta.transaction-api/2.0.1/jakarta.transaction-api-2.0.1.jar:/home/vinod/.m2/repository/org/jboss/logging/jboss-logging/3.6.1.Final/jboss-logging-3.6.1.Final.jar:/home/vinod/.m2/repository/org/hibernate/common/hibernate-commons-annotations/7.0.3.Final/hibernate-commons-annotations-7.0.3.Final.jar:/home/vinod/.m2/repository/io/smallrye/jandex/3.2.0/jandex-3.2.0.jar:/home/vinod/.m2/repository/com/fasterxml/classmate/1.7.0/classmate-1.7.0.jar:/home/vinod/.m2/repository/net/bytebuddy/byte-buddy/1.15.11/byte-buddy-1.15.11.jar:/home/vinod/.m2/repository/org/glassfish/jaxb/jaxb-runtime/4.0.5/jaxb-runtime-4.0.5.jar:/home/vinod/.m2/repository/org/glassfish/jaxb/jaxb-core/4.0.5/jaxb-core-4.0.5.jar:/home/vinod/.m2/repository/org/eclipse/angus/angus-activation/2.0.2/angus-activation-2.0.2.jar:/home/vinod/.m2/repository/org/glassfish/jaxb/txw2/4.0.5/txw2-4.0.5.jar:/home/vinod/.m2/repository/com/sun/istack/istack-commons-runtime/4.1.2/istack-commons-runtime-4.1.2.jar:/home/vinod/.m2/repository/jakarta/inject/jakarta.inject-api/2.0.1/jakarta.inject-api-2.0.1.jar:/home/vinod/.m2/repository/org/antlr/antlr4-runtime/4.13.0/antlr4-runtime-4.13.0.jar:/home/vinod/.m2/repository/org/springframework/data/spring-data-jpa/3.4.4/spring-data-jpa-3.4.4.jar:/home/vinod/.m2/repository/org/springframework/data/spring-data-commons/3.4.4/spring-data-commons-3.4.4.jar:/home/vinod/.m2/repository/org/springframework/spring-orm/6.2.5/spring-orm-6.2.5.jar:/home/vinod/.m2/repository/org/springframework/spring-context/6.2.5/spring-context-6.2.5.jar:/home/vinod/.m2/repository/org/springframework/spring-tx/6.2.5/spring-tx-6.2.5.jar:/home/vinod/.m2/repository/org/springframework/spring-beans/6.2.5/spring-beans-6.2.5.jar:/home/vinod/.m2/repository/org/slf4j/slf4j-api/2.0.17/slf4j-api-2.0.17.jar:/home/vinod/.m2/repository/org/springframework/spring-aspects/6.2.5/spring-aspects-6.2.5.jar:/home/vinod/.m2/repository/org/aspectj/aspectjweaver/1.9.23/aspectjweaver-1.9.23.jar:/home/vinod/.m2/repository/org/springframework/boot/spring-boot-starter-security/3.4.4/spring-boot-starter-security-3.4.4.jar:/home/vinod/.m2/repository/org/springframework/spring-aop/6.2.5/spring-aop-6.2.5.jar:/home/vinod/.m2/repository/org/springframework/security/spring-security-config/6.4.4/spring-security-config-6.4.4.jar:/home/vinod/.m2/repository/org/springframework/security/spring-security-web/6.4.4/spring-security-web-6.4.4.jar:/home/vinod/.m2/repository/org/springframework/spring-expression/6.2.5/spring-expression-6.2.5.jar:/home/vinod/.m2/repository/org/springframework/boot/spring-boot-starter-web/3.4.4/spring-boot-starter-web-3.4.4.jar:/home/vinod/.m2/repository/org/springframework/boot/spring-boot-starter-json/3.4.4/spring-boot-starter-json-3.4.4.jar:/home/vinod/.m2/repository/com/fasterxml/jackson/core/jackson-databind/2.18.3/jackson-databind-2.18.3.jar:/home/vinod/.m2/repository/com/fasterxml/jackson/core/jackson-annotations/2.18.3/jackson-annotations-2.18.3.jar:/home/vinod/.m2/repository/com/fasterxml/jackson/core/jackson-core/2.18.3/jackson-core-2.18.3.jar:/home/vinod/.m2/repository/com/fasterxml/jackson/datatype/jackson-datatype-jdk8/2.18.3/jackson-datatype-jdk8-2.18.3.jar:/home/vinod/.m2/repository/com/fasterxml/jackson/datatype/jackson-datatype-jsr310/2.18.3/jackson-datatype-jsr310-2.18.3.jar:/home/vinod/.m2/repository/com/fasterxml/jackson/module/jackson-module-parameter-names/2.18.3/jackson-module-parameter-names-2.18.3.jar:/home/vinod/.m2/repository/org/springframework/boot/spring-boot-starter-tomcat/3.4.4/spring-boot-starter-tomcat-3.4.4.jar:/home/vinod/.m2/repository/org/apache/tomcat/embed/tomcat-embed-core/10.1.39/tomcat-embed-core-10.1.39.jar:/home/vinod/.m2/repository/org/apache/tomcat/embed/tomcat-embed-websocket/10.1.39/tomcat-embed-websocket-10.1.39.jar:/home/vinod/.m2/repository/org/springframework/spring-web/6.2.5/spring-web-6.2.5.jar:/home/vinod/.m2/repository/io/micrometer/micrometer-observation/1.14.5/micrometer-observation-1.14.5.jar:/home/vinod/.m2/repository/io/micrometer/micrometer-commons/1.14.5/micrometer-commons-1.14.5.jar:/home/vinod/.m2/repository/org/springframework/spring-webmvc/6.2.5/spring-webmvc-6.2.5.jar:/home/vinod/.m2/repository/org/springframework/boot/spring-boot-starter-validation/3.4.4/spring-boot-starter-validation-3.4.4.jar:/home/vinod/.m2/repository/org/apache/tomcat/embed/tomcat-embed-el/10.1.39/tomcat-embed-el-10.1.39.jar:/home/vinod/.m2/repository/org/hibernate/validator/hibernate-validator/8.0.2.Final/hibernate-validator-8.0.2.Final.jar:/home/vinod/.m2/repository/jakarta/validation/jakarta.validation-api/3.0.2/jakarta.validation-api-3.0.2.jar:/home/vinod/.m2/repository/com/mysql/mysql-connector-j/9.1.0/mysql-connector-j-9.1.0.jar:/home/vinod/.m2/repository/org/springframework/boot/spring-boot-starter-test/3.4.4/spring-boot-starter-test-3.4.4.jar:/home/vinod/.m2/repository/org/springframework/boot/spring-boot-test/3.4.4/spring-boot-test-3.4.4.jar:/home/vinod/.m2/repository/org/springframework/boot/spring-boot-test-autoconfigure/3.4.4/spring-boot-test-autoconfigure-3.4.4.jar:/home/vinod/.m2/repository/com/jayway/jsonpath/json-path/2.9.0/json-path-2.9.0.jar:/home/vinod/.m2/repository/jakarta/xml/bind/jakarta.xml.bind-api/4.0.2/jakarta.xml.bind-api-4.0.2.jar:/home/vinod/.m2/repository/jakarta/activation/jakarta.activation-api/2.1.3/jakarta.activation-api-2.1.3.jar:/home/vinod/.m2/repository/net/minidev/json-smart/2.5.2/json-smart-2.5.2.jar:/home/vinod/.m2/repository/net/minidev/accessors-smart/2.5.2/accessors-smart-2.5.2.jar:/home/vinod/.m2/repository/org/ow2/asm/asm/9.7.1/asm-9.7.1.jar:/home/vinod/.m2/repository/org/assertj/assertj-core/3.26.3/assertj-core-3.26.3.jar:/home/vinod/.m2/repository/org/awaitility/awaitility/4.2.2/awaitility-4.2.2.jar:/home/vinod/.m2/repository/org/hamcrest/hamcrest/2.2/hamcrest-2.2.jar:/home/vinod/.m2/repository/org/junit/jupiter/junit-jupiter/5.11.4/junit-jupiter-5.11.4.jar:/home/vinod/.m2/repository/org/junit/jupiter/junit-jupiter-api/5.11.4/junit-jupiter-api-5.11.4.jar:/home/vinod/.m2/repository/org/opentest4j/opentest4j/1.3.0/opentest4j-1.3.0.jar:/home/vinod/.m2/repository/org/junit/platform/junit-platform-commons/1.11.4/junit-platform-commons-1.11.4.jar:/home/vinod/.m2/repository/org/apiguardian/apiguardian-api/1.1.2/apiguardian-api-1.1.2.jar:/home/vinod/.m2/repository/org/junit/jupiter/junit-jupiter-params/5.11.4/junit-jupiter-params-5.11.4.jar:/home/vinod/.m2/repository/org/junit/jupiter/junit-jupiter-engine/5.11.4/junit-jupiter-engine-5.11.4.jar:/home/vinod/.m2/repository/org/junit/platform/junit-platform-engine/1.11.4/junit-platform-engine-1.11.4.jar:/home/vinod/.m2/repository/org/mockito/mockito-core/5.14.2/mockito-core-5.14.2.jar:/home/vinod/.m2/repository/net/bytebuddy/byte-buddy-agent/1.15.11/byte-buddy-agent-1.15.11.jar:/home/vinod/.m2/repository/org/objenesis/objenesis/3.3/objenesis-3.3.jar:/home/vinod/.m2/repository/org/mockito/mockito-junit-jupiter/5.14.2/mockito-junit-jupiter-5.14.2.jar:/home/vinod/.m2/repository/org/skyscreamer/jsonassert/1.5.3/jsonassert-1.5.3.jar:/home/vinod/.m2/repository/com/vaadin/external/google/android-json/0.0.20131108.vaadin1/android-json-0.0.20131108.vaadin1.jar:/home/vinod/.m2/repository/org/springframework/spring-core/6.2.5/spring-core-6.2.5.jar:/home/vinod/.m2/repository/org/springframework/spring-jcl/6.2.5/spring-jcl-6.2.5.jar:/home/vinod/.m2/repository/org/springframework/spring-test/6.2.5/spring-test-6.2.5.jar:/home/vinod/.m2/repository/org/xmlunit/xmlunit-core/2.10.0/xmlunit-core-2.10.0.jar:/home/vinod/.m2/repository/com/h2database/h2/2.3.232/h2-2.3.232.jar:/home/vinod/.m2/repository/org/springframework/security/spring-security-test/6.4.4/spring-security-test-6.4.4.jar:/home/vinod/.m2/repository/org/springframework/security/spring-security-core/6.4.4/spring-security-core-6.4.4.jar:/home/vinod/.m2/repository/org/springframework/security/spring-security-crypto/6.4.4/spring-security-crypto-6.4.4.jar:/home/vinod/.m2/repository/org/springframework/boot/spring-boot-devtools/3.4.4/spring-boot-devtools-3.4.4.jar:/home/vinod/.m2/repository/org/springframework/boot/spring-boot/3.4.4/spring-boot-3.4.4.jar:/home/vinod/.m2/repository/org/springframework/boot/spring-boot-autoconfigure/3.4.4/spring-boot-autoconfigure-3.4.4.jar:"/>
    <property name="java.vm.vendor" value="Oracle Corporation"/>
    <property name="sun.arch.data.model" value="64"/>
    <property name="catalina.useNaming" value="false"/>
    <property name="java.vendor.url" value="https://java.oracle.com/"/>
    <property name="user.timezone" value="Asia/Kolkata"/>
    <property name="org.jboss.logging.provider" value="slf4j"/>
    <property name="os.name" value="Linux"/>
    <property name="java.vm.specification.version" value="23"/>
    <property name="sun.java.launcher" value="SUN_STANDARD"/>
    <property name="user.country" value="US"/>
    <property name="sun.boot.library.path" value="/home/vinod/.sdkman/candidates/java/23.0.1-open/lib"/>
    <property name="sun.java.command" value="/home/vinod/Desktop/projects/apis/universityapi/target/surefire/surefirebooter-20250416085222323_3.jar /home/vinod/Desktop/projects/apis/universityapi/target/surefire 2025-04-16T08-52-22_258-jvmRun1 surefire-20250416085222323_1tmp surefire_0-20250416085222323_2tmp"/>
    <property name="jdk.debug" value="release"/>
    <property name="surefire.test.class.path" value="/home/vinod/Desktop/projects/apis/universityapi/target/test-classes:/home/vinod/Desktop/projects/apis/universityapi/target/classes:/home/vinod/.m2/repository/org/springframework/boot/spring-boot-starter-data-jpa/3.4.4/spring-boot-starter-data-jpa-3.4.4.jar:/home/vinod/.m2/repository/org/springframework/boot/spring-boot-starter/3.4.4/spring-boot-starter-3.4.4.jar:/home/vinod/.m2/repository/org/springframework/boot/spring-boot-starter-logging/3.4.4/spring-boot-starter-logging-3.4.4.jar:/home/vinod/.m2/repository/ch/qos/logback/logback-classic/1.5.18/logback-classic-1.5.18.jar:/home/vinod/.m2/repository/ch/qos/logback/logback-core/1.5.18/logback-core-1.5.18.jar:/home/vinod/.m2/repository/org/apache/logging/log4j/log4j-to-slf4j/2.24.3/log4j-to-slf4j-2.24.3.jar:/home/vinod/.m2/repository/org/apache/logging/log4j/log4j-api/2.24.3/log4j-api-2.24.3.jar:/home/vinod/.m2/repository/org/slf4j/jul-to-slf4j/2.0.17/jul-to-slf4j-2.0.17.jar:/home/vinod/.m2/repository/jakarta/annotation/jakarta.annotation-api/2.1.1/jakarta.annotation-api-2.1.1.jar:/home/vinod/.m2/repository/org/yaml/snakeyaml/2.3/snakeyaml-2.3.jar:/home/vinod/.m2/repository/org/springframework/boot/spring-boot-starter-jdbc/3.4.4/spring-boot-starter-jdbc-3.4.4.jar:/home/vinod/.m2/repository/com/zaxxer/HikariCP/5.1.0/HikariCP-5.1.0.jar:/home/vinod/.m2/repository/org/springframework/spring-jdbc/6.2.5/spring-jdbc-6.2.5.jar:/home/vinod/.m2/repository/org/hibernate/orm/hibernate-core/6.6.11.Final/hibernate-core-6.6.11.Final.jar:/home/vinod/.m2/repository/jakarta/persistence/jakarta.persistence-api/3.1.0/jakarta.persistence-api-3.1.0.jar:/home/vinod/.m2/repository/jakarta/transaction/jakarta.transaction-api/2.0.1/jakarta.transaction-api-2.0.1.jar:/home/vinod/.m2/repository/org/jboss/logging/jboss-logging/3.6.1.Final/jboss-logging-3.6.1.Final.jar:/home/vinod/.m2/repository/org/hibernate/common/hibernate-commons-annotations/7.0.3.Final/hibernate-commons-annotations-7.0.3.Final.jar:/home/vinod/.m2/repository/io/smallrye/jandex/3.2.0/jandex-3.2.0.jar:/home/vinod/.m2/repository/com/fasterxml/classmate/1.7.0/classmate-1.7.0.jar:/home/vinod/.m2/repository/net/bytebuddy/byte-buddy/1.15.11/byte-buddy-1.15.11.jar:/home/vinod/.m2/repository/org/glassfish/jaxb/jaxb-runtime/4.0.5/jaxb-runtime-4.0.5.jar:/home/vinod/.m2/repository/org/glassfish/jaxb/jaxb-core/4.0.5/jaxb-core-4.0.5.jar:/home/vinod/.m2/repository/org/eclipse/angus/angus-activation/2.0.2/angus-activation-2.0.2.jar:/home/vinod/.m2/repository/org/glassfish/jaxb/txw2/4.0.5/txw2-4.0.5.jar:/home/vinod/.m2/repository/com/sun/istack/istack-commons-runtime/4.1.2/istack-commons-runtime-4.1.2.jar:/home/vinod/.m2/repository/jakarta/inject/jakarta.inject-api/2.0.1/jakarta.inject-api-2.0.1.jar:/home/vinod/.m2/repository/org/antlr/antlr4-runtime/4.13.0/antlr4-runtime-4.13.0.jar:/home/vinod/.m2/repository/org/springframework/data/spring-data-jpa/3.4.4/spring-data-jpa-3.4.4.jar:/home/vinod/.m2/repository/org/springframework/data/spring-data-commons/3.4.4/spring-data-commons-3.4.4.jar:/home/vinod/.m2/repository/org/springframework/spring-orm/6.2.5/spring-orm-6.2.5.jar:/home/vinod/.m2/repository/org/springframework/spring-context/6.2.5/spring-context-6.2.5.jar:/home/vinod/.m2/repository/org/springframework/spring-tx/6.2.5/spring-tx-6.2.5.jar:/home/vinod/.m2/repository/org/springframework/spring-beans/6.2.5/spring-beans-6.2.5.jar:/home/vinod/.m2/repository/org/slf4j/slf4j-api/2.0.17/slf4j-api-2.0.17.jar:/home/vinod/.m2/repository/org/springframework/spring-aspects/6.2.5/spring-aspects-6.2.5.jar:/home/vinod/.m2/repository/org/aspectj/aspectjweaver/1.9.23/aspectjweaver-1.9.23.jar:/home/vinod/.m2/repository/org/springframework/boot/spring-boot-starter-security/3.4.4/spring-boot-starter-security-3.4.4.jar:/home/vinod/.m2/repository/org/springframework/spring-aop/6.2.5/spring-aop-6.2.5.jar:/home/vinod/.m2/repository/org/springframework/security/spring-security-config/6.4.4/spring-security-config-6.4.4.jar:/home/vinod/.m2/repository/org/springframework/security/spring-security-web/6.4.4/spring-security-web-6.4.4.jar:/home/vinod/.m2/repository/org/springframework/spring-expression/6.2.5/spring-expression-6.2.5.jar:/home/vinod/.m2/repository/org/springframework/boot/spring-boot-starter-web/3.4.4/spring-boot-starter-web-3.4.4.jar:/home/vinod/.m2/repository/org/springframework/boot/spring-boot-starter-json/3.4.4/spring-boot-starter-json-3.4.4.jar:/home/vinod/.m2/repository/com/fasterxml/jackson/core/jackson-databind/2.18.3/jackson-databind-2.18.3.jar:/home/vinod/.m2/repository/com/fasterxml/jackson/core/jackson-annotations/2.18.3/jackson-annotations-2.18.3.jar:/home/vinod/.m2/repository/com/fasterxml/jackson/core/jackson-core/2.18.3/jackson-core-2.18.3.jar:/home/vinod/.m2/repository/com/fasterxml/jackson/datatype/jackson-datatype-jdk8/2.18.3/jackson-datatype-jdk8-2.18.3.jar:/home/vinod/.m2/repository/com/fasterxml/jackson/datatype/jackson-datatype-jsr310/2.18.3/jackson-datatype-jsr310-2.18.3.jar:/home/vinod/.m2/repository/com/fasterxml/jackson/module/jackson-module-parameter-names/2.18.3/jackson-module-parameter-names-2.18.3.jar:/home/vinod/.m2/repository/org/springframework/boot/spring-boot-starter-tomcat/3.4.4/spring-boot-starter-tomcat-3.4.4.jar:/home/vinod/.m2/repository/org/apache/tomcat/embed/tomcat-embed-core/10.1.39/tomcat-embed-core-10.1.39.jar:/home/vinod/.m2/repository/org/apache/tomcat/embed/tomcat-embed-websocket/10.1.39/tomcat-embed-websocket-10.1.39.jar:/home/vinod/.m2/repository/org/springframework/spring-web/6.2.5/spring-web-6.2.5.jar:/home/vinod/.m2/repository/io/micrometer/micrometer-observation/1.14.5/micrometer-observation-1.14.5.jar:/home/vinod/.m2/repository/io/micrometer/micrometer-commons/1.14.5/micrometer-commons-1.14.5.jar:/home/vinod/.m2/repository/org/springframework/spring-webmvc/6.2.5/spring-webmvc-6.2.5.jar:/home/vinod/.m2/repository/org/springframework/boot/spring-boot-starter-validation/3.4.4/spring-boot-starter-validation-3.4.4.jar:/home/vinod/.m2/repository/org/apache/tomcat/embed/tomcat-embed-el/10.1.39/tomcat-embed-el-10.1.39.jar:/home/vinod/.m2/repository/org/hibernate/validator/hibernate-validator/8.0.2.Final/hibernate-validator-8.0.2.Final.jar:/home/vinod/.m2/repository/jakarta/validation/jakarta.validation-api/3.0.2/jakarta.validation-api-3.0.2.jar:/home/vinod/.m2/repository/com/mysql/mysql-connector-j/9.1.0/mysql-connector-j-9.1.0.jar:/home/vinod/.m2/repository/org/springframework/boot/spring-boot-starter-test/3.4.4/spring-boot-starter-test-3.4.4.jar:/home/vinod/.m2/repository/org/springframework/boot/spring-boot-test/3.4.4/spring-boot-test-3.4.4.jar:/home/vinod/.m2/repository/org/springframework/boot/spring-boot-test-autoconfigure/3.4.4/spring-boot-test-autoconfigure-3.4.4.jar:/home/vinod/.m2/repository/com/jayway/jsonpath/json-path/2.9.0/json-path-2.9.0.jar:/home/vinod/.m2/repository/jakarta/xml/bind/jakarta.xml.bind-api/4.0.2/jakarta.xml.bind-api-4.0.2.jar:/home/vinod/.m2/repository/jakarta/activation/jakarta.activation-api/2.1.3/jakarta.activation-api-2.1.3.jar:/home/vinod/.m2/repository/net/minidev/json-smart/2.5.2/json-smart-2.5.2.jar:/home/vinod/.m2/repository/net/minidev/accessors-smart/2.5.2/accessors-smart-2.5.2.jar:/home/vinod/.m2/repository/org/ow2/asm/asm/9.7.1/asm-9.7.1.jar:/home/vinod/.m2/repository/org/assertj/assertj-core/3.26.3/assertj-core-3.26.3.jar:/home/vinod/.m2/repository/org/awaitility/awaitility/4.2.2/awaitility-4.2.2.jar:/home/vinod/.m2/repository/org/hamcrest/hamcrest/2.2/hamcrest-2.2.jar:/home/vinod/.m2/repository/org/junit/jupiter/junit-jupiter/5.11.4/junit-jupiter-5.11.4.jar:/home/vinod/.m2/repository/org/junit/jupiter/junit-jupiter-api/5.11.4/junit-jupiter-api-5.11.4.jar:/home/vinod/.m2/repository/org/opentest4j/opentest4j/1.3.0/opentest4j-1.3.0.jar:/home/vinod/.m2/repository/org/junit/platform/junit-platform-commons/1.11.4/junit-platform-commons-1.11.4.jar:/home/vinod/.m2/repository/org/apiguardian/apiguardian-api/1.1.2/apiguardian-api-1.1.2.jar:/home/vinod/.m2/repository/org/junit/jupiter/junit-jupiter-params/5.11.4/junit-jupiter-params-5.11.4.jar:/home/vinod/.m2/repository/org/junit/jupiter/junit-jupiter-engine/5.11.4/junit-jupiter-engine-5.11.4.jar:/home/vinod/.m2/repository/org/junit/platform/junit-platform-engine/1.11.4/junit-platform-engine-1.11.4.jar:/home/vinod/.m2/repository/org/mockito/mockito-core/5.14.2/mockito-core-5.14.2.jar:/home/vinod/.m2/repository/net/bytebuddy/byte-buddy-agent/1.15.11/byte-buddy-agent-1.15.11.jar:/home/vinod/.m2/repository/org/objenesis/objenesis/3.3/objenesis-3.3.jar:/home/vinod/.m2/repository/org/mockito/mockito-junit-jupiter/5.14.2/mockito-junit-jupiter-5.14.2.jar:/home/vinod/.m2/repository/org/skyscreamer/jsonassert/1.5.3/jsonassert-1.5.3.jar:/home/vinod/.m2/repository/com/vaadin/external/google/android-json/0.0.20131108.vaadin1/android-json-0.0.20131108.vaadin1.jar:/home/vinod/.m2/repository/org/springframework/spring-core/6.2.5/spring-core-6.2.5.jar:/home/vinod/.m2/repository/org/springframework/spring-jcl/6.2.5/spring-jcl-6.2.5.jar:/home/vinod/.m2/repository/org/springframework/spring-test/6.2.5/spring-test-6.2.5.jar:/home/vinod/.m2/repository/org/xmlunit/xmlunit-core/2.10.0/xmlunit-core-2.10.0.jar:/home/vinod/.m2/repository/com/h2database/h2/2.3.232/h2-2.3.232.jar:/home/vinod/.m2/repository/org/springframework/security/spring-security-test/6.4.4/spring-security-test-6.4.4.jar:/home/vinod/.m2/repository/org/springframework/security/spring-security-core/6.4.4/spring-security-core-6.4.4.jar:/home/vinod/.m2/repository/org/springframework/security/spring-security-crypto/6.4.4/spring-security-crypto-6.4.4.jar:/home/vinod/.m2/repository/org/springframework/boot/spring-boot-devtools/3.4.4/spring-boot-devtools-3.4.4.jar:/home/vinod/.m2/repository/org/springframework/boot/spring-boot/3.4.4/spring-boot-3.4.4.jar:/home/vinod/.m2/repository/org/springframework/boot/spring-boot-autoconfigure/3.4.4/spring-boot-autoconfigure-3.4.4.jar:"/>
    <property name="sun.cpu.endian" value="little"/>
    <property name="user.home" value="/home/vinod"/>
    <property name="user.language" value="en"/>
    <property name="java.specification.vendor" value="Oracle Corporation"/>
    <property name="java.version.date" value="2024-10-15"/>
    <property name="java.home" value="/home/vinod/.sdkman/candidates/java/23.0.1-open"/>
    <property name="file.separator" value="/"/>
    <property name="basedir" value="/home/vinod/Desktop/projects/apis/universityapi"/>
    <property name="java.vm.compressedOopsMode" value="Zero based"/>
    <property name="line.separator" value="&#10;"/>
    <property name="java.vm.specification.vendor" value="Oracle Corporation"/>
    <property name="java.specification.name" value="Java Platform API Specification"/>
    <property name="FILE_LOG_CHARSET" value="UTF-8"/>
    <property name="java.awt.headless" value="true"/>
    <property name="surefire.real.class.path" value="/home/vinod/Desktop/projects/apis/universityapi/target/surefire/surefirebooter-20250416085222323_3.jar"/>
    <property name="sun.management.compiler" value="HotSpot 64-Bit Tiered Compilers"/>
    <property name="java.runtime.version" value="23.0.1+11-39"/>
    <property name="user.name" value="vinod"/>
    <property name="stdout.encoding" value="UTF-8"/>
    <property name="path.separator" value=":"/>
    <property name="os.version" value="6.11.0-21-generic"/>
    <property name="java.runtime.name" value="OpenJDK Runtime Environment"/>
    <property name="file.encoding" value="UTF-8"/>
    <property name="java.vm.name" value="OpenJDK 64-Bit Server VM"/>
    <property name="localRepository" value="/home/vinod/.m2/repository"/>
    <property name="java.vendor.url.bug" value="https://bugreport.java.com/bugreport/"/>
    <property name="java.io.tmpdir" value="/tmp"/>
    <property name="idea.version" value="2024.2.3"/>
    <property name="catalina.home" value="/tmp/tomcat.0.13525791166412670841"/>
    <property name="com.zaxxer.hikari.pool_number" value="2"/>
    <property name="java.version" value="23.0.1"/>
    <property name="user.dir" value="/home/vinod/Desktop/projects/apis/universityapi"/>
    <property name="os.arch" value="amd64"/>
    <property name="java.vm.specification.name" value="Java Virtual Machine Specification"/>
    <property name="PID" value="9361"/>
    <property name="CONSOLE_LOG_CHARSET" value="UTF-8"/>
    <property name="catalina.base" value="/tmp/tomcat.0.13525791166412670841"/>
    <property name="native.encoding" value="UTF-8"/>
    <property name="java.library.path" value="/usr/java/packages/lib:/usr/lib64:/lib64:/lib:/usr/lib"/>
    <property name="java.vm.info" value="mixed mode, sharing"/>
    <property name="stderr.encoding" value="UTF-8"/>
    <property name="java.vendor" value="Oracle Corporation"/>
    <property name="java.vm.version" value="23.0.1+11-39"/>
    <property name="sun.io.unicode.encoding" value="UnicodeLittle"/>
    <property name="java.class.version" value="67.0"/>
  </properties>
  <testcase name="testGetDepartmentById1" classname="in.rgukt.r081247.universityapi.service.DepartmentServiceTest" time="0.062">
    <system-out><![CDATA[&amp#27;[30m2025-04-16 08:52:27,144&amp#27;[0;39m &amp#27;[39mDEBUG&amp#27;[0;39m [&amp#27;[34mmain&amp#27;[0;39m] &amp#27;[33mo.s.t.c.s.AbstractTestContextBootstrapper&amp#27;[0;39m: Neither @ContextConfiguration nor @ContextHierarchy found for test class [DepartmentServiceTest]: using SpringBootContextLoader
&amp#27;[30m2025-04-16 08:52:27,145&amp#27;[0;39m &amp#27;[39mDEBUG&amp#27;[0;39m [&amp#27;[34mmain&amp#27;[0;39m] &amp#27;[33mo.s.t.c.s.AbstractContextLoader&amp#27;[0;39m: Could not detect default resource locations for test class [in.rgukt.r081247.universityapi.service.DepartmentServiceTest]: no resource found for suffixes {-context.xml, Context.groovy}.
&amp#27;[30m2025-04-16 08:52:27,145&amp#27;[0;39m &amp#27;[34mINFO &amp#27;[0;39m [&amp#27;[34mmain&amp#27;[0;39m] &amp#27;[33mo.s.t.c.s.AnnotationConfigContextLoaderUtils&amp#27;[0;39m: Could not detect default configuration classes for test class [in.rgukt.r081247.universityapi.service.DepartmentServiceTest]: DepartmentServiceTest does not declare any static, non-private, non-final, nested classes annotated with @Configuration.
&amp#27;[30m2025-04-16 08:52:27,146&amp#27;[0;39m &amp#27;[39mDEBUG&amp#27;[0;39m [&amp#27;[34mmain&amp#27;[0;39m] &amp#27;[33mo.s.t.c.s.AbstractTestContextBootstrapper&amp#27;[0;39m: Using ContextCustomizerFactory implementations for test class [DepartmentServiceTest]: [ImportsContextCustomizerFactory, ExcludeFilterContextCustomizerFactory, HttpGraphQlTesterContextCustomizerFactory, DuplicateJsonObjectContextCustomizerFactory, MockitoContextCustomizerFactory, TestRestTemplateContextCustomizerFactory, WebTestClientContextCustomizerFactory, DisableReactorResourceFactoryGlobalResourcesContextCustomizerFactory, OnFailureConditionReportContextCustomizerFactory, OverrideAutoConfigurationContextCustomizerFactory, ObservabilityContextCustomizerFactory, TypeExcludeFiltersContextCustomizerFactory, PropertyMappingContextCustomizerFactory, WebDriverContextCustomizerFactory, BeanOverrideContextCustomizerFactory, MockServerContainerContextCustomizerFactory, DynamicPropertiesContextCustomizerFactory]
&amp#27;[30m2025-04-16 08:52:27,148&amp#27;[0;39m &amp#27;[39mDEBUG&amp#27;[0;39m [&amp#27;[34mmain&amp#27;[0;39m] &amp#27;[33mo.s.t.c.s.AbstractTestContextBootstrapper&amp#27;[0;39m: Using ContextCustomizers for test class [DepartmentServiceTest]: [ExcludeFilterContextCustomizer, DuplicateJsonObjectContextCustomizer, MockitoContextCustomizer, TestRestTemplateContextCustomizer, DisableReactorResourceFactoryGlobalResourcesContextCustomizerCustomizer, OnFailureConditionReportContextCustomizer, DisableObservabilityContextCustomizer, PropertyMappingContextCustomizer, WebDriverContextCustomizer, DynamicPropertiesContextCustomizer]
&amp#27;[30m2025-04-16 08:52:27,152&amp#27;[0;39m &amp#27;[39mDEBUG&amp#27;[0;39m [&amp#27;[34mmain&amp#27;[0;39m] &amp#27;[33mo.s.c.a.ClassPathScanningCandidateComponentProvider&amp#27;[0;39m: Identified candidate component class: file [/home/vinod/Desktop/projects/apis/universityapi/target/classes/in/rgukt/r081247/universityapi/CrmApplication.class]
&amp#27;[30m2025-04-16 08:52:27,153&amp#27;[0;39m &amp#27;[34mINFO &amp#27;[0;39m [&amp#27;[34mmain&amp#27;[0;39m] &amp#27;[33mo.s.b.t.c.SpringBootTestContextBootstrapper&amp#27;[0;39m: Found @SpringBootConfiguration in.rgukt.r081247.universityapi.CrmApplication for test class in.rgukt.r081247.universityapi.service.DepartmentServiceTest
&amp#27;[30m2025-04-16 08:52:27,154&amp#27;[0;39m &amp#27;[39mDEBUG&amp#27;[0;39m [&amp#27;[34mmain&amp#27;[0;39m] &amp#27;[33mo.s.t.c.u.TestContextFailureHandler&amp#27;[0;39m: Skipping candidate TestExecutionListener [org.springframework.test.context.observation.MicrometerObservationRegistryTestExecutionListener] due to a missing dependency. Specify custom TestExecutionListener classes or make the default TestExecutionListener classes and their required dependencies available. Offending class: io.micrometer.context.ThreadLocalAccessor. MicrometerObservationRegistryTestExecutionListener requires io.micrometer:micrometer-observation:1.10.8 or higher and io.micrometer:context-propagation:1.0.3 or higher.
&amp#27;[30m2025-04-16 08:52:27,154&amp#27;[0;39m &amp#27;[39mDEBUG&amp#27;[0;39m [&amp#27;[34mmain&amp#27;[0;39m] &amp#27;[33mo.s.t.c.s.AbstractTestContextBootstrapper&amp#27;[0;39m: Using TestExecutionListeners for test class [DepartmentServiceTest]: [ServletTestExecutionListener, DirtiesContextBeforeModesTestExecutionListener, ApplicationEventsTestExecutionListener, MockitoTestExecutionListener, BeanOverrideTestExecutionListener, DependencyInjectionTestExecutionListener, DirtiesContextTestExecutionListener, CommonCachesTestExecutionListener, TransactionalTestExecutionListener, SqlScriptsTestExecutionListener, EventPublishingTestExecutionListener, WithSecurityContextTestExecutionListener, ReactorContextTestExecutionListener, ResetMocksTestExecutionListener, RestDocsTestExecutionListener, MockRestServiceServerResetTestExecutionListener, MockMvcPrintOnlyOnFailureTestExecutionListener, WebDriverTestExecutionListener, MockWebServiceServerTestExecutionListener, MockitoResetTestExecutionListener]
&amp#27;[30m2025-04-16 08:52:27,154&amp#27;[0;39m &amp#27;[39mDEBUG&amp#27;[0;39m [&amp#27;[34mmain&amp#27;[0;39m] &amp#27;[33mo.s.t.c.s.AbstractDirtiesContextTestExecutionListener&amp#27;[0;39m: Before test class: class [DepartmentServiceTest], class annotated with @DirtiesContext [false] with mode [null]
&amp#27;[30m2025-04-16 08:52:27,159&amp#27;[0;39m &amp#27;[34mINFO &amp#27;[0;39m [&amp#27;[34mmain&amp#27;[0;39m] &amp#27;[33mo.s.b.d.r.RestartApplicationListener&amp#27;[0;39m: Restart disabled due to context in which it is running
&amp#27;[30m2025-04-16 08:52:27,170&amp#27;[0;39m &amp#27;[39mDEBUG&amp#27;[0;39m [&amp#27;[34mmain&amp#27;[0;39m] &amp#27;[33mo.s.c.e.AbstractEnvironment&amp#27;[0;39m: Activating profiles []

  .   ____          _            __ _ _
 /\\ / ___'_ __ _ _(_)_ __  __ _ \ \ \ \
( ( )\___ | '_ | '_| | '_ \/ _` | \ \ \ \
 \\/  ___)| |_)| | | | | || (_| |  ) ) ) )
  '  |____| .__|_| |_|_| |_\__, | / / / /
 =========|_|==============|___/=/_/_/_/

 :: Spring Boot ::                (v3.4.4)

&amp#27;[30m2025-04-16 08:52:27,175&amp#27;[0;39m &amp#27;[39mDEBUG&amp#27;[0;39m [&amp#27;[34mmain&amp#27;[0;39m] &amp#27;[33mo.s.b.SpringApplication&amp#27;[0;39m: Loading source class in.rgukt.r081247.universityapi.CrmApplication
&amp#27;[30m2025-04-16 08:52:27,176&amp#27;[0;39m &amp#27;[39mDEBUG&amp#27;[0;39m [&amp#27;[34mmain&amp#27;[0;39m] &amp#27;[33mo.s.c.s.AbstractApplicationContext&amp#27;[0;39m: Refreshing org.springframework.web.context.support.GenericWebApplicationContext@77e8492f
&amp#27;[30m2025-04-16 08:52:27,177&amp#27;[0;39m &amp#27;[39mDEBUG&amp#27;[0;39m [&amp#27;[34mmain&amp#27;[0;39m] &amp#27;[33mo.s.b.f.s.DefaultSingletonBeanRegistry&amp#27;[0;39m: Creating shared instance of singleton bean 'org.springframework.context.annotation.internalConfigurationAnnotationProcessor'
&amp#27;[30m2025-04-16 08:52:27,178&amp#27;[0;39m &amp#27;[39mDEBUG&amp#27;[0;39m [&amp#27;[34mmain&amp#27;[0;39m] &amp#27;[33mo.s.b.f.s.DefaultSingletonBeanRegistry&amp#27;[0;39m: Creating shared instance of singleton bean 'org.springframework.boot.autoconfigure.internalCachingMetadataReaderFactory'
&amp#27;[30m2025-04-16 08:52:27,183&amp#27;[0;39m &amp#27;[39mDEBUG&amp#27;[0;39m [&amp#27;[34mmain&amp#27;[0;39m] &amp#27;[33mo.s.c.a.ClassPathScanningCandidateComponentProvider&amp#27;[0;39m: Identified candidate component class: file [/home/vinod/Desktop/projects/apis/universityapi/target/classes/in/rgukt/r081247/universityapi/config/JpaConfiguration.class]
&amp#27;[30m2025-04-16 08:52:27,184&amp#27;[0;39m &amp#27;[39mDEBUG&amp#27;[0;39m [&amp#27;[34mmain&amp#27;[0;39m] &amp#27;[33mo.s.c.a.ClassPathScanningCandidateComponentProvider&amp#27;[0;39m: Identified candidate component class: file [/home/vinod/Desktop/projects/apis/universityapi/target/classes/in/rgukt/r081247/universityapi/config/SecurityConfiguration.class]
&amp#27;[30m2025-04-16 08:52:27,185&amp#27;[0;39m &amp#27;[39mDEBUG&amp#27;[0;39m [&amp#27;[34mmain&amp#27;[0;39m] &amp#27;[33mo.s.c.a.ClassPathScanningCandidateComponentProvider&amp#27;[0;39m: Identified candidate component class: file [/home/vinod/Desktop/projects/apis/universityapi/target/classes/in/rgukt/r081247/universityapi/controller/CourseController.class]
&amp#27;[30m2025-04-16 08:52:27,185&amp#27;[0;39m &amp#27;[39mDEBUG&amp#27;[0;39m [&amp#27;[34mmain&amp#27;[0;39m] &amp#27;[33mo.s.c.a.ClassPathScanningCandidateComponentProvider&amp#27;[0;39m: Identified candidate component class: file [/home/vinod/Desktop/projects/apis/universityapi/target/classes/in/rgukt/r081247/universityapi/controller/DepartmentController.class]
&amp#27;[30m2025-04-16 08:52:27,186&amp#27;[0;39m &amp#27;[39mDEBUG&amp#27;[0;39m [&amp#27;[34mmain&amp#27;[0;39m] &amp#27;[33mo.s.c.a.ClassPathScanningCandidateComponentProvider&amp#27;[0;39m: Identified candidate component class: file [/home/vinod/Desktop/projects/apis/universityapi/target/classes/in/rgukt/r081247/universityapi/controller/StudentController.class]
&amp#27;[30m2025-04-16 08:52:27,186&amp#27;[0;39m &amp#27;[39mDEBUG&amp#27;[0;39m [&amp#27;[34mmain&amp#27;[0;39m] &amp#27;[33mo.s.c.a.ClassPathScanningCandidateComponentProvider&amp#27;[0;39m: Identified candidate component class: file [/home/vinod/Desktop/projects/apis/universityapi/target/classes/in/rgukt/r081247/universityapi/controller/TestController.class]
&amp#27;[30m2025-04-16 08:52:27,186&amp#27;[0;39m &amp#27;[39mDEBUG&amp#27;[0;39m [&amp#27;[34mmain&amp#27;[0;39m] &amp#27;[33mo.s.c.a.ClassPathScanningCandidateComponentProvider&amp#27;[0;39m: Identified candidate component class: file [/home/vinod/Desktop/projects/apis/universityapi/target/classes/in/rgukt/r081247/universityapi/exception/CustomExceptionHandler.class]
&amp#27;[30m2025-04-16 08:52:27,188&amp#27;[0;39m &amp#27;[39mDEBUG&amp#27;[0;39m [&amp#27;[34mmain&amp#27;[0;39m] &amp#27;[33mo.s.c.a.ClassPathScanningCandidateComponentProvider&amp#27;[0;39m: Ignored because not a concrete top-level class: file [/home/vinod/Desktop/projects/apis/universityapi/target/classes/in/rgukt/r081247/universityapi/repository/CourseRepository.class]
&amp#27;[30m2025-04-16 08:52:27,188&amp#27;[0;39m &amp#27;[39mDEBUG&amp#27;[0;39m [&amp#27;[34mmain&amp#27;[0;39m] &amp#27;[33mo.s.c.a.ClassPathScanningCandidateComponentProvider&amp#27;[0;39m: Ignored because not a concrete top-level class: file [/home/vinod/Desktop/projects/apis/universityapi/target/classes/in/rgukt/r081247/universityapi/repository/DepartmentRepository.class]
&amp#27;[30m2025-04-16 08:52:27,188&amp#27;[0;39m &amp#27;[39mDEBUG&amp#27;[0;39m [&amp#27;[34mmain&amp#27;[0;39m] &amp#27;[33mo.s.c.a.ClassPathScanningCandidateComponentProvider&amp#27;[0;39m: Ignored because not a concrete top-level class: file [/home/vinod/Desktop/projects/apis/universityapi/target/classes/in/rgukt/r081247/universityapi/repository/StudentRepository.class]
&amp#27;[30m2025-04-16 08:52:27,189&amp#27;[0;39m &amp#27;[39mDEBUG&amp#27;[0;39m [&amp#27;[34mmain&amp#27;[0;39m] &amp#27;[33mo.s.c.a.ClassPathScanningCandidateComponentProvider&amp#27;[0;39m: Identified candidate component class: file [/home/vinod/Desktop/projects/apis/universityapi/target/classes/in/rgukt/r081247/universityapi/service/CourseService.class]
&amp#27;[30m2025-04-16 08:52:27,189&amp#27;[0;39m &amp#27;[39mDEBUG&amp#27;[0;39m [&amp#27;[34mmain&amp#27;[0;39m] &amp#27;[33mo.s.c.a.ClassPathScanningCandidateComponentProvider&amp#27;[0;39m: Identified candidate component class: file [/home/vinod/Desktop/projects/apis/universityapi/target/classes/in/rgukt/r081247/universityapi/service/DepartmentService.class]
&amp#27;[30m2025-04-16 08:52:27,190&amp#27;[0;39m &amp#27;[39mDEBUG&amp#27;[0;39m [&amp#27;[34mmain&amp#27;[0;39m] &amp#27;[33mo.s.c.a.ClassPathScanningCandidateComponentProvider&amp#27;[0;39m: Identified candidate component class: file [/home/vinod/Desktop/projects/apis/universityapi/target/classes/in/rgukt/r081247/universityapi/service/StudentService.class]
&amp#27;[30m2025-04-16 08:52:27,305&amp#27;[0;39m &amp#27;[34mINFO &amp#27;[0;39m [&amp#27;[34mmain&amp#27;[0;39m] &amp#27;[33mo.s.d.r.c.RepositoryConfigurationDelegate&amp#27;[0;39m: Bootstrapping Spring Data JPA repositories in DEFAULT mode.
&amp#27;[30m2025-04-16 08:52:27,307&amp#27;[0;39m &amp#27;[39mDEBUG&amp#27;[0;39m [&amp#27;[34mmain&amp#27;[0;39m] &amp#27;[33mo.s.d.r.c.RepositoryConfigurationDelegate&amp#27;[0;39m: Scanning for JPA repositories in packages in.rgukt.r081247.universityapi.repository.
&amp#27;[30m2025-04-16 08:52:27,309&amp#27;[0;39m &amp#27;[39mDEBUG&amp#27;[0;39m [&amp#27;[34mmain&amp#27;[0;39m] &amp#27;[33mo.s.c.a.ClassPathScanningCandidateComponentProvider&amp#27;[0;39m: Identified candidate component class: file [/home/vinod/Desktop/projects/apis/universityapi/target/classes/in/rgukt/r081247/universityapi/repository/CourseRepository.class]
&amp#27;[30m2025-04-16 08:52:27,309&amp#27;[0;39m &amp#27;[39mDEBUG&amp#27;[0;39m [&amp#27;[34mmain&amp#27;[0;39m] &amp#27;[33mo.s.c.a.ClassPathScanningCandidateComponentProvider&amp#27;[0;39m: Identified candidate component class: file [/home/vinod/Desktop/projects/apis/universityapi/target/classes/in/rgukt/r081247/universityapi/repository/DepartmentRepository.class]
&amp#27;[30m2025-04-16 08:52:27,309&amp#27;[0;39m &amp#27;[39mDEBUG&amp#27;[0;39m [&amp#27;[34mmain&amp#27;[0;39m] &amp#27;[33mo.s.c.a.ClassPathScanningCandidateComponentProvider&amp#27;[0;39m: Identified candidate component class: file [/home/vinod/Desktop/projects/apis/universityapi/target/classes/in/rgukt/r081247/universityapi/repository/StudentRepository.class]
&amp#27;[30m2025-04-16 08:52:27,315&amp#27;[0;39m &amp#27;[34mINFO &amp#27;[0;39m [&amp#27;[34mmain&amp#27;[0;39m] &amp#27;[33mo.s.d.r.c.RepositoryConfigurationDelegate&amp#27;[0;39m: Finished Spring Data repository scanning in 7 ms. Found 3 JPA repository interfaces.
&amp#27;[30m2025-04-16 08:52:27,386&amp#27;[0;39m &amp#27;[39mDEBUG&amp#27;[0;39m [&amp#27;[34mmain&amp#27;[0;39m] &amp#27;[33mo.s.b.f.s.DefaultSingletonBeanRegistry&amp#27;[0;39m: Creating shared instance of singleton bean 'springSecurityHandlerMappingIntrospectorBeanDefinitionRegistryPostProcessor'
&amp#27;[30m2025-04-16 08:52:27,389&amp#27;[0;39m &amp#27;[39mDEBUG&amp#27;[0;39m [&amp#27;[34mmain&amp#27;[0;39m] &amp#27;[33mo.s.b.f.s.DefaultSingletonBeanRegistry&amp#27;[0;39m: Creating shared instance of singleton bean 'propertySourcesPlaceholderConfigurer'
&amp#27;[30m2025-04-16 08:52:27,392&amp#27;[0;39m &amp#27;[39mDEBUG&amp#27;[0;39m [&amp#27;[34mmain&amp#27;[0;39m] &amp#27;[33mo.s.b.f.s.DefaultSingletonBeanRegistry&amp#27;[0;39m: Creating shared instance of singleton bean 'org.springframework.boot.test.mock.mockito.MockitoPostProcessor'
&amp#27;[30m2025-04-16 08:52:27,393&amp#27;[0;39m &amp#27;[39mDEBUG&amp#27;[0;39m [&amp#27;[34mmain&amp#27;[0;39m] &amp#27;[33mo.s.b.f.s.DefaultSingletonBeanRegistry&amp#27;[0;39m: Creating shared instance of singleton bean 'emBeanDefinitionRegistrarPostProcessor'
&amp#27;[30m2025-04-16 08:52:27,394&amp#27;[0;39m &amp#27;[39mDEBUG&amp#27;[0;39m [&amp#27;[34mmain&amp#27;[0;39m] &amp#27;[33mo.s.b.f.s.DefaultSingletonBeanRegistry&amp#27;[0;39m: Creating shared instance of singleton bean 'org.springframework.boot.sql.init.dependency.DatabaseInitializationDependencyConfigurer$DependsOnDatabaseInitializationPostProcessor'
&amp#27;[30m2025-04-16 08:52:27,489&amp#27;[0;39m &amp#27;[39mDEBUG&amp#27;[0;39m [&amp#27;[34mmain&amp#27;[0;39m] &amp#27;[33mo.s.b.f.s.DefaultSingletonBeanRegistry&amp#27;[0;39m: Creating shared instance of singleton bean 'org.springframework.context.event.internalEventListenerProcessor'
&amp#27;[30m2025-04-16 08:52:27,490&amp#27;[0;39m &amp#27;[39mDEBUG&amp#27;[0;39m [&amp#27;[34mmain&amp#27;[0;39m] &amp#27;[33mo.s.b.f.s.DefaultSingletonBeanRegistry&amp#27;[0;39m: Creating shared instance of singleton bean 'conversionServicePostProcessor'
&amp#27;[30m2025-04-16 08:52:27,490&amp#27;[0;39m &amp#27;[39mDEBUG&amp#27;[0;39m [&amp#27;[34mmain&amp#27;[0;39m] &amp#27;[33mo.s.b.f.s.DefaultSingletonBeanRegistry&amp#27;[0;39m: Creating shared instance of singleton bean 'preserveErrorControllerTargetClassPostProcessor'
&amp#27;[30m2025-04-16 08:52:27,490&amp#27;[0;39m &amp#27;[39mDEBUG&amp#27;[0;39m [&amp#27;[34mmain&amp#27;[0;39m] &amp#27;[33mo.s.b.f.s.DefaultSingletonBeanRegistry&amp#27;[0;39m: Creating shared instance of singleton bean 'org.springframework.context.event.internalEventListenerFactory'
&amp#27;[30m2025-04-16 08:52:27,491&amp#27;[0;39m &amp#27;[39mDEBUG&amp#27;[0;39m [&amp#27;[34mmain&amp#27;[0;39m] &amp#27;[33mo.s.b.f.s.DefaultSingletonBeanRegistry&amp#27;[0;39m: Creating shared instance of singleton bean 'org.springframework.transaction.config.internalTransactionalEventListenerFactory'
&amp#27;[30m2025-04-16 08:52:27,491&amp#27;[0;39m &amp#27;[39mDEBUG&amp#27;[0;39m [&amp#27;[34mmain&amp#27;[0;39m] &amp#27;[33mo.s.b.f.s.DefaultSingletonBeanRegistry&amp#27;[0;39m: Creating shared instance of singleton bean 'org.springframework.boot.test.mock.mockito.MockitoPostProcessor$SpyPostProcessor'
&amp#27;[30m2025-04-16 08:52:27,492&amp#27;[0;39m &amp#27;[39mDEBUG&amp#27;[0;39m [&amp#27;[34mmain&amp#27;[0;39m] &amp#27;[33mo.s.b.f.s.DefaultSingletonBeanRegistry&amp#27;[0;39m: Creating shared instance of singleton bean 'org.springframework.context.annotation.internalAutowiredAnnotationProcessor'
&amp#27;[30m2025-04-16 08:52:27,492&amp#27;[0;39m &amp#27;[39mDEBUG&amp#27;[0;39m [&amp#27;[34mmain&amp#27;[0;39m] &amp#27;[33mo.s.b.f.s.DefaultSingletonBeanRegistry&amp#27;[0;39m: Creating shared instance of singleton bean 'org.springframework.context.annotation.internalCommonAnnotationProcessor'
&amp#27;[30m2025-04-16 08:52:27,492&amp#27;[0;39m &amp#27;[39mDEBUG&amp#27;[0;39m [&amp#27;[34mmain&amp#27;[0;39m] &amp#27;[33mo.s.b.f.s.DefaultSingletonBeanRegistry&amp#27;[0;39m: Creating shared instance of singleton bean 'org.springframework.context.annotation.internalPersistenceAnnotationProcessor'
&amp#27;[30m2025-04-16 08:52:27,492&amp#27;[0;39m &amp#27;[39mDEBUG&amp#27;[0;39m [&amp#27;[34mmain&amp#27;[0;39m] &amp#27;[33mo.s.b.f.s.DefaultSingletonBeanRegistry&amp#27;[0;39m: Creating shared instance of singleton bean 'org.springframework.boot.context.properties.ConfigurationPropertiesBindingPostProcessor'
&amp#27;[30m2025-04-16 08:52:27,492&amp#27;[0;39m &amp#27;[39mDEBUG&amp#27;[0;39m [&amp#27;[34mmain&amp#27;[0;39m] &amp#27;[33mo.s.b.f.s.DefaultSingletonBeanRegistry&amp#27;[0;39m: Creating shared instance of singleton bean 'org.springframework.boot.context.internalConfigurationPropertiesBinder'
&amp#27;[30m2025-04-16 08:52:27,493&amp#27;[0;39m &amp#27;[39mDEBUG&amp#27;[0;39m [&amp#27;[34mmain&amp#27;[0;39m] &amp#27;[33mo.s.b.f.s.DefaultSingletonBeanRegistry&amp#27;[0;39m: Creating shared instance of singleton bean 'jdbcConnectionDetailsHikariBeanPostProcessor'
&amp#27;[30m2025-04-16 08:52:27,493&amp#27;[0;39m &amp#27;[39mDEBUG&amp#27;[0;39m [&amp#27;[34mmain&amp#27;[0;39m] &amp#27;[33mo.s.b.f.s.DefaultSingletonBeanRegistry&amp#27;[0;39m: Creating shared instance of singleton bean 'org.springframework.aop.config.internalAutoProxyCreator'
&amp#27;[30m2025-04-16 08:52:27,494&amp#27;[0;39m &amp#27;[39mDEBUG&amp#27;[0;39m [&amp#27;[34mmain&amp#27;[0;39m] &amp#27;[33mo.s.b.f.s.DefaultSingletonBeanRegistry&amp#27;[0;39m: Creating shared instance of singleton bean 'methodValidationPostProcessor'
&amp#27;[30m2025-04-16 08:52:27,494&amp#27;[0;39m &amp#27;[39mDEBUG&amp#27;[0;39m [&amp#27;[34mmain&amp#27;[0;39m] &amp#27;[33mo.s.b.f.s.ConstructorResolver&amp#27;[0;39m: Autowiring by type from bean name 'methodValidationPostProcessor' via factory method to bean named 'environment'
&amp#27;[30m2025-04-16 08:52:27,495&amp#27;[0;39m &amp#27;[39mDEBUG&amp#27;[0;39m [&amp#27;[34mmain&amp#27;[0;39m] &amp#27;[33mo.s.b.f.s.DefaultSingletonBeanRegistry&amp#27;[0;39m: Creating shared instance of singleton bean 'org.springframework.boot.context.properties.EnableConfigurationPropertiesRegistrar.methodValidationExcludeFilter'
&amp#27;[30m2025-04-16 08:52:27,496&amp#27;[0;39m &amp#27;[39mDEBUG&amp#27;[0;39m [&amp#27;[34mmain&amp#27;[0;39m] &amp#27;[33mo.s.b.f.s.DefaultSingletonBeanRegistry&amp#27;[0;39m: Creating shared instance of singleton bean 'persistenceExceptionTranslationPostProcessor'
&amp#27;[30m2025-04-16 08:52:27,496&amp#27;[0;39m &amp#27;[39mDEBUG&amp#27;[0;39m [&amp#27;[34mmain&amp#27;[0;39m] &amp#27;[33mo.s.b.f.s.ConstructorResolver&amp#27;[0;39m: Autowiring by type from bean name 'persistenceExceptionTranslationPostProcessor' via factory method to bean named 'environment'
&amp#27;[30m2025-04-16 08:52:27,496&amp#27;[0;39m &amp#27;[39mDEBUG&amp#27;[0;39m [&amp#27;[34mmain&amp#27;[0;39m] &amp#27;[33mo.s.b.f.s.DefaultSingletonBeanRegistry&amp#27;[0;39m: Creating shared instance of singleton bean 'webServerFactoryCustomizerBeanPostProcessor'
&amp#27;[30m2025-04-16 08:52:27,496&amp#27;[0;39m &amp#27;[39mDEBUG&amp#27;[0;39m [&amp#27;[34mmain&amp#27;[0;39m] &amp#27;[33mo.s.b.f.s.DefaultSingletonBeanRegistry&amp#27;[0;39m: Creating shared instance of singleton bean 'errorPageRegistrarBeanPostProcessor'
&amp#27;[30m2025-04-16 08:52:27,497&amp#27;[0;39m &amp#27;[39mDEBUG&amp#27;[0;39m [&amp#27;[34mmain&amp#27;[0;39m] &amp#27;[33mo.s.b.f.s.DefaultSingletonBeanRegistry&amp#27;[0;39m: Creating shared instance of singleton bean 'projectingArgumentResolverBeanPostProcessor'
&amp#27;[30m2025-04-16 08:52:27,497&amp#27;[0;39m &amp#27;[39mDEBUG&amp#27;[0;39m [&amp#27;[34mmain&amp#27;[0;39m] &amp#27;[33mo.s.b.f.s.DefaultSingletonBeanRegistry&amp#27;[0;39m: Creating shared instance of singleton bean 'org.springframework.transaction.config.internalTransactionAdvisor'
&amp#27;[30m2025-04-16 08:52:27,497&amp#27;[0;39m &amp#27;[39mDEBUG&amp#27;[0;39m [&amp#27;[34mmain&amp#27;[0;39m] &amp#27;[33mo.s.b.f.s.DefaultSingletonBeanRegistry&amp#27;[0;39m: Creating shared instance of singleton bean 'org.springframework.transaction.annotation.ProxyTransactionManagementConfiguration'
&amp#27;[30m2025-04-16 08:52:27,497&amp#27;[0;39m &amp#27;[39mDEBUG&amp#27;[0;39m [&amp#27;[34mmain&amp#27;[0;39m] &amp#27;[33mo.s.b.f.s.DefaultSingletonBeanRegistry&amp#27;[0;39m: Creating shared instance of singleton bean 'preFilterAuthorizationAdvisor'
&amp#27;[30m2025-04-16 08:52:27,497&amp#27;[0;39m &amp#27;[39mDEBUG&amp#27;[0;39m [&amp#27;[34mmain&amp#27;[0;39m] &amp#27;[33mo.s.b.f.s.DefaultSingletonBeanRegistry&amp#27;[0;39m: Creating shared instance of singleton bean 'preFilterAuthorizationMethodInterceptor'
&amp#27;[30m2025-04-16 08:52:27,498&amp#27;[0;39m &amp#27;[39mDEBUG&amp#27;[0;39m [&amp#27;[34mmain&amp#27;[0;39m] &amp#27;[33mo.s.b.f.s.DefaultSingletonBeanRegistry&amp#27;[0;39m: Creating shared instance of singleton bean 'preAuthorizeAuthorizationAdvisor'
&amp#27;[30m2025-04-16 08:52:27,498&amp#27;[0;39m &amp#27;[39mDEBUG&amp#27;[0;39m [&amp#27;[34mmain&amp#27;[0;39m] &amp#27;[33mo.s.b.f.s.DefaultSingletonBeanRegistry&amp#27;[0;39m: Creating shared instance of singleton bean 'preAuthorizeAuthorizationMethodInterceptor'
&amp#27;[30m2025-04-16 08:52:27,498&amp#27;[0;39m &amp#27;[39mDEBUG&amp#27;[0;39m [&amp#27;[34mmain&amp#27;[0;39m] &amp#27;[33mo.s.b.f.s.DefaultSingletonBeanRegistry&amp#27;[0;39m: Creating shared instance of singleton bean 'postFilterAuthorizationAdvisor'
&amp#27;[30m2025-04-16 08:52:27,498&amp#27;[0;39m &amp#27;[39mDEBUG&amp#27;[0;39m [&amp#27;[34mmain&amp#27;[0;39m] &amp#27;[33mo.s.b.f.s.DefaultSingletonBeanRegistry&amp#27;[0;39m: Creating shared instance of singleton bean 'postFilterAuthorizationMethodInterceptor'
&amp#27;[30m2025-04-16 08:52:27,498&amp#27;[0;39m &amp#27;[39mDEBUG&amp#27;[0;39m [&amp#27;[34mmain&amp#27;[0;39m] &amp#27;[33mo.s.b.f.s.DefaultSingletonBeanRegistry&amp#27;[0;39m: Creating shared instance of singleton bean 'postAuthorizeAuthorizationAdvisor'
&amp#27;[30m2025-04-16 08:52:27,498&amp#27;[0;39m &amp#27;[39mDEBUG&amp#27;[0;39m [&amp#27;[34mmain&amp#27;[0;39m] &amp#27;[33mo.s.b.f.s.DefaultSingletonBeanRegistry&amp#27;[0;39m: Creating shared instance of singleton bean 'postAuthorizeAuthorizationMethodInterceptor'
&amp#27;[30m2025-04-16 08:52:27,498&amp#27;[0;39m &amp#27;[39mDEBUG&amp#27;[0;39m [&amp#27;[34mmain&amp#27;[0;39m] &amp#27;[33mo.s.b.f.s.DefaultSingletonBeanRegistry&amp#27;[0;39m: Creating shared instance of singleton bean 'securedAuthorizationAdvisor'
&amp#27;[30m2025-04-16 08:52:27,498&amp#27;[0;39m &amp#27;[39mDEBUG&amp#27;[0;39m [&amp#27;[34mmain&amp#27;[0;39m] &amp#27;[33mo.s.b.f.s.DefaultSingletonBeanRegistry&amp#27;[0;39m: Creating shared instance of singleton bean 'securedAuthorizationMethodInterceptor'
&amp#27;[30m2025-04-16 08:52:27,499&amp#27;[0;39m &amp#27;[39mDEBUG&amp#27;[0;39m [&amp#27;[34mmain&amp#27;[0;39m] &amp#27;[33mo.s.b.f.s.DefaultSingletonBeanRegistry&amp#27;[0;39m: Creating shared instance of singleton bean 'authorizeReturnObjectAdvisor'
&amp#27;[30m2025-04-16 08:52:27,499&amp#27;[0;39m &amp#27;[39mDEBUG&amp#27;[0;39m [&amp#27;[34mmain&amp#27;[0;39m] &amp#27;[33mo.s.b.f.s.DefaultSingletonBeanRegistry&amp#27;[0;39m: Creating shared instance of singleton bean 'authorizeReturnObjectMethodInterceptor'
&amp#27;[30m2025-04-16 08:52:27,499&amp#27;[0;39m &amp#27;[39mDEBUG&amp#27;[0;39m [&amp#27;[34mmain&amp#27;[0;39m] &amp#27;[33mo.s.b.f.s.DefaultSingletonBeanRegistry&amp#27;[0;39m: Creating shared instance of singleton bean 'authorizationProxyFactory'
&amp#27;[30m2025-04-16 08:52:27,499&amp#27;[0;39m &amp#27;[39mDEBUG&amp#27;[0;39m [&amp#27;[34mmain&amp#27;[0;39m] &amp#27;[33mo.s.b.f.s.ConstructorResolver&amp#27;[0;39m: Autowiring by type from bean name 'authorizeReturnObjectMethodInterceptor' via factory method to bean named 'authorizationProxyFactory'
&amp#27;[30m2025-04-16 08:52:27,503&amp#27;[0;39m &amp#27;[39mDEBUG&amp#27;[0;39m [&amp#27;[34mmain&amp#27;[0;39m] &amp#27;[33mo.s.b.f.s.DefaultSingletonBeanRegistry&amp#27;[0;39m: Creating shared instance of singleton bean 'transactionAttributeSource'
&amp#27;[30m2025-04-16 08:52:27,503&amp#27;[0;39m &amp#27;[39mDEBUG&amp#27;[0;39m [&amp#27;[34mmain&amp#27;[0;39m] &amp#27;[33mo.s.b.f.s.DefaultSingletonBeanRegistry&amp#27;[0;39m: Creating shared instance of singleton bean 'transactionInterceptor'
&amp#27;[30m2025-04-16 08:52:27,503&amp#27;[0;39m &amp#27;[39mDEBUG&amp#27;[0;39m [&amp#27;[34mmain&amp#27;[0;39m] &amp#27;[33mo.s.b.f.s.ConstructorResolver&amp#27;[0;39m: Autowiring by type from bean name 'transactionInterceptor' via factory method to bean named 'transactionAttributeSource'
&amp#27;[30m2025-04-16 08:52:27,503&amp#27;[0;39m &amp#27;[39mDEBUG&amp#27;[0;39m [&amp#27;[34mmain&amp#27;[0;39m] &amp#27;[33mo.s.b.f.s.ConstructorResolver&amp#27;[0;39m: Autowiring by type from bean name 'org.springframework.transaction.config.internalTransactionAdvisor' via factory method to bean named 'transactionAttributeSource'
&amp#27;[30m2025-04-16 08:52:27,504&amp#27;[0;39m &amp#27;[39mDEBUG&amp#27;[0;39m [&amp#27;[34mmain&amp#27;[0;39m] &amp#27;[33mo.s.b.f.s.ConstructorResolver&amp#27;[0;39m: Autowiring by type from bean name 'org.springframework.transaction.config.internalTransactionAdvisor' via factory method to bean named 'transactionInterceptor'
&amp#27;[30m2025-04-16 08:52:27,504&amp#27;[0;39m &amp#27;[39mDEBUG&amp#27;[0;39m [&amp#27;[34mmain&amp#27;[0;39m] &amp#27;[33mo.s.u.c.s.UiApplicationContextUtils&amp#27;[0;39m: Unable to locate ThemeSource with name 'themeSource': using default [org.springframework.ui.context.support.ResourceBundleThemeSource@21304869]
&amp#27;[30m2025-04-16 08:52:27,504&amp#27;[0;39m &amp#27;[39mDEBUG&amp#27;[0;39m [&amp#27;[34mmain&amp#27;[0;39m] &amp#27;[33mo.s.b.f.s.DefaultSingletonBeanRegistry&amp#27;[0;39m: Creating shared instance of singleton bean 'org.springframework.test.context.support.internalDynamicPropertyRegistrarBeanInitializer'
&amp#27;[30m2025-04-16 08:52:27,505&amp#27;[0;39m &amp#27;[39mDEBUG&amp#27;[0;39m [&amp#27;[34mmain&amp#27;[0;39m] &amp#27;[33mo.s.b.f.s.DefaultSingletonBeanRegistry&amp#27;[0;39m: Creating shared instance of singleton bean 'dataSourceScriptDatabaseInitializer'
&amp#27;[30m2025-04-16 08:52:27,505&amp#27;[0;39m &amp#27;[39mDEBUG&amp#27;[0;39m [&amp#27;[34mmain&amp#27;[0;39m] &amp#27;[33mo.s.b.f.s.DefaultSingletonBeanRegistry&amp#27;[0;39m: Creating shared instance of singleton bean 'org.springframework.boot.autoconfigure.sql.init.DataSourceInitializationConfiguration'
&amp#27;[30m2025-04-16 08:52:27,505&amp#27;[0;39m &amp#27;[39mDEBUG&amp#27;[0;39m [&amp#27;[34mmain&amp#27;[0;39m] &amp#27;[33mo.s.b.f.s.DefaultSingletonBeanRegistry&amp#27;[0;39m: Creating shared instance of singleton bean 'dataSource'
&amp#27;[30m2025-04-16 08:52:27,506&amp#27;[0;39m &amp#27;[39mDEBUG&amp#27;[0;39m [&amp#27;[34mmain&amp#27;[0;39m] &amp#27;[33mo.s.b.f.s.DefaultSingletonBeanRegistry&amp#27;[0;39m: Creating shared instance of singleton bean 'org.springframework.boot.autoconfigure.jdbc.DataSourceConfiguration$Hikari'
&amp#27;[30m2025-04-16 08:52:27,506&amp#27;[0;39m &amp#27;[39mDEBUG&amp#27;[0;39m [&amp#27;[34mmain&amp#27;[0;39m] &amp#27;[33mo.s.b.f.s.DefaultSingletonBeanRegistry&amp#27;[0;39m: Creating shared instance of singleton bean 'spring.datasource-org.springframework.boot.autoconfigure.jdbc.DataSourceProperties'
&amp#27;[30m2025-04-16 08:52:27,506&amp#27;[0;39m &amp#27;[39mDEBUG&amp#27;[0;39m [&amp#27;[34mmain&amp#27;[0;39m] &amp#27;[33mo.s.b.f.s.DefaultSingletonBeanRegistry&amp#27;[0;39m: Creating shared instance of singleton bean 'org.springframework.boot.context.properties.BoundConfigurationProperties'
&amp#27;[30m2025-04-16 08:52:27,509&amp#27;[0;39m &amp#27;[39mDEBUG&amp#27;[0;39m [&amp#27;[34mmain&amp#27;[0;39m] &amp#27;[33mo.s.b.f.s.DefaultSingletonBeanRegistry&amp#27;[0;39m: Creating shared instance of singleton bean 'jdbcConnectionDetails'
&amp#27;[30m2025-04-16 08:52:27,509&amp#27;[0;39m &amp#27;[39mDEBUG&amp#27;[0;39m [&amp#27;[34mmain&amp#27;[0;39m] &amp#27;[33mo.s.b.f.s.DefaultSingletonBeanRegistry&amp#27;[0;39m: Creating shared instance of singleton bean 'org.springframework.boot.autoconfigure.jdbc.DataSourceAutoConfiguration$PooledDataSourceConfiguration'
&amp#27;[30m2025-04-16 08:52:27,509&amp#27;[0;39m &amp#27;[39mDEBUG&amp#27;[0;39m [&amp#27;[34mmain&amp#27;[0;39m] &amp#27;[33mo.s.b.f.s.ConstructorResolver&amp#27;[0;39m: Autowiring by type from bean name 'jdbcConnectionDetails' via factory method to bean named 'spring.datasource-org.springframework.boot.autoconfigure.jdbc.DataSourceProperties'
&amp#27;[30m2025-04-16 08:52:27,510&amp#27;[0;39m &amp#27;[39mDEBUG&amp#27;[0;39m [&amp#27;[34mmain&amp#27;[0;39m] &amp#27;[33mo.s.b.f.s.ConstructorResolver&amp#27;[0;39m: Autowiring by type from bean name 'dataSource' via factory method to bean named 'spring.datasource-org.springframework.boot.autoconfigure.jdbc.DataSourceProperties'
&amp#27;[30m2025-04-16 08:52:27,510&amp#27;[0;39m &amp#27;[39mDEBUG&amp#27;[0;39m [&amp#27;[34mmain&amp#27;[0;39m] &amp#27;[33mo.s.b.f.s.ConstructorResolver&amp#27;[0;39m: Autowiring by type from bean name 'dataSource' via factory method to bean named 'jdbcConnectionDetails'
&amp#27;[30m2025-04-16 08:52:27,510&amp#27;[0;39m &amp#27;[39mDEBUG&amp#27;[0;39m [&amp#27;[34mmain&amp#27;[0;39m] &amp#27;[33mc.z.h.HikariConfig&amp#27;[0;39m: Driver class org.h2.Driver found in Thread context class loader jdk.internal.loader.ClassLoaders$AppClassLoader@2f6cfdf6
&amp#27;[30m2025-04-16 08:52:27,515&amp#27;[0;39m &amp#27;[39mDEBUG&amp#27;[0;39m [&amp#27;[34mmain&amp#27;[0;39m] &amp#27;[33mo.s.b.f.s.DefaultSingletonBeanRegistry&amp#27;[0;39m: Creating shared instance of singleton bean 'spring.sql.init-org.springframework.boot.autoconfigure.sql.init.SqlInitializationProperties'
&amp#27;[30m2025-04-16 08:52:27,516&amp#27;[0;39m &amp#27;[39mDEBUG&amp#27;[0;39m [&amp#27;[34mmain&amp#27;[0;39m] &amp#27;[33mo.s.b.f.s.ConstructorResolver&amp#27;[0;39m: Autowiring by type from bean name 'dataSourceScriptDatabaseInitializer' via factory method to bean named 'dataSource'
&amp#27;[30m2025-04-16 08:52:27,516&amp#27;[0;39m &amp#27;[39mDEBUG&amp#27;[0;39m [&amp#27;[34mmain&amp#27;[0;39m] &amp#27;[33mo.s.b.f.s.ConstructorResolver&amp#27;[0;39m: Autowiring by type from bean name 'dataSourceScriptDatabaseInitializer' via factory method to bean named 'spring.sql.init-org.springframework.boot.autoconfigure.sql.init.SqlInitializationProperties'
&amp#27;[30m2025-04-16 08:52:27,516&amp#27;[0;39m &amp#27;[39mDEBUG&amp#27;[0;39m [&amp#27;[34mmain&amp#27;[0;39m] &amp#27;[33mo.s.b.f.s.DefaultSingletonBeanRegistry&amp#27;[0;39m: Creating shared instance of singleton bean 'entityManagerFactory'
&amp#27;[30m2025-04-16 08:52:27,516&amp#27;[0;39m &amp#27;[39mDEBUG&amp#27;[0;39m [&amp#27;[34mmain&amp#27;[0;39m] &amp#27;[33mo.s.b.f.s.DefaultSingletonBeanRegistry&amp#27;[0;39m: Creating shared instance of singleton bean 'org.springframework.boot.autoconfigure.orm.jpa.HibernateJpaConfiguration'
&amp#27;[30m2025-04-16 08:52:27,517&amp#27;[0;39m &amp#27;[39mDEBUG&amp#27;[0;39m [&amp#27;[34mmain&amp#27;[0;39m] &amp#27;[33mo.s.b.f.s.DefaultSingletonBeanRegistry&amp#27;[0;39m: Creating shared instance of singleton bean 'spring.jpa-org.springframework.boot.autoconfigure.orm.jpa.JpaProperties'
&amp#27;[30m2025-04-16 08:52:27,519&amp#27;[0;39m &amp#27;[39mDEBUG&amp#27;[0;39m [&amp#27;[34mmain&amp#27;[0;39m] &amp#27;[33mo.s.b.f.s.DefaultSingletonBeanRegistry&amp#27;[0;39m: Creating shared instance of singleton bean 'spring.jpa.hibernate-org.springframework.boot.autoconfigure.orm.jpa.HibernateProperties'
&amp#27;[30m2025-04-16 08:52:27,520&amp#27;[0;39m &amp#27;[39mDEBUG&amp#27;[0;39m [&amp#27;[34mmain&amp#27;[0;39m] &amp#27;[33mo.s.b.f.s.ConstructorResolver&amp#27;[0;39m: Autowiring by type from bean name 'org.springframework.boot.autoconfigure.orm.jpa.HibernateJpaConfiguration' via constructor to bean named 'dataSource'
&amp#27;[30m2025-04-16 08:52:27,520&amp#27;[0;39m &amp#27;[39mDEBUG&amp#27;[0;39m [&amp#27;[34mmain&amp#27;[0;39m] &amp#27;[33mo.s.b.f.s.ConstructorResolver&amp#27;[0;39m: Autowiring by type from bean name 'org.springframework.boot.autoconfigure.orm.jpa.HibernateJpaConfiguration' via constructor to bean named 'spring.jpa-org.springframework.boot.autoconfigure.orm.jpa.JpaProperties'
&amp#27;[30m2025-04-16 08:52:27,520&amp#27;[0;39m &amp#27;[39mDEBUG&amp#27;[0;39m [&amp#27;[34mmain&amp#27;[0;39m] &amp#27;[33mo.s.b.f.s.ConstructorResolver&amp#27;[0;39m: Autowiring by type from bean name 'org.springframework.boot.autoconfigure.orm.jpa.HibernateJpaConfiguration' via constructor to bean named 'org.springframework.beans.factory.support.DefaultListableBeanFactory@79d538c1'
&amp#27;[30m2025-04-16 08:52:27,520&amp#27;[0;39m &amp#27;[39mDEBUG&amp#27;[0;39m [&amp#27;[34mmain&amp#27;[0;39m] &amp#27;[33mo.s.b.f.s.ConstructorResolver&amp#27;[0;39m: Autowiring by type from bean name 'org.springframework.boot.autoconfigure.orm.jpa.HibernateJpaConfiguration' via constructor to bean named 'spring.jpa.hibernate-org.springframework.boot.autoconfigure.orm.jpa.HibernateProperties'
&amp#27;[30m2025-04-16 08:52:27,521&amp#27;[0;39m &amp#27;[39mDEBUG&amp#27;[0;39m [&amp#27;[34mmain&amp#27;[0;39m] &amp#27;[33mo.s.b.f.s.DefaultSingletonBeanRegistry&amp#27;[0;39m: Creating shared instance of singleton bean 'hikariPoolDataSourceMetadataProvider'
&amp#27;[30m2025-04-16 08:52:27,521&amp#27;[0;39m &amp#27;[39mDEBUG&amp#27;[0;39m [&amp#27;[34mmain&amp#27;[0;39m] &amp#27;[33mo.s.b.f.s.DefaultSingletonBeanRegistry&amp#27;[0;39m: Creating shared instance of singleton bean 'org.springframework.boot.autoconfigure.jdbc.metadata.DataSourcePoolMetadataProvidersConfiguration$HikariPoolDataSourceMetadataProviderConfiguration'
&amp#27;[30m2025-04-16 08:52:27,522&amp#27;[0;39m &amp#27;[39mDEBUG&amp#27;[0;39m [&amp#27;[34mmain&amp#27;[0;39m] &amp#27;[33mo.s.b.f.s.DefaultSingletonBeanRegistry&amp#27;[0;39m: Creating shared instance of singleton bean 'entityManagerFactoryBuilder'
&amp#27;[30m2025-04-16 08:52:27,523&amp#27;[0;39m &amp#27;[39mDEBUG&amp#27;[0;39m [&amp#27;[34mmain&amp#27;[0;39m] &amp#27;[33mo.s.b.f.s.DefaultSingletonBeanRegistry&amp#27;[0;39m: Creating shared instance of singleton bean 'jpaVendorAdapter'
&amp#27;[30m2025-04-16 08:52:27,523&amp#27;[0;39m &amp#27;[39mDEBUG&amp#27;[0;39m [&amp#27;[34mmain&amp#27;[0;39m] &amp#27;[33mo.s.b.f.s.ConstructorResolver&amp#27;[0;39m: Autowiring by type from bean name 'entityManagerFactoryBuilder' via factory method to bean named 'jpaVendorAdapter'
&amp#27;[30m2025-04-16 08:52:27,524&amp#27;[0;39m &amp#27;[39mDEBUG&amp#27;[0;39m [&amp#27;[34mmain&amp#27;[0;39m] &amp#27;[33mo.s.b.f.s.DefaultSingletonBeanRegistry&amp#27;[0;39m: Creating shared instance of singleton bean 'persistenceManagedTypes'
&amp#27;[30m2025-04-16 08:52:27,524&amp#27;[0;39m &amp#27;[39mDEBUG&amp#27;[0;39m [&amp#27;[34mmain&amp#27;[0;39m] &amp#27;[33mo.s.b.f.s.ConstructorResolver&amp#27;[0;39m: Autowiring by type from bean name 'persistenceManagedTypes' via factory method to bean named 'org.springframework.beans.factory.support.DefaultListableBeanFactory@79d538c1'
&amp#27;[30m2025-04-16 08:52:27,524&amp#27;[0;39m &amp#27;[39mDEBUG&amp#27;[0;39m [&amp#27;[34mmain&amp#27;[0;39m] &amp#27;[33mo.s.b.f.s.ConstructorResolver&amp#27;[0;39m: Autowiring by type from bean name 'persistenceManagedTypes' via factory method to bean named 'org.springframework.web.context.support.GenericWebApplicationContext@77e8492f'
&amp#27;[30m2025-04-16 08:52:27,524&amp#27;[0;39m &amp#27;[39mDEBUG&amp#27;[0;39m [&amp#27;[34mmain&amp#27;[0;39m] &amp#27;[33mo.s.b.f.s.DefaultSingletonBeanRegistry&amp#27;[0;39m: Creating shared instance of singleton bean 'org.springframework.boot.autoconfigure.AutoConfigurationPackages'
&amp#27;[30m2025-04-16 08:52:27,525&amp#27;[0;39m &amp#27;[39mDEBUG&amp#27;[0;39m [&amp#27;[34mmain&amp#27;[0;39m] &amp#27;[33mo.s.b.a.AutoConfigurationPackages$BasePackages&amp#27;[0;39m: @EnableAutoConfiguration was declared on a class in the package 'in.rgukt.r081247.universityapi'. Automatic @Repository and @Entity scanning is enabled.
&amp#27;[30m2025-04-16 08:52:27,526&amp#27;[0;39m &amp#27;[39mDEBUG&amp#27;[0;39m [&amp#27;[34mmain&amp#27;[0;39m] &amp#27;[33mo.s.b.f.s.ConstructorResolver&amp#27;[0;39m: Autowiring by type from bean name 'entityManagerFactory' via factory method to bean named 'entityManagerFactoryBuilder'
&amp#27;[30m2025-04-16 08:52:27,527&amp#27;[0;39m &amp#27;[39mDEBUG&amp#27;[0;39m [&amp#27;[34mmain&amp#27;[0;39m] &amp#27;[33mo.s.b.f.s.ConstructorResolver&amp#27;[0;39m: Autowiring by type from bean name 'entityManagerFactory' via factory method to bean named 'persistenceManagedTypes'
&amp#27;[30m2025-04-16 08:52:27,527&amp#27;[0;39m &amp#27;[39mDEBUG&amp#27;[0;39m [&amp#27;[34mmain&amp#27;[0;39m] &amp#27;[33mo.s.o.j.LocalContainerEntityManagerFactoryBean&amp#27;[0;39m: Building JPA container EntityManagerFactory for persistence unit 'default'
&amp#27;[30m2025-04-16 08:52:27,527&amp#27;[0;39m &amp#27;[39mDEBUG&amp#27;[0;39m [&amp#27;[34mmain&amp#27;[0;39m] &amp#27;[33mo.h.j.i.u.LogHelper&amp#27;[0;39m: PersistenceUnitInfo [
	name: default
	persistence provider classname: null
	classloader: jdk.internal.loader.ClassLoaders$AppClassLoader@2f6cfdf6
	excludeUnlistedClasses: true
	JTA datasource: null
	Non JTA datasource: HikariDataSource (null)
	Transaction type: RESOURCE_LOCAL
	PU root URL: file:/home/vinod/Desktop/projects/apis/universityapi/target/test-classes/
	Shared Cache Mode: UNSPECIFIED
	Validation Mode: AUTO
	Jar files URLs []
	Managed classes names [
		in.rgukt.r081247.universityapi.entity.Course
		in.rgukt.r081247.universityapi.entity.Department
		in.rgukt.r081247.universityapi.entity.Student]
	Mapping files names []
	Properties []
&amp#27;[30m2025-04-16 08:52:27,527&amp#27;[0;39m &amp#27;[39mDEBUG&amp#27;[0;39m [&amp#27;[34mmain&amp#27;[0;39m] &amp#27;[33mo.h.i.i.IntegratorServiceImpl&amp#27;[0;39m: Adding Integrator [org.hibernate.boot.beanvalidation.BeanValidationIntegrator].
&amp#27;[30m2025-04-16 08:52:27,527&amp#27;[0;39m &amp#27;[39mDEBUG&amp#27;[0;39m [&amp#27;[34mmain&amp#27;[0;39m] &amp#27;[33mo.h.i.i.IntegratorServiceImpl&amp#27;[0;39m: Adding Integrator [org.hibernate.cache.internal.CollectionCacheInvalidator].
&amp#27;[30m2025-04-16 08:52:27,528&amp#27;[0;39m &amp#27;[39mDEBUG&amp#27;[0;39m [&amp#27;[34mmain&amp#27;[0;39m] &amp#27;[33mo.h.i.f.i.StandardIdentifierGeneratorFactory&amp#27;[0;39m: Registering IdentifierGenerator strategy [uuid2] -> [org.hibernate.id.UUIDGenerator]
&amp#27;[30m2025-04-16 08:52:27,528&amp#27;[0;39m &amp#27;[39mDEBUG&amp#27;[0;39m [&amp#27;[34mmain&amp#27;[0;39m] &amp#27;[33mo.h.i.f.i.StandardIdentifierGeneratorFactory&amp#27;[0;39m: Registering IdentifierGenerator strategy [guid] -> [org.hibernate.id.GUIDGenerator]
&amp#27;[30m2025-04-16 08:52:27,528&amp#27;[0;39m &amp#27;[39mDEBUG&amp#27;[0;39m [&amp#27;[34mmain&amp#27;[0;39m] &amp#27;[33mo.h.i.f.i.StandardIdentifierGeneratorFactory&amp#27;[0;39m: Registering IdentifierGenerator strategy [uuid] -> [org.hibernate.id.UUIDHexGenerator]
&amp#27;[30m2025-04-16 08:52:27,528&amp#27;[0;39m &amp#27;[39mDEBUG&amp#27;[0;39m [&amp#27;[34mmain&amp#27;[0;39m] &amp#27;[33mo.h.i.f.i.StandardIdentifierGeneratorFactory&amp#27;[0;39m: Registering IdentifierGenerator strategy [uuid.hex] -> [org.hibernate.id.UUIDHexGenerator]
&amp#27;[30m2025-04-16 08:52:27,528&amp#27;[0;39m &amp#27;[39mDEBUG&amp#27;[0;39m [&amp#27;[34mmain&amp#27;[0;39m] &amp#27;[33mo.h.i.f.i.StandardIdentifierGeneratorFactory&amp#27;[0;39m: Registering IdentifierGenerator strategy [assigned] -> [org.hibernate.id.Assigned]
&amp#27;[30m2025-04-16 08:52:27,528&amp#27;[0;39m &amp#27;[39mDEBUG&amp#27;[0;39m [&amp#27;[34mmain&amp#27;[0;39m] &amp#27;[33mo.h.i.f.i.StandardIdentifierGeneratorFactory&amp#27;[0;39m: Registering IdentifierGenerator strategy [identity] -> [org.hibernate.id.IdentityGenerator]
&amp#27;[30m2025-04-16 08:52:27,529&amp#27;[0;39m &amp#27;[39mDEBUG&amp#27;[0;39m [&amp#27;[34mmain&amp#27;[0;39m] &amp#27;[33mo.h.i.f.i.StandardIdentifierGeneratorFactory&amp#27;[0;39m: Registering IdentifierGenerator strategy [select] -> [org.hibernate.id.SelectGenerator]
&amp#27;[30m2025-04-16 08:52:27,529&amp#27;[0;39m &amp#27;[39mDEBUG&amp#27;[0;39m [&amp#27;[34mmain&amp#27;[0;39m] &amp#27;[33mo.h.i.f.i.StandardIdentifierGeneratorFactory&amp#27;[0;39m: Registering IdentifierGenerator strategy [sequence] -> [org.hibernate.id.enhanced.SequenceStyleGenerator]
&amp#27;[30m2025-04-16 08:52:27,529&amp#27;[0;39m &amp#27;[39mDEBUG&amp#27;[0;39m [&amp#27;[34mmain&amp#27;[0;39m] &amp#27;[33mo.h.i.f.i.StandardIdentifierGeneratorFactory&amp#27;[0;39m: Registering IdentifierGenerator strategy [increment] -> [org.hibernate.id.IncrementGenerator]
&amp#27;[30m2025-04-16 08:52:27,529&amp#27;[0;39m &amp#27;[39mDEBUG&amp#27;[0;39m [&amp#27;[34mmain&amp#27;[0;39m] &amp#27;[33mo.h.i.f.i.StandardIdentifierGeneratorFactory&amp#27;[0;39m: Registering IdentifierGenerator strategy [foreign] -> [org.hibernate.id.ForeignGenerator]
&amp#27;[30m2025-04-16 08:52:27,529&amp#27;[0;39m &amp#27;[39mDEBUG&amp#27;[0;39m [&amp#27;[34mmain&amp#27;[0;39m] &amp#27;[33mo.h.i.f.i.StandardIdentifierGeneratorFactory&amp#27;[0;39m: Registering IdentifierGenerator strategy [enhanced-sequence] -> [org.hibernate.id.enhanced.SequenceStyleGenerator]
&amp#27;[30m2025-04-16 08:52:27,529&amp#27;[0;39m &amp#27;[39mDEBUG&amp#27;[0;39m [&amp#27;[34mmain&amp#27;[0;39m] &amp#27;[33mo.h.i.f.i.StandardIdentifierGeneratorFactory&amp#27;[0;39m: Registering IdentifierGenerator strategy [enhanced-table] -> [org.hibernate.id.enhanced.TableGenerator]
&amp#27;[30m2025-04-16 08:52:27,529&amp#27;[0;39m &amp#27;[39mDEBUG&amp#27;[0;39m [&amp#27;[34mmain&amp#27;[0;39m] &amp#27;[33mo.h.c.i.RegionFactoryInitiator&amp#27;[0;39m: Cannot default RegionFactory based on registered strategies as `[]` RegionFactory strategies were registered
&amp#27;[30m2025-04-16 08:52:27,529&amp#27;[0;39m &amp#27;[34mINFO &amp#27;[0;39m [&amp#27;[34mmain&amp#27;[0;39m] &amp#27;[33mo.h.c.i.RegionFactoryInitiator&amp#27;[0;39m: HHH000026: Second-level cache disabled
&amp#27;[30m2025-04-16 08:52:27,529&amp#27;[0;39m &amp#27;[39mDEBUG&amp#27;[0;39m [&amp#27;[34mmain&amp#27;[0;39m] &amp#27;[33mo.h.t.BasicTypeRegistry&amp#27;[0;39m: Adding type registration boolean -> org.hibernate.type.BasicTypeReference@4aab7195
&amp#27;[30m2025-04-16 08:52:27,529&amp#27;[0;39m &amp#27;[39mDEBUG&amp#27;[0;39m [&amp#27;[34mmain&amp#27;[0;39m] &amp#27;[33mo.h.t.BasicTypeRegistry&amp#27;[0;39m: Adding type registration boolean -> org.hibernate.type.BasicTypeReference@4aab7195
&amp#27;[30m2025-04-16 08:52:27,529&amp#27;[0;39m &amp#27;[39mDEBUG&amp#27;[0;39m [&amp#27;[34mmain&amp#27;[0;39m] &amp#27;[33mo.h.t.BasicTypeRegistry&amp#27;[0;39m: Adding type registration java.lang.Boolean -> org.hibernate.type.BasicTypeReference@4aab7195
&amp#27;[30m2025-04-16 08:52:27,529&amp#27;[0;39m &amp#27;[39mDEBUG&amp#27;[0;39m [&amp#27;[34mmain&amp#27;[0;39m] &amp#27;[33mo.h.t.BasicTypeRegistry&amp#27;[0;39m: Adding type registration numeric_boolean -> org.hibernate.type.BasicTypeReference@6210666c
&amp#27;[30m2025-04-16 08:52:27,529&amp#27;[0;39m &amp#27;[39mDEBUG&amp#27;[0;39m [&amp#27;[34mmain&amp#27;[0;39m] &amp#27;[33mo.h.t.BasicTypeRegistry&amp#27;[0;39m: Adding type registration org.hibernate.type.NumericBooleanConverter -> org.hibernate.type.BasicTypeReference@6210666c
&amp#27;[30m2025-04-16 08:52:27,529&amp#27;[0;39m &amp#27;[39mDEBUG&amp#27;[0;39m [&amp#27;[34mmain&amp#27;[0;39m] &amp#27;[33mo.h.t.BasicTypeRegistry&amp#27;[0;39m: Adding type registration true_false -> org.hibernate.type.BasicTypeReference@1dca62c2
&amp#27;[30m2025-04-16 08:52:27,533&amp#27;[0;39m &amp#27;[39mDEBUG&amp#27;[0;39m [&amp#27;[34mmain&amp#27;[0;39m] &amp#27;[33mo.h.t.BasicTypeRegistry&amp#27;[0;39m: Adding type registration org.hibernate.type.TrueFalseConverter -> org.hibernate.type.BasicTypeReference@1dca62c2
&amp#27;[30m2025-04-16 08:52:27,534&amp#27;[0;39m &amp#27;[39mDEBUG&amp#27;[0;39m [&amp#27;[34mmain&amp#27;[0;39m] &amp#27;[33mo.h.t.BasicTypeRegistry&amp#27;[0;39m: Adding type registration yes_no -> org.hibernate.type.BasicTypeReference@52657d5f
&amp#27;[30m2025-04-16 08:52:27,534&amp#27;[0;39m &amp#27;[39mDEBUG&amp#27;[0;39m [&amp#27;[34mmain&amp#27;[0;39m] &amp#27;[33mo.h.t.BasicTypeRegistry&amp#27;[0;39m: Adding type registration org.hibernate.type.YesNoConverter -> org.hibernate.type.BasicTypeReference@52657d5f
&amp#27;[30m2025-04-16 08:52:27,534&amp#27;[0;39m &amp#27;[39mDEBUG&amp#27;[0;39m [&amp#27;[34mmain&amp#27;[0;39m] &amp#27;[33mo.h.t.BasicTypeRegistry&amp#27;[0;39m: Adding type registration byte -> org.hibernate.type.BasicTypeReference@43d3995f
&amp#27;[30m2025-04-16 08:52:27,534&amp#27;[0;39m &amp#27;[39mDEBUG&amp#27;[0;39m [&amp#27;[34mmain&amp#27;[0;39m] &amp#27;[33mo.h.t.BasicTypeRegistry&amp#27;[0;39m: Adding type registration byte -> org.hibernate.type.BasicTypeReference@43d3995f
&amp#27;[30m2025-04-16 08:52:27,534&amp#27;[0;39m &amp#27;[39mDEBUG&amp#27;[0;39m [&amp#27;[34mmain&amp#27;[0;39m] &amp#27;[33mo.h.t.BasicTypeRegistry&amp#27;[0;39m: Adding type registration java.lang.Byte -> org.hibernate.type.BasicTypeReference@43d3995f
&amp#27;[30m2025-04-16 08:52:27,534&amp#27;[0;39m &amp#27;[39mDEBUG&amp#27;[0;39m [&amp#27;[34mmain&amp#27;[0;39m] &amp#27;[33mo.h.t.BasicTypeRegistry&amp#27;[0;39m: Adding type registration binary -> org.hibernate.type.BasicTypeReference@2211b44f
&amp#27;[30m2025-04-16 08:52:27,534&amp#27;[0;39m &amp#27;[39mDEBUG&amp#27;[0;39m [&amp#27;[34mmain&amp#27;[0;39m] &amp#27;[33mo.h.t.BasicTypeRegistry&amp#27;[0;39m: Adding type registration byte[] -> org.hibernate.type.BasicTypeReference@2211b44f
&amp#27;[30m2025-04-16 08:52:27,534&amp#27;[0;39m &amp#27;[39mDEBUG&amp#27;[0;39m [&amp#27;[34mmain&amp#27;[0;39m] &amp#27;[33mo.h.t.BasicTypeRegistry&amp#27;[0;39m: Adding type registration [B -> org.hibernate.type.BasicTypeReference@2211b44f
&amp#27;[30m2025-04-16 08:52:27,534&amp#27;[0;39m &amp#27;[39mDEBUG&amp#27;[0;39m [&amp#27;[34mmain&amp#27;[0;39m] &amp#27;[33mo.h.t.BasicTypeRegistry&amp#27;[0;39m: Adding type registration binary_wrapper -> org.hibernate.type.BasicTypeReference@6c830ebd
&amp#27;[30m2025-04-16 08:52:27,534&amp#27;[0;39m &amp#27;[39mDEBUG&amp#27;[0;39m [&amp#27;[34mmain&amp#27;[0;39m] &amp#27;[33mo.h.t.BasicTypeRegistry&amp#27;[0;39m: Adding type registration wrapper-binary -> org.hibernate.type.BasicTypeReference@6c830ebd
&amp#27;[30m2025-04-16 08:52:27,534&amp#27;[0;39m &amp#27;[39mDEBUG&amp#27;[0;39m [&amp#27;[34mmain&amp#27;[0;39m] &amp#27;[33mo.h.t.BasicTypeRegistry&amp#27;[0;39m: Adding type registration image -> org.hibernate.type.BasicTypeReference@15f519f7
&amp#27;[30m2025-04-16 08:52:27,534&amp#27;[0;39m &amp#27;[39mDEBUG&amp#27;[0;39m [&amp#27;[34mmain&amp#27;[0;39m] &amp#27;[33mo.h.t.BasicTypeRegistry&amp#27;[0;39m: Adding type registration blob -> org.hibernate.type.BasicTypeReference@4a336377
&amp#27;[30m2025-04-16 08:52:27,534&amp#27;[0;39m &amp#27;[39mDEBUG&amp#27;[0;39m [&amp#27;[34mmain&amp#27;[0;39m] &amp#27;[33mo.h.t.BasicTypeRegistry&amp#27;[0;39m: Adding type registration java.sql.Blob -> org.hibernate.type.BasicTypeReference@4a336377
&amp#27;[30m2025-04-16 08:52:27,534&amp#27;[0;39m &amp#27;[39mDEBUG&amp#27;[0;39m [&amp#27;[34mmain&amp#27;[0;39m] &amp#27;[33mo.h.t.BasicTypeRegistry&amp#27;[0;39m: Adding type registration materialized_blob -> org.hibernate.type.BasicTypeReference@65af05b2
&amp#27;[30m2025-04-16 08:52:27,534&amp#27;[0;39m &amp#27;[39mDEBUG&amp#27;[0;39m [&amp#27;[34mmain&amp#27;[0;39m] &amp#27;[33mo.h.t.BasicTypeRegistry&amp#27;[0;39m: Adding type registration materialized_blob_wrapper -> org.hibernate.type.BasicTypeReference@11ad095c
&amp#27;[30m2025-04-16 08:52:27,534&amp#27;[0;39m &amp#27;[39mDEBUG&amp#27;[0;39m [&amp#27;[34mmain&amp#27;[0;39m] &amp#27;[33mo.h.t.BasicTypeRegistry&amp#27;[0;39m: Adding type registration short -> org.hibernate.type.BasicTypeReference@2c2a903f
&amp#27;[30m2025-04-16 08:52:27,534&amp#27;[0;39m &amp#27;[39mDEBUG&amp#27;[0;39m [&amp#27;[34mmain&amp#27;[0;39m] &amp#27;[33mo.h.t.BasicTypeRegistry&amp#27;[0;39m: Adding type registration short -> org.hibernate.type.BasicTypeReference@2c2a903f
&amp#27;[30m2025-04-16 08:52:27,534&amp#27;[0;39m &amp#27;[39mDEBUG&amp#27;[0;39m [&amp#27;[34mmain&amp#27;[0;39m] &amp#27;[33mo.h.t.BasicTypeRegistry&amp#27;[0;39m: Adding type registration java.lang.Short -> org.hibernate.type.BasicTypeReference@2c2a903f
&amp#27;[30m2025-04-16 08:52:27,535&amp#27;[0;39m &amp#27;[39mDEBUG&amp#27;[0;39m [&amp#27;[34mmain&amp#27;[0;39m] &amp#27;[33mo.h.t.BasicTypeRegistry&amp#27;[0;39m: Adding type registration integer -> org.hibernate.type.BasicTypeReference@7d537616
&amp#27;[30m2025-04-16 08:52:27,535&amp#27;[0;39m &amp#27;[39mDEBUG&amp#27;[0;39m [&amp#27;[34mmain&amp#27;[0;39m] &amp#27;[33mo.h.t.BasicTypeRegistry&amp#27;[0;39m: Adding type registration int -> org.hibernate.type.BasicTypeReference@7d537616
&amp#27;[30m2025-04-16 08:52:27,535&amp#27;[0;39m &amp#27;[39mDEBUG&amp#27;[0;39m [&amp#27;[34mmain&amp#27;[0;39m] &amp#27;[33mo.h.t.BasicTypeRegistry&amp#27;[0;39m: Adding type registration java.lang.Integer -> org.hibernate.type.BasicTypeReference@7d537616
&amp#27;[30m2025-04-16 08:52:27,535&amp#27;[0;39m &amp#27;[39mDEBUG&amp#27;[0;39m [&amp#27;[34mmain&amp#27;[0;39m] &amp#27;[33mo.h.t.BasicTypeRegistry&amp#27;[0;39m: Adding type registration long -> org.hibernate.type.BasicTypeReference@604c7e9b
&amp#27;[30m2025-04-16 08:52:27,535&amp#27;[0;39m &amp#27;[39mDEBUG&amp#27;[0;39m [&amp#27;[34mmain&amp#27;[0;39m] &amp#27;[33mo.h.t.BasicTypeRegistry&amp#27;[0;39m: Adding type registration long -> org.hibernate.type.BasicTypeReference@604c7e9b
&amp#27;[30m2025-04-16 08:52:27,535&amp#27;[0;39m &amp#27;[39mDEBUG&amp#27;[0;39m [&amp#27;[34mmain&amp#27;[0;39m] &amp#27;[33mo.h.t.BasicTypeRegistry&amp#27;[0;39m: Adding type registration java.lang.Long -> org.hibernate.type.BasicTypeReference@604c7e9b
&amp#27;[30m2025-04-16 08:52:27,535&amp#27;[0;39m &amp#27;[39mDEBUG&amp#27;[0;39m [&amp#27;[34mmain&amp#27;[0;39m] &amp#27;[33mo.h.t.BasicTypeRegistry&amp#27;[0;39m: Adding type registration float -> org.hibernate.type.BasicTypeReference@19d27c27
&amp#27;[30m2025-04-16 08:52:27,535&amp#27;[0;39m &amp#27;[39mDEBUG&amp#27;[0;39m [&amp#27;[34mmain&amp#27;[0;39m] &amp#27;[33mo.h.t.BasicTypeRegistry&amp#27;[0;39m: Adding type registration float -> org.hibernate.type.BasicTypeReference@19d27c27
&amp#27;[30m2025-04-16 08:52:27,535&amp#27;[0;39m &amp#27;[39mDEBUG&amp#27;[0;39m [&amp#27;[34mmain&amp#27;[0;39m] &amp#27;[33mo.h.t.BasicTypeRegistry&amp#27;[0;39m: Adding type registration java.lang.Float -> org.hibernate.type.BasicTypeReference@19d27c27
&amp#27;[30m2025-04-16 08:52:27,535&amp#27;[0;39m &amp#27;[39mDEBUG&amp#27;[0;39m [&amp#27;[34mmain&amp#27;[0;39m] &amp#27;[33mo.h.t.BasicTypeRegistry&amp#27;[0;39m: Adding type registration double -> org.hibernate.type.BasicTypeReference@6181bc4a
&amp#27;[30m2025-04-16 08:52:27,535&amp#27;[0;39m &amp#27;[39mDEBUG&amp#27;[0;39m [&amp#27;[34mmain&amp#27;[0;39m] &amp#27;[33mo.h.t.BasicTypeRegistry&amp#27;[0;39m: Adding type registration double -> org.hibernate.type.BasicTypeReference@6181bc4a
&amp#27;[30m2025-04-16 08:52:27,535&amp#27;[0;39m &amp#27;[39mDEBUG&amp#27;[0;39m [&amp#27;[34mmain&amp#27;[0;39m] &amp#27;[33mo.h.t.BasicTypeRegistry&amp#27;[0;39m: Adding type registration java.lang.Double -> org.hibernate.type.BasicTypeReference@6181bc4a
&amp#27;[30m2025-04-16 08:52:27,535&amp#27;[0;39m &amp#27;[39mDEBUG&amp#27;[0;39m [&amp#27;[34mmain&amp#27;[0;39m] &amp#27;[33mo.h.t.BasicTypeRegistry&amp#27;[0;39m: Adding type registration big_integer -> org.hibernate.type.BasicTypeReference@70485aa
&amp#27;[30m2025-04-16 08:52:27,535&amp#27;[0;39m &amp#27;[39mDEBUG&amp#27;[0;39m [&amp#27;[34mmain&amp#27;[0;39m] &amp#27;[33mo.h.t.BasicTypeRegistry&amp#27;[0;39m: Adding type registration java.math.BigInteger -> org.hibernate.type.BasicTypeReference@70485aa
&amp#27;[30m2025-04-16 08:52:27,535&amp#27;[0;39m &amp#27;[39mDEBUG&amp#27;[0;39m [&amp#27;[34mmain&amp#27;[0;39m] &amp#27;[33mo.h.t.BasicTypeRegistry&amp#27;[0;39m: Adding type registration big_decimal -> org.hibernate.type.BasicTypeReference@4bf8b77
&amp#27;[30m2025-04-16 08:52:27,535&amp#27;[0;39m &amp#27;[39mDEBUG&amp#27;[0;39m [&amp#27;[34mmain&amp#27;[0;39m] &amp#27;[33mo.h.t.BasicTypeRegistry&amp#27;[0;39m: Adding type registration java.math.BigDecimal -> org.hibernate.type.BasicTypeReference@4bf8b77
&amp#27;[30m2025-04-16 08:52:27,535&amp#27;[0;39m &amp#27;[39mDEBUG&amp#27;[0;39m [&amp#27;[34mmain&amp#27;[0;39m] &amp#27;[33mo.h.t.BasicTypeRegistry&amp#27;[0;39m: Adding type registration character -> org.hibernate.type.BasicTypeReference@e06ec83
&amp#27;[30m2025-04-16 08:52:27,535&amp#27;[0;39m &amp#27;[39mDEBUG&amp#27;[0;39m [&amp#27;[34mmain&amp#27;[0;39m] &amp#27;[33mo.h.t.BasicTypeRegistry&amp#27;[0;39m: Adding type registration char -> org.hibernate.type.BasicTypeReference@e06ec83
&amp#27;[30m2025-04-16 08:52:27,535&amp#27;[0;39m &amp#27;[39mDEBUG&amp#27;[0;39m [&amp#27;[34mmain&amp#27;[0;39m] &amp#27;[33mo.h.t.BasicTypeRegistry&amp#27;[0;39m: Adding type registration java.lang.Character -> org.hibernate.type.BasicTypeReference@e06ec83
&amp#27;[30m2025-04-16 08:52:27,535&amp#27;[0;39m &amp#27;[39mDEBUG&amp#27;[0;39m [&amp#27;[34mmain&amp#27;[0;39m] &amp#27;[33mo.h.t.BasicTypeRegistry&amp#27;[0;39m: Adding type registration character_nchar -> org.hibernate.type.BasicTypeReference@628962e5
&amp#27;[30m2025-04-16 08:52:27,535&amp#27;[0;39m &amp#27;[39mDEBUG&amp#27;[0;39m [&amp#27;[34mmain&amp#27;[0;39m] &amp#27;[33mo.h.t.BasicTypeRegistry&amp#27;[0;39m: Adding type registration string -> org.hibernate.type.BasicTypeReference@410382cb
&amp#27;[30m2025-04-16 08:52:27,535&amp#27;[0;39m &amp#27;[39mDEBUG&amp#27;[0;39m [&amp#27;[34mmain&amp#27;[0;39m] &amp#27;[33mo.h.t.BasicTypeRegistry&amp#27;[0;39m: Adding type registration java.lang.String -> org.hibernate.type.BasicTypeReference@410382cb
&amp#27;[30m2025-04-16 08:52:27,535&amp#27;[0;39m &amp#27;[39mDEBUG&amp#27;[0;39m [&amp#27;[34mmain&amp#27;[0;39m] &amp#27;[33mo.h.t.BasicTypeRegistry&amp#27;[0;39m: Adding type registration nstring -> org.hibernate.type.BasicTypeReference@399f5daf
&amp#27;[30m2025-04-16 08:52:27,536&amp#27;[0;39m &amp#27;[39mDEBUG&amp#27;[0;39m [&amp#27;[34mmain&amp#27;[0;39m] &amp#27;[33mo.h.t.BasicTypeRegistry&amp#27;[0;39m: Adding type registration characters -> org.hibernate.type.BasicTypeReference@c4cceb
&amp#27;[30m2025-04-16 08:52:27,536&amp#27;[0;39m &amp#27;[39mDEBUG&amp#27;[0;39m [&amp#27;[34mmain&amp#27;[0;39m] &amp#27;[33mo.h.t.BasicTypeRegistry&amp#27;[0;39m: Adding type registration char[] -> org.hibernate.type.BasicTypeReference@c4cceb
&amp#27;[30m2025-04-16 08:52:27,536&amp#27;[0;39m &amp#27;[39mDEBUG&amp#27;[0;39m [&amp#27;[34mmain&amp#27;[0;39m] &amp#27;[33mo.h.t.BasicTypeRegistry&amp#27;[0;39m: Adding type registration [C -> org.hibernate.type.BasicTypeReference@c4cceb
&amp#27;[30m2025-04-16 08:52:27,536&amp#27;[0;39m &amp#27;[39mDEBUG&amp#27;[0;39m [&amp#27;[34mmain&amp#27;[0;39m] &amp#27;[33mo.h.t.BasicTypeRegistry&amp#27;[0;39m: Adding type registration wrapper-characters -> org.hibernate.type.BasicTypeReference@29f3185c
&amp#27;[30m2025-04-16 08:52:27,536&amp#27;[0;39m &amp#27;[39mDEBUG&amp#27;[0;39m [&amp#27;[34mmain&amp#27;[0;39m] &amp#27;[33mo.h.t.BasicTypeRegistry&amp#27;[0;39m: Adding type registration text -> org.hibernate.type.BasicTypeReference@74bbc273
&amp#27;[30m2025-04-16 08:52:27,536&amp#27;[0;39m &amp#27;[39mDEBUG&amp#27;[0;39m [&amp#27;[34mmain&amp#27;[0;39m] &amp#27;[33mo.h.t.BasicTypeRegistry&amp#27;[0;39m: Adding type registration ntext -> org.hibernate.type.BasicTypeReference@370a8b6e
&amp#27;[30m2025-04-16 08:52:27,536&amp#27;[0;39m &amp#27;[39mDEBUG&amp#27;[0;39m [&amp#27;[34mmain&amp#27;[0;39m] &amp#27;[33mo.h.t.BasicTypeRegistry&amp#27;[0;39m: Adding type registration clob -> org.hibernate.type.BasicTypeReference@118fbaf0
&amp#27;[30m2025-04-16 08:52:27,536&amp#27;[0;39m &amp#27;[39mDEBUG&amp#27;[0;39m [&amp#27;[34mmain&amp#27;[0;39m] &amp#27;[33mo.h.t.BasicTypeRegistry&amp#27;[0;39m: Adding type registration java.sql.Clob -> org.hibernate.type.BasicTypeReference@118fbaf0
&amp#27;[30m2025-04-16 08:52:27,536&amp#27;[0;39m &amp#27;[39mDEBUG&amp#27;[0;39m [&amp#27;[34mmain&amp#27;[0;39m] &amp#27;[33mo.h.t.BasicTypeRegistry&amp#27;[0;39m: Adding type registration nclob -> org.hibernate.type.BasicTypeReference@208f7165
&amp#27;[30m2025-04-16 08:52:27,536&amp#27;[0;39m &amp#27;[39mDEBUG&amp#27;[0;39m [&amp#27;[34mmain&amp#27;[0;39m] &amp#27;[33mo.h.t.BasicTypeRegistry&amp#27;[0;39m: Adding type registration java.sql.NClob -> org.hibernate.type.BasicTypeReference@208f7165
&amp#27;[30m2025-04-16 08:52:27,536&amp#27;[0;39m &amp#27;[39mDEBUG&amp#27;[0;39m [&amp#27;[34mmain&amp#27;[0;39m] &amp#27;[33mo.h.t.BasicTypeRegistry&amp#27;[0;39m: Adding type registration materialized_clob -> org.hibernate.type.BasicTypeReference@a0d875d
&amp#27;[30m2025-04-16 08:52:27,536&amp#27;[0;39m &amp#27;[39mDEBUG&amp#27;[0;39m [&amp#27;[34mmain&amp#27;[0;39m] &amp#27;[33mo.h.t.BasicTypeRegistry&amp#27;[0;39m: Adding type registration materialized_clob_char_array -> org.hibernate.type.BasicTypeReference@693f2c89
&amp#27;[30m2025-04-16 08:52:27,536&amp#27;[0;39m &amp#27;[39mDEBUG&amp#27;[0;39m [&amp#27;[34mmain&amp#27;[0;39m] &amp#27;[33mo.h.t.BasicTypeRegistry&amp#27;[0;39m: Adding type registration materialized_clob_character_array -> org.hibernate.type.BasicTypeReference@50b4364
&amp#27;[30m2025-04-16 08:52:27,536&amp#27;[0;39m &amp#27;[39mDEBUG&amp#27;[0;39m [&amp#27;[34mmain&amp#27;[0;39m] &amp#27;[33mo.h.t.BasicTypeRegistry&amp#27;[0;39m: Adding type registration materialized_nclob -> org.hibernate.type.BasicTypeReference@5e541ef9
&amp#27;[30m2025-04-16 08:52:27,536&amp#27;[0;39m &amp#27;[39mDEBUG&amp#27;[0;39m [&amp#27;[34mmain&amp#27;[0;39m] &amp#27;[33mo.h.t.BasicTypeRegistry&amp#27;[0;39m: Adding type registration materialized_nclob_character_array -> org.hibernate.type.BasicTypeReference@38054d01
&amp#27;[30m2025-04-16 08:52:27,536&amp#27;[0;39m &amp#27;[39mDEBUG&amp#27;[0;39m [&amp#27;[34mmain&amp#27;[0;39m] &amp#27;[33mo.h.t.BasicTypeRegistry&amp#27;[0;39m: Adding type registration materialized_nclob_char_array -> org.hibernate.type.BasicTypeReference@28ce75ec
&amp#27;[30m2025-04-16 08:52:27,536&amp#27;[0;39m &amp#27;[39mDEBUG&amp#27;[0;39m [&amp#27;[34mmain&amp#27;[0;39m] &amp#27;[33mo.h.t.BasicTypeRegistry&amp#27;[0;39m: Adding type registration Duration -> org.hibernate.type.BasicTypeReference@778113f2
&amp#27;[30m2025-04-16 08:52:27,536&amp#27;[0;39m &amp#27;[39mDEBUG&amp#27;[0;39m [&amp#27;[34mmain&amp#27;[0;39m] &amp#27;[33mo.h.t.BasicTypeRegistry&amp#27;[0;39m: Adding type registration java.time.Duration -> org.hibernate.type.BasicTypeReference@778113f2
&amp#27;[30m2025-04-16 08:52:27,536&amp#27;[0;39m &amp#27;[39mDEBUG&amp#27;[0;39m [&amp#27;[34mmain&amp#27;[0;39m] &amp#27;[33mo.h.t.BasicTypeRegistry&amp#27;[0;39m: Adding type registration LocalDateTime -> org.hibernate.type.BasicTypeReference@9dc782d
&amp#27;[30m2025-04-16 08:52:27,536&amp#27;[0;39m &amp#27;[39mDEBUG&amp#27;[0;39m [&amp#27;[34mmain&amp#27;[0;39m] &amp#27;[33mo.h.t.BasicTypeRegistry&amp#27;[0;39m: Adding type registration java.time.LocalDateTime -> org.hibernate.type.BasicTypeReference@9dc782d
&amp#27;[30m2025-04-16 08:52:27,536&amp#27;[0;39m &amp#27;[39mDEBUG&amp#27;[0;39m [&amp#27;[34mmain&amp#27;[0;39m] &amp#27;[33mo.h.t.BasicTypeRegistry&amp#27;[0;39m: Adding type registration LocalDate -> org.hibernate.type.BasicTypeReference@1ba35152
&amp#27;[30m2025-04-16 08:52:27,536&amp#27;[0;39m &amp#27;[39mDEBUG&amp#27;[0;39m [&amp#27;[34mmain&amp#27;[0;39m] &amp#27;[33mo.h.t.BasicTypeRegistry&amp#27;[0;39m: Adding type registration java.time.LocalDate -> org.hibernate.type.BasicTypeReference@1ba35152
&amp#27;[30m2025-04-16 08:52:27,536&amp#27;[0;39m &amp#27;[39mDEBUG&amp#27;[0;39m [&amp#27;[34mmain&amp#27;[0;39m] &amp#27;[33mo.h.t.BasicTypeRegistry&amp#27;[0;39m: Adding type registration LocalTime -> org.hibernate.type.BasicTypeReference@401926df
&amp#27;[30m2025-04-16 08:52:27,536&amp#27;[0;39m &amp#27;[39mDEBUG&amp#27;[0;39m [&amp#27;[34mmain&amp#27;[0;39m] &amp#27;[33mo.h.t.BasicTypeRegistry&amp#27;[0;39m: Adding type registration java.time.LocalTime -> org.hibernate.type.BasicTypeReference@401926df
&amp#27;[30m2025-04-16 08:52:27,536&amp#27;[0;39m &amp#27;[39mDEBUG&amp#27;[0;39m [&amp#27;[34mmain&amp#27;[0;39m] &amp#27;[33mo.h.t.BasicTypeRegistry&amp#27;[0;39m: Adding type registration OffsetDateTime -> org.hibernate.type.BasicTypeReference@3ff8a3ad
&amp#27;[30m2025-04-16 08:52:27,537&amp#27;[0;39m &amp#27;[39mDEBUG&amp#27;[0;39m [&amp#27;[34mmain&amp#27;[0;39m] &amp#27;[33mo.h.t.BasicTypeRegistry&amp#27;[0;39m: Adding type registration java.time.OffsetDateTime -> org.hibernate.type.BasicTypeReference@3ff8a3ad
&amp#27;[30m2025-04-16 08:52:27,537&amp#27;[0;39m &amp#27;[39mDEBUG&amp#27;[0;39m [&amp#27;[34mmain&amp#27;[0;39m] &amp#27;[33mo.h.t.BasicTypeRegistry&amp#27;[0;39m: Adding type registration OffsetDateTimeWithTimezone -> org.hibernate.type.BasicTypeReference@550fa96f
&amp#27;[30m2025-04-16 08:52:27,537&amp#27;[0;39m &amp#27;[39mDEBUG&amp#27;[0;39m [&amp#27;[34mmain&amp#27;[0;39m] &amp#27;[33mo.h.t.BasicTypeRegistry&amp#27;[0;39m: Adding type registration OffsetDateTimeWithoutTimezone -> org.hibernate.type.BasicTypeReference@54275b5d
&amp#27;[30m2025-04-16 08:52:27,537&amp#27;[0;39m &amp#27;[39mDEBUG&amp#27;[0;39m [&amp#27;[34mmain&amp#27;[0;39m] &amp#27;[33mo.h.t.BasicTypeRegistry&amp#27;[0;39m: Adding type registration OffsetTime -> org.hibernate.type.BasicTypeReference@5d01b0d8
&amp#27;[30m2025-04-16 08:52:27,537&amp#27;[0;39m &amp#27;[39mDEBUG&amp#27;[0;39m [&amp#27;[34mmain&amp#27;[0;39m] &amp#27;[33mo.h.t.BasicTypeRegistry&amp#27;[0;39m: Adding type registration java.time.OffsetTime -> org.hibernate.type.BasicTypeReference@5d01b0d8
&amp#27;[30m2025-04-16 08:52:27,537&amp#27;[0;39m &amp#27;[39mDEBUG&amp#27;[0;39m [&amp#27;[34mmain&amp#27;[0;39m] &amp#27;[33mo.h.t.BasicTypeRegistry&amp#27;[0;39m: Adding type registration OffsetTimeUtc -> org.hibernate.type.BasicTypeReference@271e851e
&amp#27;[30m2025-04-16 08:52:27,537&amp#27;[0;39m &amp#27;[39mDEBUG&amp#27;[0;39m [&amp#27;[34mmain&amp#27;[0;39m] &amp#27;[33mo.h.t.BasicTypeRegistry&amp#27;[0;39m: Adding type registration OffsetTimeWithTimezone -> org.hibernate.type.BasicTypeReference@ff21443
&amp#27;[30m2025-04-16 08:52:27,537&amp#27;[0;39m &amp#27;[39mDEBUG&amp#27;[0;39m [&amp#27;[34mmain&amp#27;[0;39m] &amp#27;[33mo.h.t.BasicTypeRegistry&amp#27;[0;39m: Adding type registration OffsetTimeWithoutTimezone -> org.hibernate.type.BasicTypeReference@61e14b53
&amp#27;[30m2025-04-16 08:52:27,537&amp#27;[0;39m &amp#27;[39mDEBUG&amp#27;[0;39m [&amp#27;[34mmain&amp#27;[0;39m] &amp#27;[33mo.h.t.BasicTypeRegistry&amp#27;[0;39m: Adding type registration ZonedDateTime -> org.hibernate.type.BasicTypeReference@31b6b0c7
&amp#27;[30m2025-04-16 08:52:27,537&amp#27;[0;39m &amp#27;[39mDEBUG&amp#27;[0;39m [&amp#27;[34mmain&amp#27;[0;39m] &amp#27;[33mo.h.t.BasicTypeRegistry&amp#27;[0;39m: Adding type registration java.time.ZonedDateTime -> org.hibernate.type.BasicTypeReference@31b6b0c7
&amp#27;[30m2025-04-16 08:52:27,537&amp#27;[0;39m &amp#27;[39mDEBUG&amp#27;[0;39m [&amp#27;[34mmain&amp#27;[0;39m] &amp#27;[33mo.h.t.BasicTypeRegistry&amp#27;[0;39m: Adding type registration ZonedDateTimeWithTimezone -> org.hibernate.type.BasicTypeReference@6253e59a
&amp#27;[30m2025-04-16 08:52:27,537&amp#27;[0;39m &amp#27;[39mDEBUG&amp#27;[0;39m [&amp#27;[34mmain&amp#27;[0;39m] &amp#27;[33mo.h.t.BasicTypeRegistry&amp#27;[0;39m: Adding type registration ZonedDateTimeWithoutTimezone -> org.hibernate.type.BasicTypeReference@7d1cb59f
&amp#27;[30m2025-04-16 08:52:27,537&amp#27;[0;39m &amp#27;[39mDEBUG&amp#27;[0;39m [&amp#27;[34mmain&amp#27;[0;39m] &amp#27;[33mo.h.t.BasicTypeRegistry&amp#27;[0;39m: Adding type registration date -> org.hibernate.type.BasicTypeReference@16ccd2bc
&amp#27;[30m2025-04-16 08:52:27,537&amp#27;[0;39m &amp#27;[39mDEBUG&amp#27;[0;39m [&amp#27;[34mmain&amp#27;[0;39m] &amp#27;[33mo.h.t.BasicTypeRegistry&amp#27;[0;39m: Adding type registration java.sql.Date -> org.hibernate.type.BasicTypeReference@16ccd2bc
&amp#27;[30m2025-04-16 08:52:27,537&amp#27;[0;39m &amp#27;[39mDEBUG&amp#27;[0;39m [&amp#27;[34mmain&amp#27;[0;39m] &amp#27;[33mo.h.t.BasicTypeRegistry&amp#27;[0;39m: Adding type registration time -> org.hibernate.type.BasicTypeReference@12f8682a
&amp#27;[30m2025-04-16 08:52:27,537&amp#27;[0;39m &amp#27;[39mDEBUG&amp#27;[0;39m [&amp#27;[34mmain&amp#27;[0;39m] &amp#27;[33mo.h.t.BasicTypeRegistry&amp#27;[0;39m: Adding type registration java.sql.Time -> org.hibernate.type.BasicTypeReference@12f8682a
&amp#27;[30m2025-04-16 08:52:27,537&amp#27;[0;39m &amp#27;[39mDEBUG&amp#27;[0;39m [&amp#27;[34mmain&amp#27;[0;39m] &amp#27;[33mo.h.t.BasicTypeRegistry&amp#27;[0;39m: Adding type registration timestamp -> org.hibernate.type.BasicTypeReference@6f7a20da
&amp#27;[30m2025-04-16 08:52:27,537&amp#27;[0;39m &amp#27;[39mDEBUG&amp#27;[0;39m [&amp#27;[34mmain&amp#27;[0;39m] &amp#27;[33mo.h.t.BasicTypeRegistry&amp#27;[0;39m: Adding type registration java.sql.Timestamp -> org.hibernate.type.BasicTypeReference@6f7a20da
&amp#27;[30m2025-04-16 08:52:27,537&amp#27;[0;39m &amp#27;[39mDEBUG&amp#27;[0;39m [&amp#27;[34mmain&amp#27;[0;39m] &amp#27;[33mo.h.t.BasicTypeRegistry&amp#27;[0;39m: Adding type registration java.util.Date -> org.hibernate.type.BasicTypeReference@6f7a20da
&amp#27;[30m2025-04-16 08:52:27,537&amp#27;[0;39m &amp#27;[39mDEBUG&amp#27;[0;39m [&amp#27;[34mmain&amp#27;[0;39m] &amp#27;[33mo.h.t.BasicTypeRegistry&amp#27;[0;39m: Adding type registration calendar -> org.hibernate.type.BasicTypeReference@7752c0e7
&amp#27;[30m2025-04-16 08:52:27,537&amp#27;[0;39m &amp#27;[39mDEBUG&amp#27;[0;39m [&amp#27;[34mmain&amp#27;[0;39m] &amp#27;[33mo.h.t.BasicTypeRegistry&amp#27;[0;39m: Adding type registration java.util.Calendar -> org.hibernate.type.BasicTypeReference@7752c0e7
&amp#27;[30m2025-04-16 08:52:27,537&amp#27;[0;39m &amp#27;[39mDEBUG&amp#27;[0;39m [&amp#27;[34mmain&amp#27;[0;39m] &amp#27;[33mo.h.t.BasicTypeRegistry&amp#27;[0;39m: Adding type registration java.util.GregorianCalendar -> org.hibernate.type.BasicTypeReference@7752c0e7
&amp#27;[30m2025-04-16 08:52:27,537&amp#27;[0;39m &amp#27;[39mDEBUG&amp#27;[0;39m [&amp#27;[34mmain&amp#27;[0;39m] &amp#27;[33mo.h.t.BasicTypeRegistry&amp#27;[0;39m: Adding type registration calendar_date -> org.hibernate.type.BasicTypeReference@5613247e
&amp#27;[30m2025-04-16 08:52:27,537&amp#27;[0;39m &amp#27;[39mDEBUG&amp#27;[0;39m [&amp#27;[34mmain&amp#27;[0;39m] &amp#27;[33mo.h.t.BasicTypeRegistry&amp#27;[0;39m: Adding type registration calendar_time -> org.hibernate.type.BasicTypeReference@6851b296
&amp#27;[30m2025-04-16 08:52:27,537&amp#27;[0;39m &amp#27;[39mDEBUG&amp#27;[0;39m [&amp#27;[34mmain&amp#27;[0;39m] &amp#27;[33mo.h.t.BasicTypeRegistry&amp#27;[0;39m: Adding type registration instant -> org.hibernate.type.BasicTypeReference@9e50283
&amp#27;[30m2025-04-16 08:52:27,537&amp#27;[0;39m &amp#27;[39mDEBUG&amp#27;[0;39m [&amp#27;[34mmain&amp#27;[0;39m] &amp#27;[33mo.h.t.BasicTypeRegistry&amp#27;[0;39m: Adding type registration java.time.Instant -> org.hibernate.type.BasicTypeReference@9e50283
&amp#27;[30m2025-04-16 08:52:27,537&amp#27;[0;39m &amp#27;[39mDEBUG&amp#27;[0;39m [&amp#27;[34mmain&amp#27;[0;39m] &amp#27;[33mo.h.t.BasicTypeRegistry&amp#27;[0;39m: Adding type registration uuid -> org.hibernate.type.BasicTypeReference@5368e981
&amp#27;[30m2025-04-16 08:52:27,538&amp#27;[0;39m &amp#27;[39mDEBUG&amp#27;[0;39m [&amp#27;[34mmain&amp#27;[0;39m] &amp#27;[33mo.h.t.BasicTypeRegistry&amp#27;[0;39m: Adding type registration java.util.UUID -> org.hibernate.type.BasicTypeReference@5368e981
&amp#27;[30m2025-04-16 08:52:27,538&amp#27;[0;39m &amp#27;[39mDEBUG&amp#27;[0;39m [&amp#27;[34mmain&amp#27;[0;39m] &amp#27;[33mo.h.t.BasicTypeRegistry&amp#27;[0;39m: Adding type registration pg-uuid -> org.hibernate.type.BasicTypeReference@5368e981
&amp#27;[30m2025-04-16 08:52:27,538&amp#27;[0;39m &amp#27;[39mDEBUG&amp#27;[0;39m [&amp#27;[34mmain&amp#27;[0;39m] &amp#27;[33mo.h.t.BasicTypeRegistry&amp#27;[0;39m: Adding type registration uuid-binary -> org.hibernate.type.BasicTypeReference@1c171746
&amp#27;[30m2025-04-16 08:52:27,538&amp#27;[0;39m &amp#27;[39mDEBUG&amp#27;[0;39m [&amp#27;[34mmain&amp#27;[0;39m] &amp#27;[33mo.h.t.BasicTypeRegistry&amp#27;[0;39m: Adding type registration uuid-char -> org.hibernate.type.BasicTypeReference@79b7c350
&amp#27;[30m2025-04-16 08:52:27,538&amp#27;[0;39m &amp#27;[39mDEBUG&amp#27;[0;39m [&amp#27;[34mmain&amp#27;[0;39m] &amp#27;[33mo.h.t.BasicTypeRegistry&amp#27;[0;39m: Adding type registration class -> org.hibernate.type.BasicTypeReference@586737ff
&amp#27;[30m2025-04-16 08:52:27,538&amp#27;[0;39m &amp#27;[39mDEBUG&amp#27;[0;39m [&amp#27;[34mmain&amp#27;[0;39m] &amp#27;[33mo.h.t.BasicTypeRegistry&amp#27;[0;39m: Adding type registration java.lang.Class -> org.hibernate.type.BasicTypeReference@586737ff
&amp#27;[30m2025-04-16 08:52:27,538&amp#27;[0;39m &amp#27;[39mDEBUG&amp#27;[0;39m [&amp#27;[34mmain&amp#27;[0;39m] &amp#27;[33mo.h.t.BasicTypeRegistry&amp#27;[0;39m: Adding type registration currency -> org.hibernate.type.BasicTypeReference@4cd7e993
&amp#27;[30m2025-04-16 08:52:27,538&amp#27;[0;39m &amp#27;[39mDEBUG&amp#27;[0;39m [&amp#27;[34mmain&amp#27;[0;39m] &amp#27;[33mo.h.t.BasicTypeRegistry&amp#27;[0;39m: Adding type registration Currency -> org.hibernate.type.BasicTypeReference@4cd7e993
&amp#27;[30m2025-04-16 08:52:27,538&amp#27;[0;39m &amp#27;[39mDEBUG&amp#27;[0;39m [&amp#27;[34mmain&amp#27;[0;39m] &amp#27;[33mo.h.t.BasicTypeRegistry&amp#27;[0;39m: Adding type registration java.util.Currency -> org.hibernate.type.BasicTypeReference@4cd7e993
&amp#27;[30m2025-04-16 08:52:27,538&amp#27;[0;39m &amp#27;[39mDEBUG&amp#27;[0;39m [&amp#27;[34mmain&amp#27;[0;39m] &amp#27;[33mo.h.t.BasicTypeRegistry&amp#27;[0;39m: Adding type registration locale -> org.hibernate.type.BasicTypeReference@685e6a68
&amp#27;[30m2025-04-16 08:52:27,538&amp#27;[0;39m &amp#27;[39mDEBUG&amp#27;[0;39m [&amp#27;[34mmain&amp#27;[0;39m] &amp#27;[33mo.h.t.BasicTypeRegistry&amp#27;[0;39m: Adding type registration java.util.Locale -> org.hibernate.type.BasicTypeReference@685e6a68
&amp#27;[30m2025-04-16 08:52:27,538&amp#27;[0;39m &amp#27;[39mDEBUG&amp#27;[0;39m [&amp#27;[34mmain&amp#27;[0;39m] &amp#27;[33mo.h.t.BasicTypeRegistry&amp#27;[0;39m: Adding type registration serializable -> org.hibernate.type.BasicTypeReference@2fb48970
&amp#27;[30m2025-04-16 08:52:27,538&amp#27;[0;39m &amp#27;[39mDEBUG&amp#27;[0;39m [&amp#27;[34mmain&amp#27;[0;39m] &amp#27;[33mo.h.t.BasicTypeRegistry&amp#27;[0;39m: Adding type registration java.io.Serializable -> org.hibernate.type.BasicTypeReference@2fb48970
&amp#27;[30m2025-04-16 08:52:27,538&amp#27;[0;39m &amp#27;[39mDEBUG&amp#27;[0;39m [&amp#27;[34mmain&amp#27;[0;39m] &amp#27;[33mo.h.t.BasicTypeRegistry&amp#27;[0;39m: Adding type registration timezone -> org.hibernate.type.BasicTypeReference@4e8d9bb6
&amp#27;[30m2025-04-16 08:52:27,538&amp#27;[0;39m &amp#27;[39mDEBUG&amp#27;[0;39m [&amp#27;[34mmain&amp#27;[0;39m] &amp#27;[33mo.h.t.BasicTypeRegistry&amp#27;[0;39m: Adding type registration java.util.TimeZone -> org.hibernate.type.BasicTypeReference@4e8d9bb6
&amp#27;[30m2025-04-16 08:52:27,538&amp#27;[0;39m &amp#27;[39mDEBUG&amp#27;[0;39m [&amp#27;[34mmain&amp#27;[0;39m] &amp#27;[33mo.h.t.BasicTypeRegistry&amp#27;[0;39m: Adding type registration ZoneOffset -> org.hibernate.type.BasicTypeReference@3de56885
&amp#27;[30m2025-04-16 08:52:27,538&amp#27;[0;39m &amp#27;[39mDEBUG&amp#27;[0;39m [&amp#27;[34mmain&amp#27;[0;39m] &amp#27;[33mo.h.t.BasicTypeRegistry&amp#27;[0;39m: Adding type registration java.time.ZoneOffset -> org.hibernate.type.BasicTypeReference@3de56885
&amp#27;[30m2025-04-16 08:52:27,538&amp#27;[0;39m &amp#27;[39mDEBUG&amp#27;[0;39m [&amp#27;[34mmain&amp#27;[0;39m] &amp#27;[33mo.h.t.BasicTypeRegistry&amp#27;[0;39m: Adding type registration url -> org.hibernate.type.BasicTypeReference@2673487b
&amp#27;[30m2025-04-16 08:52:27,538&amp#27;[0;39m &amp#27;[39mDEBUG&amp#27;[0;39m [&amp#27;[34mmain&amp#27;[0;39m] &amp#27;[33mo.h.t.BasicTypeRegistry&amp#27;[0;39m: Adding type registration java.net.URL -> org.hibernate.type.BasicTypeReference@2673487b
&amp#27;[30m2025-04-16 08:52:27,538&amp#27;[0;39m &amp#27;[39mDEBUG&amp#27;[0;39m [&amp#27;[34mmain&amp#27;[0;39m] &amp#27;[33mo.h.t.BasicTypeRegistry&amp#27;[0;39m: Adding type registration vector -> org.hibernate.type.BasicTypeReference@2d07aacc
&amp#27;[30m2025-04-16 08:52:27,538&amp#27;[0;39m &amp#27;[39mDEBUG&amp#27;[0;39m [&amp#27;[34mmain&amp#27;[0;39m] &amp#27;[33mo.h.t.BasicTypeRegistry&amp#27;[0;39m: Adding type registration float_vector -> org.hibernate.type.BasicTypeReference@ff5d4f1
&amp#27;[30m2025-04-16 08:52:27,538&amp#27;[0;39m &amp#27;[39mDEBUG&amp#27;[0;39m [&amp#27;[34mmain&amp#27;[0;39m] &amp#27;[33mo.h.t.BasicTypeRegistry&amp#27;[0;39m: Adding type registration double_vector -> org.hibernate.type.BasicTypeReference@194224ca
&amp#27;[30m2025-04-16 08:52:27,538&amp#27;[0;39m &amp#27;[39mDEBUG&amp#27;[0;39m [&amp#27;[34mmain&amp#27;[0;39m] &amp#27;[33mo.h.t.BasicTypeRegistry&amp#27;[0;39m: Adding type registration byte_vector -> org.hibernate.type.BasicTypeReference@254e9709
&amp#27;[30m2025-04-16 08:52:27,538&amp#27;[0;39m &amp#27;[39mDEBUG&amp#27;[0;39m [&amp#27;[34mmain&amp#27;[0;39m] &amp#27;[33mo.h.t.BasicTypeRegistry&amp#27;[0;39m: Adding type registration row_version -> org.hibernate.type.BasicTypeReference@350f18a6
&amp#27;[30m2025-04-16 08:52:27,538&amp#27;[0;39m &amp#27;[39mDEBUG&amp#27;[0;39m [&amp#27;[34mmain&amp#27;[0;39m] &amp#27;[33mo.h.t.BasicTypeRegistry&amp#27;[0;39m: Adding type registration object -> org.hibernate.type.JavaObjectType@1857fe6c
&amp#27;[30m2025-04-16 08:52:27,538&amp#27;[0;39m &amp#27;[39mDEBUG&amp#27;[0;39m [&amp#27;[34mmain&amp#27;[0;39m] &amp#27;[33mo.h.t.BasicTypeRegistry&amp#27;[0;39m: Adding type registration java.lang.Object -> org.hibernate.type.JavaObjectType@1857fe6c
&amp#27;[30m2025-04-16 08:52:27,539&amp#27;[0;39m &amp#27;[39mDEBUG&amp#27;[0;39m [&amp#27;[34mmain&amp#27;[0;39m] &amp#27;[33mo.h.t.BasicTypeRegistry&amp#27;[0;39m: Adding type registration null -> org.hibernate.type.NullType@56266bda
&amp#27;[30m2025-04-16 08:52:27,539&amp#27;[0;39m &amp#27;[39mDEBUG&amp#27;[0;39m [&amp#27;[34mmain&amp#27;[0;39m] &amp#27;[33mo.h.t.BasicTypeRegistry&amp#27;[0;39m: Adding type registration imm_date -> org.hibernate.type.BasicTypeReference@ff7042c
&amp#27;[30m2025-04-16 08:52:27,539&amp#27;[0;39m &amp#27;[39mDEBUG&amp#27;[0;39m [&amp#27;[34mmain&amp#27;[0;39m] &amp#27;[33mo.h.t.BasicTypeRegistry&amp#27;[0;39m: Adding type registration imm_time -> org.hibernate.type.BasicTypeReference@b917b5e
&amp#27;[30m2025-04-16 08:52:27,539&amp#27;[0;39m &amp#27;[39mDEBUG&amp#27;[0;39m [&amp#27;[34mmain&amp#27;[0;39m] &amp#27;[33mo.h.t.BasicTypeRegistry&amp#27;[0;39m: Adding type registration imm_timestamp -> org.hibernate.type.BasicTypeReference@5126c0cd
&amp#27;[30m2025-04-16 08:52:27,539&amp#27;[0;39m &amp#27;[39mDEBUG&amp#27;[0;39m [&amp#27;[34mmain&amp#27;[0;39m] &amp#27;[33mo.h.t.BasicTypeRegistry&amp#27;[0;39m: Adding type registration imm_calendar -> org.hibernate.type.BasicTypeReference@6c1e2161
&amp#27;[30m2025-04-16 08:52:27,539&amp#27;[0;39m &amp#27;[39mDEBUG&amp#27;[0;39m [&amp#27;[34mmain&amp#27;[0;39m] &amp#27;[33mo.h.t.BasicTypeRegistry&amp#27;[0;39m: Adding type registration imm_calendar_date -> org.hibernate.type.BasicTypeReference@5b7f9eaa
&amp#27;[30m2025-04-16 08:52:27,539&amp#27;[0;39m &amp#27;[39mDEBUG&amp#27;[0;39m [&amp#27;[34mmain&amp#27;[0;39m] &amp#27;[33mo.h.t.BasicTypeRegistry&amp#27;[0;39m: Adding type registration imm_calendar_time -> org.hibernate.type.BasicTypeReference@5b344510
&amp#27;[30m2025-04-16 08:52:27,539&amp#27;[0;39m &amp#27;[39mDEBUG&amp#27;[0;39m [&amp#27;[34mmain&amp#27;[0;39m] &amp#27;[33mo.h.t.BasicTypeRegistry&amp#27;[0;39m: Adding type registration imm_binary -> org.hibernate.type.BasicTypeReference@3c73d613
&amp#27;[30m2025-04-16 08:52:27,539&amp#27;[0;39m &amp#27;[39mDEBUG&amp#27;[0;39m [&amp#27;[34mmain&amp#27;[0;39m] &amp#27;[33mo.h.t.BasicTypeRegistry&amp#27;[0;39m: Adding type registration imm_serializable -> org.hibernate.type.BasicTypeReference@21fbfdd5
&amp#27;[30m2025-04-16 08:52:27,540&amp#27;[0;39m &amp#27;[39mDEBUG&amp#27;[0;39m [&amp#27;[34mmain&amp#27;[0;39m] &amp#27;[33mo.h.b.i.BootstrapContextImpl&amp#27;[0;39m: Injecting JPA temp ClassLoader [org.springframework.instrument.classloading.SimpleThrowawayClassLoader@7f336491] into BootstrapContext; was [null]
&amp#27;[30m2025-04-16 08:52:27,540&amp#27;[0;39m &amp#27;[39mDEBUG&amp#27;[0;39m [&amp#27;[34mmain&amp#27;[0;39m] &amp#27;[33mo.h.b.i.ClassLoaderAccessImpl&amp#27;[0;39m: ClassLoaderAccessImpl#injectTempClassLoader(org.springframework.instrument.classloading.SimpleThrowawayClassLoader@7f336491) [was null]
&amp#27;[30m2025-04-16 08:52:27,540&amp#27;[0;39m &amp#27;[39mDEBUG&amp#27;[0;39m [&amp#27;[34mmain&amp#27;[0;39m] &amp#27;[33mo.h.b.i.BootstrapContextImpl&amp#27;[0;39m: Injecting ScanEnvironment [org.hibernate.jpa.boot.internal.StandardJpaScanEnvironmentImpl@5dd2e62a] into BootstrapContext; was [null]
&amp#27;[30m2025-04-16 08:52:27,540&amp#27;[0;39m &amp#27;[39mDEBUG&amp#27;[0;39m [&amp#27;[34mmain&amp#27;[0;39m] &amp#27;[33mo.h.b.i.BootstrapContextImpl&amp#27;[0;39m: Injecting ScanOptions [org.hibernate.boot.archive.scan.internal.StandardScanOptions@2339ad10] into BootstrapContext; was [org.hibernate.boot.archive.scan.internal.StandardScanOptions@1030ce34]
&amp#27;[30m2025-04-16 08:52:27,541&amp#27;[0;39m &amp#27;[39mDEBUG&amp#27;[0;39m [&amp#27;[34mmain&amp#27;[0;39m] &amp#27;[33mo.h.j.b.i.PersistenceUnitInfoDescriptor&amp#27;[0;39m: Pushing class transformers for PU named 'default' on loading classloader jdk.internal.loader.ClassLoaders$AppClassLoader@2f6cfdf6
&amp#27;[30m2025-04-16 08:52:27,546&amp#27;[0;39m &amp#27;[34mINFO &amp#27;[0;39m [&amp#27;[34mmain&amp#27;[0;39m] &amp#27;[33mo.s.o.j.p.SpringPersistenceUnitInfo&amp#27;[0;39m: No LoadTimeWeaver setup: ignoring JPA class transformer
&amp#27;[30m2025-04-16 08:52:27,546&amp#27;[0;39m &amp#27;[39mDEBUG&amp#27;[0;39m [&amp#27;[34mmain&amp#27;[0;39m] &amp#27;[33mo.h.b.i.BootstrapContextImpl&amp#27;[0;39m: Injecting JPA temp ClassLoader [null] into BootstrapContext; was [org.springframework.instrument.classloading.SimpleThrowawayClassLoader@7f336491]
&amp#27;[30m2025-04-16 08:52:27,546&amp#27;[0;39m &amp#27;[39mDEBUG&amp#27;[0;39m [&amp#27;[34mmain&amp#27;[0;39m] &amp#27;[33mo.h.b.i.ClassLoaderAccessImpl&amp#27;[0;39m: ClassLoaderAccessImpl#injectTempClassLoader(null) [was org.springframework.instrument.classloading.SimpleThrowawayClassLoader@7f336491]
&amp#27;[30m2025-04-16 08:52:27,547&amp#27;[0;39m &amp#27;[39mDEBUG&amp#27;[0;39m [&amp#27;[34mmain&amp#27;[0;39m] &amp#27;[33mc.z.h.HikariConfig&amp#27;[0;39m: HikariPool-2 - configuration:
&amp#27;[30m2025-04-16 08:52:27,547&amp#27;[0;39m &amp#27;[39mDEBUG&amp#27;[0;39m [&amp#27;[34mmain&amp#27;[0;39m] &amp#27;[33mc.z.h.HikariConfig&amp#27;[0;39m: allowPoolSuspension.............false
&amp#27;[30m2025-04-16 08:52:27,547&amp#27;[0;39m &amp#27;[39mDEBUG&amp#27;[0;39m [&amp#27;[34mmain&amp#27;[0;39m] &amp#27;[33mc.z.h.HikariConfig&amp#27;[0;39m: autoCommit......................true
&amp#27;[30m2025-04-16 08:52:27,548&amp#27;[0;39m &amp#27;[39mDEBUG&amp#27;[0;39m [&amp#27;[34mmain&amp#27;[0;39m] &amp#27;[33mc.z.h.HikariConfig&amp#27;[0;39m: catalog.........................none
&amp#27;[30m2025-04-16 08:52:27,548&amp#27;[0;39m &amp#27;[39mDEBUG&amp#27;[0;39m [&amp#27;[34mmain&amp#27;[0;39m] &amp#27;[33mc.z.h.HikariConfig&amp#27;[0;39m: connectionInitSql...............none
&amp#27;[30m2025-04-16 08:52:27,548&amp#27;[0;39m &amp#27;[39mDEBUG&amp#27;[0;39m [&amp#27;[34mmain&amp#27;[0;39m] &amp#27;[33mc.z.h.HikariConfig&amp#27;[0;39m: connectionTestQuery.............none
&amp#27;[30m2025-04-16 08:52:27,548&amp#27;[0;39m &amp#27;[39mDEBUG&amp#27;[0;39m [&amp#27;[34mmain&amp#27;[0;39m] &amp#27;[33mc.z.h.HikariConfig&amp#27;[0;39m: connectionTimeout...............30000
&amp#27;[30m2025-04-16 08:52:27,548&amp#27;[0;39m &amp#27;[39mDEBUG&amp#27;[0;39m [&amp#27;[34mmain&amp#27;[0;39m] &amp#27;[33mc.z.h.HikariConfig&amp#27;[0;39m: dataSource......................none
&amp#27;[30m2025-04-16 08:52:27,548&amp#27;[0;39m &amp#27;[39mDEBUG&amp#27;[0;39m [&amp#27;[34mmain&amp#27;[0;39m] &amp#27;[33mc.z.h.HikariConfig&amp#27;[0;39m: dataSourceClassName.............none
&amp#27;[30m2025-04-16 08:52:27,548&amp#27;[0;39m &amp#27;[39mDEBUG&amp#27;[0;39m [&amp#27;[34mmain&amp#27;[0;39m] &amp#27;[33mc.z.h.HikariConfig&amp#27;[0;39m: dataSourceJNDI..................none
&amp#27;[30m2025-04-16 08:52:27,548&amp#27;[0;39m &amp#27;[39mDEBUG&amp#27;[0;39m [&amp#27;[34mmain&amp#27;[0;39m] &amp#27;[33mc.z.h.HikariConfig&amp#27;[0;39m: dataSourceProperties............{password=<masked>}
&amp#27;[30m2025-04-16 08:52:27,548&amp#27;[0;39m &amp#27;[39mDEBUG&amp#27;[0;39m [&amp#27;[34mmain&amp#27;[0;39m] &amp#27;[33mc.z.h.HikariConfig&amp#27;[0;39m: driverClassName................."org.h2.Driver"
&amp#27;[30m2025-04-16 08:52:27,548&amp#27;[0;39m &amp#27;[39mDEBUG&amp#27;[0;39m [&amp#27;[34mmain&amp#27;[0;39m] &amp#27;[33mc.z.h.HikariConfig&amp#27;[0;39m: exceptionOverrideClassName......none
&amp#27;[30m2025-04-16 08:52:27,548&amp#27;[0;39m &amp#27;[39mDEBUG&amp#27;[0;39m [&amp#27;[34mmain&amp#27;[0;39m] &amp#27;[33mc.z.h.HikariConfig&amp#27;[0;39m: healthCheckProperties...........{}
&amp#27;[30m2025-04-16 08:52:27,548&amp#27;[0;39m &amp#27;[39mDEBUG&amp#27;[0;39m [&amp#27;[34mmain&amp#27;[0;39m] &amp#27;[33mc.z.h.HikariConfig&amp#27;[0;39m: healthCheckRegistry.............none
&amp#27;[30m2025-04-16 08:52:27,548&amp#27;[0;39m &amp#27;[39mDEBUG&amp#27;[0;39m [&amp#27;[34mmain&amp#27;[0;39m] &amp#27;[33mc.z.h.HikariConfig&amp#27;[0;39m: idleTimeout.....................600000
&amp#27;[30m2025-04-16 08:52:27,548&amp#27;[0;39m &amp#27;[39mDEBUG&amp#27;[0;39m [&amp#27;[34mmain&amp#27;[0;39m] &amp#27;[33mc.z.h.HikariConfig&amp#27;[0;39m: initializationFailTimeout.......1
&amp#27;[30m2025-04-16 08:52:27,548&amp#27;[0;39m &amp#27;[39mDEBUG&amp#27;[0;39m [&amp#27;[34mmain&amp#27;[0;39m] &amp#27;[33mc.z.h.HikariConfig&amp#27;[0;39m: isolateInternalQueries..........false
&amp#27;[30m2025-04-16 08:52:27,548&amp#27;[0;39m &amp#27;[39mDEBUG&amp#27;[0;39m [&amp#27;[34mmain&amp#27;[0;39m] &amp#27;[33mc.z.h.HikariConfig&amp#27;[0;39m: jdbcUrl.........................jdbc:h2:mem:db;DB_CLOSE_DELAY=-1
&amp#27;[30m2025-04-16 08:52:27,549&amp#27;[0;39m &amp#27;[39mDEBUG&amp#27;[0;39m [&amp#27;[34mmain&amp#27;[0;39m] &amp#27;[33mc.z.h.HikariConfig&amp#27;[0;39m: keepaliveTime...................0
&amp#27;[30m2025-04-16 08:52:27,549&amp#27;[0;39m &amp#27;[39mDEBUG&amp#27;[0;39m [&amp#27;[34mmain&amp#27;[0;39m] &amp#27;[33mc.z.h.HikariConfig&amp#27;[0;39m: leakDetectionThreshold..........0
&amp#27;[30m2025-04-16 08:52:27,549&amp#27;[0;39m &amp#27;[39mDEBUG&amp#27;[0;39m [&amp#27;[34mmain&amp#27;[0;39m] &amp#27;[33mc.z.h.HikariConfig&amp#27;[0;39m: maxLifetime.....................1800000
&amp#27;[30m2025-04-16 08:52:27,549&amp#27;[0;39m &amp#27;[39mDEBUG&amp#27;[0;39m [&amp#27;[34mmain&amp#27;[0;39m] &amp#27;[33mc.z.h.HikariConfig&amp#27;[0;39m: maximumPoolSize.................10
&amp#27;[30m2025-04-16 08:52:27,549&amp#27;[0;39m &amp#27;[39mDEBUG&amp#27;[0;39m [&amp#27;[34mmain&amp#27;[0;39m] &amp#27;[33mc.z.h.HikariConfig&amp#27;[0;39m: metricRegistry..................none
&amp#27;[30m2025-04-16 08:52:27,549&amp#27;[0;39m &amp#27;[39mDEBUG&amp#27;[0;39m [&amp#27;[34mmain&amp#27;[0;39m] &amp#27;[33mc.z.h.HikariConfig&amp#27;[0;39m: metricsTrackerFactory...........none
&amp#27;[30m2025-04-16 08:52:27,549&amp#27;[0;39m &amp#27;[39mDEBUG&amp#27;[0;39m [&amp#27;[34mmain&amp#27;[0;39m] &amp#27;[33mc.z.h.HikariConfig&amp#27;[0;39m: minimumIdle.....................10
&amp#27;[30m2025-04-16 08:52:27,549&amp#27;[0;39m &amp#27;[39mDEBUG&amp#27;[0;39m [&amp#27;[34mmain&amp#27;[0;39m] &amp#27;[33mc.z.h.HikariConfig&amp#27;[0;39m: password........................<masked>
&amp#27;[30m2025-04-16 08:52:27,549&amp#27;[0;39m &amp#27;[39mDEBUG&amp#27;[0;39m [&amp#27;[34mmain&amp#27;[0;39m] &amp#27;[33mc.z.h.HikariConfig&amp#27;[0;39m: poolName........................"HikariPool-2"
&amp#27;[30m2025-04-16 08:52:27,549&amp#27;[0;39m &amp#27;[39mDEBUG&amp#27;[0;39m [&amp#27;[34mmain&amp#27;[0;39m] &amp#27;[33mc.z.h.HikariConfig&amp#27;[0;39m: readOnly........................false
&amp#27;[30m2025-04-16 08:52:27,549&amp#27;[0;39m &amp#27;[39mDEBUG&amp#27;[0;39m [&amp#27;[34mmain&amp#27;[0;39m] &amp#27;[33mc.z.h.HikariConfig&amp#27;[0;39m: registerMbeans..................false
&amp#27;[30m2025-04-16 08:52:27,549&amp#27;[0;39m &amp#27;[39mDEBUG&amp#27;[0;39m [&amp#27;[34mmain&amp#27;[0;39m] &amp#27;[33mc.z.h.HikariConfig&amp#27;[0;39m: scheduledExecutor...............none
&amp#27;[30m2025-04-16 08:52:27,549&amp#27;[0;39m &amp#27;[39mDEBUG&amp#27;[0;39m [&amp#27;[34mmain&amp#27;[0;39m] &amp#27;[33mc.z.h.HikariConfig&amp#27;[0;39m: schema..........................none
&amp#27;[30m2025-04-16 08:52:27,549&amp#27;[0;39m &amp#27;[39mDEBUG&amp#27;[0;39m [&amp#27;[34mmain&amp#27;[0;39m] &amp#27;[33mc.z.h.HikariConfig&amp#27;[0;39m: threadFactory...................internal
&amp#27;[30m2025-04-16 08:52:27,549&amp#27;[0;39m &amp#27;[39mDEBUG&amp#27;[0;39m [&amp#27;[34mmain&amp#27;[0;39m] &amp#27;[33mc.z.h.HikariConfig&amp#27;[0;39m: transactionIsolation............default
&amp#27;[30m2025-04-16 08:52:27,549&amp#27;[0;39m &amp#27;[39mDEBUG&amp#27;[0;39m [&amp#27;[34mmain&amp#27;[0;39m] &amp#27;[33mc.z.h.HikariConfig&amp#27;[0;39m: username........................"sa"
&amp#27;[30m2025-04-16 08:52:27,549&amp#27;[0;39m &amp#27;[39mDEBUG&amp#27;[0;39m [&amp#27;[34mmain&amp#27;[0;39m] &amp#27;[33mc.z.h.HikariConfig&amp#27;[0;39m: validationTimeout...............5000
&amp#27;[30m2025-04-16 08:52:27,550&amp#27;[0;39m &amp#27;[34mINFO &amp#27;[0;39m [&amp#27;[34mmain&amp#27;[0;39m] &amp#27;[33mc.z.h.HikariDataSource&amp#27;[0;39m: HikariPool-2 - Starting...
&amp#27;[30m2025-04-16 08:52:27,550&amp#27;[0;39m &amp#27;[34mINFO &amp#27;[0;39m [&amp#27;[34mmain&amp#27;[0;39m] &amp#27;[33mc.z.h.p.HikariPool&amp#27;[0;39m: HikariPool-2 - Added connection conn10: url=jdbc:h2:mem:db user=SA
&amp#27;[30m2025-04-16 08:52:27,551&amp#27;[0;39m &amp#27;[34mINFO &amp#27;[0;39m [&amp#27;[34mmain&amp#27;[0;39m] &amp#27;[33mc.z.h.HikariDataSource&amp#27;[0;39m: HikariPool-2 - Start completed.
&amp#27;[30m2025-04-16 08:52:27,551&amp#27;[0;39m &amp#27;[39mDEBUG&amp#27;[0;39m [&amp#27;[34mmain&amp#27;[0;39m] &amp#27;[33mo.h.e.j.e.i.JdbcEnvironmentInitiator&amp#27;[0;39m: Database ->
	   name : H2
	version : 2.3.232 (2024-08-11)
	  major : 2
	  minor : 3
&amp#27;[30m2025-04-16 08:52:27,551&amp#27;[0;39m &amp#27;[39mDEBUG&amp#27;[0;39m [&amp#27;[34mmain&amp#27;[0;39m] &amp#27;[33mo.h.e.j.e.i.JdbcEnvironmentInitiator&amp#27;[0;39m: Driver ->
	   name : H2 JDBC Driver
	version : 2.3.232 (2024-08-11)
	  major : 2
	  minor : 3
&amp#27;[30m2025-04-16 08:52:27,551&amp#27;[0;39m &amp#27;[39mDEBUG&amp#27;[0;39m [&amp#27;[34mmain&amp#27;[0;39m] &amp#27;[33mo.j.l.DelegatingBasicLogger&amp#27;[0;39m: JDBC version : 4.3
&amp#27;[30m2025-04-16 08:52:27,551&amp#27;[0;39m &amp#27;[39mDEBUG&amp#27;[0;39m [&amp#27;[34mmain&amp#27;[0;39m] &amp#27;[33mo.h.e.j.d.i.DialectFactoryImpl&amp#27;[0;39m: HHH035001: Using dialect: org.hibernate.dialect.H2Dialect, version: 2.3.232
&amp#27;[30m2025-04-16 08:52:27,551&amp#27;[0;39m &amp#27;[39mDEBUG&amp#27;[0;39m [&amp#27;[34mmain&amp#27;[0;39m] &amp#27;[33mo.h.e.j.e.s.IdentifierHelperBuilder&amp#27;[0;39m: JDBC driver metadata reported database stores quoted identifiers in neither upper, lower nor mixed case
&amp#27;[30m2025-04-16 08:52:27,552&amp#27;[0;39m &amp#27;[34mINFO &amp#27;[0;39m [&amp#27;[34mmain&amp#27;[0;39m] &amp#27;[33mo.h.e.j.e.i.JdbcEnvironmentInitiator&amp#27;[0;39m: HHH10001005: Database info:
	Database JDBC URL [Connecting through datasource 'HikariDataSource (HikariPool-2)']
	Database driver: undefined/unknown
	Database version: 2.3.232
	Autocommit mode: undefined/unknown
	Isolation level: undefined/unknown
	Minimum pool size: undefined/unknown
	Maximum pool size: undefined/unknown
&amp#27;[30m2025-04-16 08:52:27,552&amp#27;[0;39m &amp#27;[39mDEBUG&amp#27;[0;39m [&amp#27;[34mmain&amp#27;[0;39m] &amp#27;[33mo.h.t.d.j.s.JdbcTypeRegistry&amp#27;[0;39m: addDescriptor(NCharTypeDescriptor) replaced previous registration(CharTypeDescriptor)
&amp#27;[30m2025-04-16 08:52:27,552&amp#27;[0;39m &amp#27;[39mDEBUG&amp#27;[0;39m [&amp#27;[34mmain&amp#27;[0;39m] &amp#27;[33mo.h.t.d.j.s.JdbcTypeRegistry&amp#27;[0;39m: addDescriptor(NVarcharTypeDescriptor) replaced previous registration(VarcharTypeDescriptor)
&amp#27;[30m2025-04-16 08:52:27,552&amp#27;[0;39m &amp#27;[39mDEBUG&amp#27;[0;39m [&amp#27;[34mmain&amp#27;[0;39m] &amp#27;[33mo.h.t.d.j.s.JdbcTypeRegistry&amp#27;[0;39m: addDescriptor(LongNVarcharTypeDescriptor) replaced previous registration(LongVarcharTypeDescriptor)
&amp#27;[30m2025-04-16 08:52:27,552&amp#27;[0;39m &amp#27;[39mDEBUG&amp#27;[0;39m [&amp#27;[34mmain&amp#27;[0;39m] &amp#27;[33mo.h.t.d.j.s.JdbcTypeRegistry&amp#27;[0;39m: addDescriptor(NClobTypeDescriptor(DEFAULT)) replaced previous registration(ClobTypeDescriptor(DEFAULT))
&amp#27;[30m2025-04-16 08:52:27,552&amp#27;[0;39m &amp#27;[39mDEBUG&amp#27;[0;39m [&amp#27;[34mmain&amp#27;[0;39m] &amp#27;[33mo.h.t.d.j.s.JdbcTypeRegistry&amp#27;[0;39m: addDescriptor(TimestampUtcDescriptor) replaced previous registration(TimestampUtcDescriptor)
&amp#27;[30m2025-04-16 08:52:27,552&amp#27;[0;39m &amp#27;[39mDEBUG&amp#27;[0;39m [&amp#27;[34mmain&amp#27;[0;39m] &amp#27;[33mo.h.t.BasicTypeRegistry&amp#27;[0;39m: Adding type registration org.hibernate.type.DurationType -> basicType@20(java.time.Duration,3015)
&amp#27;[30m2025-04-16 08:52:27,552&amp#27;[0;39m &amp#27;[39mDEBUG&amp#27;[0;39m [&amp#27;[34mmain&amp#27;[0;39m] &amp#27;[33mo.h.t.BasicTypeRegistry&amp#27;[0;39m: Adding type registration Duration -> basicType@20(java.time.Duration,3015)
&amp#27;[30m2025-04-16 08:52:27,552&amp#27;[0;39m &amp#27;[39mDEBUG&amp#27;[0;39m [&amp#27;[34mmain&amp#27;[0;39m] &amp#27;[33mo.h.t.BasicTypeRegistry&amp#27;[0;39m: Adding type registration java.time.Duration -> basicType@20(java.time.Duration,3015)
&amp#27;[30m2025-04-16 08:52:27,552&amp#27;[0;39m &amp#27;[39mDEBUG&amp#27;[0;39m [&amp#27;[34mmain&amp#27;[0;39m] &amp#27;[33mo.h.t.s.TypeConfiguration&amp#27;[0;39m: Scoping TypeConfiguration [org.hibernate.type.spi.TypeConfiguration@34612ba9] to MetadataBuildingContext [org.hibernate.boot.internal.MetadataBuildingContextRootImpl@765611c9]
&amp#27;[30m2025-04-16 08:52:27,553&amp#27;[0;39m &amp#27;[39mDEBUG&amp#27;[0;39m [&amp#27;[34mmain&amp#27;[0;39m] &amp#27;[33mo.h.b.m.r.Namespace&amp#27;[0;39m: Created database namespace [logicalName=Name{catalog=null, schema=null}, physicalName=Name{catalog=null, schema=null}]
&amp#27;[30m2025-04-16 08:52:27,553&amp#27;[0;39m &amp#27;[39mDEBUG&amp#27;[0;39m [&amp#27;[34mmain&amp#27;[0;39m] &amp#27;[33mo.h.b.m.i.EntityBinder&amp#27;[0;39m: Binding entity from annotated class: in.rgukt.r081247.universityapi.entity.Course
&amp#27;[30m2025-04-16 08:52:27,553&amp#27;[0;39m &amp#27;[39mDEBUG&amp#27;[0;39m [&amp#27;[34mmain&amp#27;[0;39m] &amp#27;[33mo.h.b.m.i.EntityBinder&amp#27;[0;39m: Import with entity name Course
&amp#27;[30m2025-04-16 08:52:27,553&amp#27;[0;39m &amp#27;[39mDEBUG&amp#27;[0;39m [&amp#27;[34mmain&amp#27;[0;39m] &amp#27;[33mo.h.b.m.i.EntityBinder&amp#27;[0;39m: Bind entity in.rgukt.r081247.universityapi.entity.Course on table course
&amp#27;[30m2025-04-16 08:52:27,553&amp#27;[0;39m &amp#27;[39mDEBUG&amp#27;[0;39m [&amp#27;[34mmain&amp#27;[0;39m] &amp#27;[33mo.h.b.m.i.AnnotatedColumn&amp#27;[0;39m: Binding column: AnnotatedDiscriminatorColumn(column='DTYPE')
&amp#27;[30m2025-04-16 08:52:27,554&amp#27;[0;39m &amp#27;[39mDEBUG&amp#27;[0;39m [&amp#27;[34mmain&amp#27;[0;39m] &amp#27;[33mo.h.b.m.i.AnnotatedColumn&amp#27;[0;39m: Binding column: AnnotatedColumn(column='ID')
&amp#27;[30m2025-04-16 08:52:27,554&amp#27;[0;39m &amp#27;[39mDEBUG&amp#27;[0;39m [&amp#27;[34mmain&amp#27;[0;39m] &amp#27;[33mo.h.b.i.ClassLoaderAccessImpl&amp#27;[0;39m: Not known whether passed class name [in.rgukt.r081247.universityapi.entity.Course] is safe
&amp#27;[30m2025-04-16 08:52:27,554&amp#27;[0;39m &amp#27;[39mDEBUG&amp#27;[0;39m [&amp#27;[34mmain&amp#27;[0;39m] &amp#27;[33mo.h.b.i.ClassLoaderAccessImpl&amp#27;[0;39m: No temp ClassLoader provided; using live ClassLoader for loading potentially unsafe class : in.rgukt.r081247.universityapi.entity.Course
&amp#27;[30m2025-04-16 08:52:27,554&amp#27;[0;39m &amp#27;[39mDEBUG&amp#27;[0;39m [&amp#27;[34mmain&amp#27;[0;39m] &amp#27;[33mo.h.b.m.i.PropertyBinder&amp#27;[0;39m: MetadataSourceProcessor property id with lazy=false
&amp#27;[30m2025-04-16 08:52:27,554&amp#27;[0;39m &amp#27;[39mDEBUG&amp#27;[0;39m [&amp#27;[34mmain&amp#27;[0;39m] &amp#27;[33mo.h.b.m.i.AbstractPropertyHolder&amp#27;[0;39m: Attempting to locate auto-apply AttributeConverter for property [in.rgukt.r081247.universityapi.entity.Course:id]
&amp#27;[30m2025-04-16 08:52:27,554&amp#27;[0;39m &amp#27;[39mDEBUG&amp#27;[0;39m [&amp#27;[34mmain&amp#27;[0;39m] &amp#27;[33mo.h.b.m.i.BasicValueBinder&amp#27;[0;39m: building BasicValue for id
&amp#27;[30m2025-04-16 08:52:27,554&amp#27;[0;39m &amp#27;[39mDEBUG&amp#27;[0;39m [&amp#27;[34mmain&amp#27;[0;39m] &amp#27;[33mo.h.m.BasicValue&amp#27;[0;39m: Skipping column re-registration: course.id
&amp#27;[30m2025-04-16 08:52:27,554&amp#27;[0;39m &amp#27;[39mDEBUG&amp#27;[0;39m [&amp#27;[34mmain&amp#27;[0;39m] &amp#27;[33mo.h.b.m.i.PropertyBinder&amp#27;[0;39m: Building property id
&amp#27;[30m2025-04-16 08:52:27,554&amp#27;[0;39m &amp#27;[39mDEBUG&amp#27;[0;39m [&amp#27;[34mmain&amp#27;[0;39m] &amp#27;[33mo.h.b.m.i.GeneratorBinder&amp#27;[0;39m: #makeIdGenerator(BasicValue([Column(id)]), id, identity, , ...)
&amp#27;[30m2025-04-16 08:52:27,554&amp#27;[0;39m &amp#27;[39mDEBUG&amp#27;[0;39m [&amp#27;[34mmain&amp#27;[0;39m] &amp#27;[33mo.h.b.m.i.AnnotatedColumn&amp#27;[0;39m: Binding column: AnnotatedJoinColumn(column='DEPARTMENT_ID')
&amp#27;[30m2025-04-16 08:52:27,554&amp#27;[0;39m &amp#27;[39mDEBUG&amp#27;[0;39m [&amp#27;[34mmain&amp#27;[0;39m] &amp#27;[33mo.h.b.m.i.AnnotatedColumn&amp#27;[0;39m: Binding column: AnnotatedColumn()
&amp#27;[30m2025-04-16 08:52:27,555&amp#27;[0;39m &amp#27;[39mDEBUG&amp#27;[0;39m [&amp#27;[34mmain&amp#27;[0;39m] &amp#27;[33mo.h.b.m.i.PropertyBinder&amp#27;[0;39m: Building property department
&amp#27;[30m2025-04-16 08:52:27,555&amp#27;[0;39m &amp#27;[39mDEBUG&amp#27;[0;39m [&amp#27;[34mmain&amp#27;[0;39m] &amp#27;[33mo.h.b.m.i.AnnotatedColumn&amp#27;[0;39m: Binding column: AnnotatedColumn(column='NAME')
&amp#27;[30m2025-04-16 08:52:27,555&amp#27;[0;39m &amp#27;[39mDEBUG&amp#27;[0;39m [&amp#27;[34mmain&amp#27;[0;39m] &amp#27;[33mo.h.b.m.i.PropertyBinder&amp#27;[0;39m: MetadataSourceProcessor property name with lazy=false
&amp#27;[30m2025-04-16 08:52:27,555&amp#27;[0;39m &amp#27;[39mDEBUG&amp#27;[0;39m [&amp#27;[34mmain&amp#27;[0;39m] &amp#27;[33mo.h.b.m.i.AbstractPropertyHolder&amp#27;[0;39m: Attempting to locate auto-apply AttributeConverter for property [in.rgukt.r081247.universityapi.entity.Course:name]
&amp#27;[30m2025-04-16 08:52:27,555&amp#27;[0;39m &amp#27;[39mDEBUG&amp#27;[0;39m [&amp#27;[34mmain&amp#27;[0;39m] &amp#27;[33mo.h.b.m.i.BasicValueBinder&amp#27;[0;39m: building BasicValue for name
&amp#27;[30m2025-04-16 08:52:27,555&amp#27;[0;39m &amp#27;[39mDEBUG&amp#27;[0;39m [&amp#27;[34mmain&amp#27;[0;39m] &amp#27;[33mo.h.m.BasicValue&amp#27;[0;39m: Skipping column re-registration: course.name
&amp#27;[30m2025-04-16 08:52:27,555&amp#27;[0;39m &amp#27;[39mDEBUG&amp#27;[0;39m [&amp#27;[34mmain&amp#27;[0;39m] &amp#27;[33mo.h.b.m.i.PropertyBinder&amp#27;[0;39m: Building property name
&amp#27;[30m2025-04-16 08:52:27,555&amp#27;[0;39m &amp#27;[39mDEBUG&amp#27;[0;39m [&amp#27;[34mmain&amp#27;[0;39m] &amp#27;[33mo.h.b.m.i.AnnotatedColumn&amp#27;[0;39m: Binding column: IndexColumn(column='students_ORDER')
&amp#27;[30m2025-04-16 08:52:27,556&amp#27;[0;39m &amp#27;[39mDEBUG&amp#27;[0;39m [&amp#27;[34mmain&amp#27;[0;39m] &amp#27;[33mo.h.b.m.i.AnnotatedColumn&amp#27;[0;39m: Binding column: AnnotatedColumn()
&amp#27;[30m2025-04-16 08:52:27,556&amp#27;[0;39m &amp#27;[39mDEBUG&amp#27;[0;39m [&amp#27;[34mmain&amp#27;[0;39m] &amp#27;[33mo.h.b.m.i.AnnotatedColumn&amp#27;[0;39m: Binding column: AnnotatedColumn(column='students_KEY')
&amp#27;[30m2025-04-16 08:52:27,556&amp#27;[0;39m &amp#27;[39mDEBUG&amp#27;[0;39m [&amp#27;[34mmain&amp#27;[0;39m] &amp#27;[33mo.h.b.m.i.AnnotatedColumn&amp#27;[0;39m: Binding column: AnnotatedJoinColumn(column='students_KEY')
&amp#27;[30m2025-04-16 08:52:27,556&amp#27;[0;39m &amp#27;[39mDEBUG&amp#27;[0;39m [&amp#27;[34mmain&amp#27;[0;39m] &amp#27;[33mo.h.b.m.i.AnnotatedColumn&amp#27;[0;39m: Binding column: AnnotatedJoinColumn()
&amp#27;[30m2025-04-16 08:52:27,556&amp#27;[0;39m &amp#27;[39mDEBUG&amp#27;[0;39m [&amp#27;[34mmain&amp#27;[0;39m] &amp#27;[33mo.h.b.m.i.AnnotatedColumn&amp#27;[0;39m: Binding column: AnnotatedJoinColumn()
&amp#27;[30m2025-04-16 08:52:27,556&amp#27;[0;39m &amp#27;[39mDEBUG&amp#27;[0;39m [&amp#27;[34mmain&amp#27;[0;39m] &amp#27;[33mo.h.b.m.i.CollectionBinder&amp#27;[0;39m: Collection role: in.rgukt.r081247.universityapi.entity.Course.students
&amp#27;[30m2025-04-16 08:52:27,556&amp#27;[0;39m &amp#27;[39mDEBUG&amp#27;[0;39m [&amp#27;[34mmain&amp#27;[0;39m] &amp#27;[33mo.h.b.m.i.PropertyBinder&amp#27;[0;39m: Building property students
&amp#27;[30m2025-04-16 08:52:27,556&amp#27;[0;39m &amp#27;[39mDEBUG&amp#27;[0;39m [&amp#27;[34mmain&amp#27;[0;39m] &amp#27;[33mo.h.b.r.c.i.ClassLoaderServiceImpl&amp#27;[0;39m: HHH000194: Package not found or no package-info.java: in.rgukt.r081247.universityapi.entity
&amp#27;[30m2025-04-16 08:52:27,557&amp#27;[0;39m &amp#27;[39mDEBUG&amp#27;[0;39m [&amp#27;[34mmain&amp#27;[0;39m] &amp#27;[33mo.h.b.m.i.EntityBinder&amp#27;[0;39m: Binding entity from annotated class: in.rgukt.r081247.universityapi.entity.Department
&amp#27;[30m2025-04-16 08:52:27,557&amp#27;[0;39m &amp#27;[39mDEBUG&amp#27;[0;39m [&amp#27;[34mmain&amp#27;[0;39m] &amp#27;[33mo.h.b.m.i.EntityBinder&amp#27;[0;39m: Import with entity name Department
&amp#27;[30m2025-04-16 08:52:27,557&amp#27;[0;39m &amp#27;[39mDEBUG&amp#27;[0;39m [&amp#27;[34mmain&amp#27;[0;39m] &amp#27;[33mo.h.b.m.i.EntityBinder&amp#27;[0;39m: Bind entity in.rgukt.r081247.universityapi.entity.Department on table department
&amp#27;[30m2025-04-16 08:52:27,557&amp#27;[0;39m &amp#27;[39mDEBUG&amp#27;[0;39m [&amp#27;[34mmain&amp#27;[0;39m] &amp#27;[33mo.h.b.m.i.AnnotatedColumn&amp#27;[0;39m: Binding column: AnnotatedDiscriminatorColumn(column='DTYPE')
&amp#27;[30m2025-04-16 08:52:27,557&amp#27;[0;39m &amp#27;[39mDEBUG&amp#27;[0;39m [&amp#27;[34mmain&amp#27;[0;39m] &amp#27;[33mo.h.b.m.i.AnnotatedColumn&amp#27;[0;39m: Binding column: AnnotatedColumn(column='ID')
&amp#27;[30m2025-04-16 08:52:27,558&amp#27;[0;39m &amp#27;[39mDEBUG&amp#27;[0;39m [&amp#27;[34mmain&amp#27;[0;39m] &amp#27;[33mo.h.b.i.ClassLoaderAccessImpl&amp#27;[0;39m: Not known whether passed class name [in.rgukt.r081247.universityapi.entity.Department] is safe
&amp#27;[30m2025-04-16 08:52:27,558&amp#27;[0;39m &amp#27;[39mDEBUG&amp#27;[0;39m [&amp#27;[34mmain&amp#27;[0;39m] &amp#27;[33mo.h.b.i.ClassLoaderAccessImpl&amp#27;[0;39m: No temp ClassLoader provided; using live ClassLoader for loading potentially unsafe class : in.rgukt.r081247.universityapi.entity.Department
&amp#27;[30m2025-04-16 08:52:27,558&amp#27;[0;39m &amp#27;[39mDEBUG&amp#27;[0;39m [&amp#27;[34mmain&amp#27;[0;39m] &amp#27;[33mo.h.b.m.i.PropertyBinder&amp#27;[0;39m: MetadataSourceProcessor property id with lazy=false
&amp#27;[30m2025-04-16 08:52:27,558&amp#27;[0;39m &amp#27;[39mDEBUG&amp#27;[0;39m [&amp#27;[34mmain&amp#27;[0;39m] &amp#27;[33mo.h.b.m.i.AbstractPropertyHolder&amp#27;[0;39m: Attempting to locate auto-apply AttributeConverter for property [in.rgukt.r081247.universityapi.entity.Department:id]
&amp#27;[30m2025-04-16 08:52:27,558&amp#27;[0;39m &amp#27;[39mDEBUG&amp#27;[0;39m [&amp#27;[34mmain&amp#27;[0;39m] &amp#27;[33mo.h.b.m.i.BasicValueBinder&amp#27;[0;39m: building BasicValue for id
&amp#27;[30m2025-04-16 08:52:27,558&amp#27;[0;39m &amp#27;[39mDEBUG&amp#27;[0;39m [&amp#27;[34mmain&amp#27;[0;39m] &amp#27;[33mo.h.m.BasicValue&amp#27;[0;39m: Skipping column re-registration: department.id
&amp#27;[30m2025-04-16 08:52:27,558&amp#27;[0;39m &amp#27;[39mDEBUG&amp#27;[0;39m [&amp#27;[34mmain&amp#27;[0;39m] &amp#27;[33mo.h.b.m.i.PropertyBinder&amp#27;[0;39m: Building property id
&amp#27;[30m2025-04-16 08:52:27,558&amp#27;[0;39m &amp#27;[39mDEBUG&amp#27;[0;39m [&amp#27;[34mmain&amp#27;[0;39m] &amp#27;[33mo.h.b.m.i.GeneratorBinder&amp#27;[0;39m: #makeIdGenerator(BasicValue([Column(id)]), id, identity, , ...)
&amp#27;[30m2025-04-16 08:52:27,558&amp#27;[0;39m &amp#27;[39mDEBUG&amp#27;[0;39m [&amp#27;[34mmain&amp#27;[0;39m] &amp#27;[33mo.h.b.m.i.AnnotatedColumn&amp#27;[0;39m: Binding column: AnnotatedJoinColumn()
&amp#27;[30m2025-04-16 08:52:27,558&amp#27;[0;39m &amp#27;[39mDEBUG&amp#27;[0;39m [&amp#27;[34mmain&amp#27;[0;39m] &amp#27;[33mo.h.b.m.i.AnnotatedColumn&amp#27;[0;39m: Binding column: AnnotatedColumn()
&amp#27;[30m2025-04-16 08:52:27,558&amp#27;[0;39m &amp#27;[39mDEBUG&amp#27;[0;39m [&amp#27;[34mmain&amp#27;[0;39m] &amp#27;[33mo.h.b.m.i.AnnotatedColumn&amp#27;[0;39m: Binding column: IndexColumn(column='courses_ORDER')
&amp#27;[30m2025-04-16 08:52:27,558&amp#27;[0;39m &amp#27;[39mDEBUG&amp#27;[0;39m [&amp#27;[34mmain&amp#27;[0;39m] &amp#27;[33mo.h.b.m.i.AnnotatedColumn&amp#27;[0;39m: Binding column: AnnotatedColumn()
&amp#27;[30m2025-04-16 08:52:27,559&amp#27;[0;39m &amp#27;[39mDEBUG&amp#27;[0;39m [&amp#27;[34mmain&amp#27;[0;39m] &amp#27;[33mo.h.b.m.i.AnnotatedColumn&amp#27;[0;39m: Binding column: AnnotatedColumn(column='courses_KEY')
&amp#27;[30m2025-04-16 08:52:27,559&amp#27;[0;39m &amp#27;[39mDEBUG&amp#27;[0;39m [&amp#27;[34mmain&amp#27;[0;39m] &amp#27;[33mo.h.b.m.i.AnnotatedColumn&amp#27;[0;39m: Binding column: AnnotatedJoinColumn(column='courses_KEY')
&amp#27;[30m2025-04-16 08:52:27,559&amp#27;[0;39m &amp#27;[39mDEBUG&amp#27;[0;39m [&amp#27;[34mmain&amp#27;[0;39m] &amp#27;[33mo.h.b.m.i.AnnotatedColumn&amp#27;[0;39m: Binding column: AnnotatedJoinColumn()
&amp#27;[30m2025-04-16 08:52:27,559&amp#27;[0;39m &amp#27;[39mDEBUG&amp#27;[0;39m [&amp#27;[34mmain&amp#27;[0;39m] &amp#27;[33mo.h.b.m.i.AnnotatedColumn&amp#27;[0;39m: Binding column: AnnotatedJoinColumn()
&amp#27;[30m2025-04-16 08:52:27,559&amp#27;[0;39m &amp#27;[39mDEBUG&amp#27;[0;39m [&amp#27;[34mmain&amp#27;[0;39m] &amp#27;[33mo.h.b.m.i.CollectionBinder&amp#27;[0;39m: Collection role: in.rgukt.r081247.universityapi.entity.Department.courses
&amp#27;[30m2025-04-16 08:52:27,559&amp#27;[0;39m &amp#27;[39mDEBUG&amp#27;[0;39m [&amp#27;[34mmain&amp#27;[0;39m] &amp#27;[33mo.h.b.m.i.PropertyBinder&amp#27;[0;39m: Building property courses
&amp#27;[30m2025-04-16 08:52:27,559&amp#27;[0;39m &amp#27;[39mDEBUG&amp#27;[0;39m [&amp#27;[34mmain&amp#27;[0;39m] &amp#27;[33mo.h.b.m.i.AnnotatedColumn&amp#27;[0;39m: Binding column: AnnotatedColumn(column='NAME')
&amp#27;[30m2025-04-16 08:52:27,559&amp#27;[0;39m &amp#27;[39mDEBUG&amp#27;[0;39m [&amp#27;[34mmain&amp#27;[0;39m] &amp#27;[33mo.h.b.m.i.PropertyBinder&amp#27;[0;39m: MetadataSourceProcessor property name with lazy=false
&amp#27;[30m2025-04-16 08:52:27,559&amp#27;[0;39m &amp#27;[39mDEBUG&amp#27;[0;39m [&amp#27;[34mmain&amp#27;[0;39m] &amp#27;[33mo.h.b.m.i.AbstractPropertyHolder&amp#27;[0;39m: Attempting to locate auto-apply AttributeConverter for property [in.rgukt.r081247.universityapi.entity.Department:name]
&amp#27;[30m2025-04-16 08:52:27,559&amp#27;[0;39m &amp#27;[39mDEBUG&amp#27;[0;39m [&amp#27;[34mmain&amp#27;[0;39m] &amp#27;[33mo.h.b.m.i.BasicValueBinder&amp#27;[0;39m: building BasicValue for name
&amp#27;[30m2025-04-16 08:52:27,560&amp#27;[0;39m &amp#27;[39mDEBUG&amp#27;[0;39m [&amp#27;[34mmain&amp#27;[0;39m] &amp#27;[33mo.h.m.BasicValue&amp#27;[0;39m: Skipping column re-registration: department.name
&amp#27;[30m2025-04-16 08:52:27,560&amp#27;[0;39m &amp#27;[39mDEBUG&amp#27;[0;39m [&amp#27;[34mmain&amp#27;[0;39m] &amp#27;[33mo.h.b.m.i.PropertyBinder&amp#27;[0;39m: Building property name
&amp#27;[30m2025-04-16 08:52:27,560&amp#27;[0;39m &amp#27;[39mDEBUG&amp#27;[0;39m [&amp#27;[34mmain&amp#27;[0;39m] &amp#27;[33mo.h.b.r.c.i.ClassLoaderServiceImpl&amp#27;[0;39m: HHH000194: Package not found or no package-info.java: in.rgukt.r081247.universityapi.entity
&amp#27;[30m2025-04-16 08:52:27,560&amp#27;[0;39m &amp#27;[39mDEBUG&amp#27;[0;39m [&amp#27;[34mmain&amp#27;[0;39m] &amp#27;[33mo.h.b.m.i.EntityBinder&amp#27;[0;39m: Binding entity from annotated class: in.rgukt.r081247.universityapi.entity.Student
&amp#27;[30m2025-04-16 08:52:27,560&amp#27;[0;39m &amp#27;[39mDEBUG&amp#27;[0;39m [&amp#27;[34mmain&amp#27;[0;39m] &amp#27;[33mo.h.b.m.i.EntityBinder&amp#27;[0;39m: Import with entity name Student
&amp#27;[30m2025-04-16 08:52:27,560&amp#27;[0;39m &amp#27;[39mDEBUG&amp#27;[0;39m [&amp#27;[34mmain&amp#27;[0;39m] &amp#27;[33mo.h.b.m.i.EntityBinder&amp#27;[0;39m: Bind entity in.rgukt.r081247.universityapi.entity.Student on table student
&amp#27;[30m2025-04-16 08:52:27,560&amp#27;[0;39m &amp#27;[39mDEBUG&amp#27;[0;39m [&amp#27;[34mmain&amp#27;[0;39m] &amp#27;[33mo.h.b.m.i.AnnotatedColumn&amp#27;[0;39m: Binding column: AnnotatedDiscriminatorColumn(column='DTYPE')
&amp#27;[30m2025-04-16 08:52:27,561&amp#27;[0;39m &amp#27;[39mDEBUG&amp#27;[0;39m [&amp#27;[34mmain&amp#27;[0;39m] &amp#27;[33mo.h.b.m.i.AnnotatedColumn&amp#27;[0;39m: Binding column: AnnotatedColumn(column='ID')
&amp#27;[30m2025-04-16 08:52:27,561&amp#27;[0;39m &amp#27;[39mDEBUG&amp#27;[0;39m [&amp#27;[34mmain&amp#27;[0;39m] &amp#27;[33mo.h.b.i.ClassLoaderAccessImpl&amp#27;[0;39m: Not known whether passed class name [in.rgukt.r081247.universityapi.entity.Student] is safe
&amp#27;[30m2025-04-16 08:52:27,561&amp#27;[0;39m &amp#27;[39mDEBUG&amp#27;[0;39m [&amp#27;[34mmain&amp#27;[0;39m] &amp#27;[33mo.h.b.i.ClassLoaderAccessImpl&amp#27;[0;39m: No temp ClassLoader provided; using live ClassLoader for loading potentially unsafe class : in.rgukt.r081247.universityapi.entity.Student
&amp#27;[30m2025-04-16 08:52:27,561&amp#27;[0;39m &amp#27;[39mDEBUG&amp#27;[0;39m [&amp#27;[34mmain&amp#27;[0;39m] &amp#27;[33mo.h.b.m.i.PropertyBinder&amp#27;[0;39m: MetadataSourceProcessor property id with lazy=false
&amp#27;[30m2025-04-16 08:52:27,561&amp#27;[0;39m &amp#27;[39mDEBUG&amp#27;[0;39m [&amp#27;[34mmain&amp#27;[0;39m] &amp#27;[33mo.h.b.m.i.AbstractPropertyHolder&amp#27;[0;39m: Attempting to locate auto-apply AttributeConverter for property [in.rgukt.r081247.universityapi.entity.Student:id]
&amp#27;[30m2025-04-16 08:52:27,561&amp#27;[0;39m &amp#27;[39mDEBUG&amp#27;[0;39m [&amp#27;[34mmain&amp#27;[0;39m] &amp#27;[33mo.h.b.m.i.BasicValueBinder&amp#27;[0;39m: building BasicValue for id
&amp#27;[30m2025-04-16 08:52:27,561&amp#27;[0;39m &amp#27;[39mDEBUG&amp#27;[0;39m [&amp#27;[34mmain&amp#27;[0;39m] &amp#27;[33mo.h.m.BasicValue&amp#27;[0;39m: Skipping column re-registration: student.id
&amp#27;[30m2025-04-16 08:52:27,561&amp#27;[0;39m &amp#27;[39mDEBUG&amp#27;[0;39m [&amp#27;[34mmain&amp#27;[0;39m] &amp#27;[33mo.h.b.m.i.PropertyBinder&amp#27;[0;39m: Building property id
&amp#27;[30m2025-04-16 08:52:27,561&amp#27;[0;39m &amp#27;[39mDEBUG&amp#27;[0;39m [&amp#27;[34mmain&amp#27;[0;39m] &amp#27;[33mo.h.b.m.i.GeneratorBinder&amp#27;[0;39m: #makeIdGenerator(BasicValue([Column(id)]), id, identity, , ...)
&amp#27;[30m2025-04-16 08:52:27,562&amp#27;[0;39m &amp#27;[39mDEBUG&amp#27;[0;39m [&amp#27;[34mmain&amp#27;[0;39m] &amp#27;[33mo.h.b.m.i.AnnotatedColumn&amp#27;[0;39m: Binding column: IndexColumn(column='courses_ORDER')
&amp#27;[30m2025-04-16 08:52:27,562&amp#27;[0;39m &amp#27;[39mDEBUG&amp#27;[0;39m [&amp#27;[34mmain&amp#27;[0;39m] &amp#27;[33mo.h.b.m.i.AnnotatedColumn&amp#27;[0;39m: Binding column: AnnotatedColumn()
&amp#27;[30m2025-04-16 08:52:27,562&amp#27;[0;39m &amp#27;[39mDEBUG&amp#27;[0;39m [&amp#27;[34mmain&amp#27;[0;39m] &amp#27;[33mo.h.b.m.i.AnnotatedColumn&amp#27;[0;39m: Binding column: AnnotatedColumn(column='courses_KEY')
&amp#27;[30m2025-04-16 08:52:27,562&amp#27;[0;39m &amp#27;[39mDEBUG&amp#27;[0;39m [&amp#27;[34mmain&amp#27;[0;39m] &amp#27;[33mo.h.b.m.i.AnnotatedColumn&amp#27;[0;39m: Binding column: AnnotatedJoinColumn(column='courses_KEY')
&amp#27;[30m2025-04-16 08:52:27,562&amp#27;[0;39m &amp#27;[39mDEBUG&amp#27;[0;39m [&amp#27;[34mmain&amp#27;[0;39m] &amp#27;[33mo.h.b.m.i.AnnotatedColumn&amp#27;[0;39m: Binding column: AnnotatedJoinColumn(column='STUDENT_ID')
&amp#27;[30m2025-04-16 08:52:27,562&amp#27;[0;39m &amp#27;[39mDEBUG&amp#27;[0;39m [&amp#27;[34mmain&amp#27;[0;39m] &amp#27;[33mo.h.b.m.i.AnnotatedColumn&amp#27;[0;39m: Binding column: AnnotatedJoinColumn(column='COURSE_ID')
&amp#27;[30m2025-04-16 08:52:27,562&amp#27;[0;39m &amp#27;[39mDEBUG&amp#27;[0;39m [&amp#27;[34mmain&amp#27;[0;39m] &amp#27;[33mo.h.b.m.i.CollectionBinder&amp#27;[0;39m: Collection role: in.rgukt.r081247.universityapi.entity.Student.courses
&amp#27;[30m2025-04-16 08:52:27,562&amp#27;[0;39m &amp#27;[39mDEBUG&amp#27;[0;39m [&amp#27;[34mmain&amp#27;[0;39m] &amp#27;[33mo.h.b.m.i.PropertyBinder&amp#27;[0;39m: Building property courses
&amp#27;[30m2025-04-16 08:52:27,562&amp#27;[0;39m &amp#27;[39mDEBUG&amp#27;[0;39m [&amp#27;[34mmain&amp#27;[0;39m] &amp#27;[33mo.h.b.m.i.AnnotatedColumn&amp#27;[0;39m: Binding column: AnnotatedColumn(column='DOB')
&amp#27;[30m2025-04-16 08:52:27,562&amp#27;[0;39m &amp#27;[39mDEBUG&amp#27;[0;39m [&amp#27;[34mmain&amp#27;[0;39m] &amp#27;[33mo.h.b.m.i.PropertyBinder&amp#27;[0;39m: MetadataSourceProcessor property dob with lazy=false
&amp#27;[30m2025-04-16 08:52:27,562&amp#27;[0;39m &amp#27;[39mDEBUG&amp#27;[0;39m [&amp#27;[34mmain&amp#27;[0;39m] &amp#27;[33mo.h.b.m.i.AbstractPropertyHolder&amp#27;[0;39m: Attempting to locate auto-apply AttributeConverter for property [in.rgukt.r081247.universityapi.entity.Student:dob]
&amp#27;[30m2025-04-16 08:52:27,563&amp#27;[0;39m &amp#27;[39mDEBUG&amp#27;[0;39m [&amp#27;[34mmain&amp#27;[0;39m] &amp#27;[33mo.h.b.m.i.BasicValueBinder&amp#27;[0;39m: building BasicValue for dob
&amp#27;[30m2025-04-16 08:52:27,563&amp#27;[0;39m &amp#27;[39mDEBUG&amp#27;[0;39m [&amp#27;[34mmain&amp#27;[0;39m] &amp#27;[33mo.h.m.BasicValue&amp#27;[0;39m: Skipping column re-registration: student.dob
&amp#27;[30m2025-04-16 08:52:27,563&amp#27;[0;39m &amp#27;[39mDEBUG&amp#27;[0;39m [&amp#27;[34mmain&amp#27;[0;39m] &amp#27;[33mo.h.b.m.i.PropertyBinder&amp#27;[0;39m: Building property dob
&amp#27;[30m2025-04-16 08:52:27,563&amp#27;[0;39m &amp#27;[39mDEBUG&amp#27;[0;39m [&amp#27;[34mmain&amp#27;[0;39m] &amp#27;[33mo.h.b.m.i.AnnotatedColumn&amp#27;[0;39m: Binding column: AnnotatedColumn(column='NAME')
&amp#27;[30m2025-04-16 08:52:27,563&amp#27;[0;39m &amp#27;[39mDEBUG&amp#27;[0;39m [&amp#27;[34mmain&amp#27;[0;39m] &amp#27;[33mo.h.b.m.i.PropertyBinder&amp#27;[0;39m: MetadataSourceProcessor property name with lazy=false
&amp#27;[30m2025-04-16 08:52:27,563&amp#27;[0;39m &amp#27;[39mDEBUG&amp#27;[0;39m [&amp#27;[34mmain&amp#27;[0;39m] &amp#27;[33mo.h.b.m.i.AbstractPropertyHolder&amp#27;[0;39m: Attempting to locate auto-apply AttributeConverter for property [in.rgukt.r081247.universityapi.entity.Student:name]
&amp#27;[30m2025-04-16 08:52:27,563&amp#27;[0;39m &amp#27;[39mDEBUG&amp#27;[0;39m [&amp#27;[34mmain&amp#27;[0;39m] &amp#27;[33mo.h.b.m.i.BasicValueBinder&amp#27;[0;39m: building BasicValue for name
&amp#27;[30m2025-04-16 08:52:27,563&amp#27;[0;39m &amp#27;[39mDEBUG&amp#27;[0;39m [&amp#27;[34mmain&amp#27;[0;39m] &amp#27;[33mo.h.m.BasicValue&amp#27;[0;39m: Skipping column re-registration: student.name
&amp#27;[30m2025-04-16 08:52:27,563&amp#27;[0;39m &amp#27;[39mDEBUG&amp#27;[0;39m [&amp#27;[34mmain&amp#27;[0;39m] &amp#27;[33mo.h.b.m.i.PropertyBinder&amp#27;[0;39m: Building property name
&amp#27;[30m2025-04-16 08:52:27,563&amp#27;[0;39m &amp#27;[39mDEBUG&amp#27;[0;39m [&amp#27;[34mmain&amp#27;[0;39m] &amp#27;[33mo.h.b.r.c.i.ClassLoaderServiceImpl&amp#27;[0;39m: HHH000194: Package not found or no package-info.java: in.rgukt.r081247.universityapi.entity
&amp#27;[30m2025-04-16 08:52:27,564&amp#27;[0;39m &amp#27;[39mDEBUG&amp#27;[0;39m [&amp#27;[34mmain&amp#27;[0;39m] &amp#27;[33mo.h.b.m.i.BasicValueBinder&amp#27;[0;39m: Starting `BasicValueBinder#fillSimpleValue` for id
&amp#27;[30m2025-04-16 08:52:27,564&amp#27;[0;39m &amp#27;[39mDEBUG&amp#27;[0;39m [&amp#27;[34mmain&amp#27;[0;39m] &amp#27;[33mo.h.b.m.i.BasicValueBinder&amp#27;[0;39m: Starting `BasicValueBinder#fillSimpleValue` for name
&amp#27;[30m2025-04-16 08:52:27,564&amp#27;[0;39m &amp#27;[39mDEBUG&amp#27;[0;39m [&amp#27;[34mmain&amp#27;[0;39m] &amp#27;[33mo.h.b.m.i.BasicValueBinder&amp#27;[0;39m: Starting `BasicValueBinder#fillSimpleValue` for id
&amp#27;[30m2025-04-16 08:52:27,564&amp#27;[0;39m &amp#27;[39mDEBUG&amp#27;[0;39m [&amp#27;[34mmain&amp#27;[0;39m] &amp#27;[33mo.h.b.m.i.BasicValueBinder&amp#27;[0;39m: Starting `BasicValueBinder#fillSimpleValue` for name
&amp#27;[30m2025-04-16 08:52:27,564&amp#27;[0;39m &amp#27;[39mDEBUG&amp#27;[0;39m [&amp#27;[34mmain&amp#27;[0;39m] &amp#27;[33mo.h.b.m.i.BasicValueBinder&amp#27;[0;39m: Starting `BasicValueBinder#fillSimpleValue` for id
&amp#27;[30m2025-04-16 08:52:27,564&amp#27;[0;39m &amp#27;[39mDEBUG&amp#27;[0;39m [&amp#27;[34mmain&amp#27;[0;39m] &amp#27;[33mo.h.b.m.i.BasicValueBinder&amp#27;[0;39m: Starting `BasicValueBinder#fillSimpleValue` for dob
&amp#27;[30m2025-04-16 08:52:27,564&amp#27;[0;39m &amp#27;[39mDEBUG&amp#27;[0;39m [&amp#27;[34mmain&amp#27;[0;39m] &amp#27;[33mo.h.b.m.i.BasicValueBinder&amp#27;[0;39m: Starting `BasicValueBinder#fillSimpleValue` for name
&amp#27;[30m2025-04-16 08:52:27,564&amp#27;[0;39m &amp#27;[39mDEBUG&amp#27;[0;39m [&amp#27;[34mmain&amp#27;[0;39m] &amp#27;[33mo.h.m.PrimaryKey&amp#27;[0;39m: Forcing column [id] to be non-null as it is part of the primary key for table [course]
&amp#27;[30m2025-04-16 08:52:27,565&amp#27;[0;39m &amp#27;[39mDEBUG&amp#27;[0;39m [&amp#27;[34mmain&amp#27;[0;39m] &amp#27;[33mo.h.m.PrimaryKey&amp#27;[0;39m: Forcing column [id] to be non-null as it is part of the primary key for table [department]
&amp#27;[30m2025-04-16 08:52:27,565&amp#27;[0;39m &amp#27;[39mDEBUG&amp#27;[0;39m [&amp#27;[34mmain&amp#27;[0;39m] &amp#27;[33mo.h.m.PrimaryKey&amp#27;[0;39m: Forcing column [id] to be non-null as it is part of the primary key for table [student]
&amp#27;[30m2025-04-16 08:52:27,565&amp#27;[0;39m &amp#27;[39mDEBUG&amp#27;[0;39m [&amp#27;[34mmain&amp#27;[0;39m] &amp#27;[33mo.h.b.m.i.CollectionSecondPass&amp#27;[0;39m: Second pass for collection: in.rgukt.r081247.universityapi.entity.Student.courses
&amp#27;[30m2025-04-16 08:52:27,565&amp#27;[0;39m &amp#27;[39mDEBUG&amp#27;[0;39m [&amp#27;[34mmain&amp#27;[0;39m] &amp#27;[33mo.h.b.m.i.CollectionBinder&amp#27;[0;39m: Binding a ManyToMany: in.rgukt.r081247.universityapi.entity.Student.courses
&amp#27;[30m2025-04-16 08:52:27,565&amp#27;[0;39m &amp#27;[39mDEBUG&amp#27;[0;39m [&amp#27;[34mmain&amp#27;[0;39m] &amp#27;[33mo.h.b.r.c.i.ClassLoaderServiceImpl&amp#27;[0;39m: HHH000194: Package not found or no package-info.java: in.rgukt.r081247.universityapi.entity
&amp#27;[30m2025-04-16 08:52:27,565&amp#27;[0;39m &amp#27;[39mDEBUG&amp#27;[0;39m [&amp#27;[34mmain&amp#27;[0;39m] &amp#27;[33mo.h.m.PrimaryKey&amp#27;[0;39m: Forcing column [student_id] to be non-null as it is part of the primary key for table [student_course]
&amp#27;[30m2025-04-16 08:52:27,565&amp#27;[0;39m &amp#27;[39mDEBUG&amp#27;[0;39m [&amp#27;[34mmain&amp#27;[0;39m] &amp#27;[33mo.h.m.PrimaryKey&amp#27;[0;39m: Forcing column [course_id] to be non-null as it is part of the primary key for table [student_course]
&amp#27;[30m2025-04-16 08:52:27,565&amp#27;[0;39m &amp#27;[39mDEBUG&amp#27;[0;39m [&amp#27;[34mmain&amp#27;[0;39m] &amp#27;[33mo.h.b.m.i.CollectionSecondPass&amp#27;[0;39m: Mapped collection key: student_id, element: course_id
&amp#27;[30m2025-04-16 08:52:27,565&amp#27;[0;39m &amp#27;[39mDEBUG&amp#27;[0;39m [&amp#27;[34mmain&amp#27;[0;39m] &amp#27;[33mo.h.b.m.i.CollectionSecondPass&amp#27;[0;39m: Second pass for collection: in.rgukt.r081247.universityapi.entity.Course.students
&amp#27;[30m2025-04-16 08:52:27,566&amp#27;[0;39m &amp#27;[39mDEBUG&amp#27;[0;39m [&amp#27;[34mmain&amp#27;[0;39m] &amp#27;[33mo.h.b.m.i.CollectionBinder&amp#27;[0;39m: Binding a ManyToMany: in.rgukt.r081247.universityapi.entity.Course.students
&amp#27;[30m2025-04-16 08:52:27,566&amp#27;[0;39m &amp#27;[39mDEBUG&amp#27;[0;39m [&amp#27;[34mmain&amp#27;[0;39m] &amp#27;[33mo.h.b.r.c.i.ClassLoaderServiceImpl&amp#27;[0;39m: HHH000194: Package not found or no package-info.java: in.rgukt.r081247.universityapi.entity
&amp#27;[30m2025-04-16 08:52:27,566&amp#27;[0;39m &amp#27;[39mDEBUG&amp#27;[0;39m [&amp#27;[34mmain&amp#27;[0;39m] &amp#27;[33mo.h.b.m.i.TableBinder&amp#27;[0;39m: Retrieving property in.rgukt.r081247.universityapi.entity.Student.courses
&amp#27;[30m2025-04-16 08:52:27,566&amp#27;[0;39m &amp#27;[39mDEBUG&amp#27;[0;39m [&amp#27;[34mmain&amp#27;[0;39m] &amp#27;[33mo.h.b.m.i.CollectionSecondPass&amp#27;[0;39m: Mapped collection key: course_id, element: student_id
&amp#27;[30m2025-04-16 08:52:27,566&amp#27;[0;39m &amp#27;[39mDEBUG&amp#27;[0;39m [&amp#27;[34mmain&amp#27;[0;39m] &amp#27;[33mo.h.b.m.i.CollectionSecondPass&amp#27;[0;39m: Second pass for collection: in.rgukt.r081247.universityapi.entity.Department.courses
&amp#27;[30m2025-04-16 08:52:27,566&amp#27;[0;39m &amp#27;[39mDEBUG&amp#27;[0;39m [&amp#27;[34mmain&amp#27;[0;39m] &amp#27;[33mo.h.b.m.i.CollectionBinder&amp#27;[0;39m: Binding a OneToMany: in.rgukt.r081247.universityapi.entity.Department.courses through a foreign key
&amp#27;[30m2025-04-16 08:52:27,566&amp#27;[0;39m &amp#27;[39mDEBUG&amp#27;[0;39m [&amp#27;[34mmain&amp#27;[0;39m] &amp#27;[33mo.h.b.m.i.CollectionBinder&amp#27;[0;39m: Mapping collection: in.rgukt.r081247.universityapi.entity.Department.courses -> course
&amp#27;[30m2025-04-16 08:52:27,566&amp#27;[0;39m &amp#27;[39mDEBUG&amp#27;[0;39m [&amp#27;[34mmain&amp#27;[0;39m] &amp#27;[33mo.h.b.m.i.TableBinder&amp#27;[0;39m: Retrieving property in.rgukt.r081247.universityapi.entity.Course.department
&amp#27;[30m2025-04-16 08:52:27,566&amp#27;[0;39m &amp#27;[39mDEBUG&amp#27;[0;39m [&amp#27;[34mmain&amp#27;[0;39m] &amp#27;[33mo.h.b.m.i.CollectionSecondPass&amp#27;[0;39m: Mapped collection key: department_id, one-to-many: in.rgukt.r081247.universityapi.entity.Course
&amp#27;[30m2025-04-16 08:52:27,573&amp#27;[0;39m &amp#27;[39mDEBUG&amp#27;[0;39m [&amp#27;[34mmain&amp#27;[0;39m] &amp#27;[33mo.h.i.SessionFactoryImpl&amp#27;[0;39m: Building session factory
&amp#27;[30m2025-04-16 08:52:27,574&amp#27;[0;39m &amp#27;[39mDEBUG&amp#27;[0;39m [&amp#27;[34mmain&amp#27;[0;39m] &amp#27;[33mo.h.s.i.SessionFactoryServiceRegistryImpl&amp#27;[0;39m: EventListenerRegistry access via ServiceRegistry is deprecated.  Use `sessionFactory.getEventEngine().getListenerRegistry()` instead
&amp#27;[30m2025-04-16 08:52:27,574&amp#27;[0;39m &amp#27;[39mDEBUG&amp#27;[0;39m [&amp#27;[34mmain&amp#27;[0;39m] &amp#27;[33mo.h.i.SessionFactoryImpl&amp#27;[0;39m: Instantiating SessionFactory with settings: {hibernate.format_sql=true, java.specification.version=23, hibernate.resource.beans.container=org.springframework.orm.hibernate5.SpringBeanContainer@10ba757f, hibernate.connection.handling_mode=DELAYED_ACQUISITION_AND_HOLD, sun.jnu.encoding=UTF-8, hibernate.implicit_naming_strategy=org.springframework.boot.orm.jpa.hibernate.SpringImplicitNamingStrategy, java.class.path=/home/vinod/Desktop/projects/apis/universityapi/target/test-classes:/home/vinod/Desktop/projects/apis/universityapi/target/classes:/home/vinod/.m2/repository/org/springframework/boot/spring-boot-starter-data-jpa/3.4.4/spring-boot-starter-data-jpa-3.4.4.jar:/home/vinod/.m2/repository/org/springframework/boot/spring-boot-starter/3.4.4/spring-boot-starter-3.4.4.jar:/home/vinod/.m2/repository/org/springframework/boot/spring-boot-starter-logging/3.4.4/spring-boot-starter-logging-3.4.4.jar:/home/vinod/.m2/repository/ch/qos/logback/logback-classic/1.5.18/logback-classic-1.5.18.jar:/home/vinod/.m2/repository/ch/qos/logback/logback-core/1.5.18/logback-core-1.5.18.jar:/home/vinod/.m2/repository/org/apache/logging/log4j/log4j-to-slf4j/2.24.3/log4j-to-slf4j-2.24.3.jar:/home/vinod/.m2/repository/org/apache/logging/log4j/log4j-api/2.24.3/log4j-api-2.24.3.jar:/home/vinod/.m2/repository/org/slf4j/jul-to-slf4j/2.0.17/jul-to-slf4j-2.0.17.jar:/home/vinod/.m2/repository/jakarta/annotation/jakarta.annotation-api/2.1.1/jakarta.annotation-api-2.1.1.jar:/home/vinod/.m2/repository/org/yaml/snakeyaml/2.3/snakeyaml-2.3.jar:/home/vinod/.m2/repository/org/springframework/boot/spring-boot-starter-jdbc/3.4.4/spring-boot-starter-jdbc-3.4.4.jar:/home/vinod/.m2/repository/com/zaxxer/HikariCP/5.1.0/HikariCP-5.1.0.jar:/home/vinod/.m2/repository/org/springframework/spring-jdbc/6.2.5/spring-jdbc-6.2.5.jar:/home/vinod/.m2/repository/org/hibernate/orm/hibernate-core/6.6.11.Final/hibernate-core-6.6.11.Final.jar:/home/vinod/.m2/repository/jakarta/persistence/jakarta.persistence-api/3.1.0/jakarta.persistence-api-3.1.0.jar:/home/vinod/.m2/repository/jakarta/transaction/jakarta.transaction-api/2.0.1/jakarta.transaction-api-2.0.1.jar:/home/vinod/.m2/repository/org/jboss/logging/jboss-logging/3.6.1.Final/jboss-logging-3.6.1.Final.jar:/home/vinod/.m2/repository/org/hibernate/common/hibernate-commons-annotations/7.0.3.Final/hibernate-commons-annotations-7.0.3.Final.jar:/home/vinod/.m2/repository/io/smallrye/jandex/3.2.0/jandex-3.2.0.jar:/home/vinod/.m2/repository/com/fasterxml/classmate/1.7.0/classmate-1.7.0.jar:/home/vinod/.m2/repository/net/bytebuddy/byte-buddy/1.15.11/byte-buddy-1.15.11.jar:/home/vinod/.m2/repository/org/glassfish/jaxb/jaxb-runtime/4.0.5/jaxb-runtime-4.0.5.jar:/home/vinod/.m2/repository/org/glassfish/jaxb/jaxb-core/4.0.5/jaxb-core-4.0.5.jar:/home/vinod/.m2/repository/org/eclipse/angus/angus-activation/2.0.2/angus-activation-2.0.2.jar:/home/vinod/.m2/repository/org/glassfish/jaxb/txw2/4.0.5/txw2-4.0.5.jar:/home/vinod/.m2/repository/com/sun/istack/istack-commons-runtime/4.1.2/istack-commons-runtime-4.1.2.jar:/home/vinod/.m2/repository/jakarta/inject/jakarta.inject-api/2.0.1/jakarta.inject-api-2.0.1.jar:/home/vinod/.m2/repository/org/antlr/antlr4-runtime/4.13.0/antlr4-runtime-4.13.0.jar:/home/vinod/.m2/repository/org/springframework/data/spring-data-jpa/3.4.4/spring-data-jpa-3.4.4.jar:/home/vinod/.m2/repository/org/springframework/data/spring-data-commons/3.4.4/spring-data-commons-3.4.4.jar:/home/vinod/.m2/repository/org/springframework/spring-orm/6.2.5/spring-orm-6.2.5.jar:/home/vinod/.m2/repository/org/springframework/spring-context/6.2.5/spring-context-6.2.5.jar:/home/vinod/.m2/repository/org/springframework/spring-tx/6.2.5/spring-tx-6.2.5.jar:/home/vinod/.m2/repository/org/springframework/spring-beans/6.2.5/spring-beans-6.2.5.jar:/home/vinod/.m2/repository/org/slf4j/slf4j-api/2.0.17/slf4j-api-2.0.17.jar:/home/vinod/.m2/repository/org/springframework/spring-aspects/6.2.5/spring-aspects-6.2.5.jar:/home/vinod/.m2/repository/org/aspectj/aspectjweaver/1.9.23/aspectjweaver-1.9.23.jar:/home/vinod/.m2/repository/org/springframework/boot/spring-boot-starter-security/3.4.4/spring-boot-starter-security-3.4.4.jar:/home/vinod/.m2/repository/org/springframework/spring-aop/6.2.5/spring-aop-6.2.5.jar:/home/vinod/.m2/repository/org/springframework/security/spring-security-config/6.4.4/spring-security-config-6.4.4.jar:/home/vinod/.m2/repository/org/springframework/security/spring-security-web/6.4.4/spring-security-web-6.4.4.jar:/home/vinod/.m2/repository/org/springframework/spring-expression/6.2.5/spring-expression-6.2.5.jar:/home/vinod/.m2/repository/org/springframework/boot/spring-boot-starter-web/3.4.4/spring-boot-starter-web-3.4.4.jar:/home/vinod/.m2/repository/org/springframework/boot/spring-boot-starter-json/3.4.4/spring-boot-starter-json-3.4.4.jar:/home/vinod/.m2/repository/com/fasterxml/jackson/core/jackson-databind/2.18.3/jackson-databind-2.18.3.jar:/home/vinod/.m2/repository/com/fasterxml/jackson/core/jackson-annotations/2.18.3/jackson-annotations-2.18.3.jar:/home/vinod/.m2/repository/com/fasterxml/jackson/core/jackson-core/2.18.3/jackson-core-2.18.3.jar:/home/vinod/.m2/repository/com/fasterxml/jackson/datatype/jackson-datatype-jdk8/2.18.3/jackson-datatype-jdk8-2.18.3.jar:/home/vinod/.m2/repository/com/fasterxml/jackson/datatype/jackson-datatype-jsr310/2.18.3/jackson-datatype-jsr310-2.18.3.jar:/home/vinod/.m2/repository/com/fasterxml/jackson/module/jackson-module-parameter-names/2.18.3/jackson-module-parameter-names-2.18.3.jar:/home/vinod/.m2/repository/org/springframework/boot/spring-boot-starter-tomcat/3.4.4/spring-boot-starter-tomcat-3.4.4.jar:/home/vinod/.m2/repository/org/apache/tomcat/embed/tomcat-embed-core/10.1.39/tomcat-embed-core-10.1.39.jar:/home/vinod/.m2/repository/org/apache/tomcat/embed/tomcat-embed-websocket/10.1.39/tomcat-embed-websocket-10.1.39.jar:/home/vinod/.m2/repository/org/springframework/spring-web/6.2.5/spring-web-6.2.5.jar:/home/vinod/.m2/repository/io/micrometer/micrometer-observation/1.14.5/micrometer-observation-1.14.5.jar:/home/vinod/.m2/repository/io/micrometer/micrometer-commons/1.14.5/micrometer-commons-1.14.5.jar:/home/vinod/.m2/repository/org/springframework/spring-webmvc/6.2.5/spring-webmvc-6.2.5.jar:/home/vinod/.m2/repository/org/springframework/boot/spring-boot-starter-validation/3.4.4/spring-boot-starter-validation-3.4.4.jar:/home/vinod/.m2/repository/org/apache/tomcat/embed/tomcat-embed-el/10.1.39/tomcat-embed-el-10.1.39.jar:/home/vinod/.m2/repository/org/hibernate/validator/hibernate-validator/8.0.2.Final/hibernate-validator-8.0.2.Final.jar:/home/vinod/.m2/repository/jakarta/validation/jakarta.validation-api/3.0.2/jakarta.validation-api-3.0.2.jar:/home/vinod/.m2/repository/com/mysql/mysql-connector-j/9.1.0/mysql-connector-j-9.1.0.jar:/home/vinod/.m2/repository/org/springframework/boot/spring-boot-starter-test/3.4.4/spring-boot-starter-test-3.4.4.jar:/home/vinod/.m2/repository/org/springframework/boot/spring-boot-test/3.4.4/spring-boot-test-3.4.4.jar:/home/vinod/.m2/repository/org/springframework/boot/spring-boot-test-autoconfigure/3.4.4/spring-boot-test-autoconfigure-3.4.4.jar:/home/vinod/.m2/repository/com/jayway/jsonpath/json-path/2.9.0/json-path-2.9.0.jar:/home/vinod/.m2/repository/jakarta/xml/bind/jakarta.xml.bind-api/4.0.2/jakarta.xml.bind-api-4.0.2.jar:/home/vinod/.m2/repository/jakarta/activation/jakarta.activation-api/2.1.3/jakarta.activation-api-2.1.3.jar:/home/vinod/.m2/repository/net/minidev/json-smart/2.5.2/json-smart-2.5.2.jar:/home/vinod/.m2/repository/net/minidev/accessors-smart/2.5.2/accessors-smart-2.5.2.jar:/home/vinod/.m2/repository/org/ow2/asm/asm/9.7.1/asm-9.7.1.jar:/home/vinod/.m2/repository/org/assertj/assertj-core/3.26.3/assertj-core-3.26.3.jar:/home/vinod/.m2/repository/org/awaitility/awaitility/4.2.2/awaitility-4.2.2.jar:/home/vinod/.m2/repository/org/hamcrest/hamcrest/2.2/hamcrest-2.2.jar:/home/vinod/.m2/repository/org/junit/jupiter/junit-jupiter/5.11.4/junit-jupiter-5.11.4.jar:/home/vinod/.m2/repository/org/junit/jupiter/junit-jupiter-api/5.11.4/junit-jupiter-api-5.11.4.jar:/home/vinod/.m2/repository/org/opentest4j/opentest4j/1.3.0/opentest4j-1.3.0.jar:/home/vinod/.m2/repository/org/junit/platform/junit-platform-commons/1.11.4/junit-platform-commons-1.11.4.jar:/home/vinod/.m2/repository/org/apiguardian/apiguardian-api/1.1.2/apiguardian-api-1.1.2.jar:/home/vinod/.m2/repository/org/junit/jupiter/junit-jupiter-params/5.11.4/junit-jupiter-params-5.11.4.jar:/home/vinod/.m2/repository/org/junit/jupiter/junit-jupiter-engine/5.11.4/junit-jupiter-engine-5.11.4.jar:/home/vinod/.m2/repository/org/junit/platform/junit-platform-engine/1.11.4/junit-platform-engine-1.11.4.jar:/home/vinod/.m2/repository/org/mockito/mockito-core/5.14.2/mockito-core-5.14.2.jar:/home/vinod/.m2/repository/net/bytebuddy/byte-buddy-agent/1.15.11/byte-buddy-agent-1.15.11.jar:/home/vinod/.m2/repository/org/objenesis/objenesis/3.3/objenesis-3.3.jar:/home/vinod/.m2/repository/org/mockito/mockito-junit-jupiter/5.14.2/mockito-junit-jupiter-5.14.2.jar:/home/vinod/.m2/repository/org/skyscreamer/jsonassert/1.5.3/jsonassert-1.5.3.jar:/home/vinod/.m2/repository/com/vaadin/external/google/android-json/0.0.20131108.vaadin1/android-json-0.0.20131108.vaadin1.jar:/home/vinod/.m2/repository/org/springframework/spring-core/6.2.5/spring-core-6.2.5.jar:/home/vinod/.m2/repository/org/springframework/spring-jcl/6.2.5/spring-jcl-6.2.5.jar:/home/vinod/.m2/repository/org/springframework/spring-test/6.2.5/spring-test-6.2.5.jar:/home/vinod/.m2/repository/org/xmlunit/xmlunit-core/2.10.0/xmlunit-core-2.10.0.jar:/home/vinod/.m2/repository/com/h2database/h2/2.3.232/h2-2.3.232.jar:/home/vinod/.m2/repository/org/springframework/security/spring-security-test/6.4.4/spring-security-test-6.4.4.jar:/home/vinod/.m2/repository/org/springframework/security/spring-security-core/6.4.4/spring-security-core-6.4.4.jar:/home/vinod/.m2/repository/org/springframework/security/spring-security-crypto/6.4.4/spring-security-crypto-6.4.4.jar:/home/vinod/.m2/repository/org/springframework/boot/spring-boot-devtools/3.4.4/spring-boot-devtools-3.4.4.jar:/home/vinod/.m2/repository/org/springframework/boot/spring-boot/3.4.4/spring-boot-3.4.4.jar:/home/vinod/.m2/repository/org/springframework/boot/spring-boot-autoconfigure/3.4.4/spring-boot-autoconfigure-3.4.4.jar:, java.vm.vendor=Oracle Corporation, sun.arch.data.model=64, catalina.useNaming=false, java.vendor.url=https://java.oracle.com/, user.timezone=Asia/Kolkata, jakarta.persistence.sharedCache.mode=UNSPECIFIED, org.jboss.logging.provider=slf4j, os.name=Linux, java.vm.specification.version=23, jakarta.persistence.nonJtaDataSource=HikariDataSource (HikariPool-2), sun.java.launcher=SUN_STANDARD, user.country=US, sun.boot.library.path=/home/vinod/.sdkman/candidates/java/23.0.1-open/lib, sun.java.command=/home/vinod/Desktop/projects/apis/universityapi/target/surefire/surefirebooter-20250416085222323_3.jar /home/vinod/Desktop/projects/apis/universityapi/target/surefire 2025-04-16T08-52-22_258-jvmRun1 surefire-20250416085222323_1tmp surefire_0-20250416085222323_2tmp, javax.persistence.nonJtaDataSource=HikariDataSource (HikariPool-2), hibernate.transaction.jta.platform=org.hibernate.engine.transaction.jta.platform.internal.NoJtaPlatform@711cd6f9, jdk.debug=release, surefire.test.class.path=/home/vinod/Desktop/projects/apis/universityapi/target/test-classes:/home/vinod/Desktop/projects/apis/universityapi/target/classes:/home/vinod/.m2/repository/org/springframework/boot/spring-boot-starter-data-jpa/3.4.4/spring-boot-starter-data-jpa-3.4.4.jar:/home/vinod/.m2/repository/org/springframework/boot/spring-boot-starter/3.4.4/spring-boot-starter-3.4.4.jar:/home/vinod/.m2/repository/org/springframework/boot/spring-boot-starter-logging/3.4.4/spring-boot-starter-logging-3.4.4.jar:/home/vinod/.m2/repository/ch/qos/logback/logback-classic/1.5.18/logback-classic-1.5.18.jar:/home/vinod/.m2/repository/ch/qos/logback/logback-core/1.5.18/logback-core-1.5.18.jar:/home/vinod/.m2/repository/org/apache/logging/log4j/log4j-to-slf4j/2.24.3/log4j-to-slf4j-2.24.3.jar:/home/vinod/.m2/repository/org/apache/logging/log4j/log4j-api/2.24.3/log4j-api-2.24.3.jar:/home/vinod/.m2/repository/org/slf4j/jul-to-slf4j/2.0.17/jul-to-slf4j-2.0.17.jar:/home/vinod/.m2/repository/jakarta/annotation/jakarta.annotation-api/2.1.1/jakarta.annotation-api-2.1.1.jar:/home/vinod/.m2/repository/org/yaml/snakeyaml/2.3/snakeyaml-2.3.jar:/home/vinod/.m2/repository/org/springframework/boot/spring-boot-starter-jdbc/3.4.4/spring-boot-starter-jdbc-3.4.4.jar:/home/vinod/.m2/repository/com/zaxxer/HikariCP/5.1.0/HikariCP-5.1.0.jar:/home/vinod/.m2/repository/org/springframework/spring-jdbc/6.2.5/spring-jdbc-6.2.5.jar:/home/vinod/.m2/repository/org/hibernate/orm/hibernate-core/6.6.11.Final/hibernate-core-6.6.11.Final.jar:/home/vinod/.m2/repository/jakarta/persistence/jakarta.persistence-api/3.1.0/jakarta.persistence-api-3.1.0.jar:/home/vinod/.m2/repository/jakarta/transaction/jakarta.transaction-api/2.0.1/jakarta.transaction-api-2.0.1.jar:/home/vinod/.m2/repository/org/jboss/logging/jboss-logging/3.6.1.Final/jboss-logging-3.6.1.Final.jar:/home/vinod/.m2/repository/org/hibernate/common/hibernate-commons-annotations/7.0.3.Final/hibernate-commons-annotations-7.0.3.Final.jar:/home/vinod/.m2/repository/io/smallrye/jandex/3.2.0/jandex-3.2.0.jar:/home/vinod/.m2/repository/com/fasterxml/classmate/1.7.0/classmate-1.7.0.jar:/home/vinod/.m2/repository/net/bytebuddy/byte-buddy/1.15.11/byte-buddy-1.15.11.jar:/home/vinod/.m2/repository/org/glassfish/jaxb/jaxb-runtime/4.0.5/jaxb-runtime-4.0.5.jar:/home/vinod/.m2/repository/org/glassfish/jaxb/jaxb-core/4.0.5/jaxb-core-4.0.5.jar:/home/vinod/.m2/repository/org/eclipse/angus/angus-activation/2.0.2/angus-activation-2.0.2.jar:/home/vinod/.m2/repository/org/glassfish/jaxb/txw2/4.0.5/txw2-4.0.5.jar:/home/vinod/.m2/repository/com/sun/istack/istack-commons-runtime/4.1.2/istack-commons-runtime-4.1.2.jar:/home/vinod/.m2/repository/jakarta/inject/jakarta.inject-api/2.0.1/jakarta.inject-api-2.0.1.jar:/home/vinod/.m2/repository/org/antlr/antlr4-runtime/4.13.0/antlr4-runtime-4.13.0.jar:/home/vinod/.m2/repository/org/springframework/data/spring-data-jpa/3.4.4/spring-data-jpa-3.4.4.jar:/home/vinod/.m2/repository/org/springframework/data/spring-data-commons/3.4.4/spring-data-commons-3.4.4.jar:/home/vinod/.m2/repository/org/springframework/spring-orm/6.2.5/spring-orm-6.2.5.jar:/home/vinod/.m2/repository/org/springframework/spring-context/6.2.5/spring-context-6.2.5.jar:/home/vinod/.m2/repository/org/springframework/spring-tx/6.2.5/spring-tx-6.2.5.jar:/home/vinod/.m2/repository/org/springframework/spring-beans/6.2.5/spring-beans-6.2.5.jar:/home/vinod/.m2/repository/org/slf4j/slf4j-api/2.0.17/slf4j-api-2.0.17.jar:/home/vinod/.m2/repository/org/springframework/spring-aspects/6.2.5/spring-aspects-6.2.5.jar:/home/vinod/.m2/repository/org/aspectj/aspectjweaver/1.9.23/aspectjweaver-1.9.23.jar:/home/vinod/.m2/repository/org/springframework/boot/spring-boot-starter-security/3.4.4/spring-boot-starter-security-3.4.4.jar:/home/vinod/.m2/repository/org/springframework/spring-aop/6.2.5/spring-aop-6.2.5.jar:/home/vinod/.m2/repository/org/springframework/security/spring-security-config/6.4.4/spring-security-config-6.4.4.jar:/home/vinod/.m2/repository/org/springframework/security/spring-security-web/6.4.4/spring-security-web-6.4.4.jar:/home/vinod/.m2/repository/org/springframework/spring-expression/6.2.5/spring-expression-6.2.5.jar:/home/vinod/.m2/repository/org/springframework/boot/spring-boot-starter-web/3.4.4/spring-boot-starter-web-3.4.4.jar:/home/vinod/.m2/repository/org/springframework/boot/spring-boot-starter-json/3.4.4/spring-boot-starter-json-3.4.4.jar:/home/vinod/.m2/repository/com/fasterxml/jackson/core/jackson-databind/2.18.3/jackson-databind-2.18.3.jar:/home/vinod/.m2/repository/com/fasterxml/jackson/core/jackson-annotations/2.18.3/jackson-annotations-2.18.3.jar:/home/vinod/.m2/repository/com/fasterxml/jackson/core/jackson-core/2.18.3/jackson-core-2.18.3.jar:/home/vinod/.m2/repository/com/fasterxml/jackson/datatype/jackson-datatype-jdk8/2.18.3/jackson-datatype-jdk8-2.18.3.jar:/home/vinod/.m2/repository/com/fasterxml/jackson/datatype/jackson-datatype-jsr310/2.18.3/jackson-datatype-jsr310-2.18.3.jar:/home/vinod/.m2/repository/com/fasterxml/jackson/module/jackson-module-parameter-names/2.18.3/jackson-module-parameter-names-2.18.3.jar:/home/vinod/.m2/repository/org/springframework/boot/spring-boot-starter-tomcat/3.4.4/spring-boot-starter-tomcat-3.4.4.jar:/home/vinod/.m2/repository/org/apache/tomcat/embed/tomcat-embed-core/10.1.39/tomcat-embed-core-10.1.39.jar:/home/vinod/.m2/repository/org/apache/tomcat/embed/tomcat-embed-websocket/10.1.39/tomcat-embed-websocket-10.1.39.jar:/home/vinod/.m2/repository/org/springframework/spring-web/6.2.5/spring-web-6.2.5.jar:/home/vinod/.m2/repository/io/micrometer/micrometer-observation/1.14.5/micrometer-observation-1.14.5.jar:/home/vinod/.m2/repository/io/micrometer/micrometer-commons/1.14.5/micrometer-commons-1.14.5.jar:/home/vinod/.m2/repository/org/springframework/spring-webmvc/6.2.5/spring-webmvc-6.2.5.jar:/home/vinod/.m2/repository/org/springframework/boot/spring-boot-starter-validation/3.4.4/spring-boot-starter-validation-3.4.4.jar:/home/vinod/.m2/repository/org/apache/tomcat/embed/tomcat-embed-el/10.1.39/tomcat-embed-el-10.1.39.jar:/home/vinod/.m2/repository/org/hibernate/validator/hibernate-validator/8.0.2.Final/hibernate-validator-8.0.2.Final.jar:/home/vinod/.m2/repository/jakarta/validation/jakarta.validation-api/3.0.2/jakarta.validation-api-3.0.2.jar:/home/vinod/.m2/repository/com/mysql/mysql-connector-j/9.1.0/mysql-connector-j-9.1.0.jar:/home/vinod/.m2/repository/org/springframework/boot/spring-boot-starter-test/3.4.4/spring-boot-starter-test-3.4.4.jar:/home/vinod/.m2/repository/org/springframework/boot/spring-boot-test/3.4.4/spring-boot-test-3.4.4.jar:/home/vinod/.m2/repository/org/springframework/boot/spring-boot-test-autoconfigure/3.4.4/spring-boot-test-autoconfigure-3.4.4.jar:/home/vinod/.m2/repository/com/jayway/jsonpath/json-path/2.9.0/json-path-2.9.0.jar:/home/vinod/.m2/repository/jakarta/xml/bind/jakarta.xml.bind-api/4.0.2/jakarta.xml.bind-api-4.0.2.jar:/home/vinod/.m2/repository/jakarta/activation/jakarta.activation-api/2.1.3/jakarta.activation-api-2.1.3.jar:/home/vinod/.m2/repository/net/minidev/json-smart/2.5.2/json-smart-2.5.2.jar:/home/vinod/.m2/repository/net/minidev/accessors-smart/2.5.2/accessors-smart-2.5.2.jar:/home/vinod/.m2/repository/org/ow2/asm/asm/9.7.1/asm-9.7.1.jar:/home/vinod/.m2/repository/org/assertj/assertj-core/3.26.3/assertj-core-3.26.3.jar:/home/vinod/.m2/repository/org/awaitility/awaitility/4.2.2/awaitility-4.2.2.jar:/home/vinod/.m2/repository/org/hamcrest/hamcrest/2.2/hamcrest-2.2.jar:/home/vinod/.m2/repository/org/junit/jupiter/junit-jupiter/5.11.4/junit-jupiter-5.11.4.jar:/home/vinod/.m2/repository/org/junit/jupiter/junit-jupiter-api/5.11.4/junit-jupiter-api-5.11.4.jar:/home/vinod/.m2/repository/org/opentest4j/opentest4j/1.3.0/opentest4j-1.3.0.jar:/home/vinod/.m2/repository/org/junit/platform/junit-platform-commons/1.11.4/junit-platform-commons-1.11.4.jar:/home/vinod/.m2/repository/org/apiguardian/apiguardian-api/1.1.2/apiguardian-api-1.1.2.jar:/home/vinod/.m2/repository/org/junit/jupiter/junit-jupiter-params/5.11.4/junit-jupiter-params-5.11.4.jar:/home/vinod/.m2/repository/org/junit/jupiter/junit-jupiter-engine/5.11.4/junit-jupiter-engine-5.11.4.jar:/home/vinod/.m2/repository/org/junit/platform/junit-platform-engine/1.11.4/junit-platform-engine-1.11.4.jar:/home/vinod/.m2/repository/org/mockito/mockito-core/5.14.2/mockito-core-5.14.2.jar:/home/vinod/.m2/repository/net/bytebuddy/byte-buddy-agent/1.15.11/byte-buddy-agent-1.15.11.jar:/home/vinod/.m2/repository/org/objenesis/objenesis/3.3/objenesis-3.3.jar:/home/vinod/.m2/repository/org/mockito/mockito-junit-jupiter/5.14.2/mockito-junit-jupiter-5.14.2.jar:/home/vinod/.m2/repository/org/skyscreamer/jsonassert/1.5.3/jsonassert-1.5.3.jar:/home/vinod/.m2/repository/com/vaadin/external/google/android-json/0.0.20131108.vaadin1/android-json-0.0.20131108.vaadin1.jar:/home/vinod/.m2/repository/org/springframework/spring-core/6.2.5/spring-core-6.2.5.jar:/home/vinod/.m2/repository/org/springframework/spring-jcl/6.2.5/spring-jcl-6.2.5.jar:/home/vinod/.m2/repository/org/springframework/spring-test/6.2.5/spring-test-6.2.5.jar:/home/vinod/.m2/repository/org/xmlunit/xmlunit-core/2.10.0/xmlunit-core-2.10.0.jar:/home/vinod/.m2/repository/com/h2database/h2/2.3.232/h2-2.3.232.jar:/home/vinod/.m2/repository/org/springframework/security/spring-security-test/6.4.4/spring-security-test-6.4.4.jar:/home/vinod/.m2/repository/org/springframework/security/spring-security-core/6.4.4/spring-security-core-6.4.4.jar:/home/vinod/.m2/repository/org/springframework/security/spring-security-crypto/6.4.4/spring-security-crypto-6.4.4.jar:/home/vinod/.m2/repository/org/springframework/boot/spring-boot-devtools/3.4.4/spring-boot-devtools-3.4.4.jar:/home/vinod/.m2/repository/org/springframework/boot/spring-boot/3.4.4/spring-boot-3.4.4.jar:/home/vinod/.m2/repository/org/springframework/boot/spring-boot-autoconfigure/3.4.4/spring-boot-autoconfigure-3.4.4.jar:, sun.cpu.endian=little, hibernate.cdi.extensions=true, user.home=/home/vinod, user.language=en, java.specification.vendor=Oracle Corporation, java.version.date=2024-10-15, java.home=/home/vinod/.sdkman/candidates/java/23.0.1-open, file.separator=/, basedir=/home/vinod/Desktop/projects/apis/universityapi, java.vm.compressedOopsMode=Zero based, line.separator=
, hibernate.persistenceUnitName=default, java.vm.specification.vendor=Oracle Corporation, java.specification.name=Java Platform API Specification, FILE_LOG_CHARSET=UTF-8, hibernate.transaction.coordinator_class=class org.hibernate.resource.transaction.backend.jdbc.internal.JdbcResourceLocalTransactionCoordinatorBuilderImpl, java.awt.headless=true, surefire.real.class.path=/home/vinod/Desktop/projects/apis/universityapi/target/surefire/surefirebooter-20250416085222323_3.jar, jakarta.persistence.validation.mode=AUTO, hibernate.hbm2ddl.auto=create, sun.management.compiler=HotSpot 64-Bit Tiered Compilers, java.runtime.version=23.0.1+11-39, user.name=vinod, stdout.encoding=UTF-8, path.separator=:, os.version=6.11.0-21-generic, java.runtime.name=OpenJDK Runtime Environment, file.encoding=UTF-8, java.vm.name=OpenJDK 64-Bit Server VM, localRepository=/home/vinod/.m2/repository, java.vendor.url.bug=https://bugreport.java.com/bugreport/, java.io.tmpdir=/tmp, idea.version=2024.2.3, catalina.home=/tmp/tomcat.0.13525791166412670841, java.version=23.0.1, hibernate.physical_naming_strategy=org.hibernate.boot.model.naming.CamelCaseToUnderscoresNamingStrategy, user.dir=/home/vinod/Desktop/projects/apis/universityapi, os.arch=amd64, java.vm.specification.name=Java Virtual Machine Specification, PID=9361, CONSOLE_LOG_CHARSET=UTF-8, catalina.base=/tmp/tomcat.0.13525791166412670841, hibernate.boot.CfgXmlAccessService.key=org.hibernate.boot.registry.StandardServiceRegistryBuilder$1@1cb3de26, native.encoding=UTF-8, java.library.path=/usr/java/packages/lib:/usr/lib64:/lib64:/lib:/usr/lib, stderr.encoding=UTF-8, java.vendor=Oracle Corporation, java.vm.info=mixed mode, sharing, java.vm.version=23.0.1+11-39, sun.io.unicode.encoding=UnicodeLittle, hibernate.archive.scanner=org.hibernate.boot.archive.scan.internal.DisabledScanner, hibernate.connection.datasource=HikariDataSource (HikariPool-2), java.class.version=67.0}
&amp#27;[30m2025-04-16 08:52:27,575&amp#27;[0;39m &amp#27;[39mDEBUG&amp#27;[0;39m [&amp#27;[34mmain&amp#27;[0;39m] &amp#27;[33mo.h.i.SessionFactoryImpl&amp#27;[0;39m: Session factory constructed with filter configurations : {}
&amp#27;[30m2025-04-16 08:52:27,575&amp#27;[0;39m &amp#27;[39mDEBUG&amp#27;[0;39m [&amp#27;[34mmain&amp#27;[0;39m] &amp#27;[33mo.h.v.i.x.c.ValidationXmlParser&amp#27;[0;39m: Trying to load META-INF/validation.xml for XML based Validator configuration.
&amp#27;[30m2025-04-16 08:52:27,575&amp#27;[0;39m &amp#27;[39mDEBUG&amp#27;[0;39m [&amp#27;[34mmain&amp#27;[0;39m] &amp#27;[33mo.h.v.i.x.c.ResourceLoaderHelper&amp#27;[0;39m: Trying to load META-INF/validation.xml via TCCL
&amp#27;[30m2025-04-16 08:52:27,575&amp#27;[0;39m &amp#27;[39mDEBUG&amp#27;[0;39m [&amp#27;[34mmain&amp#27;[0;39m] &amp#27;[33mo.h.v.i.x.c.ResourceLoaderHelper&amp#27;[0;39m: Trying to load META-INF/validation.xml via Hibernate Validator's class loader
&amp#27;[30m2025-04-16 08:52:27,576&amp#27;[0;39m &amp#27;[39mDEBUG&amp#27;[0;39m [&amp#27;[34mmain&amp#27;[0;39m] &amp#27;[33mo.h.v.i.x.c.ValidationXmlParser&amp#27;[0;39m: No META-INF/validation.xml found. Using annotation based configuration only.
&amp#27;[30m2025-04-16 08:52:27,576&amp#27;[0;39m &amp#27;[39mDEBUG&amp#27;[0;39m [&amp#27;[34mmain&amp#27;[0;39m] &amp#27;[33mo.h.v.i.e.r.TraversableResolvers&amp#27;[0;39m: Found jakarta.persistence.Persistence on classpath containing 'getPersistenceUtil'. Assuming JPA 2 environment. Trying to instantiate JPA aware TraversableResolver
&amp#27;[30m2025-04-16 08:52:27,576&amp#27;[0;39m &amp#27;[39mDEBUG&amp#27;[0;39m [&amp#27;[34mmain&amp#27;[0;39m] &amp#27;[33mo.h.v.i.e.r.TraversableResolvers&amp#27;[0;39m: Instantiated JPA aware TraversableResolver of type org.hibernate.validator.internal.engine.resolver.JPATraversableResolver.
&amp#27;[30m2025-04-16 08:52:27,576&amp#27;[0;39m &amp#27;[39mDEBUG&amp#27;[0;39m [&amp#27;[34mmain&amp#27;[0;39m] &amp#27;[33mo.h.v.m.ResourceBundleMessageInterpolator&amp#27;[0;39m: Loaded expression factory via original TCCL
&amp#27;[30m2025-04-16 08:52:27,578&amp#27;[0;39m &amp#27;[39mDEBUG&amp#27;[0;39m [&amp#27;[34mmain&amp#27;[0;39m] &amp#27;[33mo.h.v.i.e.ValidatorFactoryConfigurationHelper&amp#27;[0;39m: HV000252: Using org.hibernate.validator.internal.engine.DefaultPropertyNodeNameProvider as property node name provider.
&amp#27;[30m2025-04-16 08:52:27,578&amp#27;[0;39m &amp#27;[39mDEBUG&amp#27;[0;39m [&amp#27;[34mmain&amp#27;[0;39m] &amp#27;[33mo.h.v.i.e.ValidatorFactoryConfigurationHelper&amp#27;[0;39m: HV000234: Using org.hibernate.validator.messageinterpolation.ResourceBundleMessageInterpolator as ValidatorFactory-scoped message interpolator.
&amp#27;[30m2025-04-16 08:52:27,579&amp#27;[0;39m &amp#27;[39mDEBUG&amp#27;[0;39m [&amp#27;[34mmain&amp#27;[0;39m] &amp#27;[33mo.h.v.i.e.ValidatorFactoryConfigurationHelper&amp#27;[0;39m: HV000234: Using org.hibernate.validator.internal.engine.resolver.JPATraversableResolver as ValidatorFactory-scoped traversable resolver.
&amp#27;[30m2025-04-16 08:52:27,579&amp#27;[0;39m &amp#27;[39mDEBUG&amp#27;[0;39m [&amp#27;[34mmain&amp#27;[0;39m] &amp#27;[33mo.h.v.i.e.ValidatorFactoryConfigurationHelper&amp#27;[0;39m: HV000234: Using org.hibernate.validator.internal.util.ExecutableParameterNameProvider as ValidatorFactory-scoped parameter name provider.
&amp#27;[30m2025-04-16 08:52:27,579&amp#27;[0;39m &amp#27;[39mDEBUG&amp#27;[0;39m [&amp#27;[34mmain&amp#27;[0;39m] &amp#27;[33mo.h.v.i.e.ValidatorFactoryConfigurationHelper&amp#27;[0;39m: HV000234: Using org.hibernate.validator.internal.engine.DefaultClockProvider as ValidatorFactory-scoped clock provider.
&amp#27;[30m2025-04-16 08:52:27,579&amp#27;[0;39m &amp#27;[39mDEBUG&amp#27;[0;39m [&amp#27;[34mmain&amp#27;[0;39m] &amp#27;[33mo.h.v.i.e.ValidatorFactoryConfigurationHelper&amp#27;[0;39m: HV000234: Using org.hibernate.validator.internal.engine.scripting.DefaultScriptEvaluatorFactory as ValidatorFactory-scoped script evaluator factory.
&amp#27;[30m2025-04-16 08:52:27,579&amp#27;[0;39m &amp#27;[39mDEBUG&amp#27;[0;39m [&amp#27;[34mmain&amp#27;[0;39m] &amp#27;[33mo.h.b.i.ClassLoaderAccessImpl&amp#27;[0;39m: Not known whether passed class name [in.rgukt.r081247.universityapi.entity.Course] is safe
&amp#27;[30m2025-04-16 08:52:27,579&amp#27;[0;39m &amp#27;[39mDEBUG&amp#27;[0;39m [&amp#27;[34mmain&amp#27;[0;39m] &amp#27;[33mo.h.b.i.ClassLoaderAccessImpl&amp#27;[0;39m: No temp ClassLoader provided; using live ClassLoader for loading potentially unsafe class : in.rgukt.r081247.universityapi.entity.Course
&amp#27;[30m2025-04-16 08:52:27,582&amp#27;[0;39m &amp#27;[39mDEBUG&amp#27;[0;39m [&amp#27;[34mmain&amp#27;[0;39m] &amp#27;[33mo.h.b.i.ClassLoaderAccessImpl&amp#27;[0;39m: Not known whether passed class name [in.rgukt.r081247.universityapi.entity.Department] is safe
&amp#27;[30m2025-04-16 08:52:27,582&amp#27;[0;39m &amp#27;[39mDEBUG&amp#27;[0;39m [&amp#27;[34mmain&amp#27;[0;39m] &amp#27;[33mo.h.b.i.ClassLoaderAccessImpl&amp#27;[0;39m: No temp ClassLoader provided; using live ClassLoader for loading potentially unsafe class : in.rgukt.r081247.universityapi.entity.Department
&amp#27;[30m2025-04-16 08:52:27,583&amp#27;[0;39m &amp#27;[39mDEBUG&amp#27;[0;39m [&amp#27;[34mmain&amp#27;[0;39m] &amp#27;[33mo.h.b.i.ClassLoaderAccessImpl&amp#27;[0;39m: Not known whether passed class name [in.rgukt.r081247.universityapi.entity.Student] is safe
&amp#27;[30m2025-04-16 08:52:27,584&amp#27;[0;39m &amp#27;[39mDEBUG&amp#27;[0;39m [&amp#27;[34mmain&amp#27;[0;39m] &amp#27;[33mo.h.b.i.ClassLoaderAccessImpl&amp#27;[0;39m: No temp ClassLoader provided; using live ClassLoader for loading potentially unsafe class : in.rgukt.r081247.universityapi.entity.Student
&amp#27;[30m2025-04-16 08:52:27,586&amp#27;[0;39m &amp#27;[39mDEBUG&amp#27;[0;39m [&amp#27;[34mmain&amp#27;[0;39m] &amp#27;[33mo.h.s.i.SessionFactoryServiceRegistryImpl&amp#27;[0;39m: EventListenerRegistry access via ServiceRegistry is deprecated.  Use `sessionFactory.getEventEngine().getListenerRegistry()` instead
&amp#27;[30m2025-04-16 08:52:27,587&amp#27;[0;39m &amp#27;[39mDEBUG&amp#27;[0;39m [&amp#27;[34mmain&amp#27;[0;39m] &amp#27;[33mo.h.q.s.f.SqmFunctionRegistry&amp#27;[0;39m: Registered SqmFunctionTemplate [NamedSqmFunctionTemplate(max)] under max; prior registration was null
&amp#27;[30m2025-04-16 08:52:27,587&amp#27;[0;39m &amp#27;[39mDEBUG&amp#27;[0;39m [&amp#27;[34mmain&amp#27;[0;39m] &amp#27;[33mo.h.q.s.f.SqmFunctionRegistry&amp#27;[0;39m: Registered SqmFunctionTemplate [NamedSqmFunctionTemplate(min)] under min; prior registration was null
&amp#27;[30m2025-04-16 08:52:27,587&amp#27;[0;39m &amp#27;[39mDEBUG&amp#27;[0;39m [&amp#27;[34mmain&amp#27;[0;39m] &amp#27;[33mo.h.q.s.f.SqmFunctionRegistry&amp#27;[0;39m: Registered SqmFunctionTemplate [NamedSqmFunctionTemplate(sum)] under sum; prior registration was null
&amp#27;[30m2025-04-16 08:52:27,587&amp#27;[0;39m &amp#27;[39mDEBUG&amp#27;[0;39m [&amp#27;[34mmain&amp#27;[0;39m] &amp#27;[33mo.h.q.s.f.SqmFunctionRegistry&amp#27;[0;39m: Registered SqmFunctionTemplate [NamedSqmFunctionTemplate(avg)] under avg; prior registration was null
&amp#27;[30m2025-04-16 08:52:27,587&amp#27;[0;39m &amp#27;[39mDEBUG&amp#27;[0;39m [&amp#27;[34mmain&amp#27;[0;39m] &amp#27;[33mo.h.q.s.f.SqmFunctionRegistry&amp#27;[0;39m: Registered SqmFunctionTemplate [org.hibernate.dialect.function.CountFunction@9e96118] under count; prior registration was null
&amp#27;[30m2025-04-16 08:52:27,587&amp#27;[0;39m &amp#27;[39mDEBUG&amp#27;[0;39m [&amp#27;[34mmain&amp#27;[0;39m] &amp#27;[33mo.h.q.s.f.SqmFunctionRegistry&amp#27;[0;39m: Registered SqmFunctionTemplate [org.hibernate.dialect.function.EveryAnyEmulation@3a3740a5] under every; prior registration was null
&amp#27;[30m2025-04-16 08:52:27,588&amp#27;[0;39m &amp#27;[39mDEBUG&amp#27;[0;39m [&amp#27;[34mmain&amp#27;[0;39m] &amp#27;[33mo.h.q.s.f.SqmFunctionRegistry&amp#27;[0;39m: Registered SqmFunctionTemplate [org.hibernate.dialect.function.EveryAnyEmulation@7e09bee] under any; prior registration was null
&amp#27;[30m2025-04-16 08:52:27,588&amp#27;[0;39m &amp#27;[39mDEBUG&amp#27;[0;39m [&amp#27;[34mmain&amp#27;[0;39m] &amp#27;[33mo.h.q.s.f.SqmFunctionRegistry&amp#27;[0;39m: Registered SqmFunctionTemplate [NamedSqmFunctionTemplate(floor)] under floor; prior registration was null
&amp#27;[30m2025-04-16 08:52:27,588&amp#27;[0;39m &amp#27;[39mDEBUG&amp#27;[0;39m [&amp#27;[34mmain&amp#27;[0;39m] &amp#27;[33mo.h.q.s.f.SqmFunctionRegistry&amp#27;[0;39m: Registered SqmFunctionTemplate [NamedSqmFunctionTemplate(ceiling)] under ceiling; prior registration was null
&amp#27;[30m2025-04-16 08:52:27,588&amp#27;[0;39m &amp#27;[39mDEBUG&amp#27;[0;39m [&amp#27;[34mmain&amp#27;[0;39m] &amp#27;[33mo.h.q.s.f.SqmFunctionRegistry&amp#27;[0;39m: Registered SqmFunctionTemplate [NamedSqmFunctionTemplate(mod)] under mod; prior registration was null
&amp#27;[30m2025-04-16 08:52:27,588&amp#27;[0;39m &amp#27;[39mDEBUG&amp#27;[0;39m [&amp#27;[34mmain&amp#27;[0;39m] &amp#27;[33mo.h.q.s.f.SqmFunctionRegistry&amp#27;[0;39m: Registered SqmFunctionTemplate [NamedSqmFunctionTemplate(abs)] under abs; prior registration was null
&amp#27;[30m2025-04-16 08:52:27,588&amp#27;[0;39m &amp#27;[39mDEBUG&amp#27;[0;39m [&amp#27;[34mmain&amp#27;[0;39m] &amp#27;[33mo.h.q.s.f.SqmFunctionRegistry&amp#27;[0;39m: Registered SqmFunctionTemplate [NamedSqmFunctionTemplate(sign)] under sign; prior registration was null
&amp#27;[30m2025-04-16 08:52:27,588&amp#27;[0;39m &amp#27;[39mDEBUG&amp#27;[0;39m [&amp#27;[34mmain&amp#27;[0;39m] &amp#27;[33mo.h.q.s.f.SqmFunctionRegistry&amp#27;[0;39m: Registered SqmFunctionTemplate [NamedSqmFunctionTemplate(sqrt)] under sqrt; prior registration was null
&amp#27;[30m2025-04-16 08:52:27,588&amp#27;[0;39m &amp#27;[39mDEBUG&amp#27;[0;39m [&amp#27;[34mmain&amp#27;[0;39m] &amp#27;[33mo.h.q.s.f.SqmFunctionRegistry&amp#27;[0;39m: Registered SqmFunctionTemplate [NamedSqmFunctionTemplate(ln)] under ln; prior registration was null
&amp#27;[30m2025-04-16 08:52:27,588&amp#27;[0;39m &amp#27;[39mDEBUG&amp#27;[0;39m [&amp#27;[34mmain&amp#27;[0;39m] &amp#27;[33mo.h.q.s.f.SqmFunctionRegistry&amp#27;[0;39m: Registered SqmFunctionTemplate [NamedSqmFunctionTemplate(exp)] under exp; prior registration was null
&amp#27;[30m2025-04-16 08:52:27,588&amp#27;[0;39m &amp#27;[39mDEBUG&amp#27;[0;39m [&amp#27;[34mmain&amp#27;[0;39m] &amp#27;[33mo.h.q.s.f.SqmFunctionRegistry&amp#27;[0;39m: Registered SqmFunctionTemplate [NamedSqmFunctionTemplate(power)] under power; prior registration was null
&amp#27;[30m2025-04-16 08:52:27,588&amp#27;[0;39m &amp#27;[39mDEBUG&amp#27;[0;39m [&amp#27;[34mmain&amp#27;[0;39m] &amp#27;[33mo.h.q.s.f.SqmFunctionRegistry&amp#27;[0;39m: Registered SqmFunctionTemplate [NamedSqmFunctionTemplate(round)] under round; prior registration was null
&amp#27;[30m2025-04-16 08:52:27,588&amp#27;[0;39m &amp#27;[39mDEBUG&amp#27;[0;39m [&amp#27;[34mmain&amp#27;[0;39m] &amp#27;[33mo.h.q.s.f.SqmFunctionRegistry&amp#27;[0;39m: Registered SqmFunctionTemplate [NamedSqmFunctionTemplate(sin)] under sin; prior registration was null
&amp#27;[30m2025-04-16 08:52:27,588&amp#27;[0;39m &amp#27;[39mDEBUG&amp#27;[0;39m [&amp#27;[34mmain&amp#27;[0;39m] &amp#27;[33mo.h.q.s.f.SqmFunctionRegistry&amp#27;[0;39m: Registered SqmFunctionTemplate [NamedSqmFunctionTemplate(cos)] under cos; prior registration was null
&amp#27;[30m2025-04-16 08:52:27,588&amp#27;[0;39m &amp#27;[39mDEBUG&amp#27;[0;39m [&amp#27;[34mmain&amp#27;[0;39m] &amp#27;[33mo.h.q.s.f.SqmFunctionRegistry&amp#27;[0;39m: Registered SqmFunctionTemplate [NamedSqmFunctionTemplate(tan)] under tan; prior registration was null
&amp#27;[30m2025-04-16 08:52:27,588&amp#27;[0;39m &amp#27;[39mDEBUG&amp#27;[0;39m [&amp#27;[34mmain&amp#27;[0;39m] &amp#27;[33mo.h.q.s.f.SqmFunctionRegistry&amp#27;[0;39m: Registered SqmFunctionTemplate [NamedSqmFunctionTemplate(asin)] under asin; prior registration was null
&amp#27;[30m2025-04-16 08:52:27,588&amp#27;[0;39m &amp#27;[39mDEBUG&amp#27;[0;39m [&amp#27;[34mmain&amp#27;[0;39m] &amp#27;[33mo.h.q.s.f.SqmFunctionRegistry&amp#27;[0;39m: Registered SqmFunctionTemplate [NamedSqmFunctionTemplate(acos)] under acos; prior registration was null
&amp#27;[30m2025-04-16 08:52:27,588&amp#27;[0;39m &amp#27;[39mDEBUG&amp#27;[0;39m [&amp#27;[34mmain&amp#27;[0;39m] &amp#27;[33mo.h.q.s.f.SqmFunctionRegistry&amp#27;[0;39m: Registered SqmFunctionTemplate [NamedSqmFunctionTemplate(atan)] under atan; prior registration was null
&amp#27;[30m2025-04-16 08:52:27,588&amp#27;[0;39m &amp#27;[39mDEBUG&amp#27;[0;39m [&amp#27;[34mmain&amp#27;[0;39m] &amp#27;[33mo.h.q.s.f.SqmFunctionRegistry&amp#27;[0;39m: Registered SqmFunctionTemplate [NamedSqmFunctionTemplate(atan2)] under atan2; prior registration was null
&amp#27;[30m2025-04-16 08:52:27,588&amp#27;[0;39m &amp#27;[39mDEBUG&amp#27;[0;39m [&amp#27;[34mmain&amp#27;[0;39m] &amp#27;[33mo.h.q.s.f.SqmFunctionRegistry&amp#27;[0;39m: Registered SqmFunctionTemplate [org.hibernate.query.sqm.function.PatternBasedSqmFunctionDescriptor@1bb1c6dd] under sinh; prior registration was null
&amp#27;[30m2025-04-16 08:52:27,588&amp#27;[0;39m &amp#27;[39mDEBUG&amp#27;[0;39m [&amp#27;[34mmain&amp#27;[0;39m] &amp#27;[33mo.h.q.s.f.SqmFunctionRegistry&amp#27;[0;39m: Registered SqmFunctionTemplate [org.hibernate.query.sqm.function.PatternBasedSqmFunctionDescriptor@59929512] under cosh; prior registration was null
&amp#27;[30m2025-04-16 08:52:27,589&amp#27;[0;39m &amp#27;[39mDEBUG&amp#27;[0;39m [&amp#27;[34mmain&amp#27;[0;39m] &amp#27;[33mo.h.q.s.f.SqmFunctionRegistry&amp#27;[0;39m: Registered SqmFunctionTemplate [org.hibernate.query.sqm.function.PatternBasedSqmFunctionDescriptor@5920c4ed] under tanh; prior registration was null
&amp#27;[30m2025-04-16 08:52:27,589&amp#27;[0;39m &amp#27;[39mDEBUG&amp#27;[0;39m [&amp#27;[34mmain&amp#27;[0;39m] &amp#27;[33mo.h.q.s.f.SqmFunctionRegistry&amp#27;[0;39m: Registered SqmFunctionTemplate [org.hibernate.query.sqm.function.PatternBasedSqmFunctionDescriptor@5a1c0bcc] under pi; prior registration was null
&amp#27;[30m2025-04-16 08:52:27,589&amp#27;[0;39m &amp#27;[39mDEBUG&amp#27;[0;39m [&amp#27;[34mmain&amp#27;[0;39m] &amp#27;[33mo.h.q.s.f.SqmFunctionRegistry&amp#27;[0;39m: Registered SqmFunctionTemplate [org.hibernate.query.sqm.function.PatternBasedSqmFunctionDescriptor@4f8eb97c] under log; prior registration was null
&amp#27;[30m2025-04-16 08:52:27,589&amp#27;[0;39m &amp#27;[39mDEBUG&amp#27;[0;39m [&amp#27;[34mmain&amp#27;[0;39m] &amp#27;[33mo.h.q.s.f.SqmFunctionRegistry&amp#27;[0;39m: Registered SqmFunctionTemplate [NamedSqmFunctionTemplate(coalesce)] under coalesce; prior registration was null
&amp#27;[30m2025-04-16 08:52:27,589&amp#27;[0;39m &amp#27;[39mDEBUG&amp#27;[0;39m [&amp#27;[34mmain&amp#27;[0;39m] &amp#27;[33mo.h.q.s.f.SqmFunctionRegistry&amp#27;[0;39m: Registered SqmFunctionTemplate [NamedSqmFunctionTemplate(nullif)] under nullif; prior registration was null
&amp#27;[30m2025-04-16 08:52:27,589&amp#27;[0;39m &amp#27;[39mDEBUG&amp#27;[0;39m [&amp#27;[34mmain&amp#27;[0;39m] &amp#27;[33mo.h.q.s.f.SqmFunctionRegistry&amp#27;[0;39m: Registered SqmFunctionTemplate [NamedSqmFunctionTemplate(left)] under left; prior registration was null
&amp#27;[30m2025-04-16 08:52:27,589&amp#27;[0;39m &amp#27;[39mDEBUG&amp#27;[0;39m [&amp#27;[34mmain&amp#27;[0;39m] &amp#27;[33mo.h.q.s.f.SqmFunctionRegistry&amp#27;[0;39m: Registered SqmFunctionTemplate [NamedSqmFunctionTemplate(right)] under right; prior registration was null
&amp#27;[30m2025-04-16 08:52:27,589&amp#27;[0;39m &amp#27;[39mDEBUG&amp#27;[0;39m [&amp#27;[34mmain&amp#27;[0;39m] &amp#27;[33mo.h.q.s.f.SqmFunctionRegistry&amp#27;[0;39m: Registered SqmFunctionTemplate [NamedSqmFunctionTemplate(replace)] under replace; prior registration was null
&amp#27;[30m2025-04-16 08:52:27,589&amp#27;[0;39m &amp#27;[39mDEBUG&amp#27;[0;39m [&amp#27;[34mmain&amp#27;[0;39m] &amp#27;[33mo.h.q.s.f.SqmFunctionRegistry&amp#27;[0;39m: Registered SqmFunctionTemplate [NamedSqmFunctionTemplate(concat)] under concat; prior registration was null
&amp#27;[30m2025-04-16 08:52:27,589&amp#27;[0;39m &amp#27;[39mDEBUG&amp#27;[0;39m [&amp#27;[34mmain&amp#27;[0;39m] &amp#27;[33mo.h.q.s.f.SqmFunctionRegistry&amp#27;[0;39m: Registered SqmFunctionTemplate [NamedSqmFunctionTemplate(lower)] under lower; prior registration was null
&amp#27;[30m2025-04-16 08:52:27,589&amp#27;[0;39m &amp#27;[39mDEBUG&amp#27;[0;39m [&amp#27;[34mmain&amp#27;[0;39m] &amp#27;[33mo.h.q.s.f.SqmFunctionRegistry&amp#27;[0;39m: Registered SqmFunctionTemplate [NamedSqmFunctionTemplate(upper)] under upper; prior registration was null
&amp#27;[30m2025-04-16 08:52:27,589&amp#27;[0;39m &amp#27;[39mDEBUG&amp#27;[0;39m [&amp#27;[34mmain&amp#27;[0;39m] &amp#27;[33mo.h.q.s.f.SqmFunctionRegistry&amp#27;[0;39m: Registered SqmFunctionTemplate [NamedSqmFunctionTemplate(substring)] under substring; prior registration was null
&amp#27;[30m2025-04-16 08:52:27,589&amp#27;[0;39m &amp#27;[39mDEBUG&amp#27;[0;39m [&amp#27;[34mmain&amp#27;[0;39m] &amp#27;[33mo.h.q.s.f.SqmFunctionRegistry&amp#27;[0;39m: Registered SqmFunctionTemplate [NamedSqmFunctionTemplate(locate)] under locate; prior registration was null
&amp#27;[30m2025-04-16 08:52:27,589&amp#27;[0;39m &amp#27;[39mDEBUG&amp#27;[0;39m [&amp#27;[34mmain&amp#27;[0;39m] &amp#27;[33mo.h.q.s.f.SqmFunctionRegistry&amp#27;[0;39m: Registered SqmFunctionTemplate [NamedSqmFunctionTemplate(character_length)] under character_length; prior registration was null
&amp#27;[30m2025-04-16 08:52:27,589&amp#27;[0;39m &amp#27;[39mDEBUG&amp#27;[0;39m [&amp#27;[34mmain&amp#27;[0;39m] &amp#27;[33mo.h.q.s.f.SqmFunctionRegistry&amp#27;[0;39m: Registering alternate key : length -> character_length
&amp#27;[30m2025-04-16 08:52:27,589&amp#27;[0;39m &amp#27;[39mDEBUG&amp#27;[0;39m [&amp#27;[34mmain&amp#27;[0;39m] &amp#27;[33mo.h.q.s.f.SqmFunctionRegistry&amp#27;[0;39m: Registered SqmFunctionTemplate [org.hibernate.dialect.function.LocatePositionEmulation@2799f9a] under position; prior registration was null
&amp#27;[30m2025-04-16 08:52:27,589&amp#27;[0;39m &amp#27;[39mDEBUG&amp#27;[0;39m [&amp#27;[34mmain&amp#27;[0;39m] &amp#27;[33mo.h.q.s.f.SqmFunctionRegistry&amp#27;[0;39m: Registered SqmFunctionTemplate [org.hibernate.dialect.function.InsertSubstringOverlayEmulation@5da13494] under overlay; prior registration was null
&amp#27;[30m2025-04-16 08:52:27,589&amp#27;[0;39m &amp#27;[39mDEBUG&amp#27;[0;39m [&amp#27;[34mmain&amp#27;[0;39m] &amp#27;[33mo.h.q.s.f.SqmFunctionRegistry&amp#27;[0;39m: Registered SqmFunctionTemplate [org.hibernate.dialect.function.TrimFunction@67d90687] under trim; prior registration was null
&amp#27;[30m2025-04-16 08:52:27,590&amp#27;[0;39m &amp#27;[39mDEBUG&amp#27;[0;39m [&amp#27;[34mmain&amp#27;[0;39m] &amp#27;[33mo.h.q.s.f.SqmFunctionRegistry&amp#27;[0;39m: Registered SqmFunctionTemplate [org.hibernate.dialect.function.CastFunction@5d260659] under cast; prior registration was null
&amp#27;[30m2025-04-16 08:52:27,590&amp#27;[0;39m &amp#27;[39mDEBUG&amp#27;[0;39m [&amp#27;[34mmain&amp#27;[0;39m] &amp#27;[33mo.h.q.s.f.SqmFunctionRegistry&amp#27;[0;39m: Registered SqmFunctionTemplate [org.hibernate.query.sqm.function.PatternBasedSqmFunctionDescriptor@136dc728] under collate; prior registration was null
&amp#27;[30m2025-04-16 08:52:27,590&amp#27;[0;39m &amp#27;[39mDEBUG&amp#27;[0;39m [&amp#27;[34mmain&amp#27;[0;39m] &amp#27;[33mo.h.q.s.f.SqmFunctionRegistry&amp#27;[0;39m: Registered SqmFunctionTemplate [org.hibernate.dialect.function.ExtractFunction@47bc4445] under extract; prior registration was null
&amp#27;[30m2025-04-16 08:52:27,590&amp#27;[0;39m &amp#27;[39mDEBUG&amp#27;[0;39m [&amp#27;[34mmain&amp#27;[0;39m] &amp#27;[33mo.h.q.s.f.SqmFunctionRegistry&amp#27;[0;39m: Registered SqmFunctionTemplate [NamedSqmFunctionTemplate(least)] under least; prior registration was null
&amp#27;[30m2025-04-16 08:52:27,590&amp#27;[0;39m &amp#27;[39mDEBUG&amp#27;[0;39m [&amp#27;[34mmain&amp#27;[0;39m] &amp#27;[33mo.h.q.s.f.SqmFunctionRegistry&amp#27;[0;39m: Registered SqmFunctionTemplate [NamedSqmFunctionTemplate(greatest)] under greatest; prior registration was null
&amp#27;[30m2025-04-16 08:52:27,590&amp#27;[0;39m &amp#27;[39mDEBUG&amp#27;[0;39m [&amp#27;[34mmain&amp#27;[0;39m] &amp#27;[33mo.h.q.s.f.SqmFunctionRegistry&amp#27;[0;39m: Registered SqmFunctionTemplate [org.hibernate.dialect.function.CoalesceIfnullEmulation@687e9f0b] under ifnull; prior registration was null
&amp#27;[30m2025-04-16 08:52:27,590&amp#27;[0;39m &amp#27;[39mDEBUG&amp#27;[0;39m [&amp#27;[34mmain&amp#27;[0;39m] &amp#27;[33mo.h.q.s.f.SqmFunctionRegistry&amp#27;[0;39m: Registered SqmFunctionTemplate [NamedSqmFunctionTemplate(lpad)] under lpad; prior registration was null
&amp#27;[30m2025-04-16 08:52:27,590&amp#27;[0;39m &amp#27;[39mDEBUG&amp#27;[0;39m [&amp#27;[34mmain&amp#27;[0;39m] &amp#27;[33mo.h.q.s.f.SqmFunctionRegistry&amp#27;[0;39m: Registered SqmFunctionTemplate [NamedSqmFunctionTemplate(rpad)] under rpad; prior registration was null
&amp#27;[30m2025-04-16 08:52:27,590&amp#27;[0;39m &amp#27;[39mDEBUG&amp#27;[0;39m [&amp#27;[34mmain&amp#27;[0;39m] &amp#27;[33mo.h.q.s.f.SqmFunctionRegistry&amp#27;[0;39m: Registered SqmFunctionTemplate [org.hibernate.dialect.function.LpadRpadPadEmulation@5074893] under pad; prior registration was null
&amp#27;[30m2025-04-16 08:52:27,590&amp#27;[0;39m &amp#27;[39mDEBUG&amp#27;[0;39m [&amp#27;[34mmain&amp#27;[0;39m] &amp#27;[33mo.h.q.s.f.SqmFunctionRegistry&amp#27;[0;39m: Registered SqmFunctionTemplate [org.hibernate.dialect.function.CastStrEmulation@78ae9b9c] under str; prior registration was null
&amp#27;[30m2025-04-16 08:52:27,590&amp#27;[0;39m &amp#27;[39mDEBUG&amp#27;[0;39m [&amp#27;[34mmain&amp#27;[0;39m] &amp#27;[33mo.h.q.s.f.SqmFunctionRegistry&amp#27;[0;39m: Registered SqmFunctionTemplate [org.hibernate.dialect.function.FormatFunction@5d9576a0] under format; prior registration was null
&amp#27;[30m2025-04-16 08:52:27,590&amp#27;[0;39m &amp#27;[39mDEBUG&amp#27;[0;39m [&amp#27;[34mmain&amp#27;[0;39m] &amp#27;[33mo.h.q.s.f.SqmFunctionRegistry&amp#27;[0;39m: Registered SqmFunctionTemplate [org.hibernate.dialect.function.TimestampaddFunction@418f3cde] under timestampadd; prior registration was null
&amp#27;[30m2025-04-16 08:52:27,590&amp#27;[0;39m &amp#27;[39mDEBUG&amp#27;[0;39m [&amp#27;[34mmain&amp#27;[0;39m] &amp#27;[33mo.h.q.s.f.SqmFunctionRegistry&amp#27;[0;39m: Registered SqmFunctionTemplate [org.hibernate.dialect.function.TimestampdiffFunction@7ef3b7ac] under timestampdiff; prior registration was null
&amp#27;[30m2025-04-16 08:52:27,590&amp#27;[0;39m &amp#27;[39mDEBUG&amp#27;[0;39m [&amp#27;[34mmain&amp#27;[0;39m] &amp#27;[33mo.h.q.s.f.SqmFunctionRegistry&amp#27;[0;39m: Registering alternate key : dateadd -> timestampadd
&amp#27;[30m2025-04-16 08:52:27,590&amp#27;[0;39m &amp#27;[39mDEBUG&amp#27;[0;39m [&amp#27;[34mmain&amp#27;[0;39m] &amp#27;[33mo.h.q.s.f.SqmFunctionRegistry&amp#27;[0;39m: Registering alternate key : datediff -> timestampdiff
&amp#27;[30m2025-04-16 08:52:27,590&amp#27;[0;39m &amp#27;[39mDEBUG&amp#27;[0;39m [&amp#27;[34mmain&amp#27;[0;39m] &amp#27;[33mo.h.q.s.f.SqmFunctionRegistry&amp#27;[0;39m: Registered SqmFunctionTemplate [org.hibernate.dialect.function.CurrentFunction@720da195] under current_date; prior registration was null
&amp#27;[30m2025-04-16 08:52:27,590&amp#27;[0;39m &amp#27;[39mDEBUG&amp#27;[0;39m [&amp#27;[34mmain&amp#27;[0;39m] &amp#27;[33mo.h.q.s.f.SqmFunctionRegistry&amp#27;[0;39m: Registered SqmFunctionTemplate [org.hibernate.dialect.function.CurrentFunction@4dbf902] under current_time; prior registration was null
&amp#27;[30m2025-04-16 08:52:27,590&amp#27;[0;39m &amp#27;[39mDEBUG&amp#27;[0;39m [&amp#27;[34mmain&amp#27;[0;39m] &amp#27;[33mo.h.q.s.f.SqmFunctionRegistry&amp#27;[0;39m: Registered SqmFunctionTemplate [org.hibernate.dialect.function.CurrentFunction@3c0a4c8b] under current_timestamp; prior registration was null
&amp#27;[30m2025-04-16 08:52:27,590&amp#27;[0;39m &amp#27;[39mDEBUG&amp#27;[0;39m [&amp#27;[34mmain&amp#27;[0;39m] &amp#27;[33mo.h.q.s.f.SqmFunctionRegistry&amp#27;[0;39m: Registering alternate key : current date -> current_date
&amp#27;[30m2025-04-16 08:52:27,591&amp#27;[0;39m &amp#27;[39mDEBUG&amp#27;[0;39m [&amp#27;[34mmain&amp#27;[0;39m] &amp#27;[33mo.h.q.s.f.SqmFunctionRegistry&amp#27;[0;39m: Registering alternate key : current time -> current_time
&amp#27;[30m2025-04-16 08:52:27,591&amp#27;[0;39m &amp#27;[39mDEBUG&amp#27;[0;39m [&amp#27;[34mmain&amp#27;[0;39m] &amp#27;[33mo.h.q.s.f.SqmFunctionRegistry&amp#27;[0;39m: Registering alternate key : current timestamp -> current_timestamp
&amp#27;[30m2025-04-16 08:52:27,591&amp#27;[0;39m &amp#27;[39mDEBUG&amp#27;[0;39m [&amp#27;[34mmain&amp#27;[0;39m] &amp#27;[33mo.h.q.s.f.SqmFunctionRegistry&amp#27;[0;39m: Registered SqmFunctionTemplate [org.hibernate.dialect.function.CurrentFunction@5f27d271] under local_date; prior registration was null
&amp#27;[30m2025-04-16 08:52:27,591&amp#27;[0;39m &amp#27;[39mDEBUG&amp#27;[0;39m [&amp#27;[34mmain&amp#27;[0;39m] &amp#27;[33mo.h.q.s.f.SqmFunctionRegistry&amp#27;[0;39m: Registered SqmFunctionTemplate [org.hibernate.dialect.function.CurrentFunction@4039d109] under local_time; prior registration was null
&amp#27;[30m2025-04-16 08:52:27,591&amp#27;[0;39m &amp#27;[39mDEBUG&amp#27;[0;39m [&amp#27;[34mmain&amp#27;[0;39m] &amp#27;[33mo.h.q.s.f.SqmFunctionRegistry&amp#27;[0;39m: Registered SqmFunctionTemplate [org.hibernate.dialect.function.CurrentFunction@1b7123e5] under local_datetime; prior registration was null
&amp#27;[30m2025-04-16 08:52:27,591&amp#27;[0;39m &amp#27;[39mDEBUG&amp#27;[0;39m [&amp#27;[34mmain&amp#27;[0;39m] &amp#27;[33mo.h.q.s.f.SqmFunctionRegistry&amp#27;[0;39m: Registered SqmFunctionTemplate [org.hibernate.dialect.function.CurrentFunction@75715a14] under offset_datetime; prior registration was null
&amp#27;[30m2025-04-16 08:52:27,591&amp#27;[0;39m &amp#27;[39mDEBUG&amp#27;[0;39m [&amp#27;[34mmain&amp#27;[0;39m] &amp#27;[33mo.h.q.s.f.SqmFunctionRegistry&amp#27;[0;39m: Registering alternate key : local date -> local_date
&amp#27;[30m2025-04-16 08:52:27,591&amp#27;[0;39m &amp#27;[39mDEBUG&amp#27;[0;39m [&amp#27;[34mmain&amp#27;[0;39m] &amp#27;[33mo.h.q.s.f.SqmFunctionRegistry&amp#27;[0;39m: Registering alternate key : local time -> local_time
&amp#27;[30m2025-04-16 08:52:27,591&amp#27;[0;39m &amp#27;[39mDEBUG&amp#27;[0;39m [&amp#27;[34mmain&amp#27;[0;39m] &amp#27;[33mo.h.q.s.f.SqmFunctionRegistry&amp#27;[0;39m: Registering alternate key : local datetime -> local_datetime
&amp#27;[30m2025-04-16 08:52:27,591&amp#27;[0;39m &amp#27;[39mDEBUG&amp#27;[0;39m [&amp#27;[34mmain&amp#27;[0;39m] &amp#27;[33mo.h.q.s.f.SqmFunctionRegistry&amp#27;[0;39m: Registering alternate key : offset datetime -> offset_datetime
&amp#27;[30m2025-04-16 08:52:27,591&amp#27;[0;39m &amp#27;[39mDEBUG&amp#27;[0;39m [&amp#27;[34mmain&amp#27;[0;39m] &amp#27;[33mo.h.q.s.f.SqmFunctionRegistry&amp#27;[0;39m: Registered SqmFunctionTemplate [org.hibernate.dialect.function.CurrentFunction@14a4ba91] under instant; prior registration was null
&amp#27;[30m2025-04-16 08:52:27,591&amp#27;[0;39m &amp#27;[39mDEBUG&amp#27;[0;39m [&amp#27;[34mmain&amp#27;[0;39m] &amp#27;[33mo.h.q.s.f.SqmFunctionRegistry&amp#27;[0;39m: Registering alternate key : current_instant -> instant
&amp#27;[30m2025-04-16 08:52:27,591&amp#27;[0;39m &amp#27;[39mDEBUG&amp#27;[0;39m [&amp#27;[34mmain&amp#27;[0;39m] &amp#27;[33mo.h.q.s.f.SqmFunctionRegistry&amp#27;[0;39m: Registered SqmFunctionTemplate [org.hibernate.dialect.function.SqlFunction@1a9b9095] under sql; prior registration was null
&amp#27;[30m2025-04-16 08:52:27,591&amp#27;[0;39m &amp#27;[39mDEBUG&amp#27;[0;39m [&amp#27;[34mmain&amp#27;[0;39m] &amp#27;[33mo.h.q.s.f.SqmFunctionRegistry&amp#27;[0;39m: Registered SqmFunctionTemplate [NamedSqmFunctionTemplate(max)] under max; prior registration was NamedSqmFunctionTemplate(max)
&amp#27;[30m2025-04-16 08:52:27,591&amp#27;[0;39m &amp#27;[39mDEBUG&amp#27;[0;39m [&amp#27;[34mmain&amp#27;[0;39m] &amp#27;[33mo.h.q.s.f.SqmFunctionRegistry&amp#27;[0;39m: Registered SqmFunctionTemplate [NamedSqmFunctionTemplate(min)] under min; prior registration was NamedSqmFunctionTemplate(min)
&amp#27;[30m2025-04-16 08:52:27,591&amp#27;[0;39m &amp#27;[39mDEBUG&amp#27;[0;39m [&amp#27;[34mmain&amp#27;[0;39m] &amp#27;[33mo.h.q.s.f.SqmFunctionRegistry&amp#27;[0;39m: Registered SqmFunctionTemplate [NamedSqmFunctionTemplate(sum)] under sum; prior registration was NamedSqmFunctionTemplate(sum)
&amp#27;[30m2025-04-16 08:52:27,591&amp#27;[0;39m &amp#27;[39mDEBUG&amp#27;[0;39m [&amp#27;[34mmain&amp#27;[0;39m] &amp#27;[33mo.h.q.s.f.SqmFunctionRegistry&amp#27;[0;39m: Registered SqmFunctionTemplate [NamedSqmFunctionTemplate(avg)] under avg; prior registration was NamedSqmFunctionTemplate(avg)
&amp#27;[30m2025-04-16 08:52:27,591&amp#27;[0;39m &amp#27;[39mDEBUG&amp#27;[0;39m [&amp#27;[34mmain&amp#27;[0;39m] &amp#27;[33mo.h.q.s.f.SqmFunctionRegistry&amp#27;[0;39m: Registered SqmFunctionTemplate [org.hibernate.dialect.function.CountFunction@867e628] under count; prior registration was org.hibernate.dialect.function.CountFunction@9e96118
&amp#27;[30m2025-04-16 08:52:27,592&amp#27;[0;39m &amp#27;[39mDEBUG&amp#27;[0;39m [&amp#27;[34mmain&amp#27;[0;39m] &amp#27;[33mo.h.q.s.f.SqmFunctionRegistry&amp#27;[0;39m: Registered SqmFunctionTemplate [org.hibernate.dialect.function.AvgFunction@7739bcca] under avg; prior registration was NamedSqmFunctionTemplate(avg)
&amp#27;[30m2025-04-16 08:52:27,592&amp#27;[0;39m &amp#27;[39mDEBUG&amp#27;[0;39m [&amp#27;[34mmain&amp#27;[0;39m] &amp#27;[33mo.h.q.s.f.SqmFunctionRegistry&amp#27;[0;39m: Registered SqmFunctionTemplate [NamedSqmFunctionTemplate(pi)] under pi; prior registration was org.hibernate.query.sqm.function.PatternBasedSqmFunctionDescriptor@5a1c0bcc
&amp#27;[30m2025-04-16 08:52:27,592&amp#27;[0;39m &amp#27;[39mDEBUG&amp#27;[0;39m [&amp#27;[34mmain&amp#27;[0;39m] &amp#27;[33mo.h.q.s.f.SqmFunctionRegistry&amp#27;[0;39m: Registered SqmFunctionTemplate [NamedSqmFunctionTemplate(cot)] under cot; prior registration was null
&amp#27;[30m2025-04-16 08:52:27,592&amp#27;[0;39m &amp#27;[39mDEBUG&amp#27;[0;39m [&amp#27;[34mmain&amp#27;[0;39m] &amp#27;[33mo.h.q.s.f.SqmFunctionRegistry&amp#27;[0;39m: Registered SqmFunctionTemplate [NamedSqmFunctionTemplate(radians)] under radians; prior registration was null
&amp#27;[30m2025-04-16 08:52:27,592&amp#27;[0;39m &amp#27;[39mDEBUG&amp#27;[0;39m [&amp#27;[34mmain&amp#27;[0;39m] &amp#27;[33mo.h.q.s.f.SqmFunctionRegistry&amp#27;[0;39m: Registered SqmFunctionTemplate [NamedSqmFunctionTemplate(degrees)] under degrees; prior registration was null
&amp#27;[30m2025-04-16 08:52:27,592&amp#27;[0;39m &amp#27;[39mDEBUG&amp#27;[0;39m [&amp#27;[34mmain&amp#27;[0;39m] &amp#27;[33mo.h.q.s.f.SqmFunctionRegistry&amp#27;[0;39m: Registered SqmFunctionTemplate [NamedSqmFunctionTemplate(log10)] under log10; prior registration was null
&amp#27;[30m2025-04-16 08:52:27,592&amp#27;[0;39m &amp#27;[39mDEBUG&amp#27;[0;39m [&amp#27;[34mmain&amp#27;[0;39m] &amp#27;[33mo.h.q.s.f.SqmFunctionRegistry&amp#27;[0;39m: Registered SqmFunctionTemplate [org.hibernate.query.sqm.function.PatternBasedSqmFunctionDescriptor@4678e08e] under mod; prior registration was NamedSqmFunctionTemplate(mod)
&amp#27;[30m2025-04-16 08:52:27,592&amp#27;[0;39m &amp#27;[39mDEBUG&amp#27;[0;39m [&amp#27;[34mmain&amp#27;[0;39m] &amp#27;[33mo.h.q.s.f.SqmFunctionRegistry&amp#27;[0;39m: Registered SqmFunctionTemplate [NamedSqmFunctionTemplate(rand)] under rand; prior registration was null
&amp#27;[30m2025-04-16 08:52:27,592&amp#27;[0;39m &amp#27;[39mDEBUG&amp#27;[0;39m [&amp#27;[34mmain&amp#27;[0;39m] &amp#27;[33mo.h.q.s.f.SqmFunctionRegistry&amp#27;[0;39m: Registered SqmFunctionTemplate [NamedSqmFunctionTemplate(soundex)] under soundex; prior registration was null
&amp#27;[30m2025-04-16 08:52:27,592&amp#27;[0;39m &amp#27;[39mDEBUG&amp#27;[0;39m [&amp#27;[34mmain&amp#27;[0;39m] &amp#27;[33mo.h.q.s.f.SqmFunctionRegistry&amp#27;[0;39m: Registered SqmFunctionTemplate [NamedSqmFunctionTemplate(translate)] under translate; prior registration was null
&amp#27;[30m2025-04-16 08:52:27,592&amp#27;[0;39m &amp#27;[39mDEBUG&amp#27;[0;39m [&amp#27;[34mmain&amp#27;[0;39m] &amp#27;[33mo.h.q.s.f.SqmFunctionRegistry&amp#27;[0;39m: Registered SqmFunctionTemplate [NamedSqmFunctionTemplate(bitand)] under bitand; prior registration was null
&amp#27;[30m2025-04-16 08:52:27,592&amp#27;[0;39m &amp#27;[39mDEBUG&amp#27;[0;39m [&amp#27;[34mmain&amp#27;[0;39m] &amp#27;[33mo.h.q.s.f.SqmFunctionRegistry&amp#27;[0;39m: Registered SqmFunctionTemplate [NamedSqmFunctionTemplate(bitor)] under bitor; prior registration was null
&amp#27;[30m2025-04-16 08:52:27,592&amp#27;[0;39m &amp#27;[39mDEBUG&amp#27;[0;39m [&amp#27;[34mmain&amp#27;[0;39m] &amp#27;[33mo.h.q.s.f.SqmFunctionRegistry&amp#27;[0;39m: Registered SqmFunctionTemplate [NamedSqmFunctionTemplate(bitxor)] under bitxor; prior registration was null
&amp#27;[30m2025-04-16 08:52:27,592&amp#27;[0;39m &amp#27;[39mDEBUG&amp#27;[0;39m [&amp#27;[34mmain&amp#27;[0;39m] &amp#27;[33mo.h.q.s.f.SqmFunctionRegistry&amp#27;[0;39m: Registered SqmFunctionTemplate [NamedSqmFunctionTemplate(bitnot)] under bitnot; prior registration was null
&amp#27;[30m2025-04-16 08:52:27,592&amp#27;[0;39m &amp#27;[39mDEBUG&amp#27;[0;39m [&amp#27;[34mmain&amp#27;[0;39m] &amp#27;[33mo.h.q.s.f.SqmFunctionRegistry&amp#27;[0;39m: Registered SqmFunctionTemplate [NamedSqmFunctionTemplate(bit_and)] under bit_and; prior registration was null
&amp#27;[30m2025-04-16 08:52:27,592&amp#27;[0;39m &amp#27;[39mDEBUG&amp#27;[0;39m [&amp#27;[34mmain&amp#27;[0;39m] &amp#27;[33mo.h.q.s.f.SqmFunctionRegistry&amp#27;[0;39m: Registered SqmFunctionTemplate [NamedSqmFunctionTemplate(bit_or)] under bit_or; prior registration was null
&amp#27;[30m2025-04-16 08:52:27,592&amp#27;[0;39m &amp#27;[39mDEBUG&amp#27;[0;39m [&amp#27;[34mmain&amp#27;[0;39m] &amp#27;[33mo.h.q.s.f.SqmFunctionRegistry&amp#27;[0;39m: Registered SqmFunctionTemplate [NamedSqmFunctionTemplate(day)] under day; prior registration was null
&amp#27;[30m2025-04-16 08:52:27,593&amp#27;[0;39m &amp#27;[39mDEBUG&amp#27;[0;39m [&amp#27;[34mmain&amp#27;[0;39m] &amp#27;[33mo.h.q.s.f.SqmFunctionRegistry&amp#27;[0;39m: Registered SqmFunctionTemplate [NamedSqmFunctionTemplate(month)] under month; prior registration was null
&amp#27;[30m2025-04-16 08:52:27,593&amp#27;[0;39m &amp#27;[39mDEBUG&amp#27;[0;39m [&amp#27;[34mmain&amp#27;[0;39m] &amp#27;[33mo.h.q.s.f.SqmFunctionRegistry&amp#27;[0;39m: Registered SqmFunctionTemplate [NamedSqmFunctionTemplate(year)] under year; prior registration was null
&amp#27;[30m2025-04-16 08:52:27,593&amp#27;[0;39m &amp#27;[39mDEBUG&amp#27;[0;39m [&amp#27;[34mmain&amp#27;[0;39m] &amp#27;[33mo.h.q.s.f.SqmFunctionRegistry&amp#27;[0;39m: Registered SqmFunctionTemplate [NamedSqmFunctionTemplate(hour)] under hour; prior registration was null
&amp#27;[30m2025-04-16 08:52:27,593&amp#27;[0;39m &amp#27;[39mDEBUG&amp#27;[0;39m [&amp#27;[34mmain&amp#27;[0;39m] &amp#27;[33mo.h.q.s.f.SqmFunctionRegistry&amp#27;[0;39m: Registered SqmFunctionTemplate [NamedSqmFunctionTemplate(minute)] under minute; prior registration was null
&amp#27;[30m2025-04-16 08:52:27,593&amp#27;[0;39m &amp#27;[39mDEBUG&amp#27;[0;39m [&amp#27;[34mmain&amp#27;[0;39m] &amp#27;[33mo.h.q.s.f.SqmFunctionRegistry&amp#27;[0;39m: Registered SqmFunctionTemplate [NamedSqmFunctionTemplate(second)] under second; prior registration was null
&amp#27;[30m2025-04-16 08:52:27,593&amp#27;[0;39m &amp#27;[39mDEBUG&amp#27;[0;39m [&amp#27;[34mmain&amp#27;[0;39m] &amp#27;[33mo.h.q.s.f.SqmFunctionRegistry&amp#27;[0;39m: Registered SqmFunctionTemplate [NamedSqmFunctionTemplate(microsecond)] under microsecond; prior registration was null
&amp#27;[30m2025-04-16 08:52:27,593&amp#27;[0;39m &amp#27;[39mDEBUG&amp#27;[0;39m [&amp#27;[34mmain&amp#27;[0;39m] &amp#27;[33mo.h.q.s.f.SqmFunctionRegistry&amp#27;[0;39m: Registered SqmFunctionTemplate [NamedSqmFunctionTemplate(day_of_week)] under day_of_week; prior registration was null
&amp#27;[30m2025-04-16 08:52:27,593&amp#27;[0;39m &amp#27;[39mDEBUG&amp#27;[0;39m [&amp#27;[34mmain&amp#27;[0;39m] &amp#27;[33mo.h.q.s.f.SqmFunctionRegistry&amp#27;[0;39m: Registered SqmFunctionTemplate [NamedSqmFunctionTemplate(day_of_month)] under day_of_month; prior registration was null
&amp#27;[30m2025-04-16 08:52:27,593&amp#27;[0;39m &amp#27;[39mDEBUG&amp#27;[0;39m [&amp#27;[34mmain&amp#27;[0;39m] &amp#27;[33mo.h.q.s.f.SqmFunctionRegistry&amp#27;[0;39m: Registering alternate key : day -> day_of_month
&amp#27;[30m2025-04-16 08:52:27,593&amp#27;[0;39m &amp#27;[39mDEBUG&amp#27;[0;39m [&amp#27;[34mmain&amp#27;[0;39m] &amp#27;[33mo.h.q.s.f.SqmFunctionRegistry&amp#27;[0;39m: Registered SqmFunctionTemplate [NamedSqmFunctionTemplate(day_of_year)] under day_of_year; prior registration was null
&amp#27;[30m2025-04-16 08:52:27,593&amp#27;[0;39m &amp#27;[39mDEBUG&amp#27;[0;39m [&amp#27;[34mmain&amp#27;[0;39m] &amp#27;[33mo.h.q.s.f.SqmFunctionRegistry&amp#27;[0;39m: Registered SqmFunctionTemplate [NamedSqmFunctionTemplate(week)] under week; prior registration was null
&amp#27;[30m2025-04-16 08:52:27,593&amp#27;[0;39m &amp#27;[39mDEBUG&amp#27;[0;39m [&amp#27;[34mmain&amp#27;[0;39m] &amp#27;[33mo.h.q.s.f.SqmFunctionRegistry&amp#27;[0;39m: Registered SqmFunctionTemplate [NamedSqmFunctionTemplate(quarter)] under quarter; prior registration was null
&amp#27;[30m2025-04-16 08:52:27,593&amp#27;[0;39m &amp#27;[39mDEBUG&amp#27;[0;39m [&amp#27;[34mmain&amp#27;[0;39m] &amp#27;[33mo.h.q.s.f.SqmFunctionRegistry&amp#27;[0;39m: Registered SqmFunctionTemplate [NamedSqmFunctionTemplate(monthname)] under monthname; prior registration was null
&amp#27;[30m2025-04-16 08:52:27,593&amp#27;[0;39m &amp#27;[39mDEBUG&amp#27;[0;39m [&amp#27;[34mmain&amp#27;[0;39m] &amp#27;[33mo.h.q.s.f.SqmFunctionRegistry&amp#27;[0;39m: Registered SqmFunctionTemplate [NamedSqmFunctionTemplate(dayname)] under dayname; prior registration was null
&amp#27;[30m2025-04-16 08:52:27,593&amp#27;[0;39m &amp#27;[39mDEBUG&amp#27;[0;39m [&amp#27;[34mmain&amp#27;[0;39m] &amp#27;[33mo.h.q.s.f.SqmFunctionRegistry&amp#27;[0;39m: Registered SqmFunctionTemplate [NamedSqmFunctionTemplate(localtime)] under localtime; prior registration was null
&amp#27;[30m2025-04-16 08:52:27,593&amp#27;[0;39m &amp#27;[39mDEBUG&amp#27;[0;39m [&amp#27;[34mmain&amp#27;[0;39m] &amp#27;[33mo.h.q.s.f.SqmFunctionRegistry&amp#27;[0;39m: Registered SqmFunctionTemplate [NamedSqmFunctionTemplate(localtimestamp)] under localtimestamp; prior registration was null
&amp#27;[30m2025-04-16 08:52:27,593&amp#27;[0;39m &amp#27;[39mDEBUG&amp#27;[0;39m [&amp#27;[34mmain&amp#27;[0;39m] &amp#27;[33mo.h.q.s.f.SqmFunctionRegistry&amp#27;[0;39m: Registered SqmFunctionTemplate [NamedSqmFunctionTemplate(localtime)] under local_time; prior registration was org.hibernate.dialect.function.CurrentFunction@4039d109
&amp#27;[30m2025-04-16 08:52:27,593&amp#27;[0;39m &amp#27;[39mDEBUG&amp#27;[0;39m [&amp#27;[34mmain&amp#27;[0;39m] &amp#27;[33mo.h.q.s.f.SqmFunctionRegistry&amp#27;[0;39m: Registered SqmFunctionTemplate [NamedSqmFunctionTemplate(localtimestamp)] under local_datetime; prior registration was org.hibernate.dialect.function.CurrentFunction@1b7123e5
&amp#27;[30m2025-04-16 08:52:27,594&amp#27;[0;39m &amp#27;[39mDEBUG&amp#27;[0;39m [&amp#27;[34mmain&amp#27;[0;39m] &amp#27;[33mo.h.q.s.f.SqmFunctionRegistry&amp#27;[0;39m: Registered SqmFunctionTemplate [org.hibernate.dialect.function.TruncFunction@21dfec] under trunc; prior registration was null
&amp#27;[30m2025-04-16 08:52:27,594&amp#27;[0;39m &amp#27;[39mDEBUG&amp#27;[0;39m [&amp#27;[34mmain&amp#27;[0;39m] &amp#27;[33mo.h.q.s.f.SqmFunctionRegistry&amp#27;[0;39m: Registering alternate key : truncate -> trunc
&amp#27;[30m2025-04-16 08:52:27,594&amp#27;[0;39m &amp#27;[39mDEBUG&amp#27;[0;39m [&amp#27;[34mmain&amp#27;[0;39m] &amp#27;[33mo.h.q.s.f.SqmFunctionRegistry&amp#27;[0;39m: Registered SqmFunctionTemplate [org.hibernate.query.sqm.function.PatternBasedSqmFunctionDescriptor@37403f66] under date_trunc; prior registration was null
&amp#27;[30m2025-04-16 08:52:27,594&amp#27;[0;39m &amp#27;[39mDEBUG&amp#27;[0;39m [&amp#27;[34mmain&amp#27;[0;39m] &amp#27;[33mo.h.q.s.f.SqmFunctionRegistry&amp#27;[0;39m: Registered SqmFunctionTemplate [NamedSqmFunctionTemplate(bit_length)] under bit_length; prior registration was null
&amp#27;[30m2025-04-16 08:52:27,594&amp#27;[0;39m &amp#27;[39mDEBUG&amp#27;[0;39m [&amp#27;[34mmain&amp#27;[0;39m] &amp#27;[33mo.h.q.s.f.SqmFunctionRegistry&amp#27;[0;39m: Registered SqmFunctionTemplate [NamedSqmFunctionTemplate(octet_length)] under octet_length; prior registration was null
&amp#27;[30m2025-04-16 08:52:27,594&amp#27;[0;39m &amp#27;[39mDEBUG&amp#27;[0;39m [&amp#27;[34mmain&amp#27;[0;39m] &amp#27;[33mo.h.q.s.f.SqmFunctionRegistry&amp#27;[0;39m: Registered SqmFunctionTemplate [NamedSqmFunctionTemplate(ascii)] under ascii; prior registration was null
&amp#27;[30m2025-04-16 08:52:27,594&amp#27;[0;39m &amp#27;[39mDEBUG&amp#27;[0;39m [&amp#27;[34mmain&amp#27;[0;39m] &amp#27;[33mo.h.q.s.f.SqmFunctionRegistry&amp#27;[0;39m: Registered SqmFunctionTemplate [NamedSqmFunctionTemplate(octet_length)] under octet_length; prior registration was NamedSqmFunctionTemplate(octet_length)
&amp#27;[30m2025-04-16 08:52:27,594&amp#27;[0;39m &amp#27;[39mDEBUG&amp#27;[0;39m [&amp#27;[34mmain&amp#27;[0;39m] &amp#27;[33mo.h.q.s.f.SqmFunctionRegistry&amp#27;[0;39m: Registered SqmFunctionTemplate [NamedSqmFunctionTemplate(space)] under space; prior registration was null
&amp#27;[30m2025-04-16 08:52:27,594&amp#27;[0;39m &amp#27;[39mDEBUG&amp#27;[0;39m [&amp#27;[34mmain&amp#27;[0;39m] &amp#27;[33mo.h.q.s.f.SqmFunctionRegistry&amp#27;[0;39m: Registered SqmFunctionTemplate [NamedSqmFunctionTemplate(repeat)] under repeat; prior registration was null
&amp#27;[30m2025-04-16 08:52:27,594&amp#27;[0;39m &amp#27;[39mDEBUG&amp#27;[0;39m [&amp#27;[34mmain&amp#27;[0;39m] &amp#27;[33mo.h.q.s.f.SqmFunctionRegistry&amp#27;[0;39m: Registered SqmFunctionTemplate [NamedSqmFunctionTemplate(char)] under char; prior registration was null
&amp#27;[30m2025-04-16 08:52:27,594&amp#27;[0;39m &amp#27;[39mDEBUG&amp#27;[0;39m [&amp#27;[34mmain&amp#27;[0;39m] &amp#27;[33mo.h.q.s.f.SqmFunctionRegistry&amp#27;[0;39m: Registering alternate key : chr -> char
&amp#27;[30m2025-04-16 08:52:27,594&amp#27;[0;39m &amp#27;[39mDEBUG&amp#27;[0;39m [&amp#27;[34mmain&amp#27;[0;39m] &amp#27;[33mo.h.q.s.f.SqmFunctionRegistry&amp#27;[0;39m: Registered SqmFunctionTemplate [NamedSqmFunctionTemplate(instr)] under instr; prior registration was null
&amp#27;[30m2025-04-16 08:52:27,594&amp#27;[0;39m &amp#27;[39mDEBUG&amp#27;[0;39m [&amp#27;[34mmain&amp#27;[0;39m] &amp#27;[33mo.h.q.s.f.SqmFunctionRegistry&amp#27;[0;39m: Registered SqmFunctionTemplate [NamedSqmFunctionTemplate(substr)] under substr; prior registration was null
&amp#27;[30m2025-04-16 08:52:27,594&amp#27;[0;39m &amp#27;[39mDEBUG&amp#27;[0;39m [&amp#27;[34mmain&amp#27;[0;39m] &amp#27;[33mo.h.q.s.f.SqmFunctionRegistry&amp#27;[0;39m: Registered SqmFunctionTemplate [org.hibernate.query.sqm.function.PatternBasedSqmFunctionDescriptor@da51aa8] under position; prior registration was org.hibernate.dialect.function.LocatePositionEmulation@2799f9a
&amp#27;[30m2025-04-16 08:52:27,594&amp#27;[0;39m &amp#27;[39mDEBUG&amp#27;[0;39m [&amp#27;[34mmain&amp#27;[0;39m] &amp#27;[33mo.h.q.s.f.SqmFunctionRegistry&amp#27;[0;39m: Registered SqmFunctionTemplate [NamedSqmFunctionTemplate(ltrim)] under ltrim; prior registration was null
&amp#27;[30m2025-04-16 08:52:27,594&amp#27;[0;39m &amp#27;[39mDEBUG&amp#27;[0;39m [&amp#27;[34mmain&amp#27;[0;39m] &amp#27;[33mo.h.q.s.f.SqmFunctionRegistry&amp#27;[0;39m: Registered SqmFunctionTemplate [NamedSqmFunctionTemplate(rtrim)] under rtrim; prior registration was null
&amp#27;[30m2025-04-16 08:52:27,595&amp#27;[0;39m &amp#27;[39mDEBUG&amp#27;[0;39m [&amp#27;[34mmain&amp#27;[0;39m] &amp#27;[33mo.h.q.s.f.SqmFunctionRegistry&amp#27;[0;39m: Registered SqmFunctionTemplate [org.hibernate.query.sqm.function.PatternBasedSqmFunctionDescriptor@cd8e702] under concat; prior registration was NamedSqmFunctionTemplate(concat)
&amp#27;[30m2025-04-16 08:52:27,595&amp#27;[0;39m &amp#27;[39mDEBUG&amp#27;[0;39m [&amp#27;[34mmain&amp#27;[0;39m] &amp#27;[33mo.h.q.s.f.SqmFunctionRegistry&amp#27;[0;39m: Registered SqmFunctionTemplate [NamedSqmFunctionTemplate(curtime)] under curtime; prior registration was null
&amp#27;[30m2025-04-16 08:52:27,595&amp#27;[0;39m &amp#27;[39mDEBUG&amp#27;[0;39m [&amp#27;[34mmain&amp#27;[0;39m] &amp#27;[33mo.h.q.s.f.SqmFunctionRegistry&amp#27;[0;39m: Registered SqmFunctionTemplate [NamedSqmFunctionTemplate(curdate)] under curdate; prior registration was null
&amp#27;[30m2025-04-16 08:52:27,595&amp#27;[0;39m &amp#27;[39mDEBUG&amp#27;[0;39m [&amp#27;[34mmain&amp#27;[0;39m] &amp#27;[33mo.h.q.s.f.SqmFunctionRegistry&amp#27;[0;39m: Registered SqmFunctionTemplate [NamedSqmFunctionTemplate(now)] under now; prior registration was null
&amp#27;[30m2025-04-16 08:52:27,595&amp#27;[0;39m &amp#27;[39mDEBUG&amp#27;[0;39m [&amp#27;[34mmain&amp#27;[0;39m] &amp#27;[33mo.h.q.s.f.SqmFunctionRegistry&amp#27;[0;39m: Registered SqmFunctionTemplate [NamedSqmFunctionTemplate(sysdate)] under sysdate; prior registration was null
&amp#27;[30m2025-04-16 08:52:27,595&amp#27;[0;39m &amp#27;[39mDEBUG&amp#27;[0;39m [&amp#27;[34mmain&amp#27;[0;39m] &amp#27;[33mo.h.q.s.f.SqmFunctionRegistry&amp#27;[0;39m: Registered SqmFunctionTemplate [NamedSqmFunctionTemplate(insert)] under insert; prior registration was null
&amp#27;[30m2025-04-16 08:52:27,595&amp#27;[0;39m &amp#27;[39mDEBUG&amp#27;[0;39m [&amp#27;[34mmain&amp#27;[0;39m] &amp#27;[33mo.h.q.s.f.SqmFunctionRegistry&amp#27;[0;39m: Registered SqmFunctionTemplate [NamedSqmFunctionTemplate(bool_and)] under bool_and; prior registration was null
&amp#27;[30m2025-04-16 08:52:27,596&amp#27;[0;39m &amp#27;[39mDEBUG&amp#27;[0;39m [&amp#27;[34mmain&amp#27;[0;39m] &amp#27;[33mo.h.q.s.f.SqmFunctionRegistry&amp#27;[0;39m: Registering alternate key : every -> bool_and
&amp#27;[30m2025-04-16 08:52:27,596&amp#27;[0;39m &amp#27;[39mDEBUG&amp#27;[0;39m [&amp#27;[34mmain&amp#27;[0;39m] &amp#27;[33mo.h.q.s.f.SqmFunctionRegistry&amp#27;[0;39m: Registered SqmFunctionTemplate [NamedSqmFunctionTemplate(bool_or)] under bool_or; prior registration was null
&amp#27;[30m2025-04-16 08:52:27,596&amp#27;[0;39m &amp#27;[39mDEBUG&amp#27;[0;39m [&amp#27;[34mmain&amp#27;[0;39m] &amp#27;[33mo.h.q.s.f.SqmFunctionRegistry&amp#27;[0;39m: Registering alternate key : any -> bool_or
&amp#27;[30m2025-04-16 08:52:27,596&amp#27;[0;39m &amp#27;[39mDEBUG&amp#27;[0;39m [&amp#27;[34mmain&amp#27;[0;39m] &amp#27;[33mo.h.q.s.f.SqmFunctionRegistry&amp#27;[0;39m: Registered SqmFunctionTemplate [NamedSqmFunctionTemplate(median)] under median; prior registration was null
&amp#27;[30m2025-04-16 08:52:27,596&amp#27;[0;39m &amp#27;[39mDEBUG&amp#27;[0;39m [&amp#27;[34mmain&amp#27;[0;39m] &amp#27;[33mo.h.q.s.f.SqmFunctionRegistry&amp#27;[0;39m: Registered SqmFunctionTemplate [NamedSqmFunctionTemplate(stddev_pop)] under stddev_pop; prior registration was null
&amp#27;[30m2025-04-16 08:52:27,596&amp#27;[0;39m &amp#27;[39mDEBUG&amp#27;[0;39m [&amp#27;[34mmain&amp#27;[0;39m] &amp#27;[33mo.h.q.s.f.SqmFunctionRegistry&amp#27;[0;39m: Registered SqmFunctionTemplate [NamedSqmFunctionTemplate(stddev_samp)] under stddev_samp; prior registration was null
&amp#27;[30m2025-04-16 08:52:27,596&amp#27;[0;39m &amp#27;[39mDEBUG&amp#27;[0;39m [&amp#27;[34mmain&amp#27;[0;39m] &amp#27;[33mo.h.q.s.f.SqmFunctionRegistry&amp#27;[0;39m: Registered SqmFunctionTemplate [NamedSqmFunctionTemplate(var_pop)] under var_pop; prior registration was null
&amp#27;[30m2025-04-16 08:52:27,596&amp#27;[0;39m &amp#27;[39mDEBUG&amp#27;[0;39m [&amp#27;[34mmain&amp#27;[0;39m] &amp#27;[33mo.h.q.s.f.SqmFunctionRegistry&amp#27;[0;39m: Registered SqmFunctionTemplate [NamedSqmFunctionTemplate(var_samp)] under var_samp; prior registration was null
&amp#27;[30m2025-04-16 08:52:27,596&amp#27;[0;39m &amp#27;[39mDEBUG&amp#27;[0;39m [&amp#27;[34mmain&amp#27;[0;39m] &amp#27;[33mo.h.q.s.f.SqmFunctionRegistry&amp#27;[0;39m: Registered SqmFunctionTemplate [org.hibernate.dialect.function.FormatFunction@28897ca] under format; prior registration was org.hibernate.dialect.function.FormatFunction@5d9576a0
&amp#27;[30m2025-04-16 08:52:27,596&amp#27;[0;39m &amp#27;[39mDEBUG&amp#27;[0;39m [&amp#27;[34mmain&amp#27;[0;39m] &amp#27;[33mo.h.q.s.f.SqmFunctionRegistry&amp#27;[0;39m: Registered SqmFunctionTemplate [NamedSqmFunctionTemplate(rownum)] under rownum; prior registration was null
&amp#27;[30m2025-04-16 08:52:27,596&amp#27;[0;39m &amp#27;[39mDEBUG&amp#27;[0;39m [&amp#27;[34mmain&amp#27;[0;39m] &amp#27;[33mo.h.q.s.f.SqmFunctionRegistry&amp#27;[0;39m: Registered SqmFunctionTemplate [NamedSqmFunctionTemplate(row_number)] under row_number; prior registration was null
&amp#27;[30m2025-04-16 08:52:27,597&amp#27;[0;39m &amp#27;[39mDEBUG&amp#27;[0;39m [&amp#27;[34mmain&amp#27;[0;39m] &amp#27;[33mo.h.q.s.f.SqmFunctionRegistry&amp#27;[0;39m: Registered SqmFunctionTemplate [NamedSqmFunctionTemplate(lag)] under lag; prior registration was null
&amp#27;[30m2025-04-16 08:52:27,597&amp#27;[0;39m &amp#27;[39mDEBUG&amp#27;[0;39m [&amp#27;[34mmain&amp#27;[0;39m] &amp#27;[33mo.h.q.s.f.SqmFunctionRegistry&amp#27;[0;39m: Registered SqmFunctionTemplate [NamedSqmFunctionTemplate(lead)] under lead; prior registration was null
&amp#27;[30m2025-04-16 08:52:27,597&amp#27;[0;39m &amp#27;[39mDEBUG&amp#27;[0;39m [&amp#27;[34mmain&amp#27;[0;39m] &amp#27;[33mo.h.q.s.f.SqmFunctionRegistry&amp#27;[0;39m: Registered SqmFunctionTemplate [NamedSqmFunctionTemplate(first_value)] under first_value; prior registration was null
&amp#27;[30m2025-04-16 08:52:27,597&amp#27;[0;39m &amp#27;[39mDEBUG&amp#27;[0;39m [&amp#27;[34mmain&amp#27;[0;39m] &amp#27;[33mo.h.q.s.f.SqmFunctionRegistry&amp#27;[0;39m: Registered SqmFunctionTemplate [NamedSqmFunctionTemplate(last_value)] under last_value; prior registration was null
&amp#27;[30m2025-04-16 08:52:27,597&amp#27;[0;39m &amp#27;[39mDEBUG&amp#27;[0;39m [&amp#27;[34mmain&amp#27;[0;39m] &amp#27;[33mo.h.q.s.f.SqmFunctionRegistry&amp#27;[0;39m: Registered SqmFunctionTemplate [NamedSqmFunctionTemplate(nth_value)] under nth_value; prior registration was null
&amp#27;[30m2025-04-16 08:52:27,597&amp#27;[0;39m &amp#27;[39mDEBUG&amp#27;[0;39m [&amp#27;[34mmain&amp#27;[0;39m] &amp#27;[33mo.h.q.s.f.SqmFunctionRegistry&amp#27;[0;39m: Registered SqmFunctionTemplate [org.hibernate.dialect.function.ListaggFunction@348523f2] under listagg; prior registration was null
&amp#27;[30m2025-04-16 08:52:27,597&amp#27;[0;39m &amp#27;[39mDEBUG&amp#27;[0;39m [&amp#27;[34mmain&amp#27;[0;39m] &amp#27;[33mo.h.q.s.f.SqmFunctionRegistry&amp#27;[0;39m: Registered SqmFunctionTemplate [org.hibernate.dialect.function.InverseDistributionFunction@11501f90] under mode; prior registration was null
&amp#27;[30m2025-04-16 08:52:27,597&amp#27;[0;39m &amp#27;[39mDEBUG&amp#27;[0;39m [&amp#27;[34mmain&amp#27;[0;39m] &amp#27;[33mo.h.q.s.f.SqmFunctionRegistry&amp#27;[0;39m: Registered SqmFunctionTemplate [org.hibernate.dialect.function.InverseDistributionFunction@5afb0a4f] under percentile_cont; prior registration was null
&amp#27;[30m2025-04-16 08:52:27,597&amp#27;[0;39m &amp#27;[39mDEBUG&amp#27;[0;39m [&amp#27;[34mmain&amp#27;[0;39m] &amp#27;[33mo.h.q.s.f.SqmFunctionRegistry&amp#27;[0;39m: Registered SqmFunctionTemplate [org.hibernate.dialect.function.InverseDistributionFunction@1c8bf01d] under percentile_disc; prior registration was null
&amp#27;[30m2025-04-16 08:52:27,597&amp#27;[0;39m &amp#27;[39mDEBUG&amp#27;[0;39m [&amp#27;[34mmain&amp#27;[0;39m] &amp#27;[33mo.h.q.s.f.SqmFunctionRegistry&amp#27;[0;39m: Registered SqmFunctionTemplate [org.hibernate.dialect.function.HypotheticalSetFunction@18cdacd] under rank; prior registration was null
&amp#27;[30m2025-04-16 08:52:27,597&amp#27;[0;39m &amp#27;[39mDEBUG&amp#27;[0;39m [&amp#27;[34mmain&amp#27;[0;39m] &amp#27;[33mo.h.q.s.f.SqmFunctionRegistry&amp#27;[0;39m: Registered SqmFunctionTemplate [org.hibernate.dialect.function.HypotheticalSetFunction@10b1f9f3] under dense_rank; prior registration was null
&amp#27;[30m2025-04-16 08:52:27,597&amp#27;[0;39m &amp#27;[39mDEBUG&amp#27;[0;39m [&amp#27;[34mmain&amp#27;[0;39m] &amp#27;[33mo.h.q.s.f.SqmFunctionRegistry&amp#27;[0;39m: Registered SqmFunctionTemplate [org.hibernate.dialect.function.HypotheticalSetFunction@129a20d8] under percent_rank; prior registration was null
&amp#27;[30m2025-04-16 08:52:27,598&amp#27;[0;39m &amp#27;[39mDEBUG&amp#27;[0;39m [&amp#27;[34mmain&amp#27;[0;39m] &amp#27;[33mo.h.q.s.f.SqmFunctionRegistry&amp#27;[0;39m: Registered SqmFunctionTemplate [org.hibernate.dialect.function.HypotheticalSetFunction@51d2218e] under cume_dist; prior registration was null
&amp#27;[30m2025-04-16 08:52:27,598&amp#27;[0;39m &amp#27;[39mDEBUG&amp#27;[0;39m [&amp#27;[34mmain&amp#27;[0;39m] &amp#27;[33mo.h.q.s.f.SqmFunctionRegistry&amp#27;[0;39m: Registered SqmFunctionTemplate [org.hibernate.dialect.function.array.ArrayConstructorFunction@366fd3cb] under array; prior registration was null
&amp#27;[30m2025-04-16 08:52:27,598&amp#27;[0;39m &amp#27;[39mDEBUG&amp#27;[0;39m [&amp#27;[34mmain&amp#27;[0;39m] &amp#27;[33mo.h.q.s.f.SqmFunctionRegistry&amp#27;[0;39m: Registered SqmFunctionTemplate [org.hibernate.dialect.function.array.ArrayConstructorFunction@298eca94] under array_list; prior registration was null
&amp#27;[30m2025-04-16 08:52:27,598&amp#27;[0;39m &amp#27;[39mDEBUG&amp#27;[0;39m [&amp#27;[34mmain&amp#27;[0;39m] &amp#27;[33mo.h.q.s.f.SqmFunctionRegistry&amp#27;[0;39m: Registered SqmFunctionTemplate [org.hibernate.dialect.function.array.ArrayAggFunction@6a51a39d] under array_agg; prior registration was null
&amp#27;[30m2025-04-16 08:52:27,598&amp#27;[0;39m &amp#27;[39mDEBUG&amp#27;[0;39m [&amp#27;[34mmain&amp#27;[0;39m] &amp#27;[33mo.h.q.s.f.SqmFunctionRegistry&amp#27;[0;39m: Registered SqmFunctionTemplate [org.hibernate.dialect.function.array.H2ArrayPositionFunction@2acf3108] under array_position; prior registration was null
&amp#27;[30m2025-04-16 08:52:27,598&amp#27;[0;39m &amp#27;[39mDEBUG&amp#27;[0;39m [&amp#27;[34mmain&amp#27;[0;39m] &amp#27;[33mo.h.q.s.f.SqmFunctionRegistry&amp#27;[0;39m: Registered SqmFunctionTemplate [org.hibernate.dialect.function.array.H2ArrayPositionsFunction@3d73f2a1] under array_positions; prior registration was null
&amp#27;[30m2025-04-16 08:52:27,598&amp#27;[0;39m &amp#27;[39mDEBUG&amp#27;[0;39m [&amp#27;[34mmain&amp#27;[0;39m] &amp#27;[33mo.h.q.s.f.SqmFunctionRegistry&amp#27;[0;39m: Registered SqmFunctionTemplate [org.hibernate.dialect.function.array.H2ArrayPositionsFunction@5a59f3d9] under array_positions_list; prior registration was null
&amp#27;[30m2025-04-16 08:52:27,599&amp#27;[0;39m &amp#27;[39mDEBUG&amp#27;[0;39m [&amp#27;[34mmain&amp#27;[0;39m] &amp#27;[33mo.h.q.s.f.SqmFunctionRegistry&amp#27;[0;39m: Registered SqmFunctionTemplate [org.hibernate.query.sqm.function.PatternBasedSqmFunctionDescriptor@9cdceeb] under array_length; prior registration was null
&amp#27;[30m2025-04-16 08:52:27,599&amp#27;[0;39m &amp#27;[39mDEBUG&amp#27;[0;39m [&amp#27;[34mmain&amp#27;[0;39m] &amp#27;[33mo.h.q.s.f.SqmFunctionRegistry&amp#27;[0;39m: Registered SqmFunctionTemplate [org.hibernate.dialect.function.DynamicDispatchFunction@591b8f15] under length; prior registration was null
&amp#27;[30m2025-04-16 08:52:27,599&amp#27;[0;39m &amp#27;[39mDEBUG&amp#27;[0;39m [&amp#27;[34mmain&amp#27;[0;39m] &amp#27;[33mo.h.q.s.f.SqmFunctionRegistry&amp#27;[0;39m: Registered SqmFunctionTemplate [org.hibernate.dialect.function.array.ArrayConcatFunction@7b5f886d] under array_concat; prior registration was null
&amp#27;[30m2025-04-16 08:52:27,599&amp#27;[0;39m &amp#27;[39mDEBUG&amp#27;[0;39m [&amp#27;[34mmain&amp#27;[0;39m] &amp#27;[33mo.h.q.s.f.SqmFunctionRegistry&amp#27;[0;39m: Registered SqmFunctionTemplate [org.hibernate.dialect.function.array.ArrayConcatElementFunction@6e0d7be4] under array_prepend; prior registration was null
&amp#27;[30m2025-04-16 08:52:27,599&amp#27;[0;39m &amp#27;[39mDEBUG&amp#27;[0;39m [&amp#27;[34mmain&amp#27;[0;39m] &amp#27;[33mo.h.q.s.f.SqmFunctionRegistry&amp#27;[0;39m: Registered SqmFunctionTemplate [org.hibernate.dialect.function.array.ArrayConcatElementFunction@9504a58] under array_append; prior registration was null
&amp#27;[30m2025-04-16 08:52:27,599&amp#27;[0;39m &amp#27;[39mDEBUG&amp#27;[0;39m [&amp#27;[34mmain&amp#27;[0;39m] &amp#27;[33mo.h.q.s.f.SqmFunctionRegistry&amp#27;[0;39m: Registered SqmFunctionTemplate [org.hibernate.dialect.function.array.H2ArrayContainsFunction@c360f40] under array_contains; prior registration was null
&amp#27;[30m2025-04-16 08:52:27,599&amp#27;[0;39m &amp#27;[39mDEBUG&amp#27;[0;39m [&amp#27;[34mmain&amp#27;[0;39m] &amp#27;[33mo.h.q.s.f.SqmFunctionRegistry&amp#27;[0;39m: Registered SqmFunctionTemplate [org.hibernate.dialect.function.array.H2ArrayContainsFunction@badf24b] under array_contains_nullable; prior registration was null
&amp#27;[30m2025-04-16 08:52:27,599&amp#27;[0;39m &amp#27;[39mDEBUG&amp#27;[0;39m [&amp#27;[34mmain&amp#27;[0;39m] &amp#27;[33mo.h.q.s.f.SqmFunctionRegistry&amp#27;[0;39m: Registered SqmFunctionTemplate [org.hibernate.dialect.function.array.H2ArrayIncludesFunction@efa6a81] under array_includes; prior registration was null
&amp#27;[30m2025-04-16 08:52:27,599&amp#27;[0;39m &amp#27;[39mDEBUG&amp#27;[0;39m [&amp#27;[34mmain&amp#27;[0;39m] &amp#27;[33mo.h.q.s.f.SqmFunctionRegistry&amp#27;[0;39m: Registered SqmFunctionTemplate [org.hibernate.dialect.function.array.H2ArrayIncludesFunction@573e38c] under array_includes_nullable; prior registration was null
&amp#27;[30m2025-04-16 08:52:27,600&amp#27;[0;39m &amp#27;[39mDEBUG&amp#27;[0;39m [&amp#27;[34mmain&amp#27;[0;39m] &amp#27;[33mo.h.q.s.f.SqmFunctionRegistry&amp#27;[0;39m: Registered SqmFunctionTemplate [org.hibernate.dialect.function.array.H2ArrayIntersectsFunction@3983b06d] under array_intersects; prior registration was null
&amp#27;[30m2025-04-16 08:52:27,600&amp#27;[0;39m &amp#27;[39mDEBUG&amp#27;[0;39m [&amp#27;[34mmain&amp#27;[0;39m] &amp#27;[33mo.h.q.s.f.SqmFunctionRegistry&amp#27;[0;39m: Registered SqmFunctionTemplate [org.hibernate.dialect.function.array.H2ArrayIntersectsFunction@5d5822bc] under array_intersects_nullable; prior registration was null
&amp#27;[30m2025-04-16 08:52:27,600&amp#27;[0;39m &amp#27;[39mDEBUG&amp#27;[0;39m [&amp#27;[34mmain&amp#27;[0;39m] &amp#27;[33mo.h.q.s.f.SqmFunctionRegistry&amp#27;[0;39m: Registering alternate key : array_overlaps -> array_intersects
&amp#27;[30m2025-04-16 08:52:27,600&amp#27;[0;39m &amp#27;[39mDEBUG&amp#27;[0;39m [&amp#27;[34mmain&amp#27;[0;39m] &amp#27;[33mo.h.q.s.f.SqmFunctionRegistry&amp#27;[0;39m: Registering alternate key : array_overlaps_nullable -> array_intersects_nullable
&amp#27;[30m2025-04-16 08:52:27,600&amp#27;[0;39m &amp#27;[39mDEBUG&amp#27;[0;39m [&amp#27;[34mmain&amp#27;[0;39m] &amp#27;[33mo.h.q.s.f.SqmFunctionRegistry&amp#27;[0;39m: Registered SqmFunctionTemplate [org.hibernate.query.sqm.function.PatternBasedSqmFunctionDescriptor@2bf5f4] under array_get; prior registration was null
&amp#27;[30m2025-04-16 08:52:27,600&amp#27;[0;39m &amp#27;[39mDEBUG&amp#27;[0;39m [&amp#27;[34mmain&amp#27;[0;39m] &amp#27;[33mo.h.q.s.f.SqmFunctionRegistry&amp#27;[0;39m: Registered SqmFunctionTemplate [org.hibernate.dialect.function.array.H2ArraySetFunction@1a5e19fe] under array_set; prior registration was null
&amp#27;[30m2025-04-16 08:52:27,600&amp#27;[0;39m &amp#27;[39mDEBUG&amp#27;[0;39m [&amp#27;[34mmain&amp#27;[0;39m] &amp#27;[33mo.h.q.s.f.SqmFunctionRegistry&amp#27;[0;39m: Registered SqmFunctionTemplate [org.hibernate.dialect.function.array.H2ArrayRemoveFunction@3e7ac200] under array_remove; prior registration was null
&amp#27;[30m2025-04-16 08:52:27,600&amp#27;[0;39m &amp#27;[39mDEBUG&amp#27;[0;39m [&amp#27;[34mmain&amp#27;[0;39m] &amp#27;[33mo.h.q.s.f.SqmFunctionRegistry&amp#27;[0;39m: Registered SqmFunctionTemplate [org.hibernate.dialect.function.array.H2ArrayRemoveIndexFunction@222b4ab1] under array_remove_index; prior registration was null
&amp#27;[30m2025-04-16 08:52:27,600&amp#27;[0;39m &amp#27;[39mDEBUG&amp#27;[0;39m [&amp#27;[34mmain&amp#27;[0;39m] &amp#27;[33mo.h.q.s.f.SqmFunctionRegistry&amp#27;[0;39m: Registered SqmFunctionTemplate [org.hibernate.query.sqm.function.PatternBasedSqmFunctionDescriptor@7df09f55] under array_slice; prior registration was null
&amp#27;[30m2025-04-16 08:52:27,600&amp#27;[0;39m &amp#27;[39mDEBUG&amp#27;[0;39m [&amp#27;[34mmain&amp#27;[0;39m] &amp#27;[33mo.h.q.s.f.SqmFunctionRegistry&amp#27;[0;39m: Registered SqmFunctionTemplate [org.hibernate.dialect.function.array.H2ArrayReplaceFunction@178be8fc] under array_replace; prior registration was null
&amp#27;[30m2025-04-16 08:52:27,600&amp#27;[0;39m &amp#27;[39mDEBUG&amp#27;[0;39m [&amp#27;[34mmain&amp#27;[0;39m] &amp#27;[33mo.h.q.s.f.SqmFunctionRegistry&amp#27;[0;39m: Registered SqmFunctionTemplate [org.hibernate.query.sqm.function.PatternBasedSqmFunctionDescriptor@7f0952cf] under array_trim; prior registration was null
&amp#27;[30m2025-04-16 08:52:27,600&amp#27;[0;39m &amp#27;[39mDEBUG&amp#27;[0;39m [&amp#27;[34mmain&amp#27;[0;39m] &amp#27;[33mo.h.q.s.f.SqmFunctionRegistry&amp#27;[0;39m: Registered SqmFunctionTemplate [org.hibernate.dialect.function.array.H2ArrayFillFunction@70fe15d] under array_fill; prior registration was null
&amp#27;[30m2025-04-16 08:52:27,601&amp#27;[0;39m &amp#27;[39mDEBUG&amp#27;[0;39m [&amp#27;[34mmain&amp#27;[0;39m] &amp#27;[33mo.h.q.s.f.SqmFunctionRegistry&amp#27;[0;39m: Registered SqmFunctionTemplate [org.hibernate.dialect.function.array.H2ArrayFillFunction@7efcdcde] under array_fill_list; prior registration was null
&amp#27;[30m2025-04-16 08:52:27,601&amp#27;[0;39m &amp#27;[39mDEBUG&amp#27;[0;39m [&amp#27;[34mmain&amp#27;[0;39m] &amp#27;[33mo.h.q.s.f.SqmFunctionRegistry&amp#27;[0;39m: Registered SqmFunctionTemplate [org.hibernate.dialect.function.array.H2ArrayToStringFunction@36f807f5] under array_to_string; prior registration was null
&amp#27;[30m2025-04-16 08:52:27,601&amp#27;[0;39m &amp#27;[39mDEBUG&amp#27;[0;39m [&amp#27;[34mmain&amp#27;[0;39m] &amp#27;[33mo.h.q.i.QueryEngineImpl&amp#27;[0;39m: abs(NUMERIC arg)
&amp#27;[30m2025-04-16 08:52:27,601&amp#27;[0;39m &amp#27;[39mDEBUG&amp#27;[0;39m [&amp#27;[34mmain&amp#27;[0;39m] &amp#27;[33mo.h.q.i.QueryEngineImpl&amp#27;[0;39m: Double acos(NUMERIC arg)
&amp#27;[30m2025-04-16 08:52:27,601&amp#27;[0;39m &amp#27;[39mDEBUG&amp#27;[0;39m [&amp#27;[34mmain&amp#27;[0;39m] &amp#27;[33mo.h.q.i.QueryEngineImpl&amp#27;[0;39m: Boolean any(BOOLEAN predicate)
&amp#27;[30m2025-04-16 08:52:27,601&amp#27;[0;39m &amp#27;[39mDEBUG&amp#27;[0;39m [&amp#27;[34mmain&amp#27;[0;39m] &amp#27;[33mo.h.q.i.QueryEngineImpl&amp#27;[0;39m: array( ... )
&amp#27;[30m2025-04-16 08:52:27,601&amp#27;[0;39m &amp#27;[39mDEBUG&amp#27;[0;39m [&amp#27;[34mmain&amp#27;[0;39m] &amp#27;[33mo.h.q.i.QueryEngineImpl&amp#27;[0;39m: array_agg(arg)
&amp#27;[30m2025-04-16 08:52:27,601&amp#27;[0;39m &amp#27;[39mDEBUG&amp#27;[0;39m [&amp#27;[34mmain&amp#27;[0;39m] &amp#27;[33mo.h.q.i.QueryEngineImpl&amp#27;[0;39m: array_append( ... )
&amp#27;[30m2025-04-16 08:52:27,601&amp#27;[0;39m &amp#27;[39mDEBUG&amp#27;[0;39m [&amp#27;[34mmain&amp#27;[0;39m] &amp#27;[33mo.h.q.i.QueryEngineImpl&amp#27;[0;39m: array_concat( ... )
&amp#27;[30m2025-04-16 08:52:27,601&amp#27;[0;39m &amp#27;[39mDEBUG&amp#27;[0;39m [&amp#27;[34mmain&amp#27;[0;39m] &amp#27;[33mo.h.q.i.QueryEngineImpl&amp#27;[0;39m: Boolean array_contains(ARRAY haystackArray, OBJECT needleElementOrArray)
&amp#27;[30m2025-04-16 08:52:27,601&amp#27;[0;39m &amp#27;[39mDEBUG&amp#27;[0;39m [&amp#27;[34mmain&amp#27;[0;39m] &amp#27;[33mo.h.q.i.QueryEngineImpl&amp#27;[0;39m: Boolean array_contains_nullable(ARRAY haystackArray, OBJECT needleElementOrArray)
&amp#27;[30m2025-04-16 08:52:27,601&amp#27;[0;39m &amp#27;[39mDEBUG&amp#27;[0;39m [&amp#27;[34mmain&amp#27;[0;39m] &amp#27;[33mo.h.q.i.QueryEngineImpl&amp#27;[0;39m: array_fill(OBJECT element, INTEGER elementCount)
&amp#27;[30m2025-04-16 08:52:27,601&amp#27;[0;39m &amp#27;[39mDEBUG&amp#27;[0;39m [&amp#27;[34mmain&amp#27;[0;39m] &amp#27;[33mo.h.q.i.QueryEngineImpl&amp#27;[0;39m: array_fill_list(OBJECT element, INTEGER elementCount)
&amp#27;[30m2025-04-16 08:52:27,601&amp#27;[0;39m &amp#27;[39mDEBUG&amp#27;[0;39m [&amp#27;[34mmain&amp#27;[0;39m] &amp#27;[33mo.h.q.i.QueryEngineImpl&amp#27;[0;39m: array_get(ARRAY array, INTEGER index)
&amp#27;[30m2025-04-16 08:52:27,602&amp#27;[0;39m &amp#27;[39mDEBUG&amp#27;[0;39m [&amp#27;[34mmain&amp#27;[0;39m] &amp#27;[33mo.h.q.i.QueryEngineImpl&amp#27;[0;39m: Boolean array_includes(ARRAY haystackArray, OBJECT needleArray)
&amp#27;[30m2025-04-16 08:52:27,602&amp#27;[0;39m &amp#27;[39mDEBUG&amp#27;[0;39m [&amp#27;[34mmain&amp#27;[0;39m] &amp#27;[33mo.h.q.i.QueryEngineImpl&amp#27;[0;39m: Boolean array_includes_nullable(ARRAY haystackArray, OBJECT needleArray)
&amp#27;[30m2025-04-16 08:52:27,602&amp#27;[0;39m &amp#27;[39mDEBUG&amp#27;[0;39m [&amp#27;[34mmain&amp#27;[0;39m] &amp#27;[33mo.h.q.i.QueryEngineImpl&amp#27;[0;39m: Boolean array_intersects(ARRAY array0, OBJECT array1)
&amp#27;[30m2025-04-16 08:52:27,602&amp#27;[0;39m &amp#27;[39mDEBUG&amp#27;[0;39m [&amp#27;[34mmain&amp#27;[0;39m] &amp#27;[33mo.h.q.i.QueryEngineImpl&amp#27;[0;39m: Boolean array_intersects_nullable(ARRAY array0, OBJECT array1)
&amp#27;[30m2025-04-16 08:52:27,602&amp#27;[0;39m &amp#27;[39mDEBUG&amp#27;[0;39m [&amp#27;[34mmain&amp#27;[0;39m] &amp#27;[33mo.h.q.i.QueryEngineImpl&amp#27;[0;39m: Integer array_length(ARRAY array)
&amp#27;[30m2025-04-16 08:52:27,602&amp#27;[0;39m &amp#27;[39mDEBUG&amp#27;[0;39m [&amp#27;[34mmain&amp#27;[0;39m] &amp#27;[33mo.h.q.i.QueryEngineImpl&amp#27;[0;39m: array_list( ... )
&amp#27;[30m2025-04-16 08:52:27,602&amp#27;[0;39m &amp#27;[39mDEBUG&amp#27;[0;39m [&amp#27;[34mmain&amp#27;[0;39m] &amp#27;[33mo.h.q.i.QueryEngineImpl&amp#27;[0;39m: Boolean array_overlaps(ARRAY array0, OBJECT array1)
&amp#27;[30m2025-04-16 08:52:27,602&amp#27;[0;39m &amp#27;[39mDEBUG&amp#27;[0;39m [&amp#27;[34mmain&amp#27;[0;39m] &amp#27;[33mo.h.q.i.QueryEngineImpl&amp#27;[0;39m: Boolean array_overlaps_nullable(ARRAY array0, OBJECT array1)
&amp#27;[30m2025-04-16 08:52:27,602&amp#27;[0;39m &amp#27;[39mDEBUG&amp#27;[0;39m [&amp#27;[34mmain&amp#27;[0;39m] &amp#27;[33mo.h.q.i.QueryEngineImpl&amp#27;[0;39m: Integer array_position(ARRAY array, OBJECT element[, INTEGER startPosition])
&amp#27;[30m2025-04-16 08:52:27,602&amp#27;[0;39m &amp#27;[39mDEBUG&amp#27;[0;39m [&amp#27;[34mmain&amp#27;[0;39m] &amp#27;[33mo.h.q.i.QueryEngineImpl&amp#27;[0;39m: int[] array_positions(ARRAY array, OBJECT element)
&amp#27;[30m2025-04-16 08:52:27,602&amp#27;[0;39m &amp#27;[39mDEBUG&amp#27;[0;39m [&amp#27;[34mmain&amp#27;[0;39m] &amp#27;[33mo.h.q.i.QueryEngineImpl&amp#27;[0;39m: List array_positions_list(ARRAY array, OBJECT element)
&amp#27;[30m2025-04-16 08:52:27,602&amp#27;[0;39m &amp#27;[39mDEBUG&amp#27;[0;39m [&amp#27;[34mmain&amp#27;[0;39m] &amp#27;[33mo.h.q.i.QueryEngineImpl&amp#27;[0;39m: array_prepend( ... )
&amp#27;[30m2025-04-16 08:52:27,602&amp#27;[0;39m &amp#27;[39mDEBUG&amp#27;[0;39m [&amp#27;[34mmain&amp#27;[0;39m] &amp#27;[33mo.h.q.i.QueryEngineImpl&amp#27;[0;39m: array_remove( ... )
&amp#27;[30m2025-04-16 08:52:27,602&amp#27;[0;39m &amp#27;[39mDEBUG&amp#27;[0;39m [&amp#27;[34mmain&amp#27;[0;39m] &amp#27;[33mo.h.q.i.QueryEngineImpl&amp#27;[0;39m: array_remove_index( ... )
&amp#27;[30m2025-04-16 08:52:27,602&amp#27;[0;39m &amp#27;[39mDEBUG&amp#27;[0;39m [&amp#27;[34mmain&amp#27;[0;39m] &amp#27;[33mo.h.q.i.QueryEngineImpl&amp#27;[0;39m: array_replace( ... )
&amp#27;[30m2025-04-16 08:52:27,602&amp#27;[0;39m &amp#27;[39mDEBUG&amp#27;[0;39m [&amp#27;[34mmain&amp#27;[0;39m] &amp#27;[33mo.h.q.i.QueryEngineImpl&amp#27;[0;39m: array_set( ... )
&amp#27;[30m2025-04-16 08:52:27,602&amp#27;[0;39m &amp#27;[39mDEBUG&amp#27;[0;39m [&amp#27;[34mmain&amp#27;[0;39m] &amp#27;[33mo.h.q.i.QueryEngineImpl&amp#27;[0;39m: array_slice(ARRAY array, INTEGER start, INTEGER end)
&amp#27;[30m2025-04-16 08:52:27,602&amp#27;[0;39m &amp#27;[39mDEBUG&amp#27;[0;39m [&amp#27;[34mmain&amp#27;[0;39m] &amp#27;[33mo.h.q.i.QueryEngineImpl&amp#27;[0;39m: String array_to_string( ... )
&amp#27;[30m2025-04-16 08:52:27,602&amp#27;[0;39m &amp#27;[39mDEBUG&amp#27;[0;39m [&amp#27;[34mmain&amp#27;[0;39m] &amp#27;[33mo.h.q.i.QueryEngineImpl&amp#27;[0;39m: array_trim(ARRAY array, INTEGER elementsToRemove)
&amp#27;[30m2025-04-16 08:52:27,602&amp#27;[0;39m &amp#27;[39mDEBUG&amp#27;[0;39m [&amp#27;[34mmain&amp#27;[0;39m] &amp#27;[33mo.h.q.i.QueryEngineImpl&amp#27;[0;39m: Integer ascii(STRING arg)
&amp#27;[30m2025-04-16 08:52:27,603&amp#27;[0;39m &amp#27;[39mDEBUG&amp#27;[0;39m [&amp#27;[34mmain&amp#27;[0;39m] &amp#27;[33mo.h.q.i.QueryEngineImpl&amp#27;[0;39m: Double asin(NUMERIC arg)
&amp#27;[30m2025-04-16 08:52:27,603&amp#27;[0;39m &amp#27;[39mDEBUG&amp#27;[0;39m [&amp#27;[34mmain&amp#27;[0;39m] &amp#27;[33mo.h.q.i.QueryEngineImpl&amp#27;[0;39m: Double atan(NUMERIC arg)
&amp#27;[30m2025-04-16 08:52:27,603&amp#27;[0;39m &amp#27;[39mDEBUG&amp#27;[0;39m [&amp#27;[34mmain&amp#27;[0;39m] &amp#27;[33mo.h.q.i.QueryEngineImpl&amp#27;[0;39m: Double atan2(NUMERIC arg0, NUMERIC arg1)
&amp#27;[30m2025-04-16 08:52:27,603&amp#27;[0;39m &amp#27;[39mDEBUG&amp#27;[0;39m [&amp#27;[34mmain&amp#27;[0;39m] &amp#27;[33mo.h.q.i.QueryEngineImpl&amp#27;[0;39m: avg(NUMERIC arg)
&amp#27;[30m2025-04-16 08:52:27,603&amp#27;[0;39m &amp#27;[39mDEBUG&amp#27;[0;39m [&amp#27;[34mmain&amp#27;[0;39m] &amp#27;[33mo.h.q.i.QueryEngineImpl&amp#27;[0;39m: bit_and(arg)
&amp#27;[30m2025-04-16 08:52:27,603&amp#27;[0;39m &amp#27;[39mDEBUG&amp#27;[0;39m [&amp#27;[34mmain&amp#27;[0;39m] &amp#27;[33mo.h.q.i.QueryEngineImpl&amp#27;[0;39m: Integer bit_length(STRING_OR_CLOB arg)
&amp#27;[30m2025-04-16 08:52:27,603&amp#27;[0;39m &amp#27;[39mDEBUG&amp#27;[0;39m [&amp#27;[34mmain&amp#27;[0;39m] &amp#27;[33mo.h.q.i.QueryEngineImpl&amp#27;[0;39m: bit_or(arg)
&amp#27;[30m2025-04-16 08:52:27,603&amp#27;[0;39m &amp#27;[39mDEBUG&amp#27;[0;39m [&amp#27;[34mmain&amp#27;[0;39m] &amp#27;[33mo.h.q.i.QueryEngineImpl&amp#27;[0;39m: bitand(arg0, arg1)
&amp#27;[30m2025-04-16 08:52:27,603&amp#27;[0;39m &amp#27;[39mDEBUG&amp#27;[0;39m [&amp#27;[34mmain&amp#27;[0;39m] &amp#27;[33mo.h.q.i.QueryEngineImpl&amp#27;[0;39m: bitnot(arg)
&amp#27;[30m2025-04-16 08:52:27,603&amp#27;[0;39m &amp#27;[39mDEBUG&amp#27;[0;39m [&amp#27;[34mmain&amp#27;[0;39m] &amp#27;[33mo.h.q.i.QueryEngineImpl&amp#27;[0;39m: bitor(arg0, arg1)
&amp#27;[30m2025-04-16 08:52:27,603&amp#27;[0;39m &amp#27;[39mDEBUG&amp#27;[0;39m [&amp#27;[34mmain&amp#27;[0;39m] &amp#27;[33mo.h.q.i.QueryEngineImpl&amp#27;[0;39m: bitxor(arg0, arg1)
&amp#27;[30m2025-04-16 08:52:27,603&amp#27;[0;39m &amp#27;[39mDEBUG&amp#27;[0;39m [&amp#27;[34mmain&amp#27;[0;39m] &amp#27;[33mo.h.q.i.QueryEngineImpl&amp#27;[0;39m: Boolean bool_and(BOOLEAN predicate)
&amp#27;[30m2025-04-16 08:52:27,603&amp#27;[0;39m &amp#27;[39mDEBUG&amp#27;[0;39m [&amp#27;[34mmain&amp#27;[0;39m] &amp#27;[33mo.h.q.i.QueryEngineImpl&amp#27;[0;39m: Boolean bool_or(BOOLEAN predicate)
&amp#27;[30m2025-04-16 08:52:27,603&amp#27;[0;39m &amp#27;[39mDEBUG&amp#27;[0;39m [&amp#27;[34mmain&amp#27;[0;39m] &amp#27;[33mo.h.q.i.QueryEngineImpl&amp#27;[0;39m: cast(arg as Type)
&amp#27;[30m2025-04-16 08:52:27,603&amp#27;[0;39m &amp#27;[39mDEBUG&amp#27;[0;39m [&amp#27;[34mmain&amp#27;[0;39m] &amp#27;[33mo.h.q.i.QueryEngineImpl&amp#27;[0;39m: ceiling(NUMERIC arg)
&amp#27;[30m2025-04-16 08:52:27,603&amp#27;[0;39m &amp#27;[39mDEBUG&amp#27;[0;39m [&amp#27;[34mmain&amp#27;[0;39m] &amp#27;[33mo.h.q.i.QueryEngineImpl&amp#27;[0;39m: Character char(INTEGER arg)
&amp#27;[30m2025-04-16 08:52:27,603&amp#27;[0;39m &amp#27;[39mDEBUG&amp#27;[0;39m [&amp#27;[34mmain&amp#27;[0;39m] &amp#27;[33mo.h.q.i.QueryEngineImpl&amp#27;[0;39m: Integer character_length(STRING_OR_CLOB arg)
&amp#27;[30m2025-04-16 08:52:27,603&amp#27;[0;39m &amp#27;[39mDEBUG&amp#27;[0;39m [&amp#27;[34mmain&amp#27;[0;39m] &amp#27;[33mo.h.q.i.QueryEngineImpl&amp#27;[0;39m: Character chr(INTEGER arg)
&amp#27;[30m2025-04-16 08:52:27,603&amp#27;[0;39m &amp#27;[39mDEBUG&amp#27;[0;39m [&amp#27;[34mmain&amp#27;[0;39m] &amp#27;[33mo.h.q.i.QueryEngineImpl&amp#27;[0;39m: coalesce(arg0[, arg1[, ...]])
&amp#27;[30m2025-04-16 08:52:27,603&amp#27;[0;39m &amp#27;[39mDEBUG&amp#27;[0;39m [&amp#27;[34mmain&amp#27;[0;39m] &amp#27;[33mo.h.q.i.QueryEngineImpl&amp#27;[0;39m: String collate(STRING string as COLLATION collation)
&amp#27;[30m2025-04-16 08:52:27,603&amp#27;[0;39m &amp#27;[39mDEBUG&amp#27;[0;39m [&amp#27;[34mmain&amp#27;[0;39m] &amp#27;[33mo.h.q.i.QueryEngineImpl&amp#27;[0;39m: String concat(STRING string0[, STRING string1[, ...]])
&amp#27;[30m2025-04-16 08:52:27,604&amp#27;[0;39m &amp#27;[39mDEBUG&amp#27;[0;39m [&amp#27;[34mmain&amp#27;[0;39m] &amp#27;[33mo.h.q.i.QueryEngineImpl&amp#27;[0;39m: Double cos(NUMERIC arg)
&amp#27;[30m2025-04-16 08:52:27,604&amp#27;[0;39m &amp#27;[39mDEBUG&amp#27;[0;39m [&amp#27;[34mmain&amp#27;[0;39m] &amp#27;[33mo.h.q.i.QueryEngineImpl&amp#27;[0;39m: Double cosh(NUMERIC arg)
&amp#27;[30m2025-04-16 08:52:27,604&amp#27;[0;39m &amp#27;[39mDEBUG&amp#27;[0;39m [&amp#27;[34mmain&amp#27;[0;39m] &amp#27;[33mo.h.q.i.QueryEngineImpl&amp#27;[0;39m: Double cot(NUMERIC arg)
&amp#27;[30m2025-04-16 08:52:27,604&amp#27;[0;39m &amp#27;[39mDEBUG&amp#27;[0;39m [&amp#27;[34mmain&amp#27;[0;39m] &amp#27;[33mo.h.q.i.QueryEngineImpl&amp#27;[0;39m: Long count([distinct ]{arg|*})
&amp#27;[30m2025-04-16 08:52:27,604&amp#27;[0;39m &amp#27;[39mDEBUG&amp#27;[0;39m [&amp#27;[34mmain&amp#27;[0;39m] &amp#27;[33mo.h.q.i.QueryEngineImpl&amp#27;[0;39m: Double cume_dist([arg0[, ...]])
&amp#27;[30m2025-04-16 08:52:27,604&amp#27;[0;39m &amp#27;[39mDEBUG&amp#27;[0;39m [&amp#27;[34mmain&amp#27;[0;39m] &amp#27;[33mo.h.q.i.QueryEngineImpl&amp#27;[0;39m: Date curdate()
&amp#27;[30m2025-04-16 08:52:27,604&amp#27;[0;39m &amp#27;[39mDEBUG&amp#27;[0;39m [&amp#27;[34mmain&amp#27;[0;39m] &amp#27;[33mo.h.q.i.QueryEngineImpl&amp#27;[0;39m: Date current date
&amp#27;[30m2025-04-16 08:52:27,604&amp#27;[0;39m &amp#27;[39mDEBUG&amp#27;[0;39m [&amp#27;[34mmain&amp#27;[0;39m] &amp#27;[33mo.h.q.i.QueryEngineImpl&amp#27;[0;39m: Time current time
&amp#27;[30m2025-04-16 08:52:27,604&amp#27;[0;39m &amp#27;[39mDEBUG&amp#27;[0;39m [&amp#27;[34mmain&amp#27;[0;39m] &amp#27;[33mo.h.q.i.QueryEngineImpl&amp#27;[0;39m: Timestamp current timestamp
&amp#27;[30m2025-04-16 08:52:27,604&amp#27;[0;39m &amp#27;[39mDEBUG&amp#27;[0;39m [&amp#27;[34mmain&amp#27;[0;39m] &amp#27;[33mo.h.q.i.QueryEngineImpl&amp#27;[0;39m: Date current_date
&amp#27;[30m2025-04-16 08:52:27,604&amp#27;[0;39m &amp#27;[39mDEBUG&amp#27;[0;39m [&amp#27;[34mmain&amp#27;[0;39m] &amp#27;[33mo.h.q.i.QueryEngineImpl&amp#27;[0;39m: Instant current_instant
&amp#27;[30m2025-04-16 08:52:27,604&amp#27;[0;39m &amp#27;[39mDEBUG&amp#27;[0;39m [&amp#27;[34mmain&amp#27;[0;39m] &amp#27;[33mo.h.q.i.QueryEngineImpl&amp#27;[0;39m: Time current_time
&amp#27;[30m2025-04-16 08:52:27,604&amp#27;[0;39m &amp#27;[39mDEBUG&amp#27;[0;39m [&amp#27;[34mmain&amp#27;[0;39m] &amp#27;[33mo.h.q.i.QueryEngineImpl&amp#27;[0;39m: Timestamp current_timestamp
&amp#27;[30m2025-04-16 08:52:27,604&amp#27;[0;39m &amp#27;[39mDEBUG&amp#27;[0;39m [&amp#27;[34mmain&amp#27;[0;39m] &amp#27;[33mo.h.q.i.QueryEngineImpl&amp#27;[0;39m: Time curtime()
&amp#27;[30m2025-04-16 08:52:27,604&amp#27;[0;39m &amp#27;[39mDEBUG&amp#27;[0;39m [&amp#27;[34mmain&amp#27;[0;39m] &amp#27;[33mo.h.q.i.QueryEngineImpl&amp#27;[0;39m: date_trunc(STRING field, TEMPORAL datetime)
&amp#27;[30m2025-04-16 08:52:27,604&amp#27;[0;39m &amp#27;[39mDEBUG&amp#27;[0;39m [&amp#27;[34mmain&amp#27;[0;39m] &amp#27;[33mo.h.q.i.QueryEngineImpl&amp#27;[0;39m: dateadd(TEMPORAL_UNIT field, INTEGER magnitude, TEMPORAL datetime)
&amp#27;[30m2025-04-16 08:52:27,604&amp#27;[0;39m &amp#27;[39mDEBUG&amp#27;[0;39m [&amp#27;[34mmain&amp#27;[0;39m] &amp#27;[33mo.h.q.i.QueryEngineImpl&amp#27;[0;39m: Long|Double datediff(TEMPORAL_UNIT field, TEMPORAL start, TEMPORAL end)
&amp#27;[30m2025-04-16 08:52:27,604&amp#27;[0;39m &amp#27;[39mDEBUG&amp#27;[0;39m [&amp#27;[34mmain&amp#27;[0;39m] &amp#27;[33mo.h.q.i.QueryEngineImpl&amp#27;[0;39m: Integer day(DATE arg)
&amp#27;[30m2025-04-16 08:52:27,605&amp#27;[0;39m &amp#27;[39mDEBUG&amp#27;[0;39m [&amp#27;[34mmain&amp#27;[0;39m] &amp#27;[33mo.h.q.i.QueryEngineImpl&amp#27;[0;39m: Integer day_of_month(DATE arg)
&amp#27;[30m2025-04-16 08:52:27,605&amp#27;[0;39m &amp#27;[39mDEBUG&amp#27;[0;39m [&amp#27;[34mmain&amp#27;[0;39m] &amp#27;[33mo.h.q.i.QueryEngineImpl&amp#27;[0;39m: Integer day_of_week(DATE arg)
&amp#27;[30m2025-04-16 08:52:27,605&amp#27;[0;39m &amp#27;[39mDEBUG&amp#27;[0;39m [&amp#27;[34mmain&amp#27;[0;39m] &amp#27;[33mo.h.q.i.QueryEngineImpl&amp#27;[0;39m: Integer day_of_year(DATE arg)
&amp#27;[30m2025-04-16 08:52:27,605&amp#27;[0;39m &amp#27;[39mDEBUG&amp#27;[0;39m [&amp#27;[34mmain&amp#27;[0;39m] &amp#27;[33mo.h.q.i.QueryEngineImpl&amp#27;[0;39m: String dayname(DATE arg)
&amp#27;[30m2025-04-16 08:52:27,605&amp#27;[0;39m &amp#27;[39mDEBUG&amp#27;[0;39m [&amp#27;[34mmain&amp#27;[0;39m] &amp#27;[33mo.h.q.i.QueryEngineImpl&amp#27;[0;39m: Double degrees(NUMERIC arg)
&amp#27;[30m2025-04-16 08:52:27,605&amp#27;[0;39m &amp#27;[39mDEBUG&amp#27;[0;39m [&amp#27;[34mmain&amp#27;[0;39m] &amp#27;[33mo.h.q.i.QueryEngineImpl&amp#27;[0;39m: Long dense_rank([arg0[, ...]])
&amp#27;[30m2025-04-16 08:52:27,605&amp#27;[0;39m &amp#27;[39mDEBUG&amp#27;[0;39m [&amp#27;[34mmain&amp#27;[0;39m] &amp#27;[33mo.h.q.i.QueryEngineImpl&amp#27;[0;39m: Boolean every(BOOLEAN predicate)
&amp#27;[30m2025-04-16 08:52:27,605&amp#27;[0;39m &amp#27;[39mDEBUG&amp#27;[0;39m [&amp#27;[34mmain&amp#27;[0;39m] &amp#27;[33mo.h.q.i.QueryEngineImpl&amp#27;[0;39m: Double exp(NUMERIC arg)
&amp#27;[30m2025-04-16 08:52:27,605&amp#27;[0;39m &amp#27;[39mDEBUG&amp#27;[0;39m [&amp#27;[34mmain&amp#27;[0;39m] &amp#27;[33mo.h.q.i.QueryEngineImpl&amp#27;[0;39m: extract(TEMPORAL_UNIT field from TEMPORAL arg)
&amp#27;[30m2025-04-16 08:52:27,605&amp#27;[0;39m &amp#27;[39mDEBUG&amp#27;[0;39m [&amp#27;[34mmain&amp#27;[0;39m] &amp#27;[33mo.h.q.i.QueryEngineImpl&amp#27;[0;39m: first_valueANY value
&amp#27;[30m2025-04-16 08:52:27,605&amp#27;[0;39m &amp#27;[39mDEBUG&amp#27;[0;39m [&amp#27;[34mmain&amp#27;[0;39m] &amp#27;[33mo.h.q.i.QueryEngineImpl&amp#27;[0;39m: floor(NUMERIC arg)
&amp#27;[30m2025-04-16 08:52:27,605&amp#27;[0;39m &amp#27;[39mDEBUG&amp#27;[0;39m [&amp#27;[34mmain&amp#27;[0;39m] &amp#27;[33mo.h.q.i.QueryEngineImpl&amp#27;[0;39m: String format(TEMPORAL datetime as STRING pattern)
&amp#27;[30m2025-04-16 08:52:27,605&amp#27;[0;39m &amp#27;[39mDEBUG&amp#27;[0;39m [&amp#27;[34mmain&amp#27;[0;39m] &amp#27;[33mo.h.q.i.QueryEngineImpl&amp#27;[0;39m: greatest(COMPARABLE arg0, COMPARABLE arg1[, arg2[, ...]])
&amp#27;[30m2025-04-16 08:52:27,605&amp#27;[0;39m &amp#27;[39mDEBUG&amp#27;[0;39m [&amp#27;[34mmain&amp#27;[0;39m] &amp#27;[33mo.h.q.i.QueryEngineImpl&amp#27;[0;39m: Integer hour(TIME arg)
&amp#27;[30m2025-04-16 08:52:27,605&amp#27;[0;39m &amp#27;[39mDEBUG&amp#27;[0;39m [&amp#27;[34mmain&amp#27;[0;39m] &amp#27;[33mo.h.q.i.QueryEngineImpl&amp#27;[0;39m: ifnull(arg0, arg1)
&amp#27;[30m2025-04-16 08:52:27,605&amp#27;[0;39m &amp#27;[39mDEBUG&amp#27;[0;39m [&amp#27;[34mmain&amp#27;[0;39m] &amp#27;[33mo.h.q.i.QueryEngineImpl&amp#27;[0;39m: String insert(STRING string, INTEGER start, INTEGER length, STRING replacement)
&amp#27;[30m2025-04-16 08:52:27,605&amp#27;[0;39m &amp#27;[39mDEBUG&amp#27;[0;39m [&amp#27;[34mmain&amp#27;[0;39m] &amp#27;[33mo.h.q.i.QueryEngineImpl&amp#27;[0;39m: Instant instant
&amp#27;[30m2025-04-16 08:52:27,605&amp#27;[0;39m &amp#27;[39mDEBUG&amp#27;[0;39m [&amp#27;[34mmain&amp#27;[0;39m] &amp#27;[33mo.h.q.i.QueryEngineImpl&amp#27;[0;39m: Integer instr(STRING string, STRING pattern[, INTEGER start[, INTEGER occurrence]])
&amp#27;[30m2025-04-16 08:52:27,605&amp#27;[0;39m &amp#27;[39mDEBUG&amp#27;[0;39m [&amp#27;[34mmain&amp#27;[0;39m] &amp#27;[33mo.h.q.i.QueryEngineImpl&amp#27;[0;39m: lagANY value[, INTEGER offset[, ANY default]]
&amp#27;[30m2025-04-16 08:52:27,606&amp#27;[0;39m &amp#27;[39mDEBUG&amp#27;[0;39m [&amp#27;[34mmain&amp#27;[0;39m] &amp#27;[33mo.h.q.i.QueryEngineImpl&amp#27;[0;39m: last_valueANY value
&amp#27;[30m2025-04-16 08:52:27,606&amp#27;[0;39m &amp#27;[39mDEBUG&amp#27;[0;39m [&amp#27;[34mmain&amp#27;[0;39m] &amp#27;[33mo.h.q.i.QueryEngineImpl&amp#27;[0;39m: leadANY value[, INTEGER offset[, ANY default]]
&amp#27;[30m2025-04-16 08:52:27,606&amp#27;[0;39m &amp#27;[39mDEBUG&amp#27;[0;39m [&amp#27;[34mmain&amp#27;[0;39m] &amp#27;[33mo.h.q.i.QueryEngineImpl&amp#27;[0;39m: least(COMPARABLE arg0, COMPARABLE arg1[, arg2[, ...]])
&amp#27;[30m2025-04-16 08:52:27,606&amp#27;[0;39m &amp#27;[39mDEBUG&amp#27;[0;39m [&amp#27;[34mmain&amp#27;[0;39m] &amp#27;[33mo.h.q.i.QueryEngineImpl&amp#27;[0;39m: String left(STRING string, INTEGER length)
&amp#27;[30m2025-04-16 08:52:27,606&amp#27;[0;39m &amp#27;[39mDEBUG&amp#27;[0;39m [&amp#27;[34mmain&amp#27;[0;39m] &amp#27;[33mo.h.q.i.QueryEngineImpl&amp#27;[0;39m: length
&amp#27;[30m2025-04-16 08:52:27,606&amp#27;[0;39m &amp#27;[39mDEBUG&amp#27;[0;39m [&amp#27;[34mmain&amp#27;[0;39m] &amp#27;[33mo.h.q.i.QueryEngineImpl&amp#27;[0;39m: String listagg(STRING arg0, STRING arg1)
&amp#27;[30m2025-04-16 08:52:27,606&amp#27;[0;39m &amp#27;[39mDEBUG&amp#27;[0;39m [&amp#27;[34mmain&amp#27;[0;39m] &amp#27;[33mo.h.q.i.QueryEngineImpl&amp#27;[0;39m: Double ln(NUMERIC arg)
&amp#27;[30m2025-04-16 08:52:27,606&amp#27;[0;39m &amp#27;[39mDEBUG&amp#27;[0;39m [&amp#27;[34mmain&amp#27;[0;39m] &amp#27;[33mo.h.q.i.QueryEngineImpl&amp#27;[0;39m: LocalDate local date
&amp#27;[30m2025-04-16 08:52:27,606&amp#27;[0;39m &amp#27;[39mDEBUG&amp#27;[0;39m [&amp#27;[34mmain&amp#27;[0;39m] &amp#27;[33mo.h.q.i.QueryEngineImpl&amp#27;[0;39m: LocalDateTime local datetime
&amp#27;[30m2025-04-16 08:52:27,606&amp#27;[0;39m &amp#27;[39mDEBUG&amp#27;[0;39m [&amp#27;[34mmain&amp#27;[0;39m] &amp#27;[33mo.h.q.i.QueryEngineImpl&amp#27;[0;39m: LocalTime local time
&amp#27;[30m2025-04-16 08:52:27,606&amp#27;[0;39m &amp#27;[39mDEBUG&amp#27;[0;39m [&amp#27;[34mmain&amp#27;[0;39m] &amp#27;[33mo.h.q.i.QueryEngineImpl&amp#27;[0;39m: LocalDate local_date
&amp#27;[30m2025-04-16 08:52:27,606&amp#27;[0;39m &amp#27;[39mDEBUG&amp#27;[0;39m [&amp#27;[34mmain&amp#27;[0;39m] &amp#27;[33mo.h.q.i.QueryEngineImpl&amp#27;[0;39m: LocalDateTime local_datetime
&amp#27;[30m2025-04-16 08:52:27,606&amp#27;[0;39m &amp#27;[39mDEBUG&amp#27;[0;39m [&amp#27;[34mmain&amp#27;[0;39m] &amp#27;[33mo.h.q.i.QueryEngineImpl&amp#27;[0;39m: LocalTime local_time
&amp#27;[30m2025-04-16 08:52:27,606&amp#27;[0;39m &amp#27;[39mDEBUG&amp#27;[0;39m [&amp#27;[34mmain&amp#27;[0;39m] &amp#27;[33mo.h.q.i.QueryEngineImpl&amp#27;[0;39m: Time localtime
&amp#27;[30m2025-04-16 08:52:27,606&amp#27;[0;39m &amp#27;[39mDEBUG&amp#27;[0;39m [&amp#27;[34mmain&amp#27;[0;39m] &amp#27;[33mo.h.q.i.QueryEngineImpl&amp#27;[0;39m: Timestamp localtimestamp
&amp#27;[30m2025-04-16 08:52:27,606&amp#27;[0;39m &amp#27;[39mDEBUG&amp#27;[0;39m [&amp#27;[34mmain&amp#27;[0;39m] &amp#27;[33mo.h.q.i.QueryEngineImpl&amp#27;[0;39m: Integer locate(STRING pattern, STRING string[, INTEGER start])
&amp#27;[30m2025-04-16 08:52:27,606&amp#27;[0;39m &amp#27;[39mDEBUG&amp#27;[0;39m [&amp#27;[34mmain&amp#27;[0;39m] &amp#27;[33mo.h.q.i.QueryEngineImpl&amp#27;[0;39m: Double log(NUMERIC base, NUMERIC arg)
&amp#27;[30m2025-04-16 08:52:27,606&amp#27;[0;39m &amp#27;[39mDEBUG&amp#27;[0;39m [&amp#27;[34mmain&amp#27;[0;39m] &amp#27;[33mo.h.q.i.QueryEngineImpl&amp#27;[0;39m: Double log10(NUMERIC arg)
&amp#27;[30m2025-04-16 08:52:27,606&amp#27;[0;39m &amp#27;[39mDEBUG&amp#27;[0;39m [&amp#27;[34mmain&amp#27;[0;39m] &amp#27;[33mo.h.q.i.QueryEngineImpl&amp#27;[0;39m: String lower(STRING string)
&amp#27;[30m2025-04-16 08:52:27,607&amp#27;[0;39m &amp#27;[39mDEBUG&amp#27;[0;39m [&amp#27;[34mmain&amp#27;[0;39m] &amp#27;[33mo.h.q.i.QueryEngineImpl&amp#27;[0;39m: String lpad(STRING string, INTEGER length[, STRING padding])
&amp#27;[30m2025-04-16 08:52:27,607&amp#27;[0;39m &amp#27;[39mDEBUG&amp#27;[0;39m [&amp#27;[34mmain&amp#27;[0;39m] &amp#27;[33mo.h.q.i.QueryEngineImpl&amp#27;[0;39m: String ltrim(STRING string)
&amp#27;[30m2025-04-16 08:52:27,607&amp#27;[0;39m &amp#27;[39mDEBUG&amp#27;[0;39m [&amp#27;[34mmain&amp#27;[0;39m] &amp#27;[33mo.h.q.i.QueryEngineImpl&amp#27;[0;39m: max(COMPARABLE arg)
&amp#27;[30m2025-04-16 08:52:27,607&amp#27;[0;39m &amp#27;[39mDEBUG&amp#27;[0;39m [&amp#27;[34mmain&amp#27;[0;39m] &amp#27;[33mo.h.q.i.QueryEngineImpl&amp#27;[0;39m: Double median(NUMERIC arg)
&amp#27;[30m2025-04-16 08:52:27,607&amp#27;[0;39m &amp#27;[39mDEBUG&amp#27;[0;39m [&amp#27;[34mmain&amp#27;[0;39m] &amp#27;[33mo.h.q.i.QueryEngineImpl&amp#27;[0;39m: Integer microsecond(TIME arg)
&amp#27;[30m2025-04-16 08:52:27,607&amp#27;[0;39m &amp#27;[39mDEBUG&amp#27;[0;39m [&amp#27;[34mmain&amp#27;[0;39m] &amp#27;[33mo.h.q.i.QueryEngineImpl&amp#27;[0;39m: min(COMPARABLE arg)
&amp#27;[30m2025-04-16 08:52:27,607&amp#27;[0;39m &amp#27;[39mDEBUG&amp#27;[0;39m [&amp#27;[34mmain&amp#27;[0;39m] &amp#27;[33mo.h.q.i.QueryEngineImpl&amp#27;[0;39m: Integer minute(TIME arg)
&amp#27;[30m2025-04-16 08:52:27,607&amp#27;[0;39m &amp#27;[39mDEBUG&amp#27;[0;39m [&amp#27;[34mmain&amp#27;[0;39m] &amp#27;[33mo.h.q.i.QueryEngineImpl&amp#27;[0;39m: Integer mod(INTEGER arg0, INTEGER arg1)
&amp#27;[30m2025-04-16 08:52:27,607&amp#27;[0;39m &amp#27;[39mDEBUG&amp#27;[0;39m [&amp#27;[34mmain&amp#27;[0;39m] &amp#27;[33mo.h.q.i.QueryEngineImpl&amp#27;[0;39m: mode()
&amp#27;[30m2025-04-16 08:52:27,607&amp#27;[0;39m &amp#27;[39mDEBUG&amp#27;[0;39m [&amp#27;[34mmain&amp#27;[0;39m] &amp#27;[33mo.h.q.i.QueryEngineImpl&amp#27;[0;39m: Integer month(DATE arg)
&amp#27;[30m2025-04-16 08:52:27,607&amp#27;[0;39m &amp#27;[39mDEBUG&amp#27;[0;39m [&amp#27;[34mmain&amp#27;[0;39m] &amp#27;[33mo.h.q.i.QueryEngineImpl&amp#27;[0;39m: String monthname(DATE arg)
&amp#27;[30m2025-04-16 08:52:27,607&amp#27;[0;39m &amp#27;[39mDEBUG&amp#27;[0;39m [&amp#27;[34mmain&amp#27;[0;39m] &amp#27;[33mo.h.q.i.QueryEngineImpl&amp#27;[0;39m: Timestamp now()
&amp#27;[30m2025-04-16 08:52:27,607&amp#27;[0;39m &amp#27;[39mDEBUG&amp#27;[0;39m [&amp#27;[34mmain&amp#27;[0;39m] &amp#27;[33mo.h.q.i.QueryEngineImpl&amp#27;[0;39m: nth_valueANY value, INTEGER nth
&amp#27;[30m2025-04-16 08:52:27,607&amp#27;[0;39m &amp#27;[39mDEBUG&amp#27;[0;39m [&amp#27;[34mmain&amp#27;[0;39m] &amp#27;[33mo.h.q.i.QueryEngineImpl&amp#27;[0;39m: nullif(arg0, arg1)
&amp#27;[30m2025-04-16 08:52:27,607&amp#27;[0;39m &amp#27;[39mDEBUG&amp#27;[0;39m [&amp#27;[34mmain&amp#27;[0;39m] &amp#27;[33mo.h.q.i.QueryEngineImpl&amp#27;[0;39m: Integer octet_length(STRING_OR_CLOB arg)
&amp#27;[30m2025-04-16 08:52:27,607&amp#27;[0;39m &amp#27;[39mDEBUG&amp#27;[0;39m [&amp#27;[34mmain&amp#27;[0;39m] &amp#27;[33mo.h.q.i.QueryEngineImpl&amp#27;[0;39m: OffsetDateTime offset datetime
&amp#27;[30m2025-04-16 08:52:27,607&amp#27;[0;39m &amp#27;[39mDEBUG&amp#27;[0;39m [&amp#27;[34mmain&amp#27;[0;39m] &amp#27;[33mo.h.q.i.QueryEngineImpl&amp#27;[0;39m: OffsetDateTime offset_datetime
&amp#27;[30m2025-04-16 08:52:27,607&amp#27;[0;39m &amp#27;[39mDEBUG&amp#27;[0;39m [&amp#27;[34mmain&amp#27;[0;39m] &amp#27;[33mo.h.q.i.QueryEngineImpl&amp#27;[0;39m: String overlay(STRING string placing STRING replacement from INTEGER start[ for INTEGER length])
&amp#27;[30m2025-04-16 08:52:27,607&amp#27;[0;39m &amp#27;[39mDEBUG&amp#27;[0;39m [&amp#27;[34mmain&amp#27;[0;39m] &amp#27;[33mo.h.q.i.QueryEngineImpl&amp#27;[0;39m: String pad(STRING string with INTEGER length {leading|trailing}[ STRING character])
&amp#27;[30m2025-04-16 08:52:27,607&amp#27;[0;39m &amp#27;[39mDEBUG&amp#27;[0;39m [&amp#27;[34mmain&amp#27;[0;39m] &amp#27;[33mo.h.q.i.QueryEngineImpl&amp#27;[0;39m: Double percent_rank([arg0[, ...]])
&amp#27;[30m2025-04-16 08:52:27,607&amp#27;[0;39m &amp#27;[39mDEBUG&amp#27;[0;39m [&amp#27;[34mmain&amp#27;[0;39m] &amp#27;[33mo.h.q.i.QueryEngineImpl&amp#27;[0;39m: percentile_cont(NUMERIC arg)
&amp#27;[30m2025-04-16 08:52:27,607&amp#27;[0;39m &amp#27;[39mDEBUG&amp#27;[0;39m [&amp#27;[34mmain&amp#27;[0;39m] &amp#27;[33mo.h.q.i.QueryEngineImpl&amp#27;[0;39m: percentile_disc(NUMERIC arg)
&amp#27;[30m2025-04-16 08:52:27,608&amp#27;[0;39m &amp#27;[39mDEBUG&amp#27;[0;39m [&amp#27;[34mmain&amp#27;[0;39m] &amp#27;[33mo.h.q.i.QueryEngineImpl&amp#27;[0;39m: Double pi
&amp#27;[30m2025-04-16 08:52:27,608&amp#27;[0;39m &amp#27;[39mDEBUG&amp#27;[0;39m [&amp#27;[34mmain&amp#27;[0;39m] &amp#27;[33mo.h.q.i.QueryEngineImpl&amp#27;[0;39m: Integer position(STRING pattern in STRING string)
&amp#27;[30m2025-04-16 08:52:27,608&amp#27;[0;39m &amp#27;[39mDEBUG&amp#27;[0;39m [&amp#27;[34mmain&amp#27;[0;39m] &amp#27;[33mo.h.q.i.QueryEngineImpl&amp#27;[0;39m: Double power(NUMERIC arg0, NUMERIC arg1)
&amp#27;[30m2025-04-16 08:52:27,608&amp#27;[0;39m &amp#27;[39mDEBUG&amp#27;[0;39m [&amp#27;[34mmain&amp#27;[0;39m] &amp#27;[33mo.h.q.i.QueryEngineImpl&amp#27;[0;39m: Integer quarter(DATE arg)
&amp#27;[30m2025-04-16 08:52:27,608&amp#27;[0;39m &amp#27;[39mDEBUG&amp#27;[0;39m [&amp#27;[34mmain&amp#27;[0;39m] &amp#27;[33mo.h.q.i.QueryEngineImpl&amp#27;[0;39m: Double radians(NUMERIC arg)
&amp#27;[30m2025-04-16 08:52:27,608&amp#27;[0;39m &amp#27;[39mDEBUG&amp#27;[0;39m [&amp#27;[34mmain&amp#27;[0;39m] &amp#27;[33mo.h.q.i.QueryEngineImpl&amp#27;[0;39m: Double rand([INTEGER seed])
&amp#27;[30m2025-04-16 08:52:27,608&amp#27;[0;39m &amp#27;[39mDEBUG&amp#27;[0;39m [&amp#27;[34mmain&amp#27;[0;39m] &amp#27;[33mo.h.q.i.QueryEngineImpl&amp#27;[0;39m: Long rank([arg0[, ...]])
&amp#27;[30m2025-04-16 08:52:27,608&amp#27;[0;39m &amp#27;[39mDEBUG&amp#27;[0;39m [&amp#27;[34mmain&amp#27;[0;39m] &amp#27;[33mo.h.q.i.QueryEngineImpl&amp#27;[0;39m: String repeat(STRING string, INTEGER times)
&amp#27;[30m2025-04-16 08:52:27,608&amp#27;[0;39m &amp#27;[39mDEBUG&amp#27;[0;39m [&amp#27;[34mmain&amp#27;[0;39m] &amp#27;[33mo.h.q.i.QueryEngineImpl&amp#27;[0;39m: String replace(STRING string, STRING pattern, STRING replacement)
&amp#27;[30m2025-04-16 08:52:27,608&amp#27;[0;39m &amp#27;[39mDEBUG&amp#27;[0;39m [&amp#27;[34mmain&amp#27;[0;39m] &amp#27;[33mo.h.q.i.QueryEngineImpl&amp#27;[0;39m: String right(STRING string, INTEGER length)
&amp#27;[30m2025-04-16 08:52:27,608&amp#27;[0;39m &amp#27;[39mDEBUG&amp#27;[0;39m [&amp#27;[34mmain&amp#27;[0;39m] &amp#27;[33mo.h.q.i.QueryEngineImpl&amp#27;[0;39m: round(NUMERIC number[, INTEGER places])
&amp#27;[30m2025-04-16 08:52:27,608&amp#27;[0;39m &amp#27;[39mDEBUG&amp#27;[0;39m [&amp#27;[34mmain&amp#27;[0;39m] &amp#27;[33mo.h.q.i.QueryEngineImpl&amp#27;[0;39m: Long row_number()
&amp#27;[30m2025-04-16 08:52:27,608&amp#27;[0;39m &amp#27;[39mDEBUG&amp#27;[0;39m [&amp#27;[34mmain&amp#27;[0;39m] &amp#27;[33mo.h.q.i.QueryEngineImpl&amp#27;[0;39m: Long rownum()
&amp#27;[30m2025-04-16 08:52:27,608&amp#27;[0;39m &amp#27;[39mDEBUG&amp#27;[0;39m [&amp#27;[34mmain&amp#27;[0;39m] &amp#27;[33mo.h.q.i.QueryEngineImpl&amp#27;[0;39m: String rpad(STRING string, INTEGER length[, STRING padding])
&amp#27;[30m2025-04-16 08:52:27,608&amp#27;[0;39m &amp#27;[39mDEBUG&amp#27;[0;39m [&amp#27;[34mmain&amp#27;[0;39m] &amp#27;[33mo.h.q.i.QueryEngineImpl&amp#27;[0;39m: String rtrim(STRING string)
&amp#27;[30m2025-04-16 08:52:27,608&amp#27;[0;39m &amp#27;[39mDEBUG&amp#27;[0;39m [&amp#27;[34mmain&amp#27;[0;39m] &amp#27;[33mo.h.q.i.QueryEngineImpl&amp#27;[0;39m: Integer second(TIME arg)
&amp#27;[30m2025-04-16 08:52:27,608&amp#27;[0;39m &amp#27;[39mDEBUG&amp#27;[0;39m [&amp#27;[34mmain&amp#27;[0;39m] &amp#27;[33mo.h.q.i.QueryEngineImpl&amp#27;[0;39m: Integer sign(NUMERIC arg)
&amp#27;[30m2025-04-16 08:52:27,608&amp#27;[0;39m &amp#27;[39mDEBUG&amp#27;[0;39m [&amp#27;[34mmain&amp#27;[0;39m] &amp#27;[33mo.h.q.i.QueryEngineImpl&amp#27;[0;39m: Double sin(NUMERIC arg)
&amp#27;[30m2025-04-16 08:52:27,608&amp#27;[0;39m &amp#27;[39mDEBUG&amp#27;[0;39m [&amp#27;[34mmain&amp#27;[0;39m] &amp#27;[33mo.h.q.i.QueryEngineImpl&amp#27;[0;39m: Double sinh(NUMERIC arg)
&amp#27;[30m2025-04-16 08:52:27,608&amp#27;[0;39m &amp#27;[39mDEBUG&amp#27;[0;39m [&amp#27;[34mmain&amp#27;[0;39m] &amp#27;[33mo.h.q.i.QueryEngineImpl&amp#27;[0;39m: String soundex(arg)
&amp#27;[30m2025-04-16 08:52:27,608&amp#27;[0;39m &amp#27;[39mDEBUG&amp#27;[0;39m [&amp#27;[34mmain&amp#27;[0;39m] &amp#27;[33mo.h.q.i.QueryEngineImpl&amp#27;[0;39m: String space(INTEGER arg)
&amp#27;[30m2025-04-16 08:52:27,609&amp#27;[0;39m &amp#27;[39mDEBUG&amp#27;[0;39m [&amp#27;[34mmain&amp#27;[0;39m] &amp#27;[33mo.h.q.i.QueryEngineImpl&amp#27;[0;39m: Object sql
&amp#27;[30m2025-04-16 08:52:27,609&amp#27;[0;39m &amp#27;[39mDEBUG&amp#27;[0;39m [&amp#27;[34mmain&amp#27;[0;39m] &amp#27;[33mo.h.q.i.QueryEngineImpl&amp#27;[0;39m: Double sqrt(NUMERIC arg)
&amp#27;[30m2025-04-16 08:52:27,609&amp#27;[0;39m &amp#27;[39mDEBUG&amp#27;[0;39m [&amp#27;[34mmain&amp#27;[0;39m] &amp#27;[33mo.h.q.i.QueryEngineImpl&amp#27;[0;39m: Double stddev_pop(NUMERIC arg)
&amp#27;[30m2025-04-16 08:52:27,609&amp#27;[0;39m &amp#27;[39mDEBUG&amp#27;[0;39m [&amp#27;[34mmain&amp#27;[0;39m] &amp#27;[33mo.h.q.i.QueryEngineImpl&amp#27;[0;39m: Double stddev_samp(NUMERIC arg)
&amp#27;[30m2025-04-16 08:52:27,609&amp#27;[0;39m &amp#27;[39mDEBUG&amp#27;[0;39m [&amp#27;[34mmain&amp#27;[0;39m] &amp#27;[33mo.h.q.i.QueryEngineImpl&amp#27;[0;39m: String str(arg)
&amp#27;[30m2025-04-16 08:52:27,609&amp#27;[0;39m &amp#27;[39mDEBUG&amp#27;[0;39m [&amp#27;[34mmain&amp#27;[0;39m] &amp#27;[33mo.h.q.i.QueryEngineImpl&amp#27;[0;39m: String substr(STRING string, INTEGER start[, INTEGER length])
&amp#27;[30m2025-04-16 08:52:27,609&amp#27;[0;39m &amp#27;[39mDEBUG&amp#27;[0;39m [&amp#27;[34mmain&amp#27;[0;39m] &amp#27;[33mo.h.q.i.QueryEngineImpl&amp#27;[0;39m: String substring(STRING string{ from|,} INTEGER start[{ for|,} INTEGER length])
&amp#27;[30m2025-04-16 08:52:27,609&amp#27;[0;39m &amp#27;[39mDEBUG&amp#27;[0;39m [&amp#27;[34mmain&amp#27;[0;39m] &amp#27;[33mo.h.q.i.QueryEngineImpl&amp#27;[0;39m: sum(arg)
&amp#27;[30m2025-04-16 08:52:27,609&amp#27;[0;39m &amp#27;[39mDEBUG&amp#27;[0;39m [&amp#27;[34mmain&amp#27;[0;39m] &amp#27;[33mo.h.q.i.QueryEngineImpl&amp#27;[0;39m: Timestamp sysdate
&amp#27;[30m2025-04-16 08:52:27,609&amp#27;[0;39m &amp#27;[39mDEBUG&amp#27;[0;39m [&amp#27;[34mmain&amp#27;[0;39m] &amp#27;[33mo.h.q.i.QueryEngineImpl&amp#27;[0;39m: Double tan(NUMERIC arg)
&amp#27;[30m2025-04-16 08:52:27,609&amp#27;[0;39m &amp#27;[39mDEBUG&amp#27;[0;39m [&amp#27;[34mmain&amp#27;[0;39m] &amp#27;[33mo.h.q.i.QueryEngineImpl&amp#27;[0;39m: Double tanh(NUMERIC arg)
&amp#27;[30m2025-04-16 08:52:27,609&amp#27;[0;39m &amp#27;[39mDEBUG&amp#27;[0;39m [&amp#27;[34mmain&amp#27;[0;39m] &amp#27;[33mo.h.q.i.QueryEngineImpl&amp#27;[0;39m: timestampadd(TEMPORAL_UNIT field, INTEGER magnitude, TEMPORAL datetime)
&amp#27;[30m2025-04-16 08:52:27,609&amp#27;[0;39m &amp#27;[39mDEBUG&amp#27;[0;39m [&amp#27;[34mmain&amp#27;[0;39m] &amp#27;[33mo.h.q.i.QueryEngineImpl&amp#27;[0;39m: Long|Double timestampdiff(TEMPORAL_UNIT field, TEMPORAL start, TEMPORAL end)
&amp#27;[30m2025-04-16 08:52:27,609&amp#27;[0;39m &amp#27;[39mDEBUG&amp#27;[0;39m [&amp#27;[34mmain&amp#27;[0;39m] &amp#27;[33mo.h.q.i.QueryEngineImpl&amp#27;[0;39m: String translate(STRING arg0, STRING arg1, STRING arg2)
&amp#27;[30m2025-04-16 08:52:27,609&amp#27;[0;39m &amp#27;[39mDEBUG&amp#27;[0;39m [&amp#27;[34mmain&amp#27;[0;39m] &amp#27;[33mo.h.q.i.QueryEngineImpl&amp#27;[0;39m: String trim([[{leading|trailing|both} ][STRING arg0 ]from] STRING arg1)
&amp#27;[30m2025-04-16 08:52:27,609&amp#27;[0;39m &amp#27;[39mDEBUG&amp#27;[0;39m [&amp#27;[34mmain&amp#27;[0;39m] &amp#27;[33mo.h.q.i.QueryEngineImpl&amp#27;[0;39m: trunc( ... )
&amp#27;[30m2025-04-16 08:52:27,609&amp#27;[0;39m &amp#27;[39mDEBUG&amp#27;[0;39m [&amp#27;[34mmain&amp#27;[0;39m] &amp#27;[33mo.h.q.i.QueryEngineImpl&amp#27;[0;39m: truncate( ... )
&amp#27;[30m2025-04-16 08:52:27,609&amp#27;[0;39m &amp#27;[39mDEBUG&amp#27;[0;39m [&amp#27;[34mmain&amp#27;[0;39m] &amp#27;[33mo.h.q.i.QueryEngineImpl&amp#27;[0;39m: String upper(STRING string)
&amp#27;[30m2025-04-16 08:52:27,609&amp#27;[0;39m &amp#27;[39mDEBUG&amp#27;[0;39m [&amp#27;[34mmain&amp#27;[0;39m] &amp#27;[33mo.h.q.i.QueryEngineImpl&amp#27;[0;39m: Double var_pop(NUMERIC arg)
&amp#27;[30m2025-04-16 08:52:27,609&amp#27;[0;39m &amp#27;[39mDEBUG&amp#27;[0;39m [&amp#27;[34mmain&amp#27;[0;39m] &amp#27;[33mo.h.q.i.QueryEngineImpl&amp#27;[0;39m: Double var_samp(NUMERIC arg)
&amp#27;[30m2025-04-16 08:52:27,610&amp#27;[0;39m &amp#27;[39mDEBUG&amp#27;[0;39m [&amp#27;[34mmain&amp#27;[0;39m] &amp#27;[33mo.h.q.i.QueryEngineImpl&amp#27;[0;39m: Integer week(DATE arg)
&amp#27;[30m2025-04-16 08:52:27,610&amp#27;[0;39m &amp#27;[39mDEBUG&amp#27;[0;39m [&amp#27;[34mmain&amp#27;[0;39m] &amp#27;[33mo.h.q.i.QueryEngineImpl&amp#27;[0;39m: Integer year(DATE arg)
&amp#27;[30m2025-04-16 08:52:27,610&amp#27;[0;39m &amp#27;[39mDEBUG&amp#27;[0;39m [&amp#27;[34mmain&amp#27;[0;39m] &amp#27;[33mo.h.q.i.QueryInterpretationCacheStandardImpl&amp#27;[0;39m: Starting QueryInterpretationCache(2048)
&amp#27;[30m2025-04-16 08:52:27,610&amp#27;[0;39m &amp#27;[39mDEBUG&amp#27;[0;39m [&amp#27;[34mmain&amp#27;[0;39m] &amp#27;[33mo.h.s.i.SessionFactoryServiceRegistryImpl&amp#27;[0;39m: EventListenerRegistry access via ServiceRegistry is deprecated.  Use `sessionFactory.getEventEngine().getListenerRegistry()` instead
&amp#27;[30m2025-04-16 08:52:27,610&amp#27;[0;39m &amp#27;[39mDEBUG&amp#27;[0;39m [&amp#27;[34mmain&amp#27;[0;39m] &amp#27;[33mo.h.e.i.EntityCopyObserverFactoryInitiator&amp#27;[0;39m: Configured EntityCopyObserver strategy: disallow
&amp#27;[30m2025-04-16 08:52:27,611&amp#27;[0;39m &amp#27;[39mDEBUG&amp#27;[0;39m [&amp#27;[34mmain&amp#27;[0;39m] &amp#27;[33mo.h.b.i.ClassLoaderAccessImpl&amp#27;[0;39m: Not known whether passed class name [in.rgukt.r081247.universityapi.entity.Course] is safe
&amp#27;[30m2025-04-16 08:52:27,611&amp#27;[0;39m &amp#27;[39mDEBUG&amp#27;[0;39m [&amp#27;[34mmain&amp#27;[0;39m] &amp#27;[33mo.h.b.i.ClassLoaderAccessImpl&amp#27;[0;39m: No temp ClassLoader provided; using live ClassLoader for loading potentially unsafe class : in.rgukt.r081247.universityapi.entity.Course
&amp#27;[30m2025-04-16 08:52:27,619&amp#27;[0;39m &amp#27;[39mDEBUG&amp#27;[0;39m [&amp#27;[34mmain&amp#27;[0;39m] &amp#27;[33mo.h.b.i.b.BytecodeProviderImpl&amp#27;[0;39m: HHH000513: Unable to create the ReflectionOptimizer for [in.rgukt.r081247.universityapi.entity.Course]: private accessor [department]
&amp#27;[30m2025-04-16 08:52:27,620&amp#27;[0;39m &amp#27;[39mDEBUG&amp#27;[0;39m [&amp#27;[34mmain&amp#27;[0;39m] &amp#27;[33mo.h.b.i.ClassLoaderAccessImpl&amp#27;[0;39m: Not known whether passed class name [in.rgukt.r081247.universityapi.entity.Department] is safe
&amp#27;[30m2025-04-16 08:52:27,620&amp#27;[0;39m &amp#27;[39mDEBUG&amp#27;[0;39m [&amp#27;[34mmain&amp#27;[0;39m] &amp#27;[33mo.h.b.i.ClassLoaderAccessImpl&amp#27;[0;39m: No temp ClassLoader provided; using live ClassLoader for loading potentially unsafe class : in.rgukt.r081247.universityapi.entity.Department
&amp#27;[30m2025-04-16 08:52:27,628&amp#27;[0;39m &amp#27;[39mDEBUG&amp#27;[0;39m [&amp#27;[34mmain&amp#27;[0;39m] &amp#27;[33mo.h.b.i.b.BytecodeProviderImpl&amp#27;[0;39m: HHH000513: Unable to create the ReflectionOptimizer for [in.rgukt.r081247.universityapi.entity.Department]: private accessor [courses]
&amp#27;[30m2025-04-16 08:52:27,629&amp#27;[0;39m &amp#27;[39mDEBUG&amp#27;[0;39m [&amp#27;[34mmain&amp#27;[0;39m] &amp#27;[33mo.h.b.i.ClassLoaderAccessImpl&amp#27;[0;39m: Not known whether passed class name [in.rgukt.r081247.universityapi.entity.Student] is safe
&amp#27;[30m2025-04-16 08:52:27,629&amp#27;[0;39m &amp#27;[39mDEBUG&amp#27;[0;39m [&amp#27;[34mmain&amp#27;[0;39m] &amp#27;[33mo.h.b.i.ClassLoaderAccessImpl&amp#27;[0;39m: No temp ClassLoader provided; using live ClassLoader for loading potentially unsafe class : in.rgukt.r081247.universityapi.entity.Student
&amp#27;[30m2025-04-16 08:52:27,638&amp#27;[0;39m &amp#27;[39mDEBUG&amp#27;[0;39m [&amp#27;[34mmain&amp#27;[0;39m] &amp#27;[33mo.h.b.i.b.BytecodeProviderImpl&amp#27;[0;39m: HHH000513: Unable to create the ReflectionOptimizer for [in.rgukt.r081247.universityapi.entity.Student]: private accessor [courses]
&amp#27;[30m2025-04-16 08:52:27,639&amp#27;[0;39m &amp#27;[39mDEBUG&amp#27;[0;39m [&amp#27;[34mmain&amp#27;[0;39m] &amp#27;[33mo.h.p.c.BasicCollectionPersister&amp#27;[0;39m: Skipping collection row updates - in.rgukt.r081247.universityapi.entity.Student.courses
&amp#27;[30m2025-04-16 08:52:27,640&amp#27;[0;39m &amp#27;[39mDEBUG&amp#27;[0;39m [&amp#27;[34mmain&amp#27;[0;39m] &amp#27;[33mo.h.p.c.OneToManyPersister&amp#27;[0;39m: Skipping collection (re)creation - in.rgukt.r081247.universityapi.entity.Department.courses
&amp#27;[30m2025-04-16 08:52:27,640&amp#27;[0;39m &amp#27;[39mDEBUG&amp#27;[0;39m [&amp#27;[34mmain&amp#27;[0;39m] &amp#27;[33mo.h.p.c.OneToManyPersister&amp#27;[0;39m: Skipping collection row deletions - in.rgukt.r081247.universityapi.entity.Department.courses
&amp#27;[30m2025-04-16 08:52:27,640&amp#27;[0;39m &amp#27;[39mDEBUG&amp#27;[0;39m [&amp#27;[34mmain&amp#27;[0;39m] &amp#27;[33mo.h.p.c.OneToManyPersister&amp#27;[0;39m: Skipping collection removals - in.rgukt.r081247.universityapi.entity.Department.courses
&amp#27;[30m2025-04-16 08:52:27,640&amp#27;[0;39m &amp#27;[39mDEBUG&amp#27;[0;39m [&amp#27;[34mmain&amp#27;[0;39m] &amp#27;[33mo.h.p.c.BasicCollectionPersister&amp#27;[0;39m: Skipping collection inserts - in.rgukt.r081247.universityapi.entity.Course.students
&amp#27;[30m2025-04-16 08:52:27,640&amp#27;[0;39m &amp#27;[39mDEBUG&amp#27;[0;39m [&amp#27;[34mmain&amp#27;[0;39m] &amp#27;[33mo.h.p.c.BasicCollectionPersister&amp#27;[0;39m: Skipping collection row updates - in.rgukt.r081247.universityapi.entity.Course.students
&amp#27;[30m2025-04-16 08:52:27,640&amp#27;[0;39m &amp#27;[39mDEBUG&amp#27;[0;39m [&amp#27;[34mmain&amp#27;[0;39m] &amp#27;[33mo.h.p.c.BasicCollectionPersister&amp#27;[0;39m: Skipping collection row deletions - in.rgukt.r081247.universityapi.entity.Course.students
&amp#27;[30m2025-04-16 08:52:27,640&amp#27;[0;39m &amp#27;[39mDEBUG&amp#27;[0;39m [&amp#27;[34mmain&amp#27;[0;39m] &amp#27;[33mo.h.p.c.BasicCollectionPersister&amp#27;[0;39m: Skipping collection removals - in.rgukt.r081247.universityapi.entity.Course.students
&amp#27;[30m2025-04-16 08:52:27,642&amp#27;[0;39m &amp#27;[39mDEBUG&amp#27;[0;39m [&amp#27;[34mmain&amp#27;[0;39m] &amp#27;[33mo.h.m.m.i.MappingModelCreationProcess&amp#27;[0;39m: Starting post-init callbacks
&amp#27;[30m2025-04-16 08:52:27,642&amp#27;[0;39m &amp#27;[39mDEBUG&amp#27;[0;39m [&amp#27;[34mmain&amp#27;[0;39m] &amp#27;[33mo.h.m.m.i.MappingModelCreationProcess$PostInitCallbackEntry&amp#27;[0;39m: Starting PostInitCallbackEntry : To-one key - NavigableRole[in.rgukt.r081247.universityapi.entity.Course.department]
&amp#27;[30m2025-04-16 08:52:27,642&amp#27;[0;39m &amp#27;[39mDEBUG&amp#27;[0;39m [&amp#27;[34mmain&amp#27;[0;39m] &amp#27;[33mo.h.m.m.i.MappingModelCreationProcess$PostInitCallbackEntry&amp#27;[0;39m: Starting PostInitCallbackEntry : PluralAttributeMapping( NavigableRole[in.rgukt.r081247.universityapi.entity.Course.students#{element}]) - element descriptor
&amp#27;[30m2025-04-16 08:52:27,642&amp#27;[0;39m &amp#27;[39mDEBUG&amp#27;[0;39m [&amp#27;[34mmain&amp#27;[0;39m] &amp#27;[33mo.h.m.m.i.MappingModelCreationProcess$PostInitCallbackEntry&amp#27;[0;39m: Starting PostInitCallbackEntry : PluralAttributeMapping(in.rgukt.r081247.universityapi.entity.Course.students)#finishInitialization
&amp#27;[30m2025-04-16 08:52:27,642&amp#27;[0;39m &amp#27;[39mDEBUG&amp#27;[0;39m [&amp#27;[34mmain&amp#27;[0;39m] &amp#27;[33mo.h.m.m.i.MappingModelCreationProcess$PostInitCallbackEntry&amp#27;[0;39m: Starting PostInitCallbackEntry : PluralAttributeMapping(in.rgukt.r081247.universityapi.entity.Course.students) - key descriptor
&amp#27;[30m2025-04-16 08:52:27,643&amp#27;[0;39m &amp#27;[39mDEBUG&amp#27;[0;39m [&amp#27;[34mmain&amp#27;[0;39m] &amp#27;[33mo.h.m.m.i.MappingModelCreationProcess$PostInitCallbackEntry&amp#27;[0;39m: Starting PostInitCallbackEntry : Entity(in.rgukt.r081247.universityapi.entity.Course) `staticFetchableList` generator
&amp#27;[30m2025-04-16 08:52:27,643&amp#27;[0;39m &amp#27;[39mDEBUG&amp#27;[0;39m [&amp#27;[34mmain&amp#27;[0;39m] &amp#27;[33mo.h.m.m.i.MappingModelCreationProcess$PostInitCallbackEntry&amp#27;[0;39m: Starting PostInitCallbackEntry : PluralAttributeMapping( NavigableRole[in.rgukt.r081247.universityapi.entity.Department.courses#{element}]) - element descriptor
&amp#27;[30m2025-04-16 08:52:27,643&amp#27;[0;39m &amp#27;[39mDEBUG&amp#27;[0;39m [&amp#27;[34mmain&amp#27;[0;39m] &amp#27;[33mo.h.m.m.i.MappingModelCreationProcess$PostInitCallbackEntry&amp#27;[0;39m: Starting PostInitCallbackEntry : PluralAttributeMapping(in.rgukt.r081247.universityapi.entity.Department.courses)#finishInitialization
&amp#27;[30m2025-04-16 08:52:27,643&amp#27;[0;39m &amp#27;[39mDEBUG&amp#27;[0;39m [&amp#27;[34mmain&amp#27;[0;39m] &amp#27;[33mo.h.m.m.i.MappingModelCreationProcess$PostInitCallbackEntry&amp#27;[0;39m: Starting PostInitCallbackEntry : PluralAttributeMapping(in.rgukt.r081247.universityapi.entity.Department.courses) - key descriptor
&amp#27;[30m2025-04-16 08:52:27,643&amp#27;[0;39m &amp#27;[39mDEBUG&amp#27;[0;39m [&amp#27;[34mmain&amp#27;[0;39m] &amp#27;[33mo.h.m.m.i.MappingModelCreationProcess$PostInitCallbackEntry&amp#27;[0;39m: Starting PostInitCallbackEntry : Entity(in.rgukt.r081247.universityapi.entity.Department) `staticFetchableList` generator
&amp#27;[30m2025-04-16 08:52:27,643&amp#27;[0;39m &amp#27;[39mDEBUG&amp#27;[0;39m [&amp#27;[34mmain&amp#27;[0;39m] &amp#27;[33mo.h.m.m.i.MappingModelCreationProcess$PostInitCallbackEntry&amp#27;[0;39m: Starting PostInitCallbackEntry : PluralAttributeMapping( NavigableRole[in.rgukt.r081247.universityapi.entity.Student.courses#{element}]) - element descriptor
&amp#27;[30m2025-04-16 08:52:27,643&amp#27;[0;39m &amp#27;[39mDEBUG&amp#27;[0;39m [&amp#27;[34mmain&amp#27;[0;39m] &amp#27;[33mo.h.m.m.i.MappingModelCreationProcess$PostInitCallbackEntry&amp#27;[0;39m: Starting PostInitCallbackEntry : PluralAttributeMapping(in.rgukt.r081247.universityapi.entity.Student.courses)#finishInitialization
&amp#27;[30m2025-04-16 08:52:27,643&amp#27;[0;39m &amp#27;[39mDEBUG&amp#27;[0;39m [&amp#27;[34mmain&amp#27;[0;39m] &amp#27;[33mo.h.m.m.i.MappingModelCreationProcess$PostInitCallbackEntry&amp#27;[0;39m: Starting PostInitCallbackEntry : PluralAttributeMapping(in.rgukt.r081247.universityapi.entity.Student.courses) - key descriptor
&amp#27;[30m2025-04-16 08:52:27,643&amp#27;[0;39m &amp#27;[39mDEBUG&amp#27;[0;39m [&amp#27;[34mmain&amp#27;[0;39m] &amp#27;[33mo.h.m.m.i.MappingModelCreationProcess$PostInitCallbackEntry&amp#27;[0;39m: Starting PostInitCallbackEntry : Entity(in.rgukt.r081247.universityapi.entity.Student) `staticFetchableList` generator
&amp#27;[30m2025-04-16 08:52:27,643&amp#27;[0;39m &amp#27;[39mDEBUG&amp#27;[0;39m [&amp#27;[34mmain&amp#27;[0;39m] &amp#27;[33mo.h.m.m.i.MappingModelCreationProcess$PostInitCallbackEntry&amp#27;[0;39m: Starting PostInitCallbackEntry : PluralAttributeMapping( NavigableRole[in.rgukt.r081247.universityapi.entity.Course.students#{element}]) - element descriptor
&amp#27;[30m2025-04-16 08:52:27,643&amp#27;[0;39m &amp#27;[39mDEBUG&amp#27;[0;39m [&amp#27;[34mmain&amp#27;[0;39m] &amp#27;[33mo.h.m.m.i.MappingModelCreationProcess$PostInitCallbackEntry&amp#27;[0;39m: Starting PostInitCallbackEntry : PluralAttributeMapping( NavigableRole[in.rgukt.r081247.universityapi.entity.Department.courses#{element}]) - element descriptor
&amp#27;[30m2025-04-16 08:52:27,645&amp#27;[0;39m &amp#27;[39mDEBUG&amp#27;[0;39m [&amp#27;[34mmain&amp#27;[0;39m] &amp#27;[33mo.h.s.a.s.SqlAliasBaseImpl&amp#27;[0;39m: Created new SQL alias : c1_0
&amp#27;[30m2025-04-16 08:52:27,646&amp#27;[0;39m &amp#27;[39mDEBUG&amp#27;[0;39m [&amp#27;[34mmain&amp#27;[0;39m] &amp#27;[33mo.h.s.a.s.SimpleFromClauseAccessImpl&amp#27;[0;39m: Registration of TableGroup [StandardTableGroup(in.rgukt.r081247.universityapi.entity.Course)] with identifierForTableGroup [in.rgukt.r081247.universityapi.entity.Course] for NavigablePath [in.rgukt.r081247.universityapi.entity.Course] 
&amp#27;[30m2025-04-16 08:52:27,646&amp#27;[0;39m &amp#27;[39mDEBUG&amp#27;[0;39m [&amp#27;[34mmain&amp#27;[0;39m] &amp#27;[33mo.h.s.a.s.SimpleFromClauseAccessImpl&amp#27;[0;39m: Registration of TableGroup [org.hibernate.sql.ast.tree.from.LazyTableGroup@776e4088] with identifierForTableGroup [in.rgukt.r081247.universityapi.entity.Course.department] for NavigablePath [in.rgukt.r081247.universityapi.entity.Course.department] 
&amp#27;[30m2025-04-16 08:52:27,646&amp#27;[0;39m &amp#27;[39mDEBUG&amp#27;[0;39m [&amp#27;[34mmain&amp#27;[0;39m] &amp#27;[33mo.h.s.r.g.DomainResultGraphPrinter&amp#27;[0;39m: DomainResult Graph:
 \-EntityResultImpl [in.rgukt.r081247.universityapi.entity.Course]
 |  +-EntityDelayedFetchImpl [in.rgukt.r081247.universityapi.entity.Course.department]
 |  +-BasicFetch [in.rgukt.r081247.universityapi.entity.Course.name]
 |  \-DelayedCollectionFetch [in.rgukt.r081247.universityapi.entity.Course.students]

&amp#27;[30m2025-04-16 08:52:27,646&amp#27;[0;39m &amp#27;[39mDEBUG&amp#27;[0;39m [&amp#27;[34mmain&amp#27;[0;39m] &amp#27;[33mo.h.s.a.SqlTreePrinter&amp#27;[0;39m: SQL AST Tree:
    SelectStatement {
      FromClause {
        StandardTableGroup (c1 : in.rgukt.r081247.universityapi.entity.Course) {
          primaryTableReference : course as c1_0
          TableGroupJoins {
            left  join LazyTableGroup (d1 : in.rgukt.r081247.universityapi.entity.Course.department) {
            }
          }
        }
      }
    }

&amp#27;[30m2025-04-16 08:52:27,647&amp#27;[0;39m &amp#27;[39mDEBUG&amp#27;[0;39m [&amp#27;[34mmain&amp#27;[0;39m] &amp#27;[33mo.h.p.e.AbstractEntityPersister&amp#27;[0;39m: Static SQL for entity: in.rgukt.r081247.universityapi.entity.Course
&amp#27;[30m2025-04-16 08:52:27,647&amp#27;[0;39m &amp#27;[39mDEBUG&amp#27;[0;39m [&amp#27;[34mmain&amp#27;[0;39m] &amp#27;[33mo.h.p.e.AbstractEntityPersister&amp#27;[0;39m:  Version select: select id from course where id=?
&amp#27;[30m2025-04-16 08:52:27,647&amp#27;[0;39m &amp#27;[39mDEBUG&amp#27;[0;39m [&amp#27;[34mmain&amp#27;[0;39m] &amp#27;[33mo.j.l.DelegatingBasicLogger&amp#27;[0;39m:  Insert (0): insert into course (department_id,name,id) values (?,?,default)
&amp#27;[30m2025-04-16 08:52:27,647&amp#27;[0;39m &amp#27;[39mDEBUG&amp#27;[0;39m [&amp#27;[34mmain&amp#27;[0;39m] &amp#27;[33mo.j.l.DelegatingBasicLogger&amp#27;[0;39m:  Update (0): update course set department_id=?,name=? where id=?
&amp#27;[30m2025-04-16 08:52:27,647&amp#27;[0;39m &amp#27;[39mDEBUG&amp#27;[0;39m [&amp#27;[34mmain&amp#27;[0;39m] &amp#27;[33mo.j.l.DelegatingBasicLogger&amp#27;[0;39m:  Delete (0): delete from course where id=?
&amp#27;[30m2025-04-16 08:52:27,647&amp#27;[0;39m &amp#27;[39mDEBUG&amp#27;[0;39m [&amp#27;[34mmain&amp#27;[0;39m] &amp#27;[33mo.h.s.a.s.SqlAliasBaseImpl&amp#27;[0;39m: Created new SQL alias : d1_0
&amp#27;[30m2025-04-16 08:52:27,647&amp#27;[0;39m &amp#27;[39mDEBUG&amp#27;[0;39m [&amp#27;[34mmain&amp#27;[0;39m] &amp#27;[33mo.h.s.a.s.SimpleFromClauseAccessImpl&amp#27;[0;39m: Registration of TableGroup [StandardTableGroup(in.rgukt.r081247.universityapi.entity.Department)] with identifierForTableGroup [in.rgukt.r081247.universityapi.entity.Department] for NavigablePath [in.rgukt.r081247.universityapi.entity.Department] 
&amp#27;[30m2025-04-16 08:52:27,647&amp#27;[0;39m &amp#27;[39mDEBUG&amp#27;[0;39m [&amp#27;[34mmain&amp#27;[0;39m] &amp#27;[33mo.h.s.r.g.DomainResultGraphPrinter&amp#27;[0;39m: DomainResult Graph:
 \-EntityResultImpl [in.rgukt.r081247.universityapi.entity.Department]
 |  +-DelayedCollectionFetch [in.rgukt.r081247.universityapi.entity.Department.courses]
 |  \-BasicFetch [in.rgukt.r081247.universityapi.entity.Department.name]

&amp#27;[30m2025-04-16 08:52:27,647&amp#27;[0;39m &amp#27;[39mDEBUG&amp#27;[0;39m [&amp#27;[34mmain&amp#27;[0;39m] &amp#27;[33mo.h.s.a.SqlTreePrinter&amp#27;[0;39m: SQL AST Tree:
    SelectStatement {
      FromClause {
        StandardTableGroup (d1 : in.rgukt.r081247.universityapi.entity.Department) {
          primaryTableReference : department as d1_0
        }
      }
    }

&amp#27;[30m2025-04-16 08:52:27,648&amp#27;[0;39m &amp#27;[39mDEBUG&amp#27;[0;39m [&amp#27;[34mmain&amp#27;[0;39m] &amp#27;[33mo.h.p.e.AbstractEntityPersister&amp#27;[0;39m: Static SQL for entity: in.rgukt.r081247.universityapi.entity.Department
&amp#27;[30m2025-04-16 08:52:27,648&amp#27;[0;39m &amp#27;[39mDEBUG&amp#27;[0;39m [&amp#27;[34mmain&amp#27;[0;39m] &amp#27;[33mo.h.p.e.AbstractEntityPersister&amp#27;[0;39m:  Version select: select id from department where id=?
&amp#27;[30m2025-04-16 08:52:27,648&amp#27;[0;39m &amp#27;[39mDEBUG&amp#27;[0;39m [&amp#27;[34mmain&amp#27;[0;39m] &amp#27;[33mo.j.l.DelegatingBasicLogger&amp#27;[0;39m:  Insert (0): insert into department (name,id) values (?,default)
&amp#27;[30m2025-04-16 08:52:27,648&amp#27;[0;39m &amp#27;[39mDEBUG&amp#27;[0;39m [&amp#27;[34mmain&amp#27;[0;39m] &amp#27;[33mo.j.l.DelegatingBasicLogger&amp#27;[0;39m:  Update (0): update department set name=? where id=?
&amp#27;[30m2025-04-16 08:52:27,648&amp#27;[0;39m &amp#27;[39mDEBUG&amp#27;[0;39m [&amp#27;[34mmain&amp#27;[0;39m] &amp#27;[33mo.j.l.DelegatingBasicLogger&amp#27;[0;39m:  Delete (0): delete from department where id=?
&amp#27;[30m2025-04-16 08:52:27,648&amp#27;[0;39m &amp#27;[39mDEBUG&amp#27;[0;39m [&amp#27;[34mmain&amp#27;[0;39m] &amp#27;[33mo.h.s.a.s.SqlAliasBaseImpl&amp#27;[0;39m: Created new SQL alias : s1_0
&amp#27;[30m2025-04-16 08:52:27,648&amp#27;[0;39m &amp#27;[39mDEBUG&amp#27;[0;39m [&amp#27;[34mmain&amp#27;[0;39m] &amp#27;[33mo.h.s.a.s.SimpleFromClauseAccessImpl&amp#27;[0;39m: Registration of TableGroup [StandardTableGroup(in.rgukt.r081247.universityapi.entity.Student)] with identifierForTableGroup [in.rgukt.r081247.universityapi.entity.Student] for NavigablePath [in.rgukt.r081247.universityapi.entity.Student] 
&amp#27;[30m2025-04-16 08:52:27,648&amp#27;[0;39m &amp#27;[39mDEBUG&amp#27;[0;39m [&amp#27;[34mmain&amp#27;[0;39m] &amp#27;[33mo.h.s.r.g.DomainResultGraphPrinter&amp#27;[0;39m: DomainResult Graph:
 \-EntityResultImpl [in.rgukt.r081247.universityapi.entity.Student]
 |  +-DelayedCollectionFetch [in.rgukt.r081247.universityapi.entity.Student.courses]
 |  +-BasicFetch [in.rgukt.r081247.universityapi.entity.Student.dob]
 |  \-BasicFetch [in.rgukt.r081247.universityapi.entity.Student.name]

&amp#27;[30m2025-04-16 08:52:27,648&amp#27;[0;39m &amp#27;[39mDEBUG&amp#27;[0;39m [&amp#27;[34mmain&amp#27;[0;39m] &amp#27;[33mo.h.s.a.SqlTreePrinter&amp#27;[0;39m: SQL AST Tree:
    SelectStatement {
      FromClause {
        StandardTableGroup (s1 : in.rgukt.r081247.universityapi.entity.Student) {
          primaryTableReference : student as s1_0
        }
      }
    }

&amp#27;[30m2025-04-16 08:52:27,648&amp#27;[0;39m &amp#27;[39mDEBUG&amp#27;[0;39m [&amp#27;[34mmain&amp#27;[0;39m] &amp#27;[33mo.h.p.e.AbstractEntityPersister&amp#27;[0;39m: Static SQL for entity: in.rgukt.r081247.universityapi.entity.Student
&amp#27;[30m2025-04-16 08:52:27,649&amp#27;[0;39m &amp#27;[39mDEBUG&amp#27;[0;39m [&amp#27;[34mmain&amp#27;[0;39m] &amp#27;[33mo.h.p.e.AbstractEntityPersister&amp#27;[0;39m:  Version select: select id from student where id=?
&amp#27;[30m2025-04-16 08:52:27,649&amp#27;[0;39m &amp#27;[39mDEBUG&amp#27;[0;39m [&amp#27;[34mmain&amp#27;[0;39m] &amp#27;[33mo.j.l.DelegatingBasicLogger&amp#27;[0;39m:  Insert (0): insert into student (dob,name,id) values (?,?,default)
&amp#27;[30m2025-04-16 08:52:27,649&amp#27;[0;39m &amp#27;[39mDEBUG&amp#27;[0;39m [&amp#27;[34mmain&amp#27;[0;39m] &amp#27;[33mo.j.l.DelegatingBasicLogger&amp#27;[0;39m:  Update (0): update student set dob=?,name=? where id=?
&amp#27;[30m2025-04-16 08:52:27,649&amp#27;[0;39m &amp#27;[39mDEBUG&amp#27;[0;39m [&amp#27;[34mmain&amp#27;[0;39m] &amp#27;[33mo.j.l.DelegatingBasicLogger&amp#27;[0;39m:  Delete (0): delete from student where id=?
&amp#27;[30m2025-04-16 08:52:27,649&amp#27;[0;39m &amp#27;[39mDEBUG&amp#27;[0;39m [&amp#27;[34mmain&amp#27;[0;39m] &amp#27;[33mo.h.s.a.s.SqlAliasBaseImpl&amp#27;[0;39m: Created new SQL alias : c1_0
&amp#27;[30m2025-04-16 08:52:27,649&amp#27;[0;39m &amp#27;[39mDEBUG&amp#27;[0;39m [&amp#27;[34mmain&amp#27;[0;39m] &amp#27;[33mo.h.s.a.s.SimpleFromClauseAccessImpl&amp#27;[0;39m: Registration of TableGroup [CollectionTableGroup(in.rgukt.r081247.universityapi.entity.Student.courses)] with identifierForTableGroup [in.rgukt.r081247.universityapi.entity.Student.courses] for NavigablePath [in.rgukt.r081247.universityapi.entity.Student.courses] 
&amp#27;[30m2025-04-16 08:52:27,649&amp#27;[0;39m &amp#27;[39mDEBUG&amp#27;[0;39m [&amp#27;[34mmain&amp#27;[0;39m] &amp#27;[33mo.h.s.a.s.SimpleFromClauseAccessImpl&amp#27;[0;39m: Registration of TableGroup [org.hibernate.sql.ast.tree.from.LazyTableGroup@7ff48cdc] with identifierForTableGroup [in.rgukt.r081247.universityapi.entity.Student.courses.{element}] for NavigablePath [in.rgukt.r081247.universityapi.entity.Student.courses.{element}] 
&amp#27;[30m2025-04-16 08:52:27,649&amp#27;[0;39m &amp#27;[39mDEBUG&amp#27;[0;39m [&amp#27;[34mmain&amp#27;[0;39m] &amp#27;[33mo.h.s.a.s.SqlAliasBaseImpl&amp#27;[0;39m: Created new SQL alias : c1_1
&amp#27;[30m2025-04-16 08:52:27,649&amp#27;[0;39m &amp#27;[39mDEBUG&amp#27;[0;39m [&amp#27;[34mmain&amp#27;[0;39m] &amp#27;[33mo.h.s.a.s.SimpleFromClauseAccessImpl&amp#27;[0;39m: Registration of TableGroup [org.hibernate.sql.ast.tree.from.LazyTableGroup@7029653c] with identifierForTableGroup [in.rgukt.r081247.universityapi.entity.Student.courses.{element}.department] for NavigablePath [in.rgukt.r081247.universityapi.entity.Student.courses.{element}.department] 
&amp#27;[30m2025-04-16 08:52:27,650&amp#27;[0;39m &amp#27;[39mDEBUG&amp#27;[0;39m [&amp#27;[34mmain&amp#27;[0;39m] &amp#27;[33mo.h.s.r.g.DomainResultGraphPrinter&amp#27;[0;39m: DomainResult Graph:
 \-CollectionDomainResult [in.rgukt.r081247.universityapi.entity.Student.courses]

&amp#27;[30m2025-04-16 08:52:27,650&amp#27;[0;39m &amp#27;[39mDEBUG&amp#27;[0;39m [&amp#27;[34mmain&amp#27;[0;39m] &amp#27;[33mo.h.s.a.SqlTreePrinter&amp#27;[0;39m: SQL AST Tree:
    SelectStatement {
      FromClause {
        CollectionTableGroup (c1 : in.rgukt.r081247.universityapi.entity.Student.courses) {
          primaryTableReference : student_course as c1_0
          TableGroupJoins {
             join LazyTableGroup (c1 : in.rgukt.r081247.universityapi.entity.Student.courses.{element}) {
              primaryTableReference : course as c1_1
              TableGroupJoins {
                left  join LazyTableGroup (d1 : in.rgukt.r081247.universityapi.entity.Student.courses.{element}.department) {
                }
              }
            }
          }
        }
      }
    }

&amp#27;[30m2025-04-16 08:52:27,650&amp#27;[0;39m &amp#27;[39mDEBUG&amp#27;[0;39m [&amp#27;[34mmain&amp#27;[0;39m] &amp#27;[33mo.h.p.c.AbstractCollectionPersister&amp#27;[0;39m: Static SQL for collection: in.rgukt.r081247.universityapi.entity.Student.courses
&amp#27;[30m2025-04-16 08:52:27,650&amp#27;[0;39m &amp#27;[39mDEBUG&amp#27;[0;39m [&amp#27;[34mmain&amp#27;[0;39m] &amp#27;[33mo.h.p.c.AbstractCollectionPersister&amp#27;[0;39m:  Row insert: insert into student_course (student_id,course_id) values (?,?)
&amp#27;[30m2025-04-16 08:52:27,650&amp#27;[0;39m &amp#27;[39mDEBUG&amp#27;[0;39m [&amp#27;[34mmain&amp#27;[0;39m] &amp#27;[33mo.h.p.c.AbstractCollectionPersister&amp#27;[0;39m:  Row delete: delete from student_course where student_id=? and course_id=?
&amp#27;[30m2025-04-16 08:52:27,650&amp#27;[0;39m &amp#27;[39mDEBUG&amp#27;[0;39m [&amp#27;[34mmain&amp#27;[0;39m] &amp#27;[33mo.h.p.c.AbstractCollectionPersister&amp#27;[0;39m:  One-shot delete: delete from student_course where student_id=?
&amp#27;[30m2025-04-16 08:52:27,650&amp#27;[0;39m &amp#27;[39mDEBUG&amp#27;[0;39m [&amp#27;[34mmain&amp#27;[0;39m] &amp#27;[33mo.h.s.a.s.SqlAliasBaseImpl&amp#27;[0;39m: Created new SQL alias : c1_0
&amp#27;[30m2025-04-16 08:52:27,651&amp#27;[0;39m &amp#27;[39mDEBUG&amp#27;[0;39m [&amp#27;[34mmain&amp#27;[0;39m] &amp#27;[33mo.h.s.a.s.SimpleFromClauseAccessImpl&amp#27;[0;39m: Registration of TableGroup [org.hibernate.sql.ast.tree.from.OneToManyTableGroup@139f1db4] with identifierForTableGroup [in.rgukt.r081247.universityapi.entity.Department.courses] for NavigablePath [in.rgukt.r081247.universityapi.entity.Department.courses] 
&amp#27;[30m2025-04-16 08:52:27,651&amp#27;[0;39m &amp#27;[39mDEBUG&amp#27;[0;39m [&amp#27;[34mmain&amp#27;[0;39m] &amp#27;[33mo.h.s.a.s.SimpleFromClauseAccessImpl&amp#27;[0;39m: Registration of TableGroup [StandardTableGroup(in.rgukt.r081247.universityapi.entity.Department.courses.{element})] with identifierForTableGroup [in.rgukt.r081247.universityapi.entity.Department.courses.{element}] for NavigablePath [in.rgukt.r081247.universityapi.entity.Department.courses.{element}] 
&amp#27;[30m2025-04-16 08:52:27,651&amp#27;[0;39m &amp#27;[39mDEBUG&amp#27;[0;39m [&amp#27;[34mHikariPool-2 housekeeper&amp#27;[0;39m] &amp#27;[33mc.z.h.p.HikariPool&amp#27;[0;39m: HikariPool-2 - Pool stats (total=1, active=0, idle=1, waiting=0)
&amp#27;[30m2025-04-16 08:52:27,651&amp#27;[0;39m &amp#27;[39mDEBUG&amp#27;[0;39m [&amp#27;[34mmain&amp#27;[0;39m] &amp#27;[33mo.h.s.a.s.SimpleFromClauseAccessImpl&amp#27;[0;39m: Registration of TableGroup [org.hibernate.sql.ast.tree.from.LazyTableGroup@2e90a3de] with identifierForTableGroup [in.rgukt.r081247.universityapi.entity.Department.courses.{element}.department] for NavigablePath [in.rgukt.r081247.universityapi.entity.Department.courses.{element}.department] 
&amp#27;[30m2025-04-16 08:52:27,651&amp#27;[0;39m &amp#27;[39mDEBUG&amp#27;[0;39m [&amp#27;[34mmain&amp#27;[0;39m] &amp#27;[33mo.h.s.r.g.DomainResultGraphPrinter&amp#27;[0;39m: DomainResult Graph:
 \-CollectionDomainResult [in.rgukt.r081247.universityapi.entity.Department.courses]

&amp#27;[30m2025-04-16 08:52:27,651&amp#27;[0;39m &amp#27;[39mDEBUG&amp#27;[0;39m [&amp#27;[34mmain&amp#27;[0;39m] &amp#27;[33mo.h.s.a.SqlTreePrinter&amp#27;[0;39m: SQL AST Tree:
    SelectStatement {
      FromClause {
        OneToManyTableGroup (c1 : in.rgukt.r081247.universityapi.entity.Department.courses) {
          primaryTableReference : course as c1_0
          TableGroupJoins {
            left  join LazyTableGroup (d1 : in.rgukt.r081247.universityapi.entity.Department.courses.{element}.department) {
            }
          }
        }
      }
    }

&amp#27;[30m2025-04-16 08:52:27,651&amp#27;[0;39m &amp#27;[39mDEBUG&amp#27;[0;39m [&amp#27;[34mmain&amp#27;[0;39m] &amp#27;[33mo.h.p.c.AbstractCollectionPersister&amp#27;[0;39m: Static SQL for collection: in.rgukt.r081247.universityapi.entity.Department.courses
&amp#27;[30m2025-04-16 08:52:27,652&amp#27;[0;39m &amp#27;[39mDEBUG&amp#27;[0;39m [&amp#27;[34mmain&amp#27;[0;39m] &amp#27;[33mo.h.s.a.s.SqlAliasBaseImpl&amp#27;[0;39m: Created new SQL alias : s1_0
&amp#27;[30m2025-04-16 08:52:27,652&amp#27;[0;39m &amp#27;[39mDEBUG&amp#27;[0;39m [&amp#27;[34mmain&amp#27;[0;39m] &amp#27;[33mo.h.s.a.s.SimpleFromClauseAccessImpl&amp#27;[0;39m: Registration of TableGroup [CollectionTableGroup(in.rgukt.r081247.universityapi.entity.Course.students)] with identifierForTableGroup [in.rgukt.r081247.universityapi.entity.Course.students] for NavigablePath [in.rgukt.r081247.universityapi.entity.Course.students] 
&amp#27;[30m2025-04-16 08:52:27,652&amp#27;[0;39m &amp#27;[39mDEBUG&amp#27;[0;39m [&amp#27;[34mmain&amp#27;[0;39m] &amp#27;[33mo.h.s.a.s.SimpleFromClauseAccessImpl&amp#27;[0;39m: Registration of TableGroup [org.hibernate.sql.ast.tree.from.LazyTableGroup@9d573a6] with identifierForTableGroup [in.rgukt.r081247.universityapi.entity.Course.students.{element}] for NavigablePath [in.rgukt.r081247.universityapi.entity.Course.students.{element}] 
&amp#27;[30m2025-04-16 08:52:27,652&amp#27;[0;39m &amp#27;[39mDEBUG&amp#27;[0;39m [&amp#27;[34mHikariPool-2 connection adder&amp#27;[0;39m] &amp#27;[33mc.z.h.p.HikariPool$PoolEntryCreator&amp#27;[0;39m: HikariPool-2 - Added connection conn11: url=jdbc:h2:mem:db user=SA
&amp#27;[30m2025-04-16 08:52:27,652&amp#27;[0;39m &amp#27;[39mDEBUG&amp#27;[0;39m [&amp#27;[34mmain&amp#27;[0;39m] &amp#27;[33mo.h.s.a.s.SqlAliasBaseImpl&amp#27;[0;39m: Created new SQL alias : s1_1
&amp#27;[30m2025-04-16 08:52:27,652&amp#27;[0;39m &amp#27;[39mDEBUG&amp#27;[0;39m [&amp#27;[34mmain&amp#27;[0;39m] &amp#27;[33mo.h.s.r.g.DomainResultGraphPrinter&amp#27;[0;39m: DomainResult Graph:
 \-CollectionDomainResult [in.rgukt.r081247.universityapi.entity.Course.students]

&amp#27;[30m2025-04-16 08:52:27,652&amp#27;[0;39m &amp#27;[39mDEBUG&amp#27;[0;39m [&amp#27;[34mmain&amp#27;[0;39m] &amp#27;[33mo.h.s.a.SqlTreePrinter&amp#27;[0;39m: SQL AST Tree:
    SelectStatement {
      FromClause {
        CollectionTableGroup (s1 : in.rgukt.r081247.universityapi.entity.Course.students) {
          primaryTableReference : student_course as s1_0
          TableGroupJoins {
             join LazyTableGroup (s1 : in.rgukt.r081247.universityapi.entity.Course.students.{element}) {
              primaryTableReference : student as s1_1
            }
          }
        }
      }
    }

&amp#27;[30m2025-04-16 08:52:27,653&amp#27;[0;39m &amp#27;[39mDEBUG&amp#27;[0;39m [&amp#27;[34mmain&amp#27;[0;39m] &amp#27;[33mo.h.p.c.AbstractCollectionPersister&amp#27;[0;39m: Static SQL for collection: in.rgukt.r081247.universityapi.entity.Course.students
&amp#27;[30m2025-04-16 08:52:27,654&amp#27;[0;39m &amp#27;[34mINFO &amp#27;[0;39m [&amp#27;[34mmain&amp#27;[0;39m] &amp#27;[33mo.h.e.t.j.p.i.JtaPlatformInitiator&amp#27;[0;39m: HHH000489: No JTA platform available (set 'hibernate.transaction.jta.platform' to enable JTA platform integration)
&amp#27;[30m2025-04-16 08:52:27,654&amp#27;[0;39m &amp#27;[39mDEBUG&amp#27;[0;39m [&amp#27;[34mmain&amp#27;[0;39m] &amp#27;[33mo.h.t.s.TypeConfiguration&amp#27;[0;39m: Scoping TypeConfiguration [org.hibernate.type.spi.TypeConfiguration@34612ba9] to SessionFactoryImplementor [org.hibernate.internal.SessionFactoryImpl@7c9a39cb]
&amp#27;[30m2025-04-16 08:52:27,654&amp#27;[0;39m &amp#27;[39mDEBUG&amp#27;[0;39m [&amp#27;[34mmain&amp#27;[0;39m] &amp#27;[33mo.h.q.i.NamedObjectRepositoryImpl&amp#27;[0;39m: Checking 0 named HQL queries
&amp#27;[30m2025-04-16 08:52:27,654&amp#27;[0;39m &amp#27;[39mDEBUG&amp#27;[0;39m [&amp#27;[34mmain&amp#27;[0;39m] &amp#27;[33mo.h.q.i.NamedObjectRepositoryImpl&amp#27;[0;39m: Checking 0 named SQL queries
&amp#27;[30m2025-04-16 08:52:27,655&amp#27;[0;39m &amp#27;[39mDEBUG&amp#27;[0;39m [&amp#27;[34mmain&amp#27;[0;39m] &amp#27;[33mo.h.e.j.s.SqlStatementLogger&amp#27;[0;39m: 
    drop table if exists course cascade 
&amp#27;[30m2025-04-16 08:52:27,656&amp#27;[0;39m &amp#27;[39mDEBUG&amp#27;[0;39m [&amp#27;[34mmain&amp#27;[0;39m] &amp#27;[33mo.h.e.j.s.SqlStatementLogger&amp#27;[0;39m: 
    drop table if exists department cascade 
&amp#27;[30m2025-04-16 08:52:27,657&amp#27;[0;39m &amp#27;[39mDEBUG&amp#27;[0;39m [&amp#27;[34mmain&amp#27;[0;39m] &amp#27;[33mo.h.e.j.s.SqlStatementLogger&amp#27;[0;39m: 
    drop table if exists student cascade 
&amp#27;[30m2025-04-16 08:52:27,658&amp#27;[0;39m &amp#27;[39mDEBUG&amp#27;[0;39m [&amp#27;[34mmain&amp#27;[0;39m] &amp#27;[33mo.h.e.j.s.SqlStatementLogger&amp#27;[0;39m: 
    drop table if exists student_course cascade 
&amp#27;[30m2025-04-16 08:52:27,659&amp#27;[0;39m &amp#27;[39mDEBUG&amp#27;[0;39m [&amp#27;[34mmain&amp#27;[0;39m] &amp#27;[33mo.h.e.j.s.SqlStatementLogger&amp#27;[0;39m: 
    create table course (
        department_id bigint,
        id bigint generated by default as identity,
        name varchar(100) not null,
        primary key (id)
    )
&amp#27;[30m2025-04-16 08:52:27,660&amp#27;[0;39m &amp#27;[39mDEBUG&amp#27;[0;39m [&amp#27;[34mmain&amp#27;[0;39m] &amp#27;[33mo.h.e.j.s.SqlStatementLogger&amp#27;[0;39m: 
    create table department (
        id bigint generated by default as identity,
        name varchar(100) not null,
        primary key (id)
    )
&amp#27;[30m2025-04-16 08:52:27,661&amp#27;[0;39m &amp#27;[39mDEBUG&amp#27;[0;39m [&amp#27;[34mmain&amp#27;[0;39m] &amp#27;[33mo.h.e.j.s.SqlStatementLogger&amp#27;[0;39m: 
    create table student (
        dob date,
        id bigint generated by default as identity,
        name varchar(100) not null,
        primary key (id)
    )
&amp#27;[30m2025-04-16 08:52:27,661&amp#27;[0;39m &amp#27;[39mDEBUG&amp#27;[0;39m [&amp#27;[34mmain&amp#27;[0;39m] &amp#27;[33mo.h.e.j.s.SqlStatementLogger&amp#27;[0;39m: 
    create table student_course (
        course_id bigint not null,
        student_id bigint not null,
        primary key (course_id, student_id)
    )
&amp#27;[30m2025-04-16 08:52:27,662&amp#27;[0;39m &amp#27;[39mDEBUG&amp#27;[0;39m [&amp#27;[34mmain&amp#27;[0;39m] &amp#27;[33mo.h.e.j.s.SqlStatementLogger&amp#27;[0;39m: 
    alter table if exists course 
       add constraint FKi1btm7ma8n3gaj6afdno300wm 
       foreign key (department_id) 
       references department
&amp#27;[30m2025-04-16 08:52:27,664&amp#27;[0;39m &amp#27;[39mDEBUG&amp#27;[0;39m [&amp#27;[34mmain&amp#27;[0;39m] &amp#27;[33mo.h.e.j.s.SqlStatementLogger&amp#27;[0;39m: 
    alter table if exists student_course 
       add constraint FKejrkh4gv8iqgmspsanaji90ws 
       foreign key (course_id) 
       references course
&amp#27;[30m2025-04-16 08:52:27,665&amp#27;[0;39m &amp#27;[39mDEBUG&amp#27;[0;39m [&amp#27;[34mmain&amp#27;[0;39m] &amp#27;[33mo.h.e.j.s.SqlStatementLogger&amp#27;[0;39m: 
    alter table if exists student_course 
       add constraint FKq7yw2wg9wlt2cnj480hcdn6dq 
       foreign key (student_id) 
       references student
&amp#27;[30m2025-04-16 08:52:27,667&amp#27;[0;39m &amp#27;[39mDEBUG&amp#27;[0;39m [&amp#27;[34mmain&amp#27;[0;39m] &amp#27;[33mo.h.i.SessionFactoryRegistry&amp#27;[0;39m: Registering SessionFactory: 8c1ff4fc-3d66-44ed-ac83-188051de69f2 (<unnamed>)
&amp#27;[30m2025-04-16 08:52:27,667&amp#27;[0;39m &amp#27;[39mDEBUG&amp#27;[0;39m [&amp#27;[34mmain&amp#27;[0;39m] &amp#27;[33mo.h.i.SessionFactoryRegistry&amp#27;[0;39m: Not binding SessionFactory to JNDI, no JNDI name configured
&amp#27;[30m2025-04-16 08:52:27,667&amp#27;[0;39m &amp#27;[39mDEBUG&amp#27;[0;39m [&amp#27;[34mmain&amp#27;[0;39m] &amp#27;[33mo.h.i.SessionFactoryImpl&amp#27;[0;39m: Instantiated SessionFactory
&amp#27;[30m2025-04-16 08:52:27,667&amp#27;[0;39m &amp#27;[34mINFO &amp#27;[0;39m [&amp#27;[34mmain&amp#27;[0;39m] &amp#27;[33mo.s.o.j.AbstractEntityManagerFactoryBean&amp#27;[0;39m: Initialized JPA EntityManagerFactory for persistence unit 'default'
&amp#27;[30m2025-04-16 08:52:27,669&amp#27;[0;39m &amp#27;[39mDEBUG&amp#27;[0;39m [&amp#27;[34mmain&amp#27;[0;39m] &amp#27;[33mo.s.b.f.s.DefaultSingletonBeanRegistry&amp#27;[0;39m: Creating shared instance of singleton bean 'crmApplication'
&amp#27;[30m2025-04-16 08:52:27,670&amp#27;[0;39m &amp#27;[39mDEBUG&amp#27;[0;39m [&amp#27;[34mmain&amp#27;[0;39m] &amp#27;[33mo.s.b.f.s.DefaultSingletonBeanRegistry&amp#27;[0;39m: Creating shared instance of singleton bean 'jpaConfiguration'
&amp#27;[30m2025-04-16 08:52:27,670&amp#27;[0;39m &amp#27;[39mDEBUG&amp#27;[0;39m [&amp#27;[34mmain&amp#27;[0;39m] &amp#27;[33mo.s.b.f.s.DefaultSingletonBeanRegistry&amp#27;[0;39m: Creating shared instance of singleton bean 'securityConfiguration'
&amp#27;[30m2025-04-16 08:52:27,671&amp#27;[0;39m &amp#27;[39mDEBUG&amp#27;[0;39m [&amp#27;[34mmain&amp#27;[0;39m] &amp#27;[33mo.s.b.f.s.DefaultSingletonBeanRegistry&amp#27;[0;39m: Creating shared instance of singleton bean 'courseController'
&amp#27;[30m2025-04-16 08:52:27,671&amp#27;[0;39m &amp#27;[39mDEBUG&amp#27;[0;39m [&amp#27;[34mmain&amp#27;[0;39m] &amp#27;[33mo.s.b.f.s.DefaultSingletonBeanRegistry&amp#27;[0;39m: Creating shared instance of singleton bean 'courseService'
&amp#27;[30m2025-04-16 08:52:27,672&amp#27;[0;39m &amp#27;[39mDEBUG&amp#27;[0;39m [&amp#27;[34mmain&amp#27;[0;39m] &amp#27;[33mo.s.b.f.s.DefaultSingletonBeanRegistry&amp#27;[0;39m: Creating shared instance of singleton bean 'courseRepository'
&amp#27;[30m2025-04-16 08:52:27,675&amp#27;[0;39m &amp#27;[39mDEBUG&amp#27;[0;39m [&amp#27;[34mmain&amp#27;[0;39m] &amp#27;[33mo.s.b.f.s.DefaultSingletonBeanRegistry&amp#27;[0;39m: Creating shared instance of singleton bean 'jpa.named-queries#2'
&amp#27;[30m2025-04-16 08:52:27,677&amp#27;[0;39m &amp#27;[39mDEBUG&amp#27;[0;39m [&amp#27;[34mmain&amp#27;[0;39m] &amp#27;[33mo.s.b.f.s.DefaultSingletonBeanRegistry&amp#27;[0;39m: Creating shared instance of singleton bean 'jpa.CourseRepository.fragments#0'
&amp#27;[30m2025-04-16 08:52:27,678&amp#27;[0;39m &amp#27;[39mDEBUG&amp#27;[0;39m [&amp#27;[34mmain&amp#27;[0;39m] &amp#27;[33mo.s.b.f.s.DefaultSingletonBeanRegistry&amp#27;[0;39m: Creating shared instance of singleton bean 'jpaSharedEM_entityManagerFactory'
&amp#27;[30m2025-04-16 08:52:27,682&amp#27;[0;39m &amp#27;[39mDEBUG&amp#27;[0;39m [&amp#27;[34mHikariPool-2 connection adder&amp#27;[0;39m] &amp#27;[33mc.z.h.p.HikariPool&amp#27;[0;39m: HikariPool-2 - After adding stats (total=2, active=0, idle=2, waiting=0)
&amp#27;[30m2025-04-16 08:52:27,683&amp#27;[0;39m &amp#27;[39mDEBUG&amp#27;[0;39m [&amp#27;[34mmain&amp#27;[0;39m] &amp#27;[33mo.s.b.f.s.DefaultSingletonBeanRegistry&amp#27;[0;39m: Creating shared instance of singleton bean 'jpaMappingContext'
&amp#27;[30m2025-04-16 08:52:27,683&amp#27;[0;39m &amp#27;[39mDEBUG&amp#27;[0;39m [&amp#27;[34mHikariPool-2 connection adder&amp#27;[0;39m] &amp#27;[33mc.z.h.p.HikariPool$PoolEntryCreator&amp#27;[0;39m: HikariPool-2 - Added connection conn12: url=jdbc:h2:mem:db user=SA
&amp#27;[30m2025-04-16 08:52:27,683&amp#27;[0;39m &amp#27;[39mDEBUG&amp#27;[0;39m [&amp#27;[34mmain&amp#27;[0;39m] &amp#27;[33mo.s.d.j.r.c.JpaMetamodelMappingContextFactoryBean&amp#27;[0;39m: Initializing JpaMetamodelMappingContext…
&amp#27;[30m2025-04-16 08:52:27,684&amp#27;[0;39m &amp#27;[39mDEBUG&amp#27;[0;39m [&amp#27;[34mmain&amp#27;[0;39m] &amp#27;[33mo.s.d.j.r.c.JpaMetamodelMappingContextFactoryBean&amp#27;[0;39m: Finished initializing JpaMetamodelMappingContext
&amp#27;[30m2025-04-16 08:52:27,686&amp#27;[0;39m &amp#27;[39mDEBUG&amp#27;[0;39m [&amp#27;[34mmain&amp#27;[0;39m] &amp#27;[33mo.s.o.j.SharedEntityManagerCreator$SharedEntityManagerInvocationHandler&amp#27;[0;39m: Creating new EntityManager for shared EntityManager invocation
&amp#27;[30m2025-04-16 08:52:27,687&amp#27;[0;39m &amp#27;[39mDEBUG&amp#27;[0;39m [&amp#27;[34mmain&amp#27;[0;39m] &amp#27;[33mo.h.s.i.StatisticsInitiator&amp#27;[0;39m: Statistics initialized [enabled=false]
&amp#27;[30m2025-04-16 08:52:27,698&amp#27;[0;39m &amp#27;[39mDEBUG&amp#27;[0;39m [&amp#27;[34mmain&amp#27;[0;39m] &amp#27;[33mo.s.d.r.c.s.RepositoryFactorySupport&amp#27;[0;39m: Initializing repository instance for in.rgukt.r081247.universityapi.repository.CourseRepository…
&amp#27;[30m2025-04-16 08:52:27,699&amp#27;[0;39m &amp#27;[39mDEBUG&amp#27;[0;39m [&amp#27;[34mmain&amp#27;[0;39m] &amp#27;[33mo.s.o.j.SharedEntityManagerCreator$SharedEntityManagerInvocationHandler&amp#27;[0;39m: Creating new EntityManager for shared EntityManager invocation
&amp#27;[30m2025-04-16 08:52:27,702&amp#27;[0;39m &amp#27;[39mDEBUG&amp#27;[0;39m [&amp#27;[34mmain&amp#27;[0;39m] &amp#27;[33mo.s.d.j.r.q.NamedQuery&amp#27;[0;39m: Looking up named query 'Course.findOneByDepartmentAndId'
&amp#27;[30m2025-04-16 08:52:27,702&amp#27;[0;39m &amp#27;[39mDEBUG&amp#27;[0;39m [&amp#27;[34mmain&amp#27;[0;39m] &amp#27;[33mo.h.r.t.b.j.i.JdbcResourceLocalTransactionCoordinatorImpl$TransactionDriverControlImpl&amp#27;[0;39m: JDBC transaction marked for rollback-only (exception provided for stack trace)
java.lang.Exception: exception just for purpose of providing stack trace
	at org.hibernate.resource.transaction.backend.jdbc.internal.JdbcResourceLocalTransactionCoordinatorImpl$TransactionDriverControlImpl.markRollbackOnly(JdbcResourceLocalTransactionCoordinatorImpl.java:309)
	at org.hibernate.internal.AbstractSharedSessionContract.buildNamedQuery(AbstractSharedSessionContract.java:1141)
	at org.hibernate.internal.AbstractSharedSessionContract.createNamedQuery(AbstractSharedSessionContract.java:1019)
	at org.hibernate.internal.AbstractSharedSessionContract.createNamedQuery(AbstractSharedSessionContract.java:143)
	at java.base/jdk.internal.reflect.DirectMethodHandleAccessor.invoke(DirectMethodHandleAccessor.java:103)
	at java.base/java.lang.reflect.Method.invoke(Method.java:580)
	at org.springframework.orm.jpa.ExtendedEntityManagerCreator$ExtendedEntityManagerInvocationHandler.invoke(ExtendedEntityManagerCreator.java:364)
	at jdk.proxy2/jdk.proxy2.$Proxy161.createNamedQuery(Unknown Source)
	at org.springframework.data.jpa.repository.query.NamedQuery.hasNamedQuery(NamedQuery.java:114)
	at org.springframework.data.jpa.repository.query.NamedQuery.lookupFrom(NamedQuery.java:140)
	at org.springframework.data.jpa.repository.query.JpaQueryLookupStrategy$DeclaredQueryLookupStrategy.resolveQuery(JpaQueryLookupStrategy.java:184)
	at org.springframework.data.jpa.repository.query.JpaQueryLookupStrategy$CreateIfNotFoundQueryLookupStrategy.resolveQuery(JpaQueryLookupStrategy.java:256)
	at org.springframework.data.jpa.repository.query.JpaQueryLookupStrategy$AbstractQueryLookupStrategy.resolveQuery(JpaQueryLookupStrategy.java:99)
	at org.springframework.data.repository.core.support.QueryExecutorMethodInterceptor.lookupQuery(QueryExecutorMethodInterceptor.java:116)
	at org.springframework.data.repository.core.support.QueryExecutorMethodInterceptor.mapMethodsToQuery(QueryExecutorMethodInterceptor.java:104)
	at org.springframework.data.repository.core.support.QueryExecutorMethodInterceptor.lambda$new$0(QueryExecutorMethodInterceptor.java:92)
	at java.base/java.util.Optional.map(Optional.java:260)
	at org.springframework.data.repository.core.support.QueryExecutorMethodInterceptor.<init>(QueryExecutorMethodInterceptor.java:92)
	at org.springframework.data.repository.core.support.RepositoryFactorySupport.getRepository(RepositoryFactorySupport.java:431)
	at org.springframework.data.repository.core.support.RepositoryFactoryBeanSupport.lambda$afterPropertiesSet$4(RepositoryFactoryBeanSupport.java:350)
	at org.springframework.data.util.Lazy.getNullable(Lazy.java:135)
	at org.springframework.data.util.Lazy.get(Lazy.java:113)
	at org.springframework.data.repository.core.support.RepositoryFactoryBeanSupport.afterPropertiesSet(RepositoryFactoryBeanSupport.java:356)
	at org.springframework.data.jpa.repository.support.JpaRepositoryFactoryBean.afterPropertiesSet(JpaRepositoryFactoryBean.java:132)
	at org.springframework.beans.factory.support.AbstractAutowireCapableBeanFactory.invokeInitMethods(AbstractAutowireCapableBeanFactory.java:1859)
	at org.springframework.beans.factory.support.AbstractAutowireCapableBeanFactory.initializeBean(AbstractAutowireCapableBeanFactory.java:1808)
	at org.springframework.beans.factory.support.AbstractAutowireCapableBeanFactory.doCreateBean(AbstractAutowireCapableBeanFactory.java:601)
	at org.springframework.beans.factory.support.AbstractAutowireCapableBeanFactory.createBean(AbstractAutowireCapableBeanFactory.java:523)
	at org.springframework.beans.factory.support.AbstractBeanFactory.lambda$doGetBean$0(AbstractBeanFactory.java:339)
	at org.springframework.beans.factory.support.DefaultSingletonBeanRegistry.getSingleton(DefaultSingletonBeanRegistry.java:347)
	at org.springframework.beans.factory.support.AbstractBeanFactory.doGetBean(AbstractBeanFactory.java:337)
	at org.springframework.beans.factory.support.AbstractBeanFactory.getBean(AbstractBeanFactory.java:202)
	at org.springframework.beans.factory.support.DefaultListableBeanFactory.doResolveDependency(DefaultListableBeanFactory.java:1609)
	at org.springframework.beans.factory.support.DefaultListableBeanFactory.resolveDependency(DefaultListableBeanFactory.java:1555)
	at org.springframework.beans.factory.annotation.AutowiredAnnotationBeanPostProcessor$AutowiredFieldElement.resolveFieldValue(AutowiredAnnotationBeanPostProcessor.java:785)
	at org.springframework.beans.factory.annotation.AutowiredAnnotationBeanPostProcessor$AutowiredFieldElement.inject(AutowiredAnnotationBeanPostProcessor.java:768)
	at org.springframework.beans.factory.annotation.InjectionMetadata.inject(InjectionMetadata.java:146)
	at org.springframework.beans.factory.annotation.AutowiredAnnotationBeanPostProcessor.postProcessProperties(AutowiredAnnotationBeanPostProcessor.java:509)
	at org.springframework.beans.factory.support.AbstractAutowireCapableBeanFactory.populateBean(AbstractAutowireCapableBeanFactory.java:1445)
	at org.springframework.beans.factory.support.AbstractAutowireCapableBeanFactory.doCreateBean(AbstractAutowireCapableBeanFactory.java:600)
	at org.springframework.beans.factory.support.AbstractAutowireCapableBeanFactory.createBean(AbstractAutowireCapableBeanFactory.java:523)
	at org.springframework.beans.factory.support.AbstractBeanFactory.lambda$doGetBean$0(AbstractBeanFactory.java:339)
	at org.springframework.beans.factory.support.DefaultSingletonBeanRegistry.getSingleton(DefaultSingletonBeanRegistry.java:347)
	at org.springframework.beans.factory.support.AbstractBeanFactory.doGetBean(AbstractBeanFactory.java:337)
	at org.springframework.beans.factory.support.AbstractBeanFactory.getBean(AbstractBeanFactory.java:202)
	at org.springframework.beans.factory.support.DefaultListableBeanFactory.doResolveDependency(DefaultListableBeanFactory.java:1609)
	at org.springframework.beans.factory.support.DefaultListableBeanFactory.resolveDependency(DefaultListableBeanFactory.java:1555)
	at org.springframework.beans.factory.annotation.AutowiredAnnotationBeanPostProcessor$AutowiredFieldElement.resolveFieldValue(AutowiredAnnotationBeanPostProcessor.java:785)
	at org.springframework.beans.factory.annotation.AutowiredAnnotationBeanPostProcessor$AutowiredFieldElement.inject(AutowiredAnnotationBeanPostProcessor.java:768)
	at org.springframework.beans.factory.annotation.InjectionMetadata.inject(InjectionMetadata.java:146)
	at org.springframework.beans.factory.annotation.AutowiredAnnotationBeanPostProcessor.postProcessProperties(AutowiredAnnotationBeanPostProcessor.java:509)
	at org.springframework.beans.factory.support.AbstractAutowireCapableBeanFactory.populateBean(AbstractAutowireCapableBeanFactory.java:1445)
	at org.springframework.beans.factory.support.AbstractAutowireCapableBeanFactory.doCreateBean(AbstractAutowireCapableBeanFactory.java:600)
	at org.springframework.beans.factory.support.AbstractAutowireCapableBeanFactory.createBean(AbstractAutowireCapableBeanFactory.java:523)
	at org.springframework.beans.factory.support.AbstractBeanFactory.lambda$doGetBean$0(AbstractBeanFactory.java:339)
	at org.springframework.beans.factory.support.DefaultSingletonBeanRegistry.getSingleton(DefaultSingletonBeanRegistry.java:347)
	at org.springframework.beans.factory.support.AbstractBeanFactory.doGetBean(AbstractBeanFactory.java:337)
	at org.springframework.beans.factory.support.AbstractBeanFactory.getBean(AbstractBeanFactory.java:202)
	at org.springframework.beans.factory.support.DefaultListableBeanFactory.instantiateSingleton(DefaultListableBeanFactory.java:1155)
	at org.springframework.beans.factory.support.DefaultListableBeanFactory.preInstantiateSingleton(DefaultListableBeanFactory.java:1121)
	at org.springframework.beans.factory.support.DefaultListableBeanFactory.preInstantiateSingletons(DefaultListableBeanFactory.java:1056)
	at org.springframework.context.support.AbstractApplicationContext.finishBeanFactoryInitialization(AbstractApplicationContext.java:987)
	at org.springframework.context.support.AbstractApplicationContext.refresh(AbstractApplicationContext.java:627)
	at org.springframework.boot.SpringApplication.refresh(SpringApplication.java:752)
	at org.springframework.boot.SpringApplication.refreshContext(SpringApplication.java:439)
	at org.springframework.boot.SpringApplication.run(SpringApplication.java:318)
	at org.springframework.boot.test.context.SpringBootContextLoader.lambda$loadContext$3(SpringBootContextLoader.java:144)
	at org.springframework.util.function.ThrowingSupplier.get(ThrowingSupplier.java:58)
	at org.springframework.util.function.ThrowingSupplier.get(ThrowingSupplier.java:46)
	at org.springframework.boot.SpringApplication.withHook(SpringApplication.java:1461)
	at org.springframework.boot.test.context.SpringBootContextLoader$ContextLoaderHook.run(SpringBootContextLoader.java:563)
	at org.springframework.boot.test.context.SpringBootContextLoader.loadContext(SpringBootContextLoader.java:144)
	at org.springframework.boot.test.context.SpringBootContextLoader.loadContext(SpringBootContextLoader.java:110)
	at org.springframework.test.context.cache.DefaultCacheAwareContextLoaderDelegate.loadContextInternal(DefaultCacheAwareContextLoaderDelegate.java:225)
	at org.springframework.test.context.cache.DefaultCacheAwareContextLoaderDelegate.loadContext(DefaultCacheAwareContextLoaderDelegate.java:152)
	at org.springframework.test.context.support.DefaultTestContext.getApplicationContext(DefaultTestContext.java:130)
	at org.springframework.test.context.web.ServletTestExecutionListener.setUpRequestContextIfNecessary(ServletTestExecutionListener.java:200)
	at org.springframework.test.context.web.ServletTestExecutionListener.prepareTestInstance(ServletTestExecutionListener.java:139)
	at org.springframework.test.context.TestContextManager.prepareTestInstance(TestContextManager.java:260)
	at org.springframework.test.context.junit.jupiter.SpringExtension.postProcessTestInstance(SpringExtension.java:160)
	at org.junit.jupiter.engine.descriptor.ClassBasedTestDescriptor.lambda$invokeTestInstancePostProcessors$11(ClassBasedTestDescriptor.java:378)
	at org.junit.jupiter.engine.descriptor.ClassBasedTestDescriptor.executeAndMaskThrowable(ClassBasedTestDescriptor.java:383)
	at org.junit.jupiter.engine.descriptor.ClassBasedTestDescriptor.lambda$invokeTestInstancePostProcessors$12(ClassBasedTestDescriptor.java:378)
	at java.base/java.util.stream.ForEachOps$ForEachOp$OfRef.accept(ForEachOps.java:184)
	at java.base/java.util.stream.ReferencePipeline$3$1.accept(ReferencePipeline.java:215)
	at java.base/java.util.stream.ReferencePipeline$2$1.accept(ReferencePipeline.java:197)
	at java.base/java.util.stream.ReferencePipeline$3$1.accept(ReferencePipeline.java:215)
	at java.base/java.util.ArrayList$ArrayListSpliterator.forEachRemaining(ArrayList.java:1709)
	at java.base/java.util.stream.AbstractPipeline.copyInto(AbstractPipeline.java:570)
	at java.base/java.util.stream.AbstractPipeline.wrapAndCopyInto(AbstractPipeline.java:560)
	at java.base/java.util.stream.ForEachOps$ForEachOp.evaluateSequential(ForEachOps.java:151)
	at java.base/java.util.stream.ForEachOps$ForEachOp$OfRef.evaluateSequential(ForEachOps.java:174)
	at java.base/java.util.stream.AbstractPipeline.evaluate(AbstractPipeline.java:265)
	at java.base/java.util.stream.ReferencePipeline.forEach(ReferencePipeline.java:636)
	at org.junit.jupiter.engine.descriptor.ClassBasedTestDescriptor.invokeTestInstancePostProcessors(ClassBasedTestDescriptor.java:377)
	at org.junit.jupiter.engine.descriptor.ClassBasedTestDescriptor.lambda$instantiateAndPostProcessTestInstance$7(ClassBasedTestDescriptor.java:290)
	at org.junit.platform.engine.support.hierarchical.ThrowableCollector.execute(ThrowableCollector.java:73)
	at org.junit.jupiter.engine.descriptor.ClassBasedTestDescriptor.instantiateAndPostProcessTestInstance(ClassBasedTestDescriptor.java:289)
	at org.junit.jupiter.engine.descriptor.ClassBasedTestDescriptor.lambda$testInstancesProvider$5(ClassBasedTestDescriptor.java:279)
	at java.base/java.util.Optional.orElseGet(Optional.java:364)
	at org.junit.jupiter.engine.descriptor.ClassBasedTestDescriptor.lambda$testInstancesProvider$6(ClassBasedTestDescriptor.java:278)
	at org.junit.jupiter.engine.execution.TestInstancesProvider.getTestInstances(TestInstancesProvider.java:31)
	at org.junit.jupiter.engine.descriptor.TestMethodTestDescriptor.lambda$prepare$1(TestMethodTestDescriptor.java:105)
	at org.junit.platform.engine.support.hierarchical.ThrowableCollector.execute(ThrowableCollector.java:73)
	at org.junit.jupiter.engine.descriptor.TestMethodTestDescriptor.prepare(TestMethodTestDescriptor.java:104)
	at org.junit.jupiter.engine.descriptor.TestMethodTestDescriptor.prepare(TestMethodTestDescriptor.java:68)
	at org.junit.platform.engine.support.hierarchical.NodeTestTask.lambda$prepare$2(NodeTestTask.java:128)
	at org.junit.platform.engine.support.hierarchical.ThrowableCollector.execute(ThrowableCollector.java:73)
	at org.junit.platform.engine.support.hierarchical.NodeTestTask.prepare(NodeTestTask.java:128)
	at org.junit.platform.engine.support.hierarchical.NodeTestTask.execute(NodeTestTask.java:95)
	at java.base/java.util.ArrayList.forEach(ArrayList.java:1597)
	at org.junit.platform.engine.support.hierarchical.SameThreadHierarchicalTestExecutorService.invokeAll(SameThreadHierarchicalTestExecutorService.java:41)
	at org.junit.platform.engine.support.hierarchical.NodeTestTask.lambda$executeRecursively$6(NodeTestTask.java:160)
	at org.junit.platform.engine.support.hierarchical.ThrowableCollector.execute(ThrowableCollector.java:73)
	at org.junit.platform.engine.support.hierarchical.NodeTestTask.lambda$executeRecursively$8(NodeTestTask.java:146)
	at org.junit.platform.engine.support.hierarchical.Node.around(Node.java:137)
	at org.junit.platform.engine.support.hierarchical.NodeTestTask.lambda$executeRecursively$9(NodeTestTask.java:144)
	at org.junit.platform.engine.support.hierarchical.ThrowableCollector.execute(ThrowableCollector.java:73)
	at org.junit.platform.engine.support.hierarchical.NodeTestTask.executeRecursively(NodeTestTask.java:143)
	at org.junit.platform.engine.support.hierarchical.NodeTestTask.execute(NodeTestTask.java:100)
	at java.base/java.util.ArrayList.forEach(ArrayList.java:1597)
	at org.junit.platform.engine.support.hierarchical.SameThreadHierarchicalTestExecutorService.invokeAll(SameThreadHierarchicalTestExecutorService.java:41)
	at org.junit.platform.engine.support.hierarchical.NodeTestTask.lambda$executeRecursively$6(NodeTestTask.java:160)
	at org.junit.platform.engine.support.hierarchical.ThrowableCollector.execute(ThrowableCollector.java:73)
	at org.junit.platform.engine.support.hierarchical.NodeTestTask.lambda$executeRecursively$8(NodeTestTask.java:146)
	at org.junit.platform.engine.support.hierarchical.Node.around(Node.java:137)
	at org.junit.platform.engine.support.hierarchical.NodeTestTask.lambda$executeRecursively$9(NodeTestTask.java:144)
	at org.junit.platform.engine.support.hierarchical.ThrowableCollector.execute(ThrowableCollector.java:73)
	at org.junit.platform.engine.support.hierarchical.NodeTestTask.executeRecursively(NodeTestTask.java:143)
	at org.junit.platform.engine.support.hierarchical.NodeTestTask.execute(NodeTestTask.java:100)
	at org.junit.platform.engine.support.hierarchical.SameThreadHierarchicalTestExecutorService.submit(SameThreadHierarchicalTestExecutorService.java:35)
	at org.junit.platform.engine.support.hierarchical.HierarchicalTestExecutor.execute(HierarchicalTestExecutor.java:57)
	at org.junit.platform.engine.support.hierarchical.HierarchicalTestEngine.execute(HierarchicalTestEngine.java:54)
	at org.junit.platform.launcher.core.EngineExecutionOrchestrator.execute(EngineExecutionOrchestrator.java:198)
	at org.junit.platform.launcher.core.EngineExecutionOrchestrator.execute(EngineExecutionOrchestrator.java:169)
	at org.junit.platform.launcher.core.EngineExecutionOrchestrator.execute(EngineExecutionOrchestrator.java:93)
	at org.junit.platform.launcher.core.EngineExecutionOrchestrator.lambda$execute$0(EngineExecutionOrchestrator.java:58)
	at org.junit.platform.launcher.core.EngineExecutionOrchestrator.withInterceptedStreams(EngineExecutionOrchestrator.java:141)
	at org.junit.platform.launcher.core.EngineExecutionOrchestrator.execute(EngineExecutionOrchestrator.java:57)
	at org.junit.platform.launcher.core.DefaultLauncher.execute(DefaultLauncher.java:103)
	at org.junit.platform.launcher.core.DefaultLauncher.execute(DefaultLauncher.java:85)
	at org.junit.platform.launcher.core.DelegatingLauncher.execute(DelegatingLauncher.java:47)
	at org.apache.maven.surefire.junitplatform.LazyLauncher.execute(LazyLauncher.java:56)
	at org.apache.maven.surefire.junitplatform.JUnitPlatformProvider.execute(JUnitPlatformProvider.java:184)
	at org.apache.maven.surefire.junitplatform.JUnitPlatformProvider.invokeAllTests(JUnitPlatformProvider.java:148)
	at org.apache.maven.surefire.junitplatform.JUnitPlatformProvider.invoke(JUnitPlatformProvider.java:122)
	at org.apache.maven.surefire.booter.ForkedBooter.runSuitesInProcess(ForkedBooter.java:385)
	at org.apache.maven.surefire.booter.ForkedBooter.execute(ForkedBooter.java:162)
	at org.apache.maven.surefire.booter.ForkedBooter.run(ForkedBooter.java:507)
	at org.apache.maven.surefire.booter.ForkedBooter.main(ForkedBooter.java:495)
&amp#27;[30m2025-04-16 08:52:27,703&amp#27;[0;39m &amp#27;[39mDEBUG&amp#27;[0;39m [&amp#27;[34mmain&amp#27;[0;39m] &amp#27;[33mo.s.d.j.r.q.NamedQuery&amp#27;[0;39m: Did not find named query Course.findOneByDepartmentAndId
&amp#27;[30m2025-04-16 08:52:27,703&amp#27;[0;39m &amp#27;[39mDEBUG&amp#27;[0;39m [&amp#27;[34mmain&amp#27;[0;39m] &amp#27;[33mo.s.o.j.SharedEntityManagerCreator$SharedEntityManagerInvocationHandler&amp#27;[0;39m: Creating new EntityManager for shared EntityManager invocation
&amp#27;[30m2025-04-16 08:52:27,704&amp#27;[0;39m &amp#27;[39mDEBUG&amp#27;[0;39m [&amp#27;[34mmain&amp#27;[0;39m] &amp#27;[33mo.s.d.r.c.s.RepositoryFactorySupport&amp#27;[0;39m: Finished creation of repository instance for in.rgukt.r081247.universityapi.repository.CourseRepository.
&amp#27;[30m2025-04-16 08:52:27,708&amp#27;[0;39m &amp#27;[39mDEBUG&amp#27;[0;39m [&amp#27;[34mmain&amp#27;[0;39m] &amp#27;[33mo.s.b.f.s.DefaultSingletonBeanRegistry&amp#27;[0;39m: Creating shared instance of singleton bean '_securedMethodSecurityConfiguration'
&amp#27;[30m2025-04-16 08:52:27,709&amp#27;[0;39m &amp#27;[39mDEBUG&amp#27;[0;39m [&amp#27;[34mmain&amp#27;[0;39m] &amp#27;[33mo.s.b.f.s.DefaultSingletonBeanRegistry&amp#27;[0;39m: Creating shared instance of singleton bean 'methodAuthorizationManagerPostProcessor'
&amp#27;[30m2025-04-16 08:52:27,712&amp#27;[0;39m &amp#27;[39mDEBUG&amp#27;[0;39m [&amp#27;[34mmain&amp#27;[0;39m] &amp#27;[33mo.s.b.f.s.DefaultSingletonBeanRegistry&amp#27;[0;39m: Creating shared instance of singleton bean 'departmentController'
&amp#27;[30m2025-04-16 08:52:27,713&amp#27;[0;39m &amp#27;[39mDEBUG&amp#27;[0;39m [&amp#27;[34mmain&amp#27;[0;39m] &amp#27;[33mo.s.b.f.s.DefaultSingletonBeanRegistry&amp#27;[0;39m: Creating shared instance of singleton bean 'departmentService'
&amp#27;[30m2025-04-16 08:52:27,713&amp#27;[0;39m &amp#27;[39mDEBUG&amp#27;[0;39m [&amp#27;[34mHikariPool-2 connection adder&amp#27;[0;39m] &amp#27;[33mc.z.h.p.HikariPool&amp#27;[0;39m: HikariPool-2 - After adding stats (total=3, active=0, idle=3, waiting=0)
&amp#27;[30m2025-04-16 08:52:27,713&amp#27;[0;39m &amp#27;[39mDEBUG&amp#27;[0;39m [&amp#27;[34mmain&amp#27;[0;39m] &amp#27;[33mo.s.b.f.s.ConstructorResolver&amp#27;[0;39m: Autowiring by type from bean name 'departmentService' via constructor to bean named 'departmentRepository'
&amp#27;[30m2025-04-16 08:52:27,723&amp#27;[0;39m &amp#27;[39mDEBUG&amp#27;[0;39m [&amp#27;[34mHikariPool-2 connection adder&amp#27;[0;39m] &amp#27;[33mc.z.h.p.HikariPool$PoolEntryCreator&amp#27;[0;39m: HikariPool-2 - Added connection conn13: url=jdbc:h2:mem:db user=SA
&amp#27;[30m2025-04-16 08:52:27,724&amp#27;[0;39m &amp#27;[39mDEBUG&amp#27;[0;39m [&amp#27;[34mmain&amp#27;[0;39m] &amp#27;[33mo.s.b.f.s.DefaultSingletonBeanRegistry&amp#27;[0;39m: Creating shared instance of singleton bean 'studentController'
&amp#27;[30m2025-04-16 08:52:27,724&amp#27;[0;39m &amp#27;[39mDEBUG&amp#27;[0;39m [&amp#27;[34mmain&amp#27;[0;39m] &amp#27;[33mo.s.b.f.s.DefaultSingletonBeanRegistry&amp#27;[0;39m: Creating shared instance of singleton bean 'studentService'
&amp#27;[30m2025-04-16 08:52:27,725&amp#27;[0;39m &amp#27;[39mDEBUG&amp#27;[0;39m [&amp#27;[34mmain&amp#27;[0;39m] &amp#27;[33mo.s.b.f.s.DefaultSingletonBeanRegistry&amp#27;[0;39m: Creating shared instance of singleton bean 'studentRepository'
&amp#27;[30m2025-04-16 08:52:27,726&amp#27;[0;39m &amp#27;[39mDEBUG&amp#27;[0;39m [&amp#27;[34mmain&amp#27;[0;39m] &amp#27;[33mo.s.b.f.s.DefaultSingletonBeanRegistry&amp#27;[0;39m: Creating shared instance of singleton bean 'jpa.named-queries#1'
&amp#27;[30m2025-04-16 08:52:27,728&amp#27;[0;39m &amp#27;[39mDEBUG&amp#27;[0;39m [&amp#27;[34mmain&amp#27;[0;39m] &amp#27;[33mo.s.b.f.s.DefaultSingletonBeanRegistry&amp#27;[0;39m: Creating shared instance of singleton bean 'jpa.StudentRepository.fragments#0'
&amp#27;[30m2025-04-16 08:52:27,730&amp#27;[0;39m &amp#27;[39mDEBUG&amp#27;[0;39m [&amp#27;[34mmain&amp#27;[0;39m] &amp#27;[33mo.s.o.j.SharedEntityManagerCreator$SharedEntityManagerInvocationHandler&amp#27;[0;39m: Creating new EntityManager for shared EntityManager invocation
&amp#27;[30m2025-04-16 08:52:27,731&amp#27;[0;39m &amp#27;[39mDEBUG&amp#27;[0;39m [&amp#27;[34mmain&amp#27;[0;39m] &amp#27;[33mo.s.d.r.c.s.RepositoryFactorySupport&amp#27;[0;39m: Initializing repository instance for in.rgukt.r081247.universityapi.repository.StudentRepository…
&amp#27;[30m2025-04-16 08:52:27,732&amp#27;[0;39m &amp#27;[39mDEBUG&amp#27;[0;39m [&amp#27;[34mmain&amp#27;[0;39m] &amp#27;[33mo.s.o.j.SharedEntityManagerCreator$SharedEntityManagerInvocationHandler&amp#27;[0;39m: Creating new EntityManager for shared EntityManager invocation
&amp#27;[30m2025-04-16 08:52:27,733&amp#27;[0;39m &amp#27;[39mDEBUG&amp#27;[0;39m [&amp#27;[34mmain&amp#27;[0;39m] &amp#27;[33mo.s.d.r.c.s.RepositoryFactorySupport&amp#27;[0;39m: Finished creation of repository instance for in.rgukt.r081247.universityapi.repository.StudentRepository.
&amp#27;[30m2025-04-16 08:52:27,737&amp#27;[0;39m &amp#27;[39mDEBUG&amp#27;[0;39m [&amp#27;[34mmain&amp#27;[0;39m] &amp#27;[33mo.s.b.f.s.DefaultSingletonBeanRegistry&amp#27;[0;39m: Creating shared instance of singleton bean 'testController'
&amp#27;[30m2025-04-16 08:52:27,737&amp#27;[0;39m &amp#27;[39mDEBUG&amp#27;[0;39m [&amp#27;[34mmain&amp#27;[0;39m] &amp#27;[33mo.s.b.f.s.DefaultSingletonBeanRegistry&amp#27;[0;39m: Creating shared instance of singleton bean 'customExceptionHandler'
&amp#27;[30m2025-04-16 08:52:27,738&amp#27;[0;39m &amp#27;[39mDEBUG&amp#27;[0;39m [&amp#27;[34mmain&amp#27;[0;39m] &amp#27;[33mo.s.b.f.s.DefaultSingletonBeanRegistry&amp#27;[0;39m: Creating shared instance of singleton bean 'org.springframework.data.jpa.util.JpaMetamodelCacheCleanup'
&amp#27;[30m2025-04-16 08:52:27,739&amp#27;[0;39m &amp#27;[39mDEBUG&amp#27;[0;39m [&amp#27;[34mmain&amp#27;[0;39m] &amp#27;[33mo.s.b.f.s.DefaultSingletonBeanRegistry&amp#27;[0;39m: Creating shared instance of singleton bean 'org.springframework.data.jpa.repository.support.JpaEvaluationContextExtension'
&amp#27;[30m2025-04-16 08:52:27,739&amp#27;[0;39m &amp#27;[39mDEBUG&amp#27;[0;39m [&amp#27;[34mmain&amp#27;[0;39m] &amp#27;[33mo.s.b.f.s.DefaultSingletonBeanRegistry&amp#27;[0;39m: Creating shared instance of singleton bean 'jpa.named-queries#0'
&amp#27;[30m2025-04-16 08:52:27,740&amp#27;[0;39m &amp#27;[39mDEBUG&amp#27;[0;39m [&amp#27;[34mmain&amp#27;[0;39m] &amp#27;[33mo.s.b.f.s.DefaultSingletonBeanRegistry&amp#27;[0;39m: Creating shared instance of singleton bean 'jpa.DepartmentRepository.fragments#0'
&amp#27;[30m2025-04-16 08:52:27,740&amp#27;[0;39m &amp#27;[39mDEBUG&amp#27;[0;39m [&amp#27;[34mmain&amp#27;[0;39m] &amp#27;[33mo.s.b.f.s.DefaultSingletonBeanRegistry&amp#27;[0;39m: Creating shared instance of singleton bean 'data-jpa.repository-aot-processor#0'
&amp#27;[30m2025-04-16 08:52:27,741&amp#27;[0;39m &amp#27;[39mDEBUG&amp#27;[0;39m [&amp#27;[34mmain&amp#27;[0;39m] &amp#27;[33mo.s.b.f.s.DefaultSingletonBeanRegistry&amp#27;[0;39m: Creating shared instance of singleton bean 'org.springframework.security.config.annotation.configuration.ObjectPostProcessorConfiguration'
&amp#27;[30m2025-04-16 08:52:27,742&amp#27;[0;39m &amp#27;[39mDEBUG&amp#27;[0;39m [&amp#27;[34mmain&amp#27;[0;39m] &amp#27;[33mo.s.b.f.s.DefaultSingletonBeanRegistry&amp#27;[0;39m: Creating shared instance of singleton bean 'objectPostProcessor'
&amp#27;[30m2025-04-16 08:52:27,742&amp#27;[0;39m &amp#27;[39mDEBUG&amp#27;[0;39m [&amp#27;[34mmain&amp#27;[0;39m] &amp#27;[33mo.s.b.f.s.ConstructorResolver&amp#27;[0;39m: Autowiring by type from bean name 'objectPostProcessor' via factory method to bean named 'org.springframework.beans.factory.support.DefaultListableBeanFactory@79d538c1'
&amp#27;[30m2025-04-16 08:52:27,743&amp#27;[0;39m &amp#27;[39mDEBUG&amp#27;[0;39m [&amp#27;[34mmain&amp#27;[0;39m] &amp#27;[33mo.s.b.f.s.DefaultSingletonBeanRegistry&amp#27;[0;39m: Creating shared instance of singleton bean 'org.springframework.security.config.annotation.authentication.configuration.AuthenticationConfiguration'
&amp#27;[30m2025-04-16 08:52:27,744&amp#27;[0;39m &amp#27;[39mDEBUG&amp#27;[0;39m [&amp#27;[34mmain&amp#27;[0;39m] &amp#27;[33mo.s.b.f.s.DefaultSingletonBeanRegistry&amp#27;[0;39m: Creating shared instance of singleton bean 'enableGlobalAuthenticationAutowiredConfigurer'
&amp#27;[30m2025-04-16 08:52:27,744&amp#27;[0;39m &amp#27;[39mDEBUG&amp#27;[0;39m [&amp#27;[34mmain&amp#27;[0;39m] &amp#27;[33mo.s.b.f.s.ConstructorResolver&amp#27;[0;39m: Autowiring by type from bean name 'enableGlobalAuthenticationAutowiredConfigurer' via factory method to bean named 'org.springframework.web.context.support.GenericWebApplicationContext@77e8492f'
&amp#27;[30m2025-04-16 08:52:27,745&amp#27;[0;39m &amp#27;[39mDEBUG&amp#27;[0;39m [&amp#27;[34mmain&amp#27;[0;39m] &amp#27;[33mo.s.b.f.s.DefaultSingletonBeanRegistry&amp#27;[0;39m: Creating shared instance of singleton bean 'initializeUserDetailsBeanManagerConfigurer'
&amp#27;[30m2025-04-16 08:52:27,745&amp#27;[0;39m &amp#27;[39mDEBUG&amp#27;[0;39m [&amp#27;[34mmain&amp#27;[0;39m] &amp#27;[33mo.s.b.f.s.ConstructorResolver&amp#27;[0;39m: Autowiring by type from bean name 'initializeUserDetailsBeanManagerConfigurer' via factory method to bean named 'org.springframework.web.context.support.GenericWebApplicationContext@77e8492f'
&amp#27;[30m2025-04-16 08:52:27,745&amp#27;[0;39m &amp#27;[39mDEBUG&amp#27;[0;39m [&amp#27;[34mmain&amp#27;[0;39m] &amp#27;[33mo.s.b.f.s.DefaultSingletonBeanRegistry&amp#27;[0;39m: Creating shared instance of singleton bean 'initializeAuthenticationProviderBeanManagerConfigurer'
&amp#27;[30m2025-04-16 08:52:27,746&amp#27;[0;39m &amp#27;[39mDEBUG&amp#27;[0;39m [&amp#27;[34mmain&amp#27;[0;39m] &amp#27;[33mo.s.b.f.s.ConstructorResolver&amp#27;[0;39m: Autowiring by type from bean name 'initializeAuthenticationProviderBeanManagerConfigurer' via factory method to bean named 'org.springframework.web.context.support.GenericWebApplicationContext@77e8492f'
&amp#27;[30m2025-04-16 08:52:27,747&amp#27;[0;39m &amp#27;[39mDEBUG&amp#27;[0;39m [&amp#27;[34mmain&amp#27;[0;39m] &amp#27;[33mo.s.b.f.s.DefaultSingletonBeanRegistry&amp#27;[0;39m: Creating shared instance of singleton bean 'authenticationManagerBuilder'
&amp#27;[30m2025-04-16 08:52:27,747&amp#27;[0;39m &amp#27;[39mDEBUG&amp#27;[0;39m [&amp#27;[34mmain&amp#27;[0;39m] &amp#27;[33mo.s.b.f.s.ConstructorResolver&amp#27;[0;39m: Autowiring by type from bean name 'authenticationManagerBuilder' via factory method to bean named 'objectPostProcessor'
&amp#27;[30m2025-04-16 08:52:27,747&amp#27;[0;39m &amp#27;[39mDEBUG&amp#27;[0;39m [&amp#27;[34mmain&amp#27;[0;39m] &amp#27;[33mo.s.b.f.s.ConstructorResolver&amp#27;[0;39m: Autowiring by type from bean name 'authenticationManagerBuilder' via factory method to bean named 'org.springframework.web.context.support.GenericWebApplicationContext@77e8492f'
&amp#27;[30m2025-04-16 08:52:27,747&amp#27;[0;39m &amp#27;[39mDEBUG&amp#27;[0;39m [&amp#27;[34mmain&amp#27;[0;39m] &amp#27;[33mo.s.b.f.s.DefaultSingletonBeanRegistry&amp#27;[0;39m: Creating shared instance of singleton bean 'authenticationEventPublisher'
&amp#27;[30m2025-04-16 08:52:27,747&amp#27;[0;39m &amp#27;[39mDEBUG&amp#27;[0;39m [&amp#27;[34mmain&amp#27;[0;39m] &amp#27;[33mo.s.b.f.s.DefaultSingletonBeanRegistry&amp#27;[0;39m: Creating shared instance of singleton bean 'org.springframework.boot.autoconfigure.security.servlet.SecurityAutoConfiguration'
&amp#27;[30m2025-04-16 08:52:27,748&amp#27;[0;39m &amp#27;[39mDEBUG&amp#27;[0;39m [&amp#27;[34mmain&amp#27;[0;39m] &amp#27;[33mo.s.b.f.s.ConstructorResolver&amp#27;[0;39m: Autowiring by type from bean name 'authenticationEventPublisher' via factory method to bean named 'org.springframework.web.context.support.GenericWebApplicationContext@77e8492f'
&amp#27;[30m2025-04-16 08:52:27,750&amp#27;[0;39m &amp#27;[39mDEBUG&amp#27;[0;39m [&amp#27;[34mmain&amp#27;[0;39m] &amp#27;[33mo.s.b.f.s.DefaultSingletonBeanRegistry&amp#27;[0;39m: Creating shared instance of singleton bean 'org.springframework.security.config.annotation.web.configuration.WebSecurityConfiguration'
&amp#27;[30m2025-04-16 08:52:27,751&amp#27;[0;39m &amp#27;[39mDEBUG&amp#27;[0;39m [&amp#27;[34mmain&amp#27;[0;39m] &amp#27;[33mo.s.b.f.s.DefaultSingletonBeanRegistry&amp#27;[0;39m: Creating shared instance of singleton bean 'org.springframework.security.config.annotation.web.configuration.HttpSecurityConfiguration'
&amp#27;[30m2025-04-16 08:52:27,753&amp#27;[0;39m &amp#27;[39mDEBUG&amp#27;[0;39m [&amp#27;[34mmain&amp#27;[0;39m] &amp#27;[33mo.s.b.f.s.DefaultSingletonBeanRegistry&amp#27;[0;39m: Creating shared instance of singleton bean 'mvcContentNegotiationManager'
&amp#27;[30m2025-04-16 08:52:27,754&amp#27;[0;39m &amp#27;[39mDEBUG&amp#27;[0;39m [&amp#27;[34mmain&amp#27;[0;39m] &amp#27;[33mo.s.b.f.s.DefaultSingletonBeanRegistry&amp#27;[0;39m: Creating shared instance of singleton bean 'org.springframework.boot.autoconfigure.web.servlet.WebMvcAutoConfiguration$EnableWebMvcConfiguration'
&amp#27;[30m2025-04-16 08:52:27,754&amp#27;[0;39m &amp#27;[39mDEBUG&amp#27;[0;39m [&amp#27;[34mHikariPool-2 connection adder&amp#27;[0;39m] &amp#27;[33mc.z.h.p.HikariPool&amp#27;[0;39m: HikariPool-2 - After adding stats (total=4, active=0, idle=4, waiting=0)
&amp#27;[30m2025-04-16 08:52:27,754&amp#27;[0;39m &amp#27;[39mDEBUG&amp#27;[0;39m [&amp#27;[34mmain&amp#27;[0;39m] &amp#27;[33mo.s.b.f.s.DefaultSingletonBeanRegistry&amp#27;[0;39m: Creating shared instance of singleton bean 'spring.mvc-org.springframework.boot.autoconfigure.web.servlet.WebMvcProperties'
&amp#27;[30m2025-04-16 08:52:27,755&amp#27;[0;39m &amp#27;[39mDEBUG&amp#27;[0;39m [&amp#27;[34mHikariPool-2 connection adder&amp#27;[0;39m] &amp#27;[33mc.z.h.p.HikariPool$PoolEntryCreator&amp#27;[0;39m: HikariPool-2 - Added connection conn14: url=jdbc:h2:mem:db user=SA
&amp#27;[30m2025-04-16 08:52:27,758&amp#27;[0;39m &amp#27;[39mDEBUG&amp#27;[0;39m [&amp#27;[34mmain&amp#27;[0;39m] &amp#27;[33mo.s.b.f.s.DefaultSingletonBeanRegistry&amp#27;[0;39m: Creating shared instance of singleton bean 'spring.web-org.springframework.boot.autoconfigure.web.WebProperties'
&amp#27;[30m2025-04-16 08:52:27,759&amp#27;[0;39m &amp#27;[39mDEBUG&amp#27;[0;39m [&amp#27;[34mmain&amp#27;[0;39m] &amp#27;[33mo.s.b.f.s.ConstructorResolver&amp#27;[0;39m: Autowiring by type from bean name 'org.springframework.boot.autoconfigure.web.servlet.WebMvcAutoConfiguration$EnableWebMvcConfiguration' via constructor to bean named 'spring.mvc-org.springframework.boot.autoconfigure.web.servlet.WebMvcProperties'
&amp#27;[30m2025-04-16 08:52:27,760&amp#27;[0;39m &amp#27;[39mDEBUG&amp#27;[0;39m [&amp#27;[34mmain&amp#27;[0;39m] &amp#27;[33mo.s.b.f.s.ConstructorResolver&amp#27;[0;39m: Autowiring by type from bean name 'org.springframework.boot.autoconfigure.web.servlet.WebMvcAutoConfiguration$EnableWebMvcConfiguration' via constructor to bean named 'spring.web-org.springframework.boot.autoconfigure.web.WebProperties'
&amp#27;[30m2025-04-16 08:52:27,760&amp#27;[0;39m &amp#27;[39mDEBUG&amp#27;[0;39m [&amp#27;[34mmain&amp#27;[0;39m] &amp#27;[33mo.s.b.f.s.ConstructorResolver&amp#27;[0;39m: Autowiring by type from bean name 'org.springframework.boot.autoconfigure.web.servlet.WebMvcAutoConfiguration$EnableWebMvcConfiguration' via constructor to bean named 'org.springframework.beans.factory.support.DefaultListableBeanFactory@79d538c1'
&amp#27;[30m2025-04-16 08:52:27,762&amp#27;[0;39m &amp#27;[39mDEBUG&amp#27;[0;39m [&amp#27;[34mmain&amp#27;[0;39m] &amp#27;[33mo.s.b.f.s.DefaultSingletonBeanRegistry&amp#27;[0;39m: Creating shared instance of singleton bean 'org.springframework.security.config.annotation.web.configuration.WebMvcSecurityConfiguration'
&amp#27;[30m2025-04-16 08:52:27,763&amp#27;[0;39m &amp#27;[39mDEBUG&amp#27;[0;39m [&amp#27;[34mmain&amp#27;[0;39m] &amp#27;[33mo.s.b.f.s.DefaultSingletonBeanRegistry&amp#27;[0;39m: Creating shared instance of singleton bean 'org.springframework.boot.autoconfigure.web.servlet.WebMvcAutoConfiguration$WebMvcAutoConfigurationAdapter'
&amp#27;[30m2025-04-16 08:52:27,764&amp#27;[0;39m &amp#27;[39mDEBUG&amp#27;[0;39m [&amp#27;[34mmain&amp#27;[0;39m] &amp#27;[33mo.s.b.f.s.ConstructorResolver&amp#27;[0;39m: Autowiring by type from bean name 'org.springframework.boot.autoconfigure.web.servlet.WebMvcAutoConfiguration$WebMvcAutoConfigurationAdapter' via constructor to bean named 'spring.web-org.springframework.boot.autoconfigure.web.WebProperties'
&amp#27;[30m2025-04-16 08:52:27,765&amp#27;[0;39m &amp#27;[39mDEBUG&amp#27;[0;39m [&amp#27;[34mmain&amp#27;[0;39m] &amp#27;[33mo.s.b.f.s.ConstructorResolver&amp#27;[0;39m: Autowiring by type from bean name 'org.springframework.boot.autoconfigure.web.servlet.WebMvcAutoConfiguration$WebMvcAutoConfigurationAdapter' via constructor to bean named 'spring.mvc-org.springframework.boot.autoconfigure.web.servlet.WebMvcProperties'
&amp#27;[30m2025-04-16 08:52:27,765&amp#27;[0;39m &amp#27;[39mDEBUG&amp#27;[0;39m [&amp#27;[34mmain&amp#27;[0;39m] &amp#27;[33mo.s.b.f.s.ConstructorResolver&amp#27;[0;39m: Autowiring by type from bean name 'org.springframework.boot.autoconfigure.web.servlet.WebMvcAutoConfiguration$WebMvcAutoConfigurationAdapter' via constructor to bean named 'org.springframework.beans.factory.support.DefaultListableBeanFactory@79d538c1'
&amp#27;[30m2025-04-16 08:52:27,767&amp#27;[0;39m &amp#27;[39mDEBUG&amp#27;[0;39m [&amp#27;[34mmain&amp#27;[0;39m] &amp#27;[33mo.s.b.f.s.DefaultSingletonBeanRegistry&amp#27;[0;39m: Creating shared instance of singleton bean 'openEntityManagerInViewInterceptorConfigurer'
&amp#27;[30m2025-04-16 08:52:27,767&amp#27;[0;39m &amp#27;[39mDEBUG&amp#27;[0;39m [&amp#27;[34mmain&amp#27;[0;39m] &amp#27;[33mo.s.b.f.s.DefaultSingletonBeanRegistry&amp#27;[0;39m: Creating shared instance of singleton bean 'org.springframework.boot.autoconfigure.orm.jpa.JpaBaseConfiguration$JpaWebConfiguration'
&amp#27;[30m2025-04-16 08:52:27,768&amp#27;[0;39m &amp#27;[39mDEBUG&amp#27;[0;39m [&amp#27;[34mmain&amp#27;[0;39m] &amp#27;[33mo.s.b.f.s.ConstructorResolver&amp#27;[0;39m: Autowiring by type from bean name 'org.springframework.boot.autoconfigure.orm.jpa.JpaBaseConfiguration$JpaWebConfiguration' via constructor to bean named 'spring.jpa-org.springframework.boot.autoconfigure.orm.jpa.JpaProperties'
&amp#27;[30m2025-04-16 08:52:27,769&amp#27;[0;39m &amp#27;[39mDEBUG&amp#27;[0;39m [&amp#27;[34mmain&amp#27;[0;39m] &amp#27;[33mo.s.b.f.s.DefaultSingletonBeanRegistry&amp#27;[0;39m: Creating shared instance of singleton bean 'openEntityManagerInViewInterceptor'
&amp#27;[30m2025-04-16 08:52:27,769&amp#27;[0;39m &amp#27;[31mWARN &amp#27;[0;39m [&amp#27;[34mmain&amp#27;[0;39m] &amp#27;[33mo.s.b.a.o.j.JpaBaseConfiguration$JpaWebConfiguration&amp#27;[0;39m: spring.jpa.open-in-view is enabled by default. Therefore, database queries may be performed during view rendering. Explicitly configure spring.jpa.open-in-view to disable this warning
&amp#27;[30m2025-04-16 08:52:27,770&amp#27;[0;39m &amp#27;[39mDEBUG&amp#27;[0;39m [&amp#27;[34mmain&amp#27;[0;39m] &amp#27;[33mo.s.b.f.s.ConstructorResolver&amp#27;[0;39m: Autowiring by type from bean name 'openEntityManagerInViewInterceptorConfigurer' via factory method to bean named 'openEntityManagerInViewInterceptor'
&amp#27;[30m2025-04-16 08:52:27,771&amp#27;[0;39m &amp#27;[39mDEBUG&amp#27;[0;39m [&amp#27;[34mmain&amp#27;[0;39m] &amp#27;[33mo.s.b.f.s.DefaultSingletonBeanRegistry&amp#27;[0;39m: Creating shared instance of singleton bean 'org.springframework.data.web.config.SpringDataWebConfiguration'
&amp#27;[30m2025-04-16 08:52:27,771&amp#27;[0;39m &amp#27;[39mDEBUG&amp#27;[0;39m [&amp#27;[34mmain&amp#27;[0;39m] &amp#27;[33mo.s.b.f.s.ConstructorResolver&amp#27;[0;39m: Autowiring by type from bean name 'org.springframework.data.web.config.SpringDataWebConfiguration' via constructor to bean named 'org.springframework.web.context.support.GenericWebApplicationContext@77e8492f'
&amp#27;[30m2025-04-16 08:52:27,779&amp#27;[0;39m &amp#27;[39mDEBUG&amp#27;[0;39m [&amp#27;[34mmain&amp#27;[0;39m] &amp#27;[33mo.s.b.f.s.DefaultSingletonBeanRegistry&amp#27;[0;39m: Creating shared instance of singleton bean 'userDetailsService'
&amp#27;[30m2025-04-16 08:52:27,780&amp#27;[0;39m &amp#27;[39mDEBUG&amp#27;[0;39m [&amp#27;[34mmain&amp#27;[0;39m] &amp#27;[33mo.s.b.f.s.DefaultSingletonBeanRegistry&amp#27;[0;39m: Creating shared instance of singleton bean 'passwordEncoder'
&amp#27;[30m2025-04-16 08:52:27,785&amp#27;[0;39m &amp#27;[39mDEBUG&amp#27;[0;39m [&amp#27;[34mHikariPool-2 connection adder&amp#27;[0;39m] &amp#27;[33mc.z.h.p.HikariPool&amp#27;[0;39m: HikariPool-2 - After adding stats (total=5, active=0, idle=5, waiting=0)
&amp#27;[30m2025-04-16 08:52:27,786&amp#27;[0;39m &amp#27;[39mDEBUG&amp#27;[0;39m [&amp#27;[34mHikariPool-2 connection adder&amp#27;[0;39m] &amp#27;[33mc.z.h.p.HikariPool$PoolEntryCreator&amp#27;[0;39m: HikariPool-2 - Added connection conn15: url=jdbc:h2:mem:db user=SA
&amp#27;[30m2025-04-16 08:52:27,816&amp#27;[0;39m &amp#27;[39mDEBUG&amp#27;[0;39m [&amp#27;[34mHikariPool-2 connection adder&amp#27;[0;39m] &amp#27;[33mc.z.h.p.HikariPool&amp#27;[0;39m: HikariPool-2 - After adding stats (total=6, active=0, idle=6, waiting=0)
&amp#27;[30m2025-04-16 08:52:27,818&amp#27;[0;39m &amp#27;[39mDEBUG&amp#27;[0;39m [&amp#27;[34mHikariPool-2 connection adder&amp#27;[0;39m] &amp#27;[33mc.z.h.p.HikariPool$PoolEntryCreator&amp#27;[0;39m: HikariPool-2 - Added connection conn16: url=jdbc:h2:mem:db user=SA
&amp#27;[30m2025-04-16 08:52:27,848&amp#27;[0;39m &amp#27;[39mDEBUG&amp#27;[0;39m [&amp#27;[34mHikariPool-2 connection adder&amp#27;[0;39m] &amp#27;[33mc.z.h.p.HikariPool&amp#27;[0;39m: HikariPool-2 - After adding stats (total=7, active=0, idle=7, waiting=0)
&amp#27;[30m2025-04-16 08:52:27,849&amp#27;[0;39m &amp#27;[39mDEBUG&amp#27;[0;39m [&amp#27;[34mHikariPool-2 connection adder&amp#27;[0;39m] &amp#27;[33mc.z.h.p.HikariPool$PoolEntryCreator&amp#27;[0;39m: HikariPool-2 - Added connection conn17: url=jdbc:h2:mem:db user=SA
&amp#27;[30m2025-04-16 08:52:27,880&amp#27;[0;39m &amp#27;[39mDEBUG&amp#27;[0;39m [&amp#27;[34mHikariPool-2 connection adder&amp#27;[0;39m] &amp#27;[33mc.z.h.p.HikariPool&amp#27;[0;39m: HikariPool-2 - After adding stats (total=8, active=0, idle=8, waiting=0)
&amp#27;[30m2025-04-16 08:52:27,881&amp#27;[0;39m &amp#27;[39mDEBUG&amp#27;[0;39m [&amp#27;[34mHikariPool-2 connection adder&amp#27;[0;39m] &amp#27;[33mc.z.h.p.HikariPool$PoolEntryCreator&amp#27;[0;39m: HikariPool-2 - Added connection conn18: url=jdbc:h2:mem:db user=SA
&amp#27;[30m2025-04-16 08:52:27,911&amp#27;[0;39m &amp#27;[39mDEBUG&amp#27;[0;39m [&amp#27;[34mHikariPool-2 connection adder&amp#27;[0;39m] &amp#27;[33mc.z.h.p.HikariPool&amp#27;[0;39m: HikariPool-2 - After adding stats (total=9, active=0, idle=9, waiting=0)
&amp#27;[30m2025-04-16 08:52:27,913&amp#27;[0;39m &amp#27;[39mDEBUG&amp#27;[0;39m [&amp#27;[34mHikariPool-2 connection adder&amp#27;[0;39m] &amp#27;[33mc.z.h.p.HikariPool$PoolEntryCreator&amp#27;[0;39m: HikariPool-2 - Added connection conn19: url=jdbc:h2:mem:db user=SA
&amp#27;[30m2025-04-16 08:52:27,927&amp#27;[0;39m &amp#27;[34mINFO &amp#27;[0;39m [&amp#27;[34mmain&amp#27;[0;39m] &amp#27;[33mo.s.s.c.a.a.c.InitializeUserDetailsBeanManagerConfigurer$InitializeUserDetailsManagerConfigurer&amp#27;[0;39m: Global AuthenticationManager configured with UserDetailsService bean with name userDetailsService
&amp#27;[30m2025-04-16 08:52:27,930&amp#27;[0;39m &amp#27;[39mDEBUG&amp#27;[0;39m [&amp#27;[34mmain&amp#27;[0;39m] &amp#27;[33mo.s.b.f.s.DefaultSingletonBeanRegistry&amp#27;[0;39m: Creating shared instance of singleton bean 'filterChainDecoratorPostProcessor'
&amp#27;[30m2025-04-16 08:52:27,930&amp#27;[0;39m &amp#27;[39mDEBUG&amp#27;[0;39m [&amp#27;[34mmain&amp#27;[0;39m] &amp#27;[33mo.s.b.f.s.DefaultSingletonBeanRegistry&amp#27;[0;39m: Creating shared instance of singleton bean 'mvcHandlerMappingIntrospectorRequestTransformer'
&amp#27;[30m2025-04-16 08:52:27,931&amp#27;[0;39m &amp#27;[39mDEBUG&amp#27;[0;39m [&amp#27;[34mmain&amp#27;[0;39m] &amp#27;[33mo.s.b.f.s.DefaultSingletonBeanRegistry&amp#27;[0;39m: Creating shared instance of singleton bean 'mvcHandlerMappingIntrospector'
&amp#27;[30m2025-04-16 08:52:27,931&amp#27;[0;39m &amp#27;[39mDEBUG&amp#27;[0;39m [&amp#27;[34mmain&amp#27;[0;39m] &amp#27;[33mo.s.b.f.s.DefaultSingletonBeanRegistry&amp#27;[0;39m: Creating shared instance of singleton bean 'welcomePageHandlerMapping'
&amp#27;[30m2025-04-16 08:52:27,931&amp#27;[0;39m &amp#27;[39mDEBUG&amp#27;[0;39m [&amp#27;[34mmain&amp#27;[0;39m] &amp#27;[33mo.s.b.f.s.DefaultSingletonBeanRegistry&amp#27;[0;39m: Creating shared instance of singleton bean 'mvcConversionService'
&amp#27;[30m2025-04-16 08:52:27,933&amp#27;[0;39m &amp#27;[39mDEBUG&amp#27;[0;39m [&amp#27;[34mmain&amp#27;[0;39m] &amp#27;[33mo.s.b.f.s.DefaultSingletonBeanRegistry&amp#27;[0;39m: Creating shared instance of singleton bean 'mvcResourceUrlProvider'
&amp#27;[30m2025-04-16 08:52:27,933&amp#27;[0;39m &amp#27;[39mDEBUG&amp#27;[0;39m [&amp#27;[34mmain&amp#27;[0;39m] &amp#27;[33mo.s.b.f.s.ConstructorResolver&amp#27;[0;39m: Autowiring by type from bean name 'welcomePageHandlerMapping' via factory method to bean named 'org.springframework.web.context.support.GenericWebApplicationContext@77e8492f'
&amp#27;[30m2025-04-16 08:52:27,934&amp#27;[0;39m &amp#27;[39mDEBUG&amp#27;[0;39m [&amp#27;[34mmain&amp#27;[0;39m] &amp#27;[33mo.s.b.f.s.ConstructorResolver&amp#27;[0;39m: Autowiring by type from bean name 'welcomePageHandlerMapping' via factory method to bean named 'mvcConversionService'
&amp#27;[30m2025-04-16 08:52:27,934&amp#27;[0;39m &amp#27;[39mDEBUG&amp#27;[0;39m [&amp#27;[34mmain&amp#27;[0;39m] &amp#27;[33mo.s.b.f.s.ConstructorResolver&amp#27;[0;39m: Autowiring by type from bean name 'welcomePageHandlerMapping' via factory method to bean named 'mvcResourceUrlProvider'
&amp#27;[30m2025-04-16 08:52:27,937&amp#27;[0;39m &amp#27;[39mDEBUG&amp#27;[0;39m [&amp#27;[34mmain&amp#27;[0;39m] &amp#27;[33mo.s.b.f.s.DefaultSingletonBeanRegistry&amp#27;[0;39m: Creating shared instance of singleton bean 'welcomePageNotAcceptableHandlerMapping'
&amp#27;[30m2025-04-16 08:52:27,937&amp#27;[0;39m &amp#27;[39mDEBUG&amp#27;[0;39m [&amp#27;[34mmain&amp#27;[0;39m] &amp#27;[33mo.s.b.f.s.ConstructorResolver&amp#27;[0;39m: Autowiring by type from bean name 'welcomePageNotAcceptableHandlerMapping' via factory method to bean named 'org.springframework.web.context.support.GenericWebApplicationContext@77e8492f'
&amp#27;[30m2025-04-16 08:52:27,937&amp#27;[0;39m &amp#27;[39mDEBUG&amp#27;[0;39m [&amp#27;[34mmain&amp#27;[0;39m] &amp#27;[33mo.s.b.f.s.ConstructorResolver&amp#27;[0;39m: Autowiring by type from bean name 'welcomePageNotAcceptableHandlerMapping' via factory method to bean named 'mvcConversionService'
&amp#27;[30m2025-04-16 08:52:27,937&amp#27;[0;39m &amp#27;[39mDEBUG&amp#27;[0;39m [&amp#27;[34mmain&amp#27;[0;39m] &amp#27;[33mo.s.b.f.s.ConstructorResolver&amp#27;[0;39m: Autowiring by type from bean name 'welcomePageNotAcceptableHandlerMapping' via factory method to bean named 'mvcResourceUrlProvider'
&amp#27;[30m2025-04-16 08:52:27,940&amp#27;[0;39m &amp#27;[39mDEBUG&amp#27;[0;39m [&amp#27;[34mmain&amp#27;[0;39m] &amp#27;[33mo.s.b.f.s.DefaultSingletonBeanRegistry&amp#27;[0;39m: Creating shared instance of singleton bean 'requestMappingHandlerMapping'
&amp#27;[30m2025-04-16 08:52:27,941&amp#27;[0;39m &amp#27;[39mDEBUG&amp#27;[0;39m [&amp#27;[34mmain&amp#27;[0;39m] &amp#27;[33mo.s.b.f.s.ConstructorResolver&amp#27;[0;39m: Autowiring by type from bean name 'requestMappingHandlerMapping' via factory method to bean named 'mvcContentNegotiationManager'
&amp#27;[30m2025-04-16 08:52:27,941&amp#27;[0;39m &amp#27;[39mDEBUG&amp#27;[0;39m [&amp#27;[34mmain&amp#27;[0;39m] &amp#27;[33mo.s.b.f.s.ConstructorResolver&amp#27;[0;39m: Autowiring by type from bean name 'requestMappingHandlerMapping' via factory method to bean named 'mvcConversionService'
&amp#27;[30m2025-04-16 08:52:27,941&amp#27;[0;39m &amp#27;[39mDEBUG&amp#27;[0;39m [&amp#27;[34mmain&amp#27;[0;39m] &amp#27;[33mo.s.b.f.s.ConstructorResolver&amp#27;[0;39m: Autowiring by type from bean name 'requestMappingHandlerMapping' via factory method to bean named 'mvcResourceUrlProvider'
&amp#27;[30m2025-04-16 08:52:27,943&amp#27;[0;39m &amp#27;[39mDEBUG&amp#27;[0;39m [&amp#27;[34mHikariPool-2 connection adder&amp#27;[0;39m] &amp#27;[33mc.z.h.p.HikariPool&amp#27;[0;39m: HikariPool-2 - After adding stats (total=10, active=0, idle=10, waiting=0)
&amp#27;[30m2025-04-16 08:52:27,943&amp#27;[0;39m &amp#27;[39mDEBUG&amp#27;[0;39m [&amp#27;[34mmain&amp#27;[0;39m] &amp#27;[33mo.s.w.s.h.AbstractHandlerMethodMapping&amp#27;[0;39m: 
	i.r.r.u.c.CourseController:
	{GET [/api/departments/{departmentId}/courses], produces [application/json]}: getCoursesByDepartmentId(Long)
	{GET [/api/departments/{departmentId}/courses/{courseId}], produces [application/json]}: getCourseByDepartmentId(Long,Long)
	{PUT [/api/departments/{departmentId}/courses/{courseId}], consumes [application/json], produces [application/json]}: updateCourseByDepartmentId(Long,Long,Course)
	{DELETE [/api/departments/{departmentId}/courses/{courseId}], produces [application/json]}: deleteCourseByDepartmentId(Long,Long)
	{POST [/api/departments/{departmentId}/courses], consumes [application/json], produces [application/json]}: addCourse(Long,Course)
&amp#27;[30m2025-04-16 08:52:27,945&amp#27;[0;39m &amp#27;[39mDEBUG&amp#27;[0;39m [&amp#27;[34mmain&amp#27;[0;39m] &amp#27;[33mo.s.w.s.h.AbstractHandlerMethodMapping&amp#27;[0;39m: 
	i.r.r.u.c.DepartmentController:
	{POST [/api/departments], consumes [application/json], produces [application/json]}: addDepartment(Department)
	{GET [/api/departments], produces [application/json]}: getDepartments()
	{PUT [/api/departments/{departmentId}], consumes [application/json], produces [application/json]}: updateDepartment(Long,Department)
	{GET [/api/departments/{departmentId}], produces [application/json]}: getDepartment(Long)
	{DELETE [/api/departments/{departmentId}], produces [application/json]}: deleteDepartment(Long)
&amp#27;[30m2025-04-16 08:52:27,948&amp#27;[0;39m &amp#27;[39mDEBUG&amp#27;[0;39m [&amp#27;[34mmain&amp#27;[0;39m] &amp#27;[33mo.s.w.s.h.AbstractHandlerMethodMapping&amp#27;[0;39m: 
	i.r.r.u.c.StudentController:
	{GET [/api/students], produces [application/json]}: getStudents()
	{POST [/api/students], consumes [application/json], produces [application/json]}: addStudent(Student)
	{PUT [/api/students/{studentId}], consumes [application/json], produces [application/json]}: updateStudent(Long,Student)
	{GET [/api/students/{studentId}/courses], produces [application/json]}: getCoursesByStudentId(Long)
	{POST [/api/students/{studentId}/courses/{courseId}], consumes [application/json], produces [application/json]}: addCourseByStudentId(Long,Long)
	{GET [/api/students/{studentId}], produces [application/json]}: getStudent(Long)
	{DELETE [/api/students/{studentId}], produces [application/json]}: deleteStudent(Long)
	{DELETE [/api/students/{studentId}/courses/{courseId}]}: deleteCoursesByStudentId(Long,Long)
&amp#27;[30m2025-04-16 08:52:27,950&amp#27;[0;39m &amp#27;[39mDEBUG&amp#27;[0;39m [&amp#27;[34mmain&amp#27;[0;39m] &amp#27;[33mo.s.w.s.h.AbstractHandlerMethodMapping&amp#27;[0;39m: 
	i.r.r.u.c.TestController:
	{GET [/test], produces [application/json]}: helloWorld()
&amp#27;[30m2025-04-16 08:52:27,952&amp#27;[0;39m &amp#27;[39mDEBUG&amp#27;[0;39m [&amp#27;[34mmain&amp#27;[0;39m] &amp#27;[33mo.s.w.s.h.AbstractHandlerMethodMapping&amp#27;[0;39m: 
	o.s.b.a.w.s.e.BasicErrorController:
	{ [/error]}: error(HttpServletRequest)
	{ [/error], produces [text/html]}: errorHtml(HttpServletRequest,HttpServletResponse)
&amp#27;[30m2025-04-16 08:52:27,953&amp#27;[0;39m &amp#27;[39mDEBUG&amp#27;[0;39m [&amp#27;[34mmain&amp#27;[0;39m] &amp#27;[33mo.s.w.s.h.AbstractHandlerMethodMapping&amp#27;[0;39m: 21 mappings in 'requestMappingHandlerMapping'
&amp#27;[30m2025-04-16 08:52:27,956&amp#27;[0;39m &amp#27;[39mDEBUG&amp#27;[0;39m [&amp#27;[34mmain&amp#27;[0;39m] &amp#27;[33mo.s.b.f.s.DefaultSingletonBeanRegistry&amp#27;[0;39m: Creating shared instance of singleton bean 'viewControllerHandlerMapping'
&amp#27;[30m2025-04-16 08:52:27,956&amp#27;[0;39m &amp#27;[39mDEBUG&amp#27;[0;39m [&amp#27;[34mmain&amp#27;[0;39m] &amp#27;[33mo.s.b.f.s.ConstructorResolver&amp#27;[0;39m: Autowiring by type from bean name 'viewControllerHandlerMapping' via factory method to bean named 'mvcConversionService'
&amp#27;[30m2025-04-16 08:52:27,956&amp#27;[0;39m &amp#27;[39mDEBUG&amp#27;[0;39m [&amp#27;[34mmain&amp#27;[0;39m] &amp#27;[33mo.s.b.f.s.ConstructorResolver&amp#27;[0;39m: Autowiring by type from bean name 'viewControllerHandlerMapping' via factory method to bean named 'mvcResourceUrlProvider'
&amp#27;[30m2025-04-16 08:52:27,957&amp#27;[0;39m &amp#27;[39mDEBUG&amp#27;[0;39m [&amp#27;[34mmain&amp#27;[0;39m] &amp#27;[33mo.s.b.f.s.DefaultSingletonBeanRegistry&amp#27;[0;39m: Creating shared instance of singleton bean 'beanNameHandlerMapping'
&amp#27;[30m2025-04-16 08:52:27,957&amp#27;[0;39m &amp#27;[39mDEBUG&amp#27;[0;39m [&amp#27;[34mmain&amp#27;[0;39m] &amp#27;[33mo.s.b.f.s.ConstructorResolver&amp#27;[0;39m: Autowiring by type from bean name 'beanNameHandlerMapping' via factory method to bean named 'mvcConversionService'
&amp#27;[30m2025-04-16 08:52:27,957&amp#27;[0;39m &amp#27;[39mDEBUG&amp#27;[0;39m [&amp#27;[34mmain&amp#27;[0;39m] &amp#27;[33mo.s.b.f.s.ConstructorResolver&amp#27;[0;39m: Autowiring by type from bean name 'beanNameHandlerMapping' via factory method to bean named 'mvcResourceUrlProvider'
&amp#27;[30m2025-04-16 08:52:27,958&amp#27;[0;39m &amp#27;[39mDEBUG&amp#27;[0;39m [&amp#27;[34mmain&amp#27;[0;39m] &amp#27;[33mo.s.w.s.h.AbstractDetectingUrlHandlerMapping&amp#27;[0;39m: 'beanNameHandlerMapping' {}
&amp#27;[30m2025-04-16 08:52:27,960&amp#27;[0;39m &amp#27;[39mDEBUG&amp#27;[0;39m [&amp#27;[34mmain&amp#27;[0;39m] &amp#27;[33mo.s.b.f.s.DefaultSingletonBeanRegistry&amp#27;[0;39m: Creating shared instance of singleton bean 'routerFunctionMapping'
&amp#27;[30m2025-04-16 08:52:27,960&amp#27;[0;39m &amp#27;[39mDEBUG&amp#27;[0;39m [&amp#27;[34mmain&amp#27;[0;39m] &amp#27;[33mo.s.b.f.s.ConstructorResolver&amp#27;[0;39m: Autowiring by type from bean name 'routerFunctionMapping' via factory method to bean named 'mvcConversionService'
&amp#27;[30m2025-04-16 08:52:27,960&amp#27;[0;39m &amp#27;[39mDEBUG&amp#27;[0;39m [&amp#27;[34mmain&amp#27;[0;39m] &amp#27;[33mo.s.b.f.s.ConstructorResolver&amp#27;[0;39m: Autowiring by type from bean name 'routerFunctionMapping' via factory method to bean named 'mvcResourceUrlProvider'
&amp#27;[30m2025-04-16 08:52:27,961&amp#27;[0;39m &amp#27;[39mDEBUG&amp#27;[0;39m [&amp#27;[34mmain&amp#27;[0;39m] &amp#27;[33mo.s.b.f.s.DefaultSingletonBeanRegistry&amp#27;[0;39m: Creating shared instance of singleton bean 'messageConverters'
&amp#27;[30m2025-04-16 08:52:27,961&amp#27;[0;39m &amp#27;[39mDEBUG&amp#27;[0;39m [&amp#27;[34mmain&amp#27;[0;39m] &amp#27;[33mo.s.b.f.s.DefaultSingletonBeanRegistry&amp#27;[0;39m: Creating shared instance of singleton bean 'org.springframework.boot.autoconfigure.http.HttpMessageConvertersAutoConfiguration'
&amp#27;[30m2025-04-16 08:52:27,962&amp#27;[0;39m &amp#27;[39mDEBUG&amp#27;[0;39m [&amp#27;[34mmain&amp#27;[0;39m] &amp#27;[33mo.s.b.f.s.DefaultSingletonBeanRegistry&amp#27;[0;39m: Creating shared instance of singleton bean 'stringHttpMessageConverter'
&amp#27;[30m2025-04-16 08:52:27,962&amp#27;[0;39m &amp#27;[39mDEBUG&amp#27;[0;39m [&amp#27;[34mmain&amp#27;[0;39m] &amp#27;[33mo.s.b.f.s.DefaultSingletonBeanRegistry&amp#27;[0;39m: Creating shared instance of singleton bean 'org.springframework.boot.autoconfigure.http.HttpMessageConvertersAutoConfiguration$StringHttpMessageConverterConfiguration'
&amp#27;[30m2025-04-16 08:52:27,962&amp#27;[0;39m &amp#27;[39mDEBUG&amp#27;[0;39m [&amp#27;[34mmain&amp#27;[0;39m] &amp#27;[33mo.s.b.f.s.ConstructorResolver&amp#27;[0;39m: Autowiring by type from bean name 'stringHttpMessageConverter' via factory method to bean named 'environment'
&amp#27;[30m2025-04-16 08:52:27,963&amp#27;[0;39m &amp#27;[39mDEBUG&amp#27;[0;39m [&amp#27;[34mmain&amp#27;[0;39m] &amp#27;[33mo.s.b.f.s.DefaultSingletonBeanRegistry&amp#27;[0;39m: Creating shared instance of singleton bean 'mappingJackson2HttpMessageConverter'
&amp#27;[30m2025-04-16 08:52:27,964&amp#27;[0;39m &amp#27;[39mDEBUG&amp#27;[0;39m [&amp#27;[34mmain&amp#27;[0;39m] &amp#27;[33mo.s.b.f.s.DefaultSingletonBeanRegistry&amp#27;[0;39m: Creating shared instance of singleton bean 'org.springframework.boot.autoconfigure.http.JacksonHttpMessageConvertersConfiguration$MappingJackson2HttpMessageConverterConfiguration'
&amp#27;[30m2025-04-16 08:52:27,964&amp#27;[0;39m &amp#27;[39mDEBUG&amp#27;[0;39m [&amp#27;[34mmain&amp#27;[0;39m] &amp#27;[33mo.s.b.f.s.DefaultSingletonBeanRegistry&amp#27;[0;39m: Creating shared instance of singleton bean 'jacksonObjectMapper'
&amp#27;[30m2025-04-16 08:52:27,964&amp#27;[0;39m &amp#27;[39mDEBUG&amp#27;[0;39m [&amp#27;[34mmain&amp#27;[0;39m] &amp#27;[33mo.s.b.f.s.DefaultSingletonBeanRegistry&amp#27;[0;39m: Creating shared instance of singleton bean 'org.springframework.boot.autoconfigure.jackson.JacksonAutoConfiguration$JacksonObjectMapperConfiguration'
&amp#27;[30m2025-04-16 08:52:27,965&amp#27;[0;39m &amp#27;[39mDEBUG&amp#27;[0;39m [&amp#27;[34mmain&amp#27;[0;39m] &amp#27;[33mo.s.b.f.s.DefaultSingletonBeanRegistry&amp#27;[0;39m: Creating shared instance of singleton bean 'org.springframework.boot.autoconfigure.jackson.JacksonAutoConfiguration$JacksonObjectMapperBuilderConfiguration'
&amp#27;[30m2025-04-16 08:52:27,965&amp#27;[0;39m &amp#27;[39mDEBUG&amp#27;[0;39m [&amp#27;[34mmain&amp#27;[0;39m] &amp#27;[33mo.s.b.f.s.DefaultSingletonBeanRegistry&amp#27;[0;39m: Creating shared instance of singleton bean 'standardJacksonObjectMapperBuilderCustomizer'
&amp#27;[30m2025-04-16 08:52:27,965&amp#27;[0;39m &amp#27;[39mDEBUG&amp#27;[0;39m [&amp#27;[34mmain&amp#27;[0;39m] &amp#27;[33mo.s.b.f.s.DefaultSingletonBeanRegistry&amp#27;[0;39m: Creating shared instance of singleton bean 'org.springframework.boot.autoconfigure.jackson.JacksonAutoConfiguration$Jackson2ObjectMapperBuilderCustomizerConfiguration'
&amp#27;[30m2025-04-16 08:52:27,966&amp#27;[0;39m &amp#27;[39mDEBUG&amp#27;[0;39m [&amp#27;[34mmain&amp#27;[0;39m] &amp#27;[33mo.s.b.f.s.DefaultSingletonBeanRegistry&amp#27;[0;39m: Creating shared instance of singleton bean 'spring.jackson-org.springframework.boot.autoconfigure.jackson.JacksonProperties'
&amp#27;[30m2025-04-16 08:52:27,967&amp#27;[0;39m &amp#27;[39mDEBUG&amp#27;[0;39m [&amp#27;[34mmain&amp#27;[0;39m] &amp#27;[33mo.s.b.f.s.ConstructorResolver&amp#27;[0;39m: Autowiring by type from bean name 'standardJacksonObjectMapperBuilderCustomizer' via factory method to bean named 'spring.jackson-org.springframework.boot.autoconfigure.jackson.JacksonProperties'
&amp#27;[30m2025-04-16 08:52:27,968&amp#27;[0;39m &amp#27;[39mDEBUG&amp#27;[0;39m [&amp#27;[34mmain&amp#27;[0;39m] &amp#27;[33mo.s.b.f.s.DefaultSingletonBeanRegistry&amp#27;[0;39m: Creating shared instance of singleton bean 'parameterNamesModule'
&amp#27;[30m2025-04-16 08:52:27,968&amp#27;[0;39m &amp#27;[39mDEBUG&amp#27;[0;39m [&amp#27;[34mmain&amp#27;[0;39m] &amp#27;[33mo.s.b.f.s.DefaultSingletonBeanRegistry&amp#27;[0;39m: Creating shared instance of singleton bean 'org.springframework.boot.autoconfigure.jackson.JacksonAutoConfiguration$ParameterNamesModuleConfiguration'
&amp#27;[30m2025-04-16 08:52:27,969&amp#27;[0;39m &amp#27;[39mDEBUG&amp#27;[0;39m [&amp#27;[34mmain&amp#27;[0;39m] &amp#27;[33mo.s.b.f.s.DefaultSingletonBeanRegistry&amp#27;[0;39m: Creating shared instance of singleton bean 'jsonMixinModule'
&amp#27;[30m2025-04-16 08:52:27,969&amp#27;[0;39m &amp#27;[39mDEBUG&amp#27;[0;39m [&amp#27;[34mmain&amp#27;[0;39m] &amp#27;[33mo.s.b.f.s.DefaultSingletonBeanRegistry&amp#27;[0;39m: Creating shared instance of singleton bean 'org.springframework.boot.autoconfigure.jackson.JacksonAutoConfiguration$JacksonMixinConfiguration'
&amp#27;[30m2025-04-16 08:52:27,969&amp#27;[0;39m &amp#27;[39mDEBUG&amp#27;[0;39m [&amp#27;[34mmain&amp#27;[0;39m] &amp#27;[33mo.s.b.f.s.DefaultSingletonBeanRegistry&amp#27;[0;39m: Creating shared instance of singleton bean 'jsonMixinModuleEntries'
&amp#27;[30m2025-04-16 08:52:27,970&amp#27;[0;39m &amp#27;[39mDEBUG&amp#27;[0;39m [&amp#27;[34mmain&amp#27;[0;39m] &amp#27;[33mo.s.b.f.s.ConstructorResolver&amp#27;[0;39m: Autowiring by type from bean name 'jsonMixinModuleEntries' via factory method to bean named 'org.springframework.web.context.support.GenericWebApplicationContext@77e8492f'
&amp#27;[30m2025-04-16 08:52:27,971&amp#27;[0;39m &amp#27;[39mDEBUG&amp#27;[0;39m [&amp#27;[34mmain&amp#27;[0;39m] &amp#27;[33mo.s.b.f.s.ConstructorResolver&amp#27;[0;39m: Autowiring by type from bean name 'jsonMixinModule' via factory method to bean named 'org.springframework.web.context.support.GenericWebApplicationContext@77e8492f'
&amp#27;[30m2025-04-16 08:52:27,972&amp#27;[0;39m &amp#27;[39mDEBUG&amp#27;[0;39m [&amp#27;[34mmain&amp#27;[0;39m] &amp#27;[33mo.s.b.f.s.ConstructorResolver&amp#27;[0;39m: Autowiring by type from bean name 'jsonMixinModule' via factory method to bean named 'jsonMixinModuleEntries'
&amp#27;[30m2025-04-16 08:52:27,972&amp#27;[0;39m &amp#27;[39mDEBUG&amp#27;[0;39m [&amp#27;[34mmain&amp#27;[0;39m] &amp#27;[33mo.s.b.f.s.DefaultSingletonBeanRegistry&amp#27;[0;39m: Creating shared instance of singleton bean 'jsonComponentModule'
&amp#27;[30m2025-04-16 08:52:27,972&amp#27;[0;39m &amp#27;[39mDEBUG&amp#27;[0;39m [&amp#27;[34mmain&amp#27;[0;39m] &amp#27;[33mo.s.b.f.s.DefaultSingletonBeanRegistry&amp#27;[0;39m: Creating shared instance of singleton bean 'org.springframework.boot.autoconfigure.jackson.JacksonAutoConfiguration'
&amp#27;[30m2025-04-16 08:52:27,974&amp#27;[0;39m &amp#27;[39mDEBUG&amp#27;[0;39m [&amp#27;[34mmain&amp#27;[0;39m] &amp#27;[33mo.s.b.f.s.DefaultSingletonBeanRegistry&amp#27;[0;39m: Creating shared instance of singleton bean 'jacksonGeoModule'
&amp#27;[30m2025-04-16 08:52:27,974&amp#27;[0;39m &amp#27;[39mDEBUG&amp#27;[0;39m [&amp#27;[34mmain&amp#27;[0;39m] &amp#27;[33mo.s.b.f.s.DefaultSingletonBeanRegistry&amp#27;[0;39m: Creating shared instance of singleton bean 'org.springframework.data.web.config.SpringDataJacksonConfiguration'
&amp#27;[30m2025-04-16 08:52:27,975&amp#27;[0;39m &amp#27;[39mDEBUG&amp#27;[0;39m [&amp#27;[34mmain&amp#27;[0;39m] &amp#27;[33mo.s.b.f.s.DefaultSingletonBeanRegistry&amp#27;[0;39m: Creating shared instance of singleton bean 'springDataWebSettings'
&amp#27;[30m2025-04-16 08:52:27,975&amp#27;[0;39m &amp#27;[39mDEBUG&amp#27;[0;39m [&amp#27;[34mmain&amp#27;[0;39m] &amp#27;[33mo.s.b.f.s.DefaultSingletonBeanRegistry&amp#27;[0;39m: Creating shared instance of singleton bean 'org.springframework.boot.autoconfigure.data.web.SpringDataWebAutoConfiguration'
&amp#27;[30m2025-04-16 08:52:27,975&amp#27;[0;39m &amp#27;[39mDEBUG&amp#27;[0;39m [&amp#27;[34mmain&amp#27;[0;39m] &amp#27;[33mo.s.b.f.s.DefaultSingletonBeanRegistry&amp#27;[0;39m: Creating shared instance of singleton bean 'spring.data.web-org.springframework.boot.autoconfigure.data.web.SpringDataWebProperties'
&amp#27;[30m2025-04-16 08:52:27,976&amp#27;[0;39m &amp#27;[39mDEBUG&amp#27;[0;39m [&amp#27;[34mmain&amp#27;[0;39m] &amp#27;[33mo.s.b.f.s.ConstructorResolver&amp#27;[0;39m: Autowiring by type from bean name 'org.springframework.boot.autoconfigure.data.web.SpringDataWebAutoConfiguration' via constructor to bean named 'spring.data.web-org.springframework.boot.autoconfigure.data.web.SpringDataWebProperties'
&amp#27;[30m2025-04-16 08:52:27,977&amp#27;[0;39m &amp#27;[39mDEBUG&amp#27;[0;39m [&amp#27;[34mmain&amp#27;[0;39m] &amp#27;[33mo.s.b.f.s.DefaultSingletonBeanRegistry&amp#27;[0;39m: Creating shared instance of singleton bean 'pageModule'
&amp#27;[30m2025-04-16 08:52:27,978&amp#27;[0;39m &amp#27;[39mDEBUG&amp#27;[0;39m [&amp#27;[34mmain&amp#27;[0;39m] &amp#27;[33mo.s.b.f.s.ConstructorResolver&amp#27;[0;39m: Autowiring by type from bean name 'jacksonObjectMapperBuilder' via factory method to bean named 'org.springframework.web.context.support.GenericWebApplicationContext@77e8492f'
&amp#27;[30m2025-04-16 08:52:27,978&amp#27;[0;39m &amp#27;[39mDEBUG&amp#27;[0;39m [&amp#27;[34mmain&amp#27;[0;39m] &amp#27;[33mo.s.b.f.s.ConstructorResolver&amp#27;[0;39m: Autowiring by type from bean name 'jacksonObjectMapperBuilder' via factory method to bean named 'standardJacksonObjectMapperBuilderCustomizer'
&amp#27;[30m2025-04-16 08:52:27,979&amp#27;[0;39m &amp#27;[39mDEBUG&amp#27;[0;39m [&amp#27;[34mmain&amp#27;[0;39m] &amp#27;[33mo.s.b.f.s.ConstructorResolver&amp#27;[0;39m: Autowiring by type from bean name 'jacksonObjectMapper' via factory method to bean named 'jacksonObjectMapperBuilder'
&amp#27;[30m2025-04-16 08:52:27,981&amp#27;[0;39m &amp#27;[39mDEBUG&amp#27;[0;39m [&amp#27;[34mmain&amp#27;[0;39m] &amp#27;[33mo.s.b.f.s.ConstructorResolver&amp#27;[0;39m: Autowiring by type from bean name 'mappingJackson2HttpMessageConverter' via factory method to bean named 'jacksonObjectMapper'
&amp#27;[30m2025-04-16 08:52:27,985&amp#27;[0;39m &amp#27;[39mDEBUG&amp#27;[0;39m [&amp#27;[34mmain&amp#27;[0;39m] &amp#27;[33mo.s.b.f.s.DefaultSingletonBeanRegistry&amp#27;[0;39m: Creating shared instance of singleton bean 'resourceHandlerMapping'
&amp#27;[30m2025-04-16 08:52:27,985&amp#27;[0;39m &amp#27;[39mDEBUG&amp#27;[0;39m [&amp#27;[34mmain&amp#27;[0;39m] &amp#27;[33mo.s.b.f.s.ConstructorResolver&amp#27;[0;39m: Autowiring by type from bean name 'resourceHandlerMapping' via factory method to bean named 'mvcContentNegotiationManager'
&amp#27;[30m2025-04-16 08:52:27,986&amp#27;[0;39m &amp#27;[39mDEBUG&amp#27;[0;39m [&amp#27;[34mmain&amp#27;[0;39m] &amp#27;[33mo.s.b.f.s.ConstructorResolver&amp#27;[0;39m: Autowiring by type from bean name 'resourceHandlerMapping' via factory method to bean named 'mvcConversionService'
&amp#27;[30m2025-04-16 08:52:27,986&amp#27;[0;39m &amp#27;[39mDEBUG&amp#27;[0;39m [&amp#27;[34mmain&amp#27;[0;39m] &amp#27;[33mo.s.b.f.s.ConstructorResolver&amp#27;[0;39m: Autowiring by type from bean name 'resourceHandlerMapping' via factory method to bean named 'mvcResourceUrlProvider'
&amp#27;[30m2025-04-16 08:52:27,987&amp#27;[0;39m &amp#27;[39mDEBUG&amp#27;[0;39m [&amp#27;[34mmain&amp#27;[0;39m] &amp#27;[33mo.s.w.s.h.SimpleUrlHandlerMapping&amp#27;[0;39m: 'resourceHandlerMapping' {/webjars/**=ResourceHttpRequestHandler [classpath [META-INF/resources/webjars/]], /**=ResourceHttpRequestHandler [classpath [META-INF/resources/], classpath [resources/], classpath [static/], classpath [public/], ServletContext [/]]}
&amp#27;[30m2025-04-16 08:52:27,989&amp#27;[0;39m &amp#27;[39mDEBUG&amp#27;[0;39m [&amp#27;[34mmain&amp#27;[0;39m] &amp#27;[33mo.s.b.f.s.DefaultSingletonBeanRegistry&amp#27;[0;39m: Creating shared instance of singleton bean 'defaultServletHandlerMapping'
&amp#27;[30m2025-04-16 08:52:27,991&amp#27;[0;39m &amp#27;[39mDEBUG&amp#27;[0;39m [&amp#27;[34mmain&amp#27;[0;39m] &amp#27;[33mo.s.b.f.s.DefaultSingletonBeanRegistry&amp#27;[0;39m: Creating shared instance of singleton bean 'configure'
&amp#27;[30m2025-04-16 08:52:27,991&amp#27;[0;39m &amp#27;[39mDEBUG&amp#27;[0;39m [&amp#27;[34mmain&amp#27;[0;39m] &amp#27;[33mo.s.b.f.s.ConstructorResolver&amp#27;[0;39m: Autowiring by type from bean name 'configure' via factory method to bean named 'org.springframework.security.config.annotation.web.configuration.HttpSecurityConfiguration.httpSecurity'
&amp#27;[30m2025-04-16 08:52:27,992&amp#27;[0;39m &amp#27;[39mDEBUG&amp#27;[0;39m [&amp#27;[34mmain&amp#27;[0;39m] &amp#27;[33mo.s.b.f.s.DefaultSingletonBeanRegistry&amp#27;[0;39m: Creating shared instance of singleton bean 'webAuthorizationManagerPostProcessor'
&amp#27;[30m2025-04-16 08:52:27,994&amp#27;[0;39m &amp#27;[39mDEBUG&amp#27;[0;39m [&amp#27;[34mmain&amp#27;[0;39m] &amp#27;[33mo.s.b.f.s.DefaultSingletonBeanRegistry&amp#27;[0;39m: Creating shared instance of singleton bean 'authenticationManagerPostProcessor'
&amp#27;[30m2025-04-16 08:52:27,998&amp#27;[0;39m &amp#27;[39mDEBUG&amp#27;[0;39m [&amp#27;[34mmain&amp#27;[0;39m] &amp#27;[33mo.s.s.w.DefaultSecurityFilterChain&amp#27;[0;39m: Will secure any request with filters: DisableEncodeUrlFilter, WebAsyncManagerIntegrationFilter, SecurityContextHolderFilter, HeaderWriterFilter, LogoutFilter, BasicAuthenticationFilter, RequestCacheAwareFilter, SecurityContextHolderAwareRequestFilter, AnonymousAuthenticationFilter, SessionManagementFilter, ExceptionTranslationFilter, AuthorizationFilter
&amp#27;[30m2025-04-16 08:52:28,000&amp#27;[0;39m &amp#27;[39mDEBUG&amp#27;[0;39m [&amp#27;[34mmain&amp#27;[0;39m] &amp#27;[33mo.s.b.f.s.DefaultSingletonBeanRegistry&amp#27;[0;39m: Creating shared instance of singleton bean 'delegatingApplicationListener'
&amp#27;[30m2025-04-16 08:52:28,000&amp#27;[0;39m &amp#27;[39mDEBUG&amp#27;[0;39m [&amp#27;[34mmain&amp#27;[0;39m] &amp#27;[33mo.s.b.f.s.DefaultSingletonBeanRegistry&amp#27;[0;39m: Creating shared instance of singleton bean 'springSecurityFilterChain'
&amp#27;[30m2025-04-16 08:52:28,003&amp#27;[0;39m &amp#27;[39mDEBUG&amp#27;[0;39m [&amp#27;[34mmain&amp#27;[0;39m] &amp#27;[33mo.s.b.f.s.DefaultSingletonBeanRegistry&amp#27;[0;39m: Creating shared instance of singleton bean 'webSecurityExpressionHandler'
&amp#27;[30m2025-04-16 08:52:28,003&amp#27;[0;39m &amp#27;[39mDEBUG&amp#27;[0;39m [&amp#27;[34mmain&amp#27;[0;39m] &amp#27;[33mo.s.b.f.s.DefaultSingletonBeanRegistry&amp#27;[0;39m: Creating shared instance of singleton bean 'privilegeEvaluator'
&amp#27;[30m2025-04-16 08:52:28,003&amp#27;[0;39m &amp#27;[39mDEBUG&amp#27;[0;39m [&amp#27;[34mmain&amp#27;[0;39m] &amp#27;[33mo.s.b.f.s.DefaultSingletonBeanRegistry&amp#27;[0;39m: Creating shared instance of singleton bean 'requestDataValueProcessor'
&amp#27;[30m2025-04-16 08:52:28,004&amp#27;[0;39m &amp#27;[39mDEBUG&amp#27;[0;39m [&amp#27;[34mmain&amp#27;[0;39m] &amp#27;[33mo.s.b.f.s.DefaultSingletonBeanRegistry&amp#27;[0;39m: Creating shared instance of singleton bean 'org.springframework.security.config.annotation.web.configuration.ObservationConfiguration'
&amp#27;[30m2025-04-16 08:52:28,004&amp#27;[0;39m &amp#27;[39mDEBUG&amp#27;[0;39m [&amp#27;[34mmain&amp#27;[0;39m] &amp#27;[33mo.s.b.f.s.DefaultSingletonBeanRegistry&amp#27;[0;39m: Creating shared instance of singleton bean '_prePostMethodSecurityConfiguration'
&amp#27;[30m2025-04-16 08:52:28,004&amp#27;[0;39m &amp#27;[39mDEBUG&amp#27;[0;39m [&amp#27;[34mmain&amp#27;[0;39m] &amp#27;[33mo.s.b.f.s.DefaultSingletonBeanRegistry&amp#27;[0;39m: Creating shared instance of singleton bean 'methodResultAuthorizationManagerPostProcessor'
&amp#27;[30m2025-04-16 08:52:28,006&amp#27;[0;39m &amp#27;[39mDEBUG&amp#27;[0;39m [&amp#27;[34mmain&amp#27;[0;39m] &amp#27;[33mo.s.b.f.s.DefaultSingletonBeanRegistry&amp#27;[0;39m: Creating shared instance of singleton bean 'prePostAuthorizeExpressionHintsRegistrar'
&amp#27;[30m2025-04-16 08:52:28,006&amp#27;[0;39m &amp#27;[39mDEBUG&amp#27;[0;39m [&amp#27;[34mmain&amp#27;[0;39m] &amp#27;[33mo.s.b.f.s.DefaultSingletonBeanRegistry&amp#27;[0;39m: Creating shared instance of singleton bean 'org.springframework.security.config.annotation.method.configuration.AuthorizationProxyConfiguration'
&amp#27;[30m2025-04-16 08:52:28,007&amp#27;[0;39m &amp#27;[39mDEBUG&amp#27;[0;39m [&amp#27;[34mmain&amp#27;[0;39m] &amp#27;[33mo.s.b.f.s.DefaultSingletonBeanRegistry&amp#27;[0;39m: Creating shared instance of singleton bean 'authorizeReturnObjectHintsRegistrar'
&amp#27;[30m2025-04-16 08:52:28,007&amp#27;[0;39m &amp#27;[39mDEBUG&amp#27;[0;39m [&amp#27;[34mmain&amp#27;[0;39m] &amp#27;[33mo.s.b.f.s.ConstructorResolver&amp#27;[0;39m: Autowiring by type from bean name 'authorizeReturnObjectHintsRegistrar' via factory method to bean named 'authorizationProxyFactory'
&amp#27;[30m2025-04-16 08:52:28,007&amp#27;[0;39m &amp#27;[39mDEBUG&amp#27;[0;39m [&amp#27;[34mmain&amp#27;[0;39m] &amp#27;[33mo.s.b.f.s.DefaultSingletonBeanRegistry&amp#27;[0;39m: Creating shared instance of singleton bean 'org.springframework.security.config.annotation.method.configuration.MethodObservationConfiguration'
&amp#27;[30m2025-04-16 08:52:28,008&amp#27;[0;39m &amp#27;[39mDEBUG&amp#27;[0;39m [&amp#27;[34mmain&amp#27;[0;39m] &amp#27;[33mo.s.b.f.s.DefaultSingletonBeanRegistry&amp#27;[0;39m: Creating shared instance of singleton bean 'org.springframework.boot.autoconfigure.context.PropertyPlaceholderAutoConfiguration'
&amp#27;[30m2025-04-16 08:52:28,008&amp#27;[0;39m &amp#27;[39mDEBUG&amp#27;[0;39m [&amp#27;[34mmain&amp#27;[0;39m] &amp#27;[33mo.s.b.f.s.DefaultSingletonBeanRegistry&amp#27;[0;39m: Creating shared instance of singleton bean 'org.springframework.boot.autoconfigure.ssl.SslAutoConfiguration'
&amp#27;[30m2025-04-16 08:52:28,008&amp#27;[0;39m &amp#27;[39mDEBUG&amp#27;[0;39m [&amp#27;[34mmain&amp#27;[0;39m] &amp#27;[33mo.s.b.f.s.DefaultSingletonBeanRegistry&amp#27;[0;39m: Creating shared instance of singleton bean 'spring.ssl-org.springframework.boot.autoconfigure.ssl.SslProperties'
&amp#27;[30m2025-04-16 08:52:28,009&amp#27;[0;39m &amp#27;[39mDEBUG&amp#27;[0;39m [&amp#27;[34mmain&amp#27;[0;39m] &amp#27;[33mo.s.b.f.s.ConstructorResolver&amp#27;[0;39m: Autowiring by type from bean name 'org.springframework.boot.autoconfigure.ssl.SslAutoConfiguration' via constructor to bean named 'org.springframework.web.context.support.GenericWebApplicationContext@77e8492f'
&amp#27;[30m2025-04-16 08:52:28,009&amp#27;[0;39m &amp#27;[39mDEBUG&amp#27;[0;39m [&amp#27;[34mmain&amp#27;[0;39m] &amp#27;[33mo.s.b.f.s.ConstructorResolver&amp#27;[0;39m: Autowiring by type from bean name 'org.springframework.boot.autoconfigure.ssl.SslAutoConfiguration' via constructor to bean named 'spring.ssl-org.springframework.boot.autoconfigure.ssl.SslProperties'
&amp#27;[30m2025-04-16 08:52:28,009&amp#27;[0;39m &amp#27;[39mDEBUG&amp#27;[0;39m [&amp#27;[34mmain&amp#27;[0;39m] &amp#27;[33mo.s.b.f.s.DefaultSingletonBeanRegistry&amp#27;[0;39m: Creating shared instance of singleton bean 'fileWatcher'
&amp#27;[30m2025-04-16 08:52:28,010&amp#27;[0;39m &amp#27;[39mDEBUG&amp#27;[0;39m [&amp#27;[34mmain&amp#27;[0;39m] &amp#27;[33mo.s.b.f.s.DefaultSingletonBeanRegistry&amp#27;[0;39m: Creating shared instance of singleton bean 'sslPropertiesSslBundleRegistrar'
&amp#27;[30m2025-04-16 08:52:28,010&amp#27;[0;39m &amp#27;[39mDEBUG&amp#27;[0;39m [&amp#27;[34mmain&amp#27;[0;39m] &amp#27;[33mo.s.b.f.s.ConstructorResolver&amp#27;[0;39m: Autowiring by type from bean name 'sslPropertiesSslBundleRegistrar' via factory method to bean named 'fileWatcher'
&amp#27;[30m2025-04-16 08:52:28,010&amp#27;[0;39m &amp#27;[39mDEBUG&amp#27;[0;39m [&amp#27;[34mmain&amp#27;[0;39m] &amp#27;[33mo.s.b.f.s.DefaultSingletonBeanRegistry&amp#27;[0;39m: Creating shared instance of singleton bean 'sslBundleRegistry'
&amp#27;[30m2025-04-16 08:52:28,011&amp#27;[0;39m &amp#27;[39mDEBUG&amp#27;[0;39m [&amp#27;[34mmain&amp#27;[0;39m] &amp#27;[33mo.s.b.f.s.DefaultSingletonBeanRegistry&amp#27;[0;39m: Creating shared instance of singleton bean 'org.springframework.boot.autoconfigure.websocket.servlet.WebSocketServletAutoConfiguration$TomcatWebSocketConfiguration'
&amp#27;[30m2025-04-16 08:52:28,011&amp#27;[0;39m &amp#27;[39mDEBUG&amp#27;[0;39m [&amp#27;[34mmain&amp#27;[0;39m] &amp#27;[33mo.s.b.f.s.DefaultSingletonBeanRegistry&amp#27;[0;39m: Creating shared instance of singleton bean 'websocketServletWebServerCustomizer'
&amp#27;[30m2025-04-16 08:52:28,011&amp#27;[0;39m &amp#27;[39mDEBUG&amp#27;[0;39m [&amp#27;[34mmain&amp#27;[0;39m] &amp#27;[33mo.s.b.f.s.DefaultSingletonBeanRegistry&amp#27;[0;39m: Creating shared instance of singleton bean 'org.springframework.boot.autoconfigure.websocket.servlet.WebSocketServletAutoConfiguration'
&amp#27;[30m2025-04-16 08:52:28,012&amp#27;[0;39m &amp#27;[39mDEBUG&amp#27;[0;39m [&amp#27;[34mmain&amp#27;[0;39m] &amp#27;[33mo.s.b.f.s.DefaultSingletonBeanRegistry&amp#27;[0;39m: Creating shared instance of singleton bean 'org.springframework.boot.autoconfigure.web.servlet.ServletWebServerFactoryConfiguration$EmbeddedTomcat'
&amp#27;[30m2025-04-16 08:52:28,012&amp#27;[0;39m &amp#27;[39mDEBUG&amp#27;[0;39m [&amp#27;[34mmain&amp#27;[0;39m] &amp#27;[33mo.s.b.f.s.DefaultSingletonBeanRegistry&amp#27;[0;39m: Creating shared instance of singleton bean 'tomcatServletWebServerFactory'
&amp#27;[30m2025-04-16 08:52:28,012&amp#27;[0;39m &amp#27;[39mDEBUG&amp#27;[0;39m [&amp#27;[34mmain&amp#27;[0;39m] &amp#27;[33mo.s.b.f.s.DefaultSingletonBeanRegistry&amp#27;[0;39m: Creating shared instance of singleton bean 'servletWebServerFactoryCustomizer'
&amp#27;[30m2025-04-16 08:52:28,013&amp#27;[0;39m &amp#27;[39mDEBUG&amp#27;[0;39m [&amp#27;[34mmain&amp#27;[0;39m] &amp#27;[33mo.s.b.f.s.DefaultSingletonBeanRegistry&amp#27;[0;39m: Creating shared instance of singleton bean 'org.springframework.boot.autoconfigure.web.servlet.ServletWebServerFactoryAutoConfiguration'
&amp#27;[30m2025-04-16 08:52:28,013&amp#27;[0;39m &amp#27;[39mDEBUG&amp#27;[0;39m [&amp#27;[34mmain&amp#27;[0;39m] &amp#27;[33mo.s.b.f.s.DefaultSingletonBeanRegistry&amp#27;[0;39m: Creating shared instance of singleton bean 'server-org.springframework.boot.autoconfigure.web.ServerProperties'
&amp#27;[30m2025-04-16 08:52:28,014&amp#27;[0;39m &amp#27;[39mDEBUG&amp#27;[0;39m [&amp#27;[34mmain&amp#27;[0;39m] &amp#27;[33mo.s.b.f.s.ConstructorResolver&amp#27;[0;39m: Autowiring by type from bean name 'servletWebServerFactoryCustomizer' via factory method to bean named 'server-org.springframework.boot.autoconfigure.web.ServerProperties'
&amp#27;[30m2025-04-16 08:52:28,015&amp#27;[0;39m &amp#27;[39mDEBUG&amp#27;[0;39m [&amp#27;[34mmain&amp#27;[0;39m] &amp#27;[33mo.s.b.f.s.DefaultSingletonBeanRegistry&amp#27;[0;39m: Creating shared instance of singleton bean 'tomcatServletWebServerFactoryCustomizer'
&amp#27;[30m2025-04-16 08:52:28,015&amp#27;[0;39m &amp#27;[39mDEBUG&amp#27;[0;39m [&amp#27;[34mmain&amp#27;[0;39m] &amp#27;[33mo.s.b.f.s.ConstructorResolver&amp#27;[0;39m: Autowiring by type from bean name 'tomcatServletWebServerFactoryCustomizer' via factory method to bean named 'server-org.springframework.boot.autoconfigure.web.ServerProperties'
&amp#27;[30m2025-04-16 08:52:28,016&amp#27;[0;39m &amp#27;[39mDEBUG&amp#27;[0;39m [&amp#27;[34mmain&amp#27;[0;39m] &amp#27;[33mo.s.b.f.s.DefaultSingletonBeanRegistry&amp#27;[0;39m: Creating shared instance of singleton bean 'localeCharsetMappingsCustomizer'
&amp#27;[30m2025-04-16 08:52:28,016&amp#27;[0;39m &amp#27;[39mDEBUG&amp#27;[0;39m [&amp#27;[34mmain&amp#27;[0;39m] &amp#27;[33mo.s.b.f.s.DefaultSingletonBeanRegistry&amp#27;[0;39m: Creating shared instance of singleton bean 'org.springframework.boot.autoconfigure.web.servlet.HttpEncodingAutoConfiguration'
&amp#27;[30m2025-04-16 08:52:28,016&amp#27;[0;39m &amp#27;[39mDEBUG&amp#27;[0;39m [&amp#27;[34mmain&amp#27;[0;39m] &amp#27;[33mo.s.b.f.s.ConstructorResolver&amp#27;[0;39m: Autowiring by type from bean name 'org.springframework.boot.autoconfigure.web.servlet.HttpEncodingAutoConfiguration' via constructor to bean named 'server-org.springframework.boot.autoconfigure.web.ServerProperties'
&amp#27;[30m2025-04-16 08:52:28,017&amp#27;[0;39m &amp#27;[39mDEBUG&amp#27;[0;39m [&amp#27;[34mmain&amp#27;[0;39m] &amp#27;[33mo.s.b.f.s.DefaultSingletonBeanRegistry&amp#27;[0;39m: Creating shared instance of singleton bean 'errorPageCustomizer'
&amp#27;[30m2025-04-16 08:52:28,017&amp#27;[0;39m &amp#27;[39mDEBUG&amp#27;[0;39m [&amp#27;[34mmain&amp#27;[0;39m] &amp#27;[33mo.s.b.f.s.DefaultSingletonBeanRegistry&amp#27;[0;39m: Creating shared instance of singleton bean 'org.springframework.boot.autoconfigure.web.servlet.error.ErrorMvcAutoConfiguration'
&amp#27;[30m2025-04-16 08:52:28,017&amp#27;[0;39m &amp#27;[39mDEBUG&amp#27;[0;39m [&amp#27;[34mmain&amp#27;[0;39m] &amp#27;[33mo.s.b.f.s.ConstructorResolver&amp#27;[0;39m: Autowiring by type from bean name 'org.springframework.boot.autoconfigure.web.servlet.error.ErrorMvcAutoConfiguration' via constructor to bean named 'server-org.springframework.boot.autoconfigure.web.ServerProperties'
&amp#27;[30m2025-04-16 08:52:28,018&amp#27;[0;39m &amp#27;[39mDEBUG&amp#27;[0;39m [&amp#27;[34mmain&amp#27;[0;39m] &amp#27;[33mo.s.b.f.s.DefaultSingletonBeanRegistry&amp#27;[0;39m: Creating shared instance of singleton bean 'dispatcherServletRegistration'
&amp#27;[30m2025-04-16 08:52:28,018&amp#27;[0;39m &amp#27;[39mDEBUG&amp#27;[0;39m [&amp#27;[34mmain&amp#27;[0;39m] &amp#27;[33mo.s.b.f.s.DefaultSingletonBeanRegistry&amp#27;[0;39m: Creating shared instance of singleton bean 'org.springframework.boot.autoconfigure.web.servlet.DispatcherServletAutoConfiguration$DispatcherServletRegistrationConfiguration'
&amp#27;[30m2025-04-16 08:52:28,018&amp#27;[0;39m &amp#27;[39mDEBUG&amp#27;[0;39m [&amp#27;[34mmain&amp#27;[0;39m] &amp#27;[33mo.s.b.f.s.DefaultSingletonBeanRegistry&amp#27;[0;39m: Creating shared instance of singleton bean 'dispatcherServlet'
&amp#27;[30m2025-04-16 08:52:28,018&amp#27;[0;39m &amp#27;[39mDEBUG&amp#27;[0;39m [&amp#27;[34mmain&amp#27;[0;39m] &amp#27;[33mo.s.b.f.s.DefaultSingletonBeanRegistry&amp#27;[0;39m: Creating shared instance of singleton bean 'org.springframework.boot.autoconfigure.web.servlet.DispatcherServletAutoConfiguration$DispatcherServletConfiguration'
&amp#27;[30m2025-04-16 08:52:28,018&amp#27;[0;39m &amp#27;[39mDEBUG&amp#27;[0;39m [&amp#27;[34mmain&amp#27;[0;39m] &amp#27;[33mo.s.b.f.s.ConstructorResolver&amp#27;[0;39m: Autowiring by type from bean name 'dispatcherServlet' via factory method to bean named 'spring.mvc-org.springframework.boot.autoconfigure.web.servlet.WebMvcProperties'
&amp#27;[30m2025-04-16 08:52:28,020&amp#27;[0;39m &amp#27;[39mDEBUG&amp#27;[0;39m [&amp#27;[34mmain&amp#27;[0;39m] &amp#27;[33mo.s.b.f.s.ConstructorResolver&amp#27;[0;39m: Autowiring by type from bean name 'dispatcherServletRegistration' via factory method to bean named 'dispatcherServlet'
&amp#27;[30m2025-04-16 08:52:28,020&amp#27;[0;39m &amp#27;[39mDEBUG&amp#27;[0;39m [&amp#27;[34mmain&amp#27;[0;39m] &amp#27;[33mo.s.b.f.s.ConstructorResolver&amp#27;[0;39m: Autowiring by type from bean name 'dispatcherServletRegistration' via factory method to bean named 'spring.mvc-org.springframework.boot.autoconfigure.web.servlet.WebMvcProperties'
&amp#27;[30m2025-04-16 08:52:28,021&amp#27;[0;39m &amp#27;[39mDEBUG&amp#27;[0;39m [&amp#27;[34mmain&amp#27;[0;39m] &amp#27;[33mo.s.b.f.s.DefaultSingletonBeanRegistry&amp#27;[0;39m: Creating shared instance of singleton bean 'multipartConfigElement'
&amp#27;[30m2025-04-16 08:52:28,021&amp#27;[0;39m &amp#27;[39mDEBUG&amp#27;[0;39m [&amp#27;[34mmain&amp#27;[0;39m] &amp#27;[33mo.s.b.f.s.DefaultSingletonBeanRegistry&amp#27;[0;39m: Creating shared instance of singleton bean 'org.springframework.boot.autoconfigure.web.servlet.MultipartAutoConfiguration'
&amp#27;[30m2025-04-16 08:52:28,022&amp#27;[0;39m &amp#27;[39mDEBUG&amp#27;[0;39m [&amp#27;[34mmain&amp#27;[0;39m] &amp#27;[33mo.s.b.f.s.DefaultSingletonBeanRegistry&amp#27;[0;39m: Creating shared instance of singleton bean 'spring.servlet.multipart-org.springframework.boot.autoconfigure.web.servlet.MultipartProperties'
&amp#27;[30m2025-04-16 08:52:28,023&amp#27;[0;39m &amp#27;[39mDEBUG&amp#27;[0;39m [&amp#27;[34mmain&amp#27;[0;39m] &amp#27;[33mo.s.b.f.s.ConstructorResolver&amp#27;[0;39m: Autowiring by type from bean name 'org.springframework.boot.autoconfigure.web.servlet.MultipartAutoConfiguration' via constructor to bean named 'spring.servlet.multipart-org.springframework.boot.autoconfigure.web.servlet.MultipartProperties'
&amp#27;[30m2025-04-16 08:52:28,024&amp#27;[0;39m &amp#27;[39mDEBUG&amp#27;[0;39m [&amp#27;[34mmain&amp#27;[0;39m] &amp#27;[33mo.s.b.f.s.ConstructorResolver&amp#27;[0;39m: Autowiring by type from bean name 'errorPageCustomizer' via factory method to bean named 'dispatcherServletRegistration'
&amp#27;[30m2025-04-16 08:52:28,026&amp#27;[0;39m &amp#27;[39mDEBUG&amp#27;[0;39m [&amp#27;[34mmain&amp#27;[0;39m] &amp#27;[33mo.s.b.f.s.DefaultSingletonBeanRegistry&amp#27;[0;39m: Creating shared instance of singleton bean 'org.springframework.boot.autoconfigure.web.servlet.DispatcherServletAutoConfiguration'
&amp#27;[30m2025-04-16 08:52:28,026&amp#27;[0;39m &amp#27;[39mDEBUG&amp#27;[0;39m [&amp#27;[34mmain&amp#27;[0;39m] &amp#27;[33mo.s.b.f.s.DefaultSingletonBeanRegistry&amp#27;[0;39m: Creating shared instance of singleton bean 'org.springframework.boot.autoconfigure.task.TaskExecutorConfigurations$ThreadPoolTaskExecutorBuilderConfiguration'
&amp#27;[30m2025-04-16 08:52:28,026&amp#27;[0;39m &amp#27;[39mDEBUG&amp#27;[0;39m [&amp#27;[34mmain&amp#27;[0;39m] &amp#27;[33mo.s.b.f.s.DefaultSingletonBeanRegistry&amp#27;[0;39m: Creating shared instance of singleton bean 'threadPoolTaskExecutorBuilder'
&amp#27;[30m2025-04-16 08:52:28,027&amp#27;[0;39m &amp#27;[39mDEBUG&amp#27;[0;39m [&amp#27;[34mmain&amp#27;[0;39m] &amp#27;[33mo.s.b.f.s.DefaultSingletonBeanRegistry&amp#27;[0;39m: Creating shared instance of singleton bean 'spring.task.execution-org.springframework.boot.autoconfigure.task.TaskExecutionProperties'
&amp#27;[30m2025-04-16 08:52:28,028&amp#27;[0;39m &amp#27;[39mDEBUG&amp#27;[0;39m [&amp#27;[34mmain&amp#27;[0;39m] &amp#27;[33mo.s.b.f.s.ConstructorResolver&amp#27;[0;39m: Autowiring by type from bean name 'threadPoolTaskExecutorBuilder' via factory method to bean named 'spring.task.execution-org.springframework.boot.autoconfigure.task.TaskExecutionProperties'
&amp#27;[30m2025-04-16 08:52:28,028&amp#27;[0;39m &amp#27;[39mDEBUG&amp#27;[0;39m [&amp#27;[34mmain&amp#27;[0;39m] &amp#27;[33mo.s.b.f.s.DefaultSingletonBeanRegistry&amp#27;[0;39m: Creating shared instance of singleton bean 'org.springframework.boot.autoconfigure.task.TaskExecutorConfigurations$SimpleAsyncTaskExecutorBuilderConfiguration'
&amp#27;[30m2025-04-16 08:52:28,029&amp#27;[0;39m &amp#27;[39mDEBUG&amp#27;[0;39m [&amp#27;[34mmain&amp#27;[0;39m] &amp#27;[33mo.s.b.f.s.ConstructorResolver&amp#27;[0;39m: Autowiring by type from bean name 'org.springframework.boot.autoconfigure.task.TaskExecutorConfigurations$SimpleAsyncTaskExecutorBuilderConfiguration' via constructor to bean named 'spring.task.execution-org.springframework.boot.autoconfigure.task.TaskExecutionProperties'
&amp#27;[30m2025-04-16 08:52:28,029&amp#27;[0;39m &amp#27;[39mDEBUG&amp#27;[0;39m [&amp#27;[34mmain&amp#27;[0;39m] &amp#27;[33mo.s.b.f.s.DefaultSingletonBeanRegistry&amp#27;[0;39m: Creating shared instance of singleton bean 'simpleAsyncTaskExecutorBuilder'
&amp#27;[30m2025-04-16 08:52:28,030&amp#27;[0;39m &amp#27;[39mDEBUG&amp#27;[0;39m [&amp#27;[34mmain&amp#27;[0;39m] &amp#27;[33mo.s.b.f.s.DefaultSingletonBeanRegistry&amp#27;[0;39m: Creating shared instance of singleton bean 'org.springframework.boot.autoconfigure.task.TaskExecutorConfigurations$TaskExecutorConfiguration'
&amp#27;[30m2025-04-16 08:52:28,030&amp#27;[0;39m &amp#27;[39mDEBUG&amp#27;[0;39m [&amp#27;[34mmain&amp#27;[0;39m] &amp#27;[33mo.s.b.f.s.DefaultSingletonBeanRegistry&amp#27;[0;39m: Creating shared instance of singleton bean 'org.springframework.boot.autoconfigure.task.TaskExecutionAutoConfiguration'
&amp#27;[30m2025-04-16 08:52:28,030&amp#27;[0;39m &amp#27;[39mDEBUG&amp#27;[0;39m [&amp#27;[34mmain&amp#27;[0;39m] &amp#27;[33mo.s.b.f.s.DefaultSingletonBeanRegistry&amp#27;[0;39m: Creating shared instance of singleton bean 'org.springframework.boot.autoconfigure.validation.ValidationAutoConfiguration'
&amp#27;[30m2025-04-16 08:52:28,031&amp#27;[0;39m &amp#27;[39mDEBUG&amp#27;[0;39m [&amp#27;[34mmain&amp#27;[0;39m] &amp#27;[33mo.s.b.f.s.DefaultSingletonBeanRegistry&amp#27;[0;39m: Creating shared instance of singleton bean 'defaultValidator'
&amp#27;[30m2025-04-16 08:52:28,031&amp#27;[0;39m &amp#27;[39mDEBUG&amp#27;[0;39m [&amp#27;[34mmain&amp#27;[0;39m] &amp#27;[33mo.s.b.f.s.ConstructorResolver&amp#27;[0;39m: Autowiring by type from bean name 'defaultValidator' via factory method to bean named 'org.springframework.web.context.support.GenericWebApplicationContext@77e8492f'
&amp#27;[30m2025-04-16 08:52:28,031&amp#27;[0;39m &amp#27;[39mDEBUG&amp#27;[0;39m [&amp#27;[34mmain&amp#27;[0;39m] &amp#27;[33mo.h.v.m.ResourceBundleMessageInterpolator&amp#27;[0;39m: Loaded expression factory via original TCCL
&amp#27;[30m2025-04-16 08:52:28,032&amp#27;[0;39m &amp#27;[39mDEBUG&amp#27;[0;39m [&amp#27;[34mmain&amp#27;[0;39m] &amp#27;[33mo.h.v.i.e.AbstractConfigurationImpl&amp#27;[0;39m: Setting custom MessageInterpolator of type org.springframework.validation.beanvalidation.LocaleContextMessageInterpolator
&amp#27;[30m2025-04-16 08:52:28,032&amp#27;[0;39m &amp#27;[39mDEBUG&amp#27;[0;39m [&amp#27;[34mmain&amp#27;[0;39m] &amp#27;[33mo.h.v.i.e.AbstractConfigurationImpl&amp#27;[0;39m: Setting custom ConstraintValidatorFactory of type org.springframework.validation.beanvalidation.SpringConstraintValidatorFactory
&amp#27;[30m2025-04-16 08:52:28,032&amp#27;[0;39m &amp#27;[39mDEBUG&amp#27;[0;39m [&amp#27;[34mmain&amp#27;[0;39m] &amp#27;[33mo.h.v.i.x.c.ValidationXmlParser&amp#27;[0;39m: Trying to load META-INF/validation.xml for XML based Validator configuration.
&amp#27;[30m2025-04-16 08:52:28,032&amp#27;[0;39m &amp#27;[39mDEBUG&amp#27;[0;39m [&amp#27;[34mmain&amp#27;[0;39m] &amp#27;[33mo.h.v.i.x.c.ResourceLoaderHelper&amp#27;[0;39m: Trying to load META-INF/validation.xml via user class loader
&amp#27;[30m2025-04-16 08:52:28,033&amp#27;[0;39m &amp#27;[39mDEBUG&amp#27;[0;39m [&amp#27;[34mmain&amp#27;[0;39m] &amp#27;[33mo.h.v.i.x.c.ResourceLoaderHelper&amp#27;[0;39m: Trying to load META-INF/validation.xml via TCCL
&amp#27;[30m2025-04-16 08:52:28,033&amp#27;[0;39m &amp#27;[39mDEBUG&amp#27;[0;39m [&amp#27;[34mmain&amp#27;[0;39m] &amp#27;[33mo.h.v.i.x.c.ResourceLoaderHelper&amp#27;[0;39m: Trying to load META-INF/validation.xml via Hibernate Validator's class loader
&amp#27;[30m2025-04-16 08:52:28,033&amp#27;[0;39m &amp#27;[39mDEBUG&amp#27;[0;39m [&amp#27;[34mmain&amp#27;[0;39m] &amp#27;[33mo.h.v.i.x.c.ValidationXmlParser&amp#27;[0;39m: No META-INF/validation.xml found. Using annotation based configuration only.
&amp#27;[30m2025-04-16 08:52:28,033&amp#27;[0;39m &amp#27;[39mDEBUG&amp#27;[0;39m [&amp#27;[34mmain&amp#27;[0;39m] &amp#27;[33mo.h.v.i.e.r.TraversableResolvers&amp#27;[0;39m: Found jakarta.persistence.Persistence on classpath containing 'getPersistenceUtil'. Assuming JPA 2 environment. Trying to instantiate JPA aware TraversableResolver
&amp#27;[30m2025-04-16 08:52:28,033&amp#27;[0;39m &amp#27;[39mDEBUG&amp#27;[0;39m [&amp#27;[34mmain&amp#27;[0;39m] &amp#27;[33mo.h.v.i.e.r.TraversableResolvers&amp#27;[0;39m: Instantiated JPA aware TraversableResolver of type org.hibernate.validator.internal.engine.resolver.JPATraversableResolver.
&amp#27;[30m2025-04-16 08:52:28,034&amp#27;[0;39m &amp#27;[39mDEBUG&amp#27;[0;39m [&amp#27;[34mmain&amp#27;[0;39m] &amp#27;[33mo.h.v.i.e.ValidatorFactoryConfigurationHelper&amp#27;[0;39m: HV000252: Using org.hibernate.validator.internal.engine.DefaultPropertyNodeNameProvider as property node name provider.
&amp#27;[30m2025-04-16 08:52:28,034&amp#27;[0;39m &amp#27;[39mDEBUG&amp#27;[0;39m [&amp#27;[34mmain&amp#27;[0;39m] &amp#27;[33mo.h.v.i.e.ValidatorFactoryConfigurationHelper&amp#27;[0;39m: HV000234: Using org.springframework.validation.beanvalidation.LocaleContextMessageInterpolator as ValidatorFactory-scoped message interpolator.
&amp#27;[30m2025-04-16 08:52:28,034&amp#27;[0;39m &amp#27;[39mDEBUG&amp#27;[0;39m [&amp#27;[34mmain&amp#27;[0;39m] &amp#27;[33mo.h.v.i.e.ValidatorFactoryConfigurationHelper&amp#27;[0;39m: HV000234: Using org.hibernate.validator.internal.engine.resolver.JPATraversableResolver as ValidatorFactory-scoped traversable resolver.
&amp#27;[30m2025-04-16 08:52:28,034&amp#27;[0;39m &amp#27;[39mDEBUG&amp#27;[0;39m [&amp#27;[34mmain&amp#27;[0;39m] &amp#27;[33mo.h.v.i.e.ValidatorFactoryConfigurationHelper&amp#27;[0;39m: HV000234: Using org.hibernate.validator.internal.util.ExecutableParameterNameProvider as ValidatorFactory-scoped parameter name provider.
&amp#27;[30m2025-04-16 08:52:28,034&amp#27;[0;39m &amp#27;[39mDEBUG&amp#27;[0;39m [&amp#27;[34mmain&amp#27;[0;39m] &amp#27;[33mo.h.v.i.e.ValidatorFactoryConfigurationHelper&amp#27;[0;39m: HV000234: Using org.hibernate.validator.internal.engine.DefaultClockProvider as ValidatorFactory-scoped clock provider.
&amp#27;[30m2025-04-16 08:52:28,034&amp#27;[0;39m &amp#27;[39mDEBUG&amp#27;[0;39m [&amp#27;[34mmain&amp#27;[0;39m] &amp#27;[33mo.h.v.i.e.ValidatorFactoryConfigurationHelper&amp#27;[0;39m: HV000234: Using org.hibernate.validator.internal.engine.scripting.DefaultScriptEvaluatorFactory as ValidatorFactory-scoped script evaluator factory.
&amp#27;[30m2025-04-16 08:52:28,035&amp#27;[0;39m &amp#27;[39mDEBUG&amp#27;[0;39m [&amp#27;[34mmain&amp#27;[0;39m] &amp#27;[33mo.s.b.f.s.DefaultSingletonBeanRegistry&amp#27;[0;39m: Creating shared instance of singleton bean 'org.springframework.boot.autoconfigure.web.servlet.error.ErrorMvcAutoConfiguration$WhitelabelErrorViewConfiguration'
&amp#27;[30m2025-04-16 08:52:28,036&amp#27;[0;39m &amp#27;[39mDEBUG&amp#27;[0;39m [&amp#27;[34mmain&amp#27;[0;39m] &amp#27;[33mo.s.b.f.s.DefaultSingletonBeanRegistry&amp#27;[0;39m: Creating shared instance of singleton bean 'error'
&amp#27;[30m2025-04-16 08:52:28,036&amp#27;[0;39m &amp#27;[39mDEBUG&amp#27;[0;39m [&amp#27;[34mmain&amp#27;[0;39m] &amp#27;[33mo.s.b.f.s.DefaultSingletonBeanRegistry&amp#27;[0;39m: Creating shared instance of singleton bean 'beanNameViewResolver'
&amp#27;[30m2025-04-16 08:52:28,037&amp#27;[0;39m &amp#27;[39mDEBUG&amp#27;[0;39m [&amp#27;[34mmain&amp#27;[0;39m] &amp#27;[33mo.s.b.f.s.DefaultSingletonBeanRegistry&amp#27;[0;39m: Creating shared instance of singleton bean 'org.springframework.boot.autoconfigure.web.servlet.error.ErrorMvcAutoConfiguration$DefaultErrorViewResolverConfiguration'
&amp#27;[30m2025-04-16 08:52:28,037&amp#27;[0;39m &amp#27;[39mDEBUG&amp#27;[0;39m [&amp#27;[34mmain&amp#27;[0;39m] &amp#27;[33mo.s.b.f.s.ConstructorResolver&amp#27;[0;39m: Autowiring by type from bean name 'org.springframework.boot.autoconfigure.web.servlet.error.ErrorMvcAutoConfiguration$DefaultErrorViewResolverConfiguration' via constructor to bean named 'org.springframework.web.context.support.GenericWebApplicationContext@77e8492f'
&amp#27;[30m2025-04-16 08:52:28,037&amp#27;[0;39m &amp#27;[39mDEBUG&amp#27;[0;39m [&amp#27;[34mmain&amp#27;[0;39m] &amp#27;[33mo.s.b.f.s.ConstructorResolver&amp#27;[0;39m: Autowiring by type from bean name 'org.springframework.boot.autoconfigure.web.servlet.error.ErrorMvcAutoConfiguration$DefaultErrorViewResolverConfiguration' via constructor to bean named 'spring.web-org.springframework.boot.autoconfigure.web.WebProperties'
&amp#27;[30m2025-04-16 08:52:28,038&amp#27;[0;39m &amp#27;[39mDEBUG&amp#27;[0;39m [&amp#27;[34mmain&amp#27;[0;39m] &amp#27;[33mo.s.b.f.s.DefaultSingletonBeanRegistry&amp#27;[0;39m: Creating shared instance of singleton bean 'conventionErrorViewResolver'
&amp#27;[30m2025-04-16 08:52:28,038&amp#27;[0;39m &amp#27;[39mDEBUG&amp#27;[0;39m [&amp#27;[34mmain&amp#27;[0;39m] &amp#27;[33mo.s.b.f.s.DefaultSingletonBeanRegistry&amp#27;[0;39m: Creating shared instance of singleton bean 'errorAttributes'
&amp#27;[30m2025-04-16 08:52:28,039&amp#27;[0;39m &amp#27;[39mDEBUG&amp#27;[0;39m [&amp#27;[34mmain&amp#27;[0;39m] &amp#27;[33mo.s.b.f.s.DefaultSingletonBeanRegistry&amp#27;[0;39m: Creating shared instance of singleton bean 'basicErrorController'
&amp#27;[30m2025-04-16 08:52:28,039&amp#27;[0;39m &amp#27;[39mDEBUG&amp#27;[0;39m [&amp#27;[34mmain&amp#27;[0;39m] &amp#27;[33mo.s.b.f.s.ConstructorResolver&amp#27;[0;39m: Autowiring by type from bean name 'basicErrorController' via factory method to bean named 'errorAttributes'
&amp#27;[30m2025-04-16 08:52:28,040&amp#27;[0;39m &amp#27;[39mDEBUG&amp#27;[0;39m [&amp#27;[34mmain&amp#27;[0;39m] &amp#27;[33mo.s.b.f.s.DefaultSingletonBeanRegistry&amp#27;[0;39m: Creating shared instance of singleton bean 'localeResolver'
&amp#27;[30m2025-04-16 08:52:28,040&amp#27;[0;39m &amp#27;[39mDEBUG&amp#27;[0;39m [&amp#27;[34mmain&amp#27;[0;39m] &amp#27;[33mo.s.b.f.s.DefaultSingletonBeanRegistry&amp#27;[0;39m: Creating shared instance of singleton bean 'themeResolver'
&amp#27;[30m2025-04-16 08:52:28,040&amp#27;[0;39m &amp#27;[39mDEBUG&amp#27;[0;39m [&amp#27;[34mmain&amp#27;[0;39m] &amp#27;[33mo.s.b.f.s.DefaultSingletonBeanRegistry&amp#27;[0;39m: Creating shared instance of singleton bean 'flashMapManager'
&amp#27;[30m2025-04-16 08:52:28,041&amp#27;[0;39m &amp#27;[39mDEBUG&amp#27;[0;39m [&amp#27;[34mmain&amp#27;[0;39m] &amp#27;[33mo.s.b.f.s.DefaultSingletonBeanRegistry&amp#27;[0;39m: Creating shared instance of singleton bean 'viewNameTranslator'
&amp#27;[30m2025-04-16 08:52:28,041&amp#27;[0;39m &amp#27;[39mDEBUG&amp#27;[0;39m [&amp#27;[34mmain&amp#27;[0;39m] &amp#27;[33mo.s.b.f.s.DefaultSingletonBeanRegistry&amp#27;[0;39m: Creating shared instance of singleton bean 'mvcValidator'
&amp#27;[30m2025-04-16 08:52:28,042&amp#27;[0;39m &amp#27;[39mDEBUG&amp#27;[0;39m [&amp#27;[34mmain&amp#27;[0;39m] &amp#27;[33mo.s.b.f.s.DefaultSingletonBeanRegistry&amp#27;[0;39m: Creating shared instance of singleton bean 'mvcPatternParser'
&amp#27;[30m2025-04-16 08:52:28,042&amp#27;[0;39m &amp#27;[39mDEBUG&amp#27;[0;39m [&amp#27;[34mmain&amp#27;[0;39m] &amp#27;[33mo.s.b.f.s.DefaultSingletonBeanRegistry&amp#27;[0;39m: Creating shared instance of singleton bean 'mvcUrlPathHelper'
&amp#27;[30m2025-04-16 08:52:28,042&amp#27;[0;39m &amp#27;[39mDEBUG&amp#27;[0;39m [&amp#27;[34mmain&amp#27;[0;39m] &amp#27;[33mo.s.b.f.s.DefaultSingletonBeanRegistry&amp#27;[0;39m: Creating shared instance of singleton bean 'mvcPathMatcher'
&amp#27;[30m2025-04-16 08:52:28,042&amp#27;[0;39m &amp#27;[39mDEBUG&amp#27;[0;39m [&amp#27;[34mmain&amp#27;[0;39m] &amp#27;[33mo.s.b.f.s.DefaultSingletonBeanRegistry&amp#27;[0;39m: Creating shared instance of singleton bean 'requestMappingHandlerAdapter'
&amp#27;[30m2025-04-16 08:52:28,043&amp#27;[0;39m &amp#27;[39mDEBUG&amp#27;[0;39m [&amp#27;[34mmain&amp#27;[0;39m] &amp#27;[33mo.s.b.f.s.ConstructorResolver&amp#27;[0;39m: Autowiring by type from bean name 'requestMappingHandlerAdapter' via factory method to bean named 'mvcContentNegotiationManager'
&amp#27;[30m2025-04-16 08:52:28,043&amp#27;[0;39m &amp#27;[39mDEBUG&amp#27;[0;39m [&amp#27;[34mmain&amp#27;[0;39m] &amp#27;[33mo.s.b.f.s.ConstructorResolver&amp#27;[0;39m: Autowiring by type from bean name 'requestMappingHandlerAdapter' via factory method to bean named 'mvcConversionService'
&amp#27;[30m2025-04-16 08:52:28,046&amp#27;[0;39m &amp#27;[39mDEBUG&amp#27;[0;39m [&amp#27;[34mmain&amp#27;[0;39m] &amp#27;[33mo.s.b.f.s.ConstructorResolver&amp#27;[0;39m: Autowiring by type from bean name 'requestMappingHandlerAdapter' via factory method to bean named 'mvcValidator'
&amp#27;[30m2025-04-16 08:52:28,046&amp#27;[0;39m &amp#27;[39mDEBUG&amp#27;[0;39m [&amp#27;[34mmain&amp#27;[0;39m] &amp#27;[33mo.s.b.f.s.DefaultSingletonBeanRegistry&amp#27;[0;39m: Creating shared instance of singleton bean 'sortResolver'
&amp#27;[30m2025-04-16 08:52:28,047&amp#27;[0;39m &amp#27;[39mDEBUG&amp#27;[0;39m [&amp#27;[34mmain&amp#27;[0;39m] &amp#27;[33mo.s.b.f.s.DefaultSingletonBeanRegistry&amp#27;[0;39m: Creating shared instance of singleton bean 'sortCustomizer'
&amp#27;[30m2025-04-16 08:52:28,048&amp#27;[0;39m &amp#27;[39mDEBUG&amp#27;[0;39m [&amp#27;[34mmain&amp#27;[0;39m] &amp#27;[33mo.s.b.f.s.DefaultSingletonBeanRegistry&amp#27;[0;39m: Creating shared instance of singleton bean 'pageableResolver'
&amp#27;[30m2025-04-16 08:52:28,048&amp#27;[0;39m &amp#27;[39mDEBUG&amp#27;[0;39m [&amp#27;[34mmain&amp#27;[0;39m] &amp#27;[33mo.s.b.f.s.DefaultSingletonBeanRegistry&amp#27;[0;39m: Creating shared instance of singleton bean 'pageableCustomizer'
&amp#27;[30m2025-04-16 08:52:28,048&amp#27;[0;39m &amp#27;[39mDEBUG&amp#27;[0;39m [&amp#27;[34mmain&amp#27;[0;39m] &amp#27;[33mo.s.b.f.s.DefaultSingletonBeanRegistry&amp#27;[0;39m: Creating shared instance of singleton bean 'applicationTaskExecutor'
&amp#27;[30m2025-04-16 08:52:28,049&amp#27;[0;39m &amp#27;[39mDEBUG&amp#27;[0;39m [&amp#27;[34mmain&amp#27;[0;39m] &amp#27;[33mo.s.b.f.s.ConstructorResolver&amp#27;[0;39m: Autowiring by type from bean name 'applicationTaskExecutor' via factory method to bean named 'threadPoolTaskExecutorBuilder'
&amp#27;[30m2025-04-16 08:52:28,049&amp#27;[0;39m &amp#27;[39mDEBUG&amp#27;[0;39m [&amp#27;[34mmain&amp#27;[0;39m] &amp#27;[33mo.s.s.c.ExecutorConfigurationSupport&amp#27;[0;39m: Initializing ExecutorService 'applicationTaskExecutor'
&amp#27;[30m2025-04-16 08:52:28,052&amp#27;[0;39m &amp#27;[39mDEBUG&amp#27;[0;39m [&amp#27;[34mmain&amp#27;[0;39m] &amp#27;[33mo.s.w.s.m.m.a.RequestMappingHandlerAdapter&amp#27;[0;39m: ControllerAdvice beans: 0 @ModelAttribute, 0 @InitBinder, 1 RequestBodyAdvice, 1 ResponseBodyAdvice
&amp#27;[30m2025-04-16 08:52:28,053&amp#27;[0;39m &amp#27;[39mDEBUG&amp#27;[0;39m [&amp#27;[34mmain&amp#27;[0;39m] &amp#27;[33mo.s.b.f.s.DefaultSingletonBeanRegistry&amp#27;[0;39m: Creating shared instance of singleton bean 'mvcViewResolver'
&amp#27;[30m2025-04-16 08:52:28,053&amp#27;[0;39m &amp#27;[39mDEBUG&amp#27;[0;39m [&amp#27;[34mmain&amp#27;[0;39m] &amp#27;[33mo.s.b.f.s.ConstructorResolver&amp#27;[0;39m: Autowiring by type from bean name 'mvcViewResolver' via factory method to bean named 'mvcContentNegotiationManager'
&amp#27;[30m2025-04-16 08:52:28,054&amp#27;[0;39m &amp#27;[39mDEBUG&amp#27;[0;39m [&amp#27;[34mmain&amp#27;[0;39m] &amp#27;[33mo.s.b.f.s.DefaultSingletonBeanRegistry&amp#27;[0;39m: Creating shared instance of singleton bean 'defaultViewResolver'
&amp#27;[30m2025-04-16 08:52:28,055&amp#27;[0;39m &amp#27;[39mDEBUG&amp#27;[0;39m [&amp#27;[34mmain&amp#27;[0;39m] &amp#27;[33mo.s.b.f.s.DefaultSingletonBeanRegistry&amp#27;[0;39m: Creating shared instance of singleton bean 'viewResolver'
&amp#27;[30m2025-04-16 08:52:28,055&amp#27;[0;39m &amp#27;[39mDEBUG&amp#27;[0;39m [&amp#27;[34mmain&amp#27;[0;39m] &amp#27;[33mo.s.b.f.s.ConstructorResolver&amp#27;[0;39m: Autowiring by type from bean name 'viewResolver' via factory method to bean named 'org.springframework.beans.factory.support.DefaultListableBeanFactory@79d538c1'
&amp#27;[30m2025-04-16 08:52:28,056&amp#27;[0;39m &amp#27;[39mDEBUG&amp#27;[0;39m [&amp#27;[34mmain&amp#27;[0;39m] &amp#27;[33mo.s.b.f.s.DefaultSingletonBeanRegistry&amp#27;[0;39m: Creating shared instance of singleton bean 'viewResolver'
&amp#27;[30m2025-04-16 08:52:28,057&amp#27;[0;39m &amp#27;[39mDEBUG&amp#27;[0;39m [&amp#27;[34mmain&amp#27;[0;39m] &amp#27;[33mo.s.b.f.s.DefaultSingletonBeanRegistry&amp#27;[0;39m: Creating shared instance of singleton bean 'handlerFunctionAdapter'
&amp#27;[30m2025-04-16 08:52:28,058&amp#27;[0;39m &amp#27;[39mDEBUG&amp#27;[0;39m [&amp#27;[34mmain&amp#27;[0;39m] &amp#27;[33mo.s.b.f.s.DefaultSingletonBeanRegistry&amp#27;[0;39m: Creating shared instance of singleton bean 'mvcUriComponentsContributor'
&amp#27;[30m2025-04-16 08:52:28,058&amp#27;[0;39m &amp#27;[39mDEBUG&amp#27;[0;39m [&amp#27;[34mmain&amp#27;[0;39m] &amp#27;[33mo.s.b.f.s.ConstructorResolver&amp#27;[0;39m: Autowiring by type from bean name 'mvcUriComponentsContributor' via factory method to bean named 'mvcConversionService'
&amp#27;[30m2025-04-16 08:52:28,058&amp#27;[0;39m &amp#27;[39mDEBUG&amp#27;[0;39m [&amp#27;[34mmain&amp#27;[0;39m] &amp#27;[33mo.s.b.f.s.ConstructorResolver&amp#27;[0;39m: Autowiring by type from bean name 'mvcUriComponentsContributor' via factory method to bean named 'requestMappingHandlerAdapter'
&amp#27;[30m2025-04-16 08:52:28,058&amp#27;[0;39m &amp#27;[39mDEBUG&amp#27;[0;39m [&amp#27;[34mmain&amp#27;[0;39m] &amp#27;[33mo.s.b.f.s.DefaultSingletonBeanRegistry&amp#27;[0;39m: Creating shared instance of singleton bean 'httpRequestHandlerAdapter'
&amp#27;[30m2025-04-16 08:52:28,059&amp#27;[0;39m &amp#27;[39mDEBUG&amp#27;[0;39m [&amp#27;[34mmain&amp#27;[0;39m] &amp#27;[33mo.s.b.f.s.DefaultSingletonBeanRegistry&amp#27;[0;39m: Creating shared instance of singleton bean 'simpleControllerHandlerAdapter'
&amp#27;[30m2025-04-16 08:52:28,059&amp#27;[0;39m &amp#27;[39mDEBUG&amp#27;[0;39m [&amp#27;[34mmain&amp#27;[0;39m] &amp#27;[33mo.s.b.f.s.DefaultSingletonBeanRegistry&amp#27;[0;39m: Creating shared instance of singleton bean 'handlerExceptionResolver'
&amp#27;[30m2025-04-16 08:52:28,059&amp#27;[0;39m &amp#27;[39mDEBUG&amp#27;[0;39m [&amp#27;[34mmain&amp#27;[0;39m] &amp#27;[33mo.s.b.f.s.ConstructorResolver&amp#27;[0;39m: Autowiring by type from bean name 'handlerExceptionResolver' via factory method to bean named 'mvcContentNegotiationManager'
&amp#27;[30m2025-04-16 08:52:28,060&amp#27;[0;39m &amp#27;[39mDEBUG&amp#27;[0;39m [&amp#27;[34mmain&amp#27;[0;39m] &amp#27;[33mo.s.w.s.m.m.a.ExceptionHandlerExceptionResolver&amp#27;[0;39m: ControllerAdvice beans: 1 @ExceptionHandler, 1 ResponseBodyAdvice
&amp#27;[30m2025-04-16 08:52:28,061&amp#27;[0;39m &amp#27;[39mDEBUG&amp#27;[0;39m [&amp#27;[34mmain&amp#27;[0;39m] &amp#27;[33mo.s.b.f.s.DefaultSingletonBeanRegistry&amp#27;[0;39m: Creating shared instance of singleton bean 'requestContextFilter'
&amp#27;[30m2025-04-16 08:52:28,063&amp#27;[0;39m &amp#27;[39mDEBUG&amp#27;[0;39m [&amp#27;[34mmain&amp#27;[0;39m] &amp#27;[33mo.s.b.f.s.DefaultSingletonBeanRegistry&amp#27;[0;39m: Creating shared instance of singleton bean 'org.springframework.boot.autoconfigure.web.servlet.WebMvcAutoConfiguration'
&amp#27;[30m2025-04-16 08:52:28,064&amp#27;[0;39m &amp#27;[39mDEBUG&amp#27;[0;39m [&amp#27;[34mmain&amp#27;[0;39m] &amp#27;[33mo.s.b.f.s.DefaultSingletonBeanRegistry&amp#27;[0;39m: Creating shared instance of singleton bean 'formContentFilter'
&amp#27;[30m2025-04-16 08:52:28,067&amp#27;[0;39m &amp#27;[39mDEBUG&amp#27;[0;39m [&amp#27;[34mmain&amp#27;[0;39m] &amp#27;[33mo.s.b.f.s.DefaultSingletonBeanRegistry&amp#27;[0;39m: Creating shared instance of singleton bean 'org.springframework.boot.autoconfigure.aop.AopAutoConfiguration$AspectJAutoProxyingConfiguration$CglibAutoProxyConfiguration'
&amp#27;[30m2025-04-16 08:52:28,068&amp#27;[0;39m &amp#27;[39mDEBUG&amp#27;[0;39m [&amp#27;[34mmain&amp#27;[0;39m] &amp#27;[33mo.s.b.f.s.DefaultSingletonBeanRegistry&amp#27;[0;39m: Creating shared instance of singleton bean 'org.springframework.boot.autoconfigure.aop.AopAutoConfiguration$AspectJAutoProxyingConfiguration'
&amp#27;[30m2025-04-16 08:52:28,068&amp#27;[0;39m &amp#27;[39mDEBUG&amp#27;[0;39m [&amp#27;[34mmain&amp#27;[0;39m] &amp#27;[33mo.s.b.f.s.DefaultSingletonBeanRegistry&amp#27;[0;39m: Creating shared instance of singleton bean 'org.springframework.boot.autoconfigure.aop.AopAutoConfiguration'
&amp#27;[30m2025-04-16 08:52:28,068&amp#27;[0;39m &amp#27;[39mDEBUG&amp#27;[0;39m [&amp#27;[34mmain&amp#27;[0;39m] &amp#27;[33mo.s.b.f.s.DefaultSingletonBeanRegistry&amp#27;[0;39m: Creating shared instance of singleton bean 'org.springframework.boot.autoconfigure.availability.ApplicationAvailabilityAutoConfiguration'
&amp#27;[30m2025-04-16 08:52:28,069&amp#27;[0;39m &amp#27;[39mDEBUG&amp#27;[0;39m [&amp#27;[34mmain&amp#27;[0;39m] &amp#27;[33mo.s.b.f.s.DefaultSingletonBeanRegistry&amp#27;[0;39m: Creating shared instance of singleton bean 'applicationAvailability'
&amp#27;[30m2025-04-16 08:52:28,069&amp#27;[0;39m &amp#27;[39mDEBUG&amp#27;[0;39m [&amp#27;[34mmain&amp#27;[0;39m] &amp#27;[33mo.s.b.f.s.DefaultSingletonBeanRegistry&amp#27;[0;39m: Creating shared instance of singleton bean 'org.springframework.boot.autoconfigure.transaction.jta.JtaAutoConfiguration'
&amp#27;[30m2025-04-16 08:52:28,070&amp#27;[0;39m &amp#27;[39mDEBUG&amp#27;[0;39m [&amp#27;[34mmain&amp#27;[0;39m] &amp#27;[33mo.s.b.f.s.DefaultSingletonBeanRegistry&amp#27;[0;39m: Creating shared instance of singleton bean 'org.springframework.boot.autoconfigure.jdbc.metadata.DataSourcePoolMetadataProvidersConfiguration'
&amp#27;[30m2025-04-16 08:52:28,070&amp#27;[0;39m &amp#27;[39mDEBUG&amp#27;[0;39m [&amp#27;[34mmain&amp#27;[0;39m] &amp#27;[33mo.s.b.f.s.DefaultSingletonBeanRegistry&amp#27;[0;39m: Creating shared instance of singleton bean 'org.springframework.boot.autoconfigure.jdbc.DataSourceAutoConfiguration'
&amp#27;[30m2025-04-16 08:52:28,071&amp#27;[0;39m &amp#27;[39mDEBUG&amp#27;[0;39m [&amp#27;[34mmain&amp#27;[0;39m] &amp#27;[33mo.s.b.f.s.DefaultSingletonBeanRegistry&amp#27;[0;39m: Creating shared instance of singleton bean 'org.springframework.boot.autoconfigure.transaction.TransactionManagerCustomizationAutoConfiguration'
&amp#27;[30m2025-04-16 08:52:28,071&amp#27;[0;39m &amp#27;[39mDEBUG&amp#27;[0;39m [&amp#27;[34mmain&amp#27;[0;39m] &amp#27;[33mo.s.b.f.s.DefaultSingletonBeanRegistry&amp#27;[0;39m: Creating shared instance of singleton bean 'platformTransactionManagerCustomizers'
&amp#27;[30m2025-04-16 08:52:28,072&amp#27;[0;39m &amp#27;[39mDEBUG&amp#27;[0;39m [&amp#27;[34mmain&amp#27;[0;39m] &amp#27;[33mo.s.b.f.s.DefaultSingletonBeanRegistry&amp#27;[0;39m: Creating shared instance of singleton bean 'transactionExecutionListeners'
&amp#27;[30m2025-04-16 08:52:28,073&amp#27;[0;39m &amp#27;[39mDEBUG&amp#27;[0;39m [&amp#27;[34mmain&amp#27;[0;39m] &amp#27;[33mo.s.b.f.s.DefaultSingletonBeanRegistry&amp#27;[0;39m: Creating shared instance of singleton bean 'spring.transaction-org.springframework.boot.autoconfigure.transaction.TransactionProperties'
&amp#27;[30m2025-04-16 08:52:28,075&amp#27;[0;39m &amp#27;[39mDEBUG&amp#27;[0;39m [&amp#27;[34mmain&amp#27;[0;39m] &amp#27;[33mo.s.b.f.s.DefaultSingletonBeanRegistry&amp#27;[0;39m: Creating shared instance of singleton bean 'org.springframework.boot.autoconfigure.orm.jpa.JpaBaseConfiguration$PersistenceManagedTypesConfiguration'
&amp#27;[30m2025-04-16 08:52:28,075&amp#27;[0;39m &amp#27;[39mDEBUG&amp#27;[0;39m [&amp#27;[34mmain&amp#27;[0;39m] &amp#27;[33mo.s.b.f.s.DefaultSingletonBeanRegistry&amp#27;[0;39m: Creating shared instance of singleton bean 'transactionManager'
&amp#27;[30m2025-04-16 08:52:28,078&amp#27;[0;39m &amp#27;[39mDEBUG&amp#27;[0;39m [&amp#27;[34mmain&amp#27;[0;39m] &amp#27;[33mo.s.b.f.s.DefaultSingletonBeanRegistry&amp#27;[0;39m: Creating shared instance of singleton bean 'org.springframework.boot.autoconfigure.orm.jpa.HibernateJpaAutoConfiguration'
&amp#27;[30m2025-04-16 08:52:28,078&amp#27;[0;39m &amp#27;[39mDEBUG&amp#27;[0;39m [&amp#27;[34mmain&amp#27;[0;39m] &amp#27;[33mo.s.b.f.s.DefaultSingletonBeanRegistry&amp#27;[0;39m: Creating shared instance of singleton bean 'org.springframework.boot.autoconfigure.context.ConfigurationPropertiesAutoConfiguration'
&amp#27;[30m2025-04-16 08:52:28,079&amp#27;[0;39m &amp#27;[39mDEBUG&amp#27;[0;39m [&amp#27;[34mmain&amp#27;[0;39m] &amp#27;[33mo.s.b.f.s.DefaultSingletonBeanRegistry&amp#27;[0;39m: Creating shared instance of singleton bean 'org.springframework.boot.autoconfigure.context.LifecycleAutoConfiguration'
&amp#27;[30m2025-04-16 08:52:28,079&amp#27;[0;39m &amp#27;[39mDEBUG&amp#27;[0;39m [&amp#27;[34mmain&amp#27;[0;39m] &amp#27;[33mo.s.b.f.s.DefaultSingletonBeanRegistry&amp#27;[0;39m: Creating shared instance of singleton bean 'lifecycleProcessor'
&amp#27;[30m2025-04-16 08:52:28,080&amp#27;[0;39m &amp#27;[39mDEBUG&amp#27;[0;39m [&amp#27;[34mmain&amp#27;[0;39m] &amp#27;[33mo.s.b.f.s.DefaultSingletonBeanRegistry&amp#27;[0;39m: Creating shared instance of singleton bean 'spring.lifecycle-org.springframework.boot.autoconfigure.context.LifecycleProperties'
&amp#27;[30m2025-04-16 08:52:28,081&amp#27;[0;39m &amp#27;[39mDEBUG&amp#27;[0;39m [&amp#27;[34mmain&amp#27;[0;39m] &amp#27;[33mo.s.b.f.s.ConstructorResolver&amp#27;[0;39m: Autowiring by type from bean name 'lifecycleProcessor' via factory method to bean named 'spring.lifecycle-org.springframework.boot.autoconfigure.context.LifecycleProperties'
&amp#27;[30m2025-04-16 08:52:28,082&amp#27;[0;39m &amp#27;[39mDEBUG&amp#27;[0;39m [&amp#27;[34mmain&amp#27;[0;39m] &amp#27;[33mo.s.b.f.s.DefaultSingletonBeanRegistry&amp#27;[0;39m: Creating shared instance of singleton bean 'org.springframework.boot.autoconfigure.dao.PersistenceExceptionTranslationAutoConfiguration'
&amp#27;[30m2025-04-16 08:52:28,083&amp#27;[0;39m &amp#27;[39mDEBUG&amp#27;[0;39m [&amp#27;[34mmain&amp#27;[0;39m] &amp#27;[33mo.s.b.f.s.DefaultSingletonBeanRegistry&amp#27;[0;39m: Creating shared instance of singleton bean 'org.springframework.boot.autoconfigure.http.JacksonHttpMessageConvertersConfiguration'
&amp#27;[30m2025-04-16 08:52:28,083&amp#27;[0;39m &amp#27;[39mDEBUG&amp#27;[0;39m [&amp#27;[34mmain&amp#27;[0;39m] &amp#27;[33mo.s.b.f.s.DefaultSingletonBeanRegistry&amp#27;[0;39m: Creating shared instance of singleton bean 'org.springframework.data.web.config.ProjectingArgumentResolverRegistrar'
&amp#27;[30m2025-04-16 08:52:28,084&amp#27;[0;39m &amp#27;[39mDEBUG&amp#27;[0;39m [&amp#27;[34mmain&amp#27;[0;39m] &amp#27;[33mo.s.b.f.s.DefaultSingletonBeanRegistry&amp#27;[0;39m: Creating shared instance of singleton bean 'offsetResolver'
&amp#27;[30m2025-04-16 08:52:28,085&amp#27;[0;39m &amp#27;[39mDEBUG&amp#27;[0;39m [&amp#27;[34mmain&amp#27;[0;39m] &amp#27;[33mo.s.b.f.s.DefaultSingletonBeanRegistry&amp#27;[0;39m: Creating shared instance of singleton bean 'org.springframework.boot.autoconfigure.http.client.HttpClientAutoConfiguration'
&amp#27;[30m2025-04-16 08:52:28,085&amp#27;[0;39m &amp#27;[39mDEBUG&amp#27;[0;39m [&amp#27;[34mmain&amp#27;[0;39m] &amp#27;[33mo.s.b.f.s.DefaultSingletonBeanRegistry&amp#27;[0;39m: Creating shared instance of singleton bean 'clientHttpRequestFactoryBuilder'
&amp#27;[30m2025-04-16 08:52:28,086&amp#27;[0;39m &amp#27;[39mDEBUG&amp#27;[0;39m [&amp#27;[34mmain&amp#27;[0;39m] &amp#27;[33mo.s.b.f.s.DefaultSingletonBeanRegistry&amp#27;[0;39m: Creating shared instance of singleton bean 'spring.http.client-org.springframework.boot.autoconfigure.http.client.HttpClientProperties'
&amp#27;[30m2025-04-16 08:52:28,087&amp#27;[0;39m &amp#27;[39mDEBUG&amp#27;[0;39m [&amp#27;[34mmain&amp#27;[0;39m] &amp#27;[33mo.s.b.f.s.ConstructorResolver&amp#27;[0;39m: Autowiring by type from bean name 'clientHttpRequestFactoryBuilder' via factory method to bean named 'spring.http.client-org.springframework.boot.autoconfigure.http.client.HttpClientProperties'
&amp#27;[30m2025-04-16 08:52:28,088&amp#27;[0;39m &amp#27;[39mDEBUG&amp#27;[0;39m [&amp#27;[34mmain&amp#27;[0;39m] &amp#27;[33mo.s.b.f.s.DefaultSingletonBeanRegistry&amp#27;[0;39m: Creating shared instance of singleton bean 'clientHttpRequestFactorySettings'
&amp#27;[30m2025-04-16 08:52:28,089&amp#27;[0;39m &amp#27;[39mDEBUG&amp#27;[0;39m [&amp#27;[34mmain&amp#27;[0;39m] &amp#27;[33mo.s.b.f.s.ConstructorResolver&amp#27;[0;39m: Autowiring by type from bean name 'clientHttpRequestFactorySettings' via factory method to bean named 'spring.http.client-org.springframework.boot.autoconfigure.http.client.HttpClientProperties'
&amp#27;[30m2025-04-16 08:52:28,089&amp#27;[0;39m &amp#27;[39mDEBUG&amp#27;[0;39m [&amp#27;[34mmain&amp#27;[0;39m] &amp#27;[33mo.s.b.f.s.DefaultSingletonBeanRegistry&amp#27;[0;39m: Creating shared instance of singleton bean 'org.springframework.boot.autoconfigure.info.ProjectInfoAutoConfiguration'
&amp#27;[30m2025-04-16 08:52:28,089&amp#27;[0;39m &amp#27;[39mDEBUG&amp#27;[0;39m [&amp#27;[34mmain&amp#27;[0;39m] &amp#27;[33mo.s.b.f.s.DefaultSingletonBeanRegistry&amp#27;[0;39m: Creating shared instance of singleton bean 'spring.info-org.springframework.boot.autoconfigure.info.ProjectInfoProperties'
&amp#27;[30m2025-04-16 08:52:28,090&amp#27;[0;39m &amp#27;[39mDEBUG&amp#27;[0;39m [&amp#27;[34mmain&amp#27;[0;39m] &amp#27;[33mo.s.b.f.s.ConstructorResolver&amp#27;[0;39m: Autowiring by type from bean name 'org.springframework.boot.autoconfigure.info.ProjectInfoAutoConfiguration' via constructor to bean named 'spring.info-org.springframework.boot.autoconfigure.info.ProjectInfoProperties'
&amp#27;[30m2025-04-16 08:52:28,090&amp#27;[0;39m &amp#27;[39mDEBUG&amp#27;[0;39m [&amp#27;[34mmain&amp#27;[0;39m] &amp#27;[33mo.s.b.f.s.DefaultSingletonBeanRegistry&amp#27;[0;39m: Creating shared instance of singleton bean 'org.springframework.boot.autoconfigure.jdbc.JdbcTemplateConfiguration'
&amp#27;[30m2025-04-16 08:52:28,090&amp#27;[0;39m &amp#27;[39mDEBUG&amp#27;[0;39m [&amp#27;[34mmain&amp#27;[0;39m] &amp#27;[33mo.s.b.f.s.DefaultSingletonBeanRegistry&amp#27;[0;39m: Creating shared instance of singleton bean 'jdbcTemplate'
&amp#27;[30m2025-04-16 08:52:28,091&amp#27;[0;39m &amp#27;[39mDEBUG&amp#27;[0;39m [&amp#27;[34mmain&amp#27;[0;39m] &amp#27;[33mo.s.b.f.s.DefaultSingletonBeanRegistry&amp#27;[0;39m: Creating shared instance of singleton bean 'spring.jdbc-org.springframework.boot.autoconfigure.jdbc.JdbcProperties'
&amp#27;[30m2025-04-16 08:52:28,092&amp#27;[0;39m &amp#27;[39mDEBUG&amp#27;[0;39m [&amp#27;[34mmain&amp#27;[0;39m] &amp#27;[33mo.s.b.f.s.ConstructorResolver&amp#27;[0;39m: Autowiring by type from bean name 'jdbcTemplate' via factory method to bean named 'dataSource'
&amp#27;[30m2025-04-16 08:52:28,092&amp#27;[0;39m &amp#27;[39mDEBUG&amp#27;[0;39m [&amp#27;[34mmain&amp#27;[0;39m] &amp#27;[33mo.s.b.f.s.ConstructorResolver&amp#27;[0;39m: Autowiring by type from bean name 'jdbcTemplate' via factory method to bean named 'spring.jdbc-org.springframework.boot.autoconfigure.jdbc.JdbcProperties'
&amp#27;[30m2025-04-16 08:52:28,093&amp#27;[0;39m &amp#27;[39mDEBUG&amp#27;[0;39m [&amp#27;[34mmain&amp#27;[0;39m] &amp#27;[33mo.s.b.f.s.DefaultSingletonBeanRegistry&amp#27;[0;39m: Creating shared instance of singleton bean 'org.springframework.boot.autoconfigure.jdbc.NamedParameterJdbcTemplateConfiguration'
&amp#27;[30m2025-04-16 08:52:28,093&amp#27;[0;39m &amp#27;[39mDEBUG&amp#27;[0;39m [&amp#27;[34mmain&amp#27;[0;39m] &amp#27;[33mo.s.b.f.s.DefaultSingletonBeanRegistry&amp#27;[0;39m: Creating shared instance of singleton bean 'namedParameterJdbcTemplate'
&amp#27;[30m2025-04-16 08:52:28,093&amp#27;[0;39m &amp#27;[39mDEBUG&amp#27;[0;39m [&amp#27;[34mmain&amp#27;[0;39m] &amp#27;[33mo.s.b.f.s.ConstructorResolver&amp#27;[0;39m: Autowiring by type from bean name 'namedParameterJdbcTemplate' via factory method to bean named 'jdbcTemplate'
&amp#27;[30m2025-04-16 08:52:28,094&amp#27;[0;39m &amp#27;[39mDEBUG&amp#27;[0;39m [&amp#27;[34mmain&amp#27;[0;39m] &amp#27;[33mo.s.b.f.s.DefaultSingletonBeanRegistry&amp#27;[0;39m: Creating shared instance of singleton bean 'org.springframework.boot.autoconfigure.jdbc.JdbcTemplateAutoConfiguration'
&amp#27;[30m2025-04-16 08:52:28,094&amp#27;[0;39m &amp#27;[39mDEBUG&amp#27;[0;39m [&amp#27;[34mmain&amp#27;[0;39m] &amp#27;[33mo.s.b.f.s.DefaultSingletonBeanRegistry&amp#27;[0;39m: Creating shared instance of singleton bean 'org.springframework.boot.autoconfigure.jdbc.JdbcClientAutoConfiguration'
&amp#27;[30m2025-04-16 08:52:28,095&amp#27;[0;39m &amp#27;[39mDEBUG&amp#27;[0;39m [&amp#27;[34mmain&amp#27;[0;39m] &amp#27;[33mo.s.b.f.s.DefaultSingletonBeanRegistry&amp#27;[0;39m: Creating shared instance of singleton bean 'jdbcClient'
&amp#27;[30m2025-04-16 08:52:28,095&amp#27;[0;39m &amp#27;[39mDEBUG&amp#27;[0;39m [&amp#27;[34mmain&amp#27;[0;39m] &amp#27;[33mo.s.b.f.s.ConstructorResolver&amp#27;[0;39m: Autowiring by type from bean name 'jdbcClient' via factory method to bean named 'namedParameterJdbcTemplate'
&amp#27;[30m2025-04-16 08:52:28,095&amp#27;[0;39m &amp#27;[39mDEBUG&amp#27;[0;39m [&amp#27;[34mmain&amp#27;[0;39m] &amp#27;[33mo.s.b.f.s.DefaultSingletonBeanRegistry&amp#27;[0;39m: Creating shared instance of singleton bean 'org.springframework.boot.autoconfigure.security.servlet.SpringBootWebSecurityConfiguration'
&amp#27;[30m2025-04-16 08:52:28,095&amp#27;[0;39m &amp#27;[39mDEBUG&amp#27;[0;39m [&amp#27;[34mmain&amp#27;[0;39m] &amp#27;[33mo.s.b.f.s.DefaultSingletonBeanRegistry&amp#27;[0;39m: Creating shared instance of singleton bean 'spring.security-org.springframework.boot.autoconfigure.security.SecurityProperties'
&amp#27;[30m2025-04-16 08:52:28,096&amp#27;[0;39m &amp#27;[39mDEBUG&amp#27;[0;39m [&amp#27;[34mmain&amp#27;[0;39m] &amp#27;[33mo.s.b.f.s.DefaultSingletonBeanRegistry&amp#27;[0;39m: Creating shared instance of singleton bean 'org.springframework.boot.autoconfigure.security.servlet.SecurityFilterAutoConfiguration'
&amp#27;[30m2025-04-16 08:52:28,096&amp#27;[0;39m &amp#27;[39mDEBUG&amp#27;[0;39m [&amp#27;[34mmain&amp#27;[0;39m] &amp#27;[33mo.s.b.f.s.DefaultSingletonBeanRegistry&amp#27;[0;39m: Creating shared instance of singleton bean 'securityFilterChainRegistration'
&amp#27;[30m2025-04-16 08:52:28,097&amp#27;[0;39m &amp#27;[39mDEBUG&amp#27;[0;39m [&amp#27;[34mmain&amp#27;[0;39m] &amp#27;[33mo.s.b.f.s.ConstructorResolver&amp#27;[0;39m: Autowiring by type from bean name 'securityFilterChainRegistration' via factory method to bean named 'spring.security-org.springframework.boot.autoconfigure.security.SecurityProperties'
&amp#27;[30m2025-04-16 08:52:28,098&amp#27;[0;39m &amp#27;[39mDEBUG&amp#27;[0;39m [&amp#27;[34mmain&amp#27;[0;39m] &amp#27;[33mo.s.b.f.s.DefaultSingletonBeanRegistry&amp#27;[0;39m: Creating shared instance of singleton bean 'org.springframework.boot.autoconfigure.sql.init.SqlInitializationAutoConfiguration'
&amp#27;[30m2025-04-16 08:52:28,098&amp#27;[0;39m &amp#27;[39mDEBUG&amp#27;[0;39m [&amp#27;[34mmain&amp#27;[0;39m] &amp#27;[33mo.s.b.f.s.DefaultSingletonBeanRegistry&amp#27;[0;39m: Creating shared instance of singleton bean 'org.springframework.boot.autoconfigure.task.TaskSchedulingConfigurations$ThreadPoolTaskSchedulerBuilderConfiguration'
&amp#27;[30m2025-04-16 08:52:28,098&amp#27;[0;39m &amp#27;[39mDEBUG&amp#27;[0;39m [&amp#27;[34mmain&amp#27;[0;39m] &amp#27;[33mo.s.b.f.s.DefaultSingletonBeanRegistry&amp#27;[0;39m: Creating shared instance of singleton bean 'threadPoolTaskSchedulerBuilder'
&amp#27;[30m2025-04-16 08:52:28,099&amp#27;[0;39m &amp#27;[39mDEBUG&amp#27;[0;39m [&amp#27;[34mmain&amp#27;[0;39m] &amp#27;[33mo.s.b.f.s.DefaultSingletonBeanRegistry&amp#27;[0;39m: Creating shared instance of singleton bean 'spring.task.scheduling-org.springframework.boot.autoconfigure.task.TaskSchedulingProperties'
&amp#27;[30m2025-04-16 08:52:28,099&amp#27;[0;39m &amp#27;[39mDEBUG&amp#27;[0;39m [&amp#27;[34mmain&amp#27;[0;39m] &amp#27;[33mo.s.b.f.s.ConstructorResolver&amp#27;[0;39m: Autowiring by type from bean name 'threadPoolTaskSchedulerBuilder' via factory method to bean named 'spring.task.scheduling-org.springframework.boot.autoconfigure.task.TaskSchedulingProperties'
&amp#27;[30m2025-04-16 08:52:28,100&amp#27;[0;39m &amp#27;[39mDEBUG&amp#27;[0;39m [&amp#27;[34mmain&amp#27;[0;39m] &amp#27;[33mo.s.b.f.s.DefaultSingletonBeanRegistry&amp#27;[0;39m: Creating shared instance of singleton bean 'org.springframework.boot.autoconfigure.task.TaskSchedulingConfigurations$SimpleAsyncTaskSchedulerBuilderConfiguration'
&amp#27;[30m2025-04-16 08:52:28,100&amp#27;[0;39m &amp#27;[39mDEBUG&amp#27;[0;39m [&amp#27;[34mmain&amp#27;[0;39m] &amp#27;[33mo.s.b.f.s.ConstructorResolver&amp#27;[0;39m: Autowiring by type from bean name 'org.springframework.boot.autoconfigure.task.TaskSchedulingConfigurations$SimpleAsyncTaskSchedulerBuilderConfiguration' via constructor to bean named 'spring.task.scheduling-org.springframework.boot.autoconfigure.task.TaskSchedulingProperties'
&amp#27;[30m2025-04-16 08:52:28,101&amp#27;[0;39m &amp#27;[39mDEBUG&amp#27;[0;39m [&amp#27;[34mmain&amp#27;[0;39m] &amp#27;[33mo.s.b.f.s.DefaultSingletonBeanRegistry&amp#27;[0;39m: Creating shared instance of singleton bean 'simpleAsyncTaskSchedulerBuilder'
&amp#27;[30m2025-04-16 08:52:28,101&amp#27;[0;39m &amp#27;[39mDEBUG&amp#27;[0;39m [&amp#27;[34mmain&amp#27;[0;39m] &amp#27;[33mo.s.b.f.s.DefaultSingletonBeanRegistry&amp#27;[0;39m: Creating shared instance of singleton bean 'org.springframework.boot.autoconfigure.task.TaskSchedulingAutoConfiguration'
&amp#27;[30m2025-04-16 08:52:28,101&amp#27;[0;39m &amp#27;[39mDEBUG&amp#27;[0;39m [&amp#27;[34mmain&amp#27;[0;39m] &amp#27;[33mo.s.b.f.s.DefaultSingletonBeanRegistry&amp#27;[0;39m: Creating shared instance of singleton bean 'org.springframework.boot.autoconfigure.jdbc.DataSourceTransactionManagerAutoConfiguration$JdbcTransactionManagerConfiguration'
&amp#27;[30m2025-04-16 08:52:28,101&amp#27;[0;39m &amp#27;[39mDEBUG&amp#27;[0;39m [&amp#27;[34mmain&amp#27;[0;39m] &amp#27;[33mo.s.b.f.s.DefaultSingletonBeanRegistry&amp#27;[0;39m: Creating shared instance of singleton bean 'org.springframework.boot.autoconfigure.jdbc.DataSourceTransactionManagerAutoConfiguration'
&amp#27;[30m2025-04-16 08:52:28,101&amp#27;[0;39m &amp#27;[39mDEBUG&amp#27;[0;39m [&amp#27;[34mmain&amp#27;[0;39m] &amp#27;[33mo.s.b.f.s.DefaultSingletonBeanRegistry&amp#27;[0;39m: Creating shared instance of singleton bean 'org.springframework.boot.autoconfigure.transaction.TransactionAutoConfiguration$TransactionTemplateConfiguration'
&amp#27;[30m2025-04-16 08:52:28,102&amp#27;[0;39m &amp#27;[39mDEBUG&amp#27;[0;39m [&amp#27;[34mmain&amp#27;[0;39m] &amp#27;[33mo.s.b.f.s.DefaultSingletonBeanRegistry&amp#27;[0;39m: Creating shared instance of singleton bean 'transactionTemplate'
&amp#27;[30m2025-04-16 08:52:28,102&amp#27;[0;39m &amp#27;[39mDEBUG&amp#27;[0;39m [&amp#27;[34mmain&amp#27;[0;39m] &amp#27;[33mo.s.b.f.s.ConstructorResolver&amp#27;[0;39m: Autowiring by type from bean name 'transactionTemplate' via factory method to bean named 'transactionManager'
&amp#27;[30m2025-04-16 08:52:28,102&amp#27;[0;39m &amp#27;[39mDEBUG&amp#27;[0;39m [&amp#27;[34mmain&amp#27;[0;39m] &amp#27;[33mo.s.b.f.s.DefaultSingletonBeanRegistry&amp#27;[0;39m: Creating shared instance of singleton bean 'org.springframework.boot.autoconfigure.transaction.TransactionAutoConfiguration'
&amp#27;[30m2025-04-16 08:52:28,102&amp#27;[0;39m &amp#27;[39mDEBUG&amp#27;[0;39m [&amp#27;[34mmain&amp#27;[0;39m] &amp#27;[33mo.s.b.f.s.DefaultSingletonBeanRegistry&amp#27;[0;39m: Creating shared instance of singleton bean 'org.springframework.boot.autoconfigure.web.client.RestClientAutoConfiguration'
&amp#27;[30m2025-04-16 08:52:28,102&amp#27;[0;39m &amp#27;[39mDEBUG&amp#27;[0;39m [&amp#27;[34mmain&amp#27;[0;39m] &amp#27;[33mo.s.b.f.s.DefaultSingletonBeanRegistry&amp#27;[0;39m: Creating shared instance of singleton bean 'httpMessageConvertersRestClientCustomizer'
&amp#27;[30m2025-04-16 08:52:28,103&amp#27;[0;39m &amp#27;[39mDEBUG&amp#27;[0;39m [&amp#27;[34mmain&amp#27;[0;39m] &amp#27;[33mo.s.b.f.s.DefaultSingletonBeanRegistry&amp#27;[0;39m: Creating shared instance of singleton bean 'restClientSsl'
&amp#27;[30m2025-04-16 08:52:28,103&amp#27;[0;39m &amp#27;[39mDEBUG&amp#27;[0;39m [&amp#27;[34mmain&amp#27;[0;39m] &amp#27;[33mo.s.b.f.s.ConstructorResolver&amp#27;[0;39m: Autowiring by type from bean name 'restClientSsl' via factory method to bean named 'sslBundleRegistry'
&amp#27;[30m2025-04-16 08:52:28,103&amp#27;[0;39m &amp#27;[39mDEBUG&amp#27;[0;39m [&amp#27;[34mmain&amp#27;[0;39m] &amp#27;[33mo.s.b.f.s.DefaultSingletonBeanRegistry&amp#27;[0;39m: Creating shared instance of singleton bean 'restClientBuilderConfigurer'
&amp#27;[30m2025-04-16 08:52:28,104&amp#27;[0;39m &amp#27;[39mDEBUG&amp#27;[0;39m [&amp#27;[34mmain&amp#27;[0;39m] &amp#27;[33mo.s.b.f.s.DefaultSingletonBeanRegistry&amp#27;[0;39m: Creating shared instance of singleton bean 'org.springframework.boot.autoconfigure.web.client.RestTemplateAutoConfiguration'
&amp#27;[30m2025-04-16 08:52:28,104&amp#27;[0;39m &amp#27;[39mDEBUG&amp#27;[0;39m [&amp#27;[34mmain&amp#27;[0;39m] &amp#27;[33mo.s.b.f.s.DefaultSingletonBeanRegistry&amp#27;[0;39m: Creating shared instance of singleton bean 'characterEncodingFilter'
&amp#27;[30m2025-04-16 08:52:28,105&amp#27;[0;39m &amp#27;[39mDEBUG&amp#27;[0;39m [&amp#27;[34mmain&amp#27;[0;39m] &amp#27;[33mo.s.b.f.s.DefaultSingletonBeanRegistry&amp#27;[0;39m: Creating shared instance of singleton bean 'multipartResolver'
&amp#27;[30m2025-04-16 08:52:28,109&amp#27;[0;39m &amp#27;[39mDEBUG&amp#27;[0;39m [&amp#27;[34mmain&amp#27;[0;39m] &amp#27;[33mo.s.c.s.DefaultLifecycleProcessor$LifecycleGroup&amp#27;[0;39m: Starting beans in phase -2147483647
&amp#27;[30m2025-04-16 08:52:28,109&amp#27;[0;39m &amp#27;[39mDEBUG&amp#27;[0;39m [&amp#27;[34mmain&amp#27;[0;39m] &amp#27;[33mo.s.c.s.DefaultLifecycleProcessor&amp#27;[0;39m: Successfully started bean 'springBootLoggingLifecycle'
&amp#27;[30m2025-04-16 08:52:28,110&amp#27;[0;39m &amp#27;[39mDEBUG&amp#27;[0;39m [&amp#27;[34mmain&amp#27;[0;39m] &amp#27;[33mo.s.c.s.DefaultLifecycleProcessor$LifecycleGroup&amp#27;[0;39m: Starting beans in phase 1073741823
&amp#27;[30m2025-04-16 08:52:28,114&amp#27;[0;39m &amp#27;[39mDEBUG&amp#27;[0;39m [&amp#27;[34mmain&amp#27;[0;39m] &amp#27;[33mo.s.b.a.l.ConditionEvaluationReportLogger&amp#27;[0;39m: 


============================
CONDITIONS EVALUATION REPORT
============================


Positive matches:
-----------------

   AopAutoConfiguration matched:
      - @ConditionalOnProperty (spring.aop.auto=true) matched (OnPropertyCondition)

   AopAutoConfiguration.AspectJAutoProxyingConfiguration matched:
      - @ConditionalOnClass found required class 'org.aspectj.weaver.Advice' (OnClassCondition)

   AopAutoConfiguration.AspectJAutoProxyingConfiguration.CglibAutoProxyConfiguration matched:
      - @ConditionalOnProperty (spring.aop.proxy-target-class=true) matched (OnPropertyCondition)

   ApplicationAvailabilityAutoConfiguration#applicationAvailability matched:
      - @ConditionalOnMissingBean (types: org.springframework.boot.availability.ApplicationAvailability; SearchStrategy: all) did not find any beans (OnBeanCondition)

   DataSourceAutoConfiguration matched:
      - @ConditionalOnClass found required classes 'javax.sql.DataSource', 'org.springframework.jdbc.datasource.embedded.EmbeddedDatabaseType' (OnClassCondition)
      - @ConditionalOnMissingBean (types: io.r2dbc.spi.ConnectionFactory; SearchStrategy: all) did not find any beans (OnBeanCondition)

   DataSourceAutoConfiguration.PooledDataSourceConfiguration matched:
      - AnyNestedCondition 1 matched 1 did not; NestedCondition on DataSourceAutoConfiguration.PooledDataSourceCondition.PooledDataSourceAvailable PooledDataSource found supported DataSource; NestedCondition on DataSourceAutoConfiguration.PooledDataSourceCondition.ExplicitType @ConditionalOnProperty (spring.datasource.type) did not find property 'type' (DataSourceAutoConfiguration.PooledDataSourceCondition)
      - @ConditionalOnMissingBean (types: javax.sql.DataSource,javax.sql.XADataSource; SearchStrategy: all) did not find any beans (OnBeanCondition)

   DataSourceAutoConfiguration.PooledDataSourceConfiguration#jdbcConnectionDetails matched:
      - @ConditionalOnMissingBean (types: org.springframework.boot.autoconfigure.jdbc.JdbcConnectionDetails; SearchStrategy: all) did not find any beans (OnBeanCondition)

   DataSourceConfiguration.Hikari matched:
      - @ConditionalOnClass found required class 'com.zaxxer.hikari.HikariDataSource' (OnClassCondition)
      - @ConditionalOnProperty (spring.datasource.type=com.zaxxer.hikari.HikariDataSource) matched (OnPropertyCondition)
      - @ConditionalOnMissingBean (types: javax.sql.DataSource; SearchStrategy: all) did not find any beans (OnBeanCondition)

   DataSourceInitializationConfiguration matched:
      - @ConditionalOnClass found required class 'org.springframework.jdbc.datasource.init.DatabasePopulator' (OnClassCondition)
      - @ConditionalOnSingleCandidate (types: javax.sql.DataSource; SearchStrategy: all) found a single bean 'dataSource'; @ConditionalOnMissingBean (types: org.springframework.boot.autoconfigure.sql.init.SqlDataSourceScriptDatabaseInitializer,org.springframework.boot.autoconfigure.sql.init.SqlR2dbcScriptDatabaseInitializer; SearchStrategy: all) did not find any beans (OnBeanCondition)

   DataSourcePoolMetadataProvidersConfiguration.HikariPoolDataSourceMetadataProviderConfiguration matched:
      - @ConditionalOnClass found required class 'com.zaxxer.hikari.HikariDataSource' (OnClassCondition)

   DataSourceTransactionManagerAutoConfiguration matched:
      - @ConditionalOnClass found required classes 'javax.sql.DataSource', 'org.springframework.jdbc.core.JdbcTemplate', 'org.springframework.transaction.TransactionManager' (OnClassCondition)

   DataSourceTransactionManagerAutoConfiguration.JdbcTransactionManagerConfiguration matched:
      - @ConditionalOnSingleCandidate (types: javax.sql.DataSource; SearchStrategy: all) found a single bean 'dataSource' (OnBeanCondition)

   DispatcherServletAutoConfiguration matched:
      - @ConditionalOnClass found required class 'org.springframework.web.servlet.DispatcherServlet' (OnClassCondition)
      - found 'session' scope (OnWebApplicationCondition)

   DispatcherServletAutoConfiguration.DispatcherServletConfiguration matched:
      - @ConditionalOnClass found required class 'jakarta.servlet.ServletRegistration' (OnClassCondition)
      - Default DispatcherServlet did not find dispatcher servlet beans (DispatcherServletAutoConfiguration.DefaultDispatcherServletCondition)

   DispatcherServletAutoConfiguration.DispatcherServletRegistrationConfiguration matched:
      - @ConditionalOnClass found required class 'jakarta.servlet.ServletRegistration' (OnClassCondition)
      - DispatcherServlet Registration did not find servlet registration bean (DispatcherServletAutoConfiguration.DispatcherServletRegistrationCondition)

   DispatcherServletAutoConfiguration.DispatcherServletRegistrationConfiguration#dispatcherServletRegistration matched:
      - @ConditionalOnBean (names: dispatcherServlet types: org.springframework.web.servlet.DispatcherServlet; SearchStrategy: all) found bean 'dispatcherServlet' (OnBeanCondition)

   ErrorMvcAutoConfiguration matched:
      - @ConditionalOnClass found required classes 'jakarta.servlet.Servlet', 'org.springframework.web.servlet.DispatcherServlet' (OnClassCondition)
      - found 'session' scope (OnWebApplicationCondition)

   ErrorMvcAutoConfiguration#basicErrorController matched:
      - @ConditionalOnMissingBean (types: org.springframework.boot.web.servlet.error.ErrorController; SearchStrategy: current) did not find any beans (OnBeanCondition)

   ErrorMvcAutoConfiguration#errorAttributes matched:
      - @ConditionalOnMissingBean (types: org.springframework.boot.web.servlet.error.ErrorAttributes; SearchStrategy: current) did not find any beans (OnBeanCondition)

   ErrorMvcAutoConfiguration.DefaultErrorViewResolverConfiguration#conventionErrorViewResolver matched:
      - @ConditionalOnBean (types: org.springframework.web.servlet.DispatcherServlet; SearchStrategy: all) found bean 'dispatcherServlet'; @ConditionalOnMissingBean (types: org.springframework.boot.autoconfigure.web.servlet.error.ErrorViewResolver; SearchStrategy: all) did not find any beans (OnBeanCondition)

   ErrorMvcAutoConfiguration.WhitelabelErrorViewConfiguration matched:
      - @ConditionalOnProperty (server.error.whitelabel.enabled) matched (OnPropertyCondition)
      - ErrorTemplate Missing did not find error template view (ErrorMvcAutoConfiguration.ErrorTemplateMissingCondition)

   ErrorMvcAutoConfiguration.WhitelabelErrorViewConfiguration#beanNameViewResolver matched:
      - @ConditionalOnMissingBean (types: org.springframework.web.servlet.view.BeanNameViewResolver; SearchStrategy: all) did not find any beans (OnBeanCondition)

   ErrorMvcAutoConfiguration.WhitelabelErrorViewConfiguration#defaultErrorView matched:
      - @ConditionalOnMissingBean (names: error; SearchStrategy: all) did not find any beans (OnBeanCondition)

   GenericCacheConfiguration matched:
      - Cache org.springframework.boot.autoconfigure.cache.GenericCacheConfiguration automatic cache type (CacheCondition)

   HibernateJpaAutoConfiguration matched:
      - @ConditionalOnClass found required classes 'org.springframework.orm.jpa.LocalContainerEntityManagerFactoryBean', 'jakarta.persistence.EntityManager', 'org.hibernate.engine.spi.SessionImplementor' (OnClassCondition)

   HibernateJpaConfiguration matched:
      - @ConditionalOnSingleCandidate (types: javax.sql.DataSource; SearchStrategy: all) found a single bean 'dataSource' (OnBeanCondition)

   HttpClientAutoConfiguration matched:
      - @ConditionalOnClass found required class 'org.springframework.http.client.ClientHttpRequestFactory' (OnClassCondition)
      - NoneNestedConditions 0 matched 1 did not; NestedCondition on NotReactiveWebApplicationCondition.ReactiveWebApplication did not find reactive web application classes (NotReactiveWebApplicationCondition)

   HttpClientAutoConfiguration#clientHttpRequestFactoryBuilder matched:
      - @ConditionalOnMissingBean (types: org.springframework.boot.http.client.ClientHttpRequestFactoryBuilder; SearchStrategy: all) did not find any beans (OnBeanCondition)

   HttpClientAutoConfiguration#clientHttpRequestFactorySettings matched:
      - @ConditionalOnMissingBean (types: org.springframework.boot.http.client.ClientHttpRequestFactorySettings; SearchStrategy: all) did not find any beans (OnBeanCondition)

   HttpEncodingAutoConfiguration matched:
      - @ConditionalOnClass found required class 'org.springframework.web.filter.CharacterEncodingFilter' (OnClassCondition)
      - found 'session' scope (OnWebApplicationCondition)
      - @ConditionalOnProperty (server.servlet.encoding.enabled) matched (OnPropertyCondition)

   HttpEncodingAutoConfiguration#characterEncodingFilter matched:
      - @ConditionalOnMissingBean (types: org.springframework.web.filter.CharacterEncodingFilter; SearchStrategy: all) did not find any beans (OnBeanCondition)

   HttpMessageConvertersAutoConfiguration matched:
      - @ConditionalOnClass found required class 'org.springframework.http.converter.HttpMessageConverter' (OnClassCondition)
      - NoneNestedConditions 0 matched 1 did not; NestedCondition on HttpMessageConvertersAutoConfiguration.NotReactiveWebApplicationCondition.ReactiveWebApplication did not find reactive web application classes (HttpMessageConvertersAutoConfiguration.NotReactiveWebApplicationCondition)

   HttpMessageConvertersAutoConfiguration#messageConverters matched:
      - @ConditionalOnMissingBean (types: org.springframework.boot.autoconfigure.http.HttpMessageConverters; SearchStrategy: all) did not find any beans (OnBeanCondition)

   HttpMessageConvertersAutoConfiguration.StringHttpMessageConverterConfiguration matched:
      - @ConditionalOnClass found required class 'org.springframework.http.converter.StringHttpMessageConverter' (OnClassCondition)

   HttpMessageConvertersAutoConfiguration.StringHttpMessageConverterConfiguration#stringHttpMessageConverter matched:
      - @ConditionalOnMissingBean (types: org.springframework.http.converter.StringHttpMessageConverter; SearchStrategy: all) did not find any beans (OnBeanCondition)

   JacksonAutoConfiguration matched:
      - @ConditionalOnClass found required class 'com.fasterxml.jackson.databind.ObjectMapper' (OnClassCondition)

   JacksonAutoConfiguration.Jackson2ObjectMapperBuilderCustomizerConfiguration matched:
      - @ConditionalOnClass found required class 'org.springframework.http.converter.json.Jackson2ObjectMapperBuilder' (OnClassCondition)

   JacksonAutoConfiguration.JacksonObjectMapperBuilderConfiguration matched:
      - @ConditionalOnClass found required class 'org.springframework.http.converter.json.Jackson2ObjectMapperBuilder' (OnClassCondition)

   JacksonAutoConfiguration.JacksonObjectMapperBuilderConfiguration#jacksonObjectMapperBuilder matched:
      - @ConditionalOnMissingBean (types: org.springframework.http.converter.json.Jackson2ObjectMapperBuilder; SearchStrategy: all) did not find any beans (OnBeanCondition)

   JacksonAutoConfiguration.JacksonObjectMapperConfiguration matched:
      - @ConditionalOnClass found required class 'org.springframework.http.converter.json.Jackson2ObjectMapperBuilder' (OnClassCondition)

   JacksonAutoConfiguration.JacksonObjectMapperConfiguration#jacksonObjectMapper matched:
      - @ConditionalOnMissingBean (types: com.fasterxml.jackson.databind.ObjectMapper; SearchStrategy: all) did not find any beans (OnBeanCondition)

   JacksonAutoConfiguration.ParameterNamesModuleConfiguration matched:
      - @ConditionalOnClass found required class 'com.fasterxml.jackson.module.paramnames.ParameterNamesModule' (OnClassCondition)

   JacksonAutoConfiguration.ParameterNamesModuleConfiguration#parameterNamesModule matched:
      - @ConditionalOnMissingBean (types: com.fasterxml.jackson.module.paramnames.ParameterNamesModule; SearchStrategy: all) did not find any beans (OnBeanCondition)

   JacksonHttpMessageConvertersConfiguration.MappingJackson2HttpMessageConverterConfiguration matched:
      - @ConditionalOnClass found required class 'com.fasterxml.jackson.databind.ObjectMapper' (OnClassCondition)
      - @ConditionalOnProperty (spring.mvc.converters.preferred-json-mapper=jackson) matched (OnPropertyCondition)
      - @ConditionalOnBean (types: com.fasterxml.jackson.databind.ObjectMapper; SearchStrategy: all) found bean 'jacksonObjectMapper' (OnBeanCondition)

   JacksonHttpMessageConvertersConfiguration.MappingJackson2HttpMessageConverterConfiguration#mappingJackson2HttpMessageConverter matched:
      - @ConditionalOnMissingBean (types: org.springframework.http.converter.json.MappingJackson2HttpMessageConverter ignored: org.springframework.hateoas.server.mvc.TypeConstrainedMappingJackson2HttpMessageConverter,org.springframework.data.rest.webmvc.alps.AlpsJsonHttpMessageConverter; SearchStrategy: all) did not find any beans (OnBeanCondition)

   JdbcClientAutoConfiguration matched:
      - @ConditionalOnSingleCandidate (types: org.springframework.jdbc.core.namedparam.NamedParameterJdbcTemplate; SearchStrategy: all) found a single bean 'namedParameterJdbcTemplate'; @ConditionalOnMissingBean (types: org.springframework.jdbc.core.simple.JdbcClient; SearchStrategy: all) did not find any beans (OnBeanCondition)

   JdbcTemplateAutoConfiguration matched:
      - @ConditionalOnClass found required classes 'javax.sql.DataSource', 'org.springframework.jdbc.core.JdbcTemplate' (OnClassCondition)
      - @ConditionalOnSingleCandidate (types: javax.sql.DataSource; SearchStrategy: all) found a single bean 'dataSource' (OnBeanCondition)

   JdbcTemplateConfiguration matched:
      - @ConditionalOnMissingBean (types: org.springframework.jdbc.core.JdbcOperations; SearchStrategy: all) did not find any beans (OnBeanCondition)

   JpaBaseConfiguration#entityManagerFactory matched:
      - @ConditionalOnMissingBean (types: org.springframework.orm.jpa.LocalContainerEntityManagerFactoryBean,jakarta.persistence.EntityManagerFactory; SearchStrategy: all) did not find any beans (OnBeanCondition)

   JpaBaseConfiguration#entityManagerFactoryBuilder matched:
      - @ConditionalOnMissingBean (types: org.springframework.boot.orm.jpa.EntityManagerFactoryBuilder; SearchStrategy: all) did not find any beans (OnBeanCondition)

   JpaBaseConfiguration#jpaVendorAdapter matched:
      - @ConditionalOnMissingBean (types: org.springframework.orm.jpa.JpaVendorAdapter; SearchStrategy: all) did not find any beans (OnBeanCondition)

   JpaBaseConfiguration#transactionManager matched:
      - @ConditionalOnMissingBean (types: org.springframework.transaction.TransactionManager; SearchStrategy: all) did not find any beans (OnBeanCondition)

   JpaBaseConfiguration.JpaWebConfiguration matched:
      - @ConditionalOnClass found required class 'org.springframework.web.servlet.config.annotation.WebMvcConfigurer' (OnClassCondition)
      - found 'session' scope (OnWebApplicationCondition)
      - @ConditionalOnProperty (spring.jpa.open-in-view=true) matched (OnPropertyCondition)
      - @ConditionalOnMissingBean (types: org.springframework.orm.jpa.support.OpenEntityManagerInViewInterceptor,org.springframework.orm.jpa.support.OpenEntityManagerInViewFilter; SearchStrategy: all) did not find any beans (OnBeanCondition)

   JpaBaseConfiguration.PersistenceManagedTypesConfiguration matched:
      - @ConditionalOnMissingBean (types: org.springframework.orm.jpa.LocalContainerEntityManagerFactoryBean,jakarta.persistence.EntityManagerFactory; SearchStrategy: all) did not find any beans (OnBeanCondition)

   JpaBaseConfiguration.PersistenceManagedTypesConfiguration#persistenceManagedTypes matched:
      - @ConditionalOnMissingBean (types: org.springframework.orm.jpa.persistenceunit.PersistenceManagedTypes; SearchStrategy: all) did not find any beans (OnBeanCondition)

   JtaAutoConfiguration matched:
      - @ConditionalOnClass found required class 'jakarta.transaction.Transaction' (OnClassCondition)
      - @ConditionalOnProperty (spring.jta.enabled) matched (OnPropertyCondition)

   LifecycleAutoConfiguration#defaultLifecycleProcessor matched:
      - @ConditionalOnMissingBean (names: lifecycleProcessor; SearchStrategy: current) did not find any beans (OnBeanCondition)

   MultipartAutoConfiguration matched:
      - @ConditionalOnClass found required classes 'jakarta.servlet.Servlet', 'org.springframework.web.multipart.support.StandardServletMultipartResolver', 'jakarta.servlet.MultipartConfigElement' (OnClassCondition)
      - found 'session' scope (OnWebApplicationCondition)
      - @ConditionalOnProperty (spring.servlet.multipart.enabled) matched (OnPropertyCondition)

   MultipartAutoConfiguration#multipartConfigElement matched:
      - @ConditionalOnMissingBean (types: jakarta.servlet.MultipartConfigElement; SearchStrategy: all) did not find any beans (OnBeanCondition)

   MultipartAutoConfiguration#multipartResolver matched:
      - @ConditionalOnMissingBean (types: org.springframework.web.multipart.MultipartResolver; SearchStrategy: all) did not find any beans (OnBeanCondition)

   NamedParameterJdbcTemplateConfiguration matched:
      - @ConditionalOnSingleCandidate (types: org.springframework.jdbc.core.JdbcTemplate; SearchStrategy: all) found a single bean 'jdbcTemplate'; @ConditionalOnMissingBean (types: org.springframework.jdbc.core.namedparam.NamedParameterJdbcOperations; SearchStrategy: all) did not find any beans (OnBeanCondition)

   NoOpCacheConfiguration matched:
      - Cache org.springframework.boot.autoconfigure.cache.NoOpCacheConfiguration automatic cache type (CacheCondition)

   PersistenceExceptionTranslationAutoConfiguration matched:
      - @ConditionalOnClass found required class 'org.springframework.dao.annotation.PersistenceExceptionTranslationPostProcessor' (OnClassCondition)

   PersistenceExceptionTranslationAutoConfiguration#persistenceExceptionTranslationPostProcessor matched:
      - @ConditionalOnProperty (spring.dao.exceptiontranslation.enabled) matched (OnPropertyCondition)
      - @ConditionalOnMissingBean (types: org.springframework.dao.annotation.PersistenceExceptionTranslationPostProcessor; SearchStrategy: all) did not find any beans (OnBeanCondition)

   PropertyPlaceholderAutoConfiguration#propertySourcesPlaceholderConfigurer matched:
      - @ConditionalOnMissingBean (types: org.springframework.context.support.PropertySourcesPlaceholderConfigurer; SearchStrategy: current) did not find any beans (OnBeanCondition)

   RestClientAutoConfiguration matched:
      - @ConditionalOnClass found required class 'org.springframework.web.client.RestClient' (OnClassCondition)
      - NoneNestedConditions 0 matched 1 did not; NestedCondition on NotReactiveWebApplicationCondition.ReactiveWebApplication did not find reactive web application classes (NotReactiveWebApplicationCondition)

   RestClientAutoConfiguration#httpMessageConvertersRestClientCustomizer matched:
      - @ConditionalOnMissingBean (types: org.springframework.boot.autoconfigure.web.client.HttpMessageConvertersRestClientCustomizer; SearchStrategy: all) did not find any beans (OnBeanCondition)

   RestClientAutoConfiguration#restClientBuilder matched:
      - @ConditionalOnMissingBean (types: org.springframework.web.client.RestClient$Builder; SearchStrategy: all) did not find any beans (OnBeanCondition)

   RestClientAutoConfiguration#restClientBuilderConfigurer matched:
      - @ConditionalOnMissingBean (types: org.springframework.boot.autoconfigure.web.client.RestClientBuilderConfigurer; SearchStrategy: all) did not find any beans (OnBeanCondition)

   RestClientAutoConfiguration#restClientSsl matched:
      - @ConditionalOnBean (types: org.springframework.boot.ssl.SslBundles; SearchStrategy: all) found bean 'sslBundleRegistry'; @ConditionalOnMissingBean (types: org.springframework.boot.autoconfigure.web.client.RestClientSsl; SearchStrategy: all) did not find any beans (OnBeanCondition)

   RestTemplateAutoConfiguration matched:
      - @ConditionalOnClass found required class 'org.springframework.web.client.RestTemplate' (OnClassCondition)
      - NoneNestedConditions 0 matched 1 did not; NestedCondition on NotReactiveWebApplicationCondition.ReactiveWebApplication did not find reactive web application classes (NotReactiveWebApplicationCondition)

   RestTemplateAutoConfiguration#restTemplateBuilder matched:
      - @ConditionalOnMissingBean (types: org.springframework.boot.web.client.RestTemplateBuilder; SearchStrategy: all) did not find any beans (OnBeanCondition)

   SecurityAutoConfiguration matched:
      - @ConditionalOnClass found required class 'org.springframework.security.authentication.DefaultAuthenticationEventPublisher' (OnClassCondition)

   SecurityAutoConfiguration#authenticationEventPublisher matched:
      - @ConditionalOnMissingBean (types: org.springframework.security.authentication.AuthenticationEventPublisher; SearchStrategy: all) did not find any beans (OnBeanCondition)

   SecurityFilterAutoConfiguration matched:
      - @ConditionalOnClass found required classes 'org.springframework.security.web.context.AbstractSecurityWebApplicationInitializer', 'org.springframework.security.config.http.SessionCreationPolicy' (OnClassCondition)
      - found 'session' scope (OnWebApplicationCondition)

   SecurityFilterAutoConfiguration#securityFilterChainRegistration matched:
      - @ConditionalOnBean (names: springSecurityFilterChain; SearchStrategy: all) found bean 'springSecurityFilterChain' (OnBeanCondition)

   ServletWebServerFactoryAutoConfiguration matched:
      - @ConditionalOnClass found required class 'jakarta.servlet.ServletRequest' (OnClassCondition)
      - found 'session' scope (OnWebApplicationCondition)

   ServletWebServerFactoryAutoConfiguration#tomcatServletWebServerFactoryCustomizer matched:
      - @ConditionalOnClass found required class 'org.apache.catalina.startup.Tomcat' (OnClassCondition)

   ServletWebServerFactoryConfiguration.EmbeddedTomcat matched:
      - @ConditionalOnClass found required classes 'jakarta.servlet.Servlet', 'org.apache.catalina.startup.Tomcat', 'org.apache.coyote.UpgradeProtocol' (OnClassCondition)
      - @ConditionalOnMissingBean (types: org.springframework.boot.web.servlet.server.ServletWebServerFactory; SearchStrategy: current) did not find any beans (OnBeanCondition)

   SimpleCacheConfiguration matched:
      - Cache org.springframework.boot.autoconfigure.cache.SimpleCacheConfiguration automatic cache type (CacheCondition)

   SpringBootWebSecurityConfiguration matched:
      - found 'session' scope (OnWebApplicationCondition)

   SpringDataWebAutoConfiguration matched:
      - @ConditionalOnClass found required classes 'org.springframework.data.web.PageableHandlerMethodArgumentResolver', 'org.springframework.web.servlet.config.annotation.WebMvcConfigurer' (OnClassCondition)
      - found 'session' scope (OnWebApplicationCondition)
      - @ConditionalOnMissingBean (types: org.springframework.data.web.PageableHandlerMethodArgumentResolver; SearchStrategy: all) did not find any beans (OnBeanCondition)

   SpringDataWebAutoConfiguration#pageableCustomizer matched:
      - @ConditionalOnMissingBean (types: org.springframework.data.web.config.PageableHandlerMethodArgumentResolverCustomizer; SearchStrategy: all) did not find any beans (OnBeanCondition)

   SpringDataWebAutoConfiguration#sortCustomizer matched:
      - @ConditionalOnMissingBean (types: org.springframework.data.web.config.SortHandlerMethodArgumentResolverCustomizer; SearchStrategy: all) did not find any beans (OnBeanCondition)

   SpringDataWebAutoConfiguration#springDataWebSettings matched:
      - @ConditionalOnMissingBean (types: org.springframework.data.web.config.SpringDataWebSettings; SearchStrategy: all) did not find any beans (OnBeanCondition)

   SqlInitializationAutoConfiguration matched:
      - @ConditionalOnProperty (spring.sql.init.enabled) matched (OnPropertyCondition)
      - NoneNestedConditions 0 matched 1 did not; NestedCondition on SqlInitializationAutoConfiguration.SqlInitializationModeCondition.ModeIsNever @ConditionalOnProperty (spring.sql.init.mode=never) did not find property 'mode' (SqlInitializationAutoConfiguration.SqlInitializationModeCondition)

   SslAutoConfiguration#sslBundleRegistry matched:
      - @ConditionalOnMissingBean (types: org.springframework.boot.ssl.SslBundleRegistry,org.springframework.boot.ssl.SslBundles; SearchStrategy: all) did not find any beans (OnBeanCondition)

   TaskExecutionAutoConfiguration matched:
      - @ConditionalOnClass found required class 'org.springframework.scheduling.concurrent.ThreadPoolTaskExecutor' (OnClassCondition)

   TaskExecutorConfigurations.SimpleAsyncTaskExecutorBuilderConfiguration#simpleAsyncTaskExecutorBuilder matched:
      - @ConditionalOnMissingBean (types: org.springframework.boot.task.SimpleAsyncTaskExecutorBuilder; SearchStrategy: all) did not find any beans (OnBeanCondition)
      - @ConditionalOnThreading found PLATFORM (OnThreadingCondition)

   TaskExecutorConfigurations.TaskExecutorConfiguration matched:
      - @ConditionalOnMissingBean (types: java.util.concurrent.Executor; SearchStrategy: all) did not find any beans (OnBeanCondition)

   TaskExecutorConfigurations.TaskExecutorConfiguration#applicationTaskExecutor matched:
      - @ConditionalOnThreading found PLATFORM (OnThreadingCondition)

   TaskExecutorConfigurations.ThreadPoolTaskExecutorBuilderConfiguration#threadPoolTaskExecutorBuilder matched:
      - @ConditionalOnMissingBean (types: org.springframework.boot.task.ThreadPoolTaskExecutorBuilder; SearchStrategy: all) did not find any beans (OnBeanCondition)

   TaskSchedulingAutoConfiguration matched:
      - @ConditionalOnClass found required class 'org.springframework.scheduling.concurrent.ThreadPoolTaskScheduler' (OnClassCondition)

   TaskSchedulingConfigurations.SimpleAsyncTaskSchedulerBuilderConfiguration#simpleAsyncTaskSchedulerBuilder matched:
      - @ConditionalOnMissingBean (types: org.springframework.boot.task.SimpleAsyncTaskSchedulerBuilder; SearchStrategy: all) did not find any beans (OnBeanCondition)
      - @ConditionalOnThreading found PLATFORM (OnThreadingCondition)

   TaskSchedulingConfigurations.ThreadPoolTaskSchedulerBuilderConfiguration#threadPoolTaskSchedulerBuilder matched:
      - @ConditionalOnMissingBean (types: org.springframework.boot.task.ThreadPoolTaskSchedulerBuilder; SearchStrategy: all) did not find any beans (OnBeanCondition)

   TransactionAutoConfiguration matched:
      - @ConditionalOnClass found required class 'org.springframework.transaction.PlatformTransactionManager' (OnClassCondition)

   TransactionAutoConfiguration.TransactionTemplateConfiguration matched:
      - @ConditionalOnSingleCandidate (types: org.springframework.transaction.PlatformTransactionManager; SearchStrategy: all) found a single bean 'transactionManager' (OnBeanCondition)

   TransactionAutoConfiguration.TransactionTemplateConfiguration#transactionTemplate matched:
      - @ConditionalOnMissingBean (types: org.springframework.transaction.support.TransactionOperations; SearchStrategy: all) did not find any beans (OnBeanCondition)

   TransactionManagerCustomizationAutoConfiguration matched:
      - @ConditionalOnClass found required class 'org.springframework.transaction.PlatformTransactionManager' (OnClassCondition)

   TransactionManagerCustomizationAutoConfiguration#platformTransactionManagerCustomizers matched:
      - @ConditionalOnMissingBean (types: org.springframework.boot.autoconfigure.transaction.TransactionManagerCustomizers; SearchStrategy: all) did not find any beans (OnBeanCondition)

   ValidationAutoConfiguration matched:
      - @ConditionalOnClass found required class 'jakarta.validation.executable.ExecutableValidator' (OnClassCondition)
      - @ConditionalOnResource found location classpath:META-INF/services/jakarta.validation.spi.ValidationProvider (OnResourceCondition)

   ValidationAutoConfiguration#defaultValidator matched:
      - @ConditionalOnMissingBean (types: jakarta.validation.Validator; SearchStrategy: all) did not find any beans (OnBeanCondition)

   ValidationAutoConfiguration#methodValidationPostProcessor matched:
      - @ConditionalOnMissingBean (types: org.springframework.validation.beanvalidation.MethodValidationPostProcessor; SearchStrategy: current) did not find any beans (OnBeanCondition)

   WebMvcAutoConfiguration matched:
      - @ConditionalOnClass found required classes 'jakarta.servlet.Servlet', 'org.springframework.web.servlet.DispatcherServlet', 'org.springframework.web.servlet.config.annotation.WebMvcConfigurer' (OnClassCondition)
      - found 'session' scope (OnWebApplicationCondition)
      - @ConditionalOnMissingBean (types: org.springframework.web.servlet.config.annotation.WebMvcConfigurationSupport; SearchStrategy: all) did not find any beans (OnBeanCondition)

   WebMvcAutoConfiguration#formContentFilter matched:
      - @ConditionalOnProperty (spring.mvc.formcontent.filter.enabled) matched (OnPropertyCondition)
      - @ConditionalOnMissingBean (types: org.springframework.web.filter.FormContentFilter; SearchStrategy: all) did not find any beans (OnBeanCondition)

   WebMvcAutoConfiguration.EnableWebMvcConfiguration#flashMapManager matched:
      - @ConditionalOnMissingBean (names: flashMapManager; SearchStrategy: all) did not find any beans (OnBeanCondition)

   WebMvcAutoConfiguration.EnableWebMvcConfiguration#localeResolver matched:
      - @ConditionalOnMissingBean (names: localeResolver; SearchStrategy: all) did not find any beans (OnBeanCondition)

   WebMvcAutoConfiguration.EnableWebMvcConfiguration#themeResolver matched:
      - @ConditionalOnMissingBean (names: themeResolver; SearchStrategy: all) did not find any beans (OnBeanCondition)

   WebMvcAutoConfiguration.EnableWebMvcConfiguration#viewNameTranslator matched:
      - @ConditionalOnMissingBean (names: viewNameTranslator; SearchStrategy: all) did not find any beans (OnBeanCondition)

   WebMvcAutoConfiguration.WebMvcAutoConfigurationAdapter#defaultViewResolver matched:
      - @ConditionalOnMissingBean (types: org.springframework.web.servlet.view.InternalResourceViewResolver; SearchStrategy: all) did not find any beans (OnBeanCondition)

   WebMvcAutoConfiguration.WebMvcAutoConfigurationAdapter#requestContextFilter matched:
      - @ConditionalOnMissingBean (types: org.springframework.web.context.request.RequestContextListener,org.springframework.web.filter.RequestContextFilter; SearchStrategy: all) did not find any beans (OnBeanCondition)

   WebMvcAutoConfiguration.WebMvcAutoConfigurationAdapter#viewResolver matched:
      - @ConditionalOnBean (types: org.springframework.web.servlet.ViewResolver; SearchStrategy: all) found beans 'defaultViewResolver', 'beanNameViewResolver', 'mvcViewResolver'; @ConditionalOnMissingBean (names: viewResolver types: org.springframework.web.servlet.view.ContentNegotiatingViewResolver; SearchStrategy: all) did not find any beans (OnBeanCondition)

   WebSocketServletAutoConfiguration matched:
      - @ConditionalOnClass found required classes 'jakarta.servlet.Servlet', 'jakarta.websocket.server.ServerContainer' (OnClassCondition)
      - found 'session' scope (OnWebApplicationCondition)

   WebSocketServletAutoConfiguration.TomcatWebSocketConfiguration matched:
      - @ConditionalOnClass found required classes 'org.apache.catalina.startup.Tomcat', 'org.apache.tomcat.websocket.server.WsSci' (OnClassCondition)

   WebSocketServletAutoConfiguration.TomcatWebSocketConfiguration#websocketServletWebServerCustomizer matched:
      - @ConditionalOnMissingBean (names: websocketServletWebServerCustomizer; SearchStrategy: all) did not find any beans (OnBeanCondition)


Negative matches:
-----------------

   ActiveMQAutoConfiguration:
      Did not match:
         - @ConditionalOnClass did not find required class 'jakarta.jms.ConnectionFactory' (OnClassCondition)

   AopAutoConfiguration.AspectJAutoProxyingConfiguration.JdkDynamicAutoProxyConfiguration:
      Did not match:
         - @ConditionalOnProperty (spring.aop.proxy-target-class=false) did not find property 'proxy-target-class' (OnPropertyCondition)

   AopAutoConfiguration.ClassProxyingConfiguration:
      Did not match:
         - @ConditionalOnMissingClass found unwanted class 'org.aspectj.weaver.Advice' (OnClassCondition)

   ArtemisAutoConfiguration:
      Did not match:
         - @ConditionalOnClass did not find required class 'jakarta.jms.ConnectionFactory' (OnClassCondition)

   BatchAutoConfiguration:
      Did not match:
         - @ConditionalOnClass did not find required class 'org.springframework.batch.core.launch.JobLauncher' (OnClassCondition)

   Cache2kCacheConfiguration:
      Did not match:
         - @ConditionalOnClass did not find required class 'org.cache2k.Cache2kBuilder' (OnClassCondition)

   CacheAutoConfiguration:
      Did not match:
         - @ConditionalOnBean (types: org.springframework.cache.interceptor.CacheAspectSupport; SearchStrategy: all) did not find any beans of type org.springframework.cache.interceptor.CacheAspectSupport (OnBeanCondition)
      Matched:
         - @ConditionalOnClass found required class 'org.springframework.cache.CacheManager' (OnClassCondition)

   CacheAutoConfiguration.CacheManagerEntityManagerFactoryDependsOnPostProcessor:
      Did not match:
         - Ancestor org.springframework.boot.autoconfigure.cache.CacheAutoConfiguration did not match (ConditionEvaluationReport.AncestorsMatchedCondition)
      Matched:
         - @ConditionalOnClass found required class 'org.springframework.orm.jpa.LocalContainerEntityManagerFactoryBean' (OnClassCondition)

   CaffeineCacheConfiguration:
      Did not match:
         - @ConditionalOnClass did not find required class 'com.github.benmanes.caffeine.cache.Caffeine' (OnClassCondition)

   CassandraAutoConfiguration:
      Did not match:
         - @ConditionalOnClass did not find required class 'com.datastax.oss.driver.api.core.CqlSession' (OnClassCondition)

   CassandraDataAutoConfiguration:
      Did not match:
         - @ConditionalOnClass did not find required class 'com.datastax.oss.driver.api.core.CqlSession' (OnClassCondition)

   CassandraReactiveDataAutoConfiguration:
      Did not match:
         - @ConditionalOnClass did not find required class 'com.datastax.oss.driver.api.core.CqlSession' (OnClassCondition)

   CassandraReactiveRepositoriesAutoConfiguration:
      Did not match:
         - @ConditionalOnClass did not find required class 'org.springframework.data.cassandra.ReactiveSession' (OnClassCondition)

   CassandraRepositoriesAutoConfiguration:
      Did not match:
         - @ConditionalOnClass did not find required class 'com.datastax.oss.driver.api.core.CqlSession' (OnClassCondition)

   ClientHttpConnectorAutoConfiguration:
      Did not match:
         - @ConditionalOnClass did not find required class 'org.springframework.web.reactive.function.client.WebClient' (OnClassCondition)

   CodecsAutoConfiguration:
      Did not match:
         - @ConditionalOnClass did not find required class 'org.springframework.web.reactive.function.client.WebClient' (OnClassCondition)

   CouchbaseAutoConfiguration:
      Did not match:
         - @ConditionalOnClass did not find required class 'com.couchbase.client.java.Cluster' (OnClassCondition)

   CouchbaseCacheConfiguration:
      Did not match:
         - @ConditionalOnClass did not find required class 'com.couchbase.client.java.Cluster' (OnClassCondition)

   CouchbaseDataAutoConfiguration:
      Did not match:
         - @ConditionalOnClass did not find required class 'com.couchbase.client.java.Bucket' (OnClassCondition)

   CouchbaseReactiveDataAutoConfiguration:
      Did not match:
         - @ConditionalOnClass did not find required class 'com.couchbase.client.java.Cluster' (OnClassCondition)

   CouchbaseReactiveRepositoriesAutoConfiguration:
      Did not match:
         - @ConditionalOnClass did not find required class 'com.couchbase.client.java.Cluster' (OnClassCondition)

   CouchbaseRepositoriesAutoConfiguration:
      Did not match:
         - @ConditionalOnClass did not find required class 'com.couchbase.client.java.Bucket' (OnClassCondition)

   DataSourceAutoConfiguration.EmbeddedDatabaseConfiguration:
      Did not match:
         - EmbeddedDataSource spring.datasource.url is set (DataSourceAutoConfiguration.EmbeddedDatabaseCondition)

   DataSourceCheckpointRestoreConfiguration:
      Did not match:
         - @ConditionalOnClass did not find required class 'org.crac.Resource' (OnClassCondition)

   DataSourceConfiguration.Dbcp2:
      Did not match:
         - @ConditionalOnClass did not find required class 'org.apache.commons.dbcp2.BasicDataSource' (OnClassCondition)

   DataSourceConfiguration.Generic:
      Did not match:
         - @ConditionalOnProperty (spring.datasource.type) did not find property 'spring.datasource.type' (OnPropertyCondition)

   DataSourceConfiguration.OracleUcp:
      Did not match:
         - @ConditionalOnClass did not find required classes 'oracle.ucp.jdbc.PoolDataSourceImpl', 'oracle.jdbc.OracleConnection' (OnClassCondition)

   DataSourceConfiguration.Tomcat:
      Did not match:
         - @ConditionalOnClass did not find required class 'org.apache.tomcat.jdbc.pool.DataSource' (OnClassCondition)

   DataSourceJmxConfiguration:
      Did not match:
         - @ConditionalOnProperty (spring.jmx.enabled=true) found different value in property 'enabled' (OnPropertyCondition)

   DataSourcePoolMetadataProvidersConfiguration.CommonsDbcp2PoolDataSourceMetadataProviderConfiguration:
      Did not match:
         - @ConditionalOnClass did not find required class 'org.apache.commons.dbcp2.BasicDataSource' (OnClassCondition)

   DataSourcePoolMetadataProvidersConfiguration.OracleUcpPoolDataSourceMetadataProviderConfiguration:
      Did not match:
         - @ConditionalOnClass did not find required classes 'oracle.ucp.jdbc.PoolDataSource', 'oracle.jdbc.OracleConnection' (OnClassCondition)

   DataSourcePoolMetadataProvidersConfiguration.TomcatDataSourcePoolMetadataProviderConfiguration:
      Did not match:
         - @ConditionalOnClass did not find required class 'org.apache.tomcat.jdbc.pool.DataSource' (OnClassCondition)

   DataSourceTransactionManagerAutoConfiguration.JdbcTransactionManagerConfiguration#transactionManager:
      Did not match:
         - @ConditionalOnMissingBean (types: org.springframework.transaction.TransactionManager; SearchStrategy: all) found beans of type 'org.springframework.transaction.TransactionManager' transactionManager (OnBeanCondition)

   DevToolsDataSourceAutoConfiguration:
      Did not match:
         - Devtools devtools is disabled for current context. (OnEnabledDevToolsCondition)
      Matched:
         - @ConditionalOnClass found required class 'javax.sql.DataSource' (OnClassCondition)

   DevToolsR2dbcAutoConfiguration:
      Did not match:
         - @ConditionalOnClass did not find required class 'io.r2dbc.spi.ConnectionFactory' (OnClassCondition)

   DispatcherServletAutoConfiguration.DispatcherServletConfiguration#multipartResolver:
      Did not match:
         - @ConditionalOnBean (types: org.springframework.web.multipart.MultipartResolver; SearchStrategy: all) did not find any beans of type org.springframework.web.multipart.MultipartResolver (OnBeanCondition)

   ElasticsearchClientAutoConfiguration:
      Did not match:
         - @ConditionalOnClass did not find required class 'co.elastic.clients.elasticsearch.ElasticsearchClient' (OnClassCondition)

   ElasticsearchDataAutoConfiguration:
      Did not match:
         - @ConditionalOnClass did not find required class 'org.springframework.data.elasticsearch.client.elc.ElasticsearchTemplate' (OnClassCondition)

   ElasticsearchRepositoriesAutoConfiguration:
      Did not match:
         - @ConditionalOnClass did not find required class 'org.springframework.data.elasticsearch.repository.ElasticsearchRepository' (OnClassCondition)

   ElasticsearchRestClientAutoConfiguration:
      Did not match:
         - @ConditionalOnClass did not find required class 'org.elasticsearch.client.RestClientBuilder' (OnClassCondition)

   EmbeddedLdapAutoConfiguration:
      Did not match:
         - @ConditionalOnClass did not find required class 'com.unboundid.ldap.listener.InMemoryDirectoryServer' (OnClassCondition)

   EmbeddedWebServerFactoryCustomizerAutoConfiguration:
      Did not match:
         - Application is deployed as a WAR file. (OnWarDeploymentCondition)
      Matched:
         - @ConditionalOnWebApplication (required) found 'session' scope (OnWebApplicationCondition)

   ErrorWebFluxAutoConfiguration:
      Did not match:
         - @ConditionalOnClass did not find required class 'org.springframework.web.reactive.config.WebFluxConfigurer' (OnClassCondition)

   FlywayAutoConfiguration:
      Did not match:
         - @ConditionalOnClass did not find required class 'org.flywaydb.core.Flyway' (OnClassCondition)

   FreeMarkerAutoConfiguration:
      Did not match:
         - @ConditionalOnClass did not find required class 'freemarker.template.Configuration' (OnClassCondition)

   GraphQlAutoConfiguration:
      Did not match:
         - @ConditionalOnClass did not find required class 'graphql.GraphQL' (OnClassCondition)

   GraphQlQueryByExampleAutoConfiguration:
      Did not match:
         - @ConditionalOnClass did not find required class 'graphql.GraphQL' (OnClassCondition)

   GraphQlQuerydslAutoConfiguration:
      Did not match:
         - @ConditionalOnClass did not find required class 'com.querydsl.core.Query' (OnClassCondition)

   GraphQlRSocketAutoConfiguration:
      Did not match:
         - @ConditionalOnClass did not find required class 'graphql.GraphQL' (OnClassCondition)

   GraphQlReactiveQueryByExampleAutoConfiguration:
      Did not match:
         - @ConditionalOnClass did not find required class 'graphql.GraphQL' (OnClassCondition)

   GraphQlReactiveQuerydslAutoConfiguration:
      Did not match:
         - @ConditionalOnClass did not find required class 'com.querydsl.core.Query' (OnClassCondition)

   GraphQlWebFluxAutoConfiguration:
      Did not match:
         - @ConditionalOnClass did not find required class 'graphql.GraphQL' (OnClassCondition)

   GraphQlWebFluxSecurityAutoConfiguration:
      Did not match:
         - @ConditionalOnClass did not find required class 'graphql.GraphQL' (OnClassCondition)

   GraphQlWebMvcAutoConfiguration:
      Did not match:
         - @ConditionalOnClass did not find required class 'graphql.GraphQL' (OnClassCondition)

   GraphQlWebMvcSecurityAutoConfiguration:
      Did not match:
         - @ConditionalOnClass did not find required class 'graphql.GraphQL' (OnClassCondition)

   GroovyTemplateAutoConfiguration:
      Did not match:
         - @ConditionalOnClass did not find required class 'groovy.text.markup.MarkupTemplateEngine' (OnClassCondition)

   GsonAutoConfiguration:
      Did not match:
         - @ConditionalOnClass did not find required class 'com.google.gson.Gson' (OnClassCondition)

   GsonHttpMessageConvertersConfiguration:
      Did not match:
         - @ConditionalOnClass did not find required class 'com.google.gson.Gson' (OnClassCondition)

   H2ConsoleAutoConfiguration:
      Did not match:
         - @ConditionalOnProperty (spring.h2.console.enabled=true) did not find property 'enabled' (OnPropertyCondition)
      Matched:
         - @ConditionalOnClass found required class 'org.h2.server.web.JakartaWebServlet' (OnClassCondition)
         - found 'session' scope (OnWebApplicationCondition)

   HazelcastAutoConfiguration:
      Did not match:
         - @ConditionalOnClass did not find required class 'com.hazelcast.core.HazelcastInstance' (OnClassCondition)

   HazelcastCacheConfiguration:
      Did not match:
         - @ConditionalOnClass did not find required class 'com.hazelcast.core.HazelcastInstance' (OnClassCondition)

   HazelcastJpaDependencyAutoConfiguration:
      Did not match:
         - @ConditionalOnClass did not find required class 'com.hazelcast.core.HazelcastInstance' (OnClassCondition)

   HttpHandlerAutoConfiguration:
      Did not match:
         - @ConditionalOnClass did not find required class 'org.springframework.web.reactive.DispatcherHandler' (OnClassCondition)

   HypermediaAutoConfiguration:
      Did not match:
         - @ConditionalOnClass did not find required class 'org.springframework.hateoas.EntityModel' (OnClassCondition)

   InfinispanCacheConfiguration:
      Did not match:
         - @ConditionalOnClass did not find required class 'org.infinispan.spring.embedded.provider.SpringEmbeddedCacheManager' (OnClassCondition)

   IntegrationAutoConfiguration:
      Did not match:
         - @ConditionalOnClass did not find required class 'org.springframework.integration.config.EnableIntegration' (OnClassCondition)

   JCacheCacheConfiguration:
      Did not match:
         - @ConditionalOnClass did not find required class 'javax.cache.Caching' (OnClassCondition)

   JacksonHttpMessageConvertersConfiguration.MappingJackson2XmlHttpMessageConverterConfiguration:
      Did not match:
         - @ConditionalOnClass did not find required class 'com.fasterxml.jackson.dataformat.xml.XmlMapper' (OnClassCondition)

   JdbcRepositoriesAutoConfiguration:
      Did not match:
         - @ConditionalOnClass did not find required class 'org.springframework.data.jdbc.repository.config.AbstractJdbcConfiguration' (OnClassCondition)

   JerseyAutoConfiguration:
      Did not match:
         - @ConditionalOnClass did not find required class 'org.glassfish.jersey.server.spring.SpringComponentProvider' (OnClassCondition)

   JmsAutoConfiguration:
      Did not match:
         - @ConditionalOnClass did not find required class 'jakarta.jms.Message' (OnClassCondition)

   JmxAutoConfiguration:
      Did not match:
         - @ConditionalOnProperty (spring.jmx.enabled=true) found different value in property 'enabled' (OnPropertyCondition)
      Matched:
         - @ConditionalOnClass found required class 'org.springframework.jmx.export.MBeanExporter' (OnClassCondition)

   JndiConnectionFactoryAutoConfiguration:
      Did not match:
         - @ConditionalOnClass did not find required class 'org.springframework.jms.core.JmsTemplate' (OnClassCondition)

   JndiDataSourceAutoConfiguration:
      Did not match:
         - @ConditionalOnProperty (spring.datasource.jndi-name) did not find property 'jndi-name' (OnPropertyCondition)
      Matched:
         - @ConditionalOnClass found required classes 'javax.sql.DataSource', 'org.springframework.jdbc.datasource.embedded.EmbeddedDatabaseType' (OnClassCondition)

   JndiJtaConfiguration:
      Did not match:
         - @ConditionalOnJndi JNDI environment is not available (OnJndiCondition)
      Matched:
         - @ConditionalOnClass found required class 'org.springframework.transaction.jta.JtaTransactionManager' (OnClassCondition)

   JooqAutoConfiguration:
      Did not match:
         - @ConditionalOnClass did not find required class 'org.jooq.DSLContext' (OnClassCondition)

   JpaRepositoriesAutoConfiguration:
      Did not match:
         - @ConditionalOnMissingBean (types: org.springframework.data.jpa.repository.support.JpaRepositoryFactoryBean,org.springframework.data.jpa.repository.config.JpaRepositoryConfigExtension; SearchStrategy: all) found beans of type 'org.springframework.data.jpa.repository.support.JpaRepositoryFactoryBean' &departmentRepository, &studentRepository, &courseRepository and found beans of type 'org.springframework.data.jpa.repository.config.JpaRepositoryConfigExtension' org.springframework.data.jpa.repository.config.JpaRepositoryConfigExtension#0 (OnBeanCondition)
      Matched:
         - @ConditionalOnClass found required class 'org.springframework.data.jpa.repository.JpaRepository' (OnClassCondition)
         - @ConditionalOnProperty (spring.data.jpa.repositories.enabled=true) matched (OnPropertyCondition)

   JsonbAutoConfiguration:
      Did not match:
         - @ConditionalOnClass did not find required class 'jakarta.json.bind.Jsonb' (OnClassCondition)

   JsonbHttpMessageConvertersConfiguration:
      Did not match:
         - @ConditionalOnClass did not find required class 'jakarta.json.bind.Jsonb' (OnClassCondition)

   KafkaAutoConfiguration:
      Did not match:
         - @ConditionalOnClass did not find required class 'org.springframework.kafka.core.KafkaTemplate' (OnClassCondition)

   LdapAutoConfiguration:
      Did not match:
         - @ConditionalOnClass did not find required class 'org.springframework.ldap.core.ContextSource' (OnClassCondition)

   LdapRepositoriesAutoConfiguration:
      Did not match:
         - @ConditionalOnClass did not find required class 'org.springframework.data.ldap.repository.LdapRepository' (OnClassCondition)

   LiquibaseAutoConfiguration:
      Did not match:
         - @ConditionalOnClass did not find required class 'liquibase.change.DatabaseChange' (OnClassCondition)

   LocalDevToolsAutoConfiguration:
      Did not match:
         - Initialized Restarter Condition initialized without URLs (OnInitializedRestarterCondition)

   MailSenderAutoConfiguration:
      Did not match:
         - @ConditionalOnClass did not find required class 'jakarta.mail.internet.MimeMessage' (OnClassCondition)

   MailSenderValidatorAutoConfiguration:
      Did not match:
         - @ConditionalOnSingleCandidate did not find required type 'org.springframework.mail.javamail.JavaMailSenderImpl' (OnBeanCondition)

   MessageSourceAutoConfiguration:
      Did not match:
         - ResourceBundle did not find bundle with basename messages (MessageSourceAutoConfiguration.ResourceBundleCondition)

   MongoAutoConfiguration:
      Did not match:
         - @ConditionalOnClass did not find required class 'com.mongodb.client.MongoClient' (OnClassCondition)

   MongoDataAutoConfiguration:
      Did not match:
         - @ConditionalOnClass did not find required class 'com.mongodb.client.MongoClient' (OnClassCondition)

   MongoReactiveAutoConfiguration:
      Did not match:
         - @ConditionalOnClass did not find required class 'com.mongodb.reactivestreams.client.MongoClient' (OnClassCondition)

   MongoReactiveDataAutoConfiguration:
      Did not match:
         - @ConditionalOnClass did not find required class 'com.mongodb.reactivestreams.client.MongoClient' (OnClassCondition)

   MongoReactiveRepositoriesAutoConfiguration:
      Did not match:
         - @ConditionalOnClass did not find required class 'com.mongodb.reactivestreams.client.MongoClient' (OnClassCondition)

   MongoRepositoriesAutoConfiguration:
      Did not match:
         - @ConditionalOnClass did not find required class 'com.mongodb.client.MongoClient' (OnClassCondition)

   MustacheAutoConfiguration:
      Did not match:
         - @ConditionalOnClass did not find required class 'com.samskivert.mustache.Mustache' (OnClassCondition)

   Neo4jAutoConfiguration:
      Did not match:
         - @ConditionalOnClass did not find required class 'org.neo4j.driver.Driver' (OnClassCondition)

   Neo4jDataAutoConfiguration:
      Did not match:
         - @ConditionalOnClass did not find required class 'org.neo4j.driver.Driver' (OnClassCondition)

   Neo4jReactiveDataAutoConfiguration:
      Did not match:
         - @ConditionalOnClass did not find required class 'org.neo4j.driver.Driver' (OnClassCondition)

   Neo4jReactiveRepositoriesAutoConfiguration:
      Did not match:
         - @ConditionalOnClass did not find required class 'org.neo4j.driver.Driver' (OnClassCondition)

   Neo4jRepositoriesAutoConfiguration:
      Did not match:
         - @ConditionalOnClass did not find required class 'org.neo4j.driver.Driver' (OnClassCondition)

   NettyAutoConfiguration:
      Did not match:
         - @ConditionalOnClass did not find required class 'io.netty.util.NettyRuntime' (OnClassCondition)

   OAuth2AuthorizationServerAutoConfiguration:
      Did not match:
         - @ConditionalOnClass did not find required class 'org.springframework.security.oauth2.server.authorization.OAuth2Authorization' (OnClassCondition)

   OAuth2AuthorizationServerJwtAutoConfiguration:
      Did not match:
         - @ConditionalOnClass did not find required class 'org.springframework.security.oauth2.server.authorization.OAuth2Authorization' (OnClassCondition)

   OAuth2ClientAutoConfiguration:
      Did not match:
         - @ConditionalOnClass did not find required class 'org.springframework.security.oauth2.client.registration.ClientRegistration' (OnClassCondition)

   OAuth2ResourceServerAutoConfiguration:
      Did not match:
         - @ConditionalOnClass did not find required class 'org.springframework.security.oauth2.server.resource.authentication.BearerTokenAuthenticationToken' (OnClassCondition)

   ProjectInfoAutoConfiguration#buildProperties:
      Did not match:
         - @ConditionalOnResource did not find resource '${spring.info.build.location:classpath:META-INF/build-info.properties}' (OnResourceCondition)

   ProjectInfoAutoConfiguration#gitProperties:
      Did not match:
         - GitResource did not find git info at classpath:git.properties (ProjectInfoAutoConfiguration.GitResourceAvailableCondition)

   PulsarAutoConfiguration:
      Did not match:
         - @ConditionalOnClass did not find required class 'org.apache.pulsar.client.api.PulsarClient' (OnClassCondition)

   PulsarReactiveAutoConfiguration:
      Did not match:
         - @ConditionalOnClass did not find required class 'org.apache.pulsar.client.api.PulsarClient' (OnClassCondition)

   QuartzAutoConfiguration:
      Did not match:
         - @ConditionalOnClass did not find required class 'org.quartz.Scheduler' (OnClassCondition)

   R2dbcAutoConfiguration:
      Did not match:
         - @ConditionalOnClass did not find required class 'io.r2dbc.spi.ConnectionFactory' (OnClassCondition)

   R2dbcDataAutoConfiguration:
      Did not match:
         - @ConditionalOnClass did not find required class 'org.springframework.data.r2dbc.core.R2dbcEntityTemplate' (OnClassCondition)

   R2dbcInitializationConfiguration:
      Did not match:
         - @ConditionalOnClass did not find required classes 'io.r2dbc.spi.ConnectionFactory', 'org.springframework.r2dbc.connection.init.DatabasePopulator' (OnClassCondition)

   R2dbcProxyAutoConfiguration:
      Did not match:
         - @ConditionalOnClass did not find required class 'io.r2dbc.proxy.ProxyConnectionFactory' (OnClassCondition)

   R2dbcRepositoriesAutoConfiguration:
      Did not match:
         - @ConditionalOnClass did not find required class 'io.r2dbc.spi.ConnectionFactory' (OnClassCondition)

   R2dbcTransactionManagerAutoConfiguration:
      Did not match:
         - @ConditionalOnClass did not find required class 'org.springframework.r2dbc.connection.R2dbcTransactionManager' (OnClassCondition)

   RSocketGraphQlClientAutoConfiguration:
      Did not match:
         - @ConditionalOnClass did not find required class 'graphql.GraphQL' (OnClassCondition)

   RSocketMessagingAutoConfiguration:
      Did not match:
         - @ConditionalOnClass did not find required class 'io.rsocket.RSocket' (OnClassCondition)

   RSocketRequesterAutoConfiguration:
      Did not match:
         - @ConditionalOnClass did not find required class 'io.rsocket.RSocket' (OnClassCondition)

   RSocketSecurityAutoConfiguration:
      Did not match:
         - @ConditionalOnClass did not find required class 'org.springframework.security.rsocket.core.SecuritySocketAcceptorInterceptor' (OnClassCondition)

   RSocketServerAutoConfiguration:
      Did not match:
         - @ConditionalOnClass did not find required class 'io.rsocket.core.RSocketServer' (OnClassCondition)

   RSocketStrategiesAutoConfiguration:
      Did not match:
         - @ConditionalOnClass did not find required class 'io.netty.buffer.PooledByteBufAllocator' (OnClassCondition)

   RabbitAutoConfiguration:
      Did not match:
         - @ConditionalOnClass did not find required class 'com.rabbitmq.client.Channel' (OnClassCondition)

   ReactiveElasticsearchClientAutoConfiguration:
      Did not match:
         - @ConditionalOnClass did not find required class 'co.elastic.clients.transport.ElasticsearchTransport' (OnClassCondition)

   ReactiveElasticsearchRepositoriesAutoConfiguration:
      Did not match:
         - @ConditionalOnClass did not find required class 'reactor.core.publisher.Mono' (OnClassCondition)

   ReactiveMultipartAutoConfiguration:
      Did not match:
         - @ConditionalOnClass did not find required class 'org.springframework.web.reactive.config.WebFluxConfigurer' (OnClassCondition)

   ReactiveOAuth2ClientAutoConfiguration:
      Did not match:
         - @ConditionalOnClass did not find required class 'reactor.core.publisher.Flux' (OnClassCondition)

   ReactiveOAuth2ResourceServerAutoConfiguration:
      Did not match:
         - @ConditionalOnWebApplication did not find reactive web application classes (OnWebApplicationCondition)

   ReactiveSecurityAutoConfiguration:
      Did not match:
         - @ConditionalOnClass did not find required class 'reactor.core.publisher.Flux' (OnClassCondition)

   ReactiveUserDetailsServiceAutoConfiguration:
      Did not match:
         - AnyNestedCondition 0 matched 2 did not; NestedCondition on ReactiveUserDetailsServiceAutoConfiguration.RSocketEnabledOrReactiveWebApplication.ReactiveWebApplicationCondition did not find reactive web application classes; NestedCondition on ReactiveUserDetailsServiceAutoConfiguration.RSocketEnabledOrReactiveWebApplication.RSocketSecurityEnabledCondition @ConditionalOnBean (types: org.springframework.messaging.rsocket.annotation.support.RSocketMessageHandler; SearchStrategy: all) did not find any beans of type org.springframework.messaging.rsocket.annotation.support.RSocketMessageHandler (ReactiveUserDetailsServiceAutoConfiguration.RSocketEnabledOrReactiveWebApplication)
      Matched:
         - @ConditionalOnClass found required class 'org.springframework.security.authentication.ReactiveAuthenticationManager' (OnClassCondition)
         - AnyNestedCondition 1 matched 2 did not; NestedCondition on ReactiveUserDetailsServiceAutoConfiguration.MissingAlternativeOrUserPropertiesConfigured.PasswordConfigured @ConditionalOnProperty (spring.security.user.password) did not find property 'password'; NestedCondition on ReactiveUserDetailsServiceAutoConfiguration.MissingAlternativeOrUserPropertiesConfigured.NameConfigured @ConditionalOnProperty (spring.security.user.name) did not find property 'name'; NestedCondition on ReactiveUserDetailsServiceAutoConfiguration.MissingAlternativeOrUserPropertiesConfigured.MissingAlternative @ConditionalOnMissingClass did not find unwanted classes 'org.springframework.security.oauth2.client.registration.ClientRegistrationRepository', 'org.springframework.security.oauth2.server.resource.introspection.ReactiveOpaqueTokenIntrospector' (ReactiveUserDetailsServiceAutoConfiguration.MissingAlternativeOrUserPropertiesConfigured)

   ReactiveWebServerFactoryAutoConfiguration:
      Did not match:
         - @ConditionalOnWebApplication did not find reactive web application classes (OnWebApplicationCondition)

   ReactorAutoConfiguration:
      Did not match:
         - @ConditionalOnClass did not find required class 'reactor.core.publisher.Hooks' (OnClassCondition)

   RedisAutoConfiguration:
      Did not match:
         - @ConditionalOnClass did not find required class 'org.springframework.data.redis.core.RedisOperations' (OnClassCondition)

   RedisCacheConfiguration:
      Did not match:
         - @ConditionalOnClass did not find required class 'org.springframework.data.redis.connection.RedisConnectionFactory' (OnClassCondition)

   RedisReactiveAutoConfiguration:
      Did not match:
         - @ConditionalOnClass did not find required class 'reactor.core.publisher.Flux' (OnClassCondition)

   RedisRepositoriesAutoConfiguration:
      Did not match:
         - @ConditionalOnClass did not find required class 'org.springframework.data.redis.repository.configuration.EnableRedisRepositories' (OnClassCondition)

   RemoteDevToolsAutoConfiguration:
      Did not match:
         - @ConditionalOnProperty (spring.devtools.remote.secret) did not find property 'secret' (OnPropertyCondition)
      Matched:
         - @ConditionalOnClass found required classes 'jakarta.servlet.Filter', 'org.springframework.http.server.ServerHttpRequest' (OnClassCondition)

   RepositoryRestMvcAutoConfiguration:
      Did not match:
         - @ConditionalOnClass did not find required class 'org.springframework.data.rest.webmvc.config.RepositoryRestMvcConfiguration' (OnClassCondition)

   Saml2RelyingPartyAutoConfiguration:
      Did not match:
         - @ConditionalOnClass did not find required class 'org.springframework.security.saml2.provider.service.registration.RelyingPartyRegistrationRepository' (OnClassCondition)

   SecurityDataConfiguration:
      Did not match:
         - @ConditionalOnClass did not find required class 'org.springframework.security.data.repository.query.SecurityEvaluationContextExtension' (OnClassCondition)

   SendGridAutoConfiguration:
      Did not match:
         - @ConditionalOnClass did not find required class 'com.sendgrid.SendGrid' (OnClassCondition)

   ServletWebServerFactoryAutoConfiguration.ForwardedHeaderFilterConfiguration:
      Did not match:
         - @ConditionalOnProperty (server.forward-headers-strategy=framework) did not find property 'server.forward-headers-strategy' (OnPropertyCondition)

   ServletWebServerFactoryConfiguration.EmbeddedJetty:
      Did not match:
         - @ConditionalOnClass did not find required classes 'org.eclipse.jetty.server.Server', 'org.eclipse.jetty.util.Loader', 'org.eclipse.jetty.ee10.webapp.WebAppContext' (OnClassCondition)

   ServletWebServerFactoryConfiguration.EmbeddedUndertow:
      Did not match:
         - @ConditionalOnClass did not find required classes 'io.undertow.Undertow', 'org.xnio.SslClientAuthMode' (OnClassCondition)

   SessionAutoConfiguration:
      Did not match:
         - @ConditionalOnClass did not find required class 'org.springframework.session.Session' (OnClassCondition)

   SpringApplicationAdminJmxAutoConfiguration:
      Did not match:
         - @ConditionalOnProperty (spring.application.admin.enabled=true) did not find property 'enabled' (OnPropertyCondition)

   SpringBootWebSecurityConfiguration.SecurityFilterChainConfiguration:
      Did not match:
         - AllNestedConditions 1 matched 1 did not; NestedCondition on DefaultWebSecurityCondition.Beans @ConditionalOnMissingBean (types: org.springframework.security.web.SecurityFilterChain; SearchStrategy: all) found beans of type 'org.springframework.security.web.SecurityFilterChain' configure; NestedCondition on DefaultWebSecurityCondition.Classes @ConditionalOnClass found required classes 'org.springframework.security.web.SecurityFilterChain', 'org.springframework.security.config.annotation.web.builders.HttpSecurity' (DefaultWebSecurityCondition)

   SpringBootWebSecurityConfiguration.WebSecurityEnablerConfiguration:
      Did not match:
         - @ConditionalOnMissingBean (names: springSecurityFilterChain; SearchStrategy: all) found beans named springSecurityFilterChain (OnBeanCondition)
      Matched:
         - @ConditionalOnClass found required class 'org.springframework.security.config.annotation.web.configuration.EnableWebSecurity' (OnClassCondition)

   TaskExecutorConfigurations.SimpleAsyncTaskExecutorBuilderConfiguration#simpleAsyncTaskExecutorBuilderVirtualThreads:
      Did not match:
         - @ConditionalOnMissingBean (types: org.springframework.boot.task.SimpleAsyncTaskExecutorBuilder; SearchStrategy: all) found beans of type 'org.springframework.boot.task.SimpleAsyncTaskExecutorBuilder' simpleAsyncTaskExecutorBuilder (OnBeanCondition)

   TaskExecutorConfigurations.TaskExecutorConfiguration#applicationTaskExecutorVirtualThreads:
      Did not match:
         - @ConditionalOnThreading did not find VIRTUAL (OnThreadingCondition)

   TaskSchedulingAutoConfiguration#scheduledBeanLazyInitializationExcludeFilter:
      Did not match:
         - @ConditionalOnBean (names: org.springframework.context.annotation.internalScheduledAnnotationProcessor; SearchStrategy: all) did not find any beans named org.springframework.context.annotation.internalScheduledAnnotationProcessor (OnBeanCondition)

   TaskSchedulingConfigurations.SimpleAsyncTaskSchedulerBuilderConfiguration#simpleAsyncTaskSchedulerBuilderVirtualThreads:
      Did not match:
         - @ConditionalOnMissingBean (types: org.springframework.boot.task.SimpleAsyncTaskSchedulerBuilder; SearchStrategy: all) found beans of type 'org.springframework.boot.task.SimpleAsyncTaskSchedulerBuilder' simpleAsyncTaskSchedulerBuilder (OnBeanCondition)

   TaskSchedulingConfigurations.TaskSchedulerConfiguration:
      Did not match:
         - @ConditionalOnBean (names: org.springframework.context.annotation.internalScheduledAnnotationProcessor; SearchStrategy: all) did not find any beans named org.springframework.context.annotation.internalScheduledAnnotationProcessor (OnBeanCondition)

   ThymeleafAutoConfiguration:
      Did not match:
         - @ConditionalOnClass did not find required class 'org.thymeleaf.spring6.SpringTemplateEngine' (OnClassCondition)

   TransactionAutoConfiguration#transactionalOperator:
      Did not match:
         - @ConditionalOnSingleCandidate (types: org.springframework.transaction.ReactiveTransactionManager; SearchStrategy: all) did not find any beans (OnBeanCondition)

   TransactionAutoConfiguration.AspectJTransactionManagementConfiguration:
      Did not match:
         - @ConditionalOnBean (types: org.springframework.transaction.aspectj.AbstractTransactionAspect; SearchStrategy: all) did not find any beans of type org.springframework.transaction.aspectj.AbstractTransactionAspect (OnBeanCondition)

   TransactionAutoConfiguration.EnableTransactionManagementConfiguration:
      Did not match:
         - @ConditionalOnMissingBean (types: org.springframework.transaction.annotation.AbstractTransactionManagementConfiguration; SearchStrategy: all) found beans of type 'org.springframework.transaction.annotation.AbstractTransactionManagementConfiguration' org.springframework.transaction.annotation.ProxyTransactionManagementConfiguration (OnBeanCondition)

   TransactionAutoConfiguration.EnableTransactionManagementConfiguration.CglibAutoProxyConfiguration:
      Did not match:
         - Ancestor org.springframework.boot.autoconfigure.transaction.TransactionAutoConfiguration$EnableTransactionManagementConfiguration did not match (ConditionEvaluationReport.AncestorsMatchedCondition)
      Matched:
         - @ConditionalOnProperty (spring.aop.proxy-target-class=true) matched (OnPropertyCondition)

   TransactionAutoConfiguration.EnableTransactionManagementConfiguration.JdkDynamicAutoProxyConfiguration:
      Did not match:
         - @ConditionalOnProperty (spring.aop.proxy-target-class=false) did not find property 'proxy-target-class' (OnPropertyCondition)
         - Ancestor org.springframework.boot.autoconfigure.transaction.TransactionAutoConfiguration$EnableTransactionManagementConfiguration did not match (ConditionEvaluationReport.AncestorsMatchedCondition)

   UserDetailsServiceAutoConfiguration:
      Did not match:
         - @ConditionalOnMissingBean (types: org.springframework.security.authentication.AuthenticationManager,org.springframework.security.authentication.AuthenticationProvider,org.springframework.security.core.userdetails.UserDetailsService,org.springframework.security.authentication.AuthenticationManagerResolver,org.springframework.security.oauth2.jwt.JwtDecoder; SearchStrategy: all) found beans of type 'org.springframework.security.core.userdetails.UserDetailsService' userDetailsService (OnBeanCondition)
      Matched:
         - @ConditionalOnClass found required class 'org.springframework.security.authentication.AuthenticationManager' (OnClassCondition)
         - found 'session' scope (OnWebApplicationCondition)
         - AnyNestedCondition 1 matched 2 did not; NestedCondition on UserDetailsServiceAutoConfiguration.MissingAlternativeOrUserPropertiesConfigured.PasswordConfigured @ConditionalOnProperty (spring.security.user.password) did not find property 'password'; NestedCondition on UserDetailsServiceAutoConfiguration.MissingAlternativeOrUserPropertiesConfigured.NameConfigured @ConditionalOnProperty (spring.security.user.name) did not find property 'name'; NestedCondition on UserDetailsServiceAutoConfiguration.MissingAlternativeOrUserPropertiesConfigured.MissingAlternative @ConditionalOnMissingClass did not find unwanted classes 'org.springframework.security.oauth2.client.registration.ClientRegistrationRepository', 'org.springframework.security.oauth2.server.resource.introspection.OpaqueTokenIntrospector', 'org.springframework.security.saml2.provider.service.registration.RelyingPartyRegistrationRepository' (UserDetailsServiceAutoConfiguration.MissingAlternativeOrUserPropertiesConfigured)

   WebClientAutoConfiguration:
      Did not match:
         - @ConditionalOnClass did not find required class 'org.springframework.web.reactive.function.client.WebClient' (OnClassCondition)

   WebFluxAutoConfiguration:
      Did not match:
         - @ConditionalOnClass did not find required class 'org.springframework.web.reactive.config.WebFluxConfigurer' (OnClassCondition)

   WebMvcAutoConfiguration#hiddenHttpMethodFilter:
      Did not match:
         - @ConditionalOnProperty (spring.mvc.hiddenmethod.filter.enabled) did not find property 'enabled' (OnPropertyCondition)

   WebMvcAutoConfiguration.ProblemDetailsErrorHandlingConfiguration:
      Did not match:
         - @ConditionalOnProperty (spring.mvc.problemdetails.enabled=true) did not find property 'enabled' (OnPropertyCondition)

   WebMvcAutoConfiguration.ResourceChainCustomizerConfiguration:
      Did not match:
         - @ConditionalOnEnabledResourceChain did not find class org.webjars.WebJarVersionLocator (OnEnabledResourceChainCondition)

   WebMvcAutoConfiguration.WebMvcAutoConfigurationAdapter#beanNameViewResolver:
      Did not match:
         - @ConditionalOnMissingBean (types: org.springframework.web.servlet.view.BeanNameViewResolver; SearchStrategy: all) found beans of type 'org.springframework.web.servlet.view.BeanNameViewResolver' beanNameViewResolver (OnBeanCondition)

   WebServiceTemplateAutoConfiguration:
      Did not match:
         - @ConditionalOnClass did not find required class 'org.springframework.oxm.Marshaller' (OnClassCondition)

   WebServicesAutoConfiguration:
      Did not match:
         - @ConditionalOnClass did not find required class 'org.springframework.ws.transport.http.MessageDispatcherServlet' (OnClassCondition)

   WebSessionIdResolverAutoConfiguration:
      Did not match:
         - @ConditionalOnClass did not find required class 'reactor.core.publisher.Mono' (OnClassCondition)

   WebSocketMessagingAutoConfiguration:
      Did not match:
         - @ConditionalOnClass did not find required class 'org.springframework.web.socket.config.annotation.WebSocketMessageBrokerConfigurer' (OnClassCondition)

   WebSocketReactiveAutoConfiguration:
      Did not match:
         - @ConditionalOnWebApplication did not find reactive web application classes (OnWebApplicationCondition)

   WebSocketServletAutoConfiguration.JettyWebSocketConfiguration:
      Did not match:
         - @ConditionalOnClass did not find required class 'org.eclipse.jetty.ee10.websocket.jakarta.server.config.JakartaWebSocketServletContainerInitializer' (OnClassCondition)

   WebSocketServletAutoConfiguration.UndertowWebSocketConfiguration:
      Did not match:
         - @ConditionalOnClass did not find required class 'io.undertow.websockets.jsr.Bootstrap' (OnClassCondition)

   XADataSourceAutoConfiguration:
      Did not match:
         - @ConditionalOnBean (types: org.springframework.boot.jdbc.XADataSourceWrapper; SearchStrategy: all) did not find any beans of type org.springframework.boot.jdbc.XADataSourceWrapper (OnBeanCondition)
      Matched:
         - @ConditionalOnClass found required classes 'javax.sql.DataSource', 'jakarta.transaction.TransactionManager', 'org.springframework.jdbc.datasource.embedded.EmbeddedDatabaseType' (OnClassCondition)


Exclusions:
-----------

    None


Unconditional classes:
----------------------

    org.springframework.boot.autoconfigure.context.ConfigurationPropertiesAutoConfiguration

    org.springframework.boot.autoconfigure.ssl.SslAutoConfiguration

    org.springframework.boot.autoconfigure.context.PropertyPlaceholderAutoConfiguration

    org.springframework.boot.autoconfigure.context.LifecycleAutoConfiguration

    org.springframework.boot.autoconfigure.availability.ApplicationAvailabilityAutoConfiguration

    org.springframework.boot.autoconfigure.info.ProjectInfoAutoConfiguration



&amp#27;[30m2025-04-16 08:52:28,117&amp#27;[0;39m &amp#27;[39mDEBUG&amp#27;[0;39m [&amp#27;[34mmain&amp#27;[0;39m] &amp#27;[33mo.s.b.a.ApplicationAvailabilityBean&amp#27;[0;39m: Application availability state LivenessState changed to CORRECT
&amp#27;[30m2025-04-16 08:52:28,118&amp#27;[0;39m &amp#27;[39mDEBUG&amp#27;[0;39m [&amp#27;[34mmain&amp#27;[0;39m] &amp#27;[33mo.s.b.a.ApplicationAvailabilityBean&amp#27;[0;39m: Application availability state ReadinessState changed to ACCEPTING_TRAFFIC
&amp#27;[30m2025-04-16 08:52:28,118&amp#27;[0;39m &amp#27;[39mDEBUG&amp#27;[0;39m [&amp#27;[34mmain&amp#27;[0;39m] &amp#27;[33mo.s.t.c.c.DefaultContextCache&amp#27;[0;39m: Spring test ApplicationContext cache statistics: [DefaultContextCache@7e7f72 size = 2, maxSize = 32, parentContextCount = 0, hitCount = 15, missCount = 2, failureCount = 0]
&amp#27;[30m2025-04-16 08:52:28,118&amp#27;[0;39m &amp#27;[39mDEBUG&amp#27;[0;39m [&amp#27;[34mmain&amp#27;[0;39m] &amp#27;[33mo.s.t.c.w.ServletTestExecutionListener&amp#27;[0;39m: Setting up MockHttpServletRequest, MockHttpServletResponse, ServletWebRequest, and RequestContextHolder for test class in.rgukt.r081247.universityapi.service.DepartmentServiceTest
&amp#27;[30m2025-04-16 08:52:28,127&amp#27;[0;39m &amp#27;[39mDEBUG&amp#27;[0;39m [&amp#27;[34mmain&amp#27;[0;39m] &amp#27;[33mo.s.t.c.c.DefaultContextCache&amp#27;[0;39m: Spring test ApplicationContext cache statistics: [DefaultContextCache@7e7f72 size = 2, maxSize = 32, parentContextCount = 0, hitCount = 16, missCount = 2, failureCount = 0]
&amp#27;[30m2025-04-16 08:52:28,129&amp#27;[0;39m &amp#27;[39mDEBUG&amp#27;[0;39m [&amp#27;[34mmain&amp#27;[0;39m] &amp#27;[33mo.s.t.c.s.DependencyInjectionTestExecutionListener&amp#27;[0;39m: Performing dependency injection for test class in.rgukt.r081247.universityapi.service.DepartmentServiceTest
&amp#27;[30m2025-04-16 08:52:28,129&amp#27;[0;39m &amp#27;[39mDEBUG&amp#27;[0;39m [&amp#27;[34mmain&amp#27;[0;39m] &amp#27;[33mo.s.t.c.c.DefaultContextCache&amp#27;[0;39m: Spring test ApplicationContext cache statistics: [DefaultContextCache@7e7f72 size = 2, maxSize = 32, parentContextCount = 0, hitCount = 17, missCount = 2, failureCount = 0]
&amp#27;[30m2025-04-16 08:52:28,130&amp#27;[0;39m &amp#27;[39mDEBUG&amp#27;[0;39m [&amp#27;[34mmain&amp#27;[0;39m] &amp#27;[33mo.s.t.c.c.DefaultContextCache&amp#27;[0;39m: Spring test ApplicationContext cache statistics: [DefaultContextCache@7e7f72 size = 2, maxSize = 32, parentContextCount = 0, hitCount = 18, missCount = 2, failureCount = 0]
&amp#27;[30m2025-04-16 08:52:28,131&amp#27;[0;39m &amp#27;[39mDEBUG&amp#27;[0;39m [&amp#27;[34mmain&amp#27;[0;39m] &amp#27;[33mo.s.t.c.s.AbstractDirtiesContextTestExecutionListener&amp#27;[0;39m: Before test method: class [DepartmentServiceTest], method [testGetDepartmentById1], class annotated with @DirtiesContext [false] with mode [null], method annotated with @DirtiesContext [false] with mode [null]
&amp#27;[30m2025-04-16 08:52:28,132&amp#27;[0;39m &amp#27;[39mDEBUG&amp#27;[0;39m [&amp#27;[34mmain&amp#27;[0;39m] &amp#27;[33mo.s.t.c.c.DefaultContextCache&amp#27;[0;39m: Spring test ApplicationContext cache statistics: [DefaultContextCache@7e7f72 size = 2, maxSize = 32, parentContextCount = 0, hitCount = 19, missCount = 2, failureCount = 0]
&amp#27;[30m2025-04-16 08:52:28,132&amp#27;[0;39m &amp#27;[39mDEBUG&amp#27;[0;39m [&amp#27;[34mmain&amp#27;[0;39m] &amp#27;[33mo.s.t.c.c.DefaultContextCache&amp#27;[0;39m: Spring test ApplicationContext cache statistics: [DefaultContextCache@7e7f72 size = 2, maxSize = 32, parentContextCount = 0, hitCount = 20, missCount = 2, failureCount = 0]
&amp#27;[30m2025-04-16 08:52:28,135&amp#27;[0;39m &amp#27;[39mDEBUG&amp#27;[0;39m [&amp#27;[34mmain&amp#27;[0;39m] &amp#27;[33mo.s.t.c.c.DefaultContextCache&amp#27;[0;39m: Spring test ApplicationContext cache statistics: [DefaultContextCache@7e7f72 size = 2, maxSize = 32, parentContextCount = 0, hitCount = 21, missCount = 2, failureCount = 0]
&amp#27;[30m2025-04-16 08:52:28,137&amp#27;[0;39m &amp#27;[39mDEBUG&amp#27;[0;39m [&amp#27;[34mmain&amp#27;[0;39m] &amp#27;[33mo.s.t.c.c.DefaultContextCache&amp#27;[0;39m: Spring test ApplicationContext cache statistics: [DefaultContextCache@7e7f72 size = 2, maxSize = 32, parentContextCount = 0, hitCount = 22, missCount = 2, failureCount = 0]
&amp#27;[30m2025-04-16 08:52:28,139&amp#27;[0;39m &amp#27;[39mDEBUG&amp#27;[0;39m [&amp#27;[34mmain&amp#27;[0;39m] &amp#27;[33mo.s.t.c.c.DefaultContextCache&amp#27;[0;39m: Spring test ApplicationContext cache statistics: [DefaultContextCache@7e7f72 size = 2, maxSize = 32, parentContextCount = 0, hitCount = 23, missCount = 2, failureCount = 0]
&amp#27;[30m2025-04-16 08:52:28,140&amp#27;[0;39m &amp#27;[39mDEBUG&amp#27;[0;39m [&amp#27;[34mmain&amp#27;[0;39m] &amp#27;[33mo.s.t.c.c.DefaultContextCache&amp#27;[0;39m: Spring test ApplicationContext cache statistics: [DefaultContextCache@7e7f72 size = 2, maxSize = 32, parentContextCount = 0, hitCount = 24, missCount = 2, failureCount = 0]
&amp#27;[30m2025-04-16 08:52:28,152&amp#27;[0;39m &amp#27;[39mDEBUG&amp#27;[0;39m [&amp#27;[34mmain&amp#27;[0;39m] &amp#27;[33mo.s.s.a.m.AuthorizationManagerBeforeMethodInterceptor&amp#27;[0;39m: Authorizing method invocation ReflectiveMethodInvocation: public in.rgukt.r081247.universityapi.entity.Department in.rgukt.r081247.universityapi.service.DepartmentService.getDepartmentById(java.lang.Long); target is of class [in.rgukt.r081247.universityapi.service.DepartmentService]
&amp#27;[30m2025-04-16 08:52:28,154&amp#27;[0;39m &amp#27;[39mDEBUG&amp#27;[0;39m [&amp#27;[34mmain&amp#27;[0;39m] &amp#27;[33mo.s.s.a.m.AuthorizationManagerBeforeMethodInterceptor&amp#27;[0;39m: Failed to authorize ReflectiveMethodInvocation: public in.rgukt.r081247.universityapi.entity.Department in.rgukt.r081247.universityapi.service.DepartmentService.getDepartmentById(java.lang.Long); target is of class [in.rgukt.r081247.universityapi.service.DepartmentService] with authorization manager org.springframework.security.authorization.method.SecuredAuthorizationManager@6b29771f and result AuthorityAuthorizationDecision [granted=false, authorities=[ROLE_USER, ROLE_ADMIN]]
Exception: org.springframework.security.authorization.AuthorizationDeniedException: Access Denied
DepartmentServiceTest.testGetDepartmentById1()
&amp#27;[30m2025-04-16 08:52:28,189&amp#27;[0;39m &amp#27;[39mDEBUG&amp#27;[0;39m [&amp#27;[34mmain&amp#27;[0;39m] &amp#27;[33mo.s.t.c.c.DefaultContextCache&amp#27;[0;39m: Spring test ApplicationContext cache statistics: [DefaultContextCache@7e7f72 size = 2, maxSize = 32, parentContextCount = 0, hitCount = 25, missCount = 2, failureCount = 0]
&amp#27;[30m2025-04-16 08:52:28,189&amp#27;[0;39m &amp#27;[39mDEBUG&amp#27;[0;39m [&amp#27;[34mmain&amp#27;[0;39m] &amp#27;[33mo.s.t.c.c.DefaultContextCache&amp#27;[0;39m: Spring test ApplicationContext cache statistics: [DefaultContextCache@7e7f72 size = 2, maxSize = 32, parentContextCount = 0, hitCount = 26, missCount = 2, failureCount = 0]
&amp#27;[30m2025-04-16 08:52:28,190&amp#27;[0;39m &amp#27;[39mDEBUG&amp#27;[0;39m [&amp#27;[34mmain&amp#27;[0;39m] &amp#27;[33mo.s.t.c.c.DefaultContextCache&amp#27;[0;39m: Spring test ApplicationContext cache statistics: [DefaultContextCache@7e7f72 size = 2, maxSize = 32, parentContextCount = 0, hitCount = 27, missCount = 2, failureCount = 0]
&amp#27;[30m2025-04-16 08:52:28,190&amp#27;[0;39m &amp#27;[39mDEBUG&amp#27;[0;39m [&amp#27;[34mmain&amp#27;[0;39m] &amp#27;[33mo.s.t.c.c.DefaultContextCache&amp#27;[0;39m: Spring test ApplicationContext cache statistics: [DefaultContextCache@7e7f72 size = 2, maxSize = 32, parentContextCount = 0, hitCount = 28, missCount = 2, failureCount = 0]
&amp#27;[30m2025-04-16 08:52:28,190&amp#27;[0;39m &amp#27;[39mDEBUG&amp#27;[0;39m [&amp#27;[34mmain&amp#27;[0;39m] &amp#27;[33mo.s.t.c.c.DefaultContextCache&amp#27;[0;39m: Spring test ApplicationContext cache statistics: [DefaultContextCache@7e7f72 size = 2, maxSize = 32, parentContextCount = 0, hitCount = 29, missCount = 2, failureCount = 0]
&amp#27;[30m2025-04-16 08:52:28,190&amp#27;[0;39m &amp#27;[39mDEBUG&amp#27;[0;39m [&amp#27;[34mmain&amp#27;[0;39m] &amp#27;[33mo.s.t.c.c.DefaultContextCache&amp#27;[0;39m: Spring test ApplicationContext cache statistics: [DefaultContextCache@7e7f72 size = 2, maxSize = 32, parentContextCount = 0, hitCount = 30, missCount = 2, failureCount = 0]
&amp#27;[30m2025-04-16 08:52:28,191&amp#27;[0;39m &amp#27;[39mDEBUG&amp#27;[0;39m [&amp#27;[34mmain&amp#27;[0;39m] &amp#27;[33mo.s.t.c.c.DefaultContextCache&amp#27;[0;39m: Spring test ApplicationContext cache statistics: [DefaultContextCache@7e7f72 size = 2, maxSize = 32, parentContextCount = 0, hitCount = 31, missCount = 2, failureCount = 0]
&amp#27;[30m2025-04-16 08:52:28,191&amp#27;[0;39m &amp#27;[39mDEBUG&amp#27;[0;39m [&amp#27;[34mmain&amp#27;[0;39m] &amp#27;[33mo.s.t.c.c.DefaultContextCache&amp#27;[0;39m: Spring test ApplicationContext cache statistics: [DefaultContextCache@7e7f72 size = 2, maxSize = 32, parentContextCount = 0, hitCount = 32, missCount = 2, failureCount = 0]
&amp#27;[30m2025-04-16 08:52:28,192&amp#27;[0;39m &amp#27;[39mDEBUG&amp#27;[0;39m [&amp#27;[34mmain&amp#27;[0;39m] &amp#27;[33mo.s.t.c.s.AbstractDirtiesContextTestExecutionListener&amp#27;[0;39m: After test method: class [DepartmentServiceTest], method [testGetDepartmentById1], class annotated with @DirtiesContext [false] with mode [null], method annotated with @DirtiesContext [false] with mode [null]
&amp#27;[30m2025-04-16 08:52:28,192&amp#27;[0;39m &amp#27;[39mDEBUG&amp#27;[0;39m [&amp#27;[34mmain&amp#27;[0;39m] &amp#27;[33mo.s.t.c.w.ServletTestExecutionListener&amp#27;[0;39m: Resetting RequestContextHolder for test class in.rgukt.r081247.universityapi.service.DepartmentServiceTest
]]></system-out>
  </testcase>
  <testcase name="testGetDepartmentById2" classname="in.rgukt.r081247.universityapi.service.DepartmentServiceTest" time="0.017">
    <system-out><![CDATA[&amp#27;[30m2025-04-16 08:52:28,193&amp#27;[0;39m &amp#27;[39mDEBUG&amp#27;[0;39m [&amp#27;[34mmain&amp#27;[0;39m] &amp#27;[33mo.s.t.c.c.DefaultContextCache&amp#27;[0;39m: Spring test ApplicationContext cache statistics: [DefaultContextCache@7e7f72 size = 2, maxSize = 32, parentContextCount = 0, hitCount = 33, missCount = 2, failureCount = 0]
&amp#27;[30m2025-04-16 08:52:28,193&amp#27;[0;39m &amp#27;[39mDEBUG&amp#27;[0;39m [&amp#27;[34mmain&amp#27;[0;39m] &amp#27;[33mo.s.t.c.w.ServletTestExecutionListener&amp#27;[0;39m: Setting up MockHttpServletRequest, MockHttpServletResponse, ServletWebRequest, and RequestContextHolder for test class in.rgukt.r081247.universityapi.service.DepartmentServiceTest
&amp#27;[30m2025-04-16 08:52:28,193&amp#27;[0;39m &amp#27;[39mDEBUG&amp#27;[0;39m [&amp#27;[34mmain&amp#27;[0;39m] &amp#27;[33mo.s.t.c.c.DefaultContextCache&amp#27;[0;39m: Spring test ApplicationContext cache statistics: [DefaultContextCache@7e7f72 size = 2, maxSize = 32, parentContextCount = 0, hitCount = 34, missCount = 2, failureCount = 0]
&amp#27;[30m2025-04-16 08:52:28,194&amp#27;[0;39m &amp#27;[39mDEBUG&amp#27;[0;39m [&amp#27;[34mmain&amp#27;[0;39m] &amp#27;[33mo.s.t.c.s.DependencyInjectionTestExecutionListener&amp#27;[0;39m: Performing dependency injection for test class in.rgukt.r081247.universityapi.service.DepartmentServiceTest
&amp#27;[30m2025-04-16 08:52:28,194&amp#27;[0;39m &amp#27;[39mDEBUG&amp#27;[0;39m [&amp#27;[34mmain&amp#27;[0;39m] &amp#27;[33mo.s.t.c.c.DefaultContextCache&amp#27;[0;39m: Spring test ApplicationContext cache statistics: [DefaultContextCache@7e7f72 size = 2, maxSize = 32, parentContextCount = 0, hitCount = 35, missCount = 2, failureCount = 0]
&amp#27;[30m2025-04-16 08:52:28,194&amp#27;[0;39m &amp#27;[39mDEBUG&amp#27;[0;39m [&amp#27;[34mmain&amp#27;[0;39m] &amp#27;[33mo.s.t.c.c.DefaultContextCache&amp#27;[0;39m: Spring test ApplicationContext cache statistics: [DefaultContextCache@7e7f72 size = 2, maxSize = 32, parentContextCount = 0, hitCount = 36, missCount = 2, failureCount = 0]
&amp#27;[30m2025-04-16 08:52:28,195&amp#27;[0;39m &amp#27;[39mDEBUG&amp#27;[0;39m [&amp#27;[34mmain&amp#27;[0;39m] &amp#27;[33mo.s.t.c.s.AbstractDirtiesContextTestExecutionListener&amp#27;[0;39m: Before test method: class [DepartmentServiceTest], method [testGetDepartmentById2], class annotated with @DirtiesContext [false] with mode [null], method annotated with @DirtiesContext [false] with mode [null]
&amp#27;[30m2025-04-16 08:52:28,196&amp#27;[0;39m &amp#27;[39mDEBUG&amp#27;[0;39m [&amp#27;[34mmain&amp#27;[0;39m] &amp#27;[33mo.s.t.c.c.DefaultContextCache&amp#27;[0;39m: Spring test ApplicationContext cache statistics: [DefaultContextCache@7e7f72 size = 2, maxSize = 32, parentContextCount = 0, hitCount = 37, missCount = 2, failureCount = 0]
&amp#27;[30m2025-04-16 08:52:28,196&amp#27;[0;39m &amp#27;[39mDEBUG&amp#27;[0;39m [&amp#27;[34mmain&amp#27;[0;39m] &amp#27;[33mo.s.t.c.c.DefaultContextCache&amp#27;[0;39m: Spring test ApplicationContext cache statistics: [DefaultContextCache@7e7f72 size = 2, maxSize = 32, parentContextCount = 0, hitCount = 38, missCount = 2, failureCount = 0]
&amp#27;[30m2025-04-16 08:52:28,197&amp#27;[0;39m &amp#27;[39mDEBUG&amp#27;[0;39m [&amp#27;[34mmain&amp#27;[0;39m] &amp#27;[33mo.s.t.c.c.DefaultContextCache&amp#27;[0;39m: Spring test ApplicationContext cache statistics: [DefaultContextCache@7e7f72 size = 2, maxSize = 32, parentContextCount = 0, hitCount = 39, missCount = 2, failureCount = 0]
&amp#27;[30m2025-04-16 08:52:28,197&amp#27;[0;39m &amp#27;[39mDEBUG&amp#27;[0;39m [&amp#27;[34mmain&amp#27;[0;39m] &amp#27;[33mo.s.t.c.c.DefaultContextCache&amp#27;[0;39m: Spring test ApplicationContext cache statistics: [DefaultContextCache@7e7f72 size = 2, maxSize = 32, parentContextCount = 0, hitCount = 40, missCount = 2, failureCount = 0]
&amp#27;[30m2025-04-16 08:52:28,198&amp#27;[0;39m &amp#27;[39mDEBUG&amp#27;[0;39m [&amp#27;[34mmain&amp#27;[0;39m] &amp#27;[33mo.s.t.c.c.DefaultContextCache&amp#27;[0;39m: Spring test ApplicationContext cache statistics: [DefaultContextCache@7e7f72 size = 2, maxSize = 32, parentContextCount = 0, hitCount = 41, missCount = 2, failureCount = 0]
&amp#27;[30m2025-04-16 08:52:28,199&amp#27;[0;39m &amp#27;[39mDEBUG&amp#27;[0;39m [&amp#27;[34mmain&amp#27;[0;39m] &amp#27;[33mo.s.t.c.c.DefaultContextCache&amp#27;[0;39m: Spring test ApplicationContext cache statistics: [DefaultContextCache@7e7f72 size = 2, maxSize = 32, parentContextCount = 0, hitCount = 42, missCount = 2, failureCount = 0]
&amp#27;[30m2025-04-16 08:52:28,200&amp#27;[0;39m &amp#27;[39mDEBUG&amp#27;[0;39m [&amp#27;[34mmain&amp#27;[0;39m] &amp#27;[33mo.s.s.a.m.AuthorizationManagerBeforeMethodInterceptor&amp#27;[0;39m: Authorizing method invocation ReflectiveMethodInvocation: public in.rgukt.r081247.universityapi.entity.Department in.rgukt.r081247.universityapi.service.DepartmentService.getDepartmentById(java.lang.Long); target is of class [in.rgukt.r081247.universityapi.service.DepartmentService]
&amp#27;[30m2025-04-16 08:52:28,200&amp#27;[0;39m &amp#27;[39mDEBUG&amp#27;[0;39m [&amp#27;[34mmain&amp#27;[0;39m] &amp#27;[33mo.s.s.a.m.AuthorizationManagerBeforeMethodInterceptor&amp#27;[0;39m: Authorized method invocation ReflectiveMethodInvocation: public in.rgukt.r081247.universityapi.entity.Department in.rgukt.r081247.universityapi.service.DepartmentService.getDepartmentById(java.lang.Long); target is of class [in.rgukt.r081247.universityapi.service.DepartmentService]
&amp#27;[30m2025-04-16 08:52:28,202&amp#27;[0;39m &amp#27;[39mDEBUG&amp#27;[0;39m [&amp#27;[34mmain&amp#27;[0;39m] &amp#27;[33mo.s.t.s.AbstractPlatformTransactionManager&amp#27;[0;39m: Creating new transaction with name [in.rgukt.r081247.universityapi.service.DepartmentService.getDepartmentById]: PROPAGATION_REQUIRED,ISOLATION_DEFAULT
&amp#27;[30m2025-04-16 08:52:28,203&amp#27;[0;39m &amp#27;[39mDEBUG&amp#27;[0;39m [&amp#27;[34mmain&amp#27;[0;39m] &amp#27;[33mo.s.o.j.JpaTransactionManager&amp#27;[0;39m: Opened new EntityManager [SessionImpl(94673950<open>)] for JPA transaction
&amp#27;[30m2025-04-16 08:52:28,205&amp#27;[0;39m &amp#27;[39mDEBUG&amp#27;[0;39m [&amp#27;[34mmain&amp#27;[0;39m] &amp#27;[33mo.h.e.t.i.TransactionImpl&amp#27;[0;39m: On TransactionImpl creation, JpaCompliance#isJpaTransactionComplianceEnabled == false
&amp#27;[30m2025-04-16 08:52:28,205&amp#27;[0;39m &amp#27;[39mDEBUG&amp#27;[0;39m [&amp#27;[34mmain&amp#27;[0;39m] &amp#27;[33mo.h.e.t.i.TransactionImpl&amp#27;[0;39m: begin
&amp#27;[30m2025-04-16 08:52:28,206&amp#27;[0;39m &amp#27;[39mDEBUG&amp#27;[0;39m [&amp#27;[34mmain&amp#27;[0;39m] &amp#27;[33mo.s.o.j.JpaTransactionManager&amp#27;[0;39m: Exposing JPA transaction as JDBC [org.springframework.orm.jpa.vendor.HibernateJpaDialect$HibernateConnectionHandle@26b9a264]
&amp#27;[30m2025-04-16 08:52:28,207&amp#27;[0;39m &amp#27;[39mDEBUG&amp#27;[0;39m [&amp#27;[34mmain&amp#27;[0;39m] &amp#27;[33mo.s.t.s.AbstractPlatformTransactionManager&amp#27;[0;39m: Initiating transaction commit
&amp#27;[30m2025-04-16 08:52:28,208&amp#27;[0;39m &amp#27;[39mDEBUG&amp#27;[0;39m [&amp#27;[34mmain&amp#27;[0;39m] &amp#27;[33mo.s.o.j.JpaTransactionManager&amp#27;[0;39m: Committing JPA transaction on EntityManager [SessionImpl(94673950<open>)]
&amp#27;[30m2025-04-16 08:52:28,208&amp#27;[0;39m &amp#27;[39mDEBUG&amp#27;[0;39m [&amp#27;[34mmain&amp#27;[0;39m] &amp#27;[33mo.h.e.t.i.TransactionImpl&amp#27;[0;39m: committing
&amp#27;[30m2025-04-16 08:52:28,209&amp#27;[0;39m &amp#27;[39mDEBUG&amp#27;[0;39m [&amp#27;[34mmain&amp#27;[0;39m] &amp#27;[33mo.s.o.j.JpaTransactionManager&amp#27;[0;39m: Closing JPA EntityManager [SessionImpl(94673950<open>)] after transaction
DepartmentServiceTest.testGetDepartmentById2()
&amp#27;[30m2025-04-16 08:52:28,210&amp#27;[0;39m &amp#27;[39mDEBUG&amp#27;[0;39m [&amp#27;[34mmain&amp#27;[0;39m] &amp#27;[33mo.s.t.c.c.DefaultContextCache&amp#27;[0;39m: Spring test ApplicationContext cache statistics: [DefaultContextCache@7e7f72 size = 2, maxSize = 32, parentContextCount = 0, hitCount = 43, missCount = 2, failureCount = 0]
&amp#27;[30m2025-04-16 08:52:28,210&amp#27;[0;39m &amp#27;[39mDEBUG&amp#27;[0;39m [&amp#27;[34mmain&amp#27;[0;39m] &amp#27;[33mo.s.t.c.c.DefaultContextCache&amp#27;[0;39m: Spring test ApplicationContext cache statistics: [DefaultContextCache@7e7f72 size = 2, maxSize = 32, parentContextCount = 0, hitCount = 44, missCount = 2, failureCount = 0]
&amp#27;[30m2025-04-16 08:52:28,210&amp#27;[0;39m &amp#27;[39mDEBUG&amp#27;[0;39m [&amp#27;[34mmain&amp#27;[0;39m] &amp#27;[33mo.s.t.c.c.DefaultContextCache&amp#27;[0;39m: Spring test ApplicationContext cache statistics: [DefaultContextCache@7e7f72 size = 2, maxSize = 32, parentContextCount = 0, hitCount = 45, missCount = 2, failureCount = 0]
&amp#27;[30m2025-04-16 08:52:28,210&amp#27;[0;39m &amp#27;[39mDEBUG&amp#27;[0;39m [&amp#27;[34mmain&amp#27;[0;39m] &amp#27;[33mo.s.t.c.c.DefaultContextCache&amp#27;[0;39m: Spring test ApplicationContext cache statistics: [DefaultContextCache@7e7f72 size = 2, maxSize = 32, parentContextCount = 0, hitCount = 46, missCount = 2, failureCount = 0]
&amp#27;[30m2025-04-16 08:52:28,210&amp#27;[0;39m &amp#27;[39mDEBUG&amp#27;[0;39m [&amp#27;[34mmain&amp#27;[0;39m] &amp#27;[33mo.s.t.c.c.DefaultContextCache&amp#27;[0;39m: Spring test ApplicationContext cache statistics: [DefaultContextCache@7e7f72 size = 2, maxSize = 32, parentContextCount = 0, hitCount = 47, missCount = 2, failureCount = 0]
&amp#27;[30m2025-04-16 08:52:28,211&amp#27;[0;39m &amp#27;[39mDEBUG&amp#27;[0;39m [&amp#27;[34mmain&amp#27;[0;39m] &amp#27;[33mo.s.t.c.c.DefaultContextCache&amp#27;[0;39m: Spring test ApplicationContext cache statistics: [DefaultContextCache@7e7f72 size = 2, maxSize = 32, parentContextCount = 0, hitCount = 48, missCount = 2, failureCount = 0]
&amp#27;[30m2025-04-16 08:52:28,211&amp#27;[0;39m &amp#27;[39mDEBUG&amp#27;[0;39m [&amp#27;[34mmain&amp#27;[0;39m] &amp#27;[33mo.s.t.c.c.DefaultContextCache&amp#27;[0;39m: Spring test ApplicationContext cache statistics: [DefaultContextCache@7e7f72 size = 2, maxSize = 32, parentContextCount = 0, hitCount = 49, missCount = 2, failureCount = 0]
&amp#27;[30m2025-04-16 08:52:28,212&amp#27;[0;39m &amp#27;[39mDEBUG&amp#27;[0;39m [&amp#27;[34mmain&amp#27;[0;39m] &amp#27;[33mo.s.t.c.c.DefaultContextCache&amp#27;[0;39m: Spring test ApplicationContext cache statistics: [DefaultContextCache@7e7f72 size = 2, maxSize = 32, parentContextCount = 0, hitCount = 50, missCount = 2, failureCount = 0]
&amp#27;[30m2025-04-16 08:52:28,212&amp#27;[0;39m &amp#27;[39mDEBUG&amp#27;[0;39m [&amp#27;[34mmain&amp#27;[0;39m] &amp#27;[33mo.s.t.c.s.AbstractDirtiesContextTestExecutionListener&amp#27;[0;39m: After test method: class [DepartmentServiceTest], method [testGetDepartmentById2], class annotated with @DirtiesContext [false] with mode [null], method annotated with @DirtiesContext [false] with mode [null]
&amp#27;[30m2025-04-16 08:52:28,212&amp#27;[0;39m &amp#27;[39mDEBUG&amp#27;[0;39m [&amp#27;[34mmain&amp#27;[0;39m] &amp#27;[33mo.s.t.c.w.ServletTestExecutionListener&amp#27;[0;39m: Resetting RequestContextHolder for test class in.rgukt.r081247.universityapi.service.DepartmentServiceTest
]]></system-out>
  </testcase>
  <testcase name="testAddDepartment1" classname="in.rgukt.r081247.universityapi.service.DepartmentServiceTest" time="0.01">
    <system-out><![CDATA[&amp#27;[30m2025-04-16 08:52:28,213&amp#27;[0;39m &amp#27;[39mDEBUG&amp#27;[0;39m [&amp#27;[34mmain&amp#27;[0;39m] &amp#27;[33mo.s.t.c.c.DefaultContextCache&amp#27;[0;39m: Spring test ApplicationContext cache statistics: [DefaultContextCache@7e7f72 size = 2, maxSize = 32, parentContextCount = 0, hitCount = 51, missCount = 2, failureCount = 0]
&amp#27;[30m2025-04-16 08:52:28,213&amp#27;[0;39m &amp#27;[39mDEBUG&amp#27;[0;39m [&amp#27;[34mmain&amp#27;[0;39m] &amp#27;[33mo.s.t.c.w.ServletTestExecutionListener&amp#27;[0;39m: Setting up MockHttpServletRequest, MockHttpServletResponse, ServletWebRequest, and RequestContextHolder for test class in.rgukt.r081247.universityapi.service.DepartmentServiceTest
&amp#27;[30m2025-04-16 08:52:28,213&amp#27;[0;39m &amp#27;[39mDEBUG&amp#27;[0;39m [&amp#27;[34mmain&amp#27;[0;39m] &amp#27;[33mo.s.t.c.c.DefaultContextCache&amp#27;[0;39m: Spring test ApplicationContext cache statistics: [DefaultContextCache@7e7f72 size = 2, maxSize = 32, parentContextCount = 0, hitCount = 52, missCount = 2, failureCount = 0]
&amp#27;[30m2025-04-16 08:52:28,214&amp#27;[0;39m &amp#27;[39mDEBUG&amp#27;[0;39m [&amp#27;[34mmain&amp#27;[0;39m] &amp#27;[33mo.s.t.c.s.DependencyInjectionTestExecutionListener&amp#27;[0;39m: Performing dependency injection for test class in.rgukt.r081247.universityapi.service.DepartmentServiceTest
&amp#27;[30m2025-04-16 08:52:28,214&amp#27;[0;39m &amp#27;[39mDEBUG&amp#27;[0;39m [&amp#27;[34mmain&amp#27;[0;39m] &amp#27;[33mo.s.t.c.c.DefaultContextCache&amp#27;[0;39m: Spring test ApplicationContext cache statistics: [DefaultContextCache@7e7f72 size = 2, maxSize = 32, parentContextCount = 0, hitCount = 53, missCount = 2, failureCount = 0]
&amp#27;[30m2025-04-16 08:52:28,214&amp#27;[0;39m &amp#27;[39mDEBUG&amp#27;[0;39m [&amp#27;[34mmain&amp#27;[0;39m] &amp#27;[33mo.s.t.c.c.DefaultContextCache&amp#27;[0;39m: Spring test ApplicationContext cache statistics: [DefaultContextCache@7e7f72 size = 2, maxSize = 32, parentContextCount = 0, hitCount = 54, missCount = 2, failureCount = 0]
&amp#27;[30m2025-04-16 08:52:28,214&amp#27;[0;39m &amp#27;[39mDEBUG&amp#27;[0;39m [&amp#27;[34mmain&amp#27;[0;39m] &amp#27;[33mo.s.t.c.s.AbstractDirtiesContextTestExecutionListener&amp#27;[0;39m: Before test method: class [DepartmentServiceTest], method [testAddDepartment1], class annotated with @DirtiesContext [false] with mode [null], method annotated with @DirtiesContext [false] with mode [null]
&amp#27;[30m2025-04-16 08:52:28,215&amp#27;[0;39m &amp#27;[39mDEBUG&amp#27;[0;39m [&amp#27;[34mmain&amp#27;[0;39m] &amp#27;[33mo.s.t.c.c.DefaultContextCache&amp#27;[0;39m: Spring test ApplicationContext cache statistics: [DefaultContextCache@7e7f72 size = 2, maxSize = 32, parentContextCount = 0, hitCount = 55, missCount = 2, failureCount = 0]
&amp#27;[30m2025-04-16 08:52:28,215&amp#27;[0;39m &amp#27;[39mDEBUG&amp#27;[0;39m [&amp#27;[34mmain&amp#27;[0;39m] &amp#27;[33mo.s.t.c.c.DefaultContextCache&amp#27;[0;39m: Spring test ApplicationContext cache statistics: [DefaultContextCache@7e7f72 size = 2, maxSize = 32, parentContextCount = 0, hitCount = 56, missCount = 2, failureCount = 0]
&amp#27;[30m2025-04-16 08:52:28,216&amp#27;[0;39m &amp#27;[39mDEBUG&amp#27;[0;39m [&amp#27;[34mmain&amp#27;[0;39m] &amp#27;[33mo.s.t.c.c.DefaultContextCache&amp#27;[0;39m: Spring test ApplicationContext cache statistics: [DefaultContextCache@7e7f72 size = 2, maxSize = 32, parentContextCount = 0, hitCount = 57, missCount = 2, failureCount = 0]
&amp#27;[30m2025-04-16 08:52:28,216&amp#27;[0;39m &amp#27;[39mDEBUG&amp#27;[0;39m [&amp#27;[34mmain&amp#27;[0;39m] &amp#27;[33mo.s.t.c.c.DefaultContextCache&amp#27;[0;39m: Spring test ApplicationContext cache statistics: [DefaultContextCache@7e7f72 size = 2, maxSize = 32, parentContextCount = 0, hitCount = 58, missCount = 2, failureCount = 0]
&amp#27;[30m2025-04-16 08:52:28,217&amp#27;[0;39m &amp#27;[39mDEBUG&amp#27;[0;39m [&amp#27;[34mmain&amp#27;[0;39m] &amp#27;[33mo.s.t.c.c.DefaultContextCache&amp#27;[0;39m: Spring test ApplicationContext cache statistics: [DefaultContextCache@7e7f72 size = 2, maxSize = 32, parentContextCount = 0, hitCount = 59, missCount = 2, failureCount = 0]
&amp#27;[30m2025-04-16 08:52:28,218&amp#27;[0;39m &amp#27;[39mDEBUG&amp#27;[0;39m [&amp#27;[34mmain&amp#27;[0;39m] &amp#27;[33mo.s.t.c.c.DefaultContextCache&amp#27;[0;39m: Spring test ApplicationContext cache statistics: [DefaultContextCache@7e7f72 size = 2, maxSize = 32, parentContextCount = 0, hitCount = 60, missCount = 2, failureCount = 0]
&amp#27;[30m2025-04-16 08:52:28,220&amp#27;[0;39m &amp#27;[39mDEBUG&amp#27;[0;39m [&amp#27;[34mmain&amp#27;[0;39m] &amp#27;[33mo.s.s.a.m.AuthorizationManagerBeforeMethodInterceptor&amp#27;[0;39m: Authorizing method invocation ReflectiveMethodInvocation: public in.rgukt.r081247.universityapi.entity.Department in.rgukt.r081247.universityapi.service.DepartmentService.addDepartment(in.rgukt.r081247.universityapi.entity.Department); target is of class [in.rgukt.r081247.universityapi.service.DepartmentService]
&amp#27;[30m2025-04-16 08:52:28,220&amp#27;[0;39m &amp#27;[39mDEBUG&amp#27;[0;39m [&amp#27;[34mmain&amp#27;[0;39m] &amp#27;[33mo.s.s.a.m.AuthorizationManagerBeforeMethodInterceptor&amp#27;[0;39m: Failed to authorize ReflectiveMethodInvocation: public in.rgukt.r081247.universityapi.entity.Department in.rgukt.r081247.universityapi.service.DepartmentService.addDepartment(in.rgukt.r081247.universityapi.entity.Department); target is of class [in.rgukt.r081247.universityapi.service.DepartmentService] with authorization manager org.springframework.security.authorization.method.SecuredAuthorizationManager@6b29771f and result AuthorityAuthorizationDecision [granted=false, authorities=[ROLE_ADMIN]]
Exception: org.springframework.security.authorization.AuthorizationDeniedException: Access Denied
DepartmentServiceTest.testAddDepartment1()
&amp#27;[30m2025-04-16 08:52:28,220&amp#27;[0;39m &amp#27;[39mDEBUG&amp#27;[0;39m [&amp#27;[34mmain&amp#27;[0;39m] &amp#27;[33mo.s.t.c.c.DefaultContextCache&amp#27;[0;39m: Spring test ApplicationContext cache statistics: [DefaultContextCache@7e7f72 size = 2, maxSize = 32, parentContextCount = 0, hitCount = 61, missCount = 2, failureCount = 0]
&amp#27;[30m2025-04-16 08:52:28,221&amp#27;[0;39m &amp#27;[39mDEBUG&amp#27;[0;39m [&amp#27;[34mmain&amp#27;[0;39m] &amp#27;[33mo.s.t.c.c.DefaultContextCache&amp#27;[0;39m: Spring test ApplicationContext cache statistics: [DefaultContextCache@7e7f72 size = 2, maxSize = 32, parentContextCount = 0, hitCount = 62, missCount = 2, failureCount = 0]
&amp#27;[30m2025-04-16 08:52:28,221&amp#27;[0;39m &amp#27;[39mDEBUG&amp#27;[0;39m [&amp#27;[34mmain&amp#27;[0;39m] &amp#27;[33mo.s.t.c.c.DefaultContextCache&amp#27;[0;39m: Spring test ApplicationContext cache statistics: [DefaultContextCache@7e7f72 size = 2, maxSize = 32, parentContextCount = 0, hitCount = 63, missCount = 2, failureCount = 0]
&amp#27;[30m2025-04-16 08:52:28,222&amp#27;[0;39m &amp#27;[39mDEBUG&amp#27;[0;39m [&amp#27;[34mmain&amp#27;[0;39m] &amp#27;[33mo.s.t.c.c.DefaultContextCache&amp#27;[0;39m: Spring test ApplicationContext cache statistics: [DefaultContextCache@7e7f72 size = 2, maxSize = 32, parentContextCount = 0, hitCount = 64, missCount = 2, failureCount = 0]
&amp#27;[30m2025-04-16 08:52:28,222&amp#27;[0;39m &amp#27;[39mDEBUG&amp#27;[0;39m [&amp#27;[34mmain&amp#27;[0;39m] &amp#27;[33mo.s.t.c.c.DefaultContextCache&amp#27;[0;39m: Spring test ApplicationContext cache statistics: [DefaultContextCache@7e7f72 size = 2, maxSize = 32, parentContextCount = 0, hitCount = 65, missCount = 2, failureCount = 0]
&amp#27;[30m2025-04-16 08:52:28,222&amp#27;[0;39m &amp#27;[39mDEBUG&amp#27;[0;39m [&amp#27;[34mmain&amp#27;[0;39m] &amp#27;[33mo.s.t.c.c.DefaultContextCache&amp#27;[0;39m: Spring test ApplicationContext cache statistics: [DefaultContextCache@7e7f72 size = 2, maxSize = 32, parentContextCount = 0, hitCount = 66, missCount = 2, failureCount = 0]
&amp#27;[30m2025-04-16 08:52:28,223&amp#27;[0;39m &amp#27;[39mDEBUG&amp#27;[0;39m [&amp#27;[34mmain&amp#27;[0;39m] &amp#27;[33mo.s.t.c.c.DefaultContextCache&amp#27;[0;39m: Spring test ApplicationContext cache statistics: [DefaultContextCache@7e7f72 size = 2, maxSize = 32, parentContextCount = 0, hitCount = 67, missCount = 2, failureCount = 0]
&amp#27;[30m2025-04-16 08:52:28,223&amp#27;[0;39m &amp#27;[39mDEBUG&amp#27;[0;39m [&amp#27;[34mmain&amp#27;[0;39m] &amp#27;[33mo.s.t.c.c.DefaultContextCache&amp#27;[0;39m: Spring test ApplicationContext cache statistics: [DefaultContextCache@7e7f72 size = 2, maxSize = 32, parentContextCount = 0, hitCount = 68, missCount = 2, failureCount = 0]
&amp#27;[30m2025-04-16 08:52:28,223&amp#27;[0;39m &amp#27;[39mDEBUG&amp#27;[0;39m [&amp#27;[34mmain&amp#27;[0;39m] &amp#27;[33mo.s.t.c.s.AbstractDirtiesContextTestExecutionListener&amp#27;[0;39m: After test method: class [DepartmentServiceTest], method [testAddDepartment1], class annotated with @DirtiesContext [false] with mode [null], method annotated with @DirtiesContext [false] with mode [null]
&amp#27;[30m2025-04-16 08:52:28,223&amp#27;[0;39m &amp#27;[39mDEBUG&amp#27;[0;39m [&amp#27;[34mmain&amp#27;[0;39m] &amp#27;[33mo.s.t.c.w.ServletTestExecutionListener&amp#27;[0;39m: Resetting RequestContextHolder for test class in.rgukt.r081247.universityapi.service.DepartmentServiceTest
]]></system-out>
  </testcase>
  <testcase name="testAddDepartment2" classname="in.rgukt.r081247.universityapi.service.DepartmentServiceTest" time="0.011">
    <system-out><![CDATA[&amp#27;[30m2025-04-16 08:52:28,224&amp#27;[0;39m &amp#27;[39mDEBUG&amp#27;[0;39m [&amp#27;[34mmain&amp#27;[0;39m] &amp#27;[33mo.s.t.c.c.DefaultContextCache&amp#27;[0;39m: Spring test ApplicationContext cache statistics: [DefaultContextCache@7e7f72 size = 2, maxSize = 32, parentContextCount = 0, hitCount = 69, missCount = 2, failureCount = 0]
&amp#27;[30m2025-04-16 08:52:28,224&amp#27;[0;39m &amp#27;[39mDEBUG&amp#27;[0;39m [&amp#27;[34mmain&amp#27;[0;39m] &amp#27;[33mo.s.t.c.w.ServletTestExecutionListener&amp#27;[0;39m: Setting up MockHttpServletRequest, MockHttpServletResponse, ServletWebRequest, and RequestContextHolder for test class in.rgukt.r081247.universityapi.service.DepartmentServiceTest
&amp#27;[30m2025-04-16 08:52:28,224&amp#27;[0;39m &amp#27;[39mDEBUG&amp#27;[0;39m [&amp#27;[34mmain&amp#27;[0;39m] &amp#27;[33mo.s.t.c.c.DefaultContextCache&amp#27;[0;39m: Spring test ApplicationContext cache statistics: [DefaultContextCache@7e7f72 size = 2, maxSize = 32, parentContextCount = 0, hitCount = 70, missCount = 2, failureCount = 0]
&amp#27;[30m2025-04-16 08:52:28,225&amp#27;[0;39m &amp#27;[39mDEBUG&amp#27;[0;39m [&amp#27;[34mmain&amp#27;[0;39m] &amp#27;[33mo.s.t.c.s.DependencyInjectionTestExecutionListener&amp#27;[0;39m: Performing dependency injection for test class in.rgukt.r081247.universityapi.service.DepartmentServiceTest
&amp#27;[30m2025-04-16 08:52:28,225&amp#27;[0;39m &amp#27;[39mDEBUG&amp#27;[0;39m [&amp#27;[34mmain&amp#27;[0;39m] &amp#27;[33mo.s.t.c.c.DefaultContextCache&amp#27;[0;39m: Spring test ApplicationContext cache statistics: [DefaultContextCache@7e7f72 size = 2, maxSize = 32, parentContextCount = 0, hitCount = 71, missCount = 2, failureCount = 0]
&amp#27;[30m2025-04-16 08:52:28,225&amp#27;[0;39m &amp#27;[39mDEBUG&amp#27;[0;39m [&amp#27;[34mmain&amp#27;[0;39m] &amp#27;[33mo.s.t.c.c.DefaultContextCache&amp#27;[0;39m: Spring test ApplicationContext cache statistics: [DefaultContextCache@7e7f72 size = 2, maxSize = 32, parentContextCount = 0, hitCount = 72, missCount = 2, failureCount = 0]
&amp#27;[30m2025-04-16 08:52:28,226&amp#27;[0;39m &amp#27;[39mDEBUG&amp#27;[0;39m [&amp#27;[34mmain&amp#27;[0;39m] &amp#27;[33mo.s.t.c.s.AbstractDirtiesContextTestExecutionListener&amp#27;[0;39m: Before test method: class [DepartmentServiceTest], method [testAddDepartment2], class annotated with @DirtiesContext [false] with mode [null], method annotated with @DirtiesContext [false] with mode [null]
&amp#27;[30m2025-04-16 08:52:28,226&amp#27;[0;39m &amp#27;[39mDEBUG&amp#27;[0;39m [&amp#27;[34mmain&amp#27;[0;39m] &amp#27;[33mo.s.t.c.c.DefaultContextCache&amp#27;[0;39m: Spring test ApplicationContext cache statistics: [DefaultContextCache@7e7f72 size = 2, maxSize = 32, parentContextCount = 0, hitCount = 73, missCount = 2, failureCount = 0]
&amp#27;[30m2025-04-16 08:52:28,226&amp#27;[0;39m &amp#27;[39mDEBUG&amp#27;[0;39m [&amp#27;[34mmain&amp#27;[0;39m] &amp#27;[33mo.s.t.c.c.DefaultContextCache&amp#27;[0;39m: Spring test ApplicationContext cache statistics: [DefaultContextCache@7e7f72 size = 2, maxSize = 32, parentContextCount = 0, hitCount = 74, missCount = 2, failureCount = 0]
&amp#27;[30m2025-04-16 08:52:28,227&amp#27;[0;39m &amp#27;[39mDEBUG&amp#27;[0;39m [&amp#27;[34mmain&amp#27;[0;39m] &amp#27;[33mo.s.t.c.c.DefaultContextCache&amp#27;[0;39m: Spring test ApplicationContext cache statistics: [DefaultContextCache@7e7f72 size = 2, maxSize = 32, parentContextCount = 0, hitCount = 75, missCount = 2, failureCount = 0]
&amp#27;[30m2025-04-16 08:52:28,227&amp#27;[0;39m &amp#27;[39mDEBUG&amp#27;[0;39m [&amp#27;[34mmain&amp#27;[0;39m] &amp#27;[33mo.s.t.c.c.DefaultContextCache&amp#27;[0;39m: Spring test ApplicationContext cache statistics: [DefaultContextCache@7e7f72 size = 2, maxSize = 32, parentContextCount = 0, hitCount = 76, missCount = 2, failureCount = 0]
&amp#27;[30m2025-04-16 08:52:28,228&amp#27;[0;39m &amp#27;[39mDEBUG&amp#27;[0;39m [&amp#27;[34mmain&amp#27;[0;39m] &amp#27;[33mo.s.t.c.c.DefaultContextCache&amp#27;[0;39m: Spring test ApplicationContext cache statistics: [DefaultContextCache@7e7f72 size = 2, maxSize = 32, parentContextCount = 0, hitCount = 77, missCount = 2, failureCount = 0]
&amp#27;[30m2025-04-16 08:52:28,229&amp#27;[0;39m &amp#27;[39mDEBUG&amp#27;[0;39m [&amp#27;[34mmain&amp#27;[0;39m] &amp#27;[33mo.s.t.c.c.DefaultContextCache&amp#27;[0;39m: Spring test ApplicationContext cache statistics: [DefaultContextCache@7e7f72 size = 2, maxSize = 32, parentContextCount = 0, hitCount = 78, missCount = 2, failureCount = 0]
&amp#27;[30m2025-04-16 08:52:28,229&amp#27;[0;39m &amp#27;[39mDEBUG&amp#27;[0;39m [&amp#27;[34mmain&amp#27;[0;39m] &amp#27;[33mo.s.s.a.m.AuthorizationManagerBeforeMethodInterceptor&amp#27;[0;39m: Authorizing method invocation ReflectiveMethodInvocation: public in.rgukt.r081247.universityapi.entity.Department in.rgukt.r081247.universityapi.service.DepartmentService.addDepartment(in.rgukt.r081247.universityapi.entity.Department); target is of class [in.rgukt.r081247.universityapi.service.DepartmentService]
&amp#27;[30m2025-04-16 08:52:28,230&amp#27;[0;39m &amp#27;[39mDEBUG&amp#27;[0;39m [&amp#27;[34mmain&amp#27;[0;39m] &amp#27;[33mo.s.s.a.m.AuthorizationManagerBeforeMethodInterceptor&amp#27;[0;39m: Authorized method invocation ReflectiveMethodInvocation: public in.rgukt.r081247.universityapi.entity.Department in.rgukt.r081247.universityapi.service.DepartmentService.addDepartment(in.rgukt.r081247.universityapi.entity.Department); target is of class [in.rgukt.r081247.universityapi.service.DepartmentService]
&amp#27;[30m2025-04-16 08:52:28,230&amp#27;[0;39m &amp#27;[39mDEBUG&amp#27;[0;39m [&amp#27;[34mmain&amp#27;[0;39m] &amp#27;[33mo.s.t.s.AbstractPlatformTransactionManager&amp#27;[0;39m: Creating new transaction with name [in.rgukt.r081247.universityapi.service.DepartmentService.addDepartment]: PROPAGATION_REQUIRED,ISOLATION_DEFAULT
&amp#27;[30m2025-04-16 08:52:28,230&amp#27;[0;39m &amp#27;[39mDEBUG&amp#27;[0;39m [&amp#27;[34mmain&amp#27;[0;39m] &amp#27;[33mo.s.o.j.JpaTransactionManager&amp#27;[0;39m: Opened new EntityManager [SessionImpl(936123153<open>)] for JPA transaction
&amp#27;[30m2025-04-16 08:52:28,230&amp#27;[0;39m &amp#27;[39mDEBUG&amp#27;[0;39m [&amp#27;[34mmain&amp#27;[0;39m] &amp#27;[33mo.h.e.t.i.TransactionImpl&amp#27;[0;39m: On TransactionImpl creation, JpaCompliance#isJpaTransactionComplianceEnabled == false
&amp#27;[30m2025-04-16 08:52:28,230&amp#27;[0;39m &amp#27;[39mDEBUG&amp#27;[0;39m [&amp#27;[34mmain&amp#27;[0;39m] &amp#27;[33mo.h.e.t.i.TransactionImpl&amp#27;[0;39m: begin
&amp#27;[30m2025-04-16 08:52:28,230&amp#27;[0;39m &amp#27;[39mDEBUG&amp#27;[0;39m [&amp#27;[34mmain&amp#27;[0;39m] &amp#27;[33mo.s.o.j.JpaTransactionManager&amp#27;[0;39m: Exposing JPA transaction as JDBC [org.springframework.orm.jpa.vendor.HibernateJpaDialect$HibernateConnectionHandle@4f549906]
&amp#27;[30m2025-04-16 08:52:28,231&amp#27;[0;39m &amp#27;[39mDEBUG&amp#27;[0;39m [&amp#27;[34mmain&amp#27;[0;39m] &amp#27;[33mo.s.t.s.AbstractPlatformTransactionManager&amp#27;[0;39m: Initiating transaction commit
&amp#27;[30m2025-04-16 08:52:28,231&amp#27;[0;39m &amp#27;[39mDEBUG&amp#27;[0;39m [&amp#27;[34mmain&amp#27;[0;39m] &amp#27;[33mo.s.o.j.JpaTransactionManager&amp#27;[0;39m: Committing JPA transaction on EntityManager [SessionImpl(936123153<open>)]
&amp#27;[30m2025-04-16 08:52:28,231&amp#27;[0;39m &amp#27;[39mDEBUG&amp#27;[0;39m [&amp#27;[34mmain&amp#27;[0;39m] &amp#27;[33mo.h.e.t.i.TransactionImpl&amp#27;[0;39m: committing
&amp#27;[30m2025-04-16 08:52:28,231&amp#27;[0;39m &amp#27;[39mDEBUG&amp#27;[0;39m [&amp#27;[34mmain&amp#27;[0;39m] &amp#27;[33mo.s.o.j.JpaTransactionManager&amp#27;[0;39m: Closing JPA EntityManager [SessionImpl(936123153<open>)] after transaction
DepartmentServiceTest.testAddDepartment2()
&amp#27;[30m2025-04-16 08:52:28,232&amp#27;[0;39m &amp#27;[39mDEBUG&amp#27;[0;39m [&amp#27;[34mmain&amp#27;[0;39m] &amp#27;[33mo.s.t.c.c.DefaultContextCache&amp#27;[0;39m: Spring test ApplicationContext cache statistics: [DefaultContextCache@7e7f72 size = 2, maxSize = 32, parentContextCount = 0, hitCount = 79, missCount = 2, failureCount = 0]
&amp#27;[30m2025-04-16 08:52:28,232&amp#27;[0;39m &amp#27;[39mDEBUG&amp#27;[0;39m [&amp#27;[34mmain&amp#27;[0;39m] &amp#27;[33mo.s.t.c.c.DefaultContextCache&amp#27;[0;39m: Spring test ApplicationContext cache statistics: [DefaultContextCache@7e7f72 size = 2, maxSize = 32, parentContextCount = 0, hitCount = 80, missCount = 2, failureCount = 0]
&amp#27;[30m2025-04-16 08:52:28,233&amp#27;[0;39m &amp#27;[39mDEBUG&amp#27;[0;39m [&amp#27;[34mmain&amp#27;[0;39m] &amp#27;[33mo.s.t.c.c.DefaultContextCache&amp#27;[0;39m: Spring test ApplicationContext cache statistics: [DefaultContextCache@7e7f72 size = 2, maxSize = 32, parentContextCount = 0, hitCount = 81, missCount = 2, failureCount = 0]
&amp#27;[30m2025-04-16 08:52:28,233&amp#27;[0;39m &amp#27;[39mDEBUG&amp#27;[0;39m [&amp#27;[34mmain&amp#27;[0;39m] &amp#27;[33mo.s.t.c.c.DefaultContextCache&amp#27;[0;39m: Spring test ApplicationContext cache statistics: [DefaultContextCache@7e7f72 size = 2, maxSize = 32, parentContextCount = 0, hitCount = 82, missCount = 2, failureCount = 0]
&amp#27;[30m2025-04-16 08:52:28,233&amp#27;[0;39m &amp#27;[39mDEBUG&amp#27;[0;39m [&amp#27;[34mmain&amp#27;[0;39m] &amp#27;[33mo.s.t.c.c.DefaultContextCache&amp#27;[0;39m: Spring test ApplicationContext cache statistics: [DefaultContextCache@7e7f72 size = 2, maxSize = 32, parentContextCount = 0, hitCount = 83, missCount = 2, failureCount = 0]
&amp#27;[30m2025-04-16 08:52:28,234&amp#27;[0;39m &amp#27;[39mDEBUG&amp#27;[0;39m [&amp#27;[34mmain&amp#27;[0;39m] &amp#27;[33mo.s.t.c.c.DefaultContextCache&amp#27;[0;39m: Spring test ApplicationContext cache statistics: [DefaultContextCache@7e7f72 size = 2, maxSize = 32, parentContextCount = 0, hitCount = 84, missCount = 2, failureCount = 0]
&amp#27;[30m2025-04-16 08:52:28,234&amp#27;[0;39m &amp#27;[39mDEBUG&amp#27;[0;39m [&amp#27;[34mmain&amp#27;[0;39m] &amp#27;[33mo.s.t.c.c.DefaultContextCache&amp#27;[0;39m: Spring test ApplicationContext cache statistics: [DefaultContextCache@7e7f72 size = 2, maxSize = 32, parentContextCount = 0, hitCount = 85, missCount = 2, failureCount = 0]
&amp#27;[30m2025-04-16 08:52:28,235&amp#27;[0;39m &amp#27;[39mDEBUG&amp#27;[0;39m [&amp#27;[34mmain&amp#27;[0;39m] &amp#27;[33mo.s.t.c.c.DefaultContextCache&amp#27;[0;39m: Spring test ApplicationContext cache statistics: [DefaultContextCache@7e7f72 size = 2, maxSize = 32, parentContextCount = 0, hitCount = 86, missCount = 2, failureCount = 0]
&amp#27;[30m2025-04-16 08:52:28,235&amp#27;[0;39m &amp#27;[39mDEBUG&amp#27;[0;39m [&amp#27;[34mmain&amp#27;[0;39m] &amp#27;[33mo.s.t.c.s.AbstractDirtiesContextTestExecutionListener&amp#27;[0;39m: After test method: class [DepartmentServiceTest], method [testAddDepartment2], class annotated with @DirtiesContext [false] with mode [null], method annotated with @DirtiesContext [false] with mode [null]
&amp#27;[30m2025-04-16 08:52:28,235&amp#27;[0;39m &amp#27;[39mDEBUG&amp#27;[0;39m [&amp#27;[34mmain&amp#27;[0;39m] &amp#27;[33mo.s.t.c.w.ServletTestExecutionListener&amp#27;[0;39m: Resetting RequestContextHolder for test class in.rgukt.r081247.universityapi.service.DepartmentServiceTest
]]></system-out>
  </testcase>
  <testcase name="testAddDepartment3" classname="in.rgukt.r081247.universityapi.service.DepartmentServiceTest" time="0.015">
    <system-out><![CDATA[&amp#27;[30m2025-04-16 08:52:28,236&amp#27;[0;39m &amp#27;[39mDEBUG&amp#27;[0;39m [&amp#27;[34mmain&amp#27;[0;39m] &amp#27;[33mo.s.t.c.c.DefaultContextCache&amp#27;[0;39m: Spring test ApplicationContext cache statistics: [DefaultContextCache@7e7f72 size = 2, maxSize = 32, parentContextCount = 0, hitCount = 87, missCount = 2, failureCount = 0]
&amp#27;[30m2025-04-16 08:52:28,237&amp#27;[0;39m &amp#27;[39mDEBUG&amp#27;[0;39m [&amp#27;[34mmain&amp#27;[0;39m] &amp#27;[33mo.s.t.c.w.ServletTestExecutionListener&amp#27;[0;39m: Setting up MockHttpServletRequest, MockHttpServletResponse, ServletWebRequest, and RequestContextHolder for test class in.rgukt.r081247.universityapi.service.DepartmentServiceTest
&amp#27;[30m2025-04-16 08:52:28,237&amp#27;[0;39m &amp#27;[39mDEBUG&amp#27;[0;39m [&amp#27;[34mmain&amp#27;[0;39m] &amp#27;[33mo.s.t.c.c.DefaultContextCache&amp#27;[0;39m: Spring test ApplicationContext cache statistics: [DefaultContextCache@7e7f72 size = 2, maxSize = 32, parentContextCount = 0, hitCount = 88, missCount = 2, failureCount = 0]
&amp#27;[30m2025-04-16 08:52:28,237&amp#27;[0;39m &amp#27;[39mDEBUG&amp#27;[0;39m [&amp#27;[34mmain&amp#27;[0;39m] &amp#27;[33mo.s.t.c.s.DependencyInjectionTestExecutionListener&amp#27;[0;39m: Performing dependency injection for test class in.rgukt.r081247.universityapi.service.DepartmentServiceTest
&amp#27;[30m2025-04-16 08:52:28,237&amp#27;[0;39m &amp#27;[39mDEBUG&amp#27;[0;39m [&amp#27;[34mmain&amp#27;[0;39m] &amp#27;[33mo.s.t.c.c.DefaultContextCache&amp#27;[0;39m: Spring test ApplicationContext cache statistics: [DefaultContextCache@7e7f72 size = 2, maxSize = 32, parentContextCount = 0, hitCount = 89, missCount = 2, failureCount = 0]
&amp#27;[30m2025-04-16 08:52:28,238&amp#27;[0;39m &amp#27;[39mDEBUG&amp#27;[0;39m [&amp#27;[34mmain&amp#27;[0;39m] &amp#27;[33mo.s.t.c.c.DefaultContextCache&amp#27;[0;39m: Spring test ApplicationContext cache statistics: [DefaultContextCache@7e7f72 size = 2, maxSize = 32, parentContextCount = 0, hitCount = 90, missCount = 2, failureCount = 0]
&amp#27;[30m2025-04-16 08:52:28,238&amp#27;[0;39m &amp#27;[39mDEBUG&amp#27;[0;39m [&amp#27;[34mmain&amp#27;[0;39m] &amp#27;[33mo.s.t.c.s.AbstractDirtiesContextTestExecutionListener&amp#27;[0;39m: Before test method: class [DepartmentServiceTest], method [testAddDepartment3], class annotated with @DirtiesContext [false] with mode [null], method annotated with @DirtiesContext [false] with mode [null]
&amp#27;[30m2025-04-16 08:52:28,239&amp#27;[0;39m &amp#27;[39mDEBUG&amp#27;[0;39m [&amp#27;[34mmain&amp#27;[0;39m] &amp#27;[33mo.s.t.c.c.DefaultContextCache&amp#27;[0;39m: Spring test ApplicationContext cache statistics: [DefaultContextCache@7e7f72 size = 2, maxSize = 32, parentContextCount = 0, hitCount = 91, missCount = 2, failureCount = 0]
&amp#27;[30m2025-04-16 08:52:28,239&amp#27;[0;39m &amp#27;[39mDEBUG&amp#27;[0;39m [&amp#27;[34mmain&amp#27;[0;39m] &amp#27;[33mo.s.t.c.c.DefaultContextCache&amp#27;[0;39m: Spring test ApplicationContext cache statistics: [DefaultContextCache@7e7f72 size = 2, maxSize = 32, parentContextCount = 0, hitCount = 92, missCount = 2, failureCount = 0]
&amp#27;[30m2025-04-16 08:52:28,240&amp#27;[0;39m &amp#27;[39mDEBUG&amp#27;[0;39m [&amp#27;[34mmain&amp#27;[0;39m] &amp#27;[33mo.s.t.c.c.DefaultContextCache&amp#27;[0;39m: Spring test ApplicationContext cache statistics: [DefaultContextCache@7e7f72 size = 2, maxSize = 32, parentContextCount = 0, hitCount = 93, missCount = 2, failureCount = 0]
&amp#27;[30m2025-04-16 08:52:28,240&amp#27;[0;39m &amp#27;[39mDEBUG&amp#27;[0;39m [&amp#27;[34mmain&amp#27;[0;39m] &amp#27;[33mo.s.t.c.c.DefaultContextCache&amp#27;[0;39m: Spring test ApplicationContext cache statistics: [DefaultContextCache@7e7f72 size = 2, maxSize = 32, parentContextCount = 0, hitCount = 94, missCount = 2, failureCount = 0]
&amp#27;[30m2025-04-16 08:52:28,241&amp#27;[0;39m &amp#27;[39mDEBUG&amp#27;[0;39m [&amp#27;[34mmain&amp#27;[0;39m] &amp#27;[33mo.s.t.c.c.DefaultContextCache&amp#27;[0;39m: Spring test ApplicationContext cache statistics: [DefaultContextCache@7e7f72 size = 2, maxSize = 32, parentContextCount = 0, hitCount = 95, missCount = 2, failureCount = 0]
&amp#27;[30m2025-04-16 08:52:28,242&amp#27;[0;39m &amp#27;[39mDEBUG&amp#27;[0;39m [&amp#27;[34mmain&amp#27;[0;39m] &amp#27;[33mo.s.t.c.c.DefaultContextCache&amp#27;[0;39m: Spring test ApplicationContext cache statistics: [DefaultContextCache@7e7f72 size = 2, maxSize = 32, parentContextCount = 0, hitCount = 96, missCount = 2, failureCount = 0]
&amp#27;[30m2025-04-16 08:52:28,245&amp#27;[0;39m &amp#27;[39mDEBUG&amp#27;[0;39m [&amp#27;[34mmain&amp#27;[0;39m] &amp#27;[33mo.s.s.a.m.AuthorizationManagerBeforeMethodInterceptor&amp#27;[0;39m: Authorizing method invocation ReflectiveMethodInvocation: public in.rgukt.r081247.universityapi.entity.Department in.rgukt.r081247.universityapi.service.DepartmentService.addDepartment(in.rgukt.r081247.universityapi.entity.Department); target is of class [in.rgukt.r081247.universityapi.service.DepartmentService]
&amp#27;[30m2025-04-16 08:52:28,246&amp#27;[0;39m &amp#27;[39mDEBUG&amp#27;[0;39m [&amp#27;[34mmain&amp#27;[0;39m] &amp#27;[33mo.s.s.a.m.AuthorizationManagerBeforeMethodInterceptor&amp#27;[0;39m: Authorized method invocation ReflectiveMethodInvocation: public in.rgukt.r081247.universityapi.entity.Department in.rgukt.r081247.universityapi.service.DepartmentService.addDepartment(in.rgukt.r081247.universityapi.entity.Department); target is of class [in.rgukt.r081247.universityapi.service.DepartmentService]
&amp#27;[30m2025-04-16 08:52:28,246&amp#27;[0;39m &amp#27;[39mDEBUG&amp#27;[0;39m [&amp#27;[34mmain&amp#27;[0;39m] &amp#27;[33mo.s.t.s.AbstractPlatformTransactionManager&amp#27;[0;39m: Creating new transaction with name [in.rgukt.r081247.universityapi.service.DepartmentService.addDepartment]: PROPAGATION_REQUIRED,ISOLATION_DEFAULT
&amp#27;[30m2025-04-16 08:52:28,246&amp#27;[0;39m &amp#27;[39mDEBUG&amp#27;[0;39m [&amp#27;[34mmain&amp#27;[0;39m] &amp#27;[33mo.s.o.j.JpaTransactionManager&amp#27;[0;39m: Opened new EntityManager [SessionImpl(1177340584<open>)] for JPA transaction
&amp#27;[30m2025-04-16 08:52:28,246&amp#27;[0;39m &amp#27;[39mDEBUG&amp#27;[0;39m [&amp#27;[34mmain&amp#27;[0;39m] &amp#27;[33mo.h.e.t.i.TransactionImpl&amp#27;[0;39m: On TransactionImpl creation, JpaCompliance#isJpaTransactionComplianceEnabled == false
&amp#27;[30m2025-04-16 08:52:28,246&amp#27;[0;39m &amp#27;[39mDEBUG&amp#27;[0;39m [&amp#27;[34mmain&amp#27;[0;39m] &amp#27;[33mo.h.e.t.i.TransactionImpl&amp#27;[0;39m: begin
&amp#27;[30m2025-04-16 08:52:28,246&amp#27;[0;39m &amp#27;[39mDEBUG&amp#27;[0;39m [&amp#27;[34mmain&amp#27;[0;39m] &amp#27;[33mo.s.o.j.JpaTransactionManager&amp#27;[0;39m: Exposing JPA transaction as JDBC [org.springframework.orm.jpa.vendor.HibernateJpaDialect$HibernateConnectionHandle@5e18309e]
&amp#27;[30m2025-04-16 08:52:28,247&amp#27;[0;39m &amp#27;[39mDEBUG&amp#27;[0;39m [&amp#27;[34mmain&amp#27;[0;39m] &amp#27;[33mo.s.t.s.AbstractPlatformTransactionManager&amp#27;[0;39m: Initiating transaction rollback
&amp#27;[30m2025-04-16 08:52:28,247&amp#27;[0;39m &amp#27;[39mDEBUG&amp#27;[0;39m [&amp#27;[34mmain&amp#27;[0;39m] &amp#27;[33mo.s.o.j.JpaTransactionManager&amp#27;[0;39m: Rolling back JPA transaction on EntityManager [SessionImpl(1177340584<open>)]
&amp#27;[30m2025-04-16 08:52:28,247&amp#27;[0;39m &amp#27;[39mDEBUG&amp#27;[0;39m [&amp#27;[34mmain&amp#27;[0;39m] &amp#27;[33mo.h.e.t.i.TransactionImpl&amp#27;[0;39m: rolling back
&amp#27;[30m2025-04-16 08:52:28,249&amp#27;[0;39m &amp#27;[39mDEBUG&amp#27;[0;39m [&amp#27;[34mmain&amp#27;[0;39m] &amp#27;[33mo.s.o.j.JpaTransactionManager&amp#27;[0;39m: Closing JPA EntityManager [SessionImpl(1177340584<open>)] after transaction
Exception: jakarta.validation.ConstraintViolationException
DepartmentServiceTest.testAddDepartment3()
&amp#27;[30m2025-04-16 08:52:28,249&amp#27;[0;39m &amp#27;[39mDEBUG&amp#27;[0;39m [&amp#27;[34mmain&amp#27;[0;39m] &amp#27;[33mo.s.t.c.c.DefaultContextCache&amp#27;[0;39m: Spring test ApplicationContext cache statistics: [DefaultContextCache@7e7f72 size = 2, maxSize = 32, parentContextCount = 0, hitCount = 97, missCount = 2, failureCount = 0]
&amp#27;[30m2025-04-16 08:52:28,249&amp#27;[0;39m &amp#27;[39mDEBUG&amp#27;[0;39m [&amp#27;[34mmain&amp#27;[0;39m] &amp#27;[33mo.s.t.c.c.DefaultContextCache&amp#27;[0;39m: Spring test ApplicationContext cache statistics: [DefaultContextCache@7e7f72 size = 2, maxSize = 32, parentContextCount = 0, hitCount = 98, missCount = 2, failureCount = 0]
&amp#27;[30m2025-04-16 08:52:28,250&amp#27;[0;39m &amp#27;[39mDEBUG&amp#27;[0;39m [&amp#27;[34mmain&amp#27;[0;39m] &amp#27;[33mo.s.t.c.c.DefaultContextCache&amp#27;[0;39m: Spring test ApplicationContext cache statistics: [DefaultContextCache@7e7f72 size = 2, maxSize = 32, parentContextCount = 0, hitCount = 99, missCount = 2, failureCount = 0]
&amp#27;[30m2025-04-16 08:52:28,250&amp#27;[0;39m &amp#27;[39mDEBUG&amp#27;[0;39m [&amp#27;[34mmain&amp#27;[0;39m] &amp#27;[33mo.s.t.c.c.DefaultContextCache&amp#27;[0;39m: Spring test ApplicationContext cache statistics: [DefaultContextCache@7e7f72 size = 2, maxSize = 32, parentContextCount = 0, hitCount = 100, missCount = 2, failureCount = 0]
&amp#27;[30m2025-04-16 08:52:28,251&amp#27;[0;39m &amp#27;[39mDEBUG&amp#27;[0;39m [&amp#27;[34mmain&amp#27;[0;39m] &amp#27;[33mo.s.t.c.c.DefaultContextCache&amp#27;[0;39m: Spring test ApplicationContext cache statistics: [DefaultContextCache@7e7f72 size = 2, maxSize = 32, parentContextCount = 0, hitCount = 101, missCount = 2, failureCount = 0]
&amp#27;[30m2025-04-16 08:52:28,251&amp#27;[0;39m &amp#27;[39mDEBUG&amp#27;[0;39m [&amp#27;[34mmain&amp#27;[0;39m] &amp#27;[33mo.s.t.c.c.DefaultContextCache&amp#27;[0;39m: Spring test ApplicationContext cache statistics: [DefaultContextCache@7e7f72 size = 2, maxSize = 32, parentContextCount = 0, hitCount = 102, missCount = 2, failureCount = 0]
&amp#27;[30m2025-04-16 08:52:28,252&amp#27;[0;39m &amp#27;[39mDEBUG&amp#27;[0;39m [&amp#27;[34mmain&amp#27;[0;39m] &amp#27;[33mo.s.t.c.c.DefaultContextCache&amp#27;[0;39m: Spring test ApplicationContext cache statistics: [DefaultContextCache@7e7f72 size = 2, maxSize = 32, parentContextCount = 0, hitCount = 103, missCount = 2, failureCount = 0]
&amp#27;[30m2025-04-16 08:52:28,252&amp#27;[0;39m &amp#27;[39mDEBUG&amp#27;[0;39m [&amp#27;[34mmain&amp#27;[0;39m] &amp#27;[33mo.s.t.c.c.DefaultContextCache&amp#27;[0;39m: Spring test ApplicationContext cache statistics: [DefaultContextCache@7e7f72 size = 2, maxSize = 32, parentContextCount = 0, hitCount = 104, missCount = 2, failureCount = 0]
&amp#27;[30m2025-04-16 08:52:28,252&amp#27;[0;39m &amp#27;[39mDEBUG&amp#27;[0;39m [&amp#27;[34mmain&amp#27;[0;39m] &amp#27;[33mo.s.t.c.s.AbstractDirtiesContextTestExecutionListener&amp#27;[0;39m: After test method: class [DepartmentServiceTest], method [testAddDepartment3], class annotated with @DirtiesContext [false] with mode [null], method annotated with @DirtiesContext [false] with mode [null]
&amp#27;[30m2025-04-16 08:52:28,252&amp#27;[0;39m &amp#27;[39mDEBUG&amp#27;[0;39m [&amp#27;[34mmain&amp#27;[0;39m] &amp#27;[33mo.s.t.c.w.ServletTestExecutionListener&amp#27;[0;39m: Resetting RequestContextHolder for test class in.rgukt.r081247.universityapi.service.DepartmentServiceTest
]]></system-out>
  </testcase>
</testsuite>