<?xml version="1.0" encoding="UTF-8"?>
<testsuite xmlns:xsi="http://www.w3.org/2001/XMLSchema-instance" xsi:noNamespaceSchemaLocation="https://maven.apache.org/surefire/maven-surefire-plugin/xsd/surefire-test-report.xsd" version="3.0.2" name="in.rgukt.r081247.universityapi.repository.DepartmentRepositoryTest" time="1.739" tests="3" errors="0" skipped="0" failures="0">
  <properties>
    <property name="java.specification.version" value="23"/>
    <property name="sun.jnu.encoding" value="UTF-8"/>
    <property name="java.class.path" value="/home/vinod/Desktop/projects/apis/universityapi/target/test-classes:/home/vinod/Desktop/projects/apis/universityapi/target/classes:/home/vinod/.m2/repository/org/springframework/boot/spring-boot-starter-data-jpa/3.4.4/spring-boot-starter-data-jpa-3.4.4.jar:/home/vinod/.m2/repository/org/springframework/boot/spring-boot-starter/3.4.4/spring-boot-starter-3.4.4.jar:/home/vinod/.m2/repository/org/springframework/boot/spring-boot-starter-logging/3.4.4/spring-boot-starter-logging-3.4.4.jar:/home/vinod/.m2/repository/ch/qos/logback/logback-classic/1.5.18/logback-classic-1.5.18.jar:/home/vinod/.m2/repository/ch/qos/logback/logback-core/1.5.18/logback-core-1.5.18.jar:/home/vinod/.m2/repository/org/apache/logging/log4j/log4j-to-slf4j/2.24.3/log4j-to-slf4j-2.24.3.jar:/home/vinod/.m2/repository/org/apache/logging/log4j/log4j-api/2.24.3/log4j-api-2.24.3.jar:/home/vinod/.m2/repository/org/slf4j/jul-to-slf4j/2.0.17/jul-to-slf4j-2.0.17.jar:/home/vinod/.m2/repository/jakarta/annotation/jakarta.annotation-api/2.1.1/jakarta.annotation-api-2.1.1.jar:/home/vinod/.m2/repository/org/yaml/snakeyaml/2.3/snakeyaml-2.3.jar:/home/vinod/.m2/repository/org/springframework/boot/spring-boot-starter-jdbc/3.4.4/spring-boot-starter-jdbc-3.4.4.jar:/home/vinod/.m2/repository/com/zaxxer/HikariCP/5.1.0/HikariCP-5.1.0.jar:/home/vinod/.m2/repository/org/springframework/spring-jdbc/6.2.5/spring-jdbc-6.2.5.jar:/home/vinod/.m2/repository/org/hibernate/orm/hibernate-core/6.6.11.Final/hibernate-core-6.6.11.Final.jar:/home/vinod/.m2/repository/jakarta/persistence/jakarta.persistence-api/3.1.0/jakarta.persistence-api-3.1.0.jar:/home/vinod/.m2/repository/jakarta/transaction/jakarta.transaction-api/2.0.1/jakarta.transaction-api-2.0.1.jar:/home/vinod/.m2/repository/org/jboss/logging/jboss-logging/3.6.1.Final/jboss-logging-3.6.1.Final.jar:/home/vinod/.m2/repository/org/hibernate/common/hibernate-commons-annotations/7.0.3.Final/hibernate-commons-annotations-7.0.3.Final.jar:/home/vinod/.m2/repository/io/smallrye/jandex/3.2.0/jandex-3.2.0.jar:/home/vinod/.m2/repository/com/fasterxml/classmate/1.7.0/classmate-1.7.0.jar:/home/vinod/.m2/repository/net/bytebuddy/byte-buddy/1.15.11/byte-buddy-1.15.11.jar:/home/vinod/.m2/repository/org/glassfish/jaxb/jaxb-runtime/4.0.5/jaxb-runtime-4.0.5.jar:/home/vinod/.m2/repository/org/glassfish/jaxb/jaxb-core/4.0.5/jaxb-core-4.0.5.jar:/home/vinod/.m2/repository/org/eclipse/angus/angus-activation/2.0.2/angus-activation-2.0.2.jar:/home/vinod/.m2/repository/org/glassfish/jaxb/txw2/4.0.5/txw2-4.0.5.jar:/home/vinod/.m2/repository/com/sun/istack/istack-commons-runtime/4.1.2/istack-commons-runtime-4.1.2.jar:/home/vinod/.m2/repository/jakarta/inject/jakarta.inject-api/2.0.1/jakarta.inject-api-2.0.1.jar:/home/vinod/.m2/repository/org/antlr/antlr4-runtime/4.13.0/antlr4-runtime-4.13.0.jar:/home/vinod/.m2/repository/org/springframework/data/spring-data-jpa/3.4.4/spring-data-jpa-3.4.4.jar:/home/vinod/.m2/repository/org/springframework/data/spring-data-commons/3.4.4/spring-data-commons-3.4.4.jar:/home/vinod/.m2/repository/org/springframework/spring-orm/6.2.5/spring-orm-6.2.5.jar:/home/vinod/.m2/repository/org/springframework/spring-context/6.2.5/spring-context-6.2.5.jar:/home/vinod/.m2/repository/org/springframework/spring-tx/6.2.5/spring-tx-6.2.5.jar:/home/vinod/.m2/repository/org/springframework/spring-beans/6.2.5/spring-beans-6.2.5.jar:/home/vinod/.m2/repository/org/slf4j/slf4j-api/2.0.17/slf4j-api-2.0.17.jar:/home/vinod/.m2/repository/org/springframework/spring-aspects/6.2.5/spring-aspects-6.2.5.jar:/home/vinod/.m2/repository/org/aspectj/aspectjweaver/1.9.23/aspectjweaver-1.9.23.jar:/home/vinod/.m2/repository/org/springframework/boot/spring-boot-starter-security/3.4.4/spring-boot-starter-security-3.4.4.jar:/home/vinod/.m2/repository/org/springframework/spring-aop/6.2.5/spring-aop-6.2.5.jar:/home/vinod/.m2/repository/org/springframework/security/spring-security-config/6.4.4/spring-security-config-6.4.4.jar:/home/vinod/.m2/repository/org/springframework/security/spring-security-web/6.4.4/spring-security-web-6.4.4.jar:/home/vinod/.m2/repository/org/springframework/spring-expression/6.2.5/spring-expression-6.2.5.jar:/home/vinod/.m2/repository/org/springframework/boot/spring-boot-starter-web/3.4.4/spring-boot-starter-web-3.4.4.jar:/home/vinod/.m2/repository/org/springframework/boot/spring-boot-starter-json/3.4.4/spring-boot-starter-json-3.4.4.jar:/home/vinod/.m2/repository/com/fasterxml/jackson/core/jackson-databind/2.18.3/jackson-databind-2.18.3.jar:/home/vinod/.m2/repository/com/fasterxml/jackson/core/jackson-annotations/2.18.3/jackson-annotations-2.18.3.jar:/home/vinod/.m2/repository/com/fasterxml/jackson/core/jackson-core/2.18.3/jackson-core-2.18.3.jar:/home/vinod/.m2/repository/com/fasterxml/jackson/datatype/jackson-datatype-jdk8/2.18.3/jackson-datatype-jdk8-2.18.3.jar:/home/vinod/.m2/repository/com/fasterxml/jackson/datatype/jackson-datatype-jsr310/2.18.3/jackson-datatype-jsr310-2.18.3.jar:/home/vinod/.m2/repository/com/fasterxml/jackson/module/jackson-module-parameter-names/2.18.3/jackson-module-parameter-names-2.18.3.jar:/home/vinod/.m2/repository/org/springframework/boot/spring-boot-starter-tomcat/3.4.4/spring-boot-starter-tomcat-3.4.4.jar:/home/vinod/.m2/repository/org/apache/tomcat/embed/tomcat-embed-core/10.1.39/tomcat-embed-core-10.1.39.jar:/home/vinod/.m2/repository/org/apache/tomcat/embed/tomcat-embed-websocket/10.1.39/tomcat-embed-websocket-10.1.39.jar:/home/vinod/.m2/repository/org/springframework/spring-web/6.2.5/spring-web-6.2.5.jar:/home/vinod/.m2/repository/io/micrometer/micrometer-observation/1.14.5/micrometer-observation-1.14.5.jar:/home/vinod/.m2/repository/io/micrometer/micrometer-commons/1.14.5/micrometer-commons-1.14.5.jar:/home/vinod/.m2/repository/org/springframework/spring-webmvc/6.2.5/spring-webmvc-6.2.5.jar:/home/vinod/.m2/repository/org/springframework/boot/spring-boot-starter-validation/3.4.4/spring-boot-starter-validation-3.4.4.jar:/home/vinod/.m2/repository/org/apache/tomcat/embed/tomcat-embed-el/10.1.39/tomcat-embed-el-10.1.39.jar:/home/vinod/.m2/repository/org/hibernate/validator/hibernate-validator/8.0.2.Final/hibernate-validator-8.0.2.Final.jar:/home/vinod/.m2/repository/jakarta/validation/jakarta.validation-api/3.0.2/jakarta.validation-api-3.0.2.jar:/home/vinod/.m2/repository/com/mysql/mysql-connector-j/9.1.0/mysql-connector-j-9.1.0.jar:/home/vinod/.m2/repository/org/springframework/boot/spring-boot-starter-test/3.4.4/spring-boot-starter-test-3.4.4.jar:/home/vinod/.m2/repository/org/springframework/boot/spring-boot-test/3.4.4/spring-boot-test-3.4.4.jar:/home/vinod/.m2/repository/org/springframework/boot/spring-boot-test-autoconfigure/3.4.4/spring-boot-test-autoconfigure-3.4.4.jar:/home/vinod/.m2/repository/com/jayway/jsonpath/json-path/2.9.0/json-path-2.9.0.jar:/home/vinod/.m2/repository/jakarta/xml/bind/jakarta.xml.bind-api/4.0.2/jakarta.xml.bind-api-4.0.2.jar:/home/vinod/.m2/repository/jakarta/activation/jakarta.activation-api/2.1.3/jakarta.activation-api-2.1.3.jar:/home/vinod/.m2/repository/net/minidev/json-smart/2.5.2/json-smart-2.5.2.jar:/home/vinod/.m2/repository/net/minidev/accessors-smart/2.5.2/accessors-smart-2.5.2.jar:/home/vinod/.m2/repository/org/ow2/asm/asm/9.7.1/asm-9.7.1.jar:/home/vinod/.m2/repository/org/assertj/assertj-core/3.26.3/assertj-core-3.26.3.jar:/home/vinod/.m2/repository/org/awaitility/awaitility/4.2.2/awaitility-4.2.2.jar:/home/vinod/.m2/repository/org/hamcrest/hamcrest/2.2/hamcrest-2.2.jar:/home/vinod/.m2/repository/org/junit/jupiter/junit-jupiter/5.11.4/junit-jupiter-5.11.4.jar:/home/vinod/.m2/repository/org/junit/jupiter/junit-jupiter-api/5.11.4/junit-jupiter-api-5.11.4.jar:/home/vinod/.m2/repository/org/opentest4j/opentest4j/1.3.0/opentest4j-1.3.0.jar:/home/vinod/.m2/repository/org/junit/platform/junit-platform-commons/1.11.4/junit-platform-commons-1.11.4.jar:/home/vinod/.m2/repository/org/apiguardian/apiguardian-api/1.1.2/apiguardian-api-1.1.2.jar:/home/vinod/.m2/repository/org/junit/jupiter/junit-jupiter-params/5.11.4/junit-jupiter-params-5.11.4.jar:/home/vinod/.m2/repository/org/junit/jupiter/junit-jupiter-engine/5.11.4/junit-jupiter-engine-5.11.4.jar:/home/vinod/.m2/repository/org/junit/platform/junit-platform-engine/1.11.4/junit-platform-engine-1.11.4.jar:/home/vinod/.m2/repository/org/mockito/mockito-core/5.14.2/mockito-core-5.14.2.jar:/home/vinod/.m2/repository/net/bytebuddy/byte-buddy-agent/1.15.11/byte-buddy-agent-1.15.11.jar:/home/vinod/.m2/repository/org/objenesis/objenesis/3.3/objenesis-3.3.jar:/home/vinod/.m2/repository/org/mockito/mockito-junit-jupiter/5.14.2/mockito-junit-jupiter-5.14.2.jar:/home/vinod/.m2/repository/org/skyscreamer/jsonassert/1.5.3/jsonassert-1.5.3.jar:/home/vinod/.m2/repository/com/vaadin/external/google/android-json/0.0.20131108.vaadin1/android-json-0.0.20131108.vaadin1.jar:/home/vinod/.m2/repository/org/springframework/spring-core/6.2.5/spring-core-6.2.5.jar:/home/vinod/.m2/repository/org/springframework/spring-jcl/6.2.5/spring-jcl-6.2.5.jar:/home/vinod/.m2/repository/org/springframework/spring-test/6.2.5/spring-test-6.2.5.jar:/home/vinod/.m2/repository/org/xmlunit/xmlunit-core/2.10.0/xmlunit-core-2.10.0.jar:/home/vinod/.m2/repository/com/h2database/h2/2.3.232/h2-2.3.232.jar:/home/vinod/.m2/repository/org/springframework/security/spring-security-test/6.4.4/spring-security-test-6.4.4.jar:/home/vinod/.m2/repository/org/springframework/security/spring-security-core/6.4.4/spring-security-core-6.4.4.jar:/home/vinod/.m2/repository/org/springframework/security/spring-security-crypto/6.4.4/spring-security-crypto-6.4.4.jar:/home/vinod/.m2/repository/org/springframework/boot/spring-boot-devtools/3.4.4/spring-boot-devtools-3.4.4.jar:/home/vinod/.m2/repository/org/springframework/boot/spring-boot/3.4.4/spring-boot-3.4.4.jar:/home/vinod/.m2/repository/org/springframework/boot/spring-boot-autoconfigure/3.4.4/spring-boot-autoconfigure-3.4.4.jar:"/>
    <property name="java.vm.vendor" value="Oracle Corporation"/>
    <property name="sun.arch.data.model" value="64"/>
    <property name="catalina.useNaming" value="false"/>
    <property name="java.vendor.url" value="https://java.oracle.com/"/>
    <property name="user.timezone" value="Asia/Kolkata"/>
    <property name="org.jboss.logging.provider" value="slf4j"/>
    <property name="os.name" value="Linux"/>
    <property name="java.vm.specification.version" value="23"/>
    <property name="sun.java.launcher" value="SUN_STANDARD"/>
    <property name="user.country" value="US"/>
    <property name="sun.boot.library.path" value="/home/vinod/.sdkman/candidates/java/23.0.1-open/lib"/>
    <property name="sun.java.command" value="/home/vinod/Desktop/projects/apis/universityapi/target/surefire/surefirebooter-20250421072711454_3.jar /home/vinod/Desktop/projects/apis/universityapi/target/surefire 2025-04-21T07-27-11_251-jvmRun1 surefire-20250421072711454_1tmp surefire_0-20250421072711454_2tmp"/>
    <property name="jdk.debug" value="release"/>
    <property name="surefire.test.class.path" value="/home/vinod/Desktop/projects/apis/universityapi/target/test-classes:/home/vinod/Desktop/projects/apis/universityapi/target/classes:/home/vinod/.m2/repository/org/springframework/boot/spring-boot-starter-data-jpa/3.4.4/spring-boot-starter-data-jpa-3.4.4.jar:/home/vinod/.m2/repository/org/springframework/boot/spring-boot-starter/3.4.4/spring-boot-starter-3.4.4.jar:/home/vinod/.m2/repository/org/springframework/boot/spring-boot-starter-logging/3.4.4/spring-boot-starter-logging-3.4.4.jar:/home/vinod/.m2/repository/ch/qos/logback/logback-classic/1.5.18/logback-classic-1.5.18.jar:/home/vinod/.m2/repository/ch/qos/logback/logback-core/1.5.18/logback-core-1.5.18.jar:/home/vinod/.m2/repository/org/apache/logging/log4j/log4j-to-slf4j/2.24.3/log4j-to-slf4j-2.24.3.jar:/home/vinod/.m2/repository/org/apache/logging/log4j/log4j-api/2.24.3/log4j-api-2.24.3.jar:/home/vinod/.m2/repository/org/slf4j/jul-to-slf4j/2.0.17/jul-to-slf4j-2.0.17.jar:/home/vinod/.m2/repository/jakarta/annotation/jakarta.annotation-api/2.1.1/jakarta.annotation-api-2.1.1.jar:/home/vinod/.m2/repository/org/yaml/snakeyaml/2.3/snakeyaml-2.3.jar:/home/vinod/.m2/repository/org/springframework/boot/spring-boot-starter-jdbc/3.4.4/spring-boot-starter-jdbc-3.4.4.jar:/home/vinod/.m2/repository/com/zaxxer/HikariCP/5.1.0/HikariCP-5.1.0.jar:/home/vinod/.m2/repository/org/springframework/spring-jdbc/6.2.5/spring-jdbc-6.2.5.jar:/home/vinod/.m2/repository/org/hibernate/orm/hibernate-core/6.6.11.Final/hibernate-core-6.6.11.Final.jar:/home/vinod/.m2/repository/jakarta/persistence/jakarta.persistence-api/3.1.0/jakarta.persistence-api-3.1.0.jar:/home/vinod/.m2/repository/jakarta/transaction/jakarta.transaction-api/2.0.1/jakarta.transaction-api-2.0.1.jar:/home/vinod/.m2/repository/org/jboss/logging/jboss-logging/3.6.1.Final/jboss-logging-3.6.1.Final.jar:/home/vinod/.m2/repository/org/hibernate/common/hibernate-commons-annotations/7.0.3.Final/hibernate-commons-annotations-7.0.3.Final.jar:/home/vinod/.m2/repository/io/smallrye/jandex/3.2.0/jandex-3.2.0.jar:/home/vinod/.m2/repository/com/fasterxml/classmate/1.7.0/classmate-1.7.0.jar:/home/vinod/.m2/repository/net/bytebuddy/byte-buddy/1.15.11/byte-buddy-1.15.11.jar:/home/vinod/.m2/repository/org/glassfish/jaxb/jaxb-runtime/4.0.5/jaxb-runtime-4.0.5.jar:/home/vinod/.m2/repository/org/glassfish/jaxb/jaxb-core/4.0.5/jaxb-core-4.0.5.jar:/home/vinod/.m2/repository/org/eclipse/angus/angus-activation/2.0.2/angus-activation-2.0.2.jar:/home/vinod/.m2/repository/org/glassfish/jaxb/txw2/4.0.5/txw2-4.0.5.jar:/home/vinod/.m2/repository/com/sun/istack/istack-commons-runtime/4.1.2/istack-commons-runtime-4.1.2.jar:/home/vinod/.m2/repository/jakarta/inject/jakarta.inject-api/2.0.1/jakarta.inject-api-2.0.1.jar:/home/vinod/.m2/repository/org/antlr/antlr4-runtime/4.13.0/antlr4-runtime-4.13.0.jar:/home/vinod/.m2/repository/org/springframework/data/spring-data-jpa/3.4.4/spring-data-jpa-3.4.4.jar:/home/vinod/.m2/repository/org/springframework/data/spring-data-commons/3.4.4/spring-data-commons-3.4.4.jar:/home/vinod/.m2/repository/org/springframework/spring-orm/6.2.5/spring-orm-6.2.5.jar:/home/vinod/.m2/repository/org/springframework/spring-context/6.2.5/spring-context-6.2.5.jar:/home/vinod/.m2/repository/org/springframework/spring-tx/6.2.5/spring-tx-6.2.5.jar:/home/vinod/.m2/repository/org/springframework/spring-beans/6.2.5/spring-beans-6.2.5.jar:/home/vinod/.m2/repository/org/slf4j/slf4j-api/2.0.17/slf4j-api-2.0.17.jar:/home/vinod/.m2/repository/org/springframework/spring-aspects/6.2.5/spring-aspects-6.2.5.jar:/home/vinod/.m2/repository/org/aspectj/aspectjweaver/1.9.23/aspectjweaver-1.9.23.jar:/home/vinod/.m2/repository/org/springframework/boot/spring-boot-starter-security/3.4.4/spring-boot-starter-security-3.4.4.jar:/home/vinod/.m2/repository/org/springframework/spring-aop/6.2.5/spring-aop-6.2.5.jar:/home/vinod/.m2/repository/org/springframework/security/spring-security-config/6.4.4/spring-security-config-6.4.4.jar:/home/vinod/.m2/repository/org/springframework/security/spring-security-web/6.4.4/spring-security-web-6.4.4.jar:/home/vinod/.m2/repository/org/springframework/spring-expression/6.2.5/spring-expression-6.2.5.jar:/home/vinod/.m2/repository/org/springframework/boot/spring-boot-starter-web/3.4.4/spring-boot-starter-web-3.4.4.jar:/home/vinod/.m2/repository/org/springframework/boot/spring-boot-starter-json/3.4.4/spring-boot-starter-json-3.4.4.jar:/home/vinod/.m2/repository/com/fasterxml/jackson/core/jackson-databind/2.18.3/jackson-databind-2.18.3.jar:/home/vinod/.m2/repository/com/fasterxml/jackson/core/jackson-annotations/2.18.3/jackson-annotations-2.18.3.jar:/home/vinod/.m2/repository/com/fasterxml/jackson/core/jackson-core/2.18.3/jackson-core-2.18.3.jar:/home/vinod/.m2/repository/com/fasterxml/jackson/datatype/jackson-datatype-jdk8/2.18.3/jackson-datatype-jdk8-2.18.3.jar:/home/vinod/.m2/repository/com/fasterxml/jackson/datatype/jackson-datatype-jsr310/2.18.3/jackson-datatype-jsr310-2.18.3.jar:/home/vinod/.m2/repository/com/fasterxml/jackson/module/jackson-module-parameter-names/2.18.3/jackson-module-parameter-names-2.18.3.jar:/home/vinod/.m2/repository/org/springframework/boot/spring-boot-starter-tomcat/3.4.4/spring-boot-starter-tomcat-3.4.4.jar:/home/vinod/.m2/repository/org/apache/tomcat/embed/tomcat-embed-core/10.1.39/tomcat-embed-core-10.1.39.jar:/home/vinod/.m2/repository/org/apache/tomcat/embed/tomcat-embed-websocket/10.1.39/tomcat-embed-websocket-10.1.39.jar:/home/vinod/.m2/repository/org/springframework/spring-web/6.2.5/spring-web-6.2.5.jar:/home/vinod/.m2/repository/io/micrometer/micrometer-observation/1.14.5/micrometer-observation-1.14.5.jar:/home/vinod/.m2/repository/io/micrometer/micrometer-commons/1.14.5/micrometer-commons-1.14.5.jar:/home/vinod/.m2/repository/org/springframework/spring-webmvc/6.2.5/spring-webmvc-6.2.5.jar:/home/vinod/.m2/repository/org/springframework/boot/spring-boot-starter-validation/3.4.4/spring-boot-starter-validation-3.4.4.jar:/home/vinod/.m2/repository/org/apache/tomcat/embed/tomcat-embed-el/10.1.39/tomcat-embed-el-10.1.39.jar:/home/vinod/.m2/repository/org/hibernate/validator/hibernate-validator/8.0.2.Final/hibernate-validator-8.0.2.Final.jar:/home/vinod/.m2/repository/jakarta/validation/jakarta.validation-api/3.0.2/jakarta.validation-api-3.0.2.jar:/home/vinod/.m2/repository/com/mysql/mysql-connector-j/9.1.0/mysql-connector-j-9.1.0.jar:/home/vinod/.m2/repository/org/springframework/boot/spring-boot-starter-test/3.4.4/spring-boot-starter-test-3.4.4.jar:/home/vinod/.m2/repository/org/springframework/boot/spring-boot-test/3.4.4/spring-boot-test-3.4.4.jar:/home/vinod/.m2/repository/org/springframework/boot/spring-boot-test-autoconfigure/3.4.4/spring-boot-test-autoconfigure-3.4.4.jar:/home/vinod/.m2/repository/com/jayway/jsonpath/json-path/2.9.0/json-path-2.9.0.jar:/home/vinod/.m2/repository/jakarta/xml/bind/jakarta.xml.bind-api/4.0.2/jakarta.xml.bind-api-4.0.2.jar:/home/vinod/.m2/repository/jakarta/activation/jakarta.activation-api/2.1.3/jakarta.activation-api-2.1.3.jar:/home/vinod/.m2/repository/net/minidev/json-smart/2.5.2/json-smart-2.5.2.jar:/home/vinod/.m2/repository/net/minidev/accessors-smart/2.5.2/accessors-smart-2.5.2.jar:/home/vinod/.m2/repository/org/ow2/asm/asm/9.7.1/asm-9.7.1.jar:/home/vinod/.m2/repository/org/assertj/assertj-core/3.26.3/assertj-core-3.26.3.jar:/home/vinod/.m2/repository/org/awaitility/awaitility/4.2.2/awaitility-4.2.2.jar:/home/vinod/.m2/repository/org/hamcrest/hamcrest/2.2/hamcrest-2.2.jar:/home/vinod/.m2/repository/org/junit/jupiter/junit-jupiter/5.11.4/junit-jupiter-5.11.4.jar:/home/vinod/.m2/repository/org/junit/jupiter/junit-jupiter-api/5.11.4/junit-jupiter-api-5.11.4.jar:/home/vinod/.m2/repository/org/opentest4j/opentest4j/1.3.0/opentest4j-1.3.0.jar:/home/vinod/.m2/repository/org/junit/platform/junit-platform-commons/1.11.4/junit-platform-commons-1.11.4.jar:/home/vinod/.m2/repository/org/apiguardian/apiguardian-api/1.1.2/apiguardian-api-1.1.2.jar:/home/vinod/.m2/repository/org/junit/jupiter/junit-jupiter-params/5.11.4/junit-jupiter-params-5.11.4.jar:/home/vinod/.m2/repository/org/junit/jupiter/junit-jupiter-engine/5.11.4/junit-jupiter-engine-5.11.4.jar:/home/vinod/.m2/repository/org/junit/platform/junit-platform-engine/1.11.4/junit-platform-engine-1.11.4.jar:/home/vinod/.m2/repository/org/mockito/mockito-core/5.14.2/mockito-core-5.14.2.jar:/home/vinod/.m2/repository/net/bytebuddy/byte-buddy-agent/1.15.11/byte-buddy-agent-1.15.11.jar:/home/vinod/.m2/repository/org/objenesis/objenesis/3.3/objenesis-3.3.jar:/home/vinod/.m2/repository/org/mockito/mockito-junit-jupiter/5.14.2/mockito-junit-jupiter-5.14.2.jar:/home/vinod/.m2/repository/org/skyscreamer/jsonassert/1.5.3/jsonassert-1.5.3.jar:/home/vinod/.m2/repository/com/vaadin/external/google/android-json/0.0.20131108.vaadin1/android-json-0.0.20131108.vaadin1.jar:/home/vinod/.m2/repository/org/springframework/spring-core/6.2.5/spring-core-6.2.5.jar:/home/vinod/.m2/repository/org/springframework/spring-jcl/6.2.5/spring-jcl-6.2.5.jar:/home/vinod/.m2/repository/org/springframework/spring-test/6.2.5/spring-test-6.2.5.jar:/home/vinod/.m2/repository/org/xmlunit/xmlunit-core/2.10.0/xmlunit-core-2.10.0.jar:/home/vinod/.m2/repository/com/h2database/h2/2.3.232/h2-2.3.232.jar:/home/vinod/.m2/repository/org/springframework/security/spring-security-test/6.4.4/spring-security-test-6.4.4.jar:/home/vinod/.m2/repository/org/springframework/security/spring-security-core/6.4.4/spring-security-core-6.4.4.jar:/home/vinod/.m2/repository/org/springframework/security/spring-security-crypto/6.4.4/spring-security-crypto-6.4.4.jar:/home/vinod/.m2/repository/org/springframework/boot/spring-boot-devtools/3.4.4/spring-boot-devtools-3.4.4.jar:/home/vinod/.m2/repository/org/springframework/boot/spring-boot/3.4.4/spring-boot-3.4.4.jar:/home/vinod/.m2/repository/org/springframework/boot/spring-boot-autoconfigure/3.4.4/spring-boot-autoconfigure-3.4.4.jar:"/>
    <property name="sun.cpu.endian" value="little"/>
    <property name="user.home" value="/home/vinod"/>
    <property name="user.language" value="en"/>
    <property name="java.specification.vendor" value="Oracle Corporation"/>
    <property name="java.version.date" value="2024-10-15"/>
    <property name="java.home" value="/home/vinod/.sdkman/candidates/java/23.0.1-open"/>
    <property name="file.separator" value="/"/>
    <property name="basedir" value="/home/vinod/Desktop/projects/apis/universityapi"/>
    <property name="java.vm.compressedOopsMode" value="Zero based"/>
    <property name="line.separator" value="&#10;"/>
    <property name="java.vm.specification.vendor" value="Oracle Corporation"/>
    <property name="java.specification.name" value="Java Platform API Specification"/>
    <property name="FILE_LOG_CHARSET" value="UTF-8"/>
    <property name="java.awt.headless" value="true"/>
    <property name="surefire.real.class.path" value="/home/vinod/Desktop/projects/apis/universityapi/target/surefire/surefirebooter-20250421072711454_3.jar"/>
    <property name="sun.management.compiler" value="HotSpot 64-Bit Tiered Compilers"/>
    <property name="java.runtime.version" value="23.0.1+11-39"/>
    <property name="user.name" value="vinod"/>
    <property name="stdout.encoding" value="UTF-8"/>
    <property name="path.separator" value=":"/>
    <property name="os.version" value="6.11.0-21-generic"/>
    <property name="java.runtime.name" value="OpenJDK Runtime Environment"/>
    <property name="file.encoding" value="UTF-8"/>
    <property name="java.vm.name" value="OpenJDK 64-Bit Server VM"/>
    <property name="localRepository" value="/home/vinod/.m2/repository"/>
    <property name="java.vendor.url.bug" value="https://bugreport.java.com/bugreport/"/>
    <property name="java.io.tmpdir" value="/tmp"/>
    <property name="idea.version" value="2024.2.3"/>
    <property name="catalina.home" value="/tmp/tomcat.0.6342137098318303045"/>
    <property name="com.zaxxer.hikari.pool_number" value="2"/>
    <property name="java.version" value="23.0.1"/>
    <property name="user.dir" value="/home/vinod/Desktop/projects/apis/universityapi"/>
    <property name="os.arch" value="amd64"/>
    <property name="java.vm.specification.name" value="Java Virtual Machine Specification"/>
    <property name="PID" value="28037"/>
    <property name="CONSOLE_LOG_CHARSET" value="UTF-8"/>
    <property name="catalina.base" value="/tmp/tomcat.0.6342137098318303045"/>
    <property name="native.encoding" value="UTF-8"/>
    <property name="java.library.path" value="/usr/java/packages/lib:/usr/lib64:/lib64:/lib:/usr/lib"/>
    <property name="java.vm.info" value="mixed mode, sharing"/>
    <property name="stderr.encoding" value="UTF-8"/>
    <property name="java.vendor" value="Oracle Corporation"/>
    <property name="java.vm.version" value="23.0.1+11-39"/>
    <property name="sun.io.unicode.encoding" value="UnicodeLittle"/>
    <property name="java.class.version" value="67.0"/>
  </properties>
  <testcase name="testGetDepartmentById1" classname="in.rgukt.r081247.universityapi.repository.DepartmentRepositoryTest" time="0.377">
    <system-out><![CDATA[&amp#27;[30m2025-04-21 07:27:31,345&amp#27;[0;39m &amp#27;[39mDEBUG&amp#27;[0;39m [&amp#27;[34mmain&amp#27;[0;39m] &amp#27;[33mo.s.t.c.s.AbstractTestContextBootstrapper&amp#27;[0;39m: Neither @ContextConfiguration nor @ContextHierarchy found for test class [DepartmentRepositoryTest]: using SpringBootContextLoader
&amp#27;[30m2025-04-21 07:27:31,347&amp#27;[0;39m &amp#27;[39mDEBUG&amp#27;[0;39m [&amp#27;[34mmain&amp#27;[0;39m] &amp#27;[33mo.s.t.c.s.AbstractContextLoader&amp#27;[0;39m: Could not detect default resource locations for test class [in.rgukt.r081247.universityapi.repository.DepartmentRepositoryTest]: no resource found for suffixes {-context.xml, Context.groovy}.
&amp#27;[30m2025-04-21 07:27:31,348&amp#27;[0;39m &amp#27;[34mINFO &amp#27;[0;39m [&amp#27;[34mmain&amp#27;[0;39m] &amp#27;[33mo.s.t.c.s.AnnotationConfigContextLoaderUtils&amp#27;[0;39m: Could not detect default configuration classes for test class [in.rgukt.r081247.universityapi.repository.DepartmentRepositoryTest]: DepartmentRepositoryTest does not declare any static, non-private, non-final, nested classes annotated with @Configuration.
&amp#27;[30m2025-04-21 07:27:31,350&amp#27;[0;39m &amp#27;[39mDEBUG&amp#27;[0;39m [&amp#27;[34mmain&amp#27;[0;39m] &amp#27;[33mo.s.t.c.s.AbstractTestContextBootstrapper&amp#27;[0;39m: Using ContextCustomizerFactory implementations for test class [DepartmentRepositoryTest]: [ImportsContextCustomizerFactory, ExcludeFilterContextCustomizerFactory, HttpGraphQlTesterContextCustomizerFactory, DuplicateJsonObjectContextCustomizerFactory, MockitoContextCustomizerFactory, TestRestTemplateContextCustomizerFactory, WebTestClientContextCustomizerFactory, DisableReactorResourceFactoryGlobalResourcesContextCustomizerFactory, OnFailureConditionReportContextCustomizerFactory, OverrideAutoConfigurationContextCustomizerFactory, ObservabilityContextCustomizerFactory, TypeExcludeFiltersContextCustomizerFactory, PropertyMappingContextCustomizerFactory, WebDriverContextCustomizerFactory, BeanOverrideContextCustomizerFactory, MockServerContainerContextCustomizerFactory, DynamicPropertiesContextCustomizerFactory]
&amp#27;[30m2025-04-21 07:27:31,397&amp#27;[0;39m &amp#27;[39mDEBUG&amp#27;[0;39m [&amp#27;[34mmain&amp#27;[0;39m] &amp#27;[33mo.s.t.c.s.AbstractTestContextBootstrapper&amp#27;[0;39m: Using ContextCustomizers for test class [DepartmentRepositoryTest]: [ImportsContextCustomizer, ExcludeFilterContextCustomizer, DuplicateJsonObjectContextCustomizer, MockitoContextCustomizer, DisableReactorResourceFactoryGlobalResourcesContextCustomizerCustomizer, OnFailureConditionReportContextCustomizer, DisableAutoConfigurationContextCustomizer, DisableObservabilityContextCustomizer, TypeExcludeFiltersContextCustomizer, PropertyMappingContextCustomizer, WebDriverContextCustomizer, DynamicPropertiesContextCustomizer]
&amp#27;[30m2025-04-21 07:27:31,414&amp#27;[0;39m &amp#27;[39mDEBUG&amp#27;[0;39m [&amp#27;[34mmain&amp#27;[0;39m] &amp#27;[33mo.s.c.a.ClassPathScanningCandidateComponentProvider&amp#27;[0;39m: Identified candidate component class: file [/home/vinod/Desktop/projects/apis/universityapi/target/classes/in/rgukt/r081247/universityapi/CrmApplication.class]
&amp#27;[30m2025-04-21 07:27:31,415&amp#27;[0;39m &amp#27;[34mINFO &amp#27;[0;39m [&amp#27;[34mmain&amp#27;[0;39m] &amp#27;[33mo.s.b.t.c.SpringBootTestContextBootstrapper&amp#27;[0;39m: Found @SpringBootConfiguration in.rgukt.r081247.universityapi.CrmApplication for test class in.rgukt.r081247.universityapi.repository.DepartmentRepositoryTest
&amp#27;[30m2025-04-21 07:27:31,417&amp#27;[0;39m &amp#27;[39mDEBUG&amp#27;[0;39m [&amp#27;[34mmain&amp#27;[0;39m] &amp#27;[33mo.s.t.c.u.TestContextFailureHandler&amp#27;[0;39m: Skipping candidate TestExecutionListener [org.springframework.test.context.observation.MicrometerObservationRegistryTestExecutionListener] due to a missing dependency. Specify custom TestExecutionListener classes or make the default TestExecutionListener classes and their required dependencies available. Offending class: io.micrometer.context.ThreadLocalAccessor. MicrometerObservationRegistryTestExecutionListener requires io.micrometer:micrometer-observation:1.10.8 or higher and io.micrometer:context-propagation:1.0.3 or higher.
&amp#27;[30m2025-04-21 07:27:31,418&amp#27;[0;39m &amp#27;[39mDEBUG&amp#27;[0;39m [&amp#27;[34mmain&amp#27;[0;39m] &amp#27;[33mo.s.t.c.s.AbstractTestContextBootstrapper&amp#27;[0;39m: Using TestExecutionListeners for test class [DepartmentRepositoryTest]: [ServletTestExecutionListener, DirtiesContextBeforeModesTestExecutionListener, ApplicationEventsTestExecutionListener, MockitoTestExecutionListener, BeanOverrideTestExecutionListener, DependencyInjectionTestExecutionListener, DirtiesContextTestExecutionListener, CommonCachesTestExecutionListener, TransactionalTestExecutionListener, SqlScriptsTestExecutionListener, EventPublishingTestExecutionListener, WithSecurityContextTestExecutionListener, ReactorContextTestExecutionListener, ResetMocksTestExecutionListener, RestDocsTestExecutionListener, MockRestServiceServerResetTestExecutionListener, MockMvcPrintOnlyOnFailureTestExecutionListener, WebDriverTestExecutionListener, MockWebServiceServerTestExecutionListener, MockitoResetTestExecutionListener]
&amp#27;[30m2025-04-21 07:27:31,419&amp#27;[0;39m &amp#27;[39mDEBUG&amp#27;[0;39m [&amp#27;[34mmain&amp#27;[0;39m] &amp#27;[33mo.s.t.c.s.AbstractDirtiesContextTestExecutionListener&amp#27;[0;39m: Before test class: class [DepartmentRepositoryTest], class annotated with @DirtiesContext [false] with mode [null]
&amp#27;[30m2025-04-21 07:27:31,421&amp#27;[0;39m &amp#27;[39mDEBUG&amp#27;[0;39m [&amp#27;[34mmain&amp#27;[0;39m] &amp#27;[33mo.s.t.c.s.DependencyInjectionTestExecutionListener&amp#27;[0;39m: Performing dependency injection for test class in.rgukt.r081247.universityapi.repository.DepartmentRepositoryTest
&amp#27;[30m2025-04-21 07:27:31,427&amp#27;[0;39m &amp#27;[34mINFO &amp#27;[0;39m [&amp#27;[34mmain&amp#27;[0;39m] &amp#27;[33mo.s.b.d.r.RestartApplicationListener&amp#27;[0;39m: Restart disabled due to context in which it is running
&amp#27;[30m2025-04-21 07:27:31,467&amp#27;[0;39m &amp#27;[39mDEBUG&amp#27;[0;39m [&amp#27;[34mmain&amp#27;[0;39m] &amp#27;[33mo.s.c.e.AbstractEnvironment&amp#27;[0;39m: Activating profiles []

  .   ____          _            __ _ _
 /\\ / ___'_ __ _ _(_)_ __  __ _ \ \ \ \
( ( )\___ | '_ | '_| | '_ \/ _` | \ \ \ \
 \\/  ___)| |_)| | | | | || (_| |  ) ) ) )
  '  |____| .__|_| |_|_| |_\__, | / / / /
 =========|_|==============|___/=/_/_/_/

 :: Spring Boot ::                (v3.4.4)

&amp#27;[30m2025-04-21 07:27:31,493&amp#27;[0;39m &amp#27;[39mDEBUG&amp#27;[0;39m [&amp#27;[34mmain&amp#27;[0;39m] &amp#27;[33mo.s.b.SpringApplication&amp#27;[0;39m: Loading source class in.rgukt.r081247.universityapi.CrmApplication
&amp#27;[30m2025-04-21 07:27:31,497&amp#27;[0;39m &amp#27;[39mDEBUG&amp#27;[0;39m [&amp#27;[34mmain&amp#27;[0;39m] &amp#27;[33mo.s.c.s.AbstractApplicationContext&amp#27;[0;39m: Refreshing org.springframework.context.annotation.AnnotationConfigApplicationContext@763b279
&amp#27;[30m2025-04-21 07:27:31,500&amp#27;[0;39m &amp#27;[39mDEBUG&amp#27;[0;39m [&amp#27;[34mmain&amp#27;[0;39m] &amp#27;[33mo.s.b.f.s.DefaultSingletonBeanRegistry&amp#27;[0;39m: Creating shared instance of singleton bean 'org.springframework.context.annotation.internalConfigurationAnnotationProcessor'
&amp#27;[30m2025-04-21 07:27:31,501&amp#27;[0;39m &amp#27;[39mDEBUG&amp#27;[0;39m [&amp#27;[34mmain&amp#27;[0;39m] &amp#27;[33mo.s.b.f.s.DefaultSingletonBeanRegistry&amp#27;[0;39m: Creating shared instance of singleton bean 'org.springframework.boot.autoconfigure.internalCachingMetadataReaderFactory'
&amp#27;[30m2025-04-21 07:27:31,630&amp#27;[0;39m &amp#27;[34mINFO &amp#27;[0;39m [&amp#27;[34mmain&amp#27;[0;39m] &amp#27;[33mo.s.d.r.c.RepositoryConfigurationDelegate&amp#27;[0;39m: Bootstrapping Spring Data JPA repositories in DEFAULT mode.
&amp#27;[30m2025-04-21 07:27:31,633&amp#27;[0;39m &amp#27;[39mDEBUG&amp#27;[0;39m [&amp#27;[34mmain&amp#27;[0;39m] &amp#27;[33mo.s.b.f.s.DefaultSingletonBeanRegistry&amp#27;[0;39m: Creating shared instance of singleton bean 'org.springframework.boot.autoconfigure.AutoConfigurationPackages'
&amp#27;[30m2025-04-21 07:27:31,634&amp#27;[0;39m &amp#27;[39mDEBUG&amp#27;[0;39m [&amp#27;[34mmain&amp#27;[0;39m] &amp#27;[33mo.s.b.a.AutoConfigurationPackages$BasePackages&amp#27;[0;39m: @EnableAutoConfiguration was declared on a class in the package 'in.rgukt.r081247.universityapi'. Automatic @Repository and @Entity scanning is enabled.
&amp#27;[30m2025-04-21 07:27:31,634&amp#27;[0;39m &amp#27;[39mDEBUG&amp#27;[0;39m [&amp#27;[34mmain&amp#27;[0;39m] &amp#27;[33mo.s.d.r.c.RepositoryConfigurationDelegate&amp#27;[0;39m: Scanning for JPA repositories in packages in.rgukt.r081247.universityapi.
&amp#27;[30m2025-04-21 07:27:31,640&amp#27;[0;39m &amp#27;[39mDEBUG&amp#27;[0;39m [&amp#27;[34mmain&amp#27;[0;39m] &amp#27;[33mo.s.c.a.ClassPathScanningCandidateComponentProvider&amp#27;[0;39m: Identified candidate component class: file [/home/vinod/Desktop/projects/apis/universityapi/target/classes/in/rgukt/r081247/universityapi/repository/CourseRepository.class]
&amp#27;[30m2025-04-21 07:27:31,641&amp#27;[0;39m &amp#27;[39mDEBUG&amp#27;[0;39m [&amp#27;[34mmain&amp#27;[0;39m] &amp#27;[33mo.s.c.a.ClassPathScanningCandidateComponentProvider&amp#27;[0;39m: Identified candidate component class: file [/home/vinod/Desktop/projects/apis/universityapi/target/classes/in/rgukt/r081247/universityapi/repository/DepartmentRepository.class]
&amp#27;[30m2025-04-21 07:27:31,641&amp#27;[0;39m &amp#27;[39mDEBUG&amp#27;[0;39m [&amp#27;[34mmain&amp#27;[0;39m] &amp#27;[33mo.s.c.a.ClassPathScanningCandidateComponentProvider&amp#27;[0;39m: Identified candidate component class: file [/home/vinod/Desktop/projects/apis/universityapi/target/classes/in/rgukt/r081247/universityapi/repository/StudentRepository.class]
&amp#27;[30m2025-04-21 07:27:31,650&amp#27;[0;39m &amp#27;[34mINFO &amp#27;[0;39m [&amp#27;[34mmain&amp#27;[0;39m] &amp#27;[33mo.s.d.r.c.RepositoryConfigurationDelegate&amp#27;[0;39m: Finished Spring Data repository scanning in 15 ms. Found 3 JPA repository interfaces.
&amp#27;[30m2025-04-21 07:27:31,673&amp#27;[0;39m &amp#27;[39mDEBUG&amp#27;[0;39m [&amp#27;[34mmain&amp#27;[0;39m] &amp#27;[33mo.s.b.f.s.DefaultSingletonBeanRegistry&amp#27;[0;39m: Creating shared instance of singleton bean 'org.springframework.boot.test.context.ImportsContextCustomizer$ImportsCleanupPostProcessor'
&amp#27;[30m2025-04-21 07:27:31,674&amp#27;[0;39m &amp#27;[39mDEBUG&amp#27;[0;39m [&amp#27;[34mmain&amp#27;[0;39m] &amp#27;[33mo.s.b.f.s.DefaultSingletonBeanRegistry&amp#27;[0;39m: Creating shared instance of singleton bean 'nonTestEmbeddedDataSourceBeanFactoryPostProcessor'
&amp#27;[30m2025-04-21 07:27:31,675&amp#27;[0;39m &amp#27;[39mDEBUG&amp#27;[0;39m [&amp#27;[34mmain&amp#27;[0;39m] &amp#27;[33mo.s.b.f.s.ConstructorResolver&amp#27;[0;39m: Autowiring by type from bean name 'nonTestEmbeddedDataSourceBeanFactoryPostProcessor' via factory method to bean named 'environment'
&amp#27;[30m2025-04-21 07:27:31,683&amp#27;[0;39m &amp#27;[34mINFO &amp#27;[0;39m [&amp#27;[34mmain&amp#27;[0;39m] &amp#27;[33mo.s.b.t.a.j.TestDatabaseAutoConfiguration$EmbeddedDataSourceBeanFactoryPostProcessor&amp#27;[0;39m: Replacing 'dataSource' DataSource bean with embedded version
&amp#27;[30m2025-04-21 07:27:31,686&amp#27;[0;39m &amp#27;[39mDEBUG&amp#27;[0;39m [&amp#27;[34mmain&amp#27;[0;39m] &amp#27;[33mo.s.b.f.s.DefaultSingletonBeanRegistry&amp#27;[0;39m: Creating shared instance of singleton bean 'org.springframework.boot.test.mock.mockito.MockitoPostProcessor'
&amp#27;[30m2025-04-21 07:27:31,688&amp#27;[0;39m &amp#27;[39mDEBUG&amp#27;[0;39m [&amp#27;[34mmain&amp#27;[0;39m] &amp#27;[33mo.s.b.f.s.DefaultSingletonBeanRegistry&amp#27;[0;39m: Creating shared instance of singleton bean 'emBeanDefinitionRegistrarPostProcessor'
&amp#27;[30m2025-04-21 07:27:31,689&amp#27;[0;39m &amp#27;[39mDEBUG&amp#27;[0;39m [&amp#27;[34mmain&amp#27;[0;39m] &amp#27;[33mo.s.b.f.s.DefaultSingletonBeanRegistry&amp#27;[0;39m: Creating shared instance of singleton bean 'org.springframework.boot.sql.init.dependency.DatabaseInitializationDependencyConfigurer$DependsOnDatabaseInitializationPostProcessor'
&amp#27;[30m2025-04-21 07:27:31,699&amp#27;[0;39m &amp#27;[39mDEBUG&amp#27;[0;39m [&amp#27;[34mmain&amp#27;[0;39m] &amp#27;[33mo.s.b.f.s.DefaultSingletonBeanRegistry&amp#27;[0;39m: Creating shared instance of singleton bean 'org.springframework.context.event.internalEventListenerProcessor'
&amp#27;[30m2025-04-21 07:27:31,701&amp#27;[0;39m &amp#27;[39mDEBUG&amp#27;[0;39m [&amp#27;[34mmain&amp#27;[0;39m] &amp#27;[33mo.s.b.f.s.DefaultSingletonBeanRegistry&amp#27;[0;39m: Creating shared instance of singleton bean 'org.springframework.context.event.internalEventListenerFactory'
&amp#27;[30m2025-04-21 07:27:31,701&amp#27;[0;39m &amp#27;[39mDEBUG&amp#27;[0;39m [&amp#27;[34mmain&amp#27;[0;39m] &amp#27;[33mo.s.b.f.s.DefaultSingletonBeanRegistry&amp#27;[0;39m: Creating shared instance of singleton bean 'org.springframework.transaction.config.internalTransactionalEventListenerFactory'
&amp#27;[30m2025-04-21 07:27:31,703&amp#27;[0;39m &amp#27;[39mDEBUG&amp#27;[0;39m [&amp#27;[34mmain&amp#27;[0;39m] &amp#27;[33mo.s.b.f.s.DefaultSingletonBeanRegistry&amp#27;[0;39m: Creating shared instance of singleton bean 'org.springframework.context.annotation.internalAutowiredAnnotationProcessor'
&amp#27;[30m2025-04-21 07:27:31,704&amp#27;[0;39m &amp#27;[39mDEBUG&amp#27;[0;39m [&amp#27;[34mmain&amp#27;[0;39m] &amp#27;[33mo.s.b.f.s.DefaultSingletonBeanRegistry&amp#27;[0;39m: Creating shared instance of singleton bean 'org.springframework.context.annotation.internalCommonAnnotationProcessor'
&amp#27;[30m2025-04-21 07:27:31,706&amp#27;[0;39m &amp#27;[39mDEBUG&amp#27;[0;39m [&amp#27;[34mmain&amp#27;[0;39m] &amp#27;[33mo.s.b.f.s.DefaultSingletonBeanRegistry&amp#27;[0;39m: Creating shared instance of singleton bean 'org.springframework.context.annotation.internalPersistenceAnnotationProcessor'
&amp#27;[30m2025-04-21 07:27:31,707&amp#27;[0;39m &amp#27;[39mDEBUG&amp#27;[0;39m [&amp#27;[34mmain&amp#27;[0;39m] &amp#27;[33mo.s.b.f.s.DefaultSingletonBeanRegistry&amp#27;[0;39m: Creating shared instance of singleton bean 'org.springframework.boot.test.mock.mockito.MockitoPostProcessor$SpyPostProcessor'
&amp#27;[30m2025-04-21 07:27:31,708&amp#27;[0;39m &amp#27;[39mDEBUG&amp#27;[0;39m [&amp#27;[34mmain&amp#27;[0;39m] &amp#27;[33mo.s.b.f.s.DefaultSingletonBeanRegistry&amp#27;[0;39m: Creating shared instance of singleton bean 'jdbcConnectionDetailsHikariBeanPostProcessor'
&amp#27;[30m2025-04-21 07:27:31,708&amp#27;[0;39m &amp#27;[39mDEBUG&amp#27;[0;39m [&amp#27;[34mmain&amp#27;[0;39m] &amp#27;[33mo.s.b.f.s.DefaultSingletonBeanRegistry&amp#27;[0;39m: Creating shared instance of singleton bean 'org.springframework.boot.context.properties.ConfigurationPropertiesBindingPostProcessor'
&amp#27;[30m2025-04-21 07:27:31,709&amp#27;[0;39m &amp#27;[39mDEBUG&amp#27;[0;39m [&amp#27;[34mmain&amp#27;[0;39m] &amp#27;[33mo.s.b.f.s.DefaultSingletonBeanRegistry&amp#27;[0;39m: Creating shared instance of singleton bean 'org.springframework.boot.context.internalConfigurationPropertiesBinder'
&amp#27;[30m2025-04-21 07:27:31,710&amp#27;[0;39m &amp#27;[39mDEBUG&amp#27;[0;39m [&amp#27;[34mmain&amp#27;[0;39m] &amp#27;[33mo.s.b.f.s.DefaultSingletonBeanRegistry&amp#27;[0;39m: Creating shared instance of singleton bean 'org.springframework.aop.config.internalAutoProxyCreator'
&amp#27;[30m2025-04-21 07:27:31,719&amp#27;[0;39m &amp#27;[39mDEBUG&amp#27;[0;39m [&amp#27;[34mmain&amp#27;[0;39m] &amp#27;[33mo.s.b.f.s.DefaultSingletonBeanRegistry&amp#27;[0;39m: Creating shared instance of singleton bean 'org.springframework.test.context.support.internalDynamicPropertyRegistrarBeanInitializer'
&amp#27;[30m2025-04-21 07:27:31,721&amp#27;[0;39m &amp#27;[39mDEBUG&amp#27;[0;39m [&amp#27;[34mmain&amp#27;[0;39m] &amp#27;[33mo.s.b.f.s.DefaultSingletonBeanRegistry&amp#27;[0;39m: Creating shared instance of singleton bean 'org.springframework.transaction.config.internalTransactionAdvisor'
&amp#27;[30m2025-04-21 07:27:31,722&amp#27;[0;39m &amp#27;[39mDEBUG&amp#27;[0;39m [&amp#27;[34mmain&amp#27;[0;39m] &amp#27;[33mo.s.b.f.s.DefaultSingletonBeanRegistry&amp#27;[0;39m: Creating shared instance of singleton bean 'org.springframework.transaction.annotation.ProxyTransactionManagementConfiguration'
&amp#27;[30m2025-04-21 07:27:31,731&amp#27;[0;39m &amp#27;[39mDEBUG&amp#27;[0;39m [&amp#27;[34mmain&amp#27;[0;39m] &amp#27;[33mo.s.b.f.s.DefaultSingletonBeanRegistry&amp#27;[0;39m: Creating shared instance of singleton bean 'transactionAttributeSource'
&amp#27;[30m2025-04-21 07:27:31,733&amp#27;[0;39m &amp#27;[39mDEBUG&amp#27;[0;39m [&amp#27;[34mmain&amp#27;[0;39m] &amp#27;[33mo.s.b.f.s.DefaultSingletonBeanRegistry&amp#27;[0;39m: Creating shared instance of singleton bean 'transactionInterceptor'
&amp#27;[30m2025-04-21 07:27:31,734&amp#27;[0;39m &amp#27;[39mDEBUG&amp#27;[0;39m [&amp#27;[34mmain&amp#27;[0;39m] &amp#27;[33mo.s.b.f.s.ConstructorResolver&amp#27;[0;39m: Autowiring by type from bean name 'transactionInterceptor' via factory method to bean named 'transactionAttributeSource'
&amp#27;[30m2025-04-21 07:27:31,735&amp#27;[0;39m &amp#27;[39mDEBUG&amp#27;[0;39m [&amp#27;[34mmain&amp#27;[0;39m] &amp#27;[33mo.s.b.f.s.ConstructorResolver&amp#27;[0;39m: Autowiring by type from bean name 'org.springframework.transaction.config.internalTransactionAdvisor' via factory method to bean named 'transactionAttributeSource'
&amp#27;[30m2025-04-21 07:27:31,736&amp#27;[0;39m &amp#27;[39mDEBUG&amp#27;[0;39m [&amp#27;[34mmain&amp#27;[0;39m] &amp#27;[33mo.s.b.f.s.ConstructorResolver&amp#27;[0;39m: Autowiring by type from bean name 'org.springframework.transaction.config.internalTransactionAdvisor' via factory method to bean named 'transactionInterceptor'
&amp#27;[30m2025-04-21 07:27:31,738&amp#27;[0;39m &amp#27;[39mDEBUG&amp#27;[0;39m [&amp#27;[34mmain&amp#27;[0;39m] &amp#27;[33mo.s.b.f.s.DefaultSingletonBeanRegistry&amp#27;[0;39m: Creating shared instance of singleton bean 'dataSourceScriptDatabaseInitializer'
&amp#27;[30m2025-04-21 07:27:31,739&amp#27;[0;39m &amp#27;[39mDEBUG&amp#27;[0;39m [&amp#27;[34mmain&amp#27;[0;39m] &amp#27;[33mo.s.b.f.s.DefaultSingletonBeanRegistry&amp#27;[0;39m: Creating shared instance of singleton bean 'org.springframework.boot.autoconfigure.sql.init.DataSourceInitializationConfiguration'
&amp#27;[30m2025-04-21 07:27:31,740&amp#27;[0;39m &amp#27;[39mDEBUG&amp#27;[0;39m [&amp#27;[34mmain&amp#27;[0;39m] &amp#27;[33mo.s.b.f.s.DefaultSingletonBeanRegistry&amp#27;[0;39m: Creating shared instance of singleton bean 'dataSource'
&amp#27;[30m2025-04-21 07:27:31,758&amp#27;[0;39m &amp#27;[34mINFO &amp#27;[0;39m [&amp#27;[34mmain&amp#27;[0;39m] &amp#27;[33mo.s.j.d.e.EmbeddedDatabaseFactory&amp#27;[0;39m: Starting embedded database: url='jdbc:h2:mem:e600bb63-343b-4f33-9b18-6893a51070ce;DB_CLOSE_DELAY=-1;DB_CLOSE_ON_EXIT=false', username='sa'
&amp#27;[30m2025-04-21 07:27:31,762&amp#27;[0;39m &amp#27;[39mDEBUG&amp#27;[0;39m [&amp#27;[34mmain&amp#27;[0;39m] &amp#27;[33mo.s.j.d.DataSourceUtils&amp#27;[0;39m: Fetching JDBC Connection from DataSource
&amp#27;[30m2025-04-21 07:27:31,763&amp#27;[0;39m &amp#27;[39mDEBUG&amp#27;[0;39m [&amp#27;[34mmain&amp#27;[0;39m] &amp#27;[33mo.s.j.d.SimpleDriverDataSource&amp#27;[0;39m: Creating new JDBC Driver Connection to [jdbc:h2:mem:e600bb63-343b-4f33-9b18-6893a51070ce;DB_CLOSE_DELAY=-1;DB_CLOSE_ON_EXIT=false]
&amp#27;[30m2025-04-21 07:27:31,774&amp#27;[0;39m &amp#27;[39mDEBUG&amp#27;[0;39m [&amp#27;[34mmain&amp#27;[0;39m] &amp#27;[33mo.s.b.f.s.DefaultSingletonBeanRegistry&amp#27;[0;39m: Creating shared instance of singleton bean 'spring.sql.init-org.springframework.boot.autoconfigure.sql.init.SqlInitializationProperties'
&amp#27;[30m2025-04-21 07:27:31,775&amp#27;[0;39m &amp#27;[39mDEBUG&amp#27;[0;39m [&amp#27;[34mmain&amp#27;[0;39m] &amp#27;[33mo.s.b.f.s.DefaultSingletonBeanRegistry&amp#27;[0;39m: Creating shared instance of singleton bean 'org.springframework.boot.context.properties.BoundConfigurationProperties'
&amp#27;[30m2025-04-21 07:27:31,784&amp#27;[0;39m &amp#27;[39mDEBUG&amp#27;[0;39m [&amp#27;[34mmain&amp#27;[0;39m] &amp#27;[33mo.s.b.f.s.ConstructorResolver&amp#27;[0;39m: Autowiring by type from bean name 'dataSourceScriptDatabaseInitializer' via factory method to bean named 'dataSource'
&amp#27;[30m2025-04-21 07:27:31,785&amp#27;[0;39m &amp#27;[39mDEBUG&amp#27;[0;39m [&amp#27;[34mmain&amp#27;[0;39m] &amp#27;[33mo.s.b.f.s.ConstructorResolver&amp#27;[0;39m: Autowiring by type from bean name 'dataSourceScriptDatabaseInitializer' via factory method to bean named 'spring.sql.init-org.springframework.boot.autoconfigure.sql.init.SqlInitializationProperties'
&amp#27;[30m2025-04-21 07:27:31,788&amp#27;[0;39m &amp#27;[39mDEBUG&amp#27;[0;39m [&amp#27;[34mmain&amp#27;[0;39m] &amp#27;[33mo.s.b.f.s.DefaultSingletonBeanRegistry&amp#27;[0;39m: Creating shared instance of singleton bean 'entityManagerFactory'
&amp#27;[30m2025-04-21 07:27:31,788&amp#27;[0;39m &amp#27;[39mDEBUG&amp#27;[0;39m [&amp#27;[34mmain&amp#27;[0;39m] &amp#27;[33mo.s.b.f.s.DefaultSingletonBeanRegistry&amp#27;[0;39m: Creating shared instance of singleton bean 'org.springframework.boot.autoconfigure.orm.jpa.HibernateJpaConfiguration'
&amp#27;[30m2025-04-21 07:27:31,790&amp#27;[0;39m &amp#27;[39mDEBUG&amp#27;[0;39m [&amp#27;[34mmain&amp#27;[0;39m] &amp#27;[33mo.s.b.f.s.DefaultSingletonBeanRegistry&amp#27;[0;39m: Creating shared instance of singleton bean 'spring.jpa-org.springframework.boot.autoconfigure.orm.jpa.JpaProperties'
&amp#27;[30m2025-04-21 07:27:31,797&amp#27;[0;39m &amp#27;[39mDEBUG&amp#27;[0;39m [&amp#27;[34mmain&amp#27;[0;39m] &amp#27;[33mo.s.b.f.s.DefaultSingletonBeanRegistry&amp#27;[0;39m: Creating shared instance of singleton bean 'spring.jpa.hibernate-org.springframework.boot.autoconfigure.orm.jpa.HibernateProperties'
&amp#27;[30m2025-04-21 07:27:31,800&amp#27;[0;39m &amp#27;[39mDEBUG&amp#27;[0;39m [&amp#27;[34mmain&amp#27;[0;39m] &amp#27;[33mo.s.b.f.s.ConstructorResolver&amp#27;[0;39m: Autowiring by type from bean name 'org.springframework.boot.autoconfigure.orm.jpa.HibernateJpaConfiguration' via constructor to bean named 'dataSource'
&amp#27;[30m2025-04-21 07:27:31,800&amp#27;[0;39m &amp#27;[39mDEBUG&amp#27;[0;39m [&amp#27;[34mmain&amp#27;[0;39m] &amp#27;[33mo.s.b.f.s.ConstructorResolver&amp#27;[0;39m: Autowiring by type from bean name 'org.springframework.boot.autoconfigure.orm.jpa.HibernateJpaConfiguration' via constructor to bean named 'spring.jpa-org.springframework.boot.autoconfigure.orm.jpa.JpaProperties'
&amp#27;[30m2025-04-21 07:27:31,801&amp#27;[0;39m &amp#27;[39mDEBUG&amp#27;[0;39m [&amp#27;[34mmain&amp#27;[0;39m] &amp#27;[33mo.s.b.f.s.ConstructorResolver&amp#27;[0;39m: Autowiring by type from bean name 'org.springframework.boot.autoconfigure.orm.jpa.HibernateJpaConfiguration' via constructor to bean named 'org.springframework.beans.factory.support.DefaultListableBeanFactory@4b33b5b0'
&amp#27;[30m2025-04-21 07:27:31,801&amp#27;[0;39m &amp#27;[39mDEBUG&amp#27;[0;39m [&amp#27;[34mmain&amp#27;[0;39m] &amp#27;[33mo.s.b.f.s.ConstructorResolver&amp#27;[0;39m: Autowiring by type from bean name 'org.springframework.boot.autoconfigure.orm.jpa.HibernateJpaConfiguration' via constructor to bean named 'spring.jpa.hibernate-org.springframework.boot.autoconfigure.orm.jpa.HibernateProperties'
&amp#27;[30m2025-04-21 07:27:31,803&amp#27;[0;39m &amp#27;[39mDEBUG&amp#27;[0;39m [&amp#27;[34mmain&amp#27;[0;39m] &amp#27;[33mo.s.b.f.s.DefaultSingletonBeanRegistry&amp#27;[0;39m: Creating shared instance of singleton bean 'hikariPoolDataSourceMetadataProvider'
&amp#27;[30m2025-04-21 07:27:31,803&amp#27;[0;39m &amp#27;[39mDEBUG&amp#27;[0;39m [&amp#27;[34mmain&amp#27;[0;39m] &amp#27;[33mo.s.b.f.s.DefaultSingletonBeanRegistry&amp#27;[0;39m: Creating shared instance of singleton bean 'org.springframework.boot.autoconfigure.jdbc.metadata.DataSourcePoolMetadataProvidersConfiguration$HikariPoolDataSourceMetadataProviderConfiguration'
&amp#27;[30m2025-04-21 07:27:31,807&amp#27;[0;39m &amp#27;[39mDEBUG&amp#27;[0;39m [&amp#27;[34mmain&amp#27;[0;39m] &amp#27;[33mo.s.b.f.s.DefaultSingletonBeanRegistry&amp#27;[0;39m: Creating shared instance of singleton bean 'entityManagerFactoryBuilder'
&amp#27;[30m2025-04-21 07:27:31,808&amp#27;[0;39m &amp#27;[39mDEBUG&amp#27;[0;39m [&amp#27;[34mmain&amp#27;[0;39m] &amp#27;[33mo.s.b.f.s.DefaultSingletonBeanRegistry&amp#27;[0;39m: Creating shared instance of singleton bean 'jpaVendorAdapter'
&amp#27;[30m2025-04-21 07:27:31,810&amp#27;[0;39m &amp#27;[39mDEBUG&amp#27;[0;39m [&amp#27;[34mmain&amp#27;[0;39m] &amp#27;[33mo.s.b.f.s.ConstructorResolver&amp#27;[0;39m: Autowiring by type from bean name 'entityManagerFactoryBuilder' via factory method to bean named 'jpaVendorAdapter'
&amp#27;[30m2025-04-21 07:27:31,811&amp#27;[0;39m &amp#27;[39mDEBUG&amp#27;[0;39m [&amp#27;[34mmain&amp#27;[0;39m] &amp#27;[33mo.s.b.f.s.DefaultSingletonBeanRegistry&amp#27;[0;39m: Creating shared instance of singleton bean 'persistenceManagedTypes'
&amp#27;[30m2025-04-21 07:27:31,813&amp#27;[0;39m &amp#27;[39mDEBUG&amp#27;[0;39m [&amp#27;[34mmain&amp#27;[0;39m] &amp#27;[33mo.s.b.f.s.ConstructorResolver&amp#27;[0;39m: Autowiring by type from bean name 'persistenceManagedTypes' via factory method to bean named 'org.springframework.beans.factory.support.DefaultListableBeanFactory@4b33b5b0'
&amp#27;[30m2025-04-21 07:27:31,813&amp#27;[0;39m &amp#27;[39mDEBUG&amp#27;[0;39m [&amp#27;[34mmain&amp#27;[0;39m] &amp#27;[33mo.s.b.f.s.ConstructorResolver&amp#27;[0;39m: Autowiring by type from bean name 'persistenceManagedTypes' via factory method to bean named 'org.springframework.context.annotation.AnnotationConfigApplicationContext@763b279'
&amp#27;[30m2025-04-21 07:27:31,820&amp#27;[0;39m &amp#27;[39mDEBUG&amp#27;[0;39m [&amp#27;[34mmain&amp#27;[0;39m] &amp#27;[33mo.s.b.f.s.ConstructorResolver&amp#27;[0;39m: Autowiring by type from bean name 'entityManagerFactory' via factory method to bean named 'entityManagerFactoryBuilder'
&amp#27;[30m2025-04-21 07:27:31,820&amp#27;[0;39m &amp#27;[39mDEBUG&amp#27;[0;39m [&amp#27;[34mmain&amp#27;[0;39m] &amp#27;[33mo.s.b.f.s.ConstructorResolver&amp#27;[0;39m: Autowiring by type from bean name 'entityManagerFactory' via factory method to bean named 'persistenceManagedTypes'
&amp#27;[30m2025-04-21 07:27:31,823&amp#27;[0;39m &amp#27;[39mDEBUG&amp#27;[0;39m [&amp#27;[34mmain&amp#27;[0;39m] &amp#27;[33mo.s.o.j.LocalContainerEntityManagerFactoryBean&amp#27;[0;39m: Building JPA container EntityManagerFactory for persistence unit 'default'
&amp#27;[30m2025-04-21 07:27:31,824&amp#27;[0;39m &amp#27;[39mDEBUG&amp#27;[0;39m [&amp#27;[34mmain&amp#27;[0;39m] &amp#27;[33mo.h.j.i.u.LogHelper&amp#27;[0;39m: PersistenceUnitInfo [
	name: default
	persistence provider classname: null
	classloader: jdk.internal.loader.ClassLoaders$AppClassLoader@2f6cfdf6
	excludeUnlistedClasses: true
	JTA datasource: null
	Non JTA datasource: org.springframework.jdbc.datasource.embedded.EmbeddedDatabaseFactory$EmbeddedDataSourceProxy@5d18255a
	Transaction type: RESOURCE_LOCAL
	PU root URL: file:/home/vinod/Desktop/projects/apis/universityapi/target/test-classes/
	Shared Cache Mode: UNSPECIFIED
	Validation Mode: AUTO
	Jar files URLs []
	Managed classes names [
		in.rgukt.r081247.universityapi.entity.Course
		in.rgukt.r081247.universityapi.entity.Department
		in.rgukt.r081247.universityapi.entity.Student]
	Mapping files names []
	Properties []
&amp#27;[30m2025-04-21 07:27:31,824&amp#27;[0;39m &amp#27;[39mDEBUG&amp#27;[0;39m [&amp#27;[34mmain&amp#27;[0;39m] &amp#27;[33mo.h.i.i.IntegratorServiceImpl&amp#27;[0;39m: Adding Integrator [org.hibernate.boot.beanvalidation.BeanValidationIntegrator].
&amp#27;[30m2025-04-21 07:27:31,825&amp#27;[0;39m &amp#27;[39mDEBUG&amp#27;[0;39m [&amp#27;[34mmain&amp#27;[0;39m] &amp#27;[33mo.h.i.i.IntegratorServiceImpl&amp#27;[0;39m: Adding Integrator [org.hibernate.cache.internal.CollectionCacheInvalidator].
&amp#27;[30m2025-04-21 07:27:31,828&amp#27;[0;39m &amp#27;[39mDEBUG&amp#27;[0;39m [&amp#27;[34mmain&amp#27;[0;39m] &amp#27;[33mo.h.i.f.i.StandardIdentifierGeneratorFactory&amp#27;[0;39m: Registering IdentifierGenerator strategy [uuid2] -> [org.hibernate.id.UUIDGenerator]
&amp#27;[30m2025-04-21 07:27:31,829&amp#27;[0;39m &amp#27;[39mDEBUG&amp#27;[0;39m [&amp#27;[34mmain&amp#27;[0;39m] &amp#27;[33mo.h.i.f.i.StandardIdentifierGeneratorFactory&amp#27;[0;39m: Registering IdentifierGenerator strategy [guid] -> [org.hibernate.id.GUIDGenerator]
&amp#27;[30m2025-04-21 07:27:31,829&amp#27;[0;39m &amp#27;[39mDEBUG&amp#27;[0;39m [&amp#27;[34mmain&amp#27;[0;39m] &amp#27;[33mo.h.i.f.i.StandardIdentifierGeneratorFactory&amp#27;[0;39m: Registering IdentifierGenerator strategy [uuid] -> [org.hibernate.id.UUIDHexGenerator]
&amp#27;[30m2025-04-21 07:27:31,829&amp#27;[0;39m &amp#27;[39mDEBUG&amp#27;[0;39m [&amp#27;[34mmain&amp#27;[0;39m] &amp#27;[33mo.h.i.f.i.StandardIdentifierGeneratorFactory&amp#27;[0;39m: Registering IdentifierGenerator strategy [uuid.hex] -> [org.hibernate.id.UUIDHexGenerator]
&amp#27;[30m2025-04-21 07:27:31,830&amp#27;[0;39m &amp#27;[39mDEBUG&amp#27;[0;39m [&amp#27;[34mmain&amp#27;[0;39m] &amp#27;[33mo.h.i.f.i.StandardIdentifierGeneratorFactory&amp#27;[0;39m: Registering IdentifierGenerator strategy [assigned] -> [org.hibernate.id.Assigned]
&amp#27;[30m2025-04-21 07:27:31,830&amp#27;[0;39m &amp#27;[39mDEBUG&amp#27;[0;39m [&amp#27;[34mmain&amp#27;[0;39m] &amp#27;[33mo.h.i.f.i.StandardIdentifierGeneratorFactory&amp#27;[0;39m: Registering IdentifierGenerator strategy [identity] -> [org.hibernate.id.IdentityGenerator]
&amp#27;[30m2025-04-21 07:27:31,830&amp#27;[0;39m &amp#27;[39mDEBUG&amp#27;[0;39m [&amp#27;[34mmain&amp#27;[0;39m] &amp#27;[33mo.h.i.f.i.StandardIdentifierGeneratorFactory&amp#27;[0;39m: Registering IdentifierGenerator strategy [select] -> [org.hibernate.id.SelectGenerator]
&amp#27;[30m2025-04-21 07:27:31,830&amp#27;[0;39m &amp#27;[39mDEBUG&amp#27;[0;39m [&amp#27;[34mmain&amp#27;[0;39m] &amp#27;[33mo.h.i.f.i.StandardIdentifierGeneratorFactory&amp#27;[0;39m: Registering IdentifierGenerator strategy [sequence] -> [org.hibernate.id.enhanced.SequenceStyleGenerator]
&amp#27;[30m2025-04-21 07:27:31,830&amp#27;[0;39m &amp#27;[39mDEBUG&amp#27;[0;39m [&amp#27;[34mmain&amp#27;[0;39m] &amp#27;[33mo.h.i.f.i.StandardIdentifierGeneratorFactory&amp#27;[0;39m: Registering IdentifierGenerator strategy [increment] -> [org.hibernate.id.IncrementGenerator]
&amp#27;[30m2025-04-21 07:27:31,831&amp#27;[0;39m &amp#27;[39mDEBUG&amp#27;[0;39m [&amp#27;[34mmain&amp#27;[0;39m] &amp#27;[33mo.h.i.f.i.StandardIdentifierGeneratorFactory&amp#27;[0;39m: Registering IdentifierGenerator strategy [foreign] -> [org.hibernate.id.ForeignGenerator]
&amp#27;[30m2025-04-21 07:27:31,831&amp#27;[0;39m &amp#27;[39mDEBUG&amp#27;[0;39m [&amp#27;[34mmain&amp#27;[0;39m] &amp#27;[33mo.h.i.f.i.StandardIdentifierGeneratorFactory&amp#27;[0;39m: Registering IdentifierGenerator strategy [enhanced-sequence] -> [org.hibernate.id.enhanced.SequenceStyleGenerator]
&amp#27;[30m2025-04-21 07:27:31,831&amp#27;[0;39m &amp#27;[39mDEBUG&amp#27;[0;39m [&amp#27;[34mmain&amp#27;[0;39m] &amp#27;[33mo.h.i.f.i.StandardIdentifierGeneratorFactory&amp#27;[0;39m: Registering IdentifierGenerator strategy [enhanced-table] -> [org.hibernate.id.enhanced.TableGenerator]
&amp#27;[30m2025-04-21 07:27:31,832&amp#27;[0;39m &amp#27;[39mDEBUG&amp#27;[0;39m [&amp#27;[34mmain&amp#27;[0;39m] &amp#27;[33mo.h.c.i.RegionFactoryInitiator&amp#27;[0;39m: Cannot default RegionFactory based on registered strategies as `[]` RegionFactory strategies were registered
&amp#27;[30m2025-04-21 07:27:31,832&amp#27;[0;39m &amp#27;[34mINFO &amp#27;[0;39m [&amp#27;[34mmain&amp#27;[0;39m] &amp#27;[33mo.h.c.i.RegionFactoryInitiator&amp#27;[0;39m: HHH000026: Second-level cache disabled
&amp#27;[30m2025-04-21 07:27:31,833&amp#27;[0;39m &amp#27;[39mDEBUG&amp#27;[0;39m [&amp#27;[34mmain&amp#27;[0;39m] &amp#27;[33mo.h.t.BasicTypeRegistry&amp#27;[0;39m: Adding type registration boolean -> org.hibernate.type.BasicTypeReference@3d8d52be
&amp#27;[30m2025-04-21 07:27:31,833&amp#27;[0;39m &amp#27;[39mDEBUG&amp#27;[0;39m [&amp#27;[34mmain&amp#27;[0;39m] &amp#27;[33mo.h.t.BasicTypeRegistry&amp#27;[0;39m: Adding type registration boolean -> org.hibernate.type.BasicTypeReference@3d8d52be
&amp#27;[30m2025-04-21 07:27:31,834&amp#27;[0;39m &amp#27;[39mDEBUG&amp#27;[0;39m [&amp#27;[34mmain&amp#27;[0;39m] &amp#27;[33mo.h.t.BasicTypeRegistry&amp#27;[0;39m: Adding type registration java.lang.Boolean -> org.hibernate.type.BasicTypeReference@3d8d52be
&amp#27;[30m2025-04-21 07:27:31,834&amp#27;[0;39m &amp#27;[39mDEBUG&amp#27;[0;39m [&amp#27;[34mmain&amp#27;[0;39m] &amp#27;[33mo.h.t.BasicTypeRegistry&amp#27;[0;39m: Adding type registration numeric_boolean -> org.hibernate.type.BasicTypeReference@645ba24a
&amp#27;[30m2025-04-21 07:27:31,834&amp#27;[0;39m &amp#27;[39mDEBUG&amp#27;[0;39m [&amp#27;[34mmain&amp#27;[0;39m] &amp#27;[33mo.h.t.BasicTypeRegistry&amp#27;[0;39m: Adding type registration org.hibernate.type.NumericBooleanConverter -> org.hibernate.type.BasicTypeReference@645ba24a
&amp#27;[30m2025-04-21 07:27:31,835&amp#27;[0;39m &amp#27;[39mDEBUG&amp#27;[0;39m [&amp#27;[34mmain&amp#27;[0;39m] &amp#27;[33mo.h.t.BasicTypeRegistry&amp#27;[0;39m: Adding type registration true_false -> org.hibernate.type.BasicTypeReference@5f6a8efe
&amp#27;[30m2025-04-21 07:27:31,835&amp#27;[0;39m &amp#27;[39mDEBUG&amp#27;[0;39m [&amp#27;[34mmain&amp#27;[0;39m] &amp#27;[33mo.h.t.BasicTypeRegistry&amp#27;[0;39m: Adding type registration org.hibernate.type.TrueFalseConverter -> org.hibernate.type.BasicTypeReference@5f6a8efe
&amp#27;[30m2025-04-21 07:27:31,835&amp#27;[0;39m &amp#27;[39mDEBUG&amp#27;[0;39m [&amp#27;[34mmain&amp#27;[0;39m] &amp#27;[33mo.h.t.BasicTypeRegistry&amp#27;[0;39m: Adding type registration yes_no -> org.hibernate.type.BasicTypeReference@3dd2b9c1
&amp#27;[30m2025-04-21 07:27:31,835&amp#27;[0;39m &amp#27;[39mDEBUG&amp#27;[0;39m [&amp#27;[34mmain&amp#27;[0;39m] &amp#27;[33mo.h.t.BasicTypeRegistry&amp#27;[0;39m: Adding type registration org.hibernate.type.YesNoConverter -> org.hibernate.type.BasicTypeReference@3dd2b9c1
&amp#27;[30m2025-04-21 07:27:31,836&amp#27;[0;39m &amp#27;[39mDEBUG&amp#27;[0;39m [&amp#27;[34mmain&amp#27;[0;39m] &amp#27;[33mo.h.t.BasicTypeRegistry&amp#27;[0;39m: Adding type registration byte -> org.hibernate.type.BasicTypeReference@6a1d1467
&amp#27;[30m2025-04-21 07:27:31,836&amp#27;[0;39m &amp#27;[39mDEBUG&amp#27;[0;39m [&amp#27;[34mmain&amp#27;[0;39m] &amp#27;[33mo.h.t.BasicTypeRegistry&amp#27;[0;39m: Adding type registration byte -> org.hibernate.type.BasicTypeReference@6a1d1467
&amp#27;[30m2025-04-21 07:27:31,836&amp#27;[0;39m &amp#27;[39mDEBUG&amp#27;[0;39m [&amp#27;[34mmain&amp#27;[0;39m] &amp#27;[33mo.h.t.BasicTypeRegistry&amp#27;[0;39m: Adding type registration java.lang.Byte -> org.hibernate.type.BasicTypeReference@6a1d1467
&amp#27;[30m2025-04-21 07:27:31,837&amp#27;[0;39m &amp#27;[39mDEBUG&amp#27;[0;39m [&amp#27;[34mmain&amp#27;[0;39m] &amp#27;[33mo.h.t.BasicTypeRegistry&amp#27;[0;39m: Adding type registration binary -> org.hibernate.type.BasicTypeReference@536da29c
&amp#27;[30m2025-04-21 07:27:31,837&amp#27;[0;39m &amp#27;[39mDEBUG&amp#27;[0;39m [&amp#27;[34mmain&amp#27;[0;39m] &amp#27;[33mo.h.t.BasicTypeRegistry&amp#27;[0;39m: Adding type registration byte[] -> org.hibernate.type.BasicTypeReference@536da29c
&amp#27;[30m2025-04-21 07:27:31,837&amp#27;[0;39m &amp#27;[39mDEBUG&amp#27;[0;39m [&amp#27;[34mmain&amp#27;[0;39m] &amp#27;[33mo.h.t.BasicTypeRegistry&amp#27;[0;39m: Adding type registration [B -> org.hibernate.type.BasicTypeReference@536da29c
&amp#27;[30m2025-04-21 07:27:31,838&amp#27;[0;39m &amp#27;[39mDEBUG&amp#27;[0;39m [&amp#27;[34mmain&amp#27;[0;39m] &amp#27;[33mo.h.t.BasicTypeRegistry&amp#27;[0;39m: Adding type registration binary_wrapper -> org.hibernate.type.BasicTypeReference@58fbcb71
&amp#27;[30m2025-04-21 07:27:31,838&amp#27;[0;39m &amp#27;[39mDEBUG&amp#27;[0;39m [&amp#27;[34mmain&amp#27;[0;39m] &amp#27;[33mo.h.t.BasicTypeRegistry&amp#27;[0;39m: Adding type registration wrapper-binary -> org.hibernate.type.BasicTypeReference@58fbcb71
&amp#27;[30m2025-04-21 07:27:31,838&amp#27;[0;39m &amp#27;[39mDEBUG&amp#27;[0;39m [&amp#27;[34mmain&amp#27;[0;39m] &amp#27;[33mo.h.t.BasicTypeRegistry&amp#27;[0;39m: Adding type registration image -> org.hibernate.type.BasicTypeReference@70cf7d1e
&amp#27;[30m2025-04-21 07:27:31,838&amp#27;[0;39m &amp#27;[39mDEBUG&amp#27;[0;39m [&amp#27;[34mmain&amp#27;[0;39m] &amp#27;[33mo.h.t.BasicTypeRegistry&amp#27;[0;39m: Adding type registration blob -> org.hibernate.type.BasicTypeReference@72f3f14c
&amp#27;[30m2025-04-21 07:27:31,838&amp#27;[0;39m &amp#27;[39mDEBUG&amp#27;[0;39m [&amp#27;[34mmain&amp#27;[0;39m] &amp#27;[33mo.h.t.BasicTypeRegistry&amp#27;[0;39m: Adding type registration java.sql.Blob -> org.hibernate.type.BasicTypeReference@72f3f14c
&amp#27;[30m2025-04-21 07:27:31,839&amp#27;[0;39m &amp#27;[39mDEBUG&amp#27;[0;39m [&amp#27;[34mmain&amp#27;[0;39m] &amp#27;[33mo.h.t.BasicTypeRegistry&amp#27;[0;39m: Adding type registration materialized_blob -> org.hibernate.type.BasicTypeReference@4cb4c4cc
&amp#27;[30m2025-04-21 07:27:31,839&amp#27;[0;39m &amp#27;[39mDEBUG&amp#27;[0;39m [&amp#27;[34mmain&amp#27;[0;39m] &amp#27;[33mo.h.t.BasicTypeRegistry&amp#27;[0;39m: Adding type registration materialized_blob_wrapper -> org.hibernate.type.BasicTypeReference@4a122e68
&amp#27;[30m2025-04-21 07:27:31,839&amp#27;[0;39m &amp#27;[39mDEBUG&amp#27;[0;39m [&amp#27;[34mmain&amp#27;[0;39m] &amp#27;[33mo.h.t.BasicTypeRegistry&amp#27;[0;39m: Adding type registration short -> org.hibernate.type.BasicTypeReference@41be8db9
&amp#27;[30m2025-04-21 07:27:31,839&amp#27;[0;39m &amp#27;[39mDEBUG&amp#27;[0;39m [&amp#27;[34mmain&amp#27;[0;39m] &amp#27;[33mo.h.t.BasicTypeRegistry&amp#27;[0;39m: Adding type registration short -> org.hibernate.type.BasicTypeReference@41be8db9
&amp#27;[30m2025-04-21 07:27:31,840&amp#27;[0;39m &amp#27;[39mDEBUG&amp#27;[0;39m [&amp#27;[34mmain&amp#27;[0;39m] &amp#27;[33mo.h.t.BasicTypeRegistry&amp#27;[0;39m: Adding type registration java.lang.Short -> org.hibernate.type.BasicTypeReference@41be8db9
&amp#27;[30m2025-04-21 07:27:31,840&amp#27;[0;39m &amp#27;[39mDEBUG&amp#27;[0;39m [&amp#27;[34mmain&amp#27;[0;39m] &amp#27;[33mo.h.t.BasicTypeRegistry&amp#27;[0;39m: Adding type registration integer -> org.hibernate.type.BasicTypeReference@2c2a7d53
&amp#27;[30m2025-04-21 07:27:31,840&amp#27;[0;39m &amp#27;[39mDEBUG&amp#27;[0;39m [&amp#27;[34mmain&amp#27;[0;39m] &amp#27;[33mo.h.t.BasicTypeRegistry&amp#27;[0;39m: Adding type registration int -> org.hibernate.type.BasicTypeReference@2c2a7d53
&amp#27;[30m2025-04-21 07:27:31,840&amp#27;[0;39m &amp#27;[39mDEBUG&amp#27;[0;39m [&amp#27;[34mmain&amp#27;[0;39m] &amp#27;[33mo.h.t.BasicTypeRegistry&amp#27;[0;39m: Adding type registration java.lang.Integer -> org.hibernate.type.BasicTypeReference@2c2a7d53
&amp#27;[30m2025-04-21 07:27:31,840&amp#27;[0;39m &amp#27;[39mDEBUG&amp#27;[0;39m [&amp#27;[34mmain&amp#27;[0;39m] &amp#27;[33mo.h.t.BasicTypeRegistry&amp#27;[0;39m: Adding type registration long -> org.hibernate.type.BasicTypeReference@46524ebe
&amp#27;[30m2025-04-21 07:27:31,841&amp#27;[0;39m &amp#27;[39mDEBUG&amp#27;[0;39m [&amp#27;[34mmain&amp#27;[0;39m] &amp#27;[33mo.h.t.BasicTypeRegistry&amp#27;[0;39m: Adding type registration long -> org.hibernate.type.BasicTypeReference@46524ebe
&amp#27;[30m2025-04-21 07:27:31,841&amp#27;[0;39m &amp#27;[39mDEBUG&amp#27;[0;39m [&amp#27;[34mmain&amp#27;[0;39m] &amp#27;[33mo.h.t.BasicTypeRegistry&amp#27;[0;39m: Adding type registration java.lang.Long -> org.hibernate.type.BasicTypeReference@46524ebe
&amp#27;[30m2025-04-21 07:27:31,841&amp#27;[0;39m &amp#27;[39mDEBUG&amp#27;[0;39m [&amp#27;[34mmain&amp#27;[0;39m] &amp#27;[33mo.h.t.BasicTypeRegistry&amp#27;[0;39m: Adding type registration float -> org.hibernate.type.BasicTypeReference@1de85972
&amp#27;[30m2025-04-21 07:27:31,841&amp#27;[0;39m &amp#27;[39mDEBUG&amp#27;[0;39m [&amp#27;[34mmain&amp#27;[0;39m] &amp#27;[33mo.h.t.BasicTypeRegistry&amp#27;[0;39m: Adding type registration float -> org.hibernate.type.BasicTypeReference@1de85972
&amp#27;[30m2025-04-21 07:27:31,841&amp#27;[0;39m &amp#27;[39mDEBUG&amp#27;[0;39m [&amp#27;[34mmain&amp#27;[0;39m] &amp#27;[33mo.h.t.BasicTypeRegistry&amp#27;[0;39m: Adding type registration java.lang.Float -> org.hibernate.type.BasicTypeReference@1de85972
&amp#27;[30m2025-04-21 07:27:31,841&amp#27;[0;39m &amp#27;[39mDEBUG&amp#27;[0;39m [&amp#27;[34mmain&amp#27;[0;39m] &amp#27;[33mo.h.t.BasicTypeRegistry&amp#27;[0;39m: Adding type registration double -> org.hibernate.type.BasicTypeReference@280ecc33
&amp#27;[30m2025-04-21 07:27:31,842&amp#27;[0;39m &amp#27;[39mDEBUG&amp#27;[0;39m [&amp#27;[34mmain&amp#27;[0;39m] &amp#27;[33mo.h.t.BasicTypeRegistry&amp#27;[0;39m: Adding type registration double -> org.hibernate.type.BasicTypeReference@280ecc33
&amp#27;[30m2025-04-21 07:27:31,842&amp#27;[0;39m &amp#27;[39mDEBUG&amp#27;[0;39m [&amp#27;[34mmain&amp#27;[0;39m] &amp#27;[33mo.h.t.BasicTypeRegistry&amp#27;[0;39m: Adding type registration java.lang.Double -> org.hibernate.type.BasicTypeReference@280ecc33
&amp#27;[30m2025-04-21 07:27:31,842&amp#27;[0;39m &amp#27;[39mDEBUG&amp#27;[0;39m [&amp#27;[34mmain&amp#27;[0;39m] &amp#27;[33mo.h.t.BasicTypeRegistry&amp#27;[0;39m: Adding type registration big_integer -> org.hibernate.type.BasicTypeReference@57b1ec84
&amp#27;[30m2025-04-21 07:27:31,842&amp#27;[0;39m &amp#27;[39mDEBUG&amp#27;[0;39m [&amp#27;[34mmain&amp#27;[0;39m] &amp#27;[33mo.h.t.BasicTypeRegistry&amp#27;[0;39m: Adding type registration java.math.BigInteger -> org.hibernate.type.BasicTypeReference@57b1ec84
&amp#27;[30m2025-04-21 07:27:31,842&amp#27;[0;39m &amp#27;[39mDEBUG&amp#27;[0;39m [&amp#27;[34mmain&amp#27;[0;39m] &amp#27;[33mo.h.t.BasicTypeRegistry&amp#27;[0;39m: Adding type registration big_decimal -> org.hibernate.type.BasicTypeReference@3c27f72
&amp#27;[30m2025-04-21 07:27:31,843&amp#27;[0;39m &amp#27;[39mDEBUG&amp#27;[0;39m [&amp#27;[34mmain&amp#27;[0;39m] &amp#27;[33mo.h.t.BasicTypeRegistry&amp#27;[0;39m: Adding type registration java.math.BigDecimal -> org.hibernate.type.BasicTypeReference@3c27f72
&amp#27;[30m2025-04-21 07:27:31,843&amp#27;[0;39m &amp#27;[39mDEBUG&amp#27;[0;39m [&amp#27;[34mmain&amp#27;[0;39m] &amp#27;[33mo.h.t.BasicTypeRegistry&amp#27;[0;39m: Adding type registration character -> org.hibernate.type.BasicTypeReference@5cbe95b1
&amp#27;[30m2025-04-21 07:27:31,843&amp#27;[0;39m &amp#27;[39mDEBUG&amp#27;[0;39m [&amp#27;[34mmain&amp#27;[0;39m] &amp#27;[33mo.h.t.BasicTypeRegistry&amp#27;[0;39m: Adding type registration char -> org.hibernate.type.BasicTypeReference@5cbe95b1
&amp#27;[30m2025-04-21 07:27:31,843&amp#27;[0;39m &amp#27;[39mDEBUG&amp#27;[0;39m [&amp#27;[34mmain&amp#27;[0;39m] &amp#27;[33mo.h.t.BasicTypeRegistry&amp#27;[0;39m: Adding type registration java.lang.Character -> org.hibernate.type.BasicTypeReference@5cbe95b1
&amp#27;[30m2025-04-21 07:27:31,843&amp#27;[0;39m &amp#27;[39mDEBUG&amp#27;[0;39m [&amp#27;[34mmain&amp#27;[0;39m] &amp#27;[33mo.h.t.BasicTypeRegistry&amp#27;[0;39m: Adding type registration character_nchar -> org.hibernate.type.BasicTypeReference@28fa541
&amp#27;[30m2025-04-21 07:27:31,844&amp#27;[0;39m &amp#27;[39mDEBUG&amp#27;[0;39m [&amp#27;[34mmain&amp#27;[0;39m] &amp#27;[33mo.h.t.BasicTypeRegistry&amp#27;[0;39m: Adding type registration string -> org.hibernate.type.BasicTypeReference@5a82bc58
&amp#27;[30m2025-04-21 07:27:31,844&amp#27;[0;39m &amp#27;[39mDEBUG&amp#27;[0;39m [&amp#27;[34mmain&amp#27;[0;39m] &amp#27;[33mo.h.t.BasicTypeRegistry&amp#27;[0;39m: Adding type registration java.lang.String -> org.hibernate.type.BasicTypeReference@5a82bc58
&amp#27;[30m2025-04-21 07:27:31,844&amp#27;[0;39m &amp#27;[39mDEBUG&amp#27;[0;39m [&amp#27;[34mmain&amp#27;[0;39m] &amp#27;[33mo.h.t.BasicTypeRegistry&amp#27;[0;39m: Adding type registration nstring -> org.hibernate.type.BasicTypeReference@4aab7195
&amp#27;[30m2025-04-21 07:27:31,844&amp#27;[0;39m &amp#27;[39mDEBUG&amp#27;[0;39m [&amp#27;[34mmain&amp#27;[0;39m] &amp#27;[33mo.h.t.BasicTypeRegistry&amp#27;[0;39m: Adding type registration characters -> org.hibernate.type.BasicTypeReference@6210666c
&amp#27;[30m2025-04-21 07:27:31,844&amp#27;[0;39m &amp#27;[39mDEBUG&amp#27;[0;39m [&amp#27;[34mmain&amp#27;[0;39m] &amp#27;[33mo.h.t.BasicTypeRegistry&amp#27;[0;39m: Adding type registration char[] -> org.hibernate.type.BasicTypeReference@6210666c
&amp#27;[30m2025-04-21 07:27:31,845&amp#27;[0;39m &amp#27;[39mDEBUG&amp#27;[0;39m [&amp#27;[34mmain&amp#27;[0;39m] &amp#27;[33mo.h.t.BasicTypeRegistry&amp#27;[0;39m: Adding type registration [C -> org.hibernate.type.BasicTypeReference@6210666c
&amp#27;[30m2025-04-21 07:27:31,845&amp#27;[0;39m &amp#27;[39mDEBUG&amp#27;[0;39m [&amp#27;[34mmain&amp#27;[0;39m] &amp#27;[33mo.h.t.BasicTypeRegistry&amp#27;[0;39m: Adding type registration wrapper-characters -> org.hibernate.type.BasicTypeReference@1dca62c2
&amp#27;[30m2025-04-21 07:27:31,845&amp#27;[0;39m &amp#27;[39mDEBUG&amp#27;[0;39m [&amp#27;[34mmain&amp#27;[0;39m] &amp#27;[33mo.h.t.BasicTypeRegistry&amp#27;[0;39m: Adding type registration text -> org.hibernate.type.BasicTypeReference@52657d5f
&amp#27;[30m2025-04-21 07:27:31,845&amp#27;[0;39m &amp#27;[39mDEBUG&amp#27;[0;39m [&amp#27;[34mmain&amp#27;[0;39m] &amp#27;[33mo.h.t.BasicTypeRegistry&amp#27;[0;39m: Adding type registration ntext -> org.hibernate.type.BasicTypeReference@43d3995f
&amp#27;[30m2025-04-21 07:27:31,846&amp#27;[0;39m &amp#27;[39mDEBUG&amp#27;[0;39m [&amp#27;[34mmain&amp#27;[0;39m] &amp#27;[33mo.h.t.BasicTypeRegistry&amp#27;[0;39m: Adding type registration clob -> org.hibernate.type.BasicTypeReference@2211b44f
&amp#27;[30m2025-04-21 07:27:31,846&amp#27;[0;39m &amp#27;[39mDEBUG&amp#27;[0;39m [&amp#27;[34mmain&amp#27;[0;39m] &amp#27;[33mo.h.t.BasicTypeRegistry&amp#27;[0;39m: Adding type registration java.sql.Clob -> org.hibernate.type.BasicTypeReference@2211b44f
&amp#27;[30m2025-04-21 07:27:31,846&amp#27;[0;39m &amp#27;[39mDEBUG&amp#27;[0;39m [&amp#27;[34mmain&amp#27;[0;39m] &amp#27;[33mo.h.t.BasicTypeRegistry&amp#27;[0;39m: Adding type registration nclob -> org.hibernate.type.BasicTypeReference@6c830ebd
&amp#27;[30m2025-04-21 07:27:31,846&amp#27;[0;39m &amp#27;[39mDEBUG&amp#27;[0;39m [&amp#27;[34mmain&amp#27;[0;39m] &amp#27;[33mo.h.t.BasicTypeRegistry&amp#27;[0;39m: Adding type registration java.sql.NClob -> org.hibernate.type.BasicTypeReference@6c830ebd
&amp#27;[30m2025-04-21 07:27:31,846&amp#27;[0;39m &amp#27;[39mDEBUG&amp#27;[0;39m [&amp#27;[34mmain&amp#27;[0;39m] &amp#27;[33mo.h.t.BasicTypeRegistry&amp#27;[0;39m: Adding type registration materialized_clob -> org.hibernate.type.BasicTypeReference@15f519f7
&amp#27;[30m2025-04-21 07:27:31,846&amp#27;[0;39m &amp#27;[39mDEBUG&amp#27;[0;39m [&amp#27;[34mmain&amp#27;[0;39m] &amp#27;[33mo.h.t.BasicTypeRegistry&amp#27;[0;39m: Adding type registration materialized_clob_char_array -> org.hibernate.type.BasicTypeReference@4a336377
&amp#27;[30m2025-04-21 07:27:31,846&amp#27;[0;39m &amp#27;[39mDEBUG&amp#27;[0;39m [&amp#27;[34mmain&amp#27;[0;39m] &amp#27;[33mo.h.t.BasicTypeRegistry&amp#27;[0;39m: Adding type registration materialized_clob_character_array -> org.hibernate.type.BasicTypeReference@65af05b2
&amp#27;[30m2025-04-21 07:27:31,846&amp#27;[0;39m &amp#27;[39mDEBUG&amp#27;[0;39m [&amp#27;[34mmain&amp#27;[0;39m] &amp#27;[33mo.h.t.BasicTypeRegistry&amp#27;[0;39m: Adding type registration materialized_nclob -> org.hibernate.type.BasicTypeReference@11ad095c
&amp#27;[30m2025-04-21 07:27:31,846&amp#27;[0;39m &amp#27;[39mDEBUG&amp#27;[0;39m [&amp#27;[34mmain&amp#27;[0;39m] &amp#27;[33mo.h.t.BasicTypeRegistry&amp#27;[0;39m: Adding type registration materialized_nclob_character_array -> org.hibernate.type.BasicTypeReference@2c2a903f
&amp#27;[30m2025-04-21 07:27:31,847&amp#27;[0;39m &amp#27;[39mDEBUG&amp#27;[0;39m [&amp#27;[34mmain&amp#27;[0;39m] &amp#27;[33mo.h.t.BasicTypeRegistry&amp#27;[0;39m: Adding type registration materialized_nclob_char_array -> org.hibernate.type.BasicTypeReference@7d537616
&amp#27;[30m2025-04-21 07:27:31,847&amp#27;[0;39m &amp#27;[39mDEBUG&amp#27;[0;39m [&amp#27;[34mmain&amp#27;[0;39m] &amp#27;[33mo.h.t.BasicTypeRegistry&amp#27;[0;39m: Adding type registration Duration -> org.hibernate.type.BasicTypeReference@604c7e9b
&amp#27;[30m2025-04-21 07:27:31,847&amp#27;[0;39m &amp#27;[39mDEBUG&amp#27;[0;39m [&amp#27;[34mmain&amp#27;[0;39m] &amp#27;[33mo.h.t.BasicTypeRegistry&amp#27;[0;39m: Adding type registration java.time.Duration -> org.hibernate.type.BasicTypeReference@604c7e9b
&amp#27;[30m2025-04-21 07:27:31,847&amp#27;[0;39m &amp#27;[39mDEBUG&amp#27;[0;39m [&amp#27;[34mmain&amp#27;[0;39m] &amp#27;[33mo.h.t.BasicTypeRegistry&amp#27;[0;39m: Adding type registration LocalDateTime -> org.hibernate.type.BasicTypeReference@19d27c27
&amp#27;[30m2025-04-21 07:27:31,847&amp#27;[0;39m &amp#27;[39mDEBUG&amp#27;[0;39m [&amp#27;[34mmain&amp#27;[0;39m] &amp#27;[33mo.h.t.BasicTypeRegistry&amp#27;[0;39m: Adding type registration java.time.LocalDateTime -> org.hibernate.type.BasicTypeReference@19d27c27
&amp#27;[30m2025-04-21 07:27:31,847&amp#27;[0;39m &amp#27;[39mDEBUG&amp#27;[0;39m [&amp#27;[34mmain&amp#27;[0;39m] &amp#27;[33mo.h.t.BasicTypeRegistry&amp#27;[0;39m: Adding type registration LocalDate -> org.hibernate.type.BasicTypeReference@6181bc4a
&amp#27;[30m2025-04-21 07:27:31,847&amp#27;[0;39m &amp#27;[39mDEBUG&amp#27;[0;39m [&amp#27;[34mmain&amp#27;[0;39m] &amp#27;[33mo.h.t.BasicTypeRegistry&amp#27;[0;39m: Adding type registration java.time.LocalDate -> org.hibernate.type.BasicTypeReference@6181bc4a
&amp#27;[30m2025-04-21 07:27:31,847&amp#27;[0;39m &amp#27;[39mDEBUG&amp#27;[0;39m [&amp#27;[34mmain&amp#27;[0;39m] &amp#27;[33mo.h.t.BasicTypeRegistry&amp#27;[0;39m: Adding type registration LocalTime -> org.hibernate.type.BasicTypeReference@70485aa
&amp#27;[30m2025-04-21 07:27:31,847&amp#27;[0;39m &amp#27;[39mDEBUG&amp#27;[0;39m [&amp#27;[34mmain&amp#27;[0;39m] &amp#27;[33mo.h.t.BasicTypeRegistry&amp#27;[0;39m: Adding type registration java.time.LocalTime -> org.hibernate.type.BasicTypeReference@70485aa
&amp#27;[30m2025-04-21 07:27:31,847&amp#27;[0;39m &amp#27;[39mDEBUG&amp#27;[0;39m [&amp#27;[34mmain&amp#27;[0;39m] &amp#27;[33mo.h.t.BasicTypeRegistry&amp#27;[0;39m: Adding type registration OffsetDateTime -> org.hibernate.type.BasicTypeReference@4bf8b77
&amp#27;[30m2025-04-21 07:27:31,848&amp#27;[0;39m &amp#27;[39mDEBUG&amp#27;[0;39m [&amp#27;[34mmain&amp#27;[0;39m] &amp#27;[33mo.h.t.BasicTypeRegistry&amp#27;[0;39m: Adding type registration java.time.OffsetDateTime -> org.hibernate.type.BasicTypeReference@4bf8b77
&amp#27;[30m2025-04-21 07:27:31,848&amp#27;[0;39m &amp#27;[39mDEBUG&amp#27;[0;39m [&amp#27;[34mmain&amp#27;[0;39m] &amp#27;[33mo.h.t.BasicTypeRegistry&amp#27;[0;39m: Adding type registration OffsetDateTimeWithTimezone -> org.hibernate.type.BasicTypeReference@e06ec83
&amp#27;[30m2025-04-21 07:27:31,848&amp#27;[0;39m &amp#27;[39mDEBUG&amp#27;[0;39m [&amp#27;[34mmain&amp#27;[0;39m] &amp#27;[33mo.h.t.BasicTypeRegistry&amp#27;[0;39m: Adding type registration OffsetDateTimeWithoutTimezone -> org.hibernate.type.BasicTypeReference@628962e5
&amp#27;[30m2025-04-21 07:27:31,848&amp#27;[0;39m &amp#27;[39mDEBUG&amp#27;[0;39m [&amp#27;[34mmain&amp#27;[0;39m] &amp#27;[33mo.h.t.BasicTypeRegistry&amp#27;[0;39m: Adding type registration OffsetTime -> org.hibernate.type.BasicTypeReference@410382cb
&amp#27;[30m2025-04-21 07:27:31,848&amp#27;[0;39m &amp#27;[39mDEBUG&amp#27;[0;39m [&amp#27;[34mmain&amp#27;[0;39m] &amp#27;[33mo.h.t.BasicTypeRegistry&amp#27;[0;39m: Adding type registration java.time.OffsetTime -> org.hibernate.type.BasicTypeReference@410382cb
&amp#27;[30m2025-04-21 07:27:31,848&amp#27;[0;39m &amp#27;[39mDEBUG&amp#27;[0;39m [&amp#27;[34mmain&amp#27;[0;39m] &amp#27;[33mo.h.t.BasicTypeRegistry&amp#27;[0;39m: Adding type registration OffsetTimeUtc -> org.hibernate.type.BasicTypeReference@399f5daf
&amp#27;[30m2025-04-21 07:27:31,848&amp#27;[0;39m &amp#27;[39mDEBUG&amp#27;[0;39m [&amp#27;[34mmain&amp#27;[0;39m] &amp#27;[33mo.h.t.BasicTypeRegistry&amp#27;[0;39m: Adding type registration OffsetTimeWithTimezone -> org.hibernate.type.BasicTypeReference@c4cceb
&amp#27;[30m2025-04-21 07:27:31,848&amp#27;[0;39m &amp#27;[39mDEBUG&amp#27;[0;39m [&amp#27;[34mmain&amp#27;[0;39m] &amp#27;[33mo.h.t.BasicTypeRegistry&amp#27;[0;39m: Adding type registration OffsetTimeWithoutTimezone -> org.hibernate.type.BasicTypeReference@29f3185c
&amp#27;[30m2025-04-21 07:27:31,848&amp#27;[0;39m &amp#27;[39mDEBUG&amp#27;[0;39m [&amp#27;[34mmain&amp#27;[0;39m] &amp#27;[33mo.h.t.BasicTypeRegistry&amp#27;[0;39m: Adding type registration ZonedDateTime -> org.hibernate.type.BasicTypeReference@74bbc273
&amp#27;[30m2025-04-21 07:27:31,848&amp#27;[0;39m &amp#27;[39mDEBUG&amp#27;[0;39m [&amp#27;[34mmain&amp#27;[0;39m] &amp#27;[33mo.h.t.BasicTypeRegistry&amp#27;[0;39m: Adding type registration java.time.ZonedDateTime -> org.hibernate.type.BasicTypeReference@74bbc273
&amp#27;[30m2025-04-21 07:27:31,848&amp#27;[0;39m &amp#27;[39mDEBUG&amp#27;[0;39m [&amp#27;[34mmain&amp#27;[0;39m] &amp#27;[33mo.h.t.BasicTypeRegistry&amp#27;[0;39m: Adding type registration ZonedDateTimeWithTimezone -> org.hibernate.type.BasicTypeReference@370a8b6e
&amp#27;[30m2025-04-21 07:27:31,849&amp#27;[0;39m &amp#27;[39mDEBUG&amp#27;[0;39m [&amp#27;[34mmain&amp#27;[0;39m] &amp#27;[33mo.h.t.BasicTypeRegistry&amp#27;[0;39m: Adding type registration ZonedDateTimeWithoutTimezone -> org.hibernate.type.BasicTypeReference@118fbaf0
&amp#27;[30m2025-04-21 07:27:31,849&amp#27;[0;39m &amp#27;[39mDEBUG&amp#27;[0;39m [&amp#27;[34mmain&amp#27;[0;39m] &amp#27;[33mo.h.t.BasicTypeRegistry&amp#27;[0;39m: Adding type registration date -> org.hibernate.type.BasicTypeReference@208f7165
&amp#27;[30m2025-04-21 07:27:31,849&amp#27;[0;39m &amp#27;[39mDEBUG&amp#27;[0;39m [&amp#27;[34mmain&amp#27;[0;39m] &amp#27;[33mo.h.t.BasicTypeRegistry&amp#27;[0;39m: Adding type registration java.sql.Date -> org.hibernate.type.BasicTypeReference@208f7165
&amp#27;[30m2025-04-21 07:27:31,849&amp#27;[0;39m &amp#27;[39mDEBUG&amp#27;[0;39m [&amp#27;[34mmain&amp#27;[0;39m] &amp#27;[33mo.h.t.BasicTypeRegistry&amp#27;[0;39m: Adding type registration time -> org.hibernate.type.BasicTypeReference@a0d875d
&amp#27;[30m2025-04-21 07:27:31,849&amp#27;[0;39m &amp#27;[39mDEBUG&amp#27;[0;39m [&amp#27;[34mmain&amp#27;[0;39m] &amp#27;[33mo.h.t.BasicTypeRegistry&amp#27;[0;39m: Adding type registration java.sql.Time -> org.hibernate.type.BasicTypeReference@a0d875d
&amp#27;[30m2025-04-21 07:27:31,849&amp#27;[0;39m &amp#27;[39mDEBUG&amp#27;[0;39m [&amp#27;[34mmain&amp#27;[0;39m] &amp#27;[33mo.h.t.BasicTypeRegistry&amp#27;[0;39m: Adding type registration timestamp -> org.hibernate.type.BasicTypeReference@693f2c89
&amp#27;[30m2025-04-21 07:27:31,849&amp#27;[0;39m &amp#27;[39mDEBUG&amp#27;[0;39m [&amp#27;[34mmain&amp#27;[0;39m] &amp#27;[33mo.h.t.BasicTypeRegistry&amp#27;[0;39m: Adding type registration java.sql.Timestamp -> org.hibernate.type.BasicTypeReference@693f2c89
&amp#27;[30m2025-04-21 07:27:31,849&amp#27;[0;39m &amp#27;[39mDEBUG&amp#27;[0;39m [&amp#27;[34mmain&amp#27;[0;39m] &amp#27;[33mo.h.t.BasicTypeRegistry&amp#27;[0;39m: Adding type registration java.util.Date -> org.hibernate.type.BasicTypeReference@693f2c89
&amp#27;[30m2025-04-21 07:27:31,849&amp#27;[0;39m &amp#27;[39mDEBUG&amp#27;[0;39m [&amp#27;[34mmain&amp#27;[0;39m] &amp#27;[33mo.h.t.BasicTypeRegistry&amp#27;[0;39m: Adding type registration calendar -> org.hibernate.type.BasicTypeReference@50b4364
&amp#27;[30m2025-04-21 07:27:31,849&amp#27;[0;39m &amp#27;[39mDEBUG&amp#27;[0;39m [&amp#27;[34mmain&amp#27;[0;39m] &amp#27;[33mo.h.t.BasicTypeRegistry&amp#27;[0;39m: Adding type registration java.util.Calendar -> org.hibernate.type.BasicTypeReference@50b4364
&amp#27;[30m2025-04-21 07:27:31,849&amp#27;[0;39m &amp#27;[39mDEBUG&amp#27;[0;39m [&amp#27;[34mmain&amp#27;[0;39m] &amp#27;[33mo.h.t.BasicTypeRegistry&amp#27;[0;39m: Adding type registration java.util.GregorianCalendar -> org.hibernate.type.BasicTypeReference@50b4364
&amp#27;[30m2025-04-21 07:27:31,850&amp#27;[0;39m &amp#27;[39mDEBUG&amp#27;[0;39m [&amp#27;[34mmain&amp#27;[0;39m] &amp#27;[33mo.h.t.BasicTypeRegistry&amp#27;[0;39m: Adding type registration calendar_date -> org.hibernate.type.BasicTypeReference@38054d01
&amp#27;[30m2025-04-21 07:27:31,850&amp#27;[0;39m &amp#27;[39mDEBUG&amp#27;[0;39m [&amp#27;[34mmain&amp#27;[0;39m] &amp#27;[33mo.h.t.BasicTypeRegistry&amp#27;[0;39m: Adding type registration calendar_time -> org.hibernate.type.BasicTypeReference@28ce75ec
&amp#27;[30m2025-04-21 07:27:31,850&amp#27;[0;39m &amp#27;[39mDEBUG&amp#27;[0;39m [&amp#27;[34mmain&amp#27;[0;39m] &amp#27;[33mo.h.t.BasicTypeRegistry&amp#27;[0;39m: Adding type registration instant -> org.hibernate.type.BasicTypeReference@778113f2
&amp#27;[30m2025-04-21 07:27:31,850&amp#27;[0;39m &amp#27;[39mDEBUG&amp#27;[0;39m [&amp#27;[34mmain&amp#27;[0;39m] &amp#27;[33mo.h.t.BasicTypeRegistry&amp#27;[0;39m: Adding type registration java.time.Instant -> org.hibernate.type.BasicTypeReference@778113f2
&amp#27;[30m2025-04-21 07:27:31,850&amp#27;[0;39m &amp#27;[39mDEBUG&amp#27;[0;39m [&amp#27;[34mmain&amp#27;[0;39m] &amp#27;[33mo.h.t.BasicTypeRegistry&amp#27;[0;39m: Adding type registration uuid -> org.hibernate.type.BasicTypeReference@9dc782d
&amp#27;[30m2025-04-21 07:27:31,850&amp#27;[0;39m &amp#27;[39mDEBUG&amp#27;[0;39m [&amp#27;[34mmain&amp#27;[0;39m] &amp#27;[33mo.h.t.BasicTypeRegistry&amp#27;[0;39m: Adding type registration java.util.UUID -> org.hibernate.type.BasicTypeReference@9dc782d
&amp#27;[30m2025-04-21 07:27:31,850&amp#27;[0;39m &amp#27;[39mDEBUG&amp#27;[0;39m [&amp#27;[34mmain&amp#27;[0;39m] &amp#27;[33mo.h.t.BasicTypeRegistry&amp#27;[0;39m: Adding type registration pg-uuid -> org.hibernate.type.BasicTypeReference@9dc782d
&amp#27;[30m2025-04-21 07:27:31,850&amp#27;[0;39m &amp#27;[39mDEBUG&amp#27;[0;39m [&amp#27;[34mmain&amp#27;[0;39m] &amp#27;[33mo.h.t.BasicTypeRegistry&amp#27;[0;39m: Adding type registration uuid-binary -> org.hibernate.type.BasicTypeReference@1ba35152
&amp#27;[30m2025-04-21 07:27:31,850&amp#27;[0;39m &amp#27;[39mDEBUG&amp#27;[0;39m [&amp#27;[34mmain&amp#27;[0;39m] &amp#27;[33mo.h.t.BasicTypeRegistry&amp#27;[0;39m: Adding type registration uuid-char -> org.hibernate.type.BasicTypeReference@401926df
&amp#27;[30m2025-04-21 07:27:31,850&amp#27;[0;39m &amp#27;[39mDEBUG&amp#27;[0;39m [&amp#27;[34mmain&amp#27;[0;39m] &amp#27;[33mo.h.t.BasicTypeRegistry&amp#27;[0;39m: Adding type registration class -> org.hibernate.type.BasicTypeReference@3ff8a3ad
&amp#27;[30m2025-04-21 07:27:31,851&amp#27;[0;39m &amp#27;[39mDEBUG&amp#27;[0;39m [&amp#27;[34mmain&amp#27;[0;39m] &amp#27;[33mo.h.t.BasicTypeRegistry&amp#27;[0;39m: Adding type registration java.lang.Class -> org.hibernate.type.BasicTypeReference@3ff8a3ad
&amp#27;[30m2025-04-21 07:27:31,851&amp#27;[0;39m &amp#27;[39mDEBUG&amp#27;[0;39m [&amp#27;[34mmain&amp#27;[0;39m] &amp#27;[33mo.h.t.BasicTypeRegistry&amp#27;[0;39m: Adding type registration currency -> org.hibernate.type.BasicTypeReference@550fa96f
&amp#27;[30m2025-04-21 07:27:31,851&amp#27;[0;39m &amp#27;[39mDEBUG&amp#27;[0;39m [&amp#27;[34mmain&amp#27;[0;39m] &amp#27;[33mo.h.t.BasicTypeRegistry&amp#27;[0;39m: Adding type registration Currency -> org.hibernate.type.BasicTypeReference@550fa96f
&amp#27;[30m2025-04-21 07:27:31,851&amp#27;[0;39m &amp#27;[39mDEBUG&amp#27;[0;39m [&amp#27;[34mmain&amp#27;[0;39m] &amp#27;[33mo.h.t.BasicTypeRegistry&amp#27;[0;39m: Adding type registration java.util.Currency -> org.hibernate.type.BasicTypeReference@550fa96f
&amp#27;[30m2025-04-21 07:27:31,851&amp#27;[0;39m &amp#27;[39mDEBUG&amp#27;[0;39m [&amp#27;[34mmain&amp#27;[0;39m] &amp#27;[33mo.h.t.BasicTypeRegistry&amp#27;[0;39m: Adding type registration locale -> org.hibernate.type.BasicTypeReference@54275b5d
&amp#27;[30m2025-04-21 07:27:31,851&amp#27;[0;39m &amp#27;[39mDEBUG&amp#27;[0;39m [&amp#27;[34mmain&amp#27;[0;39m] &amp#27;[33mo.h.t.BasicTypeRegistry&amp#27;[0;39m: Adding type registration java.util.Locale -> org.hibernate.type.BasicTypeReference@54275b5d
&amp#27;[30m2025-04-21 07:27:31,851&amp#27;[0;39m &amp#27;[39mDEBUG&amp#27;[0;39m [&amp#27;[34mmain&amp#27;[0;39m] &amp#27;[33mo.h.t.BasicTypeRegistry&amp#27;[0;39m: Adding type registration serializable -> org.hibernate.type.BasicTypeReference@5d01b0d8
&amp#27;[30m2025-04-21 07:27:31,851&amp#27;[0;39m &amp#27;[39mDEBUG&amp#27;[0;39m [&amp#27;[34mmain&amp#27;[0;39m] &amp#27;[33mo.h.t.BasicTypeRegistry&amp#27;[0;39m: Adding type registration java.io.Serializable -> org.hibernate.type.BasicTypeReference@5d01b0d8
&amp#27;[30m2025-04-21 07:27:31,851&amp#27;[0;39m &amp#27;[39mDEBUG&amp#27;[0;39m [&amp#27;[34mmain&amp#27;[0;39m] &amp#27;[33mo.h.t.BasicTypeRegistry&amp#27;[0;39m: Adding type registration timezone -> org.hibernate.type.BasicTypeReference@271e851e
&amp#27;[30m2025-04-21 07:27:31,851&amp#27;[0;39m &amp#27;[39mDEBUG&amp#27;[0;39m [&amp#27;[34mmain&amp#27;[0;39m] &amp#27;[33mo.h.t.BasicTypeRegistry&amp#27;[0;39m: Adding type registration java.util.TimeZone -> org.hibernate.type.BasicTypeReference@271e851e
&amp#27;[30m2025-04-21 07:27:31,851&amp#27;[0;39m &amp#27;[39mDEBUG&amp#27;[0;39m [&amp#27;[34mmain&amp#27;[0;39m] &amp#27;[33mo.h.t.BasicTypeRegistry&amp#27;[0;39m: Adding type registration ZoneOffset -> org.hibernate.type.BasicTypeReference@ff21443
&amp#27;[30m2025-04-21 07:27:31,851&amp#27;[0;39m &amp#27;[39mDEBUG&amp#27;[0;39m [&amp#27;[34mmain&amp#27;[0;39m] &amp#27;[33mo.h.t.BasicTypeRegistry&amp#27;[0;39m: Adding type registration java.time.ZoneOffset -> org.hibernate.type.BasicTypeReference@ff21443
&amp#27;[30m2025-04-21 07:27:31,852&amp#27;[0;39m &amp#27;[39mDEBUG&amp#27;[0;39m [&amp#27;[34mmain&amp#27;[0;39m] &amp#27;[33mo.h.t.BasicTypeRegistry&amp#27;[0;39m: Adding type registration url -> org.hibernate.type.BasicTypeReference@61e14b53
&amp#27;[30m2025-04-21 07:27:31,852&amp#27;[0;39m &amp#27;[39mDEBUG&amp#27;[0;39m [&amp#27;[34mmain&amp#27;[0;39m] &amp#27;[33mo.h.t.BasicTypeRegistry&amp#27;[0;39m: Adding type registration java.net.URL -> org.hibernate.type.BasicTypeReference@61e14b53
&amp#27;[30m2025-04-21 07:27:31,852&amp#27;[0;39m &amp#27;[39mDEBUG&amp#27;[0;39m [&amp#27;[34mmain&amp#27;[0;39m] &amp#27;[33mo.h.t.BasicTypeRegistry&amp#27;[0;39m: Adding type registration vector -> org.hibernate.type.BasicTypeReference@31b6b0c7
&amp#27;[30m2025-04-21 07:27:31,852&amp#27;[0;39m &amp#27;[39mDEBUG&amp#27;[0;39m [&amp#27;[34mmain&amp#27;[0;39m] &amp#27;[33mo.h.t.BasicTypeRegistry&amp#27;[0;39m: Adding type registration float_vector -> org.hibernate.type.BasicTypeReference@6253e59a
&amp#27;[30m2025-04-21 07:27:31,852&amp#27;[0;39m &amp#27;[39mDEBUG&amp#27;[0;39m [&amp#27;[34mmain&amp#27;[0;39m] &amp#27;[33mo.h.t.BasicTypeRegistry&amp#27;[0;39m: Adding type registration double_vector -> org.hibernate.type.BasicTypeReference@7d1cb59f
&amp#27;[30m2025-04-21 07:27:31,852&amp#27;[0;39m &amp#27;[39mDEBUG&amp#27;[0;39m [&amp#27;[34mmain&amp#27;[0;39m] &amp#27;[33mo.h.t.BasicTypeRegistry&amp#27;[0;39m: Adding type registration byte_vector -> org.hibernate.type.BasicTypeReference@16ccd2bc
&amp#27;[30m2025-04-21 07:27:31,852&amp#27;[0;39m &amp#27;[39mDEBUG&amp#27;[0;39m [&amp#27;[34mmain&amp#27;[0;39m] &amp#27;[33mo.h.t.BasicTypeRegistry&amp#27;[0;39m: Adding type registration row_version -> org.hibernate.type.BasicTypeReference@12f8682a
&amp#27;[30m2025-04-21 07:27:31,853&amp#27;[0;39m &amp#27;[39mDEBUG&amp#27;[0;39m [&amp#27;[34mmain&amp#27;[0;39m] &amp#27;[33mo.h.t.BasicTypeRegistry&amp#27;[0;39m: Adding type registration object -> org.hibernate.type.JavaObjectType@3de8f85c
&amp#27;[30m2025-04-21 07:27:31,853&amp#27;[0;39m &amp#27;[39mDEBUG&amp#27;[0;39m [&amp#27;[34mmain&amp#27;[0;39m] &amp#27;[33mo.h.t.BasicTypeRegistry&amp#27;[0;39m: Adding type registration java.lang.Object -> org.hibernate.type.JavaObjectType@3de8f85c
&amp#27;[30m2025-04-21 07:27:31,853&amp#27;[0;39m &amp#27;[39mDEBUG&amp#27;[0;39m [&amp#27;[34mmain&amp#27;[0;39m] &amp#27;[33mo.h.t.BasicTypeRegistry&amp#27;[0;39m: Adding type registration null -> org.hibernate.type.NullType@d76099a
&amp#27;[30m2025-04-21 07:27:31,853&amp#27;[0;39m &amp#27;[39mDEBUG&amp#27;[0;39m [&amp#27;[34mmain&amp#27;[0;39m] &amp#27;[33mo.h.t.BasicTypeRegistry&amp#27;[0;39m: Adding type registration imm_date -> org.hibernate.type.BasicTypeReference@c822a3
&amp#27;[30m2025-04-21 07:27:31,853&amp#27;[0;39m &amp#27;[39mDEBUG&amp#27;[0;39m [&amp#27;[34mmain&amp#27;[0;39m] &amp#27;[33mo.h.t.BasicTypeRegistry&amp#27;[0;39m: Adding type registration imm_time -> org.hibernate.type.BasicTypeReference@5f09e952
&amp#27;[30m2025-04-21 07:27:31,853&amp#27;[0;39m &amp#27;[39mDEBUG&amp#27;[0;39m [&amp#27;[34mmain&amp#27;[0;39m] &amp#27;[33mo.h.t.BasicTypeRegistry&amp#27;[0;39m: Adding type registration imm_timestamp -> org.hibernate.type.BasicTypeReference@60e06e7e
&amp#27;[30m2025-04-21 07:27:31,854&amp#27;[0;39m &amp#27;[39mDEBUG&amp#27;[0;39m [&amp#27;[34mmain&amp#27;[0;39m] &amp#27;[33mo.h.t.BasicTypeRegistry&amp#27;[0;39m: Adding type registration imm_calendar -> org.hibernate.type.BasicTypeReference@355c2b72
&amp#27;[30m2025-04-21 07:27:31,854&amp#27;[0;39m &amp#27;[39mDEBUG&amp#27;[0;39m [&amp#27;[34mmain&amp#27;[0;39m] &amp#27;[33mo.h.t.BasicTypeRegistry&amp#27;[0;39m: Adding type registration imm_calendar_date -> org.hibernate.type.BasicTypeReference@74c0da40
&amp#27;[30m2025-04-21 07:27:31,854&amp#27;[0;39m &amp#27;[39mDEBUG&amp#27;[0;39m [&amp#27;[34mmain&amp#27;[0;39m] &amp#27;[33mo.h.t.BasicTypeRegistry&amp#27;[0;39m: Adding type registration imm_calendar_time -> org.hibernate.type.BasicTypeReference@6413fef3
&amp#27;[30m2025-04-21 07:27:31,854&amp#27;[0;39m &amp#27;[39mDEBUG&amp#27;[0;39m [&amp#27;[34mmain&amp#27;[0;39m] &amp#27;[33mo.h.t.BasicTypeRegistry&amp#27;[0;39m: Adding type registration imm_binary -> org.hibernate.type.BasicTypeReference@763ff91
&amp#27;[30m2025-04-21 07:27:31,854&amp#27;[0;39m &amp#27;[39mDEBUG&amp#27;[0;39m [&amp#27;[34mmain&amp#27;[0;39m] &amp#27;[33mo.h.t.BasicTypeRegistry&amp#27;[0;39m: Adding type registration imm_serializable -> org.hibernate.type.BasicTypeReference@533053b4
&amp#27;[30m2025-04-21 07:27:31,856&amp#27;[0;39m &amp#27;[39mDEBUG&amp#27;[0;39m [&amp#27;[34mmain&amp#27;[0;39m] &amp#27;[33mo.h.b.i.BootstrapContextImpl&amp#27;[0;39m: Injecting JPA temp ClassLoader [org.springframework.instrument.classloading.SimpleThrowawayClassLoader@5acf07e7] into BootstrapContext; was [null]
&amp#27;[30m2025-04-21 07:27:31,856&amp#27;[0;39m &amp#27;[39mDEBUG&amp#27;[0;39m [&amp#27;[34mmain&amp#27;[0;39m] &amp#27;[33mo.h.b.i.ClassLoaderAccessImpl&amp#27;[0;39m: ClassLoaderAccessImpl#injectTempClassLoader(org.springframework.instrument.classloading.SimpleThrowawayClassLoader@5acf07e7) [was null]
&amp#27;[30m2025-04-21 07:27:31,856&amp#27;[0;39m &amp#27;[39mDEBUG&amp#27;[0;39m [&amp#27;[34mmain&amp#27;[0;39m] &amp#27;[33mo.h.b.i.BootstrapContextImpl&amp#27;[0;39m: Injecting ScanEnvironment [org.hibernate.jpa.boot.internal.StandardJpaScanEnvironmentImpl@42c8f458] into BootstrapContext; was [null]
&amp#27;[30m2025-04-21 07:27:31,857&amp#27;[0;39m &amp#27;[39mDEBUG&amp#27;[0;39m [&amp#27;[34mmain&amp#27;[0;39m] &amp#27;[33mo.h.b.i.BootstrapContextImpl&amp#27;[0;39m: Injecting ScanOptions [org.hibernate.boot.archive.scan.internal.StandardScanOptions@1334a246] into BootstrapContext; was [org.hibernate.boot.archive.scan.internal.StandardScanOptions@364bbba9]
&amp#27;[30m2025-04-21 07:27:31,859&amp#27;[0;39m &amp#27;[39mDEBUG&amp#27;[0;39m [&amp#27;[34mmain&amp#27;[0;39m] &amp#27;[33mo.h.j.b.i.PersistenceUnitInfoDescriptor&amp#27;[0;39m: Pushing class transformers for PU named 'default' on loading classloader jdk.internal.loader.ClassLoaders$AppClassLoader@2f6cfdf6
&amp#27;[30m2025-04-21 07:27:31,878&amp#27;[0;39m &amp#27;[34mINFO &amp#27;[0;39m [&amp#27;[34mmain&amp#27;[0;39m] &amp#27;[33mo.s.o.j.p.SpringPersistenceUnitInfo&amp#27;[0;39m: No LoadTimeWeaver setup: ignoring JPA class transformer
&amp#27;[30m2025-04-21 07:27:31,879&amp#27;[0;39m &amp#27;[39mDEBUG&amp#27;[0;39m [&amp#27;[34mmain&amp#27;[0;39m] &amp#27;[33mo.h.b.i.BootstrapContextImpl&amp#27;[0;39m: Injecting JPA temp ClassLoader [null] into BootstrapContext; was [org.springframework.instrument.classloading.SimpleThrowawayClassLoader@5acf07e7]
&amp#27;[30m2025-04-21 07:27:31,879&amp#27;[0;39m &amp#27;[39mDEBUG&amp#27;[0;39m [&amp#27;[34mmain&amp#27;[0;39m] &amp#27;[33mo.h.b.i.ClassLoaderAccessImpl&amp#27;[0;39m: ClassLoaderAccessImpl#injectTempClassLoader(null) [was org.springframework.instrument.classloading.SimpleThrowawayClassLoader@5acf07e7]
&amp#27;[30m2025-04-21 07:27:31,880&amp#27;[0;39m &amp#27;[39mDEBUG&amp#27;[0;39m [&amp#27;[34mmain&amp#27;[0;39m] &amp#27;[33mo.s.j.d.SimpleDriverDataSource&amp#27;[0;39m: Creating new JDBC Driver Connection to [jdbc:h2:mem:e600bb63-343b-4f33-9b18-6893a51070ce;DB_CLOSE_DELAY=-1;DB_CLOSE_ON_EXIT=false]
&amp#27;[30m2025-04-21 07:27:31,882&amp#27;[0;39m &amp#27;[39mDEBUG&amp#27;[0;39m [&amp#27;[34mmain&amp#27;[0;39m] &amp#27;[33mo.h.e.j.e.i.JdbcEnvironmentInitiator&amp#27;[0;39m: Database ->
	   name : H2
	version : 2.3.232 (2024-08-11)
	  major : 2
	  minor : 3
&amp#27;[30m2025-04-21 07:27:31,882&amp#27;[0;39m &amp#27;[39mDEBUG&amp#27;[0;39m [&amp#27;[34mmain&amp#27;[0;39m] &amp#27;[33mo.h.e.j.e.i.JdbcEnvironmentInitiator&amp#27;[0;39m: Driver ->
	   name : H2 JDBC Driver
	version : 2.3.232 (2024-08-11)
	  major : 2
	  minor : 3
&amp#27;[30m2025-04-21 07:27:31,882&amp#27;[0;39m &amp#27;[39mDEBUG&amp#27;[0;39m [&amp#27;[34mmain&amp#27;[0;39m] &amp#27;[33mo.j.l.DelegatingBasicLogger&amp#27;[0;39m: JDBC version : 4.3
&amp#27;[30m2025-04-21 07:27:31,883&amp#27;[0;39m &amp#27;[39mDEBUG&amp#27;[0;39m [&amp#27;[34mmain&amp#27;[0;39m] &amp#27;[33mo.h.e.j.d.i.DialectFactoryImpl&amp#27;[0;39m: HHH035001: Using dialect: org.hibernate.dialect.H2Dialect, version: 2.3.232
&amp#27;[30m2025-04-21 07:27:31,883&amp#27;[0;39m &amp#27;[39mDEBUG&amp#27;[0;39m [&amp#27;[34mmain&amp#27;[0;39m] &amp#27;[33mo.h.e.j.e.s.IdentifierHelperBuilder&amp#27;[0;39m: JDBC driver metadata reported database stores quoted identifiers in neither upper, lower nor mixed case
&amp#27;[30m2025-04-21 07:27:31,885&amp#27;[0;39m &amp#27;[34mINFO &amp#27;[0;39m [&amp#27;[34mmain&amp#27;[0;39m] &amp#27;[33mo.h.e.j.e.i.JdbcEnvironmentInitiator&amp#27;[0;39m: HHH10001005: Database info:
	Database JDBC URL [Connecting through datasource 'org.springframework.jdbc.datasource.embedded.EmbeddedDatabaseFactory$EmbeddedDataSourceProxy@5d18255a']
	Database driver: undefined/unknown
	Database version: 2.3.232
	Autocommit mode: undefined/unknown
	Isolation level: undefined/unknown
	Minimum pool size: undefined/unknown
	Maximum pool size: undefined/unknown
&amp#27;[30m2025-04-21 07:27:31,886&amp#27;[0;39m &amp#27;[39mDEBUG&amp#27;[0;39m [&amp#27;[34mmain&amp#27;[0;39m] &amp#27;[33mo.h.t.d.j.s.JdbcTypeRegistry&amp#27;[0;39m: addDescriptor(NCharTypeDescriptor) replaced previous registration(CharTypeDescriptor)
&amp#27;[30m2025-04-21 07:27:31,886&amp#27;[0;39m &amp#27;[39mDEBUG&amp#27;[0;39m [&amp#27;[34mmain&amp#27;[0;39m] &amp#27;[33mo.h.t.d.j.s.JdbcTypeRegistry&amp#27;[0;39m: addDescriptor(NVarcharTypeDescriptor) replaced previous registration(VarcharTypeDescriptor)
&amp#27;[30m2025-04-21 07:27:31,886&amp#27;[0;39m &amp#27;[39mDEBUG&amp#27;[0;39m [&amp#27;[34mmain&amp#27;[0;39m] &amp#27;[33mo.h.t.d.j.s.JdbcTypeRegistry&amp#27;[0;39m: addDescriptor(LongNVarcharTypeDescriptor) replaced previous registration(LongVarcharTypeDescriptor)
&amp#27;[30m2025-04-21 07:27:31,886&amp#27;[0;39m &amp#27;[39mDEBUG&amp#27;[0;39m [&amp#27;[34mmain&amp#27;[0;39m] &amp#27;[33mo.h.t.d.j.s.JdbcTypeRegistry&amp#27;[0;39m: addDescriptor(NClobTypeDescriptor(DEFAULT)) replaced previous registration(ClobTypeDescriptor(DEFAULT))
&amp#27;[30m2025-04-21 07:27:31,886&amp#27;[0;39m &amp#27;[39mDEBUG&amp#27;[0;39m [&amp#27;[34mmain&amp#27;[0;39m] &amp#27;[33mo.h.t.d.j.s.JdbcTypeRegistry&amp#27;[0;39m: addDescriptor(TimestampUtcDescriptor) replaced previous registration(TimestampUtcDescriptor)
&amp#27;[30m2025-04-21 07:27:31,887&amp#27;[0;39m &amp#27;[39mDEBUG&amp#27;[0;39m [&amp#27;[34mmain&amp#27;[0;39m] &amp#27;[33mo.h.t.BasicTypeRegistry&amp#27;[0;39m: Adding type registration org.hibernate.type.DurationType -> basicType@39(java.time.Duration,3015)
&amp#27;[30m2025-04-21 07:27:31,887&amp#27;[0;39m &amp#27;[39mDEBUG&amp#27;[0;39m [&amp#27;[34mmain&amp#27;[0;39m] &amp#27;[33mo.h.t.BasicTypeRegistry&amp#27;[0;39m: Adding type registration Duration -> basicType@39(java.time.Duration,3015)
&amp#27;[30m2025-04-21 07:27:31,887&amp#27;[0;39m &amp#27;[39mDEBUG&amp#27;[0;39m [&amp#27;[34mmain&amp#27;[0;39m] &amp#27;[33mo.h.t.BasicTypeRegistry&amp#27;[0;39m: Adding type registration java.time.Duration -> basicType@39(java.time.Duration,3015)
&amp#27;[30m2025-04-21 07:27:31,887&amp#27;[0;39m &amp#27;[39mDEBUG&amp#27;[0;39m [&amp#27;[34mmain&amp#27;[0;39m] &amp#27;[33mo.h.t.s.TypeConfiguration&amp#27;[0;39m: Scoping TypeConfiguration [org.hibernate.type.spi.TypeConfiguration@1396ee3b] to MetadataBuildingContext [org.hibernate.boot.internal.MetadataBuildingContextRootImpl@301af154]
&amp#27;[30m2025-04-21 07:27:31,888&amp#27;[0;39m &amp#27;[39mDEBUG&amp#27;[0;39m [&amp#27;[34mmain&amp#27;[0;39m] &amp#27;[33mo.h.b.m.r.Namespace&amp#27;[0;39m: Created database namespace [logicalName=Name{catalog=null, schema=null}, physicalName=Name{catalog=null, schema=null}]
&amp#27;[30m2025-04-21 07:27:31,888&amp#27;[0;39m &amp#27;[39mDEBUG&amp#27;[0;39m [&amp#27;[34mmain&amp#27;[0;39m] &amp#27;[33mo.h.b.m.i.EntityBinder&amp#27;[0;39m: Binding entity from annotated class: in.rgukt.r081247.universityapi.entity.Course
&amp#27;[30m2025-04-21 07:27:31,889&amp#27;[0;39m &amp#27;[39mDEBUG&amp#27;[0;39m [&amp#27;[34mmain&amp#27;[0;39m] &amp#27;[33mo.h.b.m.i.EntityBinder&amp#27;[0;39m: Import with entity name Course
&amp#27;[30m2025-04-21 07:27:31,889&amp#27;[0;39m &amp#27;[39mDEBUG&amp#27;[0;39m [&amp#27;[34mmain&amp#27;[0;39m] &amp#27;[33mo.h.b.m.i.EntityBinder&amp#27;[0;39m: Bind entity in.rgukt.r081247.universityapi.entity.Course on table course
&amp#27;[30m2025-04-21 07:27:31,889&amp#27;[0;39m &amp#27;[39mDEBUG&amp#27;[0;39m [&amp#27;[34mmain&amp#27;[0;39m] &amp#27;[33mo.h.b.m.i.AnnotatedColumn&amp#27;[0;39m: Binding column: AnnotatedDiscriminatorColumn(column='DTYPE')
&amp#27;[30m2025-04-21 07:27:31,890&amp#27;[0;39m &amp#27;[39mDEBUG&amp#27;[0;39m [&amp#27;[34mmain&amp#27;[0;39m] &amp#27;[33mo.h.b.m.i.AnnotatedColumn&amp#27;[0;39m: Binding column: AnnotatedColumn(column='ID')
&amp#27;[30m2025-04-21 07:27:31,891&amp#27;[0;39m &amp#27;[39mDEBUG&amp#27;[0;39m [&amp#27;[34mmain&amp#27;[0;39m] &amp#27;[33mo.h.b.i.ClassLoaderAccessImpl&amp#27;[0;39m: Not known whether passed class name [in.rgukt.r081247.universityapi.entity.Course] is safe
&amp#27;[30m2025-04-21 07:27:31,891&amp#27;[0;39m &amp#27;[39mDEBUG&amp#27;[0;39m [&amp#27;[34mmain&amp#27;[0;39m] &amp#27;[33mo.h.b.i.ClassLoaderAccessImpl&amp#27;[0;39m: No temp ClassLoader provided; using live ClassLoader for loading potentially unsafe class : in.rgukt.r081247.universityapi.entity.Course
&amp#27;[30m2025-04-21 07:27:31,891&amp#27;[0;39m &amp#27;[39mDEBUG&amp#27;[0;39m [&amp#27;[34mmain&amp#27;[0;39m] &amp#27;[33mo.h.b.m.i.PropertyBinder&amp#27;[0;39m: MetadataSourceProcessor property id with lazy=false
&amp#27;[30m2025-04-21 07:27:31,891&amp#27;[0;39m &amp#27;[39mDEBUG&amp#27;[0;39m [&amp#27;[34mmain&amp#27;[0;39m] &amp#27;[33mo.h.b.m.i.AbstractPropertyHolder&amp#27;[0;39m: Attempting to locate auto-apply AttributeConverter for property [in.rgukt.r081247.universityapi.entity.Course:id]
&amp#27;[30m2025-04-21 07:27:31,892&amp#27;[0;39m &amp#27;[39mDEBUG&amp#27;[0;39m [&amp#27;[34mmain&amp#27;[0;39m] &amp#27;[33mo.h.b.m.i.BasicValueBinder&amp#27;[0;39m: building BasicValue for id
&amp#27;[30m2025-04-21 07:27:31,892&amp#27;[0;39m &amp#27;[39mDEBUG&amp#27;[0;39m [&amp#27;[34mmain&amp#27;[0;39m] &amp#27;[33mo.h.m.BasicValue&amp#27;[0;39m: Skipping column re-registration: course.id
&amp#27;[30m2025-04-21 07:27:31,892&amp#27;[0;39m &amp#27;[39mDEBUG&amp#27;[0;39m [&amp#27;[34mmain&amp#27;[0;39m] &amp#27;[33mo.h.b.m.i.PropertyBinder&amp#27;[0;39m: Building property id
&amp#27;[30m2025-04-21 07:27:31,892&amp#27;[0;39m &amp#27;[39mDEBUG&amp#27;[0;39m [&amp#27;[34mmain&amp#27;[0;39m] &amp#27;[33mo.h.b.m.i.GeneratorBinder&amp#27;[0;39m: #makeIdGenerator(BasicValue([Column(id)]), id, identity, , ...)
&amp#27;[30m2025-04-21 07:27:31,893&amp#27;[0;39m &amp#27;[39mDEBUG&amp#27;[0;39m [&amp#27;[34mmain&amp#27;[0;39m] &amp#27;[33mo.h.b.m.i.AnnotatedColumn&amp#27;[0;39m: Binding column: AnnotatedJoinColumn(column='DEPARTMENT_ID')
&amp#27;[30m2025-04-21 07:27:31,893&amp#27;[0;39m &amp#27;[39mDEBUG&amp#27;[0;39m [&amp#27;[34mmain&amp#27;[0;39m] &amp#27;[33mo.h.b.m.i.AnnotatedColumn&amp#27;[0;39m: Binding column: AnnotatedColumn()
&amp#27;[30m2025-04-21 07:27:31,893&amp#27;[0;39m &amp#27;[39mDEBUG&amp#27;[0;39m [&amp#27;[34mmain&amp#27;[0;39m] &amp#27;[33mo.h.b.m.i.PropertyBinder&amp#27;[0;39m: Building property department
&amp#27;[30m2025-04-21 07:27:31,894&amp#27;[0;39m &amp#27;[39mDEBUG&amp#27;[0;39m [&amp#27;[34mmain&amp#27;[0;39m] &amp#27;[33mo.h.b.m.i.AnnotatedColumn&amp#27;[0;39m: Binding column: AnnotatedColumn(column='NAME')
&amp#27;[30m2025-04-21 07:27:31,894&amp#27;[0;39m &amp#27;[39mDEBUG&amp#27;[0;39m [&amp#27;[34mmain&amp#27;[0;39m] &amp#27;[33mo.h.b.m.i.PropertyBinder&amp#27;[0;39m: MetadataSourceProcessor property name with lazy=false
&amp#27;[30m2025-04-21 07:27:31,894&amp#27;[0;39m &amp#27;[39mDEBUG&amp#27;[0;39m [&amp#27;[34mmain&amp#27;[0;39m] &amp#27;[33mo.h.b.m.i.AbstractPropertyHolder&amp#27;[0;39m: Attempting to locate auto-apply AttributeConverter for property [in.rgukt.r081247.universityapi.entity.Course:name]
&amp#27;[30m2025-04-21 07:27:31,894&amp#27;[0;39m &amp#27;[39mDEBUG&amp#27;[0;39m [&amp#27;[34mmain&amp#27;[0;39m] &amp#27;[33mo.h.b.m.i.BasicValueBinder&amp#27;[0;39m: building BasicValue for name
&amp#27;[30m2025-04-21 07:27:31,895&amp#27;[0;39m &amp#27;[39mDEBUG&amp#27;[0;39m [&amp#27;[34mmain&amp#27;[0;39m] &amp#27;[33mo.h.m.BasicValue&amp#27;[0;39m: Skipping column re-registration: course.name
&amp#27;[30m2025-04-21 07:27:31,895&amp#27;[0;39m &amp#27;[39mDEBUG&amp#27;[0;39m [&amp#27;[34mmain&amp#27;[0;39m] &amp#27;[33mo.h.b.m.i.PropertyBinder&amp#27;[0;39m: Building property name
&amp#27;[30m2025-04-21 07:27:31,895&amp#27;[0;39m &amp#27;[39mDEBUG&amp#27;[0;39m [&amp#27;[34mmain&amp#27;[0;39m] &amp#27;[33mo.h.b.m.i.AnnotatedColumn&amp#27;[0;39m: Binding column: IndexColumn(column='students_ORDER')
&amp#27;[30m2025-04-21 07:27:31,897&amp#27;[0;39m &amp#27;[39mDEBUG&amp#27;[0;39m [&amp#27;[34mmain&amp#27;[0;39m] &amp#27;[33mo.h.b.m.i.AnnotatedColumn&amp#27;[0;39m: Binding column: AnnotatedColumn()
&amp#27;[30m2025-04-21 07:27:31,898&amp#27;[0;39m &amp#27;[39mDEBUG&amp#27;[0;39m [&amp#27;[34mmain&amp#27;[0;39m] &amp#27;[33mo.h.b.m.i.AnnotatedColumn&amp#27;[0;39m: Binding column: AnnotatedColumn(column='students_KEY')
&amp#27;[30m2025-04-21 07:27:31,899&amp#27;[0;39m &amp#27;[39mDEBUG&amp#27;[0;39m [&amp#27;[34mmain&amp#27;[0;39m] &amp#27;[33mo.h.b.m.i.AnnotatedColumn&amp#27;[0;39m: Binding column: AnnotatedJoinColumn(column='students_KEY')
&amp#27;[30m2025-04-21 07:27:31,899&amp#27;[0;39m &amp#27;[39mDEBUG&amp#27;[0;39m [&amp#27;[34mmain&amp#27;[0;39m] &amp#27;[33mo.h.b.m.i.AnnotatedColumn&amp#27;[0;39m: Binding column: AnnotatedJoinColumn()
&amp#27;[30m2025-04-21 07:27:31,900&amp#27;[0;39m &amp#27;[39mDEBUG&amp#27;[0;39m [&amp#27;[34mmain&amp#27;[0;39m] &amp#27;[33mo.h.b.m.i.AnnotatedColumn&amp#27;[0;39m: Binding column: AnnotatedJoinColumn()
&amp#27;[30m2025-04-21 07:27:31,901&amp#27;[0;39m &amp#27;[39mDEBUG&amp#27;[0;39m [&amp#27;[34mmain&amp#27;[0;39m] &amp#27;[33mo.h.b.m.i.CollectionBinder&amp#27;[0;39m: Collection role: in.rgukt.r081247.universityapi.entity.Course.students
&amp#27;[30m2025-04-21 07:27:31,901&amp#27;[0;39m &amp#27;[39mDEBUG&amp#27;[0;39m [&amp#27;[34mmain&amp#27;[0;39m] &amp#27;[33mo.h.b.m.i.PropertyBinder&amp#27;[0;39m: Building property students
&amp#27;[30m2025-04-21 07:27:31,903&amp#27;[0;39m &amp#27;[39mDEBUG&amp#27;[0;39m [&amp#27;[34mmain&amp#27;[0;39m] &amp#27;[33mo.h.b.r.c.i.ClassLoaderServiceImpl&amp#27;[0;39m: HHH000194: Package not found or no package-info.java: in.rgukt.r081247.universityapi.entity
&amp#27;[30m2025-04-21 07:27:31,905&amp#27;[0;39m &amp#27;[39mDEBUG&amp#27;[0;39m [&amp#27;[34mmain&amp#27;[0;39m] &amp#27;[33mo.h.b.m.i.EntityBinder&amp#27;[0;39m: Binding entity from annotated class: in.rgukt.r081247.universityapi.entity.Department
&amp#27;[30m2025-04-21 07:27:31,906&amp#27;[0;39m &amp#27;[39mDEBUG&amp#27;[0;39m [&amp#27;[34mmain&amp#27;[0;39m] &amp#27;[33mo.h.b.m.i.EntityBinder&amp#27;[0;39m: Import with entity name Department
&amp#27;[30m2025-04-21 07:27:31,907&amp#27;[0;39m &amp#27;[39mDEBUG&amp#27;[0;39m [&amp#27;[34mmain&amp#27;[0;39m] &amp#27;[33mo.h.b.m.i.EntityBinder&amp#27;[0;39m: Bind entity in.rgukt.r081247.universityapi.entity.Department on table department
&amp#27;[30m2025-04-21 07:27:31,908&amp#27;[0;39m &amp#27;[39mDEBUG&amp#27;[0;39m [&amp#27;[34mmain&amp#27;[0;39m] &amp#27;[33mo.h.b.m.i.AnnotatedColumn&amp#27;[0;39m: Binding column: AnnotatedDiscriminatorColumn(column='DTYPE')
&amp#27;[30m2025-04-21 07:27:31,910&amp#27;[0;39m &amp#27;[39mDEBUG&amp#27;[0;39m [&amp#27;[34mmain&amp#27;[0;39m] &amp#27;[33mo.h.b.m.i.AnnotatedColumn&amp#27;[0;39m: Binding column: AnnotatedColumn(column='ID')
&amp#27;[30m2025-04-21 07:27:31,911&amp#27;[0;39m &amp#27;[39mDEBUG&amp#27;[0;39m [&amp#27;[34mmain&amp#27;[0;39m] &amp#27;[33mo.h.b.i.ClassLoaderAccessImpl&amp#27;[0;39m: Not known whether passed class name [in.rgukt.r081247.universityapi.entity.Department] is safe
&amp#27;[30m2025-04-21 07:27:31,912&amp#27;[0;39m &amp#27;[39mDEBUG&amp#27;[0;39m [&amp#27;[34mmain&amp#27;[0;39m] &amp#27;[33mo.h.b.i.ClassLoaderAccessImpl&amp#27;[0;39m: No temp ClassLoader provided; using live ClassLoader for loading potentially unsafe class : in.rgukt.r081247.universityapi.entity.Department
&amp#27;[30m2025-04-21 07:27:31,913&amp#27;[0;39m &amp#27;[39mDEBUG&amp#27;[0;39m [&amp#27;[34mmain&amp#27;[0;39m] &amp#27;[33mo.h.b.m.i.PropertyBinder&amp#27;[0;39m: MetadataSourceProcessor property id with lazy=false
&amp#27;[30m2025-04-21 07:27:31,913&amp#27;[0;39m &amp#27;[39mDEBUG&amp#27;[0;39m [&amp#27;[34mmain&amp#27;[0;39m] &amp#27;[33mo.h.b.m.i.AbstractPropertyHolder&amp#27;[0;39m: Attempting to locate auto-apply AttributeConverter for property [in.rgukt.r081247.universityapi.entity.Department:id]
&amp#27;[30m2025-04-21 07:27:31,914&amp#27;[0;39m &amp#27;[39mDEBUG&amp#27;[0;39m [&amp#27;[34mmain&amp#27;[0;39m] &amp#27;[33mo.h.b.m.i.BasicValueBinder&amp#27;[0;39m: building BasicValue for id
&amp#27;[30m2025-04-21 07:27:31,914&amp#27;[0;39m &amp#27;[39mDEBUG&amp#27;[0;39m [&amp#27;[34mmain&amp#27;[0;39m] &amp#27;[33mo.h.m.BasicValue&amp#27;[0;39m: Skipping column re-registration: department.id
&amp#27;[30m2025-04-21 07:27:31,915&amp#27;[0;39m &amp#27;[39mDEBUG&amp#27;[0;39m [&amp#27;[34mmain&amp#27;[0;39m] &amp#27;[33mo.h.b.m.i.PropertyBinder&amp#27;[0;39m: Building property id
&amp#27;[30m2025-04-21 07:27:31,916&amp#27;[0;39m &amp#27;[39mDEBUG&amp#27;[0;39m [&amp#27;[34mmain&amp#27;[0;39m] &amp#27;[33mo.h.b.m.i.GeneratorBinder&amp#27;[0;39m: #makeIdGenerator(BasicValue([Column(id)]), id, identity, , ...)
&amp#27;[30m2025-04-21 07:27:31,917&amp#27;[0;39m &amp#27;[39mDEBUG&amp#27;[0;39m [&amp#27;[34mmain&amp#27;[0;39m] &amp#27;[33mo.h.b.m.i.AnnotatedColumn&amp#27;[0;39m: Binding column: AnnotatedJoinColumn()
&amp#27;[30m2025-04-21 07:27:31,918&amp#27;[0;39m &amp#27;[39mDEBUG&amp#27;[0;39m [&amp#27;[34mmain&amp#27;[0;39m] &amp#27;[33mo.h.b.m.i.AnnotatedColumn&amp#27;[0;39m: Binding column: AnnotatedColumn()
&amp#27;[30m2025-04-21 07:27:31,919&amp#27;[0;39m &amp#27;[39mDEBUG&amp#27;[0;39m [&amp#27;[34mmain&amp#27;[0;39m] &amp#27;[33mo.h.b.m.i.AnnotatedColumn&amp#27;[0;39m: Binding column: IndexColumn(column='courses_ORDER')
&amp#27;[30m2025-04-21 07:27:31,920&amp#27;[0;39m &amp#27;[39mDEBUG&amp#27;[0;39m [&amp#27;[34mmain&amp#27;[0;39m] &amp#27;[33mo.h.b.m.i.AnnotatedColumn&amp#27;[0;39m: Binding column: AnnotatedColumn()
&amp#27;[30m2025-04-21 07:27:31,921&amp#27;[0;39m &amp#27;[39mDEBUG&amp#27;[0;39m [&amp#27;[34mmain&amp#27;[0;39m] &amp#27;[33mo.h.b.m.i.AnnotatedColumn&amp#27;[0;39m: Binding column: AnnotatedColumn(column='courses_KEY')
&amp#27;[30m2025-04-21 07:27:31,922&amp#27;[0;39m &amp#27;[39mDEBUG&amp#27;[0;39m [&amp#27;[34mmain&amp#27;[0;39m] &amp#27;[33mo.h.b.m.i.AnnotatedColumn&amp#27;[0;39m: Binding column: AnnotatedJoinColumn(column='courses_KEY')
&amp#27;[30m2025-04-21 07:27:31,923&amp#27;[0;39m &amp#27;[39mDEBUG&amp#27;[0;39m [&amp#27;[34mmain&amp#27;[0;39m] &amp#27;[33mo.h.b.m.i.AnnotatedColumn&amp#27;[0;39m: Binding column: AnnotatedJoinColumn()
&amp#27;[30m2025-04-21 07:27:31,923&amp#27;[0;39m &amp#27;[39mDEBUG&amp#27;[0;39m [&amp#27;[34mmain&amp#27;[0;39m] &amp#27;[33mo.h.b.m.i.AnnotatedColumn&amp#27;[0;39m: Binding column: AnnotatedJoinColumn()
&amp#27;[30m2025-04-21 07:27:31,923&amp#27;[0;39m &amp#27;[39mDEBUG&amp#27;[0;39m [&amp#27;[34mmain&amp#27;[0;39m] &amp#27;[33mo.h.b.m.i.CollectionBinder&amp#27;[0;39m: Collection role: in.rgukt.r081247.universityapi.entity.Department.courses
&amp#27;[30m2025-04-21 07:27:31,924&amp#27;[0;39m &amp#27;[39mDEBUG&amp#27;[0;39m [&amp#27;[34mmain&amp#27;[0;39m] &amp#27;[33mo.h.b.m.i.PropertyBinder&amp#27;[0;39m: Building property courses
&amp#27;[30m2025-04-21 07:27:31,925&amp#27;[0;39m &amp#27;[39mDEBUG&amp#27;[0;39m [&amp#27;[34mmain&amp#27;[0;39m] &amp#27;[33mo.h.b.m.i.AnnotatedColumn&amp#27;[0;39m: Binding column: AnnotatedColumn(column='NAME')
&amp#27;[30m2025-04-21 07:27:31,926&amp#27;[0;39m &amp#27;[39mDEBUG&amp#27;[0;39m [&amp#27;[34mmain&amp#27;[0;39m] &amp#27;[33mo.h.b.m.i.PropertyBinder&amp#27;[0;39m: MetadataSourceProcessor property name with lazy=false
&amp#27;[30m2025-04-21 07:27:31,926&amp#27;[0;39m &amp#27;[39mDEBUG&amp#27;[0;39m [&amp#27;[34mmain&amp#27;[0;39m] &amp#27;[33mo.h.b.m.i.AbstractPropertyHolder&amp#27;[0;39m: Attempting to locate auto-apply AttributeConverter for property [in.rgukt.r081247.universityapi.entity.Department:name]
&amp#27;[30m2025-04-21 07:27:31,927&amp#27;[0;39m &amp#27;[39mDEBUG&amp#27;[0;39m [&amp#27;[34mmain&amp#27;[0;39m] &amp#27;[33mo.h.b.m.i.BasicValueBinder&amp#27;[0;39m: building BasicValue for name
&amp#27;[30m2025-04-21 07:27:31,928&amp#27;[0;39m &amp#27;[39mDEBUG&amp#27;[0;39m [&amp#27;[34mmain&amp#27;[0;39m] &amp#27;[33mo.h.m.BasicValue&amp#27;[0;39m: Skipping column re-registration: department.name
&amp#27;[30m2025-04-21 07:27:31,929&amp#27;[0;39m &amp#27;[39mDEBUG&amp#27;[0;39m [&amp#27;[34mmain&amp#27;[0;39m] &amp#27;[33mo.h.b.m.i.PropertyBinder&amp#27;[0;39m: Building property name
&amp#27;[30m2025-04-21 07:27:31,930&amp#27;[0;39m &amp#27;[39mDEBUG&amp#27;[0;39m [&amp#27;[34mmain&amp#27;[0;39m] &amp#27;[33mo.h.b.r.c.i.ClassLoaderServiceImpl&amp#27;[0;39m: HHH000194: Package not found or no package-info.java: in.rgukt.r081247.universityapi.entity
&amp#27;[30m2025-04-21 07:27:31,932&amp#27;[0;39m &amp#27;[39mDEBUG&amp#27;[0;39m [&amp#27;[34mmain&amp#27;[0;39m] &amp#27;[33mo.h.b.m.i.EntityBinder&amp#27;[0;39m: Binding entity from annotated class: in.rgukt.r081247.universityapi.entity.Student
&amp#27;[30m2025-04-21 07:27:31,932&amp#27;[0;39m &amp#27;[39mDEBUG&amp#27;[0;39m [&amp#27;[34mmain&amp#27;[0;39m] &amp#27;[33mo.h.b.m.i.EntityBinder&amp#27;[0;39m: Import with entity name Student
&amp#27;[30m2025-04-21 07:27:31,933&amp#27;[0;39m &amp#27;[39mDEBUG&amp#27;[0;39m [&amp#27;[34mmain&amp#27;[0;39m] &amp#27;[33mo.h.b.m.i.EntityBinder&amp#27;[0;39m: Bind entity in.rgukt.r081247.universityapi.entity.Student on table student
&amp#27;[30m2025-04-21 07:27:31,934&amp#27;[0;39m &amp#27;[39mDEBUG&amp#27;[0;39m [&amp#27;[34mmain&amp#27;[0;39m] &amp#27;[33mo.h.b.m.i.AnnotatedColumn&amp#27;[0;39m: Binding column: AnnotatedDiscriminatorColumn(column='DTYPE')
&amp#27;[30m2025-04-21 07:27:31,936&amp#27;[0;39m &amp#27;[39mDEBUG&amp#27;[0;39m [&amp#27;[34mmain&amp#27;[0;39m] &amp#27;[33mo.h.b.m.i.AnnotatedColumn&amp#27;[0;39m: Binding column: AnnotatedColumn(column='ID')
&amp#27;[30m2025-04-21 07:27:31,937&amp#27;[0;39m &amp#27;[39mDEBUG&amp#27;[0;39m [&amp#27;[34mmain&amp#27;[0;39m] &amp#27;[33mo.h.b.i.ClassLoaderAccessImpl&amp#27;[0;39m: Not known whether passed class name [in.rgukt.r081247.universityapi.entity.Student] is safe
&amp#27;[30m2025-04-21 07:27:31,937&amp#27;[0;39m &amp#27;[39mDEBUG&amp#27;[0;39m [&amp#27;[34mmain&amp#27;[0;39m] &amp#27;[33mo.h.b.i.ClassLoaderAccessImpl&amp#27;[0;39m: No temp ClassLoader provided; using live ClassLoader for loading potentially unsafe class : in.rgukt.r081247.universityapi.entity.Student
&amp#27;[30m2025-04-21 07:27:31,938&amp#27;[0;39m &amp#27;[39mDEBUG&amp#27;[0;39m [&amp#27;[34mmain&amp#27;[0;39m] &amp#27;[33mo.h.b.m.i.PropertyBinder&amp#27;[0;39m: MetadataSourceProcessor property id with lazy=false
&amp#27;[30m2025-04-21 07:27:31,938&amp#27;[0;39m &amp#27;[39mDEBUG&amp#27;[0;39m [&amp#27;[34mmain&amp#27;[0;39m] &amp#27;[33mo.h.b.m.i.AbstractPropertyHolder&amp#27;[0;39m: Attempting to locate auto-apply AttributeConverter for property [in.rgukt.r081247.universityapi.entity.Student:id]
&amp#27;[30m2025-04-21 07:27:31,939&amp#27;[0;39m &amp#27;[39mDEBUG&amp#27;[0;39m [&amp#27;[34mmain&amp#27;[0;39m] &amp#27;[33mo.h.b.m.i.BasicValueBinder&amp#27;[0;39m: building BasicValue for id
&amp#27;[30m2025-04-21 07:27:31,939&amp#27;[0;39m &amp#27;[39mDEBUG&amp#27;[0;39m [&amp#27;[34mmain&amp#27;[0;39m] &amp#27;[33mo.h.m.BasicValue&amp#27;[0;39m: Skipping column re-registration: student.id
&amp#27;[30m2025-04-21 07:27:31,940&amp#27;[0;39m &amp#27;[39mDEBUG&amp#27;[0;39m [&amp#27;[34mmain&amp#27;[0;39m] &amp#27;[33mo.h.b.m.i.PropertyBinder&amp#27;[0;39m: Building property id
&amp#27;[30m2025-04-21 07:27:31,941&amp#27;[0;39m &amp#27;[39mDEBUG&amp#27;[0;39m [&amp#27;[34mmain&amp#27;[0;39m] &amp#27;[33mo.h.b.m.i.GeneratorBinder&amp#27;[0;39m: #makeIdGenerator(BasicValue([Column(id)]), id, identity, , ...)
&amp#27;[30m2025-04-21 07:27:31,942&amp#27;[0;39m &amp#27;[39mDEBUG&amp#27;[0;39m [&amp#27;[34mmain&amp#27;[0;39m] &amp#27;[33mo.h.b.m.i.AnnotatedColumn&amp#27;[0;39m: Binding column: IndexColumn(column='courses_ORDER')
&amp#27;[30m2025-04-21 07:27:31,943&amp#27;[0;39m &amp#27;[39mDEBUG&amp#27;[0;39m [&amp#27;[34mmain&amp#27;[0;39m] &amp#27;[33mo.h.b.m.i.AnnotatedColumn&amp#27;[0;39m: Binding column: AnnotatedColumn()
&amp#27;[30m2025-04-21 07:27:31,944&amp#27;[0;39m &amp#27;[39mDEBUG&amp#27;[0;39m [&amp#27;[34mmain&amp#27;[0;39m] &amp#27;[33mo.h.b.m.i.AnnotatedColumn&amp#27;[0;39m: Binding column: AnnotatedColumn(column='courses_KEY')
&amp#27;[30m2025-04-21 07:27:31,944&amp#27;[0;39m &amp#27;[39mDEBUG&amp#27;[0;39m [&amp#27;[34mmain&amp#27;[0;39m] &amp#27;[33mo.h.b.m.i.AnnotatedColumn&amp#27;[0;39m: Binding column: AnnotatedJoinColumn(column='courses_KEY')
&amp#27;[30m2025-04-21 07:27:31,945&amp#27;[0;39m &amp#27;[39mDEBUG&amp#27;[0;39m [&amp#27;[34mmain&amp#27;[0;39m] &amp#27;[33mo.h.b.m.i.AnnotatedColumn&amp#27;[0;39m: Binding column: AnnotatedJoinColumn(column='STUDENT_ID')
&amp#27;[30m2025-04-21 07:27:31,946&amp#27;[0;39m &amp#27;[39mDEBUG&amp#27;[0;39m [&amp#27;[34mmain&amp#27;[0;39m] &amp#27;[33mo.h.b.m.i.AnnotatedColumn&amp#27;[0;39m: Binding column: AnnotatedJoinColumn(column='COURSE_ID')
&amp#27;[30m2025-04-21 07:27:31,946&amp#27;[0;39m &amp#27;[39mDEBUG&amp#27;[0;39m [&amp#27;[34mmain&amp#27;[0;39m] &amp#27;[33mo.h.b.m.i.CollectionBinder&amp#27;[0;39m: Collection role: in.rgukt.r081247.universityapi.entity.Student.courses
&amp#27;[30m2025-04-21 07:27:31,947&amp#27;[0;39m &amp#27;[39mDEBUG&amp#27;[0;39m [&amp#27;[34mmain&amp#27;[0;39m] &amp#27;[33mo.h.b.m.i.PropertyBinder&amp#27;[0;39m: Building property courses
&amp#27;[30m2025-04-21 07:27:31,948&amp#27;[0;39m &amp#27;[39mDEBUG&amp#27;[0;39m [&amp#27;[34mmain&amp#27;[0;39m] &amp#27;[33mo.h.b.m.i.AnnotatedColumn&amp#27;[0;39m: Binding column: AnnotatedColumn(column='DOB')
&amp#27;[30m2025-04-21 07:27:31,948&amp#27;[0;39m &amp#27;[39mDEBUG&amp#27;[0;39m [&amp#27;[34mmain&amp#27;[0;39m] &amp#27;[33mo.h.b.m.i.PropertyBinder&amp#27;[0;39m: MetadataSourceProcessor property dob with lazy=false
&amp#27;[30m2025-04-21 07:27:31,949&amp#27;[0;39m &amp#27;[39mDEBUG&amp#27;[0;39m [&amp#27;[34mmain&amp#27;[0;39m] &amp#27;[33mo.h.b.m.i.AbstractPropertyHolder&amp#27;[0;39m: Attempting to locate auto-apply AttributeConverter for property [in.rgukt.r081247.universityapi.entity.Student:dob]
&amp#27;[30m2025-04-21 07:27:31,949&amp#27;[0;39m &amp#27;[39mDEBUG&amp#27;[0;39m [&amp#27;[34mmain&amp#27;[0;39m] &amp#27;[33mo.h.b.m.i.BasicValueBinder&amp#27;[0;39m: building BasicValue for dob
&amp#27;[30m2025-04-21 07:27:31,949&amp#27;[0;39m &amp#27;[39mDEBUG&amp#27;[0;39m [&amp#27;[34mmain&amp#27;[0;39m] &amp#27;[33mo.h.m.BasicValue&amp#27;[0;39m: Skipping column re-registration: student.dob
&amp#27;[30m2025-04-21 07:27:31,950&amp#27;[0;39m &amp#27;[39mDEBUG&amp#27;[0;39m [&amp#27;[34mmain&amp#27;[0;39m] &amp#27;[33mo.h.b.m.i.PropertyBinder&amp#27;[0;39m: Building property dob
&amp#27;[30m2025-04-21 07:27:31,951&amp#27;[0;39m &amp#27;[39mDEBUG&amp#27;[0;39m [&amp#27;[34mmain&amp#27;[0;39m] &amp#27;[33mo.h.b.m.i.AnnotatedColumn&amp#27;[0;39m: Binding column: AnnotatedColumn(column='NAME')
&amp#27;[30m2025-04-21 07:27:31,952&amp#27;[0;39m &amp#27;[39mDEBUG&amp#27;[0;39m [&amp#27;[34mmain&amp#27;[0;39m] &amp#27;[33mo.h.b.m.i.PropertyBinder&amp#27;[0;39m: MetadataSourceProcessor property name with lazy=false
&amp#27;[30m2025-04-21 07:27:31,953&amp#27;[0;39m &amp#27;[39mDEBUG&amp#27;[0;39m [&amp#27;[34mmain&amp#27;[0;39m] &amp#27;[33mo.h.b.m.i.AbstractPropertyHolder&amp#27;[0;39m: Attempting to locate auto-apply AttributeConverter for property [in.rgukt.r081247.universityapi.entity.Student:name]
&amp#27;[30m2025-04-21 07:27:31,953&amp#27;[0;39m &amp#27;[39mDEBUG&amp#27;[0;39m [&amp#27;[34mmain&amp#27;[0;39m] &amp#27;[33mo.h.b.m.i.BasicValueBinder&amp#27;[0;39m: building BasicValue for name
&amp#27;[30m2025-04-21 07:27:31,953&amp#27;[0;39m &amp#27;[39mDEBUG&amp#27;[0;39m [&amp#27;[34mmain&amp#27;[0;39m] &amp#27;[33mo.h.m.BasicValue&amp#27;[0;39m: Skipping column re-registration: student.name
&amp#27;[30m2025-04-21 07:27:31,954&amp#27;[0;39m &amp#27;[39mDEBUG&amp#27;[0;39m [&amp#27;[34mmain&amp#27;[0;39m] &amp#27;[33mo.h.b.m.i.PropertyBinder&amp#27;[0;39m: Building property name
&amp#27;[30m2025-04-21 07:27:31,956&amp#27;[0;39m &amp#27;[39mDEBUG&amp#27;[0;39m [&amp#27;[34mmain&amp#27;[0;39m] &amp#27;[33mo.h.b.r.c.i.ClassLoaderServiceImpl&amp#27;[0;39m: HHH000194: Package not found or no package-info.java: in.rgukt.r081247.universityapi.entity
&amp#27;[30m2025-04-21 07:27:31,958&amp#27;[0;39m &amp#27;[39mDEBUG&amp#27;[0;39m [&amp#27;[34mmain&amp#27;[0;39m] &amp#27;[33mo.h.b.m.i.BasicValueBinder&amp#27;[0;39m: Starting `BasicValueBinder#fillSimpleValue` for id
&amp#27;[30m2025-04-21 07:27:31,959&amp#27;[0;39m &amp#27;[39mDEBUG&amp#27;[0;39m [&amp#27;[34mmain&amp#27;[0;39m] &amp#27;[33mo.h.b.m.i.BasicValueBinder&amp#27;[0;39m: Starting `BasicValueBinder#fillSimpleValue` for name
&amp#27;[30m2025-04-21 07:27:31,960&amp#27;[0;39m &amp#27;[39mDEBUG&amp#27;[0;39m [&amp#27;[34mmain&amp#27;[0;39m] &amp#27;[33mo.h.b.m.i.BasicValueBinder&amp#27;[0;39m: Starting `BasicValueBinder#fillSimpleValue` for id
&amp#27;[30m2025-04-21 07:27:31,960&amp#27;[0;39m &amp#27;[39mDEBUG&amp#27;[0;39m [&amp#27;[34mmain&amp#27;[0;39m] &amp#27;[33mo.h.b.m.i.BasicValueBinder&amp#27;[0;39m: Starting `BasicValueBinder#fillSimpleValue` for name
&amp#27;[30m2025-04-21 07:27:31,961&amp#27;[0;39m &amp#27;[39mDEBUG&amp#27;[0;39m [&amp#27;[34mmain&amp#27;[0;39m] &amp#27;[33mo.h.b.m.i.BasicValueBinder&amp#27;[0;39m: Starting `BasicValueBinder#fillSimpleValue` for id
&amp#27;[30m2025-04-21 07:27:31,961&amp#27;[0;39m &amp#27;[39mDEBUG&amp#27;[0;39m [&amp#27;[34mmain&amp#27;[0;39m] &amp#27;[33mo.h.b.m.i.BasicValueBinder&amp#27;[0;39m: Starting `BasicValueBinder#fillSimpleValue` for dob
&amp#27;[30m2025-04-21 07:27:31,961&amp#27;[0;39m &amp#27;[39mDEBUG&amp#27;[0;39m [&amp#27;[34mmain&amp#27;[0;39m] &amp#27;[33mo.h.b.m.i.BasicValueBinder&amp#27;[0;39m: Starting `BasicValueBinder#fillSimpleValue` for name
&amp#27;[30m2025-04-21 07:27:31,962&amp#27;[0;39m &amp#27;[39mDEBUG&amp#27;[0;39m [&amp#27;[34mmain&amp#27;[0;39m] &amp#27;[33mo.h.m.PrimaryKey&amp#27;[0;39m: Forcing column [id] to be non-null as it is part of the primary key for table [course]
&amp#27;[30m2025-04-21 07:27:31,963&amp#27;[0;39m &amp#27;[39mDEBUG&amp#27;[0;39m [&amp#27;[34mmain&amp#27;[0;39m] &amp#27;[33mo.h.m.PrimaryKey&amp#27;[0;39m: Forcing column [id] to be non-null as it is part of the primary key for table [department]
&amp#27;[30m2025-04-21 07:27:31,963&amp#27;[0;39m &amp#27;[39mDEBUG&amp#27;[0;39m [&amp#27;[34mmain&amp#27;[0;39m] &amp#27;[33mo.h.m.PrimaryKey&amp#27;[0;39m: Forcing column [id] to be non-null as it is part of the primary key for table [student]
&amp#27;[30m2025-04-21 07:27:31,963&amp#27;[0;39m &amp#27;[39mDEBUG&amp#27;[0;39m [&amp#27;[34mmain&amp#27;[0;39m] &amp#27;[33mo.h.b.m.i.CollectionSecondPass&amp#27;[0;39m: Second pass for collection: in.rgukt.r081247.universityapi.entity.Student.courses
&amp#27;[30m2025-04-21 07:27:31,964&amp#27;[0;39m &amp#27;[39mDEBUG&amp#27;[0;39m [&amp#27;[34mmain&amp#27;[0;39m] &amp#27;[33mo.h.b.m.i.CollectionBinder&amp#27;[0;39m: Binding a ManyToMany: in.rgukt.r081247.universityapi.entity.Student.courses
&amp#27;[30m2025-04-21 07:27:31,966&amp#27;[0;39m &amp#27;[39mDEBUG&amp#27;[0;39m [&amp#27;[34mmain&amp#27;[0;39m] &amp#27;[33mo.h.b.r.c.i.ClassLoaderServiceImpl&amp#27;[0;39m: HHH000194: Package not found or no package-info.java: in.rgukt.r081247.universityapi.entity
&amp#27;[30m2025-04-21 07:27:31,967&amp#27;[0;39m &amp#27;[39mDEBUG&amp#27;[0;39m [&amp#27;[34mmain&amp#27;[0;39m] &amp#27;[33mo.h.m.PrimaryKey&amp#27;[0;39m: Forcing column [student_id] to be non-null as it is part of the primary key for table [student_course]
&amp#27;[30m2025-04-21 07:27:31,968&amp#27;[0;39m &amp#27;[39mDEBUG&amp#27;[0;39m [&amp#27;[34mmain&amp#27;[0;39m] &amp#27;[33mo.h.m.PrimaryKey&amp#27;[0;39m: Forcing column [course_id] to be non-null as it is part of the primary key for table [student_course]
&amp#27;[30m2025-04-21 07:27:31,968&amp#27;[0;39m &amp#27;[39mDEBUG&amp#27;[0;39m [&amp#27;[34mmain&amp#27;[0;39m] &amp#27;[33mo.h.b.m.i.CollectionSecondPass&amp#27;[0;39m: Mapped collection key: student_id, element: course_id
&amp#27;[30m2025-04-21 07:27:31,969&amp#27;[0;39m &amp#27;[39mDEBUG&amp#27;[0;39m [&amp#27;[34mmain&amp#27;[0;39m] &amp#27;[33mo.h.b.m.i.CollectionSecondPass&amp#27;[0;39m: Second pass for collection: in.rgukt.r081247.universityapi.entity.Course.students
&amp#27;[30m2025-04-21 07:27:31,970&amp#27;[0;39m &amp#27;[39mDEBUG&amp#27;[0;39m [&amp#27;[34mmain&amp#27;[0;39m] &amp#27;[33mo.h.b.m.i.CollectionBinder&amp#27;[0;39m: Binding a ManyToMany: in.rgukt.r081247.universityapi.entity.Course.students
&amp#27;[30m2025-04-21 07:27:31,971&amp#27;[0;39m &amp#27;[39mDEBUG&amp#27;[0;39m [&amp#27;[34mmain&amp#27;[0;39m] &amp#27;[33mo.h.b.r.c.i.ClassLoaderServiceImpl&amp#27;[0;39m: HHH000194: Package not found or no package-info.java: in.rgukt.r081247.universityapi.entity
&amp#27;[30m2025-04-21 07:27:31,972&amp#27;[0;39m &amp#27;[39mDEBUG&amp#27;[0;39m [&amp#27;[34mmain&amp#27;[0;39m] &amp#27;[33mo.h.b.m.i.TableBinder&amp#27;[0;39m: Retrieving property in.rgukt.r081247.universityapi.entity.Student.courses
&amp#27;[30m2025-04-21 07:27:31,973&amp#27;[0;39m &amp#27;[39mDEBUG&amp#27;[0;39m [&amp#27;[34mmain&amp#27;[0;39m] &amp#27;[33mo.h.b.m.i.CollectionSecondPass&amp#27;[0;39m: Mapped collection key: course_id, element: student_id
&amp#27;[30m2025-04-21 07:27:31,975&amp#27;[0;39m &amp#27;[39mDEBUG&amp#27;[0;39m [&amp#27;[34mmain&amp#27;[0;39m] &amp#27;[33mo.h.b.m.i.CollectionSecondPass&amp#27;[0;39m: Second pass for collection: in.rgukt.r081247.universityapi.entity.Department.courses
&amp#27;[30m2025-04-21 07:27:31,975&amp#27;[0;39m &amp#27;[39mDEBUG&amp#27;[0;39m [&amp#27;[34mmain&amp#27;[0;39m] &amp#27;[33mo.h.b.m.i.CollectionBinder&amp#27;[0;39m: Binding a OneToMany: in.rgukt.r081247.universityapi.entity.Department.courses through a foreign key
&amp#27;[30m2025-04-21 07:27:31,976&amp#27;[0;39m &amp#27;[39mDEBUG&amp#27;[0;39m [&amp#27;[34mmain&amp#27;[0;39m] &amp#27;[33mo.h.b.m.i.CollectionBinder&amp#27;[0;39m: Mapping collection: in.rgukt.r081247.universityapi.entity.Department.courses -> course
&amp#27;[30m2025-04-21 07:27:31,977&amp#27;[0;39m &amp#27;[39mDEBUG&amp#27;[0;39m [&amp#27;[34mmain&amp#27;[0;39m] &amp#27;[33mo.h.b.m.i.TableBinder&amp#27;[0;39m: Retrieving property in.rgukt.r081247.universityapi.entity.Course.department
&amp#27;[30m2025-04-21 07:27:31,977&amp#27;[0;39m &amp#27;[39mDEBUG&amp#27;[0;39m [&amp#27;[34mmain&amp#27;[0;39m] &amp#27;[33mo.h.b.m.i.CollectionSecondPass&amp#27;[0;39m: Mapped collection key: department_id, one-to-many: in.rgukt.r081247.universityapi.entity.Course
&amp#27;[30m2025-04-21 07:27:32,016&amp#27;[0;39m &amp#27;[39mDEBUG&amp#27;[0;39m [&amp#27;[34mmain&amp#27;[0;39m] &amp#27;[33mo.h.i.SessionFactoryImpl&amp#27;[0;39m: Building session factory
&amp#27;[30m2025-04-21 07:27:32,019&amp#27;[0;39m &amp#27;[39mDEBUG&amp#27;[0;39m [&amp#27;[34mmain&amp#27;[0;39m] &amp#27;[33mo.h.s.i.SessionFactoryServiceRegistryImpl&amp#27;[0;39m: EventListenerRegistry access via ServiceRegistry is deprecated.  Use `sessionFactory.getEventEngine().getListenerRegistry()` instead
&amp#27;[30m2025-04-21 07:27:32,020&amp#27;[0;39m &amp#27;[39mDEBUG&amp#27;[0;39m [&amp#27;[34mmain&amp#27;[0;39m] &amp#27;[33mo.h.i.SessionFactoryImpl&amp#27;[0;39m: Instantiating SessionFactory with settings: {hibernate.format_sql=true, java.specification.version=23, hibernate.resource.beans.container=org.springframework.orm.hibernate5.SpringBeanContainer@5a487b86, hibernate.connection.handling_mode=DELAYED_ACQUISITION_AND_HOLD, sun.jnu.encoding=UTF-8, hibernate.implicit_naming_strategy=org.springframework.boot.orm.jpa.hibernate.SpringImplicitNamingStrategy, java.class.path=/home/vinod/Desktop/projects/apis/universityapi/target/test-classes:/home/vinod/Desktop/projects/apis/universityapi/target/classes:/home/vinod/.m2/repository/org/springframework/boot/spring-boot-starter-data-jpa/3.4.4/spring-boot-starter-data-jpa-3.4.4.jar:/home/vinod/.m2/repository/org/springframework/boot/spring-boot-starter/3.4.4/spring-boot-starter-3.4.4.jar:/home/vinod/.m2/repository/org/springframework/boot/spring-boot-starter-logging/3.4.4/spring-boot-starter-logging-3.4.4.jar:/home/vinod/.m2/repository/ch/qos/logback/logback-classic/1.5.18/logback-classic-1.5.18.jar:/home/vinod/.m2/repository/ch/qos/logback/logback-core/1.5.18/logback-core-1.5.18.jar:/home/vinod/.m2/repository/org/apache/logging/log4j/log4j-to-slf4j/2.24.3/log4j-to-slf4j-2.24.3.jar:/home/vinod/.m2/repository/org/apache/logging/log4j/log4j-api/2.24.3/log4j-api-2.24.3.jar:/home/vinod/.m2/repository/org/slf4j/jul-to-slf4j/2.0.17/jul-to-slf4j-2.0.17.jar:/home/vinod/.m2/repository/jakarta/annotation/jakarta.annotation-api/2.1.1/jakarta.annotation-api-2.1.1.jar:/home/vinod/.m2/repository/org/yaml/snakeyaml/2.3/snakeyaml-2.3.jar:/home/vinod/.m2/repository/org/springframework/boot/spring-boot-starter-jdbc/3.4.4/spring-boot-starter-jdbc-3.4.4.jar:/home/vinod/.m2/repository/com/zaxxer/HikariCP/5.1.0/HikariCP-5.1.0.jar:/home/vinod/.m2/repository/org/springframework/spring-jdbc/6.2.5/spring-jdbc-6.2.5.jar:/home/vinod/.m2/repository/org/hibernate/orm/hibernate-core/6.6.11.Final/hibernate-core-6.6.11.Final.jar:/home/vinod/.m2/repository/jakarta/persistence/jakarta.persistence-api/3.1.0/jakarta.persistence-api-3.1.0.jar:/home/vinod/.m2/repository/jakarta/transaction/jakarta.transaction-api/2.0.1/jakarta.transaction-api-2.0.1.jar:/home/vinod/.m2/repository/org/jboss/logging/jboss-logging/3.6.1.Final/jboss-logging-3.6.1.Final.jar:/home/vinod/.m2/repository/org/hibernate/common/hibernate-commons-annotations/7.0.3.Final/hibernate-commons-annotations-7.0.3.Final.jar:/home/vinod/.m2/repository/io/smallrye/jandex/3.2.0/jandex-3.2.0.jar:/home/vinod/.m2/repository/com/fasterxml/classmate/1.7.0/classmate-1.7.0.jar:/home/vinod/.m2/repository/net/bytebuddy/byte-buddy/1.15.11/byte-buddy-1.15.11.jar:/home/vinod/.m2/repository/org/glassfish/jaxb/jaxb-runtime/4.0.5/jaxb-runtime-4.0.5.jar:/home/vinod/.m2/repository/org/glassfish/jaxb/jaxb-core/4.0.5/jaxb-core-4.0.5.jar:/home/vinod/.m2/repository/org/eclipse/angus/angus-activation/2.0.2/angus-activation-2.0.2.jar:/home/vinod/.m2/repository/org/glassfish/jaxb/txw2/4.0.5/txw2-4.0.5.jar:/home/vinod/.m2/repository/com/sun/istack/istack-commons-runtime/4.1.2/istack-commons-runtime-4.1.2.jar:/home/vinod/.m2/repository/jakarta/inject/jakarta.inject-api/2.0.1/jakarta.inject-api-2.0.1.jar:/home/vinod/.m2/repository/org/antlr/antlr4-runtime/4.13.0/antlr4-runtime-4.13.0.jar:/home/vinod/.m2/repository/org/springframework/data/spring-data-jpa/3.4.4/spring-data-jpa-3.4.4.jar:/home/vinod/.m2/repository/org/springframework/data/spring-data-commons/3.4.4/spring-data-commons-3.4.4.jar:/home/vinod/.m2/repository/org/springframework/spring-orm/6.2.5/spring-orm-6.2.5.jar:/home/vinod/.m2/repository/org/springframework/spring-context/6.2.5/spring-context-6.2.5.jar:/home/vinod/.m2/repository/org/springframework/spring-tx/6.2.5/spring-tx-6.2.5.jar:/home/vinod/.m2/repository/org/springframework/spring-beans/6.2.5/spring-beans-6.2.5.jar:/home/vinod/.m2/repository/org/slf4j/slf4j-api/2.0.17/slf4j-api-2.0.17.jar:/home/vinod/.m2/repository/org/springframework/spring-aspects/6.2.5/spring-aspects-6.2.5.jar:/home/vinod/.m2/repository/org/aspectj/aspectjweaver/1.9.23/aspectjweaver-1.9.23.jar:/home/vinod/.m2/repository/org/springframework/boot/spring-boot-starter-security/3.4.4/spring-boot-starter-security-3.4.4.jar:/home/vinod/.m2/repository/org/springframework/spring-aop/6.2.5/spring-aop-6.2.5.jar:/home/vinod/.m2/repository/org/springframework/security/spring-security-config/6.4.4/spring-security-config-6.4.4.jar:/home/vinod/.m2/repository/org/springframework/security/spring-security-web/6.4.4/spring-security-web-6.4.4.jar:/home/vinod/.m2/repository/org/springframework/spring-expression/6.2.5/spring-expression-6.2.5.jar:/home/vinod/.m2/repository/org/springframework/boot/spring-boot-starter-web/3.4.4/spring-boot-starter-web-3.4.4.jar:/home/vinod/.m2/repository/org/springframework/boot/spring-boot-starter-json/3.4.4/spring-boot-starter-json-3.4.4.jar:/home/vinod/.m2/repository/com/fasterxml/jackson/core/jackson-databind/2.18.3/jackson-databind-2.18.3.jar:/home/vinod/.m2/repository/com/fasterxml/jackson/core/jackson-annotations/2.18.3/jackson-annotations-2.18.3.jar:/home/vinod/.m2/repository/com/fasterxml/jackson/core/jackson-core/2.18.3/jackson-core-2.18.3.jar:/home/vinod/.m2/repository/com/fasterxml/jackson/datatype/jackson-datatype-jdk8/2.18.3/jackson-datatype-jdk8-2.18.3.jar:/home/vinod/.m2/repository/com/fasterxml/jackson/datatype/jackson-datatype-jsr310/2.18.3/jackson-datatype-jsr310-2.18.3.jar:/home/vinod/.m2/repository/com/fasterxml/jackson/module/jackson-module-parameter-names/2.18.3/jackson-module-parameter-names-2.18.3.jar:/home/vinod/.m2/repository/org/springframework/boot/spring-boot-starter-tomcat/3.4.4/spring-boot-starter-tomcat-3.4.4.jar:/home/vinod/.m2/repository/org/apache/tomcat/embed/tomcat-embed-core/10.1.39/tomcat-embed-core-10.1.39.jar:/home/vinod/.m2/repository/org/apache/tomcat/embed/tomcat-embed-websocket/10.1.39/tomcat-embed-websocket-10.1.39.jar:/home/vinod/.m2/repository/org/springframework/spring-web/6.2.5/spring-web-6.2.5.jar:/home/vinod/.m2/repository/io/micrometer/micrometer-observation/1.14.5/micrometer-observation-1.14.5.jar:/home/vinod/.m2/repository/io/micrometer/micrometer-commons/1.14.5/micrometer-commons-1.14.5.jar:/home/vinod/.m2/repository/org/springframework/spring-webmvc/6.2.5/spring-webmvc-6.2.5.jar:/home/vinod/.m2/repository/org/springframework/boot/spring-boot-starter-validation/3.4.4/spring-boot-starter-validation-3.4.4.jar:/home/vinod/.m2/repository/org/apache/tomcat/embed/tomcat-embed-el/10.1.39/tomcat-embed-el-10.1.39.jar:/home/vinod/.m2/repository/org/hibernate/validator/hibernate-validator/8.0.2.Final/hibernate-validator-8.0.2.Final.jar:/home/vinod/.m2/repository/jakarta/validation/jakarta.validation-api/3.0.2/jakarta.validation-api-3.0.2.jar:/home/vinod/.m2/repository/com/mysql/mysql-connector-j/9.1.0/mysql-connector-j-9.1.0.jar:/home/vinod/.m2/repository/org/springframework/boot/spring-boot-starter-test/3.4.4/spring-boot-starter-test-3.4.4.jar:/home/vinod/.m2/repository/org/springframework/boot/spring-boot-test/3.4.4/spring-boot-test-3.4.4.jar:/home/vinod/.m2/repository/org/springframework/boot/spring-boot-test-autoconfigure/3.4.4/spring-boot-test-autoconfigure-3.4.4.jar:/home/vinod/.m2/repository/com/jayway/jsonpath/json-path/2.9.0/json-path-2.9.0.jar:/home/vinod/.m2/repository/jakarta/xml/bind/jakarta.xml.bind-api/4.0.2/jakarta.xml.bind-api-4.0.2.jar:/home/vinod/.m2/repository/jakarta/activation/jakarta.activation-api/2.1.3/jakarta.activation-api-2.1.3.jar:/home/vinod/.m2/repository/net/minidev/json-smart/2.5.2/json-smart-2.5.2.jar:/home/vinod/.m2/repository/net/minidev/accessors-smart/2.5.2/accessors-smart-2.5.2.jar:/home/vinod/.m2/repository/org/ow2/asm/asm/9.7.1/asm-9.7.1.jar:/home/vinod/.m2/repository/org/assertj/assertj-core/3.26.3/assertj-core-3.26.3.jar:/home/vinod/.m2/repository/org/awaitility/awaitility/4.2.2/awaitility-4.2.2.jar:/home/vinod/.m2/repository/org/hamcrest/hamcrest/2.2/hamcrest-2.2.jar:/home/vinod/.m2/repository/org/junit/jupiter/junit-jupiter/5.11.4/junit-jupiter-5.11.4.jar:/home/vinod/.m2/repository/org/junit/jupiter/junit-jupiter-api/5.11.4/junit-jupiter-api-5.11.4.jar:/home/vinod/.m2/repository/org/opentest4j/opentest4j/1.3.0/opentest4j-1.3.0.jar:/home/vinod/.m2/repository/org/junit/platform/junit-platform-commons/1.11.4/junit-platform-commons-1.11.4.jar:/home/vinod/.m2/repository/org/apiguardian/apiguardian-api/1.1.2/apiguardian-api-1.1.2.jar:/home/vinod/.m2/repository/org/junit/jupiter/junit-jupiter-params/5.11.4/junit-jupiter-params-5.11.4.jar:/home/vinod/.m2/repository/org/junit/jupiter/junit-jupiter-engine/5.11.4/junit-jupiter-engine-5.11.4.jar:/home/vinod/.m2/repository/org/junit/platform/junit-platform-engine/1.11.4/junit-platform-engine-1.11.4.jar:/home/vinod/.m2/repository/org/mockito/mockito-core/5.14.2/mockito-core-5.14.2.jar:/home/vinod/.m2/repository/net/bytebuddy/byte-buddy-agent/1.15.11/byte-buddy-agent-1.15.11.jar:/home/vinod/.m2/repository/org/objenesis/objenesis/3.3/objenesis-3.3.jar:/home/vinod/.m2/repository/org/mockito/mockito-junit-jupiter/5.14.2/mockito-junit-jupiter-5.14.2.jar:/home/vinod/.m2/repository/org/skyscreamer/jsonassert/1.5.3/jsonassert-1.5.3.jar:/home/vinod/.m2/repository/com/vaadin/external/google/android-json/0.0.20131108.vaadin1/android-json-0.0.20131108.vaadin1.jar:/home/vinod/.m2/repository/org/springframework/spring-core/6.2.5/spring-core-6.2.5.jar:/home/vinod/.m2/repository/org/springframework/spring-jcl/6.2.5/spring-jcl-6.2.5.jar:/home/vinod/.m2/repository/org/springframework/spring-test/6.2.5/spring-test-6.2.5.jar:/home/vinod/.m2/repository/org/xmlunit/xmlunit-core/2.10.0/xmlunit-core-2.10.0.jar:/home/vinod/.m2/repository/com/h2database/h2/2.3.232/h2-2.3.232.jar:/home/vinod/.m2/repository/org/springframework/security/spring-security-test/6.4.4/spring-security-test-6.4.4.jar:/home/vinod/.m2/repository/org/springframework/security/spring-security-core/6.4.4/spring-security-core-6.4.4.jar:/home/vinod/.m2/repository/org/springframework/security/spring-security-crypto/6.4.4/spring-security-crypto-6.4.4.jar:/home/vinod/.m2/repository/org/springframework/boot/spring-boot-devtools/3.4.4/spring-boot-devtools-3.4.4.jar:/home/vinod/.m2/repository/org/springframework/boot/spring-boot/3.4.4/spring-boot-3.4.4.jar:/home/vinod/.m2/repository/org/springframework/boot/spring-boot-autoconfigure/3.4.4/spring-boot-autoconfigure-3.4.4.jar:, java.vm.vendor=Oracle Corporation, sun.arch.data.model=64, catalina.useNaming=false, java.vendor.url=https://java.oracle.com/, user.timezone=Asia/Kolkata, jakarta.persistence.sharedCache.mode=UNSPECIFIED, org.jboss.logging.provider=slf4j, os.name=Linux, java.vm.specification.version=23, jakarta.persistence.nonJtaDataSource=org.springframework.jdbc.datasource.embedded.EmbeddedDatabaseFactory$EmbeddedDataSourceProxy@5d18255a, sun.java.launcher=SUN_STANDARD, user.country=US, sun.boot.library.path=/home/vinod/.sdkman/candidates/java/23.0.1-open/lib, sun.java.command=/home/vinod/Desktop/projects/apis/universityapi/target/surefire/surefirebooter-20250421072711454_3.jar /home/vinod/Desktop/projects/apis/universityapi/target/surefire 2025-04-21T07-27-11_251-jvmRun1 surefire-20250421072711454_1tmp surefire_0-20250421072711454_2tmp, javax.persistence.nonJtaDataSource=org.springframework.jdbc.datasource.embedded.EmbeddedDatabaseFactory$EmbeddedDataSourceProxy@5d18255a, hibernate.transaction.jta.platform=org.hibernate.engine.transaction.jta.platform.internal.NoJtaPlatform@ef21eba, jdk.debug=release, surefire.test.class.path=/home/vinod/Desktop/projects/apis/universityapi/target/test-classes:/home/vinod/Desktop/projects/apis/universityapi/target/classes:/home/vinod/.m2/repository/org/springframework/boot/spring-boot-starter-data-jpa/3.4.4/spring-boot-starter-data-jpa-3.4.4.jar:/home/vinod/.m2/repository/org/springframework/boot/spring-boot-starter/3.4.4/spring-boot-starter-3.4.4.jar:/home/vinod/.m2/repository/org/springframework/boot/spring-boot-starter-logging/3.4.4/spring-boot-starter-logging-3.4.4.jar:/home/vinod/.m2/repository/ch/qos/logback/logback-classic/1.5.18/logback-classic-1.5.18.jar:/home/vinod/.m2/repository/ch/qos/logback/logback-core/1.5.18/logback-core-1.5.18.jar:/home/vinod/.m2/repository/org/apache/logging/log4j/log4j-to-slf4j/2.24.3/log4j-to-slf4j-2.24.3.jar:/home/vinod/.m2/repository/org/apache/logging/log4j/log4j-api/2.24.3/log4j-api-2.24.3.jar:/home/vinod/.m2/repository/org/slf4j/jul-to-slf4j/2.0.17/jul-to-slf4j-2.0.17.jar:/home/vinod/.m2/repository/jakarta/annotation/jakarta.annotation-api/2.1.1/jakarta.annotation-api-2.1.1.jar:/home/vinod/.m2/repository/org/yaml/snakeyaml/2.3/snakeyaml-2.3.jar:/home/vinod/.m2/repository/org/springframework/boot/spring-boot-starter-jdbc/3.4.4/spring-boot-starter-jdbc-3.4.4.jar:/home/vinod/.m2/repository/com/zaxxer/HikariCP/5.1.0/HikariCP-5.1.0.jar:/home/vinod/.m2/repository/org/springframework/spring-jdbc/6.2.5/spring-jdbc-6.2.5.jar:/home/vinod/.m2/repository/org/hibernate/orm/hibernate-core/6.6.11.Final/hibernate-core-6.6.11.Final.jar:/home/vinod/.m2/repository/jakarta/persistence/jakarta.persistence-api/3.1.0/jakarta.persistence-api-3.1.0.jar:/home/vinod/.m2/repository/jakarta/transaction/jakarta.transaction-api/2.0.1/jakarta.transaction-api-2.0.1.jar:/home/vinod/.m2/repository/org/jboss/logging/jboss-logging/3.6.1.Final/jboss-logging-3.6.1.Final.jar:/home/vinod/.m2/repository/org/hibernate/common/hibernate-commons-annotations/7.0.3.Final/hibernate-commons-annotations-7.0.3.Final.jar:/home/vinod/.m2/repository/io/smallrye/jandex/3.2.0/jandex-3.2.0.jar:/home/vinod/.m2/repository/com/fasterxml/classmate/1.7.0/classmate-1.7.0.jar:/home/vinod/.m2/repository/net/bytebuddy/byte-buddy/1.15.11/byte-buddy-1.15.11.jar:/home/vinod/.m2/repository/org/glassfish/jaxb/jaxb-runtime/4.0.5/jaxb-runtime-4.0.5.jar:/home/vinod/.m2/repository/org/glassfish/jaxb/jaxb-core/4.0.5/jaxb-core-4.0.5.jar:/home/vinod/.m2/repository/org/eclipse/angus/angus-activation/2.0.2/angus-activation-2.0.2.jar:/home/vinod/.m2/repository/org/glassfish/jaxb/txw2/4.0.5/txw2-4.0.5.jar:/home/vinod/.m2/repository/com/sun/istack/istack-commons-runtime/4.1.2/istack-commons-runtime-4.1.2.jar:/home/vinod/.m2/repository/jakarta/inject/jakarta.inject-api/2.0.1/jakarta.inject-api-2.0.1.jar:/home/vinod/.m2/repository/org/antlr/antlr4-runtime/4.13.0/antlr4-runtime-4.13.0.jar:/home/vinod/.m2/repository/org/springframework/data/spring-data-jpa/3.4.4/spring-data-jpa-3.4.4.jar:/home/vinod/.m2/repository/org/springframework/data/spring-data-commons/3.4.4/spring-data-commons-3.4.4.jar:/home/vinod/.m2/repository/org/springframework/spring-orm/6.2.5/spring-orm-6.2.5.jar:/home/vinod/.m2/repository/org/springframework/spring-context/6.2.5/spring-context-6.2.5.jar:/home/vinod/.m2/repository/org/springframework/spring-tx/6.2.5/spring-tx-6.2.5.jar:/home/vinod/.m2/repository/org/springframework/spring-beans/6.2.5/spring-beans-6.2.5.jar:/home/vinod/.m2/repository/org/slf4j/slf4j-api/2.0.17/slf4j-api-2.0.17.jar:/home/vinod/.m2/repository/org/springframework/spring-aspects/6.2.5/spring-aspects-6.2.5.jar:/home/vinod/.m2/repository/org/aspectj/aspectjweaver/1.9.23/aspectjweaver-1.9.23.jar:/home/vinod/.m2/repository/org/springframework/boot/spring-boot-starter-security/3.4.4/spring-boot-starter-security-3.4.4.jar:/home/vinod/.m2/repository/org/springframework/spring-aop/6.2.5/spring-aop-6.2.5.jar:/home/vinod/.m2/repository/org/springframework/security/spring-security-config/6.4.4/spring-security-config-6.4.4.jar:/home/vinod/.m2/repository/org/springframework/security/spring-security-web/6.4.4/spring-security-web-6.4.4.jar:/home/vinod/.m2/repository/org/springframework/spring-expression/6.2.5/spring-expression-6.2.5.jar:/home/vinod/.m2/repository/org/springframework/boot/spring-boot-starter-web/3.4.4/spring-boot-starter-web-3.4.4.jar:/home/vinod/.m2/repository/org/springframework/boot/spring-boot-starter-json/3.4.4/spring-boot-starter-json-3.4.4.jar:/home/vinod/.m2/repository/com/fasterxml/jackson/core/jackson-databind/2.18.3/jackson-databind-2.18.3.jar:/home/vinod/.m2/repository/com/fasterxml/jackson/core/jackson-annotations/2.18.3/jackson-annotations-2.18.3.jar:/home/vinod/.m2/repository/com/fasterxml/jackson/core/jackson-core/2.18.3/jackson-core-2.18.3.jar:/home/vinod/.m2/repository/com/fasterxml/jackson/datatype/jackson-datatype-jdk8/2.18.3/jackson-datatype-jdk8-2.18.3.jar:/home/vinod/.m2/repository/com/fasterxml/jackson/datatype/jackson-datatype-jsr310/2.18.3/jackson-datatype-jsr310-2.18.3.jar:/home/vinod/.m2/repository/com/fasterxml/jackson/module/jackson-module-parameter-names/2.18.3/jackson-module-parameter-names-2.18.3.jar:/home/vinod/.m2/repository/org/springframework/boot/spring-boot-starter-tomcat/3.4.4/spring-boot-starter-tomcat-3.4.4.jar:/home/vinod/.m2/repository/org/apache/tomcat/embed/tomcat-embed-core/10.1.39/tomcat-embed-core-10.1.39.jar:/home/vinod/.m2/repository/org/apache/tomcat/embed/tomcat-embed-websocket/10.1.39/tomcat-embed-websocket-10.1.39.jar:/home/vinod/.m2/repository/org/springframework/spring-web/6.2.5/spring-web-6.2.5.jar:/home/vinod/.m2/repository/io/micrometer/micrometer-observation/1.14.5/micrometer-observation-1.14.5.jar:/home/vinod/.m2/repository/io/micrometer/micrometer-commons/1.14.5/micrometer-commons-1.14.5.jar:/home/vinod/.m2/repository/org/springframework/spring-webmvc/6.2.5/spring-webmvc-6.2.5.jar:/home/vinod/.m2/repository/org/springframework/boot/spring-boot-starter-validation/3.4.4/spring-boot-starter-validation-3.4.4.jar:/home/vinod/.m2/repository/org/apache/tomcat/embed/tomcat-embed-el/10.1.39/tomcat-embed-el-10.1.39.jar:/home/vinod/.m2/repository/org/hibernate/validator/hibernate-validator/8.0.2.Final/hibernate-validator-8.0.2.Final.jar:/home/vinod/.m2/repository/jakarta/validation/jakarta.validation-api/3.0.2/jakarta.validation-api-3.0.2.jar:/home/vinod/.m2/repository/com/mysql/mysql-connector-j/9.1.0/mysql-connector-j-9.1.0.jar:/home/vinod/.m2/repository/org/springframework/boot/spring-boot-starter-test/3.4.4/spring-boot-starter-test-3.4.4.jar:/home/vinod/.m2/repository/org/springframework/boot/spring-boot-test/3.4.4/spring-boot-test-3.4.4.jar:/home/vinod/.m2/repository/org/springframework/boot/spring-boot-test-autoconfigure/3.4.4/spring-boot-test-autoconfigure-3.4.4.jar:/home/vinod/.m2/repository/com/jayway/jsonpath/json-path/2.9.0/json-path-2.9.0.jar:/home/vinod/.m2/repository/jakarta/xml/bind/jakarta.xml.bind-api/4.0.2/jakarta.xml.bind-api-4.0.2.jar:/home/vinod/.m2/repository/jakarta/activation/jakarta.activation-api/2.1.3/jakarta.activation-api-2.1.3.jar:/home/vinod/.m2/repository/net/minidev/json-smart/2.5.2/json-smart-2.5.2.jar:/home/vinod/.m2/repository/net/minidev/accessors-smart/2.5.2/accessors-smart-2.5.2.jar:/home/vinod/.m2/repository/org/ow2/asm/asm/9.7.1/asm-9.7.1.jar:/home/vinod/.m2/repository/org/assertj/assertj-core/3.26.3/assertj-core-3.26.3.jar:/home/vinod/.m2/repository/org/awaitility/awaitility/4.2.2/awaitility-4.2.2.jar:/home/vinod/.m2/repository/org/hamcrest/hamcrest/2.2/hamcrest-2.2.jar:/home/vinod/.m2/repository/org/junit/jupiter/junit-jupiter/5.11.4/junit-jupiter-5.11.4.jar:/home/vinod/.m2/repository/org/junit/jupiter/junit-jupiter-api/5.11.4/junit-jupiter-api-5.11.4.jar:/home/vinod/.m2/repository/org/opentest4j/opentest4j/1.3.0/opentest4j-1.3.0.jar:/home/vinod/.m2/repository/org/junit/platform/junit-platform-commons/1.11.4/junit-platform-commons-1.11.4.jar:/home/vinod/.m2/repository/org/apiguardian/apiguardian-api/1.1.2/apiguardian-api-1.1.2.jar:/home/vinod/.m2/repository/org/junit/jupiter/junit-jupiter-params/5.11.4/junit-jupiter-params-5.11.4.jar:/home/vinod/.m2/repository/org/junit/jupiter/junit-jupiter-engine/5.11.4/junit-jupiter-engine-5.11.4.jar:/home/vinod/.m2/repository/org/junit/platform/junit-platform-engine/1.11.4/junit-platform-engine-1.11.4.jar:/home/vinod/.m2/repository/org/mockito/mockito-core/5.14.2/mockito-core-5.14.2.jar:/home/vinod/.m2/repository/net/bytebuddy/byte-buddy-agent/1.15.11/byte-buddy-agent-1.15.11.jar:/home/vinod/.m2/repository/org/objenesis/objenesis/3.3/objenesis-3.3.jar:/home/vinod/.m2/repository/org/mockito/mockito-junit-jupiter/5.14.2/mockito-junit-jupiter-5.14.2.jar:/home/vinod/.m2/repository/org/skyscreamer/jsonassert/1.5.3/jsonassert-1.5.3.jar:/home/vinod/.m2/repository/com/vaadin/external/google/android-json/0.0.20131108.vaadin1/android-json-0.0.20131108.vaadin1.jar:/home/vinod/.m2/repository/org/springframework/spring-core/6.2.5/spring-core-6.2.5.jar:/home/vinod/.m2/repository/org/springframework/spring-jcl/6.2.5/spring-jcl-6.2.5.jar:/home/vinod/.m2/repository/org/springframework/spring-test/6.2.5/spring-test-6.2.5.jar:/home/vinod/.m2/repository/org/xmlunit/xmlunit-core/2.10.0/xmlunit-core-2.10.0.jar:/home/vinod/.m2/repository/com/h2database/h2/2.3.232/h2-2.3.232.jar:/home/vinod/.m2/repository/org/springframework/security/spring-security-test/6.4.4/spring-security-test-6.4.4.jar:/home/vinod/.m2/repository/org/springframework/security/spring-security-core/6.4.4/spring-security-core-6.4.4.jar:/home/vinod/.m2/repository/org/springframework/security/spring-security-crypto/6.4.4/spring-security-crypto-6.4.4.jar:/home/vinod/.m2/repository/org/springframework/boot/spring-boot-devtools/3.4.4/spring-boot-devtools-3.4.4.jar:/home/vinod/.m2/repository/org/springframework/boot/spring-boot/3.4.4/spring-boot-3.4.4.jar:/home/vinod/.m2/repository/org/springframework/boot/spring-boot-autoconfigure/3.4.4/spring-boot-autoconfigure-3.4.4.jar:, sun.cpu.endian=little, hibernate.cdi.extensions=true, user.home=/home/vinod, user.language=en, java.specification.vendor=Oracle Corporation, java.version.date=2024-10-15, java.home=/home/vinod/.sdkman/candidates/java/23.0.1-open, file.separator=/, basedir=/home/vinod/Desktop/projects/apis/universityapi, java.vm.compressedOopsMode=Zero based, line.separator=
, hibernate.persistenceUnitName=default, java.vm.specification.vendor=Oracle Corporation, java.specification.name=Java Platform API Specification, FILE_LOG_CHARSET=UTF-8, hibernate.transaction.coordinator_class=class org.hibernate.resource.transaction.backend.jdbc.internal.JdbcResourceLocalTransactionCoordinatorBuilderImpl, java.awt.headless=true, surefire.real.class.path=/home/vinod/Desktop/projects/apis/universityapi/target/surefire/surefirebooter-20250421072711454_3.jar, jakarta.persistence.validation.mode=AUTO, hibernate.hbm2ddl.auto=create, sun.management.compiler=HotSpot 64-Bit Tiered Compilers, java.runtime.version=23.0.1+11-39, user.name=vinod, stdout.encoding=UTF-8, path.separator=:, os.version=6.11.0-21-generic, java.runtime.name=OpenJDK Runtime Environment, file.encoding=UTF-8, java.vm.name=OpenJDK 64-Bit Server VM, hibernate.show_sql=true, localRepository=/home/vinod/.m2/repository, java.vendor.url.bug=https://bugreport.java.com/bugreport/, java.io.tmpdir=/tmp, idea.version=2024.2.3, catalina.home=/tmp/tomcat.0.6342137098318303045, java.version=23.0.1, hibernate.physical_naming_strategy=org.hibernate.boot.model.naming.CamelCaseToUnderscoresNamingStrategy, user.dir=/home/vinod/Desktop/projects/apis/universityapi, os.arch=amd64, java.vm.specification.name=Java Virtual Machine Specification, PID=28037, CONSOLE_LOG_CHARSET=UTF-8, catalina.base=/tmp/tomcat.0.6342137098318303045, hibernate.boot.CfgXmlAccessService.key=org.hibernate.boot.registry.StandardServiceRegistryBuilder$1@673ade3d, native.encoding=UTF-8, java.library.path=/usr/java/packages/lib:/usr/lib64:/lib64:/lib:/usr/lib, stderr.encoding=UTF-8, java.vendor=Oracle Corporation, java.vm.info=mixed mode, sharing, java.vm.version=23.0.1+11-39, sun.io.unicode.encoding=UnicodeLittle, hibernate.archive.scanner=org.hibernate.boot.archive.scan.internal.DisabledScanner, hibernate.connection.datasource=org.springframework.jdbc.datasource.embedded.EmbeddedDatabaseFactory$EmbeddedDataSourceProxy@5d18255a, java.class.version=67.0}
&amp#27;[30m2025-04-21 07:27:32,021&amp#27;[0;39m &amp#27;[39mDEBUG&amp#27;[0;39m [&amp#27;[34mmain&amp#27;[0;39m] &amp#27;[33mo.h.i.SessionFactoryImpl&amp#27;[0;39m: Session factory constructed with filter configurations : {}
&amp#27;[30m2025-04-21 07:27:32,022&amp#27;[0;39m &amp#27;[39mDEBUG&amp#27;[0;39m [&amp#27;[34mmain&amp#27;[0;39m] &amp#27;[33mo.h.v.i.x.c.ValidationXmlParser&amp#27;[0;39m: Trying to load META-INF/validation.xml for XML based Validator configuration.
&amp#27;[30m2025-04-21 07:27:32,023&amp#27;[0;39m &amp#27;[39mDEBUG&amp#27;[0;39m [&amp#27;[34mmain&amp#27;[0;39m] &amp#27;[33mo.h.v.i.x.c.ResourceLoaderHelper&amp#27;[0;39m: Trying to load META-INF/validation.xml via TCCL
&amp#27;[30m2025-04-21 07:27:32,024&amp#27;[0;39m &amp#27;[39mDEBUG&amp#27;[0;39m [&amp#27;[34mmain&amp#27;[0;39m] &amp#27;[33mo.h.v.i.x.c.ResourceLoaderHelper&amp#27;[0;39m: Trying to load META-INF/validation.xml via Hibernate Validator's class loader
&amp#27;[30m2025-04-21 07:27:32,024&amp#27;[0;39m &amp#27;[39mDEBUG&amp#27;[0;39m [&amp#27;[34mmain&amp#27;[0;39m] &amp#27;[33mo.h.v.i.x.c.ValidationXmlParser&amp#27;[0;39m: No META-INF/validation.xml found. Using annotation based configuration only.
&amp#27;[30m2025-04-21 07:27:32,025&amp#27;[0;39m &amp#27;[39mDEBUG&amp#27;[0;39m [&amp#27;[34mmain&amp#27;[0;39m] &amp#27;[33mo.h.v.i.e.r.TraversableResolvers&amp#27;[0;39m: Found jakarta.persistence.Persistence on classpath containing 'getPersistenceUtil'. Assuming JPA 2 environment. Trying to instantiate JPA aware TraversableResolver
&amp#27;[30m2025-04-21 07:27:32,025&amp#27;[0;39m &amp#27;[39mDEBUG&amp#27;[0;39m [&amp#27;[34mmain&amp#27;[0;39m] &amp#27;[33mo.h.v.i.e.r.TraversableResolvers&amp#27;[0;39m: Instantiated JPA aware TraversableResolver of type org.hibernate.validator.internal.engine.resolver.JPATraversableResolver.
&amp#27;[30m2025-04-21 07:27:32,026&amp#27;[0;39m &amp#27;[39mDEBUG&amp#27;[0;39m [&amp#27;[34mmain&amp#27;[0;39m] &amp#27;[33mo.h.v.m.ResourceBundleMessageInterpolator&amp#27;[0;39m: Loaded expression factory via original TCCL
&amp#27;[30m2025-04-21 07:27:32,028&amp#27;[0;39m &amp#27;[39mDEBUG&amp#27;[0;39m [&amp#27;[34mmain&amp#27;[0;39m] &amp#27;[33mo.h.v.i.e.ValidatorFactoryConfigurationHelper&amp#27;[0;39m: HV000252: Using org.hibernate.validator.internal.engine.DefaultPropertyNodeNameProvider as property node name provider.
&amp#27;[30m2025-04-21 07:27:32,029&amp#27;[0;39m &amp#27;[39mDEBUG&amp#27;[0;39m [&amp#27;[34mmain&amp#27;[0;39m] &amp#27;[33mo.h.v.i.e.ValidatorFactoryConfigurationHelper&amp#27;[0;39m: HV000234: Using org.hibernate.validator.messageinterpolation.ResourceBundleMessageInterpolator as ValidatorFactory-scoped message interpolator.
&amp#27;[30m2025-04-21 07:27:32,030&amp#27;[0;39m &amp#27;[39mDEBUG&amp#27;[0;39m [&amp#27;[34mmain&amp#27;[0;39m] &amp#27;[33mo.h.v.i.e.ValidatorFactoryConfigurationHelper&amp#27;[0;39m: HV000234: Using org.hibernate.validator.internal.engine.resolver.JPATraversableResolver as ValidatorFactory-scoped traversable resolver.
&amp#27;[30m2025-04-21 07:27:32,030&amp#27;[0;39m &amp#27;[39mDEBUG&amp#27;[0;39m [&amp#27;[34mmain&amp#27;[0;39m] &amp#27;[33mo.h.v.i.e.ValidatorFactoryConfigurationHelper&amp#27;[0;39m: HV000234: Using org.hibernate.validator.internal.util.ExecutableParameterNameProvider as ValidatorFactory-scoped parameter name provider.
&amp#27;[30m2025-04-21 07:27:32,030&amp#27;[0;39m &amp#27;[39mDEBUG&amp#27;[0;39m [&amp#27;[34mmain&amp#27;[0;39m] &amp#27;[33mo.h.v.i.e.ValidatorFactoryConfigurationHelper&amp#27;[0;39m: HV000234: Using org.hibernate.validator.internal.engine.DefaultClockProvider as ValidatorFactory-scoped clock provider.
&amp#27;[30m2025-04-21 07:27:32,030&amp#27;[0;39m &amp#27;[39mDEBUG&amp#27;[0;39m [&amp#27;[34mmain&amp#27;[0;39m] &amp#27;[33mo.h.v.i.e.ValidatorFactoryConfigurationHelper&amp#27;[0;39m: HV000234: Using org.hibernate.validator.internal.engine.scripting.DefaultScriptEvaluatorFactory as ValidatorFactory-scoped script evaluator factory.
&amp#27;[30m2025-04-21 07:27:32,031&amp#27;[0;39m &amp#27;[39mDEBUG&amp#27;[0;39m [&amp#27;[34mmain&amp#27;[0;39m] &amp#27;[33mo.h.b.i.ClassLoaderAccessImpl&amp#27;[0;39m: Not known whether passed class name [in.rgukt.r081247.universityapi.entity.Course] is safe
&amp#27;[30m2025-04-21 07:27:32,031&amp#27;[0;39m &amp#27;[39mDEBUG&amp#27;[0;39m [&amp#27;[34mmain&amp#27;[0;39m] &amp#27;[33mo.h.b.i.ClassLoaderAccessImpl&amp#27;[0;39m: No temp ClassLoader provided; using live ClassLoader for loading potentially unsafe class : in.rgukt.r081247.universityapi.entity.Course
&amp#27;[30m2025-04-21 07:27:32,039&amp#27;[0;39m &amp#27;[39mDEBUG&amp#27;[0;39m [&amp#27;[34mmain&amp#27;[0;39m] &amp#27;[33mo.h.b.i.ClassLoaderAccessImpl&amp#27;[0;39m: Not known whether passed class name [in.rgukt.r081247.universityapi.entity.Department] is safe
&amp#27;[30m2025-04-21 07:27:32,040&amp#27;[0;39m &amp#27;[39mDEBUG&amp#27;[0;39m [&amp#27;[34mmain&amp#27;[0;39m] &amp#27;[33mo.h.b.i.ClassLoaderAccessImpl&amp#27;[0;39m: No temp ClassLoader provided; using live ClassLoader for loading potentially unsafe class : in.rgukt.r081247.universityapi.entity.Department
&amp#27;[30m2025-04-21 07:27:32,046&amp#27;[0;39m &amp#27;[39mDEBUG&amp#27;[0;39m [&amp#27;[34mmain&amp#27;[0;39m] &amp#27;[33mo.h.b.i.ClassLoaderAccessImpl&amp#27;[0;39m: Not known whether passed class name [in.rgukt.r081247.universityapi.entity.Student] is safe
&amp#27;[30m2025-04-21 07:27:32,046&amp#27;[0;39m &amp#27;[39mDEBUG&amp#27;[0;39m [&amp#27;[34mmain&amp#27;[0;39m] &amp#27;[33mo.h.b.i.ClassLoaderAccessImpl&amp#27;[0;39m: No temp ClassLoader provided; using live ClassLoader for loading potentially unsafe class : in.rgukt.r081247.universityapi.entity.Student
&amp#27;[30m2025-04-21 07:27:32,052&amp#27;[0;39m &amp#27;[39mDEBUG&amp#27;[0;39m [&amp#27;[34mmain&amp#27;[0;39m] &amp#27;[33mo.h.s.i.SessionFactoryServiceRegistryImpl&amp#27;[0;39m: EventListenerRegistry access via ServiceRegistry is deprecated.  Use `sessionFactory.getEventEngine().getListenerRegistry()` instead
&amp#27;[30m2025-04-21 07:27:32,055&amp#27;[0;39m &amp#27;[39mDEBUG&amp#27;[0;39m [&amp#27;[34mmain&amp#27;[0;39m] &amp#27;[33mo.h.q.s.f.SqmFunctionRegistry&amp#27;[0;39m: Registered SqmFunctionTemplate [NamedSqmFunctionTemplate(max)] under max; prior registration was null
&amp#27;[30m2025-04-21 07:27:32,056&amp#27;[0;39m &amp#27;[39mDEBUG&amp#27;[0;39m [&amp#27;[34mmain&amp#27;[0;39m] &amp#27;[33mo.h.q.s.f.SqmFunctionRegistry&amp#27;[0;39m: Registered SqmFunctionTemplate [NamedSqmFunctionTemplate(min)] under min; prior registration was null
&amp#27;[30m2025-04-21 07:27:32,057&amp#27;[0;39m &amp#27;[39mDEBUG&amp#27;[0;39m [&amp#27;[34mmain&amp#27;[0;39m] &amp#27;[33mo.h.q.s.f.SqmFunctionRegistry&amp#27;[0;39m: Registered SqmFunctionTemplate [NamedSqmFunctionTemplate(sum)] under sum; prior registration was null
&amp#27;[30m2025-04-21 07:27:32,057&amp#27;[0;39m &amp#27;[39mDEBUG&amp#27;[0;39m [&amp#27;[34mmain&amp#27;[0;39m] &amp#27;[33mo.h.q.s.f.SqmFunctionRegistry&amp#27;[0;39m: Registered SqmFunctionTemplate [NamedSqmFunctionTemplate(avg)] under avg; prior registration was null
&amp#27;[30m2025-04-21 07:27:32,057&amp#27;[0;39m &amp#27;[39mDEBUG&amp#27;[0;39m [&amp#27;[34mmain&amp#27;[0;39m] &amp#27;[33mo.h.q.s.f.SqmFunctionRegistry&amp#27;[0;39m: Registered SqmFunctionTemplate [org.hibernate.dialect.function.CountFunction@453ef145] under count; prior registration was null
&amp#27;[30m2025-04-21 07:27:32,058&amp#27;[0;39m &amp#27;[39mDEBUG&amp#27;[0;39m [&amp#27;[34mmain&amp#27;[0;39m] &amp#27;[33mo.h.q.s.f.SqmFunctionRegistry&amp#27;[0;39m: Registered SqmFunctionTemplate [org.hibernate.dialect.function.EveryAnyEmulation@712ce4f1] under every; prior registration was null
&amp#27;[30m2025-04-21 07:27:32,058&amp#27;[0;39m &amp#27;[39mDEBUG&amp#27;[0;39m [&amp#27;[34mmain&amp#27;[0;39m] &amp#27;[33mo.h.q.s.f.SqmFunctionRegistry&amp#27;[0;39m: Registered SqmFunctionTemplate [org.hibernate.dialect.function.EveryAnyEmulation@3edd135d] under any; prior registration was null
&amp#27;[30m2025-04-21 07:27:32,059&amp#27;[0;39m &amp#27;[39mDEBUG&amp#27;[0;39m [&amp#27;[34mmain&amp#27;[0;39m] &amp#27;[33mo.h.q.s.f.SqmFunctionRegistry&amp#27;[0;39m: Registered SqmFunctionTemplate [NamedSqmFunctionTemplate(floor)] under floor; prior registration was null
&amp#27;[30m2025-04-21 07:27:32,059&amp#27;[0;39m &amp#27;[39mDEBUG&amp#27;[0;39m [&amp#27;[34mmain&amp#27;[0;39m] &amp#27;[33mo.h.q.s.f.SqmFunctionRegistry&amp#27;[0;39m: Registered SqmFunctionTemplate [NamedSqmFunctionTemplate(ceiling)] under ceiling; prior registration was null
&amp#27;[30m2025-04-21 07:27:32,059&amp#27;[0;39m &amp#27;[39mDEBUG&amp#27;[0;39m [&amp#27;[34mmain&amp#27;[0;39m] &amp#27;[33mo.h.q.s.f.SqmFunctionRegistry&amp#27;[0;39m: Registered SqmFunctionTemplate [NamedSqmFunctionTemplate(mod)] under mod; prior registration was null
&amp#27;[30m2025-04-21 07:27:32,059&amp#27;[0;39m &amp#27;[39mDEBUG&amp#27;[0;39m [&amp#27;[34mmain&amp#27;[0;39m] &amp#27;[33mo.h.q.s.f.SqmFunctionRegistry&amp#27;[0;39m: Registered SqmFunctionTemplate [NamedSqmFunctionTemplate(abs)] under abs; prior registration was null
&amp#27;[30m2025-04-21 07:27:32,060&amp#27;[0;39m &amp#27;[39mDEBUG&amp#27;[0;39m [&amp#27;[34mmain&amp#27;[0;39m] &amp#27;[33mo.h.q.s.f.SqmFunctionRegistry&amp#27;[0;39m: Registered SqmFunctionTemplate [NamedSqmFunctionTemplate(sign)] under sign; prior registration was null
&amp#27;[30m2025-04-21 07:27:32,060&amp#27;[0;39m &amp#27;[39mDEBUG&amp#27;[0;39m [&amp#27;[34mmain&amp#27;[0;39m] &amp#27;[33mo.h.q.s.f.SqmFunctionRegistry&amp#27;[0;39m: Registered SqmFunctionTemplate [NamedSqmFunctionTemplate(sqrt)] under sqrt; prior registration was null
&amp#27;[30m2025-04-21 07:27:32,060&amp#27;[0;39m &amp#27;[39mDEBUG&amp#27;[0;39m [&amp#27;[34mmain&amp#27;[0;39m] &amp#27;[33mo.h.q.s.f.SqmFunctionRegistry&amp#27;[0;39m: Registered SqmFunctionTemplate [NamedSqmFunctionTemplate(ln)] under ln; prior registration was null
&amp#27;[30m2025-04-21 07:27:32,060&amp#27;[0;39m &amp#27;[39mDEBUG&amp#27;[0;39m [&amp#27;[34mmain&amp#27;[0;39m] &amp#27;[33mo.h.q.s.f.SqmFunctionRegistry&amp#27;[0;39m: Registered SqmFunctionTemplate [NamedSqmFunctionTemplate(exp)] under exp; prior registration was null
&amp#27;[30m2025-04-21 07:27:32,060&amp#27;[0;39m &amp#27;[39mDEBUG&amp#27;[0;39m [&amp#27;[34mmain&amp#27;[0;39m] &amp#27;[33mo.h.q.s.f.SqmFunctionRegistry&amp#27;[0;39m: Registered SqmFunctionTemplate [NamedSqmFunctionTemplate(power)] under power; prior registration was null
&amp#27;[30m2025-04-21 07:27:32,061&amp#27;[0;39m &amp#27;[39mDEBUG&amp#27;[0;39m [&amp#27;[34mmain&amp#27;[0;39m] &amp#27;[33mo.h.q.s.f.SqmFunctionRegistry&amp#27;[0;39m: Registered SqmFunctionTemplate [NamedSqmFunctionTemplate(round)] under round; prior registration was null
&amp#27;[30m2025-04-21 07:27:32,061&amp#27;[0;39m &amp#27;[39mDEBUG&amp#27;[0;39m [&amp#27;[34mmain&amp#27;[0;39m] &amp#27;[33mo.h.q.s.f.SqmFunctionRegistry&amp#27;[0;39m: Registered SqmFunctionTemplate [NamedSqmFunctionTemplate(sin)] under sin; prior registration was null
&amp#27;[30m2025-04-21 07:27:32,062&amp#27;[0;39m &amp#27;[39mDEBUG&amp#27;[0;39m [&amp#27;[34mmain&amp#27;[0;39m] &amp#27;[33mo.h.q.s.f.SqmFunctionRegistry&amp#27;[0;39m: Registered SqmFunctionTemplate [NamedSqmFunctionTemplate(cos)] under cos; prior registration was null
&amp#27;[30m2025-04-21 07:27:32,062&amp#27;[0;39m &amp#27;[39mDEBUG&amp#27;[0;39m [&amp#27;[34mmain&amp#27;[0;39m] &amp#27;[33mo.h.q.s.f.SqmFunctionRegistry&amp#27;[0;39m: Registered SqmFunctionTemplate [NamedSqmFunctionTemplate(tan)] under tan; prior registration was null
&amp#27;[30m2025-04-21 07:27:32,063&amp#27;[0;39m &amp#27;[39mDEBUG&amp#27;[0;39m [&amp#27;[34mmain&amp#27;[0;39m] &amp#27;[33mo.h.q.s.f.SqmFunctionRegistry&amp#27;[0;39m: Registered SqmFunctionTemplate [NamedSqmFunctionTemplate(asin)] under asin; prior registration was null
&amp#27;[30m2025-04-21 07:27:32,063&amp#27;[0;39m &amp#27;[39mDEBUG&amp#27;[0;39m [&amp#27;[34mmain&amp#27;[0;39m] &amp#27;[33mo.h.q.s.f.SqmFunctionRegistry&amp#27;[0;39m: Registered SqmFunctionTemplate [NamedSqmFunctionTemplate(acos)] under acos; prior registration was null
&amp#27;[30m2025-04-21 07:27:32,064&amp#27;[0;39m &amp#27;[39mDEBUG&amp#27;[0;39m [&amp#27;[34mmain&amp#27;[0;39m] &amp#27;[33mo.h.q.s.f.SqmFunctionRegistry&amp#27;[0;39m: Registered SqmFunctionTemplate [NamedSqmFunctionTemplate(atan)] under atan; prior registration was null
&amp#27;[30m2025-04-21 07:27:32,065&amp#27;[0;39m &amp#27;[39mDEBUG&amp#27;[0;39m [&amp#27;[34mmain&amp#27;[0;39m] &amp#27;[33mo.h.q.s.f.SqmFunctionRegistry&amp#27;[0;39m: Registered SqmFunctionTemplate [NamedSqmFunctionTemplate(atan2)] under atan2; prior registration was null
&amp#27;[30m2025-04-21 07:27:32,065&amp#27;[0;39m &amp#27;[39mDEBUG&amp#27;[0;39m [&amp#27;[34mmain&amp#27;[0;39m] &amp#27;[33mo.h.q.s.f.SqmFunctionRegistry&amp#27;[0;39m: Registered SqmFunctionTemplate [org.hibernate.query.sqm.function.PatternBasedSqmFunctionDescriptor@3770dd80] under sinh; prior registration was null
&amp#27;[30m2025-04-21 07:27:32,066&amp#27;[0;39m &amp#27;[39mDEBUG&amp#27;[0;39m [&amp#27;[34mmain&amp#27;[0;39m] &amp#27;[33mo.h.q.s.f.SqmFunctionRegistry&amp#27;[0;39m: Registered SqmFunctionTemplate [org.hibernate.query.sqm.function.PatternBasedSqmFunctionDescriptor@5f6b6f2] under cosh; prior registration was null
&amp#27;[30m2025-04-21 07:27:32,067&amp#27;[0;39m &amp#27;[39mDEBUG&amp#27;[0;39m [&amp#27;[34mmain&amp#27;[0;39m] &amp#27;[33mo.h.q.s.f.SqmFunctionRegistry&amp#27;[0;39m: Registered SqmFunctionTemplate [org.hibernate.query.sqm.function.PatternBasedSqmFunctionDescriptor@136bd1d1] under tanh; prior registration was null
&amp#27;[30m2025-04-21 07:27:32,067&amp#27;[0;39m &amp#27;[39mDEBUG&amp#27;[0;39m [&amp#27;[34mmain&amp#27;[0;39m] &amp#27;[33mo.h.q.s.f.SqmFunctionRegistry&amp#27;[0;39m: Registered SqmFunctionTemplate [org.hibernate.query.sqm.function.PatternBasedSqmFunctionDescriptor@45fa7f1a] under pi; prior registration was null
&amp#27;[30m2025-04-21 07:27:32,068&amp#27;[0;39m &amp#27;[39mDEBUG&amp#27;[0;39m [&amp#27;[34mmain&amp#27;[0;39m] &amp#27;[33mo.h.q.s.f.SqmFunctionRegistry&amp#27;[0;39m: Registered SqmFunctionTemplate [org.hibernate.query.sqm.function.PatternBasedSqmFunctionDescriptor@74d736f8] under log; prior registration was null
&amp#27;[30m2025-04-21 07:27:32,068&amp#27;[0;39m &amp#27;[39mDEBUG&amp#27;[0;39m [&amp#27;[34mmain&amp#27;[0;39m] &amp#27;[33mo.h.q.s.f.SqmFunctionRegistry&amp#27;[0;39m: Registered SqmFunctionTemplate [NamedSqmFunctionTemplate(coalesce)] under coalesce; prior registration was null
&amp#27;[30m2025-04-21 07:27:32,069&amp#27;[0;39m &amp#27;[39mDEBUG&amp#27;[0;39m [&amp#27;[34mmain&amp#27;[0;39m] &amp#27;[33mo.h.q.s.f.SqmFunctionRegistry&amp#27;[0;39m: Registered SqmFunctionTemplate [NamedSqmFunctionTemplate(nullif)] under nullif; prior registration was null
&amp#27;[30m2025-04-21 07:27:32,069&amp#27;[0;39m &amp#27;[39mDEBUG&amp#27;[0;39m [&amp#27;[34mmain&amp#27;[0;39m] &amp#27;[33mo.h.q.s.f.SqmFunctionRegistry&amp#27;[0;39m: Registered SqmFunctionTemplate [NamedSqmFunctionTemplate(left)] under left; prior registration was null
&amp#27;[30m2025-04-21 07:27:32,070&amp#27;[0;39m &amp#27;[39mDEBUG&amp#27;[0;39m [&amp#27;[34mmain&amp#27;[0;39m] &amp#27;[33mo.h.q.s.f.SqmFunctionRegistry&amp#27;[0;39m: Registered SqmFunctionTemplate [NamedSqmFunctionTemplate(right)] under right; prior registration was null
&amp#27;[30m2025-04-21 07:27:32,070&amp#27;[0;39m &amp#27;[39mDEBUG&amp#27;[0;39m [&amp#27;[34mmain&amp#27;[0;39m] &amp#27;[33mo.h.q.s.f.SqmFunctionRegistry&amp#27;[0;39m: Registered SqmFunctionTemplate [NamedSqmFunctionTemplate(replace)] under replace; prior registration was null
&amp#27;[30m2025-04-21 07:27:32,071&amp#27;[0;39m &amp#27;[39mDEBUG&amp#27;[0;39m [&amp#27;[34mmain&amp#27;[0;39m] &amp#27;[33mo.h.q.s.f.SqmFunctionRegistry&amp#27;[0;39m: Registered SqmFunctionTemplate [NamedSqmFunctionTemplate(concat)] under concat; prior registration was null
&amp#27;[30m2025-04-21 07:27:32,071&amp#27;[0;39m &amp#27;[39mDEBUG&amp#27;[0;39m [&amp#27;[34mmain&amp#27;[0;39m] &amp#27;[33mo.h.q.s.f.SqmFunctionRegistry&amp#27;[0;39m: Registered SqmFunctionTemplate [NamedSqmFunctionTemplate(lower)] under lower; prior registration was null
&amp#27;[30m2025-04-21 07:27:32,072&amp#27;[0;39m &amp#27;[39mDEBUG&amp#27;[0;39m [&amp#27;[34mmain&amp#27;[0;39m] &amp#27;[33mo.h.q.s.f.SqmFunctionRegistry&amp#27;[0;39m: Registered SqmFunctionTemplate [NamedSqmFunctionTemplate(upper)] under upper; prior registration was null
&amp#27;[30m2025-04-21 07:27:32,072&amp#27;[0;39m &amp#27;[39mDEBUG&amp#27;[0;39m [&amp#27;[34mmain&amp#27;[0;39m] &amp#27;[33mo.h.q.s.f.SqmFunctionRegistry&amp#27;[0;39m: Registered SqmFunctionTemplate [NamedSqmFunctionTemplate(substring)] under substring; prior registration was null
&amp#27;[30m2025-04-21 07:27:32,072&amp#27;[0;39m &amp#27;[39mDEBUG&amp#27;[0;39m [&amp#27;[34mmain&amp#27;[0;39m] &amp#27;[33mo.h.q.s.f.SqmFunctionRegistry&amp#27;[0;39m: Registered SqmFunctionTemplate [NamedSqmFunctionTemplate(locate)] under locate; prior registration was null
&amp#27;[30m2025-04-21 07:27:32,073&amp#27;[0;39m &amp#27;[39mDEBUG&amp#27;[0;39m [&amp#27;[34mmain&amp#27;[0;39m] &amp#27;[33mo.h.q.s.f.SqmFunctionRegistry&amp#27;[0;39m: Registered SqmFunctionTemplate [NamedSqmFunctionTemplate(character_length)] under character_length; prior registration was null
&amp#27;[30m2025-04-21 07:27:32,073&amp#27;[0;39m &amp#27;[39mDEBUG&amp#27;[0;39m [&amp#27;[34mmain&amp#27;[0;39m] &amp#27;[33mo.h.q.s.f.SqmFunctionRegistry&amp#27;[0;39m: Registering alternate key : length -> character_length
&amp#27;[30m2025-04-21 07:27:32,074&amp#27;[0;39m &amp#27;[39mDEBUG&amp#27;[0;39m [&amp#27;[34mmain&amp#27;[0;39m] &amp#27;[33mo.h.q.s.f.SqmFunctionRegistry&amp#27;[0;39m: Registered SqmFunctionTemplate [org.hibernate.dialect.function.LocatePositionEmulation@44264fb6] under position; prior registration was null
&amp#27;[30m2025-04-21 07:27:32,074&amp#27;[0;39m &amp#27;[39mDEBUG&amp#27;[0;39m [&amp#27;[34mmain&amp#27;[0;39m] &amp#27;[33mo.h.q.s.f.SqmFunctionRegistry&amp#27;[0;39m: Registered SqmFunctionTemplate [org.hibernate.dialect.function.InsertSubstringOverlayEmulation@90efbba] under overlay; prior registration was null
&amp#27;[30m2025-04-21 07:27:32,074&amp#27;[0;39m &amp#27;[39mDEBUG&amp#27;[0;39m [&amp#27;[34mmain&amp#27;[0;39m] &amp#27;[33mo.h.q.s.f.SqmFunctionRegistry&amp#27;[0;39m: Registered SqmFunctionTemplate [org.hibernate.dialect.function.TrimFunction@1f9a472e] under trim; prior registration was null
&amp#27;[30m2025-04-21 07:27:32,075&amp#27;[0;39m &amp#27;[39mDEBUG&amp#27;[0;39m [&amp#27;[34mmain&amp#27;[0;39m] &amp#27;[33mo.h.q.s.f.SqmFunctionRegistry&amp#27;[0;39m: Registered SqmFunctionTemplate [org.hibernate.dialect.function.CastFunction@52b7d2d3] under cast; prior registration was null
&amp#27;[30m2025-04-21 07:27:32,075&amp#27;[0;39m &amp#27;[39mDEBUG&amp#27;[0;39m [&amp#27;[34mmain&amp#27;[0;39m] &amp#27;[33mo.h.q.s.f.SqmFunctionRegistry&amp#27;[0;39m: Registered SqmFunctionTemplate [org.hibernate.query.sqm.function.PatternBasedSqmFunctionDescriptor@249a7ccc] under collate; prior registration was null
&amp#27;[30m2025-04-21 07:27:32,075&amp#27;[0;39m &amp#27;[39mDEBUG&amp#27;[0;39m [&amp#27;[34mmain&amp#27;[0;39m] &amp#27;[33mo.h.q.s.f.SqmFunctionRegistry&amp#27;[0;39m: Registered SqmFunctionTemplate [org.hibernate.dialect.function.ExtractFunction@5ab780ce] under extract; prior registration was null
&amp#27;[30m2025-04-21 07:27:32,076&amp#27;[0;39m &amp#27;[39mDEBUG&amp#27;[0;39m [&amp#27;[34mmain&amp#27;[0;39m] &amp#27;[33mo.h.q.s.f.SqmFunctionRegistry&amp#27;[0;39m: Registered SqmFunctionTemplate [NamedSqmFunctionTemplate(least)] under least; prior registration was null
&amp#27;[30m2025-04-21 07:27:32,076&amp#27;[0;39m &amp#27;[39mDEBUG&amp#27;[0;39m [&amp#27;[34mmain&amp#27;[0;39m] &amp#27;[33mo.h.q.s.f.SqmFunctionRegistry&amp#27;[0;39m: Registered SqmFunctionTemplate [NamedSqmFunctionTemplate(greatest)] under greatest; prior registration was null
&amp#27;[30m2025-04-21 07:27:32,076&amp#27;[0;39m &amp#27;[39mDEBUG&amp#27;[0;39m [&amp#27;[34mmain&amp#27;[0;39m] &amp#27;[33mo.h.q.s.f.SqmFunctionRegistry&amp#27;[0;39m: Registered SqmFunctionTemplate [org.hibernate.dialect.function.CoalesceIfnullEmulation@17d90f81] under ifnull; prior registration was null
&amp#27;[30m2025-04-21 07:27:32,076&amp#27;[0;39m &amp#27;[39mDEBUG&amp#27;[0;39m [&amp#27;[34mmain&amp#27;[0;39m] &amp#27;[33mo.h.q.s.f.SqmFunctionRegistry&amp#27;[0;39m: Registered SqmFunctionTemplate [NamedSqmFunctionTemplate(lpad)] under lpad; prior registration was null
&amp#27;[30m2025-04-21 07:27:32,077&amp#27;[0;39m &amp#27;[39mDEBUG&amp#27;[0;39m [&amp#27;[34mmain&amp#27;[0;39m] &amp#27;[33mo.h.q.s.f.SqmFunctionRegistry&amp#27;[0;39m: Registered SqmFunctionTemplate [NamedSqmFunctionTemplate(rpad)] under rpad; prior registration was null
&amp#27;[30m2025-04-21 07:27:32,077&amp#27;[0;39m &amp#27;[39mDEBUG&amp#27;[0;39m [&amp#27;[34mmain&amp#27;[0;39m] &amp#27;[33mo.h.q.s.f.SqmFunctionRegistry&amp#27;[0;39m: Registered SqmFunctionTemplate [org.hibernate.dialect.function.LpadRpadPadEmulation@7b1466e3] under pad; prior registration was null
&amp#27;[30m2025-04-21 07:27:32,077&amp#27;[0;39m &amp#27;[39mDEBUG&amp#27;[0;39m [&amp#27;[34mmain&amp#27;[0;39m] &amp#27;[33mo.h.q.s.f.SqmFunctionRegistry&amp#27;[0;39m: Registered SqmFunctionTemplate [org.hibernate.dialect.function.CastStrEmulation@c9f1951] under str; prior registration was null
&amp#27;[30m2025-04-21 07:27:32,077&amp#27;[0;39m &amp#27;[39mDEBUG&amp#27;[0;39m [&amp#27;[34mmain&amp#27;[0;39m] &amp#27;[33mo.h.q.s.f.SqmFunctionRegistry&amp#27;[0;39m: Registered SqmFunctionTemplate [org.hibernate.dialect.function.FormatFunction@6a4859fc] under format; prior registration was null
&amp#27;[30m2025-04-21 07:27:32,078&amp#27;[0;39m &amp#27;[39mDEBUG&amp#27;[0;39m [&amp#27;[34mmain&amp#27;[0;39m] &amp#27;[33mo.h.q.s.f.SqmFunctionRegistry&amp#27;[0;39m: Registered SqmFunctionTemplate [org.hibernate.dialect.function.TimestampaddFunction@3532f633] under timestampadd; prior registration was null
&amp#27;[30m2025-04-21 07:27:32,078&amp#27;[0;39m &amp#27;[39mDEBUG&amp#27;[0;39m [&amp#27;[34mmain&amp#27;[0;39m] &amp#27;[33mo.h.q.s.f.SqmFunctionRegistry&amp#27;[0;39m: Registered SqmFunctionTemplate [org.hibernate.dialect.function.TimestampdiffFunction@6d49bd08] under timestampdiff; prior registration was null
&amp#27;[30m2025-04-21 07:27:32,078&amp#27;[0;39m &amp#27;[39mDEBUG&amp#27;[0;39m [&amp#27;[34mmain&amp#27;[0;39m] &amp#27;[33mo.h.q.s.f.SqmFunctionRegistry&amp#27;[0;39m: Registering alternate key : dateadd -> timestampadd
&amp#27;[30m2025-04-21 07:27:32,078&amp#27;[0;39m &amp#27;[39mDEBUG&amp#27;[0;39m [&amp#27;[34mmain&amp#27;[0;39m] &amp#27;[33mo.h.q.s.f.SqmFunctionRegistry&amp#27;[0;39m: Registering alternate key : datediff -> timestampdiff
&amp#27;[30m2025-04-21 07:27:32,078&amp#27;[0;39m &amp#27;[39mDEBUG&amp#27;[0;39m [&amp#27;[34mmain&amp#27;[0;39m] &amp#27;[33mo.h.q.s.f.SqmFunctionRegistry&amp#27;[0;39m: Registered SqmFunctionTemplate [org.hibernate.dialect.function.CurrentFunction@19e86461] under current_date; prior registration was null
&amp#27;[30m2025-04-21 07:27:32,079&amp#27;[0;39m &amp#27;[39mDEBUG&amp#27;[0;39m [&amp#27;[34mmain&amp#27;[0;39m] &amp#27;[33mo.h.q.s.f.SqmFunctionRegistry&amp#27;[0;39m: Registered SqmFunctionTemplate [org.hibernate.dialect.function.CurrentFunction@31475919] under current_time; prior registration was null
&amp#27;[30m2025-04-21 07:27:32,079&amp#27;[0;39m &amp#27;[39mDEBUG&amp#27;[0;39m [&amp#27;[34mmain&amp#27;[0;39m] &amp#27;[33mo.h.q.s.f.SqmFunctionRegistry&amp#27;[0;39m: Registered SqmFunctionTemplate [org.hibernate.dialect.function.CurrentFunction@13e6b26c] under current_timestamp; prior registration was null
&amp#27;[30m2025-04-21 07:27:32,079&amp#27;[0;39m &amp#27;[39mDEBUG&amp#27;[0;39m [&amp#27;[34mmain&amp#27;[0;39m] &amp#27;[33mo.h.q.s.f.SqmFunctionRegistry&amp#27;[0;39m: Registering alternate key : current date -> current_date
&amp#27;[30m2025-04-21 07:27:32,079&amp#27;[0;39m &amp#27;[39mDEBUG&amp#27;[0;39m [&amp#27;[34mmain&amp#27;[0;39m] &amp#27;[33mo.h.q.s.f.SqmFunctionRegistry&amp#27;[0;39m: Registering alternate key : current time -> current_time
&amp#27;[30m2025-04-21 07:27:32,080&amp#27;[0;39m &amp#27;[39mDEBUG&amp#27;[0;39m [&amp#27;[34mmain&amp#27;[0;39m] &amp#27;[33mo.h.q.s.f.SqmFunctionRegistry&amp#27;[0;39m: Registering alternate key : current timestamp -> current_timestamp
&amp#27;[30m2025-04-21 07:27:32,080&amp#27;[0;39m &amp#27;[39mDEBUG&amp#27;[0;39m [&amp#27;[34mmain&amp#27;[0;39m] &amp#27;[33mo.h.q.s.f.SqmFunctionRegistry&amp#27;[0;39m: Registered SqmFunctionTemplate [org.hibernate.dialect.function.CurrentFunction@33e7ece5] under local_date; prior registration was null
&amp#27;[30m2025-04-21 07:27:32,080&amp#27;[0;39m &amp#27;[39mDEBUG&amp#27;[0;39m [&amp#27;[34mmain&amp#27;[0;39m] &amp#27;[33mo.h.q.s.f.SqmFunctionRegistry&amp#27;[0;39m: Registered SqmFunctionTemplate [org.hibernate.dialect.function.CurrentFunction@69765d94] under local_time; prior registration was null
&amp#27;[30m2025-04-21 07:27:32,080&amp#27;[0;39m &amp#27;[39mDEBUG&amp#27;[0;39m [&amp#27;[34mmain&amp#27;[0;39m] &amp#27;[33mo.h.q.s.f.SqmFunctionRegistry&amp#27;[0;39m: Registered SqmFunctionTemplate [org.hibernate.dialect.function.CurrentFunction@62f25e32] under local_datetime; prior registration was null
&amp#27;[30m2025-04-21 07:27:32,080&amp#27;[0;39m &amp#27;[39mDEBUG&amp#27;[0;39m [&amp#27;[34mmain&amp#27;[0;39m] &amp#27;[33mo.h.q.s.f.SqmFunctionRegistry&amp#27;[0;39m: Registered SqmFunctionTemplate [org.hibernate.dialect.function.CurrentFunction@44a1e5d2] under offset_datetime; prior registration was null
&amp#27;[30m2025-04-21 07:27:32,081&amp#27;[0;39m &amp#27;[39mDEBUG&amp#27;[0;39m [&amp#27;[34mmain&amp#27;[0;39m] &amp#27;[33mo.h.q.s.f.SqmFunctionRegistry&amp#27;[0;39m: Registering alternate key : local date -> local_date
&amp#27;[30m2025-04-21 07:27:32,081&amp#27;[0;39m &amp#27;[39mDEBUG&amp#27;[0;39m [&amp#27;[34mmain&amp#27;[0;39m] &amp#27;[33mo.h.q.s.f.SqmFunctionRegistry&amp#27;[0;39m: Registering alternate key : local time -> local_time
&amp#27;[30m2025-04-21 07:27:32,081&amp#27;[0;39m &amp#27;[39mDEBUG&amp#27;[0;39m [&amp#27;[34mmain&amp#27;[0;39m] &amp#27;[33mo.h.q.s.f.SqmFunctionRegistry&amp#27;[0;39m: Registering alternate key : local datetime -> local_datetime
&amp#27;[30m2025-04-21 07:27:32,081&amp#27;[0;39m &amp#27;[39mDEBUG&amp#27;[0;39m [&amp#27;[34mmain&amp#27;[0;39m] &amp#27;[33mo.h.q.s.f.SqmFunctionRegistry&amp#27;[0;39m: Registering alternate key : offset datetime -> offset_datetime
&amp#27;[30m2025-04-21 07:27:32,081&amp#27;[0;39m &amp#27;[39mDEBUG&amp#27;[0;39m [&amp#27;[34mmain&amp#27;[0;39m] &amp#27;[33mo.h.q.s.f.SqmFunctionRegistry&amp#27;[0;39m: Registered SqmFunctionTemplate [org.hibernate.dialect.function.CurrentFunction@48adb967] under instant; prior registration was null
&amp#27;[30m2025-04-21 07:27:32,082&amp#27;[0;39m &amp#27;[39mDEBUG&amp#27;[0;39m [&amp#27;[34mmain&amp#27;[0;39m] &amp#27;[33mo.h.q.s.f.SqmFunctionRegistry&amp#27;[0;39m: Registering alternate key : current_instant -> instant
&amp#27;[30m2025-04-21 07:27:32,082&amp#27;[0;39m &amp#27;[39mDEBUG&amp#27;[0;39m [&amp#27;[34mmain&amp#27;[0;39m] &amp#27;[33mo.h.q.s.f.SqmFunctionRegistry&amp#27;[0;39m: Registered SqmFunctionTemplate [org.hibernate.dialect.function.SqlFunction@136cd71b] under sql; prior registration was null
&amp#27;[30m2025-04-21 07:27:32,082&amp#27;[0;39m &amp#27;[39mDEBUG&amp#27;[0;39m [&amp#27;[34mmain&amp#27;[0;39m] &amp#27;[33mo.h.q.s.f.SqmFunctionRegistry&amp#27;[0;39m: Registered SqmFunctionTemplate [NamedSqmFunctionTemplate(max)] under max; prior registration was NamedSqmFunctionTemplate(max)
&amp#27;[30m2025-04-21 07:27:32,082&amp#27;[0;39m &amp#27;[39mDEBUG&amp#27;[0;39m [&amp#27;[34mmain&amp#27;[0;39m] &amp#27;[33mo.h.q.s.f.SqmFunctionRegistry&amp#27;[0;39m: Registered SqmFunctionTemplate [NamedSqmFunctionTemplate(min)] under min; prior registration was NamedSqmFunctionTemplate(min)
&amp#27;[30m2025-04-21 07:27:32,083&amp#27;[0;39m &amp#27;[39mDEBUG&amp#27;[0;39m [&amp#27;[34mmain&amp#27;[0;39m] &amp#27;[33mo.h.q.s.f.SqmFunctionRegistry&amp#27;[0;39m: Registered SqmFunctionTemplate [NamedSqmFunctionTemplate(sum)] under sum; prior registration was NamedSqmFunctionTemplate(sum)
&amp#27;[30m2025-04-21 07:27:32,083&amp#27;[0;39m &amp#27;[39mDEBUG&amp#27;[0;39m [&amp#27;[34mmain&amp#27;[0;39m] &amp#27;[33mo.h.q.s.f.SqmFunctionRegistry&amp#27;[0;39m: Registered SqmFunctionTemplate [NamedSqmFunctionTemplate(avg)] under avg; prior registration was NamedSqmFunctionTemplate(avg)
&amp#27;[30m2025-04-21 07:27:32,083&amp#27;[0;39m &amp#27;[39mDEBUG&amp#27;[0;39m [&amp#27;[34mmain&amp#27;[0;39m] &amp#27;[33mo.h.q.s.f.SqmFunctionRegistry&amp#27;[0;39m: Registered SqmFunctionTemplate [org.hibernate.dialect.function.CountFunction@631f188a] under count; prior registration was org.hibernate.dialect.function.CountFunction@453ef145
&amp#27;[30m2025-04-21 07:27:32,083&amp#27;[0;39m &amp#27;[39mDEBUG&amp#27;[0;39m [&amp#27;[34mmain&amp#27;[0;39m] &amp#27;[33mo.h.q.s.f.SqmFunctionRegistry&amp#27;[0;39m: Registered SqmFunctionTemplate [org.hibernate.dialect.function.AvgFunction@285bee4e] under avg; prior registration was NamedSqmFunctionTemplate(avg)
&amp#27;[30m2025-04-21 07:27:32,084&amp#27;[0;39m &amp#27;[39mDEBUG&amp#27;[0;39m [&amp#27;[34mmain&amp#27;[0;39m] &amp#27;[33mo.h.q.s.f.SqmFunctionRegistry&amp#27;[0;39m: Registered SqmFunctionTemplate [NamedSqmFunctionTemplate(pi)] under pi; prior registration was org.hibernate.query.sqm.function.PatternBasedSqmFunctionDescriptor@45fa7f1a
&amp#27;[30m2025-04-21 07:27:32,084&amp#27;[0;39m &amp#27;[39mDEBUG&amp#27;[0;39m [&amp#27;[34mmain&amp#27;[0;39m] &amp#27;[33mo.h.q.s.f.SqmFunctionRegistry&amp#27;[0;39m: Registered SqmFunctionTemplate [NamedSqmFunctionTemplate(cot)] under cot; prior registration was null
&amp#27;[30m2025-04-21 07:27:32,084&amp#27;[0;39m &amp#27;[39mDEBUG&amp#27;[0;39m [&amp#27;[34mmain&amp#27;[0;39m] &amp#27;[33mo.h.q.s.f.SqmFunctionRegistry&amp#27;[0;39m: Registered SqmFunctionTemplate [NamedSqmFunctionTemplate(radians)] under radians; prior registration was null
&amp#27;[30m2025-04-21 07:27:32,084&amp#27;[0;39m &amp#27;[39mDEBUG&amp#27;[0;39m [&amp#27;[34mmain&amp#27;[0;39m] &amp#27;[33mo.h.q.s.f.SqmFunctionRegistry&amp#27;[0;39m: Registered SqmFunctionTemplate [NamedSqmFunctionTemplate(degrees)] under degrees; prior registration was null
&amp#27;[30m2025-04-21 07:27:32,085&amp#27;[0;39m &amp#27;[39mDEBUG&amp#27;[0;39m [&amp#27;[34mmain&amp#27;[0;39m] &amp#27;[33mo.h.q.s.f.SqmFunctionRegistry&amp#27;[0;39m: Registered SqmFunctionTemplate [NamedSqmFunctionTemplate(log10)] under log10; prior registration was null
&amp#27;[30m2025-04-21 07:27:32,085&amp#27;[0;39m &amp#27;[39mDEBUG&amp#27;[0;39m [&amp#27;[34mmain&amp#27;[0;39m] &amp#27;[33mo.h.q.s.f.SqmFunctionRegistry&amp#27;[0;39m: Registered SqmFunctionTemplate [org.hibernate.query.sqm.function.PatternBasedSqmFunctionDescriptor@d181ca3] under mod; prior registration was NamedSqmFunctionTemplate(mod)
&amp#27;[30m2025-04-21 07:27:32,085&amp#27;[0;39m &amp#27;[39mDEBUG&amp#27;[0;39m [&amp#27;[34mmain&amp#27;[0;39m] &amp#27;[33mo.h.q.s.f.SqmFunctionRegistry&amp#27;[0;39m: Registered SqmFunctionTemplate [NamedSqmFunctionTemplate(rand)] under rand; prior registration was null
&amp#27;[30m2025-04-21 07:27:32,085&amp#27;[0;39m &amp#27;[39mDEBUG&amp#27;[0;39m [&amp#27;[34mmain&amp#27;[0;39m] &amp#27;[33mo.h.q.s.f.SqmFunctionRegistry&amp#27;[0;39m: Registered SqmFunctionTemplate [NamedSqmFunctionTemplate(soundex)] under soundex; prior registration was null
&amp#27;[30m2025-04-21 07:27:32,086&amp#27;[0;39m &amp#27;[39mDEBUG&amp#27;[0;39m [&amp#27;[34mmain&amp#27;[0;39m] &amp#27;[33mo.h.q.s.f.SqmFunctionRegistry&amp#27;[0;39m: Registered SqmFunctionTemplate [NamedSqmFunctionTemplate(translate)] under translate; prior registration was null
&amp#27;[30m2025-04-21 07:27:32,086&amp#27;[0;39m &amp#27;[39mDEBUG&amp#27;[0;39m [&amp#27;[34mmain&amp#27;[0;39m] &amp#27;[33mo.h.q.s.f.SqmFunctionRegistry&amp#27;[0;39m: Registered SqmFunctionTemplate [NamedSqmFunctionTemplate(bitand)] under bitand; prior registration was null
&amp#27;[30m2025-04-21 07:27:32,086&amp#27;[0;39m &amp#27;[39mDEBUG&amp#27;[0;39m [&amp#27;[34mmain&amp#27;[0;39m] &amp#27;[33mo.h.q.s.f.SqmFunctionRegistry&amp#27;[0;39m: Registered SqmFunctionTemplate [NamedSqmFunctionTemplate(bitor)] under bitor; prior registration was null
&amp#27;[30m2025-04-21 07:27:32,086&amp#27;[0;39m &amp#27;[39mDEBUG&amp#27;[0;39m [&amp#27;[34mmain&amp#27;[0;39m] &amp#27;[33mo.h.q.s.f.SqmFunctionRegistry&amp#27;[0;39m: Registered SqmFunctionTemplate [NamedSqmFunctionTemplate(bitxor)] under bitxor; prior registration was null
&amp#27;[30m2025-04-21 07:27:32,087&amp#27;[0;39m &amp#27;[39mDEBUG&amp#27;[0;39m [&amp#27;[34mmain&amp#27;[0;39m] &amp#27;[33mo.h.q.s.f.SqmFunctionRegistry&amp#27;[0;39m: Registered SqmFunctionTemplate [NamedSqmFunctionTemplate(bitnot)] under bitnot; prior registration was null
&amp#27;[30m2025-04-21 07:27:32,087&amp#27;[0;39m &amp#27;[39mDEBUG&amp#27;[0;39m [&amp#27;[34mmain&amp#27;[0;39m] &amp#27;[33mo.h.q.s.f.SqmFunctionRegistry&amp#27;[0;39m: Registered SqmFunctionTemplate [NamedSqmFunctionTemplate(bit_and)] under bit_and; prior registration was null
&amp#27;[30m2025-04-21 07:27:32,087&amp#27;[0;39m &amp#27;[39mDEBUG&amp#27;[0;39m [&amp#27;[34mmain&amp#27;[0;39m] &amp#27;[33mo.h.q.s.f.SqmFunctionRegistry&amp#27;[0;39m: Registered SqmFunctionTemplate [NamedSqmFunctionTemplate(bit_or)] under bit_or; prior registration was null
&amp#27;[30m2025-04-21 07:27:32,087&amp#27;[0;39m &amp#27;[39mDEBUG&amp#27;[0;39m [&amp#27;[34mmain&amp#27;[0;39m] &amp#27;[33mo.h.q.s.f.SqmFunctionRegistry&amp#27;[0;39m: Registered SqmFunctionTemplate [NamedSqmFunctionTemplate(day)] under day; prior registration was null
&amp#27;[30m2025-04-21 07:27:32,088&amp#27;[0;39m &amp#27;[39mDEBUG&amp#27;[0;39m [&amp#27;[34mmain&amp#27;[0;39m] &amp#27;[33mo.h.q.s.f.SqmFunctionRegistry&amp#27;[0;39m: Registered SqmFunctionTemplate [NamedSqmFunctionTemplate(month)] under month; prior registration was null
&amp#27;[30m2025-04-21 07:27:32,088&amp#27;[0;39m &amp#27;[39mDEBUG&amp#27;[0;39m [&amp#27;[34mmain&amp#27;[0;39m] &amp#27;[33mo.h.q.s.f.SqmFunctionRegistry&amp#27;[0;39m: Registered SqmFunctionTemplate [NamedSqmFunctionTemplate(year)] under year; prior registration was null
&amp#27;[30m2025-04-21 07:27:32,088&amp#27;[0;39m &amp#27;[39mDEBUG&amp#27;[0;39m [&amp#27;[34mmain&amp#27;[0;39m] &amp#27;[33mo.h.q.s.f.SqmFunctionRegistry&amp#27;[0;39m: Registered SqmFunctionTemplate [NamedSqmFunctionTemplate(hour)] under hour; prior registration was null
&amp#27;[30m2025-04-21 07:27:32,088&amp#27;[0;39m &amp#27;[39mDEBUG&amp#27;[0;39m [&amp#27;[34mmain&amp#27;[0;39m] &amp#27;[33mo.h.q.s.f.SqmFunctionRegistry&amp#27;[0;39m: Registered SqmFunctionTemplate [NamedSqmFunctionTemplate(minute)] under minute; prior registration was null
&amp#27;[30m2025-04-21 07:27:32,088&amp#27;[0;39m &amp#27;[39mDEBUG&amp#27;[0;39m [&amp#27;[34mmain&amp#27;[0;39m] &amp#27;[33mo.h.q.s.f.SqmFunctionRegistry&amp#27;[0;39m: Registered SqmFunctionTemplate [NamedSqmFunctionTemplate(second)] under second; prior registration was null
&amp#27;[30m2025-04-21 07:27:32,089&amp#27;[0;39m &amp#27;[39mDEBUG&amp#27;[0;39m [&amp#27;[34mmain&amp#27;[0;39m] &amp#27;[33mo.h.q.s.f.SqmFunctionRegistry&amp#27;[0;39m: Registered SqmFunctionTemplate [NamedSqmFunctionTemplate(microsecond)] under microsecond; prior registration was null
&amp#27;[30m2025-04-21 07:27:32,089&amp#27;[0;39m &amp#27;[39mDEBUG&amp#27;[0;39m [&amp#27;[34mmain&amp#27;[0;39m] &amp#27;[33mo.h.q.s.f.SqmFunctionRegistry&amp#27;[0;39m: Registered SqmFunctionTemplate [NamedSqmFunctionTemplate(day_of_week)] under day_of_week; prior registration was null
&amp#27;[30m2025-04-21 07:27:32,089&amp#27;[0;39m &amp#27;[39mDEBUG&amp#27;[0;39m [&amp#27;[34mmain&amp#27;[0;39m] &amp#27;[33mo.h.q.s.f.SqmFunctionRegistry&amp#27;[0;39m: Registered SqmFunctionTemplate [NamedSqmFunctionTemplate(day_of_month)] under day_of_month; prior registration was null
&amp#27;[30m2025-04-21 07:27:32,089&amp#27;[0;39m &amp#27;[39mDEBUG&amp#27;[0;39m [&amp#27;[34mmain&amp#27;[0;39m] &amp#27;[33mo.h.q.s.f.SqmFunctionRegistry&amp#27;[0;39m: Registering alternate key : day -> day_of_month
&amp#27;[30m2025-04-21 07:27:32,090&amp#27;[0;39m &amp#27;[39mDEBUG&amp#27;[0;39m [&amp#27;[34mmain&amp#27;[0;39m] &amp#27;[33mo.h.q.s.f.SqmFunctionRegistry&amp#27;[0;39m: Registered SqmFunctionTemplate [NamedSqmFunctionTemplate(day_of_year)] under day_of_year; prior registration was null
&amp#27;[30m2025-04-21 07:27:32,090&amp#27;[0;39m &amp#27;[39mDEBUG&amp#27;[0;39m [&amp#27;[34mmain&amp#27;[0;39m] &amp#27;[33mo.h.q.s.f.SqmFunctionRegistry&amp#27;[0;39m: Registered SqmFunctionTemplate [NamedSqmFunctionTemplate(week)] under week; prior registration was null
&amp#27;[30m2025-04-21 07:27:32,090&amp#27;[0;39m &amp#27;[39mDEBUG&amp#27;[0;39m [&amp#27;[34mmain&amp#27;[0;39m] &amp#27;[33mo.h.q.s.f.SqmFunctionRegistry&amp#27;[0;39m: Registered SqmFunctionTemplate [NamedSqmFunctionTemplate(quarter)] under quarter; prior registration was null
&amp#27;[30m2025-04-21 07:27:32,090&amp#27;[0;39m &amp#27;[39mDEBUG&amp#27;[0;39m [&amp#27;[34mmain&amp#27;[0;39m] &amp#27;[33mo.h.q.s.f.SqmFunctionRegistry&amp#27;[0;39m: Registered SqmFunctionTemplate [NamedSqmFunctionTemplate(monthname)] under monthname; prior registration was null
&amp#27;[30m2025-04-21 07:27:32,090&amp#27;[0;39m &amp#27;[39mDEBUG&amp#27;[0;39m [&amp#27;[34mmain&amp#27;[0;39m] &amp#27;[33mo.h.q.s.f.SqmFunctionRegistry&amp#27;[0;39m: Registered SqmFunctionTemplate [NamedSqmFunctionTemplate(dayname)] under dayname; prior registration was null
&amp#27;[30m2025-04-21 07:27:32,091&amp#27;[0;39m &amp#27;[39mDEBUG&amp#27;[0;39m [&amp#27;[34mmain&amp#27;[0;39m] &amp#27;[33mo.h.q.s.f.SqmFunctionRegistry&amp#27;[0;39m: Registered SqmFunctionTemplate [NamedSqmFunctionTemplate(localtime)] under localtime; prior registration was null
&amp#27;[30m2025-04-21 07:27:32,091&amp#27;[0;39m &amp#27;[39mDEBUG&amp#27;[0;39m [&amp#27;[34mmain&amp#27;[0;39m] &amp#27;[33mo.h.q.s.f.SqmFunctionRegistry&amp#27;[0;39m: Registered SqmFunctionTemplate [NamedSqmFunctionTemplate(localtimestamp)] under localtimestamp; prior registration was null
&amp#27;[30m2025-04-21 07:27:32,091&amp#27;[0;39m &amp#27;[39mDEBUG&amp#27;[0;39m [&amp#27;[34mmain&amp#27;[0;39m] &amp#27;[33mo.h.q.s.f.SqmFunctionRegistry&amp#27;[0;39m: Registered SqmFunctionTemplate [NamedSqmFunctionTemplate(localtime)] under local_time; prior registration was org.hibernate.dialect.function.CurrentFunction@69765d94
&amp#27;[30m2025-04-21 07:27:32,091&amp#27;[0;39m &amp#27;[39mDEBUG&amp#27;[0;39m [&amp#27;[34mmain&amp#27;[0;39m] &amp#27;[33mo.h.q.s.f.SqmFunctionRegistry&amp#27;[0;39m: Registered SqmFunctionTemplate [NamedSqmFunctionTemplate(localtimestamp)] under local_datetime; prior registration was org.hibernate.dialect.function.CurrentFunction@62f25e32
&amp#27;[30m2025-04-21 07:27:32,092&amp#27;[0;39m &amp#27;[39mDEBUG&amp#27;[0;39m [&amp#27;[34mmain&amp#27;[0;39m] &amp#27;[33mo.h.q.s.f.SqmFunctionRegistry&amp#27;[0;39m: Registered SqmFunctionTemplate [org.hibernate.dialect.function.TruncFunction@78b9d614] under trunc; prior registration was null
&amp#27;[30m2025-04-21 07:27:32,092&amp#27;[0;39m &amp#27;[39mDEBUG&amp#27;[0;39m [&amp#27;[34mmain&amp#27;[0;39m] &amp#27;[33mo.h.q.s.f.SqmFunctionRegistry&amp#27;[0;39m: Registering alternate key : truncate -> trunc
&amp#27;[30m2025-04-21 07:27:32,092&amp#27;[0;39m &amp#27;[39mDEBUG&amp#27;[0;39m [&amp#27;[34mmain&amp#27;[0;39m] &amp#27;[33mo.h.q.s.f.SqmFunctionRegistry&amp#27;[0;39m: Registered SqmFunctionTemplate [org.hibernate.query.sqm.function.PatternBasedSqmFunctionDescriptor@63f95ac1] under date_trunc; prior registration was null
&amp#27;[30m2025-04-21 07:27:32,092&amp#27;[0;39m &amp#27;[39mDEBUG&amp#27;[0;39m [&amp#27;[34mmain&amp#27;[0;39m] &amp#27;[33mo.h.q.s.f.SqmFunctionRegistry&amp#27;[0;39m: Registered SqmFunctionTemplate [NamedSqmFunctionTemplate(bit_length)] under bit_length; prior registration was null
&amp#27;[30m2025-04-21 07:27:32,093&amp#27;[0;39m &amp#27;[39mDEBUG&amp#27;[0;39m [&amp#27;[34mmain&amp#27;[0;39m] &amp#27;[33mo.h.q.s.f.SqmFunctionRegistry&amp#27;[0;39m: Registered SqmFunctionTemplate [NamedSqmFunctionTemplate(octet_length)] under octet_length; prior registration was null
&amp#27;[30m2025-04-21 07:27:32,093&amp#27;[0;39m &amp#27;[39mDEBUG&amp#27;[0;39m [&amp#27;[34mmain&amp#27;[0;39m] &amp#27;[33mo.h.q.s.f.SqmFunctionRegistry&amp#27;[0;39m: Registered SqmFunctionTemplate [NamedSqmFunctionTemplate(ascii)] under ascii; prior registration was null
&amp#27;[30m2025-04-21 07:27:32,093&amp#27;[0;39m &amp#27;[39mDEBUG&amp#27;[0;39m [&amp#27;[34mmain&amp#27;[0;39m] &amp#27;[33mo.h.q.s.f.SqmFunctionRegistry&amp#27;[0;39m: Registered SqmFunctionTemplate [NamedSqmFunctionTemplate(octet_length)] under octet_length; prior registration was NamedSqmFunctionTemplate(octet_length)
&amp#27;[30m2025-04-21 07:27:32,093&amp#27;[0;39m &amp#27;[39mDEBUG&amp#27;[0;39m [&amp#27;[34mmain&amp#27;[0;39m] &amp#27;[33mo.h.q.s.f.SqmFunctionRegistry&amp#27;[0;39m: Registered SqmFunctionTemplate [NamedSqmFunctionTemplate(space)] under space; prior registration was null
&amp#27;[30m2025-04-21 07:27:32,093&amp#27;[0;39m &amp#27;[39mDEBUG&amp#27;[0;39m [&amp#27;[34mmain&amp#27;[0;39m] &amp#27;[33mo.h.q.s.f.SqmFunctionRegistry&amp#27;[0;39m: Registered SqmFunctionTemplate [NamedSqmFunctionTemplate(repeat)] under repeat; prior registration was null
&amp#27;[30m2025-04-21 07:27:32,094&amp#27;[0;39m &amp#27;[39mDEBUG&amp#27;[0;39m [&amp#27;[34mmain&amp#27;[0;39m] &amp#27;[33mo.h.q.s.f.SqmFunctionRegistry&amp#27;[0;39m: Registered SqmFunctionTemplate [NamedSqmFunctionTemplate(char)] under char; prior registration was null
&amp#27;[30m2025-04-21 07:27:32,094&amp#27;[0;39m &amp#27;[39mDEBUG&amp#27;[0;39m [&amp#27;[34mmain&amp#27;[0;39m] &amp#27;[33mo.h.q.s.f.SqmFunctionRegistry&amp#27;[0;39m: Registering alternate key : chr -> char
&amp#27;[30m2025-04-21 07:27:32,094&amp#27;[0;39m &amp#27;[39mDEBUG&amp#27;[0;39m [&amp#27;[34mmain&amp#27;[0;39m] &amp#27;[33mo.h.q.s.f.SqmFunctionRegistry&amp#27;[0;39m: Registered SqmFunctionTemplate [NamedSqmFunctionTemplate(instr)] under instr; prior registration was null
&amp#27;[30m2025-04-21 07:27:32,094&amp#27;[0;39m &amp#27;[39mDEBUG&amp#27;[0;39m [&amp#27;[34mmain&amp#27;[0;39m] &amp#27;[33mo.h.q.s.f.SqmFunctionRegistry&amp#27;[0;39m: Registered SqmFunctionTemplate [NamedSqmFunctionTemplate(substr)] under substr; prior registration was null
&amp#27;[30m2025-04-21 07:27:32,094&amp#27;[0;39m &amp#27;[39mDEBUG&amp#27;[0;39m [&amp#27;[34mmain&amp#27;[0;39m] &amp#27;[33mo.h.q.s.f.SqmFunctionRegistry&amp#27;[0;39m: Registered SqmFunctionTemplate [org.hibernate.query.sqm.function.PatternBasedSqmFunctionDescriptor@14a7e16e] under position; prior registration was org.hibernate.dialect.function.LocatePositionEmulation@44264fb6
&amp#27;[30m2025-04-21 07:27:32,095&amp#27;[0;39m &amp#27;[39mDEBUG&amp#27;[0;39m [&amp#27;[34mmain&amp#27;[0;39m] &amp#27;[33mo.h.q.s.f.SqmFunctionRegistry&amp#27;[0;39m: Registered SqmFunctionTemplate [NamedSqmFunctionTemplate(ltrim)] under ltrim; prior registration was null
&amp#27;[30m2025-04-21 07:27:32,095&amp#27;[0;39m &amp#27;[39mDEBUG&amp#27;[0;39m [&amp#27;[34mmain&amp#27;[0;39m] &amp#27;[33mo.h.q.s.f.SqmFunctionRegistry&amp#27;[0;39m: Registered SqmFunctionTemplate [NamedSqmFunctionTemplate(rtrim)] under rtrim; prior registration was null
&amp#27;[30m2025-04-21 07:27:32,095&amp#27;[0;39m &amp#27;[39mDEBUG&amp#27;[0;39m [&amp#27;[34mmain&amp#27;[0;39m] &amp#27;[33mo.h.q.s.f.SqmFunctionRegistry&amp#27;[0;39m: Registered SqmFunctionTemplate [org.hibernate.query.sqm.function.PatternBasedSqmFunctionDescriptor@59171a5d] under concat; prior registration was NamedSqmFunctionTemplate(concat)
&amp#27;[30m2025-04-21 07:27:32,096&amp#27;[0;39m &amp#27;[39mDEBUG&amp#27;[0;39m [&amp#27;[34mmain&amp#27;[0;39m] &amp#27;[33mo.h.q.s.f.SqmFunctionRegistry&amp#27;[0;39m: Registered SqmFunctionTemplate [NamedSqmFunctionTemplate(curtime)] under curtime; prior registration was null
&amp#27;[30m2025-04-21 07:27:32,096&amp#27;[0;39m &amp#27;[39mDEBUG&amp#27;[0;39m [&amp#27;[34mmain&amp#27;[0;39m] &amp#27;[33mo.h.q.s.f.SqmFunctionRegistry&amp#27;[0;39m: Registered SqmFunctionTemplate [NamedSqmFunctionTemplate(curdate)] under curdate; prior registration was null
&amp#27;[30m2025-04-21 07:27:32,096&amp#27;[0;39m &amp#27;[39mDEBUG&amp#27;[0;39m [&amp#27;[34mmain&amp#27;[0;39m] &amp#27;[33mo.h.q.s.f.SqmFunctionRegistry&amp#27;[0;39m: Registered SqmFunctionTemplate [NamedSqmFunctionTemplate(now)] under now; prior registration was null
&amp#27;[30m2025-04-21 07:27:32,096&amp#27;[0;39m &amp#27;[39mDEBUG&amp#27;[0;39m [&amp#27;[34mmain&amp#27;[0;39m] &amp#27;[33mo.h.q.s.f.SqmFunctionRegistry&amp#27;[0;39m: Registered SqmFunctionTemplate [NamedSqmFunctionTemplate(sysdate)] under sysdate; prior registration was null
&amp#27;[30m2025-04-21 07:27:32,096&amp#27;[0;39m &amp#27;[39mDEBUG&amp#27;[0;39m [&amp#27;[34mmain&amp#27;[0;39m] &amp#27;[33mo.h.q.s.f.SqmFunctionRegistry&amp#27;[0;39m: Registered SqmFunctionTemplate [NamedSqmFunctionTemplate(insert)] under insert; prior registration was null
&amp#27;[30m2025-04-21 07:27:32,097&amp#27;[0;39m &amp#27;[39mDEBUG&amp#27;[0;39m [&amp#27;[34mmain&amp#27;[0;39m] &amp#27;[33mo.h.q.s.f.SqmFunctionRegistry&amp#27;[0;39m: Registered SqmFunctionTemplate [NamedSqmFunctionTemplate(bool_and)] under bool_and; prior registration was null
&amp#27;[30m2025-04-21 07:27:32,097&amp#27;[0;39m &amp#27;[39mDEBUG&amp#27;[0;39m [&amp#27;[34mmain&amp#27;[0;39m] &amp#27;[33mo.h.q.s.f.SqmFunctionRegistry&amp#27;[0;39m: Registering alternate key : every -> bool_and
&amp#27;[30m2025-04-21 07:27:32,097&amp#27;[0;39m &amp#27;[39mDEBUG&amp#27;[0;39m [&amp#27;[34mmain&amp#27;[0;39m] &amp#27;[33mo.h.q.s.f.SqmFunctionRegistry&amp#27;[0;39m: Registered SqmFunctionTemplate [NamedSqmFunctionTemplate(bool_or)] under bool_or; prior registration was null
&amp#27;[30m2025-04-21 07:27:32,097&amp#27;[0;39m &amp#27;[39mDEBUG&amp#27;[0;39m [&amp#27;[34mmain&amp#27;[0;39m] &amp#27;[33mo.h.q.s.f.SqmFunctionRegistry&amp#27;[0;39m: Registering alternate key : any -> bool_or
&amp#27;[30m2025-04-21 07:27:32,097&amp#27;[0;39m &amp#27;[39mDEBUG&amp#27;[0;39m [&amp#27;[34mmain&amp#27;[0;39m] &amp#27;[33mo.h.q.s.f.SqmFunctionRegistry&amp#27;[0;39m: Registered SqmFunctionTemplate [NamedSqmFunctionTemplate(median)] under median; prior registration was null
&amp#27;[30m2025-04-21 07:27:32,098&amp#27;[0;39m &amp#27;[39mDEBUG&amp#27;[0;39m [&amp#27;[34mmain&amp#27;[0;39m] &amp#27;[33mo.h.q.s.f.SqmFunctionRegistry&amp#27;[0;39m: Registered SqmFunctionTemplate [NamedSqmFunctionTemplate(stddev_pop)] under stddev_pop; prior registration was null
&amp#27;[30m2025-04-21 07:27:32,098&amp#27;[0;39m &amp#27;[39mDEBUG&amp#27;[0;39m [&amp#27;[34mmain&amp#27;[0;39m] &amp#27;[33mo.h.q.s.f.SqmFunctionRegistry&amp#27;[0;39m: Registered SqmFunctionTemplate [NamedSqmFunctionTemplate(stddev_samp)] under stddev_samp; prior registration was null
&amp#27;[30m2025-04-21 07:27:32,098&amp#27;[0;39m &amp#27;[39mDEBUG&amp#27;[0;39m [&amp#27;[34mmain&amp#27;[0;39m] &amp#27;[33mo.h.q.s.f.SqmFunctionRegistry&amp#27;[0;39m: Registered SqmFunctionTemplate [NamedSqmFunctionTemplate(var_pop)] under var_pop; prior registration was null
&amp#27;[30m2025-04-21 07:27:32,098&amp#27;[0;39m &amp#27;[39mDEBUG&amp#27;[0;39m [&amp#27;[34mmain&amp#27;[0;39m] &amp#27;[33mo.h.q.s.f.SqmFunctionRegistry&amp#27;[0;39m: Registered SqmFunctionTemplate [NamedSqmFunctionTemplate(var_samp)] under var_samp; prior registration was null
&amp#27;[30m2025-04-21 07:27:32,098&amp#27;[0;39m &amp#27;[39mDEBUG&amp#27;[0;39m [&amp#27;[34mmain&amp#27;[0;39m] &amp#27;[33mo.h.q.s.f.SqmFunctionRegistry&amp#27;[0;39m: Registered SqmFunctionTemplate [org.hibernate.dialect.function.FormatFunction@6f286e1d] under format; prior registration was org.hibernate.dialect.function.FormatFunction@6a4859fc
&amp#27;[30m2025-04-21 07:27:32,099&amp#27;[0;39m &amp#27;[39mDEBUG&amp#27;[0;39m [&amp#27;[34mmain&amp#27;[0;39m] &amp#27;[33mo.h.q.s.f.SqmFunctionRegistry&amp#27;[0;39m: Registered SqmFunctionTemplate [NamedSqmFunctionTemplate(rownum)] under rownum; prior registration was null
&amp#27;[30m2025-04-21 07:27:32,099&amp#27;[0;39m &amp#27;[39mDEBUG&amp#27;[0;39m [&amp#27;[34mmain&amp#27;[0;39m] &amp#27;[33mo.h.q.s.f.SqmFunctionRegistry&amp#27;[0;39m: Registered SqmFunctionTemplate [NamedSqmFunctionTemplate(row_number)] under row_number; prior registration was null
&amp#27;[30m2025-04-21 07:27:32,099&amp#27;[0;39m &amp#27;[39mDEBUG&amp#27;[0;39m [&amp#27;[34mmain&amp#27;[0;39m] &amp#27;[33mo.h.q.s.f.SqmFunctionRegistry&amp#27;[0;39m: Registered SqmFunctionTemplate [NamedSqmFunctionTemplate(lag)] under lag; prior registration was null
&amp#27;[30m2025-04-21 07:27:32,099&amp#27;[0;39m &amp#27;[39mDEBUG&amp#27;[0;39m [&amp#27;[34mmain&amp#27;[0;39m] &amp#27;[33mo.h.q.s.f.SqmFunctionRegistry&amp#27;[0;39m: Registered SqmFunctionTemplate [NamedSqmFunctionTemplate(lead)] under lead; prior registration was null
&amp#27;[30m2025-04-21 07:27:32,099&amp#27;[0;39m &amp#27;[39mDEBUG&amp#27;[0;39m [&amp#27;[34mmain&amp#27;[0;39m] &amp#27;[33mo.h.q.s.f.SqmFunctionRegistry&amp#27;[0;39m: Registered SqmFunctionTemplate [NamedSqmFunctionTemplate(first_value)] under first_value; prior registration was null
&amp#27;[30m2025-04-21 07:27:32,100&amp#27;[0;39m &amp#27;[39mDEBUG&amp#27;[0;39m [&amp#27;[34mmain&amp#27;[0;39m] &amp#27;[33mo.h.q.s.f.SqmFunctionRegistry&amp#27;[0;39m: Registered SqmFunctionTemplate [NamedSqmFunctionTemplate(last_value)] under last_value; prior registration was null
&amp#27;[30m2025-04-21 07:27:32,100&amp#27;[0;39m &amp#27;[39mDEBUG&amp#27;[0;39m [&amp#27;[34mmain&amp#27;[0;39m] &amp#27;[33mo.h.q.s.f.SqmFunctionRegistry&amp#27;[0;39m: Registered SqmFunctionTemplate [NamedSqmFunctionTemplate(nth_value)] under nth_value; prior registration was null
&amp#27;[30m2025-04-21 07:27:32,100&amp#27;[0;39m &amp#27;[39mDEBUG&amp#27;[0;39m [&amp#27;[34mmain&amp#27;[0;39m] &amp#27;[33mo.h.q.s.f.SqmFunctionRegistry&amp#27;[0;39m: Registered SqmFunctionTemplate [org.hibernate.dialect.function.ListaggFunction@46ae1e6b] under listagg; prior registration was null
&amp#27;[30m2025-04-21 07:27:32,100&amp#27;[0;39m &amp#27;[39mDEBUG&amp#27;[0;39m [&amp#27;[34mmain&amp#27;[0;39m] &amp#27;[33mo.h.q.s.f.SqmFunctionRegistry&amp#27;[0;39m: Registered SqmFunctionTemplate [org.hibernate.dialect.function.InverseDistributionFunction@6d293b41] under mode; prior registration was null
&amp#27;[30m2025-04-21 07:27:32,100&amp#27;[0;39m &amp#27;[39mDEBUG&amp#27;[0;39m [&amp#27;[34mmain&amp#27;[0;39m] &amp#27;[33mo.h.q.s.f.SqmFunctionRegistry&amp#27;[0;39m: Registered SqmFunctionTemplate [org.hibernate.dialect.function.InverseDistributionFunction@c0d114b] under percentile_cont; prior registration was null
&amp#27;[30m2025-04-21 07:27:32,101&amp#27;[0;39m &amp#27;[39mDEBUG&amp#27;[0;39m [&amp#27;[34mmain&amp#27;[0;39m] &amp#27;[33mo.h.q.s.f.SqmFunctionRegistry&amp#27;[0;39m: Registered SqmFunctionTemplate [org.hibernate.dialect.function.InverseDistributionFunction@2079ce51] under percentile_disc; prior registration was null
&amp#27;[30m2025-04-21 07:27:32,101&amp#27;[0;39m &amp#27;[39mDEBUG&amp#27;[0;39m [&amp#27;[34mmain&amp#27;[0;39m] &amp#27;[33mo.h.q.s.f.SqmFunctionRegistry&amp#27;[0;39m: Registered SqmFunctionTemplate [org.hibernate.dialect.function.HypotheticalSetFunction@1692d173] under rank; prior registration was null
&amp#27;[30m2025-04-21 07:27:32,101&amp#27;[0;39m &amp#27;[39mDEBUG&amp#27;[0;39m [&amp#27;[34mmain&amp#27;[0;39m] &amp#27;[33mo.h.q.s.f.SqmFunctionRegistry&amp#27;[0;39m: Registered SqmFunctionTemplate [org.hibernate.dialect.function.HypotheticalSetFunction@32c503d3] under dense_rank; prior registration was null
&amp#27;[30m2025-04-21 07:27:32,101&amp#27;[0;39m &amp#27;[39mDEBUG&amp#27;[0;39m [&amp#27;[34mmain&amp#27;[0;39m] &amp#27;[33mo.h.q.s.f.SqmFunctionRegistry&amp#27;[0;39m: Registered SqmFunctionTemplate [org.hibernate.dialect.function.HypotheticalSetFunction@5626cb89] under percent_rank; prior registration was null
&amp#27;[30m2025-04-21 07:27:32,102&amp#27;[0;39m &amp#27;[39mDEBUG&amp#27;[0;39m [&amp#27;[34mmain&amp#27;[0;39m] &amp#27;[33mo.h.q.s.f.SqmFunctionRegistry&amp#27;[0;39m: Registered SqmFunctionTemplate [org.hibernate.dialect.function.HypotheticalSetFunction@38c38c5a] under cume_dist; prior registration was null
&amp#27;[30m2025-04-21 07:27:32,102&amp#27;[0;39m &amp#27;[39mDEBUG&amp#27;[0;39m [&amp#27;[34mmain&amp#27;[0;39m] &amp#27;[33mo.h.q.s.f.SqmFunctionRegistry&amp#27;[0;39m: Registered SqmFunctionTemplate [org.hibernate.dialect.function.array.ArrayConstructorFunction@38dacb78] under array; prior registration was null
&amp#27;[30m2025-04-21 07:27:32,102&amp#27;[0;39m &amp#27;[39mDEBUG&amp#27;[0;39m [&amp#27;[34mmain&amp#27;[0;39m] &amp#27;[33mo.h.q.s.f.SqmFunctionRegistry&amp#27;[0;39m: Registered SqmFunctionTemplate [org.hibernate.dialect.function.array.ArrayConstructorFunction@221b9c2b] under array_list; prior registration was null
&amp#27;[30m2025-04-21 07:27:32,103&amp#27;[0;39m &amp#27;[39mDEBUG&amp#27;[0;39m [&amp#27;[34mmain&amp#27;[0;39m] &amp#27;[33mo.h.q.s.f.SqmFunctionRegistry&amp#27;[0;39m: Registered SqmFunctionTemplate [org.hibernate.dialect.function.array.ArrayAggFunction@42017162] under array_agg; prior registration was null
&amp#27;[30m2025-04-21 07:27:32,103&amp#27;[0;39m &amp#27;[39mDEBUG&amp#27;[0;39m [&amp#27;[34mmain&amp#27;[0;39m] &amp#27;[33mo.h.q.s.f.SqmFunctionRegistry&amp#27;[0;39m: Registered SqmFunctionTemplate [org.hibernate.dialect.function.array.H2ArrayPositionFunction@66049424] under array_position; prior registration was null
&amp#27;[30m2025-04-21 07:27:32,103&amp#27;[0;39m &amp#27;[39mDEBUG&amp#27;[0;39m [&amp#27;[34mmain&amp#27;[0;39m] &amp#27;[33mo.h.q.s.f.SqmFunctionRegistry&amp#27;[0;39m: Registered SqmFunctionTemplate [org.hibernate.dialect.function.array.H2ArrayPositionsFunction@766f2d65] under array_positions; prior registration was null
&amp#27;[30m2025-04-21 07:27:32,104&amp#27;[0;39m &amp#27;[39mDEBUG&amp#27;[0;39m [&amp#27;[34mmain&amp#27;[0;39m] &amp#27;[33mo.h.q.s.f.SqmFunctionRegistry&amp#27;[0;39m: Registered SqmFunctionTemplate [org.hibernate.dialect.function.array.H2ArrayPositionsFunction@3f2cc8ab] under array_positions_list; prior registration was null
&amp#27;[30m2025-04-21 07:27:32,104&amp#27;[0;39m &amp#27;[39mDEBUG&amp#27;[0;39m [&amp#27;[34mmain&amp#27;[0;39m] &amp#27;[33mo.h.q.s.f.SqmFunctionRegistry&amp#27;[0;39m: Registered SqmFunctionTemplate [org.hibernate.query.sqm.function.PatternBasedSqmFunctionDescriptor@7dcbcede] under array_length; prior registration was null
&amp#27;[30m2025-04-21 07:27:32,105&amp#27;[0;39m &amp#27;[39mDEBUG&amp#27;[0;39m [&amp#27;[34mmain&amp#27;[0;39m] &amp#27;[33mo.h.q.s.f.SqmFunctionRegistry&amp#27;[0;39m: Registered SqmFunctionTemplate [org.hibernate.dialect.function.DynamicDispatchFunction@2de4045a] under length; prior registration was null
&amp#27;[30m2025-04-21 07:27:32,105&amp#27;[0;39m &amp#27;[39mDEBUG&amp#27;[0;39m [&amp#27;[34mmain&amp#27;[0;39m] &amp#27;[33mo.h.q.s.f.SqmFunctionRegistry&amp#27;[0;39m: Registered SqmFunctionTemplate [org.hibernate.dialect.function.array.ArrayConcatFunction@22ef1086] under array_concat; prior registration was null
&amp#27;[30m2025-04-21 07:27:32,105&amp#27;[0;39m &amp#27;[39mDEBUG&amp#27;[0;39m [&amp#27;[34mmain&amp#27;[0;39m] &amp#27;[33mo.h.q.s.f.SqmFunctionRegistry&amp#27;[0;39m: Registered SqmFunctionTemplate [org.hibernate.dialect.function.array.ArrayConcatElementFunction@7b5ffde0] under array_prepend; prior registration was null
&amp#27;[30m2025-04-21 07:27:32,106&amp#27;[0;39m &amp#27;[39mDEBUG&amp#27;[0;39m [&amp#27;[34mmain&amp#27;[0;39m] &amp#27;[33mo.h.q.s.f.SqmFunctionRegistry&amp#27;[0;39m: Registered SqmFunctionTemplate [org.hibernate.dialect.function.array.ArrayConcatElementFunction@5841716b] under array_append; prior registration was null
&amp#27;[30m2025-04-21 07:27:32,106&amp#27;[0;39m &amp#27;[39mDEBUG&amp#27;[0;39m [&amp#27;[34mmain&amp#27;[0;39m] &amp#27;[33mo.h.q.s.f.SqmFunctionRegistry&amp#27;[0;39m: Registered SqmFunctionTemplate [org.hibernate.dialect.function.array.H2ArrayContainsFunction@550a78ed] under array_contains; prior registration was null
&amp#27;[30m2025-04-21 07:27:32,106&amp#27;[0;39m &amp#27;[39mDEBUG&amp#27;[0;39m [&amp#27;[34mmain&amp#27;[0;39m] &amp#27;[33mo.h.q.s.f.SqmFunctionRegistry&amp#27;[0;39m: Registered SqmFunctionTemplate [org.hibernate.dialect.function.array.H2ArrayContainsFunction@fbb39ea] under array_contains_nullable; prior registration was null
&amp#27;[30m2025-04-21 07:27:32,106&amp#27;[0;39m &amp#27;[39mDEBUG&amp#27;[0;39m [&amp#27;[34mmain&amp#27;[0;39m] &amp#27;[33mo.h.q.s.f.SqmFunctionRegistry&amp#27;[0;39m: Registered SqmFunctionTemplate [org.hibernate.dialect.function.array.H2ArrayIncludesFunction@b8f6500] under array_includes; prior registration was null
&amp#27;[30m2025-04-21 07:27:32,106&amp#27;[0;39m &amp#27;[39mDEBUG&amp#27;[0;39m [&amp#27;[34mmain&amp#27;[0;39m] &amp#27;[33mo.h.q.s.f.SqmFunctionRegistry&amp#27;[0;39m: Registered SqmFunctionTemplate [org.hibernate.dialect.function.array.H2ArrayIncludesFunction@58968733] under array_includes_nullable; prior registration was null
&amp#27;[30m2025-04-21 07:27:32,107&amp#27;[0;39m &amp#27;[39mDEBUG&amp#27;[0;39m [&amp#27;[34mmain&amp#27;[0;39m] &amp#27;[33mo.h.q.s.f.SqmFunctionRegistry&amp#27;[0;39m: Registered SqmFunctionTemplate [org.hibernate.dialect.function.array.H2ArrayIntersectsFunction@5e5d41dc] under array_intersects; prior registration was null
&amp#27;[30m2025-04-21 07:27:32,107&amp#27;[0;39m &amp#27;[39mDEBUG&amp#27;[0;39m [&amp#27;[34mmain&amp#27;[0;39m] &amp#27;[33mo.h.q.s.f.SqmFunctionRegistry&amp#27;[0;39m: Registered SqmFunctionTemplate [org.hibernate.dialect.function.array.H2ArrayIntersectsFunction@87f4794] under array_intersects_nullable; prior registration was null
&amp#27;[30m2025-04-21 07:27:32,107&amp#27;[0;39m &amp#27;[39mDEBUG&amp#27;[0;39m [&amp#27;[34mmain&amp#27;[0;39m] &amp#27;[33mo.h.q.s.f.SqmFunctionRegistry&amp#27;[0;39m: Registering alternate key : array_overlaps -> array_intersects
&amp#27;[30m2025-04-21 07:27:32,107&amp#27;[0;39m &amp#27;[39mDEBUG&amp#27;[0;39m [&amp#27;[34mmain&amp#27;[0;39m] &amp#27;[33mo.h.q.s.f.SqmFunctionRegistry&amp#27;[0;39m: Registering alternate key : array_overlaps_nullable -> array_intersects_nullable
&amp#27;[30m2025-04-21 07:27:32,108&amp#27;[0;39m &amp#27;[39mDEBUG&amp#27;[0;39m [&amp#27;[34mmain&amp#27;[0;39m] &amp#27;[33mo.h.q.s.f.SqmFunctionRegistry&amp#27;[0;39m: Registered SqmFunctionTemplate [org.hibernate.query.sqm.function.PatternBasedSqmFunctionDescriptor@78a894fe] under array_get; prior registration was null
&amp#27;[30m2025-04-21 07:27:32,108&amp#27;[0;39m &amp#27;[39mDEBUG&amp#27;[0;39m [&amp#27;[34mmain&amp#27;[0;39m] &amp#27;[33mo.h.q.s.f.SqmFunctionRegistry&amp#27;[0;39m: Registered SqmFunctionTemplate [org.hibernate.dialect.function.array.H2ArraySetFunction@146b3bc7] under array_set; prior registration was null
&amp#27;[30m2025-04-21 07:27:32,108&amp#27;[0;39m &amp#27;[39mDEBUG&amp#27;[0;39m [&amp#27;[34mmain&amp#27;[0;39m] &amp#27;[33mo.h.q.s.f.SqmFunctionRegistry&amp#27;[0;39m: Registered SqmFunctionTemplate [org.hibernate.dialect.function.array.H2ArrayRemoveFunction@200cdb37] under array_remove; prior registration was null
&amp#27;[30m2025-04-21 07:27:32,109&amp#27;[0;39m &amp#27;[39mDEBUG&amp#27;[0;39m [&amp#27;[34mmain&amp#27;[0;39m] &amp#27;[33mo.h.q.s.f.SqmFunctionRegistry&amp#27;[0;39m: Registered SqmFunctionTemplate [org.hibernate.dialect.function.array.H2ArrayRemoveIndexFunction@523d6b45] under array_remove_index; prior registration was null
&amp#27;[30m2025-04-21 07:27:32,109&amp#27;[0;39m &amp#27;[39mDEBUG&amp#27;[0;39m [&amp#27;[34mmain&amp#27;[0;39m] &amp#27;[33mo.h.q.s.f.SqmFunctionRegistry&amp#27;[0;39m: Registered SqmFunctionTemplate [org.hibernate.query.sqm.function.PatternBasedSqmFunctionDescriptor@6e8e1a98] under array_slice; prior registration was null
&amp#27;[30m2025-04-21 07:27:32,109&amp#27;[0;39m &amp#27;[39mDEBUG&amp#27;[0;39m [&amp#27;[34mmain&amp#27;[0;39m] &amp#27;[33mo.h.q.s.f.SqmFunctionRegistry&amp#27;[0;39m: Registered SqmFunctionTemplate [org.hibernate.dialect.function.array.H2ArrayReplaceFunction@23f6a18d] under array_replace; prior registration was null
&amp#27;[30m2025-04-21 07:27:32,110&amp#27;[0;39m &amp#27;[39mDEBUG&amp#27;[0;39m [&amp#27;[34mmain&amp#27;[0;39m] &amp#27;[33mo.h.q.s.f.SqmFunctionRegistry&amp#27;[0;39m: Registered SqmFunctionTemplate [org.hibernate.query.sqm.function.PatternBasedSqmFunctionDescriptor@65e503a7] under array_trim; prior registration was null
&amp#27;[30m2025-04-21 07:27:32,110&amp#27;[0;39m &amp#27;[39mDEBUG&amp#27;[0;39m [&amp#27;[34mmain&amp#27;[0;39m] &amp#27;[33mo.h.q.s.f.SqmFunctionRegistry&amp#27;[0;39m: Registered SqmFunctionTemplate [org.hibernate.dialect.function.array.H2ArrayFillFunction@5cbb2b1d] under array_fill; prior registration was null
&amp#27;[30m2025-04-21 07:27:32,110&amp#27;[0;39m &amp#27;[39mDEBUG&amp#27;[0;39m [&amp#27;[34mmain&amp#27;[0;39m] &amp#27;[33mo.h.q.s.f.SqmFunctionRegistry&amp#27;[0;39m: Registered SqmFunctionTemplate [org.hibernate.dialect.function.array.H2ArrayFillFunction@42ffa0c8] under array_fill_list; prior registration was null
&amp#27;[30m2025-04-21 07:27:32,110&amp#27;[0;39m &amp#27;[39mDEBUG&amp#27;[0;39m [&amp#27;[34mmain&amp#27;[0;39m] &amp#27;[33mo.h.q.s.f.SqmFunctionRegistry&amp#27;[0;39m: Registered SqmFunctionTemplate [org.hibernate.dialect.function.array.H2ArrayToStringFunction@54139bd3] under array_to_string; prior registration was null
&amp#27;[30m2025-04-21 07:27:32,111&amp#27;[0;39m &amp#27;[39mDEBUG&amp#27;[0;39m [&amp#27;[34mmain&amp#27;[0;39m] &amp#27;[33mo.h.q.i.QueryEngineImpl&amp#27;[0;39m: abs(NUMERIC arg)
&amp#27;[30m2025-04-21 07:27:32,112&amp#27;[0;39m &amp#27;[39mDEBUG&amp#27;[0;39m [&amp#27;[34mmain&amp#27;[0;39m] &amp#27;[33mo.h.q.i.QueryEngineImpl&amp#27;[0;39m: Double acos(NUMERIC arg)
&amp#27;[30m2025-04-21 07:27:32,112&amp#27;[0;39m &amp#27;[39mDEBUG&amp#27;[0;39m [&amp#27;[34mmain&amp#27;[0;39m] &amp#27;[33mo.h.q.i.QueryEngineImpl&amp#27;[0;39m: Boolean any(BOOLEAN predicate)
&amp#27;[30m2025-04-21 07:27:32,112&amp#27;[0;39m &amp#27;[39mDEBUG&amp#27;[0;39m [&amp#27;[34mmain&amp#27;[0;39m] &amp#27;[33mo.h.q.i.QueryEngineImpl&amp#27;[0;39m: array( ... )
&amp#27;[30m2025-04-21 07:27:32,112&amp#27;[0;39m &amp#27;[39mDEBUG&amp#27;[0;39m [&amp#27;[34mmain&amp#27;[0;39m] &amp#27;[33mo.h.q.i.QueryEngineImpl&amp#27;[0;39m: array_agg(arg)
&amp#27;[30m2025-04-21 07:27:32,112&amp#27;[0;39m &amp#27;[39mDEBUG&amp#27;[0;39m [&amp#27;[34mmain&amp#27;[0;39m] &amp#27;[33mo.h.q.i.QueryEngineImpl&amp#27;[0;39m: array_append( ... )
&amp#27;[30m2025-04-21 07:27:32,113&amp#27;[0;39m &amp#27;[39mDEBUG&amp#27;[0;39m [&amp#27;[34mmain&amp#27;[0;39m] &amp#27;[33mo.h.q.i.QueryEngineImpl&amp#27;[0;39m: array_concat( ... )
&amp#27;[30m2025-04-21 07:27:32,113&amp#27;[0;39m &amp#27;[39mDEBUG&amp#27;[0;39m [&amp#27;[34mmain&amp#27;[0;39m] &amp#27;[33mo.h.q.i.QueryEngineImpl&amp#27;[0;39m: Boolean array_contains(ARRAY haystackArray, OBJECT needleElementOrArray)
&amp#27;[30m2025-04-21 07:27:32,113&amp#27;[0;39m &amp#27;[39mDEBUG&amp#27;[0;39m [&amp#27;[34mmain&amp#27;[0;39m] &amp#27;[33mo.h.q.i.QueryEngineImpl&amp#27;[0;39m: Boolean array_contains_nullable(ARRAY haystackArray, OBJECT needleElementOrArray)
&amp#27;[30m2025-04-21 07:27:32,113&amp#27;[0;39m &amp#27;[39mDEBUG&amp#27;[0;39m [&amp#27;[34mmain&amp#27;[0;39m] &amp#27;[33mo.h.q.i.QueryEngineImpl&amp#27;[0;39m: array_fill(OBJECT element, INTEGER elementCount)
&amp#27;[30m2025-04-21 07:27:32,113&amp#27;[0;39m &amp#27;[39mDEBUG&amp#27;[0;39m [&amp#27;[34mmain&amp#27;[0;39m] &amp#27;[33mo.h.q.i.QueryEngineImpl&amp#27;[0;39m: array_fill_list(OBJECT element, INTEGER elementCount)
&amp#27;[30m2025-04-21 07:27:32,113&amp#27;[0;39m &amp#27;[39mDEBUG&amp#27;[0;39m [&amp#27;[34mmain&amp#27;[0;39m] &amp#27;[33mo.h.q.i.QueryEngineImpl&amp#27;[0;39m: array_get(ARRAY array, INTEGER index)
&amp#27;[30m2025-04-21 07:27:32,114&amp#27;[0;39m &amp#27;[39mDEBUG&amp#27;[0;39m [&amp#27;[34mmain&amp#27;[0;39m] &amp#27;[33mo.h.q.i.QueryEngineImpl&amp#27;[0;39m: Boolean array_includes(ARRAY haystackArray, OBJECT needleArray)
&amp#27;[30m2025-04-21 07:27:32,114&amp#27;[0;39m &amp#27;[39mDEBUG&amp#27;[0;39m [&amp#27;[34mmain&amp#27;[0;39m] &amp#27;[33mo.h.q.i.QueryEngineImpl&amp#27;[0;39m: Boolean array_includes_nullable(ARRAY haystackArray, OBJECT needleArray)
&amp#27;[30m2025-04-21 07:27:32,114&amp#27;[0;39m &amp#27;[39mDEBUG&amp#27;[0;39m [&amp#27;[34mmain&amp#27;[0;39m] &amp#27;[33mo.h.q.i.QueryEngineImpl&amp#27;[0;39m: Boolean array_intersects(ARRAY array0, OBJECT array1)
&amp#27;[30m2025-04-21 07:27:32,114&amp#27;[0;39m &amp#27;[39mDEBUG&amp#27;[0;39m [&amp#27;[34mmain&amp#27;[0;39m] &amp#27;[33mo.h.q.i.QueryEngineImpl&amp#27;[0;39m: Boolean array_intersects_nullable(ARRAY array0, OBJECT array1)
&amp#27;[30m2025-04-21 07:27:32,114&amp#27;[0;39m &amp#27;[39mDEBUG&amp#27;[0;39m [&amp#27;[34mmain&amp#27;[0;39m] &amp#27;[33mo.h.q.i.QueryEngineImpl&amp#27;[0;39m: Integer array_length(ARRAY array)
&amp#27;[30m2025-04-21 07:27:32,115&amp#27;[0;39m &amp#27;[39mDEBUG&amp#27;[0;39m [&amp#27;[34mmain&amp#27;[0;39m] &amp#27;[33mo.h.q.i.QueryEngineImpl&amp#27;[0;39m: array_list( ... )
&amp#27;[30m2025-04-21 07:27:32,115&amp#27;[0;39m &amp#27;[39mDEBUG&amp#27;[0;39m [&amp#27;[34mmain&amp#27;[0;39m] &amp#27;[33mo.h.q.i.QueryEngineImpl&amp#27;[0;39m: Boolean array_overlaps(ARRAY array0, OBJECT array1)
&amp#27;[30m2025-04-21 07:27:32,115&amp#27;[0;39m &amp#27;[39mDEBUG&amp#27;[0;39m [&amp#27;[34mmain&amp#27;[0;39m] &amp#27;[33mo.h.q.i.QueryEngineImpl&amp#27;[0;39m: Boolean array_overlaps_nullable(ARRAY array0, OBJECT array1)
&amp#27;[30m2025-04-21 07:27:32,115&amp#27;[0;39m &amp#27;[39mDEBUG&amp#27;[0;39m [&amp#27;[34mmain&amp#27;[0;39m] &amp#27;[33mo.h.q.i.QueryEngineImpl&amp#27;[0;39m: Integer array_position(ARRAY array, OBJECT element[, INTEGER startPosition])
&amp#27;[30m2025-04-21 07:27:32,115&amp#27;[0;39m &amp#27;[39mDEBUG&amp#27;[0;39m [&amp#27;[34mmain&amp#27;[0;39m] &amp#27;[33mo.h.q.i.QueryEngineImpl&amp#27;[0;39m: int[] array_positions(ARRAY array, OBJECT element)
&amp#27;[30m2025-04-21 07:27:32,116&amp#27;[0;39m &amp#27;[39mDEBUG&amp#27;[0;39m [&amp#27;[34mmain&amp#27;[0;39m] &amp#27;[33mo.h.q.i.QueryEngineImpl&amp#27;[0;39m: List array_positions_list(ARRAY array, OBJECT element)
&amp#27;[30m2025-04-21 07:27:32,116&amp#27;[0;39m &amp#27;[39mDEBUG&amp#27;[0;39m [&amp#27;[34mmain&amp#27;[0;39m] &amp#27;[33mo.h.q.i.QueryEngineImpl&amp#27;[0;39m: array_prepend( ... )
&amp#27;[30m2025-04-21 07:27:32,116&amp#27;[0;39m &amp#27;[39mDEBUG&amp#27;[0;39m [&amp#27;[34mmain&amp#27;[0;39m] &amp#27;[33mo.h.q.i.QueryEngineImpl&amp#27;[0;39m: array_remove( ... )
&amp#27;[30m2025-04-21 07:27:32,117&amp#27;[0;39m &amp#27;[39mDEBUG&amp#27;[0;39m [&amp#27;[34mmain&amp#27;[0;39m] &amp#27;[33mo.h.q.i.QueryEngineImpl&amp#27;[0;39m: array_remove_index( ... )
&amp#27;[30m2025-04-21 07:27:32,117&amp#27;[0;39m &amp#27;[39mDEBUG&amp#27;[0;39m [&amp#27;[34mmain&amp#27;[0;39m] &amp#27;[33mo.h.q.i.QueryEngineImpl&amp#27;[0;39m: array_replace( ... )
&amp#27;[30m2025-04-21 07:27:32,117&amp#27;[0;39m &amp#27;[39mDEBUG&amp#27;[0;39m [&amp#27;[34mmain&amp#27;[0;39m] &amp#27;[33mo.h.q.i.QueryEngineImpl&amp#27;[0;39m: array_set( ... )
&amp#27;[30m2025-04-21 07:27:32,117&amp#27;[0;39m &amp#27;[39mDEBUG&amp#27;[0;39m [&amp#27;[34mmain&amp#27;[0;39m] &amp#27;[33mo.h.q.i.QueryEngineImpl&amp#27;[0;39m: array_slice(ARRAY array, INTEGER start, INTEGER end)
&amp#27;[30m2025-04-21 07:27:32,118&amp#27;[0;39m &amp#27;[39mDEBUG&amp#27;[0;39m [&amp#27;[34mmain&amp#27;[0;39m] &amp#27;[33mo.h.q.i.QueryEngineImpl&amp#27;[0;39m: String array_to_string( ... )
&amp#27;[30m2025-04-21 07:27:32,118&amp#27;[0;39m &amp#27;[39mDEBUG&amp#27;[0;39m [&amp#27;[34mmain&amp#27;[0;39m] &amp#27;[33mo.h.q.i.QueryEngineImpl&amp#27;[0;39m: array_trim(ARRAY array, INTEGER elementsToRemove)
&amp#27;[30m2025-04-21 07:27:32,119&amp#27;[0;39m &amp#27;[39mDEBUG&amp#27;[0;39m [&amp#27;[34mmain&amp#27;[0;39m] &amp#27;[33mo.h.q.i.QueryEngineImpl&amp#27;[0;39m: Integer ascii(STRING arg)
&amp#27;[30m2025-04-21 07:27:32,119&amp#27;[0;39m &amp#27;[39mDEBUG&amp#27;[0;39m [&amp#27;[34mmain&amp#27;[0;39m] &amp#27;[33mo.h.q.i.QueryEngineImpl&amp#27;[0;39m: Double asin(NUMERIC arg)
&amp#27;[30m2025-04-21 07:27:32,120&amp#27;[0;39m &amp#27;[39mDEBUG&amp#27;[0;39m [&amp#27;[34mmain&amp#27;[0;39m] &amp#27;[33mo.h.q.i.QueryEngineImpl&amp#27;[0;39m: Double atan(NUMERIC arg)
&amp#27;[30m2025-04-21 07:27:32,120&amp#27;[0;39m &amp#27;[39mDEBUG&amp#27;[0;39m [&amp#27;[34mmain&amp#27;[0;39m] &amp#27;[33mo.h.q.i.QueryEngineImpl&amp#27;[0;39m: Double atan2(NUMERIC arg0, NUMERIC arg1)
&amp#27;[30m2025-04-21 07:27:32,121&amp#27;[0;39m &amp#27;[39mDEBUG&amp#27;[0;39m [&amp#27;[34mmain&amp#27;[0;39m] &amp#27;[33mo.h.q.i.QueryEngineImpl&amp#27;[0;39m: avg(NUMERIC arg)
&amp#27;[30m2025-04-21 07:27:32,121&amp#27;[0;39m &amp#27;[39mDEBUG&amp#27;[0;39m [&amp#27;[34mmain&amp#27;[0;39m] &amp#27;[33mo.h.q.i.QueryEngineImpl&amp#27;[0;39m: bit_and(arg)
&amp#27;[30m2025-04-21 07:27:32,122&amp#27;[0;39m &amp#27;[39mDEBUG&amp#27;[0;39m [&amp#27;[34mmain&amp#27;[0;39m] &amp#27;[33mo.h.q.i.QueryEngineImpl&amp#27;[0;39m: Integer bit_length(STRING_OR_CLOB arg)
&amp#27;[30m2025-04-21 07:27:32,123&amp#27;[0;39m &amp#27;[39mDEBUG&amp#27;[0;39m [&amp#27;[34mmain&amp#27;[0;39m] &amp#27;[33mo.h.q.i.QueryEngineImpl&amp#27;[0;39m: bit_or(arg)
&amp#27;[30m2025-04-21 07:27:32,123&amp#27;[0;39m &amp#27;[39mDEBUG&amp#27;[0;39m [&amp#27;[34mmain&amp#27;[0;39m] &amp#27;[33mo.h.q.i.QueryEngineImpl&amp#27;[0;39m: bitand(arg0, arg1)
&amp#27;[30m2025-04-21 07:27:32,124&amp#27;[0;39m &amp#27;[39mDEBUG&amp#27;[0;39m [&amp#27;[34mmain&amp#27;[0;39m] &amp#27;[33mo.h.q.i.QueryEngineImpl&amp#27;[0;39m: bitnot(arg)
&amp#27;[30m2025-04-21 07:27:32,124&amp#27;[0;39m &amp#27;[39mDEBUG&amp#27;[0;39m [&amp#27;[34mmain&amp#27;[0;39m] &amp#27;[33mo.h.q.i.QueryEngineImpl&amp#27;[0;39m: bitor(arg0, arg1)
&amp#27;[30m2025-04-21 07:27:32,124&amp#27;[0;39m &amp#27;[39mDEBUG&amp#27;[0;39m [&amp#27;[34mmain&amp#27;[0;39m] &amp#27;[33mo.h.q.i.QueryEngineImpl&amp#27;[0;39m: bitxor(arg0, arg1)
&amp#27;[30m2025-04-21 07:27:32,125&amp#27;[0;39m &amp#27;[39mDEBUG&amp#27;[0;39m [&amp#27;[34mmain&amp#27;[0;39m] &amp#27;[33mo.h.q.i.QueryEngineImpl&amp#27;[0;39m: Boolean bool_and(BOOLEAN predicate)
&amp#27;[30m2025-04-21 07:27:32,125&amp#27;[0;39m &amp#27;[39mDEBUG&amp#27;[0;39m [&amp#27;[34mmain&amp#27;[0;39m] &amp#27;[33mo.h.q.i.QueryEngineImpl&amp#27;[0;39m: Boolean bool_or(BOOLEAN predicate)
&amp#27;[30m2025-04-21 07:27:32,126&amp#27;[0;39m &amp#27;[39mDEBUG&amp#27;[0;39m [&amp#27;[34mmain&amp#27;[0;39m] &amp#27;[33mo.h.q.i.QueryEngineImpl&amp#27;[0;39m: cast(arg as Type)
&amp#27;[30m2025-04-21 07:27:32,126&amp#27;[0;39m &amp#27;[39mDEBUG&amp#27;[0;39m [&amp#27;[34mmain&amp#27;[0;39m] &amp#27;[33mo.h.q.i.QueryEngineImpl&amp#27;[0;39m: ceiling(NUMERIC arg)
&amp#27;[30m2025-04-21 07:27:32,126&amp#27;[0;39m &amp#27;[39mDEBUG&amp#27;[0;39m [&amp#27;[34mmain&amp#27;[0;39m] &amp#27;[33mo.h.q.i.QueryEngineImpl&amp#27;[0;39m: Character char(INTEGER arg)
&amp#27;[30m2025-04-21 07:27:32,127&amp#27;[0;39m &amp#27;[39mDEBUG&amp#27;[0;39m [&amp#27;[34mmain&amp#27;[0;39m] &amp#27;[33mo.h.q.i.QueryEngineImpl&amp#27;[0;39m: Integer character_length(STRING_OR_CLOB arg)
&amp#27;[30m2025-04-21 07:27:32,127&amp#27;[0;39m &amp#27;[39mDEBUG&amp#27;[0;39m [&amp#27;[34mmain&amp#27;[0;39m] &amp#27;[33mo.h.q.i.QueryEngineImpl&amp#27;[0;39m: Character chr(INTEGER arg)
&amp#27;[30m2025-04-21 07:27:32,128&amp#27;[0;39m &amp#27;[39mDEBUG&amp#27;[0;39m [&amp#27;[34mmain&amp#27;[0;39m] &amp#27;[33mo.h.q.i.QueryEngineImpl&amp#27;[0;39m: coalesce(arg0[, arg1[, ...]])
&amp#27;[30m2025-04-21 07:27:32,128&amp#27;[0;39m &amp#27;[39mDEBUG&amp#27;[0;39m [&amp#27;[34mmain&amp#27;[0;39m] &amp#27;[33mo.h.q.i.QueryEngineImpl&amp#27;[0;39m: String collate(STRING string as COLLATION collation)
&amp#27;[30m2025-04-21 07:27:32,128&amp#27;[0;39m &amp#27;[39mDEBUG&amp#27;[0;39m [&amp#27;[34mmain&amp#27;[0;39m] &amp#27;[33mo.h.q.i.QueryEngineImpl&amp#27;[0;39m: String concat(STRING string0[, STRING string1[, ...]])
&amp#27;[30m2025-04-21 07:27:32,129&amp#27;[0;39m &amp#27;[39mDEBUG&amp#27;[0;39m [&amp#27;[34mmain&amp#27;[0;39m] &amp#27;[33mo.h.q.i.QueryEngineImpl&amp#27;[0;39m: Double cos(NUMERIC arg)
&amp#27;[30m2025-04-21 07:27:32,129&amp#27;[0;39m &amp#27;[39mDEBUG&amp#27;[0;39m [&amp#27;[34mmain&amp#27;[0;39m] &amp#27;[33mo.h.q.i.QueryEngineImpl&amp#27;[0;39m: Double cosh(NUMERIC arg)
&amp#27;[30m2025-04-21 07:27:32,130&amp#27;[0;39m &amp#27;[39mDEBUG&amp#27;[0;39m [&amp#27;[34mmain&amp#27;[0;39m] &amp#27;[33mo.h.q.i.QueryEngineImpl&amp#27;[0;39m: Double cot(NUMERIC arg)
&amp#27;[30m2025-04-21 07:27:32,130&amp#27;[0;39m &amp#27;[39mDEBUG&amp#27;[0;39m [&amp#27;[34mmain&amp#27;[0;39m] &amp#27;[33mo.h.q.i.QueryEngineImpl&amp#27;[0;39m: Long count([distinct ]{arg|*})
&amp#27;[30m2025-04-21 07:27:32,131&amp#27;[0;39m &amp#27;[39mDEBUG&amp#27;[0;39m [&amp#27;[34mmain&amp#27;[0;39m] &amp#27;[33mo.h.q.i.QueryEngineImpl&amp#27;[0;39m: Double cume_dist([arg0[, ...]])
&amp#27;[30m2025-04-21 07:27:32,131&amp#27;[0;39m &amp#27;[39mDEBUG&amp#27;[0;39m [&amp#27;[34mmain&amp#27;[0;39m] &amp#27;[33mo.h.q.i.QueryEngineImpl&amp#27;[0;39m: Date curdate()
&amp#27;[30m2025-04-21 07:27:32,131&amp#27;[0;39m &amp#27;[39mDEBUG&amp#27;[0;39m [&amp#27;[34mmain&amp#27;[0;39m] &amp#27;[33mo.h.q.i.QueryEngineImpl&amp#27;[0;39m: Date current date
&amp#27;[30m2025-04-21 07:27:32,132&amp#27;[0;39m &amp#27;[39mDEBUG&amp#27;[0;39m [&amp#27;[34mmain&amp#27;[0;39m] &amp#27;[33mo.h.q.i.QueryEngineImpl&amp#27;[0;39m: Time current time
&amp#27;[30m2025-04-21 07:27:32,132&amp#27;[0;39m &amp#27;[39mDEBUG&amp#27;[0;39m [&amp#27;[34mmain&amp#27;[0;39m] &amp#27;[33mo.h.q.i.QueryEngineImpl&amp#27;[0;39m: Timestamp current timestamp
&amp#27;[30m2025-04-21 07:27:32,133&amp#27;[0;39m &amp#27;[39mDEBUG&amp#27;[0;39m [&amp#27;[34mmain&amp#27;[0;39m] &amp#27;[33mo.h.q.i.QueryEngineImpl&amp#27;[0;39m: Date current_date
&amp#27;[30m2025-04-21 07:27:32,133&amp#27;[0;39m &amp#27;[39mDEBUG&amp#27;[0;39m [&amp#27;[34mmain&amp#27;[0;39m] &amp#27;[33mo.h.q.i.QueryEngineImpl&amp#27;[0;39m: Instant current_instant
&amp#27;[30m2025-04-21 07:27:32,133&amp#27;[0;39m &amp#27;[39mDEBUG&amp#27;[0;39m [&amp#27;[34mmain&amp#27;[0;39m] &amp#27;[33mo.h.q.i.QueryEngineImpl&amp#27;[0;39m: Time current_time
&amp#27;[30m2025-04-21 07:27:32,134&amp#27;[0;39m &amp#27;[39mDEBUG&amp#27;[0;39m [&amp#27;[34mmain&amp#27;[0;39m] &amp#27;[33mo.h.q.i.QueryEngineImpl&amp#27;[0;39m: Timestamp current_timestamp
&amp#27;[30m2025-04-21 07:27:32,134&amp#27;[0;39m &amp#27;[39mDEBUG&amp#27;[0;39m [&amp#27;[34mmain&amp#27;[0;39m] &amp#27;[33mo.h.q.i.QueryEngineImpl&amp#27;[0;39m: Time curtime()
&amp#27;[30m2025-04-21 07:27:32,134&amp#27;[0;39m &amp#27;[39mDEBUG&amp#27;[0;39m [&amp#27;[34mmain&amp#27;[0;39m] &amp#27;[33mo.h.q.i.QueryEngineImpl&amp#27;[0;39m: date_trunc(STRING field, TEMPORAL datetime)
&amp#27;[30m2025-04-21 07:27:32,135&amp#27;[0;39m &amp#27;[39mDEBUG&amp#27;[0;39m [&amp#27;[34mmain&amp#27;[0;39m] &amp#27;[33mo.h.q.i.QueryEngineImpl&amp#27;[0;39m: dateadd(TEMPORAL_UNIT field, INTEGER magnitude, TEMPORAL datetime)
&amp#27;[30m2025-04-21 07:27:32,135&amp#27;[0;39m &amp#27;[39mDEBUG&amp#27;[0;39m [&amp#27;[34mmain&amp#27;[0;39m] &amp#27;[33mo.h.q.i.QueryEngineImpl&amp#27;[0;39m: Long|Double datediff(TEMPORAL_UNIT field, TEMPORAL start, TEMPORAL end)
&amp#27;[30m2025-04-21 07:27:32,136&amp#27;[0;39m &amp#27;[39mDEBUG&amp#27;[0;39m [&amp#27;[34mmain&amp#27;[0;39m] &amp#27;[33mo.h.q.i.QueryEngineImpl&amp#27;[0;39m: Integer day(DATE arg)
&amp#27;[30m2025-04-21 07:27:32,136&amp#27;[0;39m &amp#27;[39mDEBUG&amp#27;[0;39m [&amp#27;[34mmain&amp#27;[0;39m] &amp#27;[33mo.h.q.i.QueryEngineImpl&amp#27;[0;39m: Integer day_of_month(DATE arg)
&amp#27;[30m2025-04-21 07:27:32,136&amp#27;[0;39m &amp#27;[39mDEBUG&amp#27;[0;39m [&amp#27;[34mmain&amp#27;[0;39m] &amp#27;[33mo.h.q.i.QueryEngineImpl&amp#27;[0;39m: Integer day_of_week(DATE arg)
&amp#27;[30m2025-04-21 07:27:32,137&amp#27;[0;39m &amp#27;[39mDEBUG&amp#27;[0;39m [&amp#27;[34mmain&amp#27;[0;39m] &amp#27;[33mo.h.q.i.QueryEngineImpl&amp#27;[0;39m: Integer day_of_year(DATE arg)
&amp#27;[30m2025-04-21 07:27:32,137&amp#27;[0;39m &amp#27;[39mDEBUG&amp#27;[0;39m [&amp#27;[34mmain&amp#27;[0;39m] &amp#27;[33mo.h.q.i.QueryEngineImpl&amp#27;[0;39m: String dayname(DATE arg)
&amp#27;[30m2025-04-21 07:27:32,137&amp#27;[0;39m &amp#27;[39mDEBUG&amp#27;[0;39m [&amp#27;[34mmain&amp#27;[0;39m] &amp#27;[33mo.h.q.i.QueryEngineImpl&amp#27;[0;39m: Double degrees(NUMERIC arg)
&amp#27;[30m2025-04-21 07:27:32,138&amp#27;[0;39m &amp#27;[39mDEBUG&amp#27;[0;39m [&amp#27;[34mmain&amp#27;[0;39m] &amp#27;[33mo.h.q.i.QueryEngineImpl&amp#27;[0;39m: Long dense_rank([arg0[, ...]])
&amp#27;[30m2025-04-21 07:27:32,138&amp#27;[0;39m &amp#27;[39mDEBUG&amp#27;[0;39m [&amp#27;[34mmain&amp#27;[0;39m] &amp#27;[33mo.h.q.i.QueryEngineImpl&amp#27;[0;39m: Boolean every(BOOLEAN predicate)
&amp#27;[30m2025-04-21 07:27:32,138&amp#27;[0;39m &amp#27;[39mDEBUG&amp#27;[0;39m [&amp#27;[34mmain&amp#27;[0;39m] &amp#27;[33mo.h.q.i.QueryEngineImpl&amp#27;[0;39m: Double exp(NUMERIC arg)
&amp#27;[30m2025-04-21 07:27:32,138&amp#27;[0;39m &amp#27;[39mDEBUG&amp#27;[0;39m [&amp#27;[34mmain&amp#27;[0;39m] &amp#27;[33mo.h.q.i.QueryEngineImpl&amp#27;[0;39m: extract(TEMPORAL_UNIT field from TEMPORAL arg)
&amp#27;[30m2025-04-21 07:27:32,139&amp#27;[0;39m &amp#27;[39mDEBUG&amp#27;[0;39m [&amp#27;[34mmain&amp#27;[0;39m] &amp#27;[33mo.h.q.i.QueryEngineImpl&amp#27;[0;39m: first_valueANY value
&amp#27;[30m2025-04-21 07:27:32,139&amp#27;[0;39m &amp#27;[39mDEBUG&amp#27;[0;39m [&amp#27;[34mmain&amp#27;[0;39m] &amp#27;[33mo.h.q.i.QueryEngineImpl&amp#27;[0;39m: floor(NUMERIC arg)
&amp#27;[30m2025-04-21 07:27:32,140&amp#27;[0;39m &amp#27;[39mDEBUG&amp#27;[0;39m [&amp#27;[34mmain&amp#27;[0;39m] &amp#27;[33mo.h.q.i.QueryEngineImpl&amp#27;[0;39m: String format(TEMPORAL datetime as STRING pattern)
&amp#27;[30m2025-04-21 07:27:32,140&amp#27;[0;39m &amp#27;[39mDEBUG&amp#27;[0;39m [&amp#27;[34mmain&amp#27;[0;39m] &amp#27;[33mo.h.q.i.QueryEngineImpl&amp#27;[0;39m: greatest(COMPARABLE arg0, COMPARABLE arg1[, arg2[, ...]])
&amp#27;[30m2025-04-21 07:27:32,140&amp#27;[0;39m &amp#27;[39mDEBUG&amp#27;[0;39m [&amp#27;[34mmain&amp#27;[0;39m] &amp#27;[33mo.h.q.i.QueryEngineImpl&amp#27;[0;39m: Integer hour(TIME arg)
&amp#27;[30m2025-04-21 07:27:32,141&amp#27;[0;39m &amp#27;[39mDEBUG&amp#27;[0;39m [&amp#27;[34mmain&amp#27;[0;39m] &amp#27;[33mo.h.q.i.QueryEngineImpl&amp#27;[0;39m: ifnull(arg0, arg1)
&amp#27;[30m2025-04-21 07:27:32,141&amp#27;[0;39m &amp#27;[39mDEBUG&amp#27;[0;39m [&amp#27;[34mmain&amp#27;[0;39m] &amp#27;[33mo.h.q.i.QueryEngineImpl&amp#27;[0;39m: String insert(STRING string, INTEGER start, INTEGER length, STRING replacement)
&amp#27;[30m2025-04-21 07:27:32,141&amp#27;[0;39m &amp#27;[39mDEBUG&amp#27;[0;39m [&amp#27;[34mmain&amp#27;[0;39m] &amp#27;[33mo.h.q.i.QueryEngineImpl&amp#27;[0;39m: Instant instant
&amp#27;[30m2025-04-21 07:27:32,141&amp#27;[0;39m &amp#27;[39mDEBUG&amp#27;[0;39m [&amp#27;[34mmain&amp#27;[0;39m] &amp#27;[33mo.h.q.i.QueryEngineImpl&amp#27;[0;39m: Integer instr(STRING string, STRING pattern[, INTEGER start[, INTEGER occurrence]])
&amp#27;[30m2025-04-21 07:27:32,142&amp#27;[0;39m &amp#27;[39mDEBUG&amp#27;[0;39m [&amp#27;[34mmain&amp#27;[0;39m] &amp#27;[33mo.h.q.i.QueryEngineImpl&amp#27;[0;39m: lagANY value[, INTEGER offset[, ANY default]]
&amp#27;[30m2025-04-21 07:27:32,142&amp#27;[0;39m &amp#27;[39mDEBUG&amp#27;[0;39m [&amp#27;[34mmain&amp#27;[0;39m] &amp#27;[33mo.h.q.i.QueryEngineImpl&amp#27;[0;39m: last_valueANY value
&amp#27;[30m2025-04-21 07:27:32,142&amp#27;[0;39m &amp#27;[39mDEBUG&amp#27;[0;39m [&amp#27;[34mmain&amp#27;[0;39m] &amp#27;[33mo.h.q.i.QueryEngineImpl&amp#27;[0;39m: leadANY value[, INTEGER offset[, ANY default]]
&amp#27;[30m2025-04-21 07:27:32,143&amp#27;[0;39m &amp#27;[39mDEBUG&amp#27;[0;39m [&amp#27;[34mmain&amp#27;[0;39m] &amp#27;[33mo.h.q.i.QueryEngineImpl&amp#27;[0;39m: least(COMPARABLE arg0, COMPARABLE arg1[, arg2[, ...]])
&amp#27;[30m2025-04-21 07:27:32,143&amp#27;[0;39m &amp#27;[39mDEBUG&amp#27;[0;39m [&amp#27;[34mmain&amp#27;[0;39m] &amp#27;[33mo.h.q.i.QueryEngineImpl&amp#27;[0;39m: String left(STRING string, INTEGER length)
&amp#27;[30m2025-04-21 07:27:32,143&amp#27;[0;39m &amp#27;[39mDEBUG&amp#27;[0;39m [&amp#27;[34mmain&amp#27;[0;39m] &amp#27;[33mo.h.q.i.QueryEngineImpl&amp#27;[0;39m: length
&amp#27;[30m2025-04-21 07:27:32,144&amp#27;[0;39m &amp#27;[39mDEBUG&amp#27;[0;39m [&amp#27;[34mmain&amp#27;[0;39m] &amp#27;[33mo.h.q.i.QueryEngineImpl&amp#27;[0;39m: String listagg(STRING arg0, STRING arg1)
&amp#27;[30m2025-04-21 07:27:32,144&amp#27;[0;39m &amp#27;[39mDEBUG&amp#27;[0;39m [&amp#27;[34mmain&amp#27;[0;39m] &amp#27;[33mo.h.q.i.QueryEngineImpl&amp#27;[0;39m: Double ln(NUMERIC arg)
&amp#27;[30m2025-04-21 07:27:32,145&amp#27;[0;39m &amp#27;[39mDEBUG&amp#27;[0;39m [&amp#27;[34mmain&amp#27;[0;39m] &amp#27;[33mo.h.q.i.QueryEngineImpl&amp#27;[0;39m: LocalDate local date
&amp#27;[30m2025-04-21 07:27:32,145&amp#27;[0;39m &amp#27;[39mDEBUG&amp#27;[0;39m [&amp#27;[34mmain&amp#27;[0;39m] &amp#27;[33mo.h.q.i.QueryEngineImpl&amp#27;[0;39m: LocalDateTime local datetime
&amp#27;[30m2025-04-21 07:27:32,145&amp#27;[0;39m &amp#27;[39mDEBUG&amp#27;[0;39m [&amp#27;[34mmain&amp#27;[0;39m] &amp#27;[33mo.h.q.i.QueryEngineImpl&amp#27;[0;39m: LocalTime local time
&amp#27;[30m2025-04-21 07:27:32,146&amp#27;[0;39m &amp#27;[39mDEBUG&amp#27;[0;39m [&amp#27;[34mmain&amp#27;[0;39m] &amp#27;[33mo.h.q.i.QueryEngineImpl&amp#27;[0;39m: LocalDate local_date
&amp#27;[30m2025-04-21 07:27:32,146&amp#27;[0;39m &amp#27;[39mDEBUG&amp#27;[0;39m [&amp#27;[34mmain&amp#27;[0;39m] &amp#27;[33mo.h.q.i.QueryEngineImpl&amp#27;[0;39m: LocalDateTime local_datetime
&amp#27;[30m2025-04-21 07:27:32,146&amp#27;[0;39m &amp#27;[39mDEBUG&amp#27;[0;39m [&amp#27;[34mmain&amp#27;[0;39m] &amp#27;[33mo.h.q.i.QueryEngineImpl&amp#27;[0;39m: LocalTime local_time
&amp#27;[30m2025-04-21 07:27:32,147&amp#27;[0;39m &amp#27;[39mDEBUG&amp#27;[0;39m [&amp#27;[34mmain&amp#27;[0;39m] &amp#27;[33mo.h.q.i.QueryEngineImpl&amp#27;[0;39m: Time localtime
&amp#27;[30m2025-04-21 07:27:32,147&amp#27;[0;39m &amp#27;[39mDEBUG&amp#27;[0;39m [&amp#27;[34mmain&amp#27;[0;39m] &amp#27;[33mo.h.q.i.QueryEngineImpl&amp#27;[0;39m: Timestamp localtimestamp
&amp#27;[30m2025-04-21 07:27:32,147&amp#27;[0;39m &amp#27;[39mDEBUG&amp#27;[0;39m [&amp#27;[34mmain&amp#27;[0;39m] &amp#27;[33mo.h.q.i.QueryEngineImpl&amp#27;[0;39m: Integer locate(STRING pattern, STRING string[, INTEGER start])
&amp#27;[30m2025-04-21 07:27:32,148&amp#27;[0;39m &amp#27;[39mDEBUG&amp#27;[0;39m [&amp#27;[34mmain&amp#27;[0;39m] &amp#27;[33mo.h.q.i.QueryEngineImpl&amp#27;[0;39m: Double log(NUMERIC base, NUMERIC arg)
&amp#27;[30m2025-04-21 07:27:32,148&amp#27;[0;39m &amp#27;[39mDEBUG&amp#27;[0;39m [&amp#27;[34mmain&amp#27;[0;39m] &amp#27;[33mo.h.q.i.QueryEngineImpl&amp#27;[0;39m: Double log10(NUMERIC arg)
&amp#27;[30m2025-04-21 07:27:32,148&amp#27;[0;39m &amp#27;[39mDEBUG&amp#27;[0;39m [&amp#27;[34mmain&amp#27;[0;39m] &amp#27;[33mo.h.q.i.QueryEngineImpl&amp#27;[0;39m: String lower(STRING string)
&amp#27;[30m2025-04-21 07:27:32,148&amp#27;[0;39m &amp#27;[39mDEBUG&amp#27;[0;39m [&amp#27;[34mmain&amp#27;[0;39m] &amp#27;[33mo.h.q.i.QueryEngineImpl&amp#27;[0;39m: String lpad(STRING string, INTEGER length[, STRING padding])
&amp#27;[30m2025-04-21 07:27:32,149&amp#27;[0;39m &amp#27;[39mDEBUG&amp#27;[0;39m [&amp#27;[34mmain&amp#27;[0;39m] &amp#27;[33mo.h.q.i.QueryEngineImpl&amp#27;[0;39m: String ltrim(STRING string)
&amp#27;[30m2025-04-21 07:27:32,149&amp#27;[0;39m &amp#27;[39mDEBUG&amp#27;[0;39m [&amp#27;[34mmain&amp#27;[0;39m] &amp#27;[33mo.h.q.i.QueryEngineImpl&amp#27;[0;39m: max(COMPARABLE arg)
&amp#27;[30m2025-04-21 07:27:32,149&amp#27;[0;39m &amp#27;[39mDEBUG&amp#27;[0;39m [&amp#27;[34mmain&amp#27;[0;39m] &amp#27;[33mo.h.q.i.QueryEngineImpl&amp#27;[0;39m: Double median(NUMERIC arg)
&amp#27;[30m2025-04-21 07:27:32,150&amp#27;[0;39m &amp#27;[39mDEBUG&amp#27;[0;39m [&amp#27;[34mmain&amp#27;[0;39m] &amp#27;[33mo.h.q.i.QueryEngineImpl&amp#27;[0;39m: Integer microsecond(TIME arg)
&amp#27;[30m2025-04-21 07:27:32,150&amp#27;[0;39m &amp#27;[39mDEBUG&amp#27;[0;39m [&amp#27;[34mmain&amp#27;[0;39m] &amp#27;[33mo.h.q.i.QueryEngineImpl&amp#27;[0;39m: min(COMPARABLE arg)
&amp#27;[30m2025-04-21 07:27:32,151&amp#27;[0;39m &amp#27;[39mDEBUG&amp#27;[0;39m [&amp#27;[34mmain&amp#27;[0;39m] &amp#27;[33mo.h.q.i.QueryEngineImpl&amp#27;[0;39m: Integer minute(TIME arg)
&amp#27;[30m2025-04-21 07:27:32,151&amp#27;[0;39m &amp#27;[39mDEBUG&amp#27;[0;39m [&amp#27;[34mmain&amp#27;[0;39m] &amp#27;[33mo.h.q.i.QueryEngineImpl&amp#27;[0;39m: Integer mod(INTEGER arg0, INTEGER arg1)
&amp#27;[30m2025-04-21 07:27:32,152&amp#27;[0;39m &amp#27;[39mDEBUG&amp#27;[0;39m [&amp#27;[34mmain&amp#27;[0;39m] &amp#27;[33mo.h.q.i.QueryEngineImpl&amp#27;[0;39m: mode()
&amp#27;[30m2025-04-21 07:27:32,152&amp#27;[0;39m &amp#27;[39mDEBUG&amp#27;[0;39m [&amp#27;[34mmain&amp#27;[0;39m] &amp#27;[33mo.h.q.i.QueryEngineImpl&amp#27;[0;39m: Integer month(DATE arg)
&amp#27;[30m2025-04-21 07:27:32,152&amp#27;[0;39m &amp#27;[39mDEBUG&amp#27;[0;39m [&amp#27;[34mmain&amp#27;[0;39m] &amp#27;[33mo.h.q.i.QueryEngineImpl&amp#27;[0;39m: String monthname(DATE arg)
&amp#27;[30m2025-04-21 07:27:32,152&amp#27;[0;39m &amp#27;[39mDEBUG&amp#27;[0;39m [&amp#27;[34mmain&amp#27;[0;39m] &amp#27;[33mo.h.q.i.QueryEngineImpl&amp#27;[0;39m: Timestamp now()
&amp#27;[30m2025-04-21 07:27:32,152&amp#27;[0;39m &amp#27;[39mDEBUG&amp#27;[0;39m [&amp#27;[34mmain&amp#27;[0;39m] &amp#27;[33mo.h.q.i.QueryEngineImpl&amp#27;[0;39m: nth_valueANY value, INTEGER nth
&amp#27;[30m2025-04-21 07:27:32,153&amp#27;[0;39m &amp#27;[39mDEBUG&amp#27;[0;39m [&amp#27;[34mmain&amp#27;[0;39m] &amp#27;[33mo.h.q.i.QueryEngineImpl&amp#27;[0;39m: nullif(arg0, arg1)
&amp#27;[30m2025-04-21 07:27:32,153&amp#27;[0;39m &amp#27;[39mDEBUG&amp#27;[0;39m [&amp#27;[34mmain&amp#27;[0;39m] &amp#27;[33mo.h.q.i.QueryEngineImpl&amp#27;[0;39m: Integer octet_length(STRING_OR_CLOB arg)
&amp#27;[30m2025-04-21 07:27:32,153&amp#27;[0;39m &amp#27;[39mDEBUG&amp#27;[0;39m [&amp#27;[34mmain&amp#27;[0;39m] &amp#27;[33mo.h.q.i.QueryEngineImpl&amp#27;[0;39m: OffsetDateTime offset datetime
&amp#27;[30m2025-04-21 07:27:32,153&amp#27;[0;39m &amp#27;[39mDEBUG&amp#27;[0;39m [&amp#27;[34mmain&amp#27;[0;39m] &amp#27;[33mo.h.q.i.QueryEngineImpl&amp#27;[0;39m: OffsetDateTime offset_datetime
&amp#27;[30m2025-04-21 07:27:32,154&amp#27;[0;39m &amp#27;[39mDEBUG&amp#27;[0;39m [&amp#27;[34mmain&amp#27;[0;39m] &amp#27;[33mo.h.q.i.QueryEngineImpl&amp#27;[0;39m: String overlay(STRING string placing STRING replacement from INTEGER start[ for INTEGER length])
&amp#27;[30m2025-04-21 07:27:32,154&amp#27;[0;39m &amp#27;[39mDEBUG&amp#27;[0;39m [&amp#27;[34mmain&amp#27;[0;39m] &amp#27;[33mo.h.q.i.QueryEngineImpl&amp#27;[0;39m: String pad(STRING string with INTEGER length {leading|trailing}[ STRING character])
&amp#27;[30m2025-04-21 07:27:32,154&amp#27;[0;39m &amp#27;[39mDEBUG&amp#27;[0;39m [&amp#27;[34mmain&amp#27;[0;39m] &amp#27;[33mo.h.q.i.QueryEngineImpl&amp#27;[0;39m: Double percent_rank([arg0[, ...]])
&amp#27;[30m2025-04-21 07:27:32,154&amp#27;[0;39m &amp#27;[39mDEBUG&amp#27;[0;39m [&amp#27;[34mmain&amp#27;[0;39m] &amp#27;[33mo.h.q.i.QueryEngineImpl&amp#27;[0;39m: percentile_cont(NUMERIC arg)
&amp#27;[30m2025-04-21 07:27:32,155&amp#27;[0;39m &amp#27;[39mDEBUG&amp#27;[0;39m [&amp#27;[34mmain&amp#27;[0;39m] &amp#27;[33mo.h.q.i.QueryEngineImpl&amp#27;[0;39m: percentile_disc(NUMERIC arg)
&amp#27;[30m2025-04-21 07:27:32,155&amp#27;[0;39m &amp#27;[39mDEBUG&amp#27;[0;39m [&amp#27;[34mmain&amp#27;[0;39m] &amp#27;[33mo.h.q.i.QueryEngineImpl&amp#27;[0;39m: Double pi
&amp#27;[30m2025-04-21 07:27:32,155&amp#27;[0;39m &amp#27;[39mDEBUG&amp#27;[0;39m [&amp#27;[34mmain&amp#27;[0;39m] &amp#27;[33mo.h.q.i.QueryEngineImpl&amp#27;[0;39m: Integer position(STRING pattern in STRING string)
&amp#27;[30m2025-04-21 07:27:32,155&amp#27;[0;39m &amp#27;[39mDEBUG&amp#27;[0;39m [&amp#27;[34mmain&amp#27;[0;39m] &amp#27;[33mo.h.q.i.QueryEngineImpl&amp#27;[0;39m: Double power(NUMERIC arg0, NUMERIC arg1)
&amp#27;[30m2025-04-21 07:27:32,156&amp#27;[0;39m &amp#27;[39mDEBUG&amp#27;[0;39m [&amp#27;[34mmain&amp#27;[0;39m] &amp#27;[33mo.h.q.i.QueryEngineImpl&amp#27;[0;39m: Integer quarter(DATE arg)
&amp#27;[30m2025-04-21 07:27:32,156&amp#27;[0;39m &amp#27;[39mDEBUG&amp#27;[0;39m [&amp#27;[34mmain&amp#27;[0;39m] &amp#27;[33mo.h.q.i.QueryEngineImpl&amp#27;[0;39m: Double radians(NUMERIC arg)
&amp#27;[30m2025-04-21 07:27:32,156&amp#27;[0;39m &amp#27;[39mDEBUG&amp#27;[0;39m [&amp#27;[34mmain&amp#27;[0;39m] &amp#27;[33mo.h.q.i.QueryEngineImpl&amp#27;[0;39m: Double rand([INTEGER seed])
&amp#27;[30m2025-04-21 07:27:32,156&amp#27;[0;39m &amp#27;[39mDEBUG&amp#27;[0;39m [&amp#27;[34mmain&amp#27;[0;39m] &amp#27;[33mo.h.q.i.QueryEngineImpl&amp#27;[0;39m: Long rank([arg0[, ...]])
&amp#27;[30m2025-04-21 07:27:32,157&amp#27;[0;39m &amp#27;[39mDEBUG&amp#27;[0;39m [&amp#27;[34mmain&amp#27;[0;39m] &amp#27;[33mo.h.q.i.QueryEngineImpl&amp#27;[0;39m: String repeat(STRING string, INTEGER times)
&amp#27;[30m2025-04-21 07:27:32,157&amp#27;[0;39m &amp#27;[39mDEBUG&amp#27;[0;39m [&amp#27;[34mmain&amp#27;[0;39m] &amp#27;[33mo.h.q.i.QueryEngineImpl&amp#27;[0;39m: String replace(STRING string, STRING pattern, STRING replacement)
&amp#27;[30m2025-04-21 07:27:32,157&amp#27;[0;39m &amp#27;[39mDEBUG&amp#27;[0;39m [&amp#27;[34mmain&amp#27;[0;39m] &amp#27;[33mo.h.q.i.QueryEngineImpl&amp#27;[0;39m: String right(STRING string, INTEGER length)
&amp#27;[30m2025-04-21 07:27:32,157&amp#27;[0;39m &amp#27;[39mDEBUG&amp#27;[0;39m [&amp#27;[34mmain&amp#27;[0;39m] &amp#27;[33mo.h.q.i.QueryEngineImpl&amp#27;[0;39m: round(NUMERIC number[, INTEGER places])
&amp#27;[30m2025-04-21 07:27:32,158&amp#27;[0;39m &amp#27;[39mDEBUG&amp#27;[0;39m [&amp#27;[34mmain&amp#27;[0;39m] &amp#27;[33mo.h.q.i.QueryEngineImpl&amp#27;[0;39m: Long row_number()
&amp#27;[30m2025-04-21 07:27:32,158&amp#27;[0;39m &amp#27;[39mDEBUG&amp#27;[0;39m [&amp#27;[34mmain&amp#27;[0;39m] &amp#27;[33mo.h.q.i.QueryEngineImpl&amp#27;[0;39m: Long rownum()
&amp#27;[30m2025-04-21 07:27:32,158&amp#27;[0;39m &amp#27;[39mDEBUG&amp#27;[0;39m [&amp#27;[34mmain&amp#27;[0;39m] &amp#27;[33mo.h.q.i.QueryEngineImpl&amp#27;[0;39m: String rpad(STRING string, INTEGER length[, STRING padding])
&amp#27;[30m2025-04-21 07:27:32,158&amp#27;[0;39m &amp#27;[39mDEBUG&amp#27;[0;39m [&amp#27;[34mmain&amp#27;[0;39m] &amp#27;[33mo.h.q.i.QueryEngineImpl&amp#27;[0;39m: String rtrim(STRING string)
&amp#27;[30m2025-04-21 07:27:32,159&amp#27;[0;39m &amp#27;[39mDEBUG&amp#27;[0;39m [&amp#27;[34mmain&amp#27;[0;39m] &amp#27;[33mo.h.q.i.QueryEngineImpl&amp#27;[0;39m: Integer second(TIME arg)
&amp#27;[30m2025-04-21 07:27:32,159&amp#27;[0;39m &amp#27;[39mDEBUG&amp#27;[0;39m [&amp#27;[34mmain&amp#27;[0;39m] &amp#27;[33mo.h.q.i.QueryEngineImpl&amp#27;[0;39m: Integer sign(NUMERIC arg)
&amp#27;[30m2025-04-21 07:27:32,159&amp#27;[0;39m &amp#27;[39mDEBUG&amp#27;[0;39m [&amp#27;[34mmain&amp#27;[0;39m] &amp#27;[33mo.h.q.i.QueryEngineImpl&amp#27;[0;39m: Double sin(NUMERIC arg)
&amp#27;[30m2025-04-21 07:27:32,160&amp#27;[0;39m &amp#27;[39mDEBUG&amp#27;[0;39m [&amp#27;[34mmain&amp#27;[0;39m] &amp#27;[33mo.h.q.i.QueryEngineImpl&amp#27;[0;39m: Double sinh(NUMERIC arg)
&amp#27;[30m2025-04-21 07:27:32,160&amp#27;[0;39m &amp#27;[39mDEBUG&amp#27;[0;39m [&amp#27;[34mmain&amp#27;[0;39m] &amp#27;[33mo.h.q.i.QueryEngineImpl&amp#27;[0;39m: String soundex(arg)
&amp#27;[30m2025-04-21 07:27:32,160&amp#27;[0;39m &amp#27;[39mDEBUG&amp#27;[0;39m [&amp#27;[34mmain&amp#27;[0;39m] &amp#27;[33mo.h.q.i.QueryEngineImpl&amp#27;[0;39m: String space(INTEGER arg)
&amp#27;[30m2025-04-21 07:27:32,161&amp#27;[0;39m &amp#27;[39mDEBUG&amp#27;[0;39m [&amp#27;[34mmain&amp#27;[0;39m] &amp#27;[33mo.h.q.i.QueryEngineImpl&amp#27;[0;39m: Object sql
&amp#27;[30m2025-04-21 07:27:32,161&amp#27;[0;39m &amp#27;[39mDEBUG&amp#27;[0;39m [&amp#27;[34mmain&amp#27;[0;39m] &amp#27;[33mo.h.q.i.QueryEngineImpl&amp#27;[0;39m: Double sqrt(NUMERIC arg)
&amp#27;[30m2025-04-21 07:27:32,161&amp#27;[0;39m &amp#27;[39mDEBUG&amp#27;[0;39m [&amp#27;[34mmain&amp#27;[0;39m] &amp#27;[33mo.h.q.i.QueryEngineImpl&amp#27;[0;39m: Double stddev_pop(NUMERIC arg)
&amp#27;[30m2025-04-21 07:27:32,161&amp#27;[0;39m &amp#27;[39mDEBUG&amp#27;[0;39m [&amp#27;[34mmain&amp#27;[0;39m] &amp#27;[33mo.h.q.i.QueryEngineImpl&amp#27;[0;39m: Double stddev_samp(NUMERIC arg)
&amp#27;[30m2025-04-21 07:27:32,162&amp#27;[0;39m &amp#27;[39mDEBUG&amp#27;[0;39m [&amp#27;[34mmain&amp#27;[0;39m] &amp#27;[33mo.h.q.i.QueryEngineImpl&amp#27;[0;39m: String str(arg)
&amp#27;[30m2025-04-21 07:27:32,162&amp#27;[0;39m &amp#27;[39mDEBUG&amp#27;[0;39m [&amp#27;[34mmain&amp#27;[0;39m] &amp#27;[33mo.h.q.i.QueryEngineImpl&amp#27;[0;39m: String substr(STRING string, INTEGER start[, INTEGER length])
&amp#27;[30m2025-04-21 07:27:32,162&amp#27;[0;39m &amp#27;[39mDEBUG&amp#27;[0;39m [&amp#27;[34mmain&amp#27;[0;39m] &amp#27;[33mo.h.q.i.QueryEngineImpl&amp#27;[0;39m: String substring(STRING string{ from|,} INTEGER start[{ for|,} INTEGER length])
&amp#27;[30m2025-04-21 07:27:32,162&amp#27;[0;39m &amp#27;[39mDEBUG&amp#27;[0;39m [&amp#27;[34mmain&amp#27;[0;39m] &amp#27;[33mo.h.q.i.QueryEngineImpl&amp#27;[0;39m: sum(arg)
&amp#27;[30m2025-04-21 07:27:32,163&amp#27;[0;39m &amp#27;[39mDEBUG&amp#27;[0;39m [&amp#27;[34mmain&amp#27;[0;39m] &amp#27;[33mo.h.q.i.QueryEngineImpl&amp#27;[0;39m: Timestamp sysdate
&amp#27;[30m2025-04-21 07:27:32,163&amp#27;[0;39m &amp#27;[39mDEBUG&amp#27;[0;39m [&amp#27;[34mmain&amp#27;[0;39m] &amp#27;[33mo.h.q.i.QueryEngineImpl&amp#27;[0;39m: Double tan(NUMERIC arg)
&amp#27;[30m2025-04-21 07:27:32,163&amp#27;[0;39m &amp#27;[39mDEBUG&amp#27;[0;39m [&amp#27;[34mmain&amp#27;[0;39m] &amp#27;[33mo.h.q.i.QueryEngineImpl&amp#27;[0;39m: Double tanh(NUMERIC arg)
&amp#27;[30m2025-04-21 07:27:32,163&amp#27;[0;39m &amp#27;[39mDEBUG&amp#27;[0;39m [&amp#27;[34mmain&amp#27;[0;39m] &amp#27;[33mo.h.q.i.QueryEngineImpl&amp#27;[0;39m: timestampadd(TEMPORAL_UNIT field, INTEGER magnitude, TEMPORAL datetime)
&amp#27;[30m2025-04-21 07:27:32,164&amp#27;[0;39m &amp#27;[39mDEBUG&amp#27;[0;39m [&amp#27;[34mmain&amp#27;[0;39m] &amp#27;[33mo.h.q.i.QueryEngineImpl&amp#27;[0;39m: Long|Double timestampdiff(TEMPORAL_UNIT field, TEMPORAL start, TEMPORAL end)
&amp#27;[30m2025-04-21 07:27:32,164&amp#27;[0;39m &amp#27;[39mDEBUG&amp#27;[0;39m [&amp#27;[34mmain&amp#27;[0;39m] &amp#27;[33mo.h.q.i.QueryEngineImpl&amp#27;[0;39m: String translate(STRING arg0, STRING arg1, STRING arg2)
&amp#27;[30m2025-04-21 07:27:32,164&amp#27;[0;39m &amp#27;[39mDEBUG&amp#27;[0;39m [&amp#27;[34mmain&amp#27;[0;39m] &amp#27;[33mo.h.q.i.QueryEngineImpl&amp#27;[0;39m: String trim([[{leading|trailing|both} ][STRING arg0 ]from] STRING arg1)
&amp#27;[30m2025-04-21 07:27:32,165&amp#27;[0;39m &amp#27;[39mDEBUG&amp#27;[0;39m [&amp#27;[34mmain&amp#27;[0;39m] &amp#27;[33mo.h.q.i.QueryEngineImpl&amp#27;[0;39m: trunc( ... )
&amp#27;[30m2025-04-21 07:27:32,165&amp#27;[0;39m &amp#27;[39mDEBUG&amp#27;[0;39m [&amp#27;[34mmain&amp#27;[0;39m] &amp#27;[33mo.h.q.i.QueryEngineImpl&amp#27;[0;39m: truncate( ... )
&amp#27;[30m2025-04-21 07:27:32,165&amp#27;[0;39m &amp#27;[39mDEBUG&amp#27;[0;39m [&amp#27;[34mmain&amp#27;[0;39m] &amp#27;[33mo.h.q.i.QueryEngineImpl&amp#27;[0;39m: String upper(STRING string)
&amp#27;[30m2025-04-21 07:27:32,165&amp#27;[0;39m &amp#27;[39mDEBUG&amp#27;[0;39m [&amp#27;[34mmain&amp#27;[0;39m] &amp#27;[33mo.h.q.i.QueryEngineImpl&amp#27;[0;39m: Double var_pop(NUMERIC arg)
&amp#27;[30m2025-04-21 07:27:32,165&amp#27;[0;39m &amp#27;[39mDEBUG&amp#27;[0;39m [&amp#27;[34mmain&amp#27;[0;39m] &amp#27;[33mo.h.q.i.QueryEngineImpl&amp#27;[0;39m: Double var_samp(NUMERIC arg)
&amp#27;[30m2025-04-21 07:27:32,166&amp#27;[0;39m &amp#27;[39mDEBUG&amp#27;[0;39m [&amp#27;[34mmain&amp#27;[0;39m] &amp#27;[33mo.h.q.i.QueryEngineImpl&amp#27;[0;39m: Integer week(DATE arg)
&amp#27;[30m2025-04-21 07:27:32,166&amp#27;[0;39m &amp#27;[39mDEBUG&amp#27;[0;39m [&amp#27;[34mmain&amp#27;[0;39m] &amp#27;[33mo.h.q.i.QueryEngineImpl&amp#27;[0;39m: Integer year(DATE arg)
&amp#27;[30m2025-04-21 07:27:32,166&amp#27;[0;39m &amp#27;[39mDEBUG&amp#27;[0;39m [&amp#27;[34mmain&amp#27;[0;39m] &amp#27;[33mo.h.q.i.QueryInterpretationCacheStandardImpl&amp#27;[0;39m: Starting QueryInterpretationCache(2048)
&amp#27;[30m2025-04-21 07:27:32,167&amp#27;[0;39m &amp#27;[39mDEBUG&amp#27;[0;39m [&amp#27;[34mmain&amp#27;[0;39m] &amp#27;[33mo.h.s.i.SessionFactoryServiceRegistryImpl&amp#27;[0;39m: EventListenerRegistry access via ServiceRegistry is deprecated.  Use `sessionFactory.getEventEngine().getListenerRegistry()` instead
&amp#27;[30m2025-04-21 07:27:32,168&amp#27;[0;39m &amp#27;[39mDEBUG&amp#27;[0;39m [&amp#27;[34mmain&amp#27;[0;39m] &amp#27;[33mo.h.e.i.EntityCopyObserverFactoryInitiator&amp#27;[0;39m: Configured EntityCopyObserver strategy: disallow
&amp#27;[30m2025-04-21 07:27:32,171&amp#27;[0;39m &amp#27;[39mDEBUG&amp#27;[0;39m [&amp#27;[34mmain&amp#27;[0;39m] &amp#27;[33mo.h.b.i.ClassLoaderAccessImpl&amp#27;[0;39m: Not known whether passed class name [in.rgukt.r081247.universityapi.entity.Course] is safe
&amp#27;[30m2025-04-21 07:27:32,171&amp#27;[0;39m &amp#27;[39mDEBUG&amp#27;[0;39m [&amp#27;[34mmain&amp#27;[0;39m] &amp#27;[33mo.h.b.i.ClassLoaderAccessImpl&amp#27;[0;39m: No temp ClassLoader provided; using live ClassLoader for loading potentially unsafe class : in.rgukt.r081247.universityapi.entity.Course
&amp#27;[30m2025-04-21 07:27:32,204&amp#27;[0;39m &amp#27;[39mDEBUG&amp#27;[0;39m [&amp#27;[34mmain&amp#27;[0;39m] &amp#27;[33mo.h.b.i.b.BytecodeProviderImpl&amp#27;[0;39m: HHH000513: Unable to create the ReflectionOptimizer for [in.rgukt.r081247.universityapi.entity.Course]: private accessor [department]
&amp#27;[30m2025-04-21 07:27:32,206&amp#27;[0;39m &amp#27;[39mDEBUG&amp#27;[0;39m [&amp#27;[34mmain&amp#27;[0;39m] &amp#27;[33mo.h.b.i.ClassLoaderAccessImpl&amp#27;[0;39m: Not known whether passed class name [in.rgukt.r081247.universityapi.entity.Department] is safe
&amp#27;[30m2025-04-21 07:27:32,207&amp#27;[0;39m &amp#27;[39mDEBUG&amp#27;[0;39m [&amp#27;[34mmain&amp#27;[0;39m] &amp#27;[33mo.h.b.i.ClassLoaderAccessImpl&amp#27;[0;39m: No temp ClassLoader provided; using live ClassLoader for loading potentially unsafe class : in.rgukt.r081247.universityapi.entity.Department
&amp#27;[30m2025-04-21 07:27:32,237&amp#27;[0;39m &amp#27;[39mDEBUG&amp#27;[0;39m [&amp#27;[34mmain&amp#27;[0;39m] &amp#27;[33mo.h.b.i.b.BytecodeProviderImpl&amp#27;[0;39m: HHH000513: Unable to create the ReflectionOptimizer for [in.rgukt.r081247.universityapi.entity.Department]: private accessor [courses]
&amp#27;[30m2025-04-21 07:27:32,239&amp#27;[0;39m &amp#27;[39mDEBUG&amp#27;[0;39m [&amp#27;[34mmain&amp#27;[0;39m] &amp#27;[33mo.h.b.i.ClassLoaderAccessImpl&amp#27;[0;39m: Not known whether passed class name [in.rgukt.r081247.universityapi.entity.Student] is safe
&amp#27;[30m2025-04-21 07:27:32,241&amp#27;[0;39m &amp#27;[39mDEBUG&amp#27;[0;39m [&amp#27;[34mmain&amp#27;[0;39m] &amp#27;[33mo.h.b.i.ClassLoaderAccessImpl&amp#27;[0;39m: No temp ClassLoader provided; using live ClassLoader for loading potentially unsafe class : in.rgukt.r081247.universityapi.entity.Student
&amp#27;[30m2025-04-21 07:27:32,280&amp#27;[0;39m &amp#27;[39mDEBUG&amp#27;[0;39m [&amp#27;[34mmain&amp#27;[0;39m] &amp#27;[33mo.h.b.i.b.BytecodeProviderImpl&amp#27;[0;39m: HHH000513: Unable to create the ReflectionOptimizer for [in.rgukt.r081247.universityapi.entity.Student]: private accessor [courses]
&amp#27;[30m2025-04-21 07:27:32,283&amp#27;[0;39m &amp#27;[39mDEBUG&amp#27;[0;39m [&amp#27;[34mmain&amp#27;[0;39m] &amp#27;[33mo.h.p.c.BasicCollectionPersister&amp#27;[0;39m: Skipping collection row updates - in.rgukt.r081247.universityapi.entity.Student.courses
&amp#27;[30m2025-04-21 07:27:32,284&amp#27;[0;39m &amp#27;[39mDEBUG&amp#27;[0;39m [&amp#27;[34mmain&amp#27;[0;39m] &amp#27;[33mo.h.p.c.OneToManyPersister&amp#27;[0;39m: Skipping collection (re)creation - in.rgukt.r081247.universityapi.entity.Department.courses
&amp#27;[30m2025-04-21 07:27:32,285&amp#27;[0;39m &amp#27;[39mDEBUG&amp#27;[0;39m [&amp#27;[34mmain&amp#27;[0;39m] &amp#27;[33mo.h.p.c.OneToManyPersister&amp#27;[0;39m: Skipping collection row deletions - in.rgukt.r081247.universityapi.entity.Department.courses
&amp#27;[30m2025-04-21 07:27:32,286&amp#27;[0;39m &amp#27;[39mDEBUG&amp#27;[0;39m [&amp#27;[34mmain&amp#27;[0;39m] &amp#27;[33mo.h.p.c.OneToManyPersister&amp#27;[0;39m: Skipping collection removals - in.rgukt.r081247.universityapi.entity.Department.courses
&amp#27;[30m2025-04-21 07:27:32,287&amp#27;[0;39m &amp#27;[39mDEBUG&amp#27;[0;39m [&amp#27;[34mmain&amp#27;[0;39m] &amp#27;[33mo.h.p.c.BasicCollectionPersister&amp#27;[0;39m: Skipping collection inserts - in.rgukt.r081247.universityapi.entity.Course.students
&amp#27;[30m2025-04-21 07:27:32,287&amp#27;[0;39m &amp#27;[39mDEBUG&amp#27;[0;39m [&amp#27;[34mmain&amp#27;[0;39m] &amp#27;[33mo.h.p.c.BasicCollectionPersister&amp#27;[0;39m: Skipping collection row updates - in.rgukt.r081247.universityapi.entity.Course.students
&amp#27;[30m2025-04-21 07:27:32,288&amp#27;[0;39m &amp#27;[39mDEBUG&amp#27;[0;39m [&amp#27;[34mmain&amp#27;[0;39m] &amp#27;[33mo.h.p.c.BasicCollectionPersister&amp#27;[0;39m: Skipping collection row deletions - in.rgukt.r081247.universityapi.entity.Course.students
&amp#27;[30m2025-04-21 07:27:32,288&amp#27;[0;39m &amp#27;[39mDEBUG&amp#27;[0;39m [&amp#27;[34mmain&amp#27;[0;39m] &amp#27;[33mo.h.p.c.BasicCollectionPersister&amp#27;[0;39m: Skipping collection removals - in.rgukt.r081247.universityapi.entity.Course.students
&amp#27;[30m2025-04-21 07:27:32,291&amp#27;[0;39m &amp#27;[39mDEBUG&amp#27;[0;39m [&amp#27;[34mmain&amp#27;[0;39m] &amp#27;[33mo.h.m.m.i.MappingModelCreationProcess&amp#27;[0;39m: Starting post-init callbacks
&amp#27;[30m2025-04-21 07:27:32,292&amp#27;[0;39m &amp#27;[39mDEBUG&amp#27;[0;39m [&amp#27;[34mmain&amp#27;[0;39m] &amp#27;[33mo.h.m.m.i.MappingModelCreationProcess$PostInitCallbackEntry&amp#27;[0;39m: Starting PostInitCallbackEntry : To-one key - NavigableRole[in.rgukt.r081247.universityapi.entity.Course.department]
&amp#27;[30m2025-04-21 07:27:32,293&amp#27;[0;39m &amp#27;[39mDEBUG&amp#27;[0;39m [&amp#27;[34mmain&amp#27;[0;39m] &amp#27;[33mo.h.m.m.i.MappingModelCreationProcess$PostInitCallbackEntry&amp#27;[0;39m: Starting PostInitCallbackEntry : PluralAttributeMapping( NavigableRole[in.rgukt.r081247.universityapi.entity.Course.students#{element}]) - element descriptor
&amp#27;[30m2025-04-21 07:27:32,294&amp#27;[0;39m &amp#27;[39mDEBUG&amp#27;[0;39m [&amp#27;[34mmain&amp#27;[0;39m] &amp#27;[33mo.h.m.m.i.MappingModelCreationProcess$PostInitCallbackEntry&amp#27;[0;39m: Starting PostInitCallbackEntry : PluralAttributeMapping(in.rgukt.r081247.universityapi.entity.Course.students)#finishInitialization
&amp#27;[30m2025-04-21 07:27:32,294&amp#27;[0;39m &amp#27;[39mDEBUG&amp#27;[0;39m [&amp#27;[34mmain&amp#27;[0;39m] &amp#27;[33mo.h.m.m.i.MappingModelCreationProcess$PostInitCallbackEntry&amp#27;[0;39m: Starting PostInitCallbackEntry : PluralAttributeMapping(in.rgukt.r081247.universityapi.entity.Course.students) - key descriptor
&amp#27;[30m2025-04-21 07:27:32,295&amp#27;[0;39m &amp#27;[39mDEBUG&amp#27;[0;39m [&amp#27;[34mmain&amp#27;[0;39m] &amp#27;[33mo.h.m.m.i.MappingModelCreationProcess$PostInitCallbackEntry&amp#27;[0;39m: Starting PostInitCallbackEntry : Entity(in.rgukt.r081247.universityapi.entity.Course) `staticFetchableList` generator
&amp#27;[30m2025-04-21 07:27:32,295&amp#27;[0;39m &amp#27;[39mDEBUG&amp#27;[0;39m [&amp#27;[34mmain&amp#27;[0;39m] &amp#27;[33mo.h.m.m.i.MappingModelCreationProcess$PostInitCallbackEntry&amp#27;[0;39m: Starting PostInitCallbackEntry : PluralAttributeMapping( NavigableRole[in.rgukt.r081247.universityapi.entity.Department.courses#{element}]) - element descriptor
&amp#27;[30m2025-04-21 07:27:32,296&amp#27;[0;39m &amp#27;[39mDEBUG&amp#27;[0;39m [&amp#27;[34mmain&amp#27;[0;39m] &amp#27;[33mo.h.m.m.i.MappingModelCreationProcess$PostInitCallbackEntry&amp#27;[0;39m: Starting PostInitCallbackEntry : PluralAttributeMapping(in.rgukt.r081247.universityapi.entity.Department.courses)#finishInitialization
&amp#27;[30m2025-04-21 07:27:32,296&amp#27;[0;39m &amp#27;[39mDEBUG&amp#27;[0;39m [&amp#27;[34mmain&amp#27;[0;39m] &amp#27;[33mo.h.m.m.i.MappingModelCreationProcess$PostInitCallbackEntry&amp#27;[0;39m: Starting PostInitCallbackEntry : PluralAttributeMapping(in.rgukt.r081247.universityapi.entity.Department.courses) - key descriptor
&amp#27;[30m2025-04-21 07:27:32,297&amp#27;[0;39m &amp#27;[39mDEBUG&amp#27;[0;39m [&amp#27;[34mmain&amp#27;[0;39m] &amp#27;[33mo.h.m.m.i.MappingModelCreationProcess$PostInitCallbackEntry&amp#27;[0;39m: Starting PostInitCallbackEntry : Entity(in.rgukt.r081247.universityapi.entity.Department) `staticFetchableList` generator
&amp#27;[30m2025-04-21 07:27:32,298&amp#27;[0;39m &amp#27;[39mDEBUG&amp#27;[0;39m [&amp#27;[34mmain&amp#27;[0;39m] &amp#27;[33mo.h.m.m.i.MappingModelCreationProcess$PostInitCallbackEntry&amp#27;[0;39m: Starting PostInitCallbackEntry : PluralAttributeMapping( NavigableRole[in.rgukt.r081247.universityapi.entity.Student.courses#{element}]) - element descriptor
&amp#27;[30m2025-04-21 07:27:32,298&amp#27;[0;39m &amp#27;[39mDEBUG&amp#27;[0;39m [&amp#27;[34mmain&amp#27;[0;39m] &amp#27;[33mo.h.m.m.i.MappingModelCreationProcess$PostInitCallbackEntry&amp#27;[0;39m: Starting PostInitCallbackEntry : PluralAttributeMapping(in.rgukt.r081247.universityapi.entity.Student.courses)#finishInitialization
&amp#27;[30m2025-04-21 07:27:32,299&amp#27;[0;39m &amp#27;[39mDEBUG&amp#27;[0;39m [&amp#27;[34mmain&amp#27;[0;39m] &amp#27;[33mo.h.m.m.i.MappingModelCreationProcess$PostInitCallbackEntry&amp#27;[0;39m: Starting PostInitCallbackEntry : PluralAttributeMapping(in.rgukt.r081247.universityapi.entity.Student.courses) - key descriptor
&amp#27;[30m2025-04-21 07:27:32,300&amp#27;[0;39m &amp#27;[39mDEBUG&amp#27;[0;39m [&amp#27;[34mmain&amp#27;[0;39m] &amp#27;[33mo.h.m.m.i.MappingModelCreationProcess$PostInitCallbackEntry&amp#27;[0;39m: Starting PostInitCallbackEntry : Entity(in.rgukt.r081247.universityapi.entity.Student) `staticFetchableList` generator
&amp#27;[30m2025-04-21 07:27:32,300&amp#27;[0;39m &amp#27;[39mDEBUG&amp#27;[0;39m [&amp#27;[34mmain&amp#27;[0;39m] &amp#27;[33mo.h.m.m.i.MappingModelCreationProcess$PostInitCallbackEntry&amp#27;[0;39m: Starting PostInitCallbackEntry : PluralAttributeMapping( NavigableRole[in.rgukt.r081247.universityapi.entity.Course.students#{element}]) - element descriptor
&amp#27;[30m2025-04-21 07:27:32,301&amp#27;[0;39m &amp#27;[39mDEBUG&amp#27;[0;39m [&amp#27;[34mmain&amp#27;[0;39m] &amp#27;[33mo.h.m.m.i.MappingModelCreationProcess$PostInitCallbackEntry&amp#27;[0;39m: Starting PostInitCallbackEntry : PluralAttributeMapping( NavigableRole[in.rgukt.r081247.universityapi.entity.Department.courses#{element}]) - element descriptor
&amp#27;[30m2025-04-21 07:27:32,307&amp#27;[0;39m &amp#27;[39mDEBUG&amp#27;[0;39m [&amp#27;[34mmain&amp#27;[0;39m] &amp#27;[33mo.h.s.a.s.SqlAliasBaseImpl&amp#27;[0;39m: Created new SQL alias : c1_0
&amp#27;[30m2025-04-21 07:27:32,308&amp#27;[0;39m &amp#27;[39mDEBUG&amp#27;[0;39m [&amp#27;[34mmain&amp#27;[0;39m] &amp#27;[33mo.h.s.a.s.SimpleFromClauseAccessImpl&amp#27;[0;39m: Registration of TableGroup [StandardTableGroup(in.rgukt.r081247.universityapi.entity.Course)] with identifierForTableGroup [in.rgukt.r081247.universityapi.entity.Course] for NavigablePath [in.rgukt.r081247.universityapi.entity.Course] 
&amp#27;[30m2025-04-21 07:27:32,309&amp#27;[0;39m &amp#27;[39mDEBUG&amp#27;[0;39m [&amp#27;[34mmain&amp#27;[0;39m] &amp#27;[33mo.h.s.a.s.SimpleFromClauseAccessImpl&amp#27;[0;39m: Registration of TableGroup [org.hibernate.sql.ast.tree.from.LazyTableGroup@74aae322] with identifierForTableGroup [in.rgukt.r081247.universityapi.entity.Course.department] for NavigablePath [in.rgukt.r081247.universityapi.entity.Course.department] 
&amp#27;[30m2025-04-21 07:27:32,310&amp#27;[0;39m &amp#27;[39mDEBUG&amp#27;[0;39m [&amp#27;[34mmain&amp#27;[0;39m] &amp#27;[33mo.h.s.r.g.DomainResultGraphPrinter&amp#27;[0;39m: DomainResult Graph:
 \-EntityResultImpl [in.rgukt.r081247.universityapi.entity.Course]
 |  +-EntityDelayedFetchImpl [in.rgukt.r081247.universityapi.entity.Course.department]
 |  +-BasicFetch [in.rgukt.r081247.universityapi.entity.Course.name]
 |  \-DelayedCollectionFetch [in.rgukt.r081247.universityapi.entity.Course.students]

&amp#27;[30m2025-04-21 07:27:32,311&amp#27;[0;39m &amp#27;[39mDEBUG&amp#27;[0;39m [&amp#27;[34mmain&amp#27;[0;39m] &amp#27;[33mo.h.s.a.SqlTreePrinter&amp#27;[0;39m: SQL AST Tree:
    SelectStatement {
      FromClause {
        StandardTableGroup (c1 : in.rgukt.r081247.universityapi.entity.Course) {
          primaryTableReference : course as c1_0
          TableGroupJoins {
            left  join LazyTableGroup (d1 : in.rgukt.r081247.universityapi.entity.Course.department) {
            }
          }
        }
      }
    }

&amp#27;[30m2025-04-21 07:27:32,312&amp#27;[0;39m &amp#27;[39mDEBUG&amp#27;[0;39m [&amp#27;[34mmain&amp#27;[0;39m] &amp#27;[33mo.h.p.e.AbstractEntityPersister&amp#27;[0;39m: Static SQL for entity: in.rgukt.r081247.universityapi.entity.Course
&amp#27;[30m2025-04-21 07:27:32,313&amp#27;[0;39m &amp#27;[39mDEBUG&amp#27;[0;39m [&amp#27;[34mmain&amp#27;[0;39m] &amp#27;[33mo.h.p.e.AbstractEntityPersister&amp#27;[0;39m:  Version select: select id from course where id=?
&amp#27;[30m2025-04-21 07:27:32,313&amp#27;[0;39m &amp#27;[39mDEBUG&amp#27;[0;39m [&amp#27;[34mmain&amp#27;[0;39m] &amp#27;[33mo.j.l.DelegatingBasicLogger&amp#27;[0;39m:  Insert (0): insert into course (department_id,name,id) values (?,?,default)
&amp#27;[30m2025-04-21 07:27:32,313&amp#27;[0;39m &amp#27;[39mDEBUG&amp#27;[0;39m [&amp#27;[34mmain&amp#27;[0;39m] &amp#27;[33mo.j.l.DelegatingBasicLogger&amp#27;[0;39m:  Update (0): update course set department_id=?,name=? where id=?
&amp#27;[30m2025-04-21 07:27:32,314&amp#27;[0;39m &amp#27;[39mDEBUG&amp#27;[0;39m [&amp#27;[34mmain&amp#27;[0;39m] &amp#27;[33mo.j.l.DelegatingBasicLogger&amp#27;[0;39m:  Delete (0): delete from course where id=?
&amp#27;[30m2025-04-21 07:27:32,314&amp#27;[0;39m &amp#27;[39mDEBUG&amp#27;[0;39m [&amp#27;[34mmain&amp#27;[0;39m] &amp#27;[33mo.h.s.a.s.SqlAliasBaseImpl&amp#27;[0;39m: Created new SQL alias : d1_0
&amp#27;[30m2025-04-21 07:27:32,315&amp#27;[0;39m &amp#27;[39mDEBUG&amp#27;[0;39m [&amp#27;[34mmain&amp#27;[0;39m] &amp#27;[33mo.h.s.a.s.SimpleFromClauseAccessImpl&amp#27;[0;39m: Registration of TableGroup [StandardTableGroup(in.rgukt.r081247.universityapi.entity.Department)] with identifierForTableGroup [in.rgukt.r081247.universityapi.entity.Department] for NavigablePath [in.rgukt.r081247.universityapi.entity.Department] 
&amp#27;[30m2025-04-21 07:27:32,316&amp#27;[0;39m &amp#27;[39mDEBUG&amp#27;[0;39m [&amp#27;[34mmain&amp#27;[0;39m] &amp#27;[33mo.h.s.r.g.DomainResultGraphPrinter&amp#27;[0;39m: DomainResult Graph:
 \-EntityResultImpl [in.rgukt.r081247.universityapi.entity.Department]
 |  +-DelayedCollectionFetch [in.rgukt.r081247.universityapi.entity.Department.courses]
 |  \-BasicFetch [in.rgukt.r081247.universityapi.entity.Department.name]

&amp#27;[30m2025-04-21 07:27:32,317&amp#27;[0;39m &amp#27;[39mDEBUG&amp#27;[0;39m [&amp#27;[34mmain&amp#27;[0;39m] &amp#27;[33mo.h.s.a.SqlTreePrinter&amp#27;[0;39m: SQL AST Tree:
    SelectStatement {
      FromClause {
        StandardTableGroup (d1 : in.rgukt.r081247.universityapi.entity.Department) {
          primaryTableReference : department as d1_0
        }
      }
    }

&amp#27;[30m2025-04-21 07:27:32,318&amp#27;[0;39m &amp#27;[39mDEBUG&amp#27;[0;39m [&amp#27;[34mmain&amp#27;[0;39m] &amp#27;[33mo.h.p.e.AbstractEntityPersister&amp#27;[0;39m: Static SQL for entity: in.rgukt.r081247.universityapi.entity.Department
&amp#27;[30m2025-04-21 07:27:32,319&amp#27;[0;39m &amp#27;[39mDEBUG&amp#27;[0;39m [&amp#27;[34mmain&amp#27;[0;39m] &amp#27;[33mo.h.p.e.AbstractEntityPersister&amp#27;[0;39m:  Version select: select id from department where id=?
&amp#27;[30m2025-04-21 07:27:32,319&amp#27;[0;39m &amp#27;[39mDEBUG&amp#27;[0;39m [&amp#27;[34mmain&amp#27;[0;39m] &amp#27;[33mo.j.l.DelegatingBasicLogger&amp#27;[0;39m:  Insert (0): insert into department (name,id) values (?,default)
&amp#27;[30m2025-04-21 07:27:32,320&amp#27;[0;39m &amp#27;[39mDEBUG&amp#27;[0;39m [&amp#27;[34mmain&amp#27;[0;39m] &amp#27;[33mo.j.l.DelegatingBasicLogger&amp#27;[0;39m:  Update (0): update department set name=? where id=?
&amp#27;[30m2025-04-21 07:27:32,320&amp#27;[0;39m &amp#27;[39mDEBUG&amp#27;[0;39m [&amp#27;[34mmain&amp#27;[0;39m] &amp#27;[33mo.j.l.DelegatingBasicLogger&amp#27;[0;39m:  Delete (0): delete from department where id=?
&amp#27;[30m2025-04-21 07:27:32,321&amp#27;[0;39m &amp#27;[39mDEBUG&amp#27;[0;39m [&amp#27;[34mmain&amp#27;[0;39m] &amp#27;[33mo.h.s.a.s.SqlAliasBaseImpl&amp#27;[0;39m: Created new SQL alias : s1_0
&amp#27;[30m2025-04-21 07:27:32,321&amp#27;[0;39m &amp#27;[39mDEBUG&amp#27;[0;39m [&amp#27;[34mmain&amp#27;[0;39m] &amp#27;[33mo.h.s.a.s.SimpleFromClauseAccessImpl&amp#27;[0;39m: Registration of TableGroup [StandardTableGroup(in.rgukt.r081247.universityapi.entity.Student)] with identifierForTableGroup [in.rgukt.r081247.universityapi.entity.Student] for NavigablePath [in.rgukt.r081247.universityapi.entity.Student] 
&amp#27;[30m2025-04-21 07:27:32,322&amp#27;[0;39m &amp#27;[39mDEBUG&amp#27;[0;39m [&amp#27;[34mmain&amp#27;[0;39m] &amp#27;[33mo.h.s.r.g.DomainResultGraphPrinter&amp#27;[0;39m: DomainResult Graph:
 \-EntityResultImpl [in.rgukt.r081247.universityapi.entity.Student]
 |  +-DelayedCollectionFetch [in.rgukt.r081247.universityapi.entity.Student.courses]
 |  +-BasicFetch [in.rgukt.r081247.universityapi.entity.Student.dob]
 |  \-BasicFetch [in.rgukt.r081247.universityapi.entity.Student.name]

&amp#27;[30m2025-04-21 07:27:32,323&amp#27;[0;39m &amp#27;[39mDEBUG&amp#27;[0;39m [&amp#27;[34mmain&amp#27;[0;39m] &amp#27;[33mo.h.s.a.SqlTreePrinter&amp#27;[0;39m: SQL AST Tree:
    SelectStatement {
      FromClause {
        StandardTableGroup (s1 : in.rgukt.r081247.universityapi.entity.Student) {
          primaryTableReference : student as s1_0
        }
      }
    }

&amp#27;[30m2025-04-21 07:27:32,324&amp#27;[0;39m &amp#27;[39mDEBUG&amp#27;[0;39m [&amp#27;[34mmain&amp#27;[0;39m] &amp#27;[33mo.h.p.e.AbstractEntityPersister&amp#27;[0;39m: Static SQL for entity: in.rgukt.r081247.universityapi.entity.Student
&amp#27;[30m2025-04-21 07:27:32,325&amp#27;[0;39m &amp#27;[39mDEBUG&amp#27;[0;39m [&amp#27;[34mmain&amp#27;[0;39m] &amp#27;[33mo.h.p.e.AbstractEntityPersister&amp#27;[0;39m:  Version select: select id from student where id=?
&amp#27;[30m2025-04-21 07:27:32,326&amp#27;[0;39m &amp#27;[39mDEBUG&amp#27;[0;39m [&amp#27;[34mmain&amp#27;[0;39m] &amp#27;[33mo.j.l.DelegatingBasicLogger&amp#27;[0;39m:  Insert (0): insert into student (dob,name,id) values (?,?,default)
&amp#27;[30m2025-04-21 07:27:32,326&amp#27;[0;39m &amp#27;[39mDEBUG&amp#27;[0;39m [&amp#27;[34mmain&amp#27;[0;39m] &amp#27;[33mo.j.l.DelegatingBasicLogger&amp#27;[0;39m:  Update (0): update student set dob=?,name=? where id=?
&amp#27;[30m2025-04-21 07:27:32,326&amp#27;[0;39m &amp#27;[39mDEBUG&amp#27;[0;39m [&amp#27;[34mmain&amp#27;[0;39m] &amp#27;[33mo.j.l.DelegatingBasicLogger&amp#27;[0;39m:  Delete (0): delete from student where id=?
&amp#27;[30m2025-04-21 07:27:32,327&amp#27;[0;39m &amp#27;[39mDEBUG&amp#27;[0;39m [&amp#27;[34mmain&amp#27;[0;39m] &amp#27;[33mo.h.s.a.s.SqlAliasBaseImpl&amp#27;[0;39m: Created new SQL alias : c1_0
&amp#27;[30m2025-04-21 07:27:32,327&amp#27;[0;39m &amp#27;[39mDEBUG&amp#27;[0;39m [&amp#27;[34mmain&amp#27;[0;39m] &amp#27;[33mo.h.s.a.s.SimpleFromClauseAccessImpl&amp#27;[0;39m: Registration of TableGroup [CollectionTableGroup(in.rgukt.r081247.universityapi.entity.Student.courses)] with identifierForTableGroup [in.rgukt.r081247.universityapi.entity.Student.courses] for NavigablePath [in.rgukt.r081247.universityapi.entity.Student.courses] 
&amp#27;[30m2025-04-21 07:27:32,328&amp#27;[0;39m &amp#27;[39mDEBUG&amp#27;[0;39m [&amp#27;[34mmain&amp#27;[0;39m] &amp#27;[33mo.h.s.a.s.SimpleFromClauseAccessImpl&amp#27;[0;39m: Registration of TableGroup [org.hibernate.sql.ast.tree.from.LazyTableGroup@213451a4] with identifierForTableGroup [in.rgukt.r081247.universityapi.entity.Student.courses.{element}] for NavigablePath [in.rgukt.r081247.universityapi.entity.Student.courses.{element}] 
&amp#27;[30m2025-04-21 07:27:32,328&amp#27;[0;39m &amp#27;[39mDEBUG&amp#27;[0;39m [&amp#27;[34mmain&amp#27;[0;39m] &amp#27;[33mo.h.s.a.s.SqlAliasBaseImpl&amp#27;[0;39m: Created new SQL alias : c1_1
&amp#27;[30m2025-04-21 07:27:32,329&amp#27;[0;39m &amp#27;[39mDEBUG&amp#27;[0;39m [&amp#27;[34mmain&amp#27;[0;39m] &amp#27;[33mo.h.s.a.s.SimpleFromClauseAccessImpl&amp#27;[0;39m: Registration of TableGroup [org.hibernate.sql.ast.tree.from.LazyTableGroup@403ca4ec] with identifierForTableGroup [in.rgukt.r081247.universityapi.entity.Student.courses.{element}.department] for NavigablePath [in.rgukt.r081247.universityapi.entity.Student.courses.{element}.department] 
&amp#27;[30m2025-04-21 07:27:32,330&amp#27;[0;39m &amp#27;[39mDEBUG&amp#27;[0;39m [&amp#27;[34mmain&amp#27;[0;39m] &amp#27;[33mo.h.s.r.g.DomainResultGraphPrinter&amp#27;[0;39m: DomainResult Graph:
 \-CollectionDomainResult [in.rgukt.r081247.universityapi.entity.Student.courses]

&amp#27;[30m2025-04-21 07:27:32,331&amp#27;[0;39m &amp#27;[39mDEBUG&amp#27;[0;39m [&amp#27;[34mmain&amp#27;[0;39m] &amp#27;[33mo.h.s.a.SqlTreePrinter&amp#27;[0;39m: SQL AST Tree:
    SelectStatement {
      FromClause {
        CollectionTableGroup (c1 : in.rgukt.r081247.universityapi.entity.Student.courses) {
          primaryTableReference : student_course as c1_0
          TableGroupJoins {
             join LazyTableGroup (c1 : in.rgukt.r081247.universityapi.entity.Student.courses.{element}) {
              primaryTableReference : course as c1_1
              TableGroupJoins {
                left  join LazyTableGroup (d1 : in.rgukt.r081247.universityapi.entity.Student.courses.{element}.department) {
                }
              }
            }
          }
        }
      }
    }

&amp#27;[30m2025-04-21 07:27:32,332&amp#27;[0;39m &amp#27;[39mDEBUG&amp#27;[0;39m [&amp#27;[34mmain&amp#27;[0;39m] &amp#27;[33mo.h.p.c.AbstractCollectionPersister&amp#27;[0;39m: Static SQL for collection: in.rgukt.r081247.universityapi.entity.Student.courses
&amp#27;[30m2025-04-21 07:27:32,333&amp#27;[0;39m &amp#27;[39mDEBUG&amp#27;[0;39m [&amp#27;[34mmain&amp#27;[0;39m] &amp#27;[33mo.h.p.c.AbstractCollectionPersister&amp#27;[0;39m:  Row insert: insert into student_course (student_id,course_id) values (?,?)
&amp#27;[30m2025-04-21 07:27:32,334&amp#27;[0;39m &amp#27;[39mDEBUG&amp#27;[0;39m [&amp#27;[34mmain&amp#27;[0;39m] &amp#27;[33mo.h.p.c.AbstractCollectionPersister&amp#27;[0;39m:  Row delete: delete from student_course where student_id=? and course_id=?
&amp#27;[30m2025-04-21 07:27:32,335&amp#27;[0;39m &amp#27;[39mDEBUG&amp#27;[0;39m [&amp#27;[34mmain&amp#27;[0;39m] &amp#27;[33mo.h.p.c.AbstractCollectionPersister&amp#27;[0;39m:  One-shot delete: delete from student_course where student_id=?
&amp#27;[30m2025-04-21 07:27:32,336&amp#27;[0;39m &amp#27;[39mDEBUG&amp#27;[0;39m [&amp#27;[34mmain&amp#27;[0;39m] &amp#27;[33mo.h.s.a.s.SqlAliasBaseImpl&amp#27;[0;39m: Created new SQL alias : c1_0
&amp#27;[30m2025-04-21 07:27:32,337&amp#27;[0;39m &amp#27;[39mDEBUG&amp#27;[0;39m [&amp#27;[34mmain&amp#27;[0;39m] &amp#27;[33mo.h.s.a.s.SimpleFromClauseAccessImpl&amp#27;[0;39m: Registration of TableGroup [org.hibernate.sql.ast.tree.from.OneToManyTableGroup@8f7cbcc] with identifierForTableGroup [in.rgukt.r081247.universityapi.entity.Department.courses] for NavigablePath [in.rgukt.r081247.universityapi.entity.Department.courses] 
&amp#27;[30m2025-04-21 07:27:32,337&amp#27;[0;39m &amp#27;[39mDEBUG&amp#27;[0;39m [&amp#27;[34mmain&amp#27;[0;39m] &amp#27;[33mo.h.s.a.s.SimpleFromClauseAccessImpl&amp#27;[0;39m: Registration of TableGroup [StandardTableGroup(in.rgukt.r081247.universityapi.entity.Department.courses.{element})] with identifierForTableGroup [in.rgukt.r081247.universityapi.entity.Department.courses.{element}] for NavigablePath [in.rgukt.r081247.universityapi.entity.Department.courses.{element}] 
&amp#27;[30m2025-04-21 07:27:32,338&amp#27;[0;39m &amp#27;[39mDEBUG&amp#27;[0;39m [&amp#27;[34mmain&amp#27;[0;39m] &amp#27;[33mo.h.s.a.s.SimpleFromClauseAccessImpl&amp#27;[0;39m: Registration of TableGroup [org.hibernate.sql.ast.tree.from.LazyTableGroup@10b9956a] with identifierForTableGroup [in.rgukt.r081247.universityapi.entity.Department.courses.{element}.department] for NavigablePath [in.rgukt.r081247.universityapi.entity.Department.courses.{element}.department] 
&amp#27;[30m2025-04-21 07:27:32,339&amp#27;[0;39m &amp#27;[39mDEBUG&amp#27;[0;39m [&amp#27;[34mmain&amp#27;[0;39m] &amp#27;[33mo.h.s.r.g.DomainResultGraphPrinter&amp#27;[0;39m: DomainResult Graph:
 \-CollectionDomainResult [in.rgukt.r081247.universityapi.entity.Department.courses]

&amp#27;[30m2025-04-21 07:27:32,340&amp#27;[0;39m &amp#27;[39mDEBUG&amp#27;[0;39m [&amp#27;[34mmain&amp#27;[0;39m] &amp#27;[33mo.h.s.a.SqlTreePrinter&amp#27;[0;39m: SQL AST Tree:
    SelectStatement {
      FromClause {
        OneToManyTableGroup (c1 : in.rgukt.r081247.universityapi.entity.Department.courses) {
          primaryTableReference : course as c1_0
          TableGroupJoins {
            left  join LazyTableGroup (d1 : in.rgukt.r081247.universityapi.entity.Department.courses.{element}.department) {
            }
          }
        }
      }
    }

&amp#27;[30m2025-04-21 07:27:32,340&amp#27;[0;39m &amp#27;[39mDEBUG&amp#27;[0;39m [&amp#27;[34mmain&amp#27;[0;39m] &amp#27;[33mo.h.p.c.AbstractCollectionPersister&amp#27;[0;39m: Static SQL for collection: in.rgukt.r081247.universityapi.entity.Department.courses
&amp#27;[30m2025-04-21 07:27:32,341&amp#27;[0;39m &amp#27;[39mDEBUG&amp#27;[0;39m [&amp#27;[34mmain&amp#27;[0;39m] &amp#27;[33mo.h.s.a.s.SqlAliasBaseImpl&amp#27;[0;39m: Created new SQL alias : s1_0
&amp#27;[30m2025-04-21 07:27:32,341&amp#27;[0;39m &amp#27;[39mDEBUG&amp#27;[0;39m [&amp#27;[34mmain&amp#27;[0;39m] &amp#27;[33mo.h.s.a.s.SimpleFromClauseAccessImpl&amp#27;[0;39m: Registration of TableGroup [CollectionTableGroup(in.rgukt.r081247.universityapi.entity.Course.students)] with identifierForTableGroup [in.rgukt.r081247.universityapi.entity.Course.students] for NavigablePath [in.rgukt.r081247.universityapi.entity.Course.students] 
&amp#27;[30m2025-04-21 07:27:32,342&amp#27;[0;39m &amp#27;[39mDEBUG&amp#27;[0;39m [&amp#27;[34mmain&amp#27;[0;39m] &amp#27;[33mo.h.s.a.s.SimpleFromClauseAccessImpl&amp#27;[0;39m: Registration of TableGroup [org.hibernate.sql.ast.tree.from.LazyTableGroup@f083345] with identifierForTableGroup [in.rgukt.r081247.universityapi.entity.Course.students.{element}] for NavigablePath [in.rgukt.r081247.universityapi.entity.Course.students.{element}] 
&amp#27;[30m2025-04-21 07:27:32,342&amp#27;[0;39m &amp#27;[39mDEBUG&amp#27;[0;39m [&amp#27;[34mmain&amp#27;[0;39m] &amp#27;[33mo.h.s.a.s.SqlAliasBaseImpl&amp#27;[0;39m: Created new SQL alias : s1_1
&amp#27;[30m2025-04-21 07:27:32,343&amp#27;[0;39m &amp#27;[39mDEBUG&amp#27;[0;39m [&amp#27;[34mmain&amp#27;[0;39m] &amp#27;[33mo.h.s.r.g.DomainResultGraphPrinter&amp#27;[0;39m: DomainResult Graph:
 \-CollectionDomainResult [in.rgukt.r081247.universityapi.entity.Course.students]

&amp#27;[30m2025-04-21 07:27:32,344&amp#27;[0;39m &amp#27;[39mDEBUG&amp#27;[0;39m [&amp#27;[34mmain&amp#27;[0;39m] &amp#27;[33mo.h.s.a.SqlTreePrinter&amp#27;[0;39m: SQL AST Tree:
    SelectStatement {
      FromClause {
        CollectionTableGroup (s1 : in.rgukt.r081247.universityapi.entity.Course.students) {
          primaryTableReference : student_course as s1_0
          TableGroupJoins {
             join LazyTableGroup (s1 : in.rgukt.r081247.universityapi.entity.Course.students.{element}) {
              primaryTableReference : student as s1_1
            }
          }
        }
      }
    }

&amp#27;[30m2025-04-21 07:27:32,345&amp#27;[0;39m &amp#27;[39mDEBUG&amp#27;[0;39m [&amp#27;[34mmain&amp#27;[0;39m] &amp#27;[33mo.h.p.c.AbstractCollectionPersister&amp#27;[0;39m: Static SQL for collection: in.rgukt.r081247.universityapi.entity.Course.students
&amp#27;[30m2025-04-21 07:27:32,350&amp#27;[0;39m &amp#27;[34mINFO &amp#27;[0;39m [&amp#27;[34mmain&amp#27;[0;39m] &amp#27;[33mo.h.e.t.j.p.i.JtaPlatformInitiator&amp#27;[0;39m: HHH000489: No JTA platform available (set 'hibernate.transaction.jta.platform' to enable JTA platform integration)
&amp#27;[30m2025-04-21 07:27:32,350&amp#27;[0;39m &amp#27;[39mDEBUG&amp#27;[0;39m [&amp#27;[34mmain&amp#27;[0;39m] &amp#27;[33mo.h.t.s.TypeConfiguration&amp#27;[0;39m: Scoping TypeConfiguration [org.hibernate.type.spi.TypeConfiguration@1396ee3b] to SessionFactoryImplementor [org.hibernate.internal.SessionFactoryImpl@592aad4c]
&amp#27;[30m2025-04-21 07:27:32,351&amp#27;[0;39m &amp#27;[39mDEBUG&amp#27;[0;39m [&amp#27;[34mmain&amp#27;[0;39m] &amp#27;[33mo.h.q.i.NamedObjectRepositoryImpl&amp#27;[0;39m: Checking 0 named HQL queries
&amp#27;[30m2025-04-21 07:27:32,351&amp#27;[0;39m &amp#27;[39mDEBUG&amp#27;[0;39m [&amp#27;[34mmain&amp#27;[0;39m] &amp#27;[33mo.h.q.i.NamedObjectRepositoryImpl&amp#27;[0;39m: Checking 0 named SQL queries
&amp#27;[30m2025-04-21 07:27:32,352&amp#27;[0;39m &amp#27;[39mDEBUG&amp#27;[0;39m [&amp#27;[34mmain&amp#27;[0;39m] &amp#27;[33mo.h.e.j.s.SqlStatementLogger&amp#27;[0;39m: 
    drop table if exists course cascade 
Hibernate: 
    drop table if exists course cascade 
&amp#27;[30m2025-04-21 07:27:32,353&amp#27;[0;39m &amp#27;[39mDEBUG&amp#27;[0;39m [&amp#27;[34mmain&amp#27;[0;39m] &amp#27;[33mo.s.j.d.SimpleDriverDataSource&amp#27;[0;39m: Creating new JDBC Driver Connection to [jdbc:h2:mem:e600bb63-343b-4f33-9b18-6893a51070ce;DB_CLOSE_DELAY=-1;DB_CLOSE_ON_EXIT=false]
&amp#27;[30m2025-04-21 07:27:32,355&amp#27;[0;39m &amp#27;[39mDEBUG&amp#27;[0;39m [&amp#27;[34mmain&amp#27;[0;39m] &amp#27;[33mo.h.e.j.s.SqlStatementLogger&amp#27;[0;39m: 
    drop table if exists department cascade 
Hibernate: 
    drop table if exists department cascade 
&amp#27;[30m2025-04-21 07:27:32,356&amp#27;[0;39m &amp#27;[39mDEBUG&amp#27;[0;39m [&amp#27;[34mmain&amp#27;[0;39m] &amp#27;[33mo.h.e.j.s.SqlStatementLogger&amp#27;[0;39m: 
    drop table if exists student cascade 
Hibernate: 
    drop table if exists student cascade 
&amp#27;[30m2025-04-21 07:27:32,357&amp#27;[0;39m &amp#27;[39mDEBUG&amp#27;[0;39m [&amp#27;[34mmain&amp#27;[0;39m] &amp#27;[33mo.h.e.j.s.SqlStatementLogger&amp#27;[0;39m: 
    drop table if exists student_course cascade 
Hibernate: 
    drop table if exists student_course cascade 
&amp#27;[30m2025-04-21 07:27:32,359&amp#27;[0;39m &amp#27;[39mDEBUG&amp#27;[0;39m [&amp#27;[34mmain&amp#27;[0;39m] &amp#27;[33mo.h.e.j.s.SqlStatementLogger&amp#27;[0;39m: 
    create table course (
        department_id bigint,
        id bigint generated by default as identity,
        name varchar(100) not null,
        primary key (id)
    )
Hibernate: 
    create table course (
        department_id bigint,
        id bigint generated by default as identity,
        name varchar(100) not null,
        primary key (id)
    )
&amp#27;[30m2025-04-21 07:27:32,359&amp#27;[0;39m &amp#27;[39mDEBUG&amp#27;[0;39m [&amp#27;[34mmain&amp#27;[0;39m] &amp#27;[33mo.s.j.d.SimpleDriverDataSource&amp#27;[0;39m: Creating new JDBC Driver Connection to [jdbc:h2:mem:e600bb63-343b-4f33-9b18-6893a51070ce;DB_CLOSE_DELAY=-1;DB_CLOSE_ON_EXIT=false]
&amp#27;[30m2025-04-21 07:27:32,364&amp#27;[0;39m &amp#27;[39mDEBUG&amp#27;[0;39m [&amp#27;[34mmain&amp#27;[0;39m] &amp#27;[33mo.h.e.j.s.SqlStatementLogger&amp#27;[0;39m: 
    create table department (
        id bigint generated by default as identity,
        name varchar(100) not null,
        primary key (id)
    )
Hibernate: 
    create table department (
        id bigint generated by default as identity,
        name varchar(100) not null,
        primary key (id)
    )
&amp#27;[30m2025-04-21 07:27:32,368&amp#27;[0;39m &amp#27;[39mDEBUG&amp#27;[0;39m [&amp#27;[34mmain&amp#27;[0;39m] &amp#27;[33mo.h.e.j.s.SqlStatementLogger&amp#27;[0;39m: 
    create table student (
        dob date,
        id bigint generated by default as identity,
        name varchar(100) not null,
        primary key (id)
    )
Hibernate: 
    create table student (
        dob date,
        id bigint generated by default as identity,
        name varchar(100) not null,
        primary key (id)
    )
&amp#27;[30m2025-04-21 07:27:32,371&amp#27;[0;39m &amp#27;[39mDEBUG&amp#27;[0;39m [&amp#27;[34mmain&amp#27;[0;39m] &amp#27;[33mo.h.e.j.s.SqlStatementLogger&amp#27;[0;39m: 
    create table student_course (
        course_id bigint not null,
        student_id bigint not null,
        primary key (course_id, student_id)
    )
Hibernate: 
    create table student_course (
        course_id bigint not null,
        student_id bigint not null,
        primary key (course_id, student_id)
    )
&amp#27;[30m2025-04-21 07:27:32,374&amp#27;[0;39m &amp#27;[39mDEBUG&amp#27;[0;39m [&amp#27;[34mmain&amp#27;[0;39m] &amp#27;[33mo.h.e.j.s.SqlStatementLogger&amp#27;[0;39m: 
    alter table if exists course 
       add constraint FKi1btm7ma8n3gaj6afdno300wm 
       foreign key (department_id) 
       references department
Hibernate: 
    alter table if exists course 
       add constraint FKi1btm7ma8n3gaj6afdno300wm 
       foreign key (department_id) 
       references department
&amp#27;[30m2025-04-21 07:27:32,379&amp#27;[0;39m &amp#27;[39mDEBUG&amp#27;[0;39m [&amp#27;[34mmain&amp#27;[0;39m] &amp#27;[33mo.h.e.j.s.SqlStatementLogger&amp#27;[0;39m: 
    alter table if exists student_course 
       add constraint FKejrkh4gv8iqgmspsanaji90ws 
       foreign key (course_id) 
       references course
Hibernate: 
    alter table if exists student_course 
       add constraint FKejrkh4gv8iqgmspsanaji90ws 
       foreign key (course_id) 
       references course
&amp#27;[30m2025-04-21 07:27:32,383&amp#27;[0;39m &amp#27;[39mDEBUG&amp#27;[0;39m [&amp#27;[34mmain&amp#27;[0;39m] &amp#27;[33mo.h.e.j.s.SqlStatementLogger&amp#27;[0;39m: 
    alter table if exists student_course 
       add constraint FKq7yw2wg9wlt2cnj480hcdn6dq 
       foreign key (student_id) 
       references student
Hibernate: 
    alter table if exists student_course 
       add constraint FKq7yw2wg9wlt2cnj480hcdn6dq 
       foreign key (student_id) 
       references student
&amp#27;[30m2025-04-21 07:27:32,388&amp#27;[0;39m &amp#27;[39mDEBUG&amp#27;[0;39m [&amp#27;[34mmain&amp#27;[0;39m] &amp#27;[33mo.h.i.SessionFactoryRegistry&amp#27;[0;39m: Registering SessionFactory: 2176e6fa-8f1b-4663-9109-47398c8c45c9 (<unnamed>)
&amp#27;[30m2025-04-21 07:27:32,388&amp#27;[0;39m &amp#27;[39mDEBUG&amp#27;[0;39m [&amp#27;[34mmain&amp#27;[0;39m] &amp#27;[33mo.h.i.SessionFactoryRegistry&amp#27;[0;39m: Not binding SessionFactory to JNDI, no JNDI name configured
&amp#27;[30m2025-04-21 07:27:32,389&amp#27;[0;39m &amp#27;[39mDEBUG&amp#27;[0;39m [&amp#27;[34mmain&amp#27;[0;39m] &amp#27;[33mo.h.i.SessionFactoryImpl&amp#27;[0;39m: Instantiated SessionFactory
&amp#27;[30m2025-04-21 07:27:32,389&amp#27;[0;39m &amp#27;[34mINFO &amp#27;[0;39m [&amp#27;[34mmain&amp#27;[0;39m] &amp#27;[33mo.s.o.j.AbstractEntityManagerFactoryBean&amp#27;[0;39m: Initialized JPA EntityManagerFactory for persistence unit 'default'
&amp#27;[30m2025-04-21 07:27:32,390&amp#27;[0;39m &amp#27;[39mDEBUG&amp#27;[0;39m [&amp#27;[34mmain&amp#27;[0;39m] &amp#27;[33mo.s.b.f.s.DefaultSingletonBeanRegistry&amp#27;[0;39m: Creating shared instance of singleton bean 'crmApplication'
&amp#27;[30m2025-04-21 07:27:32,391&amp#27;[0;39m &amp#27;[39mDEBUG&amp#27;[0;39m [&amp#27;[34mmain&amp#27;[0;39m] &amp#27;[33mo.s.b.f.s.DefaultSingletonBeanRegistry&amp#27;[0;39m: Creating shared instance of singleton bean 'org.springframework.boot.test.autoconfigure.jdbc.TestDatabaseAutoConfiguration'
&amp#27;[30m2025-04-21 07:27:32,393&amp#27;[0;39m &amp#27;[39mDEBUG&amp#27;[0;39m [&amp#27;[34mmain&amp#27;[0;39m] &amp#27;[33mo.s.b.f.s.DefaultSingletonBeanRegistry&amp#27;[0;39m: Creating shared instance of singleton bean 'org.springframework.boot.autoconfigure.jdbc.DataSourceConfiguration$Hikari'
&amp#27;[30m2025-04-21 07:27:32,394&amp#27;[0;39m &amp#27;[39mDEBUG&amp#27;[0;39m [&amp#27;[34mmain&amp#27;[0;39m] &amp#27;[33mo.s.b.f.s.DefaultSingletonBeanRegistry&amp#27;[0;39m: Creating shared instance of singleton bean 'org.springframework.boot.autoconfigure.jdbc.DataSourceAutoConfiguration$PooledDataSourceConfiguration'
&amp#27;[30m2025-04-21 07:27:32,395&amp#27;[0;39m &amp#27;[39mDEBUG&amp#27;[0;39m [&amp#27;[34mmain&amp#27;[0;39m] &amp#27;[33mo.s.b.f.s.DefaultSingletonBeanRegistry&amp#27;[0;39m: Creating shared instance of singleton bean 'jdbcConnectionDetails'
&amp#27;[30m2025-04-21 07:27:32,396&amp#27;[0;39m &amp#27;[39mDEBUG&amp#27;[0;39m [&amp#27;[34mmain&amp#27;[0;39m] &amp#27;[33mo.s.b.f.s.DefaultSingletonBeanRegistry&amp#27;[0;39m: Creating shared instance of singleton bean 'spring.datasource-org.springframework.boot.autoconfigure.jdbc.DataSourceProperties'
&amp#27;[30m2025-04-21 07:27:32,402&amp#27;[0;39m &amp#27;[39mDEBUG&amp#27;[0;39m [&amp#27;[34mmain&amp#27;[0;39m] &amp#27;[33mo.s.b.f.s.ConstructorResolver&amp#27;[0;39m: Autowiring by type from bean name 'jdbcConnectionDetails' via factory method to bean named 'spring.datasource-org.springframework.boot.autoconfigure.jdbc.DataSourceProperties'
&amp#27;[30m2025-04-21 07:27:32,404&amp#27;[0;39m &amp#27;[39mDEBUG&amp#27;[0;39m [&amp#27;[34mmain&amp#27;[0;39m] &amp#27;[33mo.s.b.f.s.DefaultSingletonBeanRegistry&amp#27;[0;39m: Creating shared instance of singleton bean 'org.springframework.boot.autoconfigure.jdbc.metadata.DataSourcePoolMetadataProvidersConfiguration'
&amp#27;[30m2025-04-21 07:27:32,404&amp#27;[0;39m &amp#27;[39mDEBUG&amp#27;[0;39m [&amp#27;[34mmain&amp#27;[0;39m] &amp#27;[33mo.s.b.f.s.DefaultSingletonBeanRegistry&amp#27;[0;39m: Creating shared instance of singleton bean 'org.springframework.boot.autoconfigure.jdbc.DataSourceAutoConfiguration'
&amp#27;[30m2025-04-21 07:27:32,405&amp#27;[0;39m &amp#27;[39mDEBUG&amp#27;[0;39m [&amp#27;[34mmain&amp#27;[0;39m] &amp#27;[33mo.s.b.f.s.DefaultSingletonBeanRegistry&amp#27;[0;39m: Creating shared instance of singleton bean 'org.springframework.boot.context.properties.EnableConfigurationPropertiesRegistrar.methodValidationExcludeFilter'
&amp#27;[30m2025-04-21 07:27:32,408&amp#27;[0;39m &amp#27;[39mDEBUG&amp#27;[0;39m [&amp#27;[34mmain&amp#27;[0;39m] &amp#27;[33mo.s.b.f.s.DefaultSingletonBeanRegistry&amp#27;[0;39m: Creating shared instance of singleton bean 'org.springframework.boot.autoconfigure.orm.jpa.JpaBaseConfiguration$PersistenceManagedTypesConfiguration'
&amp#27;[30m2025-04-21 07:27:32,409&amp#27;[0;39m &amp#27;[39mDEBUG&amp#27;[0;39m [&amp#27;[34mmain&amp#27;[0;39m] &amp#27;[33mo.s.b.f.s.DefaultSingletonBeanRegistry&amp#27;[0;39m: Creating shared instance of singleton bean 'transactionManager'
&amp#27;[30m2025-04-21 07:27:32,411&amp#27;[0;39m &amp#27;[39mDEBUG&amp#27;[0;39m [&amp#27;[34mmain&amp#27;[0;39m] &amp#27;[33mo.s.b.f.s.DefaultSingletonBeanRegistry&amp#27;[0;39m: Creating shared instance of singleton bean 'org.springframework.boot.autoconfigure.orm.jpa.HibernateJpaAutoConfiguration'
&amp#27;[30m2025-04-21 07:27:32,412&amp#27;[0;39m &amp#27;[39mDEBUG&amp#27;[0;39m [&amp#27;[34mmain&amp#27;[0;39m] &amp#27;[33mo.s.b.f.s.DefaultSingletonBeanRegistry&amp#27;[0;39m: Creating shared instance of singleton bean 'org.springframework.boot.autoconfigure.data.jpa.JpaRepositoriesAutoConfiguration'
&amp#27;[30m2025-04-21 07:27:32,413&amp#27;[0;39m &amp#27;[39mDEBUG&amp#27;[0;39m [&amp#27;[34mmain&amp#27;[0;39m] &amp#27;[33mo.s.b.f.s.DefaultSingletonBeanRegistry&amp#27;[0;39m: Creating shared instance of singleton bean 'jpaSharedEM_entityManagerFactory'
&amp#27;[30m2025-04-21 07:27:32,420&amp#27;[0;39m &amp#27;[39mDEBUG&amp#27;[0;39m [&amp#27;[34mmain&amp#27;[0;39m] &amp#27;[33mo.s.b.f.s.DefaultSingletonBeanRegistry&amp#27;[0;39m: Creating shared instance of singleton bean 'org.springframework.data.jpa.util.JpaMetamodelCacheCleanup'
&amp#27;[30m2025-04-21 07:27:32,421&amp#27;[0;39m &amp#27;[39mDEBUG&amp#27;[0;39m [&amp#27;[34mmain&amp#27;[0;39m] &amp#27;[33mo.s.b.f.s.DefaultSingletonBeanRegistry&amp#27;[0;39m: Creating shared instance of singleton bean 'org.springframework.data.jpa.repository.support.JpaEvaluationContextExtension'
&amp#27;[30m2025-04-21 07:27:32,423&amp#27;[0;39m &amp#27;[39mDEBUG&amp#27;[0;39m [&amp#27;[34mmain&amp#27;[0;39m] &amp#27;[33mo.s.b.f.s.DefaultSingletonBeanRegistry&amp#27;[0;39m: Creating shared instance of singleton bean 'jpa.named-queries#0'
&amp#27;[30m2025-04-21 07:27:32,427&amp#27;[0;39m &amp#27;[39mDEBUG&amp#27;[0;39m [&amp#27;[34mmain&amp#27;[0;39m] &amp#27;[33mo.s.b.f.s.DefaultSingletonBeanRegistry&amp#27;[0;39m: Creating shared instance of singleton bean 'jpa.CourseRepository.fragments#0'
&amp#27;[30m2025-04-21 07:27:32,428&amp#27;[0;39m &amp#27;[39mDEBUG&amp#27;[0;39m [&amp#27;[34mmain&amp#27;[0;39m] &amp#27;[33mo.s.b.f.s.DefaultSingletonBeanRegistry&amp#27;[0;39m: Creating shared instance of singleton bean 'courseRepository'
&amp#27;[30m2025-04-21 07:27:32,438&amp#27;[0;39m &amp#27;[39mDEBUG&amp#27;[0;39m [&amp#27;[34mmain&amp#27;[0;39m] &amp#27;[33mo.s.b.f.s.DefaultSingletonBeanRegistry&amp#27;[0;39m: Creating shared instance of singleton bean 'jpaMappingContext'
&amp#27;[30m2025-04-21 07:27:32,439&amp#27;[0;39m &amp#27;[39mDEBUG&amp#27;[0;39m [&amp#27;[34mmain&amp#27;[0;39m] &amp#27;[33mo.s.d.j.r.c.JpaMetamodelMappingContextFactoryBean&amp#27;[0;39m: Initializing JpaMetamodelMappingContext…
&amp#27;[30m2025-04-21 07:27:32,440&amp#27;[0;39m &amp#27;[39mDEBUG&amp#27;[0;39m [&amp#27;[34mmain&amp#27;[0;39m] &amp#27;[33mo.s.d.j.r.c.JpaMetamodelMappingContextFactoryBean&amp#27;[0;39m: Finished initializing JpaMetamodelMappingContext
&amp#27;[30m2025-04-21 07:27:32,444&amp#27;[0;39m &amp#27;[39mDEBUG&amp#27;[0;39m [&amp#27;[34mmain&amp#27;[0;39m] &amp#27;[33mo.s.o.j.SharedEntityManagerCreator$SharedEntityManagerInvocationHandler&amp#27;[0;39m: Creating new EntityManager for shared EntityManager invocation
&amp#27;[30m2025-04-21 07:27:32,445&amp#27;[0;39m &amp#27;[39mDEBUG&amp#27;[0;39m [&amp#27;[34mmain&amp#27;[0;39m] &amp#27;[33mo.h.s.i.StatisticsInitiator&amp#27;[0;39m: Statistics initialized [enabled=false]
&amp#27;[30m2025-04-21 07:27:32,470&amp#27;[0;39m &amp#27;[39mDEBUG&amp#27;[0;39m [&amp#27;[34mmain&amp#27;[0;39m] &amp#27;[33mo.s.d.r.c.s.RepositoryFactorySupport&amp#27;[0;39m: Initializing repository instance for in.rgukt.r081247.universityapi.repository.CourseRepository…
&amp#27;[30m2025-04-21 07:27:32,473&amp#27;[0;39m &amp#27;[39mDEBUG&amp#27;[0;39m [&amp#27;[34mmain&amp#27;[0;39m] &amp#27;[33mo.s.o.j.SharedEntityManagerCreator$SharedEntityManagerInvocationHandler&amp#27;[0;39m: Creating new EntityManager for shared EntityManager invocation
&amp#27;[30m2025-04-21 07:27:32,480&amp#27;[0;39m &amp#27;[39mDEBUG&amp#27;[0;39m [&amp#27;[34mmain&amp#27;[0;39m] &amp#27;[33mo.s.d.j.r.q.NamedQuery&amp#27;[0;39m: Looking up named query 'Course.findOneByDepartmentAndId'
&amp#27;[30m2025-04-21 07:27:32,481&amp#27;[0;39m &amp#27;[39mDEBUG&amp#27;[0;39m [&amp#27;[34mmain&amp#27;[0;39m] &amp#27;[33mo.h.r.t.b.j.i.JdbcResourceLocalTransactionCoordinatorImpl$TransactionDriverControlImpl&amp#27;[0;39m: JDBC transaction marked for rollback-only (exception provided for stack trace)
java.lang.Exception: exception just for purpose of providing stack trace
	at org.hibernate.resource.transaction.backend.jdbc.internal.JdbcResourceLocalTransactionCoordinatorImpl$TransactionDriverControlImpl.markRollbackOnly(JdbcResourceLocalTransactionCoordinatorImpl.java:309)
	at org.hibernate.internal.AbstractSharedSessionContract.buildNamedQuery(AbstractSharedSessionContract.java:1141)
	at org.hibernate.internal.AbstractSharedSessionContract.createNamedQuery(AbstractSharedSessionContract.java:1019)
	at org.hibernate.internal.AbstractSharedSessionContract.createNamedQuery(AbstractSharedSessionContract.java:143)
	at java.base/jdk.internal.reflect.DirectMethodHandleAccessor.invoke(DirectMethodHandleAccessor.java:103)
	at java.base/java.lang.reflect.Method.invoke(Method.java:580)
	at org.springframework.orm.jpa.ExtendedEntityManagerCreator$ExtendedEntityManagerInvocationHandler.invoke(ExtendedEntityManagerCreator.java:364)
	at jdk.proxy2/jdk.proxy2.$Proxy160.createNamedQuery(Unknown Source)
	at org.springframework.data.jpa.repository.query.NamedQuery.hasNamedQuery(NamedQuery.java:114)
	at org.springframework.data.jpa.repository.query.NamedQuery.lookupFrom(NamedQuery.java:140)
	at org.springframework.data.jpa.repository.query.JpaQueryLookupStrategy$DeclaredQueryLookupStrategy.resolveQuery(JpaQueryLookupStrategy.java:184)
	at org.springframework.data.jpa.repository.query.JpaQueryLookupStrategy$CreateIfNotFoundQueryLookupStrategy.resolveQuery(JpaQueryLookupStrategy.java:256)
	at org.springframework.data.jpa.repository.query.JpaQueryLookupStrategy$AbstractQueryLookupStrategy.resolveQuery(JpaQueryLookupStrategy.java:99)
	at org.springframework.data.repository.core.support.QueryExecutorMethodInterceptor.lookupQuery(QueryExecutorMethodInterceptor.java:116)
	at org.springframework.data.repository.core.support.QueryExecutorMethodInterceptor.mapMethodsToQuery(QueryExecutorMethodInterceptor.java:104)
	at org.springframework.data.repository.core.support.QueryExecutorMethodInterceptor.lambda$new$0(QueryExecutorMethodInterceptor.java:92)
	at java.base/java.util.Optional.map(Optional.java:260)
	at org.springframework.data.repository.core.support.QueryExecutorMethodInterceptor.<init>(QueryExecutorMethodInterceptor.java:92)
	at org.springframework.data.repository.core.support.RepositoryFactorySupport.getRepository(RepositoryFactorySupport.java:431)
	at org.springframework.data.repository.core.support.RepositoryFactoryBeanSupport.lambda$afterPropertiesSet$4(RepositoryFactoryBeanSupport.java:350)
	at org.springframework.data.util.Lazy.getNullable(Lazy.java:135)
	at org.springframework.data.util.Lazy.get(Lazy.java:113)
	at org.springframework.data.repository.core.support.RepositoryFactoryBeanSupport.afterPropertiesSet(RepositoryFactoryBeanSupport.java:356)
	at org.springframework.data.jpa.repository.support.JpaRepositoryFactoryBean.afterPropertiesSet(JpaRepositoryFactoryBean.java:132)
	at org.springframework.beans.factory.support.AbstractAutowireCapableBeanFactory.invokeInitMethods(AbstractAutowireCapableBeanFactory.java:1859)
	at org.springframework.beans.factory.support.AbstractAutowireCapableBeanFactory.initializeBean(AbstractAutowireCapableBeanFactory.java:1808)
	at org.springframework.beans.factory.support.AbstractAutowireCapableBeanFactory.doCreateBean(AbstractAutowireCapableBeanFactory.java:601)
	at org.springframework.beans.factory.support.AbstractAutowireCapableBeanFactory.createBean(AbstractAutowireCapableBeanFactory.java:523)
	at org.springframework.beans.factory.support.AbstractBeanFactory.lambda$doGetBean$0(AbstractBeanFactory.java:339)
	at org.springframework.beans.factory.support.DefaultSingletonBeanRegistry.getSingleton(DefaultSingletonBeanRegistry.java:347)
	at org.springframework.beans.factory.support.AbstractBeanFactory.doGetBean(AbstractBeanFactory.java:337)
	at org.springframework.beans.factory.support.AbstractBeanFactory.getBean(AbstractBeanFactory.java:202)
	at org.springframework.beans.factory.support.DefaultListableBeanFactory.instantiateSingleton(DefaultListableBeanFactory.java:1149)
	at org.springframework.beans.factory.support.DefaultListableBeanFactory.preInstantiateSingleton(DefaultListableBeanFactory.java:1121)
	at org.springframework.beans.factory.support.DefaultListableBeanFactory.preInstantiateSingletons(DefaultListableBeanFactory.java:1056)
	at org.springframework.context.support.AbstractApplicationContext.finishBeanFactoryInitialization(AbstractApplicationContext.java:987)
	at org.springframework.context.support.AbstractApplicationContext.refresh(AbstractApplicationContext.java:627)
	at org.springframework.boot.SpringApplication.refresh(SpringApplication.java:752)
	at org.springframework.boot.SpringApplication.refreshContext(SpringApplication.java:439)
	at org.springframework.boot.SpringApplication.run(SpringApplication.java:318)
	at org.springframework.boot.test.context.SpringBootContextLoader.lambda$loadContext$3(SpringBootContextLoader.java:144)
	at org.springframework.util.function.ThrowingSupplier.get(ThrowingSupplier.java:58)
	at org.springframework.util.function.ThrowingSupplier.get(ThrowingSupplier.java:46)
	at org.springframework.boot.SpringApplication.withHook(SpringApplication.java:1461)
	at org.springframework.boot.test.context.SpringBootContextLoader$ContextLoaderHook.run(SpringBootContextLoader.java:563)
	at org.springframework.boot.test.context.SpringBootContextLoader.loadContext(SpringBootContextLoader.java:144)
	at org.springframework.boot.test.context.SpringBootContextLoader.loadContext(SpringBootContextLoader.java:110)
	at org.springframework.test.context.cache.DefaultCacheAwareContextLoaderDelegate.loadContextInternal(DefaultCacheAwareContextLoaderDelegate.java:225)
	at org.springframework.test.context.cache.DefaultCacheAwareContextLoaderDelegate.loadContext(DefaultCacheAwareContextLoaderDelegate.java:152)
	at org.springframework.test.context.support.DefaultTestContext.getApplicationContext(DefaultTestContext.java:130)
	at org.springframework.test.context.support.DependencyInjectionTestExecutionListener.injectDependencies(DependencyInjectionTestExecutionListener.java:155)
	at org.springframework.test.context.support.DependencyInjectionTestExecutionListener.prepareTestInstance(DependencyInjectionTestExecutionListener.java:111)
	at org.springframework.test.context.TestContextManager.prepareTestInstance(TestContextManager.java:260)
	at org.springframework.test.context.junit.jupiter.SpringExtension.postProcessTestInstance(SpringExtension.java:160)
	at org.junit.jupiter.engine.descriptor.ClassBasedTestDescriptor.lambda$invokeTestInstancePostProcessors$11(ClassBasedTestDescriptor.java:378)
	at org.junit.jupiter.engine.descriptor.ClassBasedTestDescriptor.executeAndMaskThrowable(ClassBasedTestDescriptor.java:383)
	at org.junit.jupiter.engine.descriptor.ClassBasedTestDescriptor.lambda$invokeTestInstancePostProcessors$12(ClassBasedTestDescriptor.java:378)
	at java.base/java.util.stream.ForEachOps$ForEachOp$OfRef.accept(ForEachOps.java:184)
	at java.base/java.util.stream.ReferencePipeline$3$1.accept(ReferencePipeline.java:215)
	at java.base/java.util.stream.ReferencePipeline$2$1.accept(ReferencePipeline.java:197)
	at java.base/java.util.stream.ReferencePipeline$3$1.accept(ReferencePipeline.java:215)
	at java.base/java.util.ArrayList$ArrayListSpliterator.forEachRemaining(ArrayList.java:1709)
	at java.base/java.util.stream.AbstractPipeline.copyInto(AbstractPipeline.java:570)
	at java.base/java.util.stream.AbstractPipeline.wrapAndCopyInto(AbstractPipeline.java:560)
	at java.base/java.util.stream.ForEachOps$ForEachOp.evaluateSequential(ForEachOps.java:151)
	at java.base/java.util.stream.ForEachOps$ForEachOp$OfRef.evaluateSequential(ForEachOps.java:174)
	at java.base/java.util.stream.AbstractPipeline.evaluate(AbstractPipeline.java:265)
	at java.base/java.util.stream.ReferencePipeline.forEach(ReferencePipeline.java:636)
	at org.junit.jupiter.engine.descriptor.ClassBasedTestDescriptor.invokeTestInstancePostProcessors(ClassBasedTestDescriptor.java:377)
	at org.junit.jupiter.engine.descriptor.ClassBasedTestDescriptor.lambda$instantiateAndPostProcessTestInstance$7(ClassBasedTestDescriptor.java:290)
	at org.junit.platform.engine.support.hierarchical.ThrowableCollector.execute(ThrowableCollector.java:73)
	at org.junit.jupiter.engine.descriptor.ClassBasedTestDescriptor.instantiateAndPostProcessTestInstance(ClassBasedTestDescriptor.java:289)
	at org.junit.jupiter.engine.descriptor.ClassBasedTestDescriptor.lambda$testInstancesProvider$5(ClassBasedTestDescriptor.java:279)
	at java.base/java.util.Optional.orElseGet(Optional.java:364)
	at org.junit.jupiter.engine.descriptor.ClassBasedTestDescriptor.lambda$testInstancesProvider$6(ClassBasedTestDescriptor.java:278)
	at org.junit.jupiter.engine.execution.TestInstancesProvider.getTestInstances(TestInstancesProvider.java:31)
	at org.junit.jupiter.engine.descriptor.TestMethodTestDescriptor.lambda$prepare$1(TestMethodTestDescriptor.java:105)
	at org.junit.platform.engine.support.hierarchical.ThrowableCollector.execute(ThrowableCollector.java:73)
	at org.junit.jupiter.engine.descriptor.TestMethodTestDescriptor.prepare(TestMethodTestDescriptor.java:104)
	at org.junit.jupiter.engine.descriptor.TestMethodTestDescriptor.prepare(TestMethodTestDescriptor.java:68)
	at org.junit.platform.engine.support.hierarchical.NodeTestTask.lambda$prepare$2(NodeTestTask.java:128)
	at org.junit.platform.engine.support.hierarchical.ThrowableCollector.execute(ThrowableCollector.java:73)
	at org.junit.platform.engine.support.hierarchical.NodeTestTask.prepare(NodeTestTask.java:128)
	at org.junit.platform.engine.support.hierarchical.NodeTestTask.execute(NodeTestTask.java:95)
	at java.base/java.util.ArrayList.forEach(ArrayList.java:1597)
	at org.junit.platform.engine.support.hierarchical.SameThreadHierarchicalTestExecutorService.invokeAll(SameThreadHierarchicalTestExecutorService.java:41)
	at org.junit.platform.engine.support.hierarchical.NodeTestTask.lambda$executeRecursively$6(NodeTestTask.java:160)
	at org.junit.platform.engine.support.hierarchical.ThrowableCollector.execute(ThrowableCollector.java:73)
	at org.junit.platform.engine.support.hierarchical.NodeTestTask.lambda$executeRecursively$8(NodeTestTask.java:146)
	at org.junit.platform.engine.support.hierarchical.Node.around(Node.java:137)
	at org.junit.platform.engine.support.hierarchical.NodeTestTask.lambda$executeRecursively$9(NodeTestTask.java:144)
	at org.junit.platform.engine.support.hierarchical.ThrowableCollector.execute(ThrowableCollector.java:73)
	at org.junit.platform.engine.support.hierarchical.NodeTestTask.executeRecursively(NodeTestTask.java:143)
	at org.junit.platform.engine.support.hierarchical.NodeTestTask.execute(NodeTestTask.java:100)
	at java.base/java.util.ArrayList.forEach(ArrayList.java:1597)
	at org.junit.platform.engine.support.hierarchical.SameThreadHierarchicalTestExecutorService.invokeAll(SameThreadHierarchicalTestExecutorService.java:41)
	at org.junit.platform.engine.support.hierarchical.NodeTestTask.lambda$executeRecursively$6(NodeTestTask.java:160)
	at org.junit.platform.engine.support.hierarchical.ThrowableCollector.execute(ThrowableCollector.java:73)
	at org.junit.platform.engine.support.hierarchical.NodeTestTask.lambda$executeRecursively$8(NodeTestTask.java:146)
	at org.junit.platform.engine.support.hierarchical.Node.around(Node.java:137)
	at org.junit.platform.engine.support.hierarchical.NodeTestTask.lambda$executeRecursively$9(NodeTestTask.java:144)
	at org.junit.platform.engine.support.hierarchical.ThrowableCollector.execute(ThrowableCollector.java:73)
	at org.junit.platform.engine.support.hierarchical.NodeTestTask.executeRecursively(NodeTestTask.java:143)
	at org.junit.platform.engine.support.hierarchical.NodeTestTask.execute(NodeTestTask.java:100)
	at org.junit.platform.engine.support.hierarchical.SameThreadHierarchicalTestExecutorService.submit(SameThreadHierarchicalTestExecutorService.java:35)
	at org.junit.platform.engine.support.hierarchical.HierarchicalTestExecutor.execute(HierarchicalTestExecutor.java:57)
	at org.junit.platform.engine.support.hierarchical.HierarchicalTestEngine.execute(HierarchicalTestEngine.java:54)
	at org.junit.platform.launcher.core.EngineExecutionOrchestrator.execute(EngineExecutionOrchestrator.java:198)
	at org.junit.platform.launcher.core.EngineExecutionOrchestrator.execute(EngineExecutionOrchestrator.java:169)
	at org.junit.platform.launcher.core.EngineExecutionOrchestrator.execute(EngineExecutionOrchestrator.java:93)
	at org.junit.platform.launcher.core.EngineExecutionOrchestrator.lambda$execute$0(EngineExecutionOrchestrator.java:58)
	at org.junit.platform.launcher.core.EngineExecutionOrchestrator.withInterceptedStreams(EngineExecutionOrchestrator.java:141)
	at org.junit.platform.launcher.core.EngineExecutionOrchestrator.execute(EngineExecutionOrchestrator.java:57)
	at org.junit.platform.launcher.core.DefaultLauncher.execute(DefaultLauncher.java:103)
	at org.junit.platform.launcher.core.DefaultLauncher.execute(DefaultLauncher.java:85)
	at org.junit.platform.launcher.core.DelegatingLauncher.execute(DelegatingLauncher.java:47)
	at org.apache.maven.surefire.junitplatform.LazyLauncher.execute(LazyLauncher.java:56)
	at org.apache.maven.surefire.junitplatform.JUnitPlatformProvider.execute(JUnitPlatformProvider.java:184)
	at org.apache.maven.surefire.junitplatform.JUnitPlatformProvider.invokeAllTests(JUnitPlatformProvider.java:148)
	at org.apache.maven.surefire.junitplatform.JUnitPlatformProvider.invoke(JUnitPlatformProvider.java:122)
	at org.apache.maven.surefire.booter.ForkedBooter.runSuitesInProcess(ForkedBooter.java:385)
	at org.apache.maven.surefire.booter.ForkedBooter.execute(ForkedBooter.java:162)
	at org.apache.maven.surefire.booter.ForkedBooter.run(ForkedBooter.java:507)
	at org.apache.maven.surefire.booter.ForkedBooter.main(ForkedBooter.java:495)
&amp#27;[30m2025-04-21 07:27:32,484&amp#27;[0;39m &amp#27;[39mDEBUG&amp#27;[0;39m [&amp#27;[34mmain&amp#27;[0;39m] &amp#27;[33mo.s.d.j.r.q.NamedQuery&amp#27;[0;39m: Did not find named query Course.findOneByDepartmentAndId
&amp#27;[30m2025-04-21 07:27:32,485&amp#27;[0;39m &amp#27;[39mDEBUG&amp#27;[0;39m [&amp#27;[34mmain&amp#27;[0;39m] &amp#27;[33mo.s.o.j.SharedEntityManagerCreator$SharedEntityManagerInvocationHandler&amp#27;[0;39m: Creating new EntityManager for shared EntityManager invocation
&amp#27;[30m2025-04-21 07:27:32,489&amp#27;[0;39m &amp#27;[39mDEBUG&amp#27;[0;39m [&amp#27;[34mmain&amp#27;[0;39m] &amp#27;[33mo.s.d.r.c.s.RepositoryFactorySupport&amp#27;[0;39m: Finished creation of repository instance for in.rgukt.r081247.universityapi.repository.CourseRepository.
&amp#27;[30m2025-04-21 07:27:32,492&amp#27;[0;39m &amp#27;[39mDEBUG&amp#27;[0;39m [&amp#27;[34mmain&amp#27;[0;39m] &amp#27;[33mo.s.b.f.s.DefaultSingletonBeanRegistry&amp#27;[0;39m: Creating shared instance of singleton bean 'jpa.named-queries#1'
&amp#27;[30m2025-04-21 07:27:32,494&amp#27;[0;39m &amp#27;[39mDEBUG&amp#27;[0;39m [&amp#27;[34mmain&amp#27;[0;39m] &amp#27;[33mo.s.b.f.s.DefaultSingletonBeanRegistry&amp#27;[0;39m: Creating shared instance of singleton bean 'jpa.DepartmentRepository.fragments#0'
&amp#27;[30m2025-04-21 07:27:32,496&amp#27;[0;39m &amp#27;[39mDEBUG&amp#27;[0;39m [&amp#27;[34mmain&amp#27;[0;39m] &amp#27;[33mo.s.b.f.s.DefaultSingletonBeanRegistry&amp#27;[0;39m: Creating shared instance of singleton bean 'departmentRepository'
&amp#27;[30m2025-04-21 07:27:32,500&amp#27;[0;39m &amp#27;[39mDEBUG&amp#27;[0;39m [&amp#27;[34mmain&amp#27;[0;39m] &amp#27;[33mo.s.o.j.SharedEntityManagerCreator$SharedEntityManagerInvocationHandler&amp#27;[0;39m: Creating new EntityManager for shared EntityManager invocation
&amp#27;[30m2025-04-21 07:27:32,502&amp#27;[0;39m &amp#27;[39mDEBUG&amp#27;[0;39m [&amp#27;[34mmain&amp#27;[0;39m] &amp#27;[33mo.s.d.r.c.s.RepositoryFactorySupport&amp#27;[0;39m: Initializing repository instance for in.rgukt.r081247.universityapi.repository.DepartmentRepository…
&amp#27;[30m2025-04-21 07:27:32,504&amp#27;[0;39m &amp#27;[39mDEBUG&amp#27;[0;39m [&amp#27;[34mmain&amp#27;[0;39m] &amp#27;[33mo.s.o.j.SharedEntityManagerCreator$SharedEntityManagerInvocationHandler&amp#27;[0;39m: Creating new EntityManager for shared EntityManager invocation
&amp#27;[30m2025-04-21 07:27:32,509&amp#27;[0;39m &amp#27;[39mDEBUG&amp#27;[0;39m [&amp#27;[34mmain&amp#27;[0;39m] &amp#27;[33mo.s.d.r.c.s.RepositoryFactorySupport&amp#27;[0;39m: Finished creation of repository instance for in.rgukt.r081247.universityapi.repository.DepartmentRepository.
&amp#27;[30m2025-04-21 07:27:32,511&amp#27;[0;39m &amp#27;[39mDEBUG&amp#27;[0;39m [&amp#27;[34mmain&amp#27;[0;39m] &amp#27;[33mo.s.b.f.s.DefaultSingletonBeanRegistry&amp#27;[0;39m: Creating shared instance of singleton bean 'jpa.named-queries#2'
&amp#27;[30m2025-04-21 07:27:32,514&amp#27;[0;39m &amp#27;[39mDEBUG&amp#27;[0;39m [&amp#27;[34mmain&amp#27;[0;39m] &amp#27;[33mo.s.b.f.s.DefaultSingletonBeanRegistry&amp#27;[0;39m: Creating shared instance of singleton bean 'jpa.StudentRepository.fragments#0'
&amp#27;[30m2025-04-21 07:27:32,515&amp#27;[0;39m &amp#27;[39mDEBUG&amp#27;[0;39m [&amp#27;[34mmain&amp#27;[0;39m] &amp#27;[33mo.s.b.f.s.DefaultSingletonBeanRegistry&amp#27;[0;39m: Creating shared instance of singleton bean 'studentRepository'
&amp#27;[30m2025-04-21 07:27:32,519&amp#27;[0;39m &amp#27;[39mDEBUG&amp#27;[0;39m [&amp#27;[34mmain&amp#27;[0;39m] &amp#27;[33mo.s.o.j.SharedEntityManagerCreator$SharedEntityManagerInvocationHandler&amp#27;[0;39m: Creating new EntityManager for shared EntityManager invocation
&amp#27;[30m2025-04-21 07:27:32,521&amp#27;[0;39m &amp#27;[39mDEBUG&amp#27;[0;39m [&amp#27;[34mmain&amp#27;[0;39m] &amp#27;[33mo.s.d.r.c.s.RepositoryFactorySupport&amp#27;[0;39m: Initializing repository instance for in.rgukt.r081247.universityapi.repository.StudentRepository…
&amp#27;[30m2025-04-21 07:27:32,523&amp#27;[0;39m &amp#27;[39mDEBUG&amp#27;[0;39m [&amp#27;[34mmain&amp#27;[0;39m] &amp#27;[33mo.s.o.j.SharedEntityManagerCreator$SharedEntityManagerInvocationHandler&amp#27;[0;39m: Creating new EntityManager for shared EntityManager invocation
&amp#27;[30m2025-04-21 07:27:32,528&amp#27;[0;39m &amp#27;[39mDEBUG&amp#27;[0;39m [&amp#27;[34mmain&amp#27;[0;39m] &amp#27;[33mo.s.d.r.c.s.RepositoryFactorySupport&amp#27;[0;39m: Finished creation of repository instance for in.rgukt.r081247.universityapi.repository.StudentRepository.
&amp#27;[30m2025-04-21 07:27:32,529&amp#27;[0;39m &amp#27;[39mDEBUG&amp#27;[0;39m [&amp#27;[34mmain&amp#27;[0;39m] &amp#27;[33mo.s.b.f.s.DefaultSingletonBeanRegistry&amp#27;[0;39m: Creating shared instance of singleton bean 'data-jpa.repository-aot-processor#0'
&amp#27;[30m2025-04-21 07:27:32,533&amp#27;[0;39m &amp#27;[39mDEBUG&amp#27;[0;39m [&amp#27;[34mmain&amp#27;[0;39m] &amp#27;[33mo.s.b.f.s.DefaultSingletonBeanRegistry&amp#27;[0;39m: Creating shared instance of singleton bean 'org.springframework.boot.autoconfigure.jdbc.JdbcTemplateConfiguration'
&amp#27;[30m2025-04-21 07:27:32,535&amp#27;[0;39m &amp#27;[39mDEBUG&amp#27;[0;39m [&amp#27;[34mmain&amp#27;[0;39m] &amp#27;[33mo.s.b.f.s.DefaultSingletonBeanRegistry&amp#27;[0;39m: Creating shared instance of singleton bean 'jdbcTemplate'
&amp#27;[30m2025-04-21 07:27:32,536&amp#27;[0;39m &amp#27;[39mDEBUG&amp#27;[0;39m [&amp#27;[34mmain&amp#27;[0;39m] &amp#27;[33mo.s.b.f.s.DefaultSingletonBeanRegistry&amp#27;[0;39m: Creating shared instance of singleton bean 'spring.jdbc-org.springframework.boot.autoconfigure.jdbc.JdbcProperties'
&amp#27;[30m2025-04-21 07:27:32,539&amp#27;[0;39m &amp#27;[39mDEBUG&amp#27;[0;39m [&amp#27;[34mmain&amp#27;[0;39m] &amp#27;[33mo.s.b.f.s.ConstructorResolver&amp#27;[0;39m: Autowiring by type from bean name 'jdbcTemplate' via factory method to bean named 'dataSource'
&amp#27;[30m2025-04-21 07:27:32,539&amp#27;[0;39m &amp#27;[39mDEBUG&amp#27;[0;39m [&amp#27;[34mmain&amp#27;[0;39m] &amp#27;[33mo.s.b.f.s.ConstructorResolver&amp#27;[0;39m: Autowiring by type from bean name 'jdbcTemplate' via factory method to bean named 'spring.jdbc-org.springframework.boot.autoconfigure.jdbc.JdbcProperties'
&amp#27;[30m2025-04-21 07:27:32,542&amp#27;[0;39m &amp#27;[39mDEBUG&amp#27;[0;39m [&amp#27;[34mmain&amp#27;[0;39m] &amp#27;[33mo.s.b.f.s.DefaultSingletonBeanRegistry&amp#27;[0;39m: Creating shared instance of singleton bean 'org.springframework.boot.autoconfigure.jdbc.NamedParameterJdbcTemplateConfiguration'
&amp#27;[30m2025-04-21 07:27:32,543&amp#27;[0;39m &amp#27;[39mDEBUG&amp#27;[0;39m [&amp#27;[34mmain&amp#27;[0;39m] &amp#27;[33mo.s.b.f.s.DefaultSingletonBeanRegistry&amp#27;[0;39m: Creating shared instance of singleton bean 'namedParameterJdbcTemplate'
&amp#27;[30m2025-04-21 07:27:32,544&amp#27;[0;39m &amp#27;[39mDEBUG&amp#27;[0;39m [&amp#27;[34mmain&amp#27;[0;39m] &amp#27;[33mo.s.b.f.s.ConstructorResolver&amp#27;[0;39m: Autowiring by type from bean name 'namedParameterJdbcTemplate' via factory method to bean named 'jdbcTemplate'
&amp#27;[30m2025-04-21 07:27:32,546&amp#27;[0;39m &amp#27;[39mDEBUG&amp#27;[0;39m [&amp#27;[34mmain&amp#27;[0;39m] &amp#27;[33mo.s.b.f.s.DefaultSingletonBeanRegistry&amp#27;[0;39m: Creating shared instance of singleton bean 'org.springframework.boot.autoconfigure.jdbc.JdbcTemplateAutoConfiguration'
&amp#27;[30m2025-04-21 07:27:32,548&amp#27;[0;39m &amp#27;[39mDEBUG&amp#27;[0;39m [&amp#27;[34mmain&amp#27;[0;39m] &amp#27;[33mo.s.b.f.s.DefaultSingletonBeanRegistry&amp#27;[0;39m: Creating shared instance of singleton bean 'org.springframework.boot.autoconfigure.jdbc.JdbcClientAutoConfiguration'
&amp#27;[30m2025-04-21 07:27:32,550&amp#27;[0;39m &amp#27;[39mDEBUG&amp#27;[0;39m [&amp#27;[34mmain&amp#27;[0;39m] &amp#27;[33mo.s.b.f.s.DefaultSingletonBeanRegistry&amp#27;[0;39m: Creating shared instance of singleton bean 'jdbcClient'
&amp#27;[30m2025-04-21 07:27:32,551&amp#27;[0;39m &amp#27;[39mDEBUG&amp#27;[0;39m [&amp#27;[34mmain&amp#27;[0;39m] &amp#27;[33mo.s.b.f.s.ConstructorResolver&amp#27;[0;39m: Autowiring by type from bean name 'jdbcClient' via factory method to bean named 'namedParameterJdbcTemplate'
&amp#27;[30m2025-04-21 07:27:32,553&amp#27;[0;39m &amp#27;[39mDEBUG&amp#27;[0;39m [&amp#27;[34mmain&amp#27;[0;39m] &amp#27;[33mo.s.b.f.s.DefaultSingletonBeanRegistry&amp#27;[0;39m: Creating shared instance of singleton bean 'org.springframework.boot.autoconfigure.sql.init.SqlInitializationAutoConfiguration'
&amp#27;[30m2025-04-21 07:27:32,555&amp#27;[0;39m &amp#27;[39mDEBUG&amp#27;[0;39m [&amp#27;[34mmain&amp#27;[0;39m] &amp#27;[33mo.s.b.f.s.DefaultSingletonBeanRegistry&amp#27;[0;39m: Creating shared instance of singleton bean 'org.springframework.boot.autoconfigure.jdbc.DataSourceTransactionManagerAutoConfiguration$JdbcTransactionManagerConfiguration'
&amp#27;[30m2025-04-21 07:27:32,556&amp#27;[0;39m &amp#27;[39mDEBUG&amp#27;[0;39m [&amp#27;[34mmain&amp#27;[0;39m] &amp#27;[33mo.s.b.f.s.DefaultSingletonBeanRegistry&amp#27;[0;39m: Creating shared instance of singleton bean 'org.springframework.boot.autoconfigure.jdbc.DataSourceTransactionManagerAutoConfiguration'
&amp#27;[30m2025-04-21 07:27:32,558&amp#27;[0;39m &amp#27;[39mDEBUG&amp#27;[0;39m [&amp#27;[34mmain&amp#27;[0;39m] &amp#27;[33mo.s.b.f.s.DefaultSingletonBeanRegistry&amp#27;[0;39m: Creating shared instance of singleton bean 'org.springframework.boot.autoconfigure.transaction.TransactionAutoConfiguration$EnableTransactionManagementConfiguration$CglibAutoProxyConfiguration'
&amp#27;[30m2025-04-21 07:27:32,560&amp#27;[0;39m &amp#27;[39mDEBUG&amp#27;[0;39m [&amp#27;[34mmain&amp#27;[0;39m] &amp#27;[33mo.s.b.f.s.DefaultSingletonBeanRegistry&amp#27;[0;39m: Creating shared instance of singleton bean 'org.springframework.boot.autoconfigure.transaction.TransactionAutoConfiguration$EnableTransactionManagementConfiguration'
&amp#27;[30m2025-04-21 07:27:32,561&amp#27;[0;39m &amp#27;[39mDEBUG&amp#27;[0;39m [&amp#27;[34mmain&amp#27;[0;39m] &amp#27;[33mo.s.b.f.s.DefaultSingletonBeanRegistry&amp#27;[0;39m: Creating shared instance of singleton bean 'org.springframework.boot.autoconfigure.transaction.TransactionAutoConfiguration$TransactionTemplateConfiguration'
&amp#27;[30m2025-04-21 07:27:32,563&amp#27;[0;39m &amp#27;[39mDEBUG&amp#27;[0;39m [&amp#27;[34mmain&amp#27;[0;39m] &amp#27;[33mo.s.b.f.s.DefaultSingletonBeanRegistry&amp#27;[0;39m: Creating shared instance of singleton bean 'transactionTemplate'
&amp#27;[30m2025-04-21 07:27:32,564&amp#27;[0;39m &amp#27;[39mDEBUG&amp#27;[0;39m [&amp#27;[34mmain&amp#27;[0;39m] &amp#27;[33mo.s.b.f.s.ConstructorResolver&amp#27;[0;39m: Autowiring by type from bean name 'transactionTemplate' via factory method to bean named 'transactionManager'
&amp#27;[30m2025-04-21 07:27:32,566&amp#27;[0;39m &amp#27;[39mDEBUG&amp#27;[0;39m [&amp#27;[34mmain&amp#27;[0;39m] &amp#27;[33mo.s.b.f.s.DefaultSingletonBeanRegistry&amp#27;[0;39m: Creating shared instance of singleton bean 'org.springframework.boot.autoconfigure.transaction.TransactionAutoConfiguration'
&amp#27;[30m2025-04-21 07:27:32,568&amp#27;[0;39m &amp#27;[39mDEBUG&amp#27;[0;39m [&amp#27;[34mmain&amp#27;[0;39m] &amp#27;[33mo.s.b.f.s.DefaultSingletonBeanRegistry&amp#27;[0;39m: Creating shared instance of singleton bean 'org.springframework.boot.test.autoconfigure.orm.jpa.TestEntityManagerAutoConfiguration'
&amp#27;[30m2025-04-21 07:27:32,569&amp#27;[0;39m &amp#27;[39mDEBUG&amp#27;[0;39m [&amp#27;[34mmain&amp#27;[0;39m] &amp#27;[33mo.s.b.f.s.DefaultSingletonBeanRegistry&amp#27;[0;39m: Creating shared instance of singleton bean 'testEntityManager'
&amp#27;[30m2025-04-21 07:27:32,570&amp#27;[0;39m &amp#27;[39mDEBUG&amp#27;[0;39m [&amp#27;[34mmain&amp#27;[0;39m] &amp#27;[33mo.s.b.f.s.ConstructorResolver&amp#27;[0;39m: Autowiring by type from bean name 'testEntityManager' via factory method to bean named 'entityManagerFactory'
&amp#27;[30m2025-04-21 07:27:32,579&amp#27;[0;39m &amp#27;[39mDEBUG&amp#27;[0;39m [&amp#27;[34mmain&amp#27;[0;39m] &amp#27;[33mo.s.c.s.DefaultLifecycleProcessor$LifecycleGroup&amp#27;[0;39m: Starting beans in phase -2147483647
&amp#27;[30m2025-04-21 07:27:32,579&amp#27;[0;39m &amp#27;[39mDEBUG&amp#27;[0;39m [&amp#27;[34mmain&amp#27;[0;39m] &amp#27;[33mo.s.c.s.DefaultLifecycleProcessor&amp#27;[0;39m: Successfully started bean 'springBootLoggingLifecycle'
&amp#27;[30m2025-04-21 07:27:32,583&amp#27;[0;39m &amp#27;[39mDEBUG&amp#27;[0;39m [&amp#27;[34mmain&amp#27;[0;39m] &amp#27;[33mo.s.b.a.l.ConditionEvaluationReportLogger&amp#27;[0;39m: 


============================
CONDITIONS EVALUATION REPORT
============================


Positive matches:
-----------------

   DataSourceAutoConfiguration matched:
      - @ConditionalOnClass found required classes 'javax.sql.DataSource', 'org.springframework.jdbc.datasource.embedded.EmbeddedDatabaseType' (OnClassCondition)
      - @ConditionalOnMissingBean (types: io.r2dbc.spi.ConnectionFactory; SearchStrategy: all) did not find any beans (OnBeanCondition)

   DataSourceAutoConfiguration.PooledDataSourceConfiguration matched:
      - AnyNestedCondition 1 matched 1 did not; NestedCondition on DataSourceAutoConfiguration.PooledDataSourceCondition.PooledDataSourceAvailable PooledDataSource found supported DataSource; NestedCondition on DataSourceAutoConfiguration.PooledDataSourceCondition.ExplicitType @ConditionalOnProperty (spring.datasource.type) did not find property 'type' (DataSourceAutoConfiguration.PooledDataSourceCondition)
      - @ConditionalOnMissingBean (types: javax.sql.DataSource,javax.sql.XADataSource; SearchStrategy: all) did not find any beans (OnBeanCondition)

   DataSourceAutoConfiguration.PooledDataSourceConfiguration#jdbcConnectionDetails matched:
      - @ConditionalOnMissingBean (types: org.springframework.boot.autoconfigure.jdbc.JdbcConnectionDetails; SearchStrategy: all) did not find any beans (OnBeanCondition)

   DataSourceConfiguration.Hikari matched:
      - @ConditionalOnClass found required class 'com.zaxxer.hikari.HikariDataSource' (OnClassCondition)
      - @ConditionalOnProperty (spring.datasource.type=com.zaxxer.hikari.HikariDataSource) matched (OnPropertyCondition)
      - @ConditionalOnMissingBean (types: javax.sql.DataSource; SearchStrategy: all) did not find any beans (OnBeanCondition)

   DataSourceInitializationConfiguration matched:
      - @ConditionalOnClass found required class 'org.springframework.jdbc.datasource.init.DatabasePopulator' (OnClassCondition)
      - @ConditionalOnSingleCandidate (types: javax.sql.DataSource; SearchStrategy: all) found a single bean 'dataSource'; @ConditionalOnMissingBean (types: org.springframework.boot.autoconfigure.sql.init.SqlDataSourceScriptDatabaseInitializer,org.springframework.boot.autoconfigure.sql.init.SqlR2dbcScriptDatabaseInitializer; SearchStrategy: all) did not find any beans (OnBeanCondition)

   DataSourcePoolMetadataProvidersConfiguration.HikariPoolDataSourceMetadataProviderConfiguration matched:
      - @ConditionalOnClass found required class 'com.zaxxer.hikari.HikariDataSource' (OnClassCondition)

   DataSourceTransactionManagerAutoConfiguration matched:
      - @ConditionalOnClass found required classes 'javax.sql.DataSource', 'org.springframework.jdbc.core.JdbcTemplate', 'org.springframework.transaction.TransactionManager' (OnClassCondition)

   DataSourceTransactionManagerAutoConfiguration.JdbcTransactionManagerConfiguration matched:
      - @ConditionalOnSingleCandidate (types: javax.sql.DataSource; SearchStrategy: all) found a single bean 'dataSource' (OnBeanCondition)

   HibernateJpaAutoConfiguration matched:
      - @ConditionalOnClass found required classes 'org.springframework.orm.jpa.LocalContainerEntityManagerFactoryBean', 'jakarta.persistence.EntityManager', 'org.hibernate.engine.spi.SessionImplementor' (OnClassCondition)

   HibernateJpaConfiguration matched:
      - @ConditionalOnSingleCandidate (types: javax.sql.DataSource; SearchStrategy: all) found a single bean 'dataSource' (OnBeanCondition)

   JdbcClientAutoConfiguration matched:
      - @ConditionalOnSingleCandidate (types: org.springframework.jdbc.core.namedparam.NamedParameterJdbcTemplate; SearchStrategy: all) found a single bean 'namedParameterJdbcTemplate'; @ConditionalOnMissingBean (types: org.springframework.jdbc.core.simple.JdbcClient; SearchStrategy: all) did not find any beans (OnBeanCondition)

   JdbcTemplateAutoConfiguration matched:
      - @ConditionalOnClass found required classes 'javax.sql.DataSource', 'org.springframework.jdbc.core.JdbcTemplate' (OnClassCondition)
      - @ConditionalOnSingleCandidate (types: javax.sql.DataSource; SearchStrategy: all) found a single bean 'dataSource' (OnBeanCondition)

   JdbcTemplateConfiguration matched:
      - @ConditionalOnMissingBean (types: org.springframework.jdbc.core.JdbcOperations; SearchStrategy: all) did not find any beans (OnBeanCondition)

   JpaBaseConfiguration#entityManagerFactory matched:
      - @ConditionalOnMissingBean (types: org.springframework.orm.jpa.LocalContainerEntityManagerFactoryBean,jakarta.persistence.EntityManagerFactory; SearchStrategy: all) did not find any beans (OnBeanCondition)

   JpaBaseConfiguration#entityManagerFactoryBuilder matched:
      - @ConditionalOnMissingBean (types: org.springframework.boot.orm.jpa.EntityManagerFactoryBuilder; SearchStrategy: all) did not find any beans (OnBeanCondition)

   JpaBaseConfiguration#jpaVendorAdapter matched:
      - @ConditionalOnMissingBean (types: org.springframework.orm.jpa.JpaVendorAdapter; SearchStrategy: all) did not find any beans (OnBeanCondition)

   JpaBaseConfiguration#transactionManager matched:
      - @ConditionalOnMissingBean (types: org.springframework.transaction.TransactionManager; SearchStrategy: all) did not find any beans (OnBeanCondition)

   JpaBaseConfiguration.PersistenceManagedTypesConfiguration matched:
      - @ConditionalOnMissingBean (types: org.springframework.orm.jpa.LocalContainerEntityManagerFactoryBean,jakarta.persistence.EntityManagerFactory; SearchStrategy: all) did not find any beans (OnBeanCondition)

   JpaBaseConfiguration.PersistenceManagedTypesConfiguration#persistenceManagedTypes matched:
      - @ConditionalOnMissingBean (types: org.springframework.orm.jpa.persistenceunit.PersistenceManagedTypes; SearchStrategy: all) did not find any beans (OnBeanCondition)

   JpaRepositoriesAutoConfiguration matched:
      - @ConditionalOnClass found required class 'org.springframework.data.jpa.repository.JpaRepository' (OnClassCondition)
      - @ConditionalOnProperty (spring.data.jpa.repositories.enabled=true) matched (OnPropertyCondition)
      - @ConditionalOnBean (types: javax.sql.DataSource; SearchStrategy: all) found bean 'dataSource'; @ConditionalOnMissingBean (types: org.springframework.data.jpa.repository.support.JpaRepositoryFactoryBean,org.springframework.data.jpa.repository.config.JpaRepositoryConfigExtension; SearchStrategy: all) did not find any beans (OnBeanCondition)

   NamedParameterJdbcTemplateConfiguration matched:
      - @ConditionalOnSingleCandidate (types: org.springframework.jdbc.core.JdbcTemplate; SearchStrategy: all) found a single bean 'jdbcTemplate'; @ConditionalOnMissingBean (types: org.springframework.jdbc.core.namedparam.NamedParameterJdbcOperations; SearchStrategy: all) did not find any beans (OnBeanCondition)

   NoOpCacheConfiguration matched:
      - Cache org.springframework.boot.autoconfigure.cache.NoOpCacheConfiguration NONE cache type (CacheCondition)

   SqlInitializationAutoConfiguration matched:
      - @ConditionalOnProperty (spring.sql.init.enabled) matched (OnPropertyCondition)
      - NoneNestedConditions 0 matched 1 did not; NestedCondition on SqlInitializationAutoConfiguration.SqlInitializationModeCondition.ModeIsNever @ConditionalOnProperty (spring.sql.init.mode=never) did not find property 'mode' (SqlInitializationAutoConfiguration.SqlInitializationModeCondition)

   TestDatabaseAutoConfiguration#nonTestEmbeddedDataSourceBeanFactoryPostProcessor matched:
      - @ConditionalOnProperty (spring.test.database.replace=NON_TEST) matched (OnPropertyCondition)

   TestEntityManagerAutoConfiguration matched:
      - @ConditionalOnClass found required class 'jakarta.persistence.EntityManagerFactory' (OnClassCondition)

   TestEntityManagerAutoConfiguration#testEntityManager matched:
      - @ConditionalOnMissingBean (types: org.springframework.boot.test.autoconfigure.orm.jpa.TestEntityManager; SearchStrategy: all) did not find any beans (OnBeanCondition)

   TransactionAutoConfiguration matched:
      - @ConditionalOnClass found required class 'org.springframework.transaction.PlatformTransactionManager' (OnClassCondition)

   TransactionAutoConfiguration.EnableTransactionManagementConfiguration matched:
      - @ConditionalOnBean (types: org.springframework.transaction.TransactionManager; SearchStrategy: all) found bean 'transactionManager'; @ConditionalOnMissingBean (types: org.springframework.transaction.annotation.AbstractTransactionManagementConfiguration; SearchStrategy: all) did not find any beans (OnBeanCondition)

   TransactionAutoConfiguration.EnableTransactionManagementConfiguration.CglibAutoProxyConfiguration matched:
      - @ConditionalOnProperty (spring.aop.proxy-target-class=true) matched (OnPropertyCondition)

   TransactionAutoConfiguration.TransactionTemplateConfiguration matched:
      - @ConditionalOnSingleCandidate (types: org.springframework.transaction.PlatformTransactionManager; SearchStrategy: all) found a single bean 'transactionManager' (OnBeanCondition)

   TransactionAutoConfiguration.TransactionTemplateConfiguration#transactionTemplate matched:
      - @ConditionalOnMissingBean (types: org.springframework.transaction.support.TransactionOperations; SearchStrategy: all) did not find any beans (OnBeanCondition)


Negative matches:
-----------------

   Cache2kCacheConfiguration:
      Did not match:
         - @ConditionalOnClass did not find required class 'org.cache2k.Cache2kBuilder' (OnClassCondition)

   CacheAutoConfiguration:
      Did not match:
         - @ConditionalOnBean (types: org.springframework.cache.interceptor.CacheAspectSupport; SearchStrategy: all) did not find any beans of type org.springframework.cache.interceptor.CacheAspectSupport (OnBeanCondition)
      Matched:
         - @ConditionalOnClass found required class 'org.springframework.cache.CacheManager' (OnClassCondition)

   CacheAutoConfiguration.CacheManagerEntityManagerFactoryDependsOnPostProcessor:
      Did not match:
         - Ancestor org.springframework.boot.autoconfigure.cache.CacheAutoConfiguration did not match (ConditionEvaluationReport.AncestorsMatchedCondition)
      Matched:
         - @ConditionalOnClass found required class 'org.springframework.orm.jpa.LocalContainerEntityManagerFactoryBean' (OnClassCondition)

   CaffeineCacheConfiguration:
      Did not match:
         - @ConditionalOnClass did not find required class 'com.github.benmanes.caffeine.cache.Caffeine' (OnClassCondition)

   CouchbaseCacheConfiguration:
      Did not match:
         - @ConditionalOnClass did not find required class 'com.couchbase.client.java.Cluster' (OnClassCondition)

   DataSourceAutoConfiguration.EmbeddedDatabaseConfiguration:
      Did not match:
         - EmbeddedDataSource spring.datasource.url is set (DataSourceAutoConfiguration.EmbeddedDatabaseCondition)

   DataSourceCheckpointRestoreConfiguration:
      Did not match:
         - @ConditionalOnClass did not find required class 'org.crac.Resource' (OnClassCondition)

   DataSourceConfiguration.Dbcp2:
      Did not match:
         - @ConditionalOnClass did not find required class 'org.apache.commons.dbcp2.BasicDataSource' (OnClassCondition)

   DataSourceConfiguration.Generic:
      Did not match:
         - @ConditionalOnProperty (spring.datasource.type) did not find property 'spring.datasource.type' (OnPropertyCondition)

   DataSourceConfiguration.OracleUcp:
      Did not match:
         - @ConditionalOnClass did not find required classes 'oracle.ucp.jdbc.PoolDataSourceImpl', 'oracle.jdbc.OracleConnection' (OnClassCondition)

   DataSourceConfiguration.Tomcat:
      Did not match:
         - @ConditionalOnClass did not find required class 'org.apache.tomcat.jdbc.pool.DataSource' (OnClassCondition)

   DataSourceJmxConfiguration:
      Did not match:
         - @ConditionalOnProperty (spring.jmx.enabled=true) found different value in property 'enabled' (OnPropertyCondition)

   DataSourcePoolMetadataProvidersConfiguration.CommonsDbcp2PoolDataSourceMetadataProviderConfiguration:
      Did not match:
         - @ConditionalOnClass did not find required class 'org.apache.commons.dbcp2.BasicDataSource' (OnClassCondition)

   DataSourcePoolMetadataProvidersConfiguration.OracleUcpPoolDataSourceMetadataProviderConfiguration:
      Did not match:
         - @ConditionalOnClass did not find required classes 'oracle.ucp.jdbc.PoolDataSource', 'oracle.jdbc.OracleConnection' (OnClassCondition)

   DataSourcePoolMetadataProvidersConfiguration.TomcatDataSourcePoolMetadataProviderConfiguration:
      Did not match:
         - @ConditionalOnClass did not find required class 'org.apache.tomcat.jdbc.pool.DataSource' (OnClassCondition)

   DataSourceTransactionManagerAutoConfiguration.JdbcTransactionManagerConfiguration#transactionManager:
      Did not match:
         - @ConditionalOnMissingBean (types: org.springframework.transaction.TransactionManager; SearchStrategy: all) found beans of type 'org.springframework.transaction.TransactionManager' transactionManager (OnBeanCondition)

   FlywayAutoConfiguration:
      Did not match:
         - @ConditionalOnClass did not find required class 'org.flywaydb.core.Flyway' (OnClassCondition)

   GenericCacheConfiguration:
      Did not match:
         - Cache org.springframework.boot.autoconfigure.cache.GenericCacheConfiguration unknown cache type (CacheCondition)

   HazelcastCacheConfiguration:
      Did not match:
         - @ConditionalOnClass did not find required class 'com.hazelcast.core.HazelcastInstance' (OnClassCondition)

   InfinispanCacheConfiguration:
      Did not match:
         - @ConditionalOnClass did not find required class 'org.infinispan.spring.embedded.provider.SpringEmbeddedCacheManager' (OnClassCondition)

   JCacheCacheConfiguration:
      Did not match:
         - @ConditionalOnClass did not find required class 'javax.cache.Caching' (OnClassCondition)

   JpaBaseConfiguration.JpaWebConfiguration:
      Did not match:
         - not a servlet web application (OnWebApplicationCondition)
      Matched:
         - @ConditionalOnClass found required class 'org.springframework.web.servlet.config.annotation.WebMvcConfigurer' (OnClassCondition)

   JpaRepositoriesAutoConfiguration#entityManagerFactoryBootstrapExecutorCustomizer:
      Did not match:
         - AnyNestedCondition 0 matched 2 did not; NestedCondition on JpaRepositoriesAutoConfiguration.BootstrapExecutorCondition.LazyBootstrapMode @ConditionalOnProperty (spring.data.jpa.repositories.bootstrap-mode=lazy) found different value in property 'bootstrap-mode'; NestedCondition on JpaRepositoriesAutoConfiguration.BootstrapExecutorCondition.DeferredBootstrapMode @ConditionalOnProperty (spring.data.jpa.repositories.bootstrap-mode=deferred) found different value in property 'bootstrap-mode' (JpaRepositoriesAutoConfiguration.BootstrapExecutorCondition)

   LiquibaseAutoConfiguration:
      Did not match:
         - @ConditionalOnClass did not find required class 'liquibase.change.DatabaseChange' (OnClassCondition)

   R2dbcInitializationConfiguration:
      Did not match:
         - @ConditionalOnClass did not find required classes 'io.r2dbc.spi.ConnectionFactory', 'org.springframework.r2dbc.connection.init.DatabasePopulator' (OnClassCondition)

   RedisCacheConfiguration:
      Did not match:
         - @ConditionalOnClass did not find required class 'org.springframework.data.redis.connection.RedisConnectionFactory' (OnClassCondition)

   SimpleCacheConfiguration:
      Did not match:
         - Cache org.springframework.boot.autoconfigure.cache.SimpleCacheConfiguration unknown cache type (CacheCondition)

   TestDatabaseAutoConfiguration#dataSource:
      Did not match:
         - @ConditionalOnProperty (spring.test.database.replace=AUTO_CONFIGURED) did not find property 'replace' (OnPropertyCondition)

   TestDatabaseAutoConfiguration#embeddedDataSourceBeanFactoryPostProcessor:
      Did not match:
         - @ConditionalOnProperty (spring.test.database.replace=ANY) did not find property 'replace' (OnPropertyCondition)

   TransactionAutoConfiguration#transactionalOperator:
      Did not match:
         - @ConditionalOnSingleCandidate (types: org.springframework.transaction.ReactiveTransactionManager; SearchStrategy: all) did not find any beans (OnBeanCondition)

   TransactionAutoConfiguration.AspectJTransactionManagementConfiguration:
      Did not match:
         - @ConditionalOnBean (types: org.springframework.transaction.aspectj.AbstractTransactionAspect; SearchStrategy: all) did not find any beans of type org.springframework.transaction.aspectj.AbstractTransactionAspect (OnBeanCondition)

   TransactionAutoConfiguration.EnableTransactionManagementConfiguration.JdkDynamicAutoProxyConfiguration:
      Did not match:
         - @ConditionalOnProperty (spring.aop.proxy-target-class=false) did not find property 'proxy-target-class' (OnPropertyCondition)


Exclusions:
-----------

    None


Unconditional classes:
----------------------

    org.springframework.boot.test.autoconfigure.jdbc.TestDatabaseAutoConfiguration



&amp#27;[30m2025-04-21 07:27:32,586&amp#27;[0;39m &amp#27;[39mDEBUG&amp#27;[0;39m [&amp#27;[34mmain&amp#27;[0;39m] &amp#27;[33mo.s.t.c.c.DefaultContextCache&amp#27;[0;39m: Spring test ApplicationContext cache statistics: [DefaultContextCache@4487dce size = 3, maxSize = 32, parentContextCount = 0, hitCount = 106, missCount = 3, failureCount = 0]
&amp#27;[30m2025-04-21 07:27:32,592&amp#27;[0;39m &amp#27;[39mDEBUG&amp#27;[0;39m [&amp#27;[34mmain&amp#27;[0;39m] &amp#27;[33mo.s.t.c.c.DefaultContextCache&amp#27;[0;39m: Spring test ApplicationContext cache statistics: [DefaultContextCache@4487dce size = 3, maxSize = 32, parentContextCount = 0, hitCount = 107, missCount = 3, failureCount = 0]
&amp#27;[30m2025-04-21 07:27:32,596&amp#27;[0;39m &amp#27;[39mDEBUG&amp#27;[0;39m [&amp#27;[34mmain&amp#27;[0;39m] &amp#27;[33mo.s.t.c.s.AbstractDirtiesContextTestExecutionListener&amp#27;[0;39m: Before test method: class [DepartmentRepositoryTest], method [testGetDepartmentById1], class annotated with @DirtiesContext [false] with mode [null], method annotated with @DirtiesContext [false] with mode [null]
&amp#27;[30m2025-04-21 07:27:32,602&amp#27;[0;39m &amp#27;[39mDEBUG&amp#27;[0;39m [&amp#27;[34mmain&amp#27;[0;39m] &amp#27;[33mo.s.t.c.t.TransactionalTestExecutionListener&amp#27;[0;39m: Explicit transaction definition [PROPAGATION_REQUIRED,ISOLATION_DEFAULT] found for test class [in.rgukt.r081247.universityapi.repository.DepartmentRepositoryTest] and test method [testGetDepartmentById1]
&amp#27;[30m2025-04-21 07:27:32,603&amp#27;[0;39m &amp#27;[39mDEBUG&amp#27;[0;39m [&amp#27;[34mmain&amp#27;[0;39m] &amp#27;[33mo.s.t.c.c.DefaultContextCache&amp#27;[0;39m: Spring test ApplicationContext cache statistics: [DefaultContextCache@4487dce size = 3, maxSize = 32, parentContextCount = 0, hitCount = 108, missCount = 3, failureCount = 0]
&amp#27;[30m2025-04-21 07:27:32,608&amp#27;[0;39m &amp#27;[39mDEBUG&amp#27;[0;39m [&amp#27;[34mmain&amp#27;[0;39m] &amp#27;[33mo.s.t.c.t.TransactionalTestExecutionListener&amp#27;[0;39m: No method-level @Rollback override: using default rollback [true] for test method [public void in.rgukt.r081247.universityapi.repository.DepartmentRepositoryTest.testGetDepartmentById1()]
&amp#27;[30m2025-04-21 07:27:32,611&amp#27;[0;39m &amp#27;[39mDEBUG&amp#27;[0;39m [&amp#27;[34mmain&amp#27;[0;39m] &amp#27;[33mo.s.t.s.AbstractPlatformTransactionManager&amp#27;[0;39m: Creating new transaction with name [in.rgukt.r081247.universityapi.repository.DepartmentRepositoryTest.testGetDepartmentById1]: PROPAGATION_REQUIRED,ISOLATION_DEFAULT
&amp#27;[30m2025-04-21 07:27:32,612&amp#27;[0;39m &amp#27;[39mDEBUG&amp#27;[0;39m [&amp#27;[34mmain&amp#27;[0;39m] &amp#27;[33mo.s.o.j.JpaTransactionManager&amp#27;[0;39m: Opened new EntityManager [SessionImpl(193826743<open>)] for JPA transaction
&amp#27;[30m2025-04-21 07:27:32,612&amp#27;[0;39m &amp#27;[39mDEBUG&amp#27;[0;39m [&amp#27;[34mmain&amp#27;[0;39m] &amp#27;[33mo.h.e.t.i.TransactionImpl&amp#27;[0;39m: On TransactionImpl creation, JpaCompliance#isJpaTransactionComplianceEnabled == false
&amp#27;[30m2025-04-21 07:27:32,613&amp#27;[0;39m &amp#27;[39mDEBUG&amp#27;[0;39m [&amp#27;[34mmain&amp#27;[0;39m] &amp#27;[33mo.h.e.t.i.TransactionImpl&amp#27;[0;39m: begin
&amp#27;[30m2025-04-21 07:27:32,613&amp#27;[0;39m &amp#27;[39mDEBUG&amp#27;[0;39m [&amp#27;[34mmain&amp#27;[0;39m] &amp#27;[33mo.s.j.d.SimpleDriverDataSource&amp#27;[0;39m: Creating new JDBC Driver Connection to [jdbc:h2:mem:e600bb63-343b-4f33-9b18-6893a51070ce;DB_CLOSE_DELAY=-1;DB_CLOSE_ON_EXIT=false]
&amp#27;[30m2025-04-21 07:27:32,615&amp#27;[0;39m &amp#27;[39mDEBUG&amp#27;[0;39m [&amp#27;[34mmain&amp#27;[0;39m] &amp#27;[33mo.s.o.j.JpaTransactionManager&amp#27;[0;39m: Exposing JPA transaction as JDBC [org.springframework.orm.jpa.vendor.HibernateJpaDialect$HibernateConnectionHandle@2739f91b]
&amp#27;[30m2025-04-21 07:27:32,617&amp#27;[0;39m &amp#27;[39mDEBUG&amp#27;[0;39m [&amp#27;[34mmain&amp#27;[0;39m] &amp#27;[33mo.s.t.c.t.TransactionContext&amp#27;[0;39m: Began transaction (1) for test class [in.rgukt.r081247.universityapi.repository.DepartmentRepositoryTest]; test method [testGetDepartmentById1]; transaction manager [org.springframework.orm.jpa.JpaTransactionManager@5ad98e6f]; rollback [true]
&amp#27;[30m2025-04-21 07:27:32,618&amp#27;[0;39m &amp#27;[39mDEBUG&amp#27;[0;39m [&amp#27;[34mmain&amp#27;[0;39m] &amp#27;[33mo.s.t.c.c.DefaultContextCache&amp#27;[0;39m: Spring test ApplicationContext cache statistics: [DefaultContextCache@4487dce size = 3, maxSize = 32, parentContextCount = 0, hitCount = 109, missCount = 3, failureCount = 0]
&amp#27;[30m2025-04-21 07:27:32,620&amp#27;[0;39m &amp#27;[39mDEBUG&amp#27;[0;39m [&amp#27;[34mmain&amp#27;[0;39m] &amp#27;[33mo.s.t.c.c.DefaultContextCache&amp#27;[0;39m: Spring test ApplicationContext cache statistics: [DefaultContextCache@4487dce size = 3, maxSize = 32, parentContextCount = 0, hitCount = 110, missCount = 3, failureCount = 0]
&amp#27;[30m2025-04-21 07:27:32,623&amp#27;[0;39m &amp#27;[39mDEBUG&amp#27;[0;39m [&amp#27;[34mmain&amp#27;[0;39m] &amp#27;[33mo.s.t.c.c.DefaultContextCache&amp#27;[0;39m: Spring test ApplicationContext cache statistics: [DefaultContextCache@4487dce size = 3, maxSize = 32, parentContextCount = 0, hitCount = 111, missCount = 3, failureCount = 0]
&amp#27;[30m2025-04-21 07:27:32,645&amp#27;[0;39m &amp#27;[39mDEBUG&amp#27;[0;39m [&amp#27;[34mmain&amp#27;[0;39m] &amp#27;[33mo.s.t.c.c.DefaultContextCache&amp#27;[0;39m: Spring test ApplicationContext cache statistics: [DefaultContextCache@4487dce size = 3, maxSize = 32, parentContextCount = 0, hitCount = 112, missCount = 3, failureCount = 0]
&amp#27;[30m2025-04-21 07:27:32,702&amp#27;[0;39m &amp#27;[39mDEBUG&amp#27;[0;39m [&amp#27;[34mmain&amp#27;[0;39m] &amp#27;[33mo.h.e.s.ActionQueue&amp#27;[0;39m: Executing identity-insert immediately
&amp#27;[30m2025-04-21 07:27:32,768&amp#27;[0;39m &amp#27;[39mDEBUG&amp#27;[0;39m [&amp#27;[34mmain&amp#27;[0;39m] &amp#27;[33mo.h.e.j.s.SqlStatementLogger&amp#27;[0;39m: 
    insert 
    into
        department
        (name, id) 
    values
        (?, default)
Hibernate: 
    insert 
    into
        department
        (name, id) 
    values
        (?, default)
&amp#27;[30m2025-04-21 07:27:32,846&amp#27;[0;39m &amp#27;[39mDEBUG&amp#27;[0;39m [&amp#27;[34mmain&amp#27;[0;39m] &amp#27;[33mo.h.s.r.i.NavigablePathMapToInitializer&amp#27;[0;39m: Initializer list is empty
&amp#27;[30m2025-04-21 07:27:32,876&amp#27;[0;39m &amp#27;[39mDEBUG&amp#27;[0;39m [&amp#27;[34mmain&amp#27;[0;39m] &amp#27;[33mo.h.g.v.i.GeneratedValuesHelper&amp#27;[0;39m: Extracted generated values [in.rgukt.r081247.universityapi.entity.Department]: [Ljava.lang.Object;@1366c37e
&amp#27;[30m2025-04-21 07:27:32,921&amp#27;[0;39m &amp#27;[39mDEBUG&amp#27;[0;39m [&amp#27;[34mmain&amp#27;[0;39m] &amp#27;[33mo.s.o.j.JpaTransactionManager&amp#27;[0;39m: Found thread-bound EntityManager [SessionImpl(193826743<open>)] for JPA transaction
&amp#27;[30m2025-04-21 07:27:32,921&amp#27;[0;39m &amp#27;[39mDEBUG&amp#27;[0;39m [&amp#27;[34mmain&amp#27;[0;39m] &amp#27;[33mo.s.t.s.AbstractPlatformTransactionManager&amp#27;[0;39m: Participating in existing transaction
DepartmentRepositoryTest.testGetDepartmentById1()
&amp#27;[30m2025-04-21 07:27:32,956&amp#27;[0;39m &amp#27;[39mDEBUG&amp#27;[0;39m [&amp#27;[34mmain&amp#27;[0;39m] &amp#27;[33mo.s.t.c.c.DefaultContextCache&amp#27;[0;39m: Spring test ApplicationContext cache statistics: [DefaultContextCache@4487dce size = 3, maxSize = 32, parentContextCount = 0, hitCount = 113, missCount = 3, failureCount = 0]
&amp#27;[30m2025-04-21 07:27:32,957&amp#27;[0;39m &amp#27;[39mDEBUG&amp#27;[0;39m [&amp#27;[34mmain&amp#27;[0;39m] &amp#27;[33mo.s.t.c.c.DefaultContextCache&amp#27;[0;39m: Spring test ApplicationContext cache statistics: [DefaultContextCache@4487dce size = 3, maxSize = 32, parentContextCount = 0, hitCount = 114, missCount = 3, failureCount = 0]
&amp#27;[30m2025-04-21 07:27:32,959&amp#27;[0;39m &amp#27;[39mDEBUG&amp#27;[0;39m [&amp#27;[34mmain&amp#27;[0;39m] &amp#27;[33mo.s.t.c.c.DefaultContextCache&amp#27;[0;39m: Spring test ApplicationContext cache statistics: [DefaultContextCache@4487dce size = 3, maxSize = 32, parentContextCount = 0, hitCount = 115, missCount = 3, failureCount = 0]
&amp#27;[30m2025-04-21 07:27:32,959&amp#27;[0;39m &amp#27;[39mDEBUG&amp#27;[0;39m [&amp#27;[34mmain&amp#27;[0;39m] &amp#27;[33mo.s.t.c.c.DefaultContextCache&amp#27;[0;39m: Spring test ApplicationContext cache statistics: [DefaultContextCache@4487dce size = 3, maxSize = 32, parentContextCount = 0, hitCount = 116, missCount = 3, failureCount = 0]
&amp#27;[30m2025-04-21 07:27:32,960&amp#27;[0;39m &amp#27;[39mDEBUG&amp#27;[0;39m [&amp#27;[34mmain&amp#27;[0;39m] &amp#27;[33mo.s.t.c.c.DefaultContextCache&amp#27;[0;39m: Spring test ApplicationContext cache statistics: [DefaultContextCache@4487dce size = 3, maxSize = 32, parentContextCount = 0, hitCount = 117, missCount = 3, failureCount = 0]
&amp#27;[30m2025-04-21 07:27:32,960&amp#27;[0;39m &amp#27;[39mDEBUG&amp#27;[0;39m [&amp#27;[34mmain&amp#27;[0;39m] &amp#27;[33mo.s.t.c.c.DefaultContextCache&amp#27;[0;39m: Spring test ApplicationContext cache statistics: [DefaultContextCache@4487dce size = 3, maxSize = 32, parentContextCount = 0, hitCount = 118, missCount = 3, failureCount = 0]
&amp#27;[30m2025-04-21 07:27:32,961&amp#27;[0;39m &amp#27;[39mDEBUG&amp#27;[0;39m [&amp#27;[34mmain&amp#27;[0;39m] &amp#27;[33mo.s.t.c.c.DefaultContextCache&amp#27;[0;39m: Spring test ApplicationContext cache statistics: [DefaultContextCache@4487dce size = 3, maxSize = 32, parentContextCount = 0, hitCount = 119, missCount = 3, failureCount = 0]
&amp#27;[30m2025-04-21 07:27:32,962&amp#27;[0;39m &amp#27;[39mDEBUG&amp#27;[0;39m [&amp#27;[34mmain&amp#27;[0;39m] &amp#27;[33mo.s.t.c.c.DefaultContextCache&amp#27;[0;39m: Spring test ApplicationContext cache statistics: [DefaultContextCache@4487dce size = 3, maxSize = 32, parentContextCount = 0, hitCount = 120, missCount = 3, failureCount = 0]
&amp#27;[30m2025-04-21 07:27:32,964&amp#27;[0;39m &amp#27;[39mDEBUG&amp#27;[0;39m [&amp#27;[34mmain&amp#27;[0;39m] &amp#27;[33mo.s.t.s.AbstractPlatformTransactionManager&amp#27;[0;39m: Initiating transaction rollback
&amp#27;[30m2025-04-21 07:27:32,964&amp#27;[0;39m &amp#27;[39mDEBUG&amp#27;[0;39m [&amp#27;[34mmain&amp#27;[0;39m] &amp#27;[33mo.s.o.j.JpaTransactionManager&amp#27;[0;39m: Rolling back JPA transaction on EntityManager [SessionImpl(193826743<open>)]
&amp#27;[30m2025-04-21 07:27:32,964&amp#27;[0;39m &amp#27;[39mDEBUG&amp#27;[0;39m [&amp#27;[34mmain&amp#27;[0;39m] &amp#27;[33mo.h.e.t.i.TransactionImpl&amp#27;[0;39m: rolling back
&amp#27;[30m2025-04-21 07:27:32,968&amp#27;[0;39m &amp#27;[39mDEBUG&amp#27;[0;39m [&amp#27;[34mmain&amp#27;[0;39m] &amp#27;[33mo.s.o.j.JpaTransactionManager&amp#27;[0;39m: Closing JPA EntityManager [SessionImpl(193826743<open>)] after transaction
&amp#27;[30m2025-04-21 07:27:32,969&amp#27;[0;39m &amp#27;[39mDEBUG&amp#27;[0;39m [&amp#27;[34mmain&amp#27;[0;39m] &amp#27;[33mo.s.t.c.t.TransactionContext&amp#27;[0;39m: Rolled back transaction (1) for test class [in.rgukt.r081247.universityapi.repository.DepartmentRepositoryTest]; test method [testGetDepartmentById1]
&amp#27;[30m2025-04-21 07:27:32,970&amp#27;[0;39m &amp#27;[39mDEBUG&amp#27;[0;39m [&amp#27;[34mmain&amp#27;[0;39m] &amp#27;[33mo.s.t.c.s.AbstractDirtiesContextTestExecutionListener&amp#27;[0;39m: After test method: class [DepartmentRepositoryTest], method [testGetDepartmentById1], class annotated with @DirtiesContext [false] with mode [null], method annotated with @DirtiesContext [false] with mode [null]
]]></system-out>
  </testcase>
  <testcase name="testAddDepartment1" classname="in.rgukt.r081247.universityapi.repository.DepartmentRepositoryTest" time="0.039">
    <system-out><![CDATA[&amp#27;[30m2025-04-21 07:27:32,974&amp#27;[0;39m &amp#27;[39mDEBUG&amp#27;[0;39m [&amp#27;[34mmain&amp#27;[0;39m] &amp#27;[33mo.s.t.c.s.DependencyInjectionTestExecutionListener&amp#27;[0;39m: Performing dependency injection for test class in.rgukt.r081247.universityapi.repository.DepartmentRepositoryTest
&amp#27;[30m2025-04-21 07:27:32,975&amp#27;[0;39m &amp#27;[39mDEBUG&amp#27;[0;39m [&amp#27;[34mmain&amp#27;[0;39m] &amp#27;[33mo.s.t.c.c.DefaultContextCache&amp#27;[0;39m: Spring test ApplicationContext cache statistics: [DefaultContextCache@4487dce size = 3, maxSize = 32, parentContextCount = 0, hitCount = 121, missCount = 3, failureCount = 0]
&amp#27;[30m2025-04-21 07:27:32,978&amp#27;[0;39m &amp#27;[39mDEBUG&amp#27;[0;39m [&amp#27;[34mmain&amp#27;[0;39m] &amp#27;[33mo.s.t.c.c.DefaultContextCache&amp#27;[0;39m: Spring test ApplicationContext cache statistics: [DefaultContextCache@4487dce size = 3, maxSize = 32, parentContextCount = 0, hitCount = 122, missCount = 3, failureCount = 0]
&amp#27;[30m2025-04-21 07:27:32,982&amp#27;[0;39m &amp#27;[39mDEBUG&amp#27;[0;39m [&amp#27;[34mmain&amp#27;[0;39m] &amp#27;[33mo.s.t.c.s.AbstractDirtiesContextTestExecutionListener&amp#27;[0;39m: Before test method: class [DepartmentRepositoryTest], method [testAddDepartment1], class annotated with @DirtiesContext [false] with mode [null], method annotated with @DirtiesContext [false] with mode [null]
&amp#27;[30m2025-04-21 07:27:32,983&amp#27;[0;39m &amp#27;[39mDEBUG&amp#27;[0;39m [&amp#27;[34mmain&amp#27;[0;39m] &amp#27;[33mo.s.t.c.t.TransactionalTestExecutionListener&amp#27;[0;39m: Explicit transaction definition [PROPAGATION_REQUIRED,ISOLATION_DEFAULT] found for test class [in.rgukt.r081247.universityapi.repository.DepartmentRepositoryTest] and test method [testAddDepartment1]
&amp#27;[30m2025-04-21 07:27:32,983&amp#27;[0;39m &amp#27;[39mDEBUG&amp#27;[0;39m [&amp#27;[34mmain&amp#27;[0;39m] &amp#27;[33mo.s.t.c.c.DefaultContextCache&amp#27;[0;39m: Spring test ApplicationContext cache statistics: [DefaultContextCache@4487dce size = 3, maxSize = 32, parentContextCount = 0, hitCount = 123, missCount = 3, failureCount = 0]
&amp#27;[30m2025-04-21 07:27:32,984&amp#27;[0;39m &amp#27;[39mDEBUG&amp#27;[0;39m [&amp#27;[34mmain&amp#27;[0;39m] &amp#27;[33mo.s.t.c.t.TransactionalTestExecutionListener&amp#27;[0;39m: No method-level @Rollback override: using default rollback [true] for test method [public void in.rgukt.r081247.universityapi.repository.DepartmentRepositoryTest.testAddDepartment1()]
&amp#27;[30m2025-04-21 07:27:32,985&amp#27;[0;39m &amp#27;[39mDEBUG&amp#27;[0;39m [&amp#27;[34mmain&amp#27;[0;39m] &amp#27;[33mo.s.t.s.AbstractPlatformTransactionManager&amp#27;[0;39m: Creating new transaction with name [in.rgukt.r081247.universityapi.repository.DepartmentRepositoryTest.testAddDepartment1]: PROPAGATION_REQUIRED,ISOLATION_DEFAULT
&amp#27;[30m2025-04-21 07:27:32,985&amp#27;[0;39m &amp#27;[39mDEBUG&amp#27;[0;39m [&amp#27;[34mmain&amp#27;[0;39m] &amp#27;[33mo.s.o.j.JpaTransactionManager&amp#27;[0;39m: Opened new EntityManager [SessionImpl(117902049<open>)] for JPA transaction
&amp#27;[30m2025-04-21 07:27:32,985&amp#27;[0;39m &amp#27;[39mDEBUG&amp#27;[0;39m [&amp#27;[34mmain&amp#27;[0;39m] &amp#27;[33mo.h.e.t.i.TransactionImpl&amp#27;[0;39m: On TransactionImpl creation, JpaCompliance#isJpaTransactionComplianceEnabled == false
&amp#27;[30m2025-04-21 07:27:32,986&amp#27;[0;39m &amp#27;[39mDEBUG&amp#27;[0;39m [&amp#27;[34mmain&amp#27;[0;39m] &amp#27;[33mo.h.e.t.i.TransactionImpl&amp#27;[0;39m: begin
&amp#27;[30m2025-04-21 07:27:32,986&amp#27;[0;39m &amp#27;[39mDEBUG&amp#27;[0;39m [&amp#27;[34mmain&amp#27;[0;39m] &amp#27;[33mo.s.j.d.SimpleDriverDataSource&amp#27;[0;39m: Creating new JDBC Driver Connection to [jdbc:h2:mem:e600bb63-343b-4f33-9b18-6893a51070ce;DB_CLOSE_DELAY=-1;DB_CLOSE_ON_EXIT=false]
&amp#27;[30m2025-04-21 07:27:32,987&amp#27;[0;39m &amp#27;[39mDEBUG&amp#27;[0;39m [&amp#27;[34mmain&amp#27;[0;39m] &amp#27;[33mo.s.o.j.JpaTransactionManager&amp#27;[0;39m: Exposing JPA transaction as JDBC [org.springframework.orm.jpa.vendor.HibernateJpaDialect$HibernateConnectionHandle@5a0379e2]
&amp#27;[30m2025-04-21 07:27:32,988&amp#27;[0;39m &amp#27;[39mDEBUG&amp#27;[0;39m [&amp#27;[34mmain&amp#27;[0;39m] &amp#27;[33mo.s.t.c.t.TransactionContext&amp#27;[0;39m: Began transaction (1) for test class [in.rgukt.r081247.universityapi.repository.DepartmentRepositoryTest]; test method [testAddDepartment1]; transaction manager [org.springframework.orm.jpa.JpaTransactionManager@5ad98e6f]; rollback [true]
&amp#27;[30m2025-04-21 07:27:32,989&amp#27;[0;39m &amp#27;[39mDEBUG&amp#27;[0;39m [&amp#27;[34mmain&amp#27;[0;39m] &amp#27;[33mo.s.t.c.c.DefaultContextCache&amp#27;[0;39m: Spring test ApplicationContext cache statistics: [DefaultContextCache@4487dce size = 3, maxSize = 32, parentContextCount = 0, hitCount = 124, missCount = 3, failureCount = 0]
&amp#27;[30m2025-04-21 07:27:32,990&amp#27;[0;39m &amp#27;[39mDEBUG&amp#27;[0;39m [&amp#27;[34mmain&amp#27;[0;39m] &amp#27;[33mo.s.t.c.c.DefaultContextCache&amp#27;[0;39m: Spring test ApplicationContext cache statistics: [DefaultContextCache@4487dce size = 3, maxSize = 32, parentContextCount = 0, hitCount = 125, missCount = 3, failureCount = 0]
&amp#27;[30m2025-04-21 07:27:32,991&amp#27;[0;39m &amp#27;[39mDEBUG&amp#27;[0;39m [&amp#27;[34mmain&amp#27;[0;39m] &amp#27;[33mo.s.t.c.c.DefaultContextCache&amp#27;[0;39m: Spring test ApplicationContext cache statistics: [DefaultContextCache@4487dce size = 3, maxSize = 32, parentContextCount = 0, hitCount = 126, missCount = 3, failureCount = 0]
&amp#27;[30m2025-04-21 07:27:32,992&amp#27;[0;39m &amp#27;[39mDEBUG&amp#27;[0;39m [&amp#27;[34mmain&amp#27;[0;39m] &amp#27;[33mo.s.t.c.c.DefaultContextCache&amp#27;[0;39m: Spring test ApplicationContext cache statistics: [DefaultContextCache@4487dce size = 3, maxSize = 32, parentContextCount = 0, hitCount = 127, missCount = 3, failureCount = 0]
&amp#27;[30m2025-04-21 07:27:32,994&amp#27;[0;39m &amp#27;[39mDEBUG&amp#27;[0;39m [&amp#27;[34mmain&amp#27;[0;39m] &amp#27;[33mo.h.e.s.ActionQueue&amp#27;[0;39m: Executing identity-insert immediately
&amp#27;[30m2025-04-21 07:27:32,996&amp#27;[0;39m &amp#27;[39mDEBUG&amp#27;[0;39m [&amp#27;[34mmain&amp#27;[0;39m] &amp#27;[33mo.h.e.j.s.SqlStatementLogger&amp#27;[0;39m: 
    insert 
    into
        department
        (name, id) 
    values
        (?, default)
Hibernate: 
    insert 
    into
        department
        (name, id) 
    values
        (?, default)
&amp#27;[30m2025-04-21 07:27:32,999&amp#27;[0;39m &amp#27;[39mDEBUG&amp#27;[0;39m [&amp#27;[34mmain&amp#27;[0;39m] &amp#27;[33mo.h.s.r.i.NavigablePathMapToInitializer&amp#27;[0;39m: Initializer list is empty
&amp#27;[30m2025-04-21 07:27:33,000&amp#27;[0;39m &amp#27;[39mDEBUG&amp#27;[0;39m [&amp#27;[34mmain&amp#27;[0;39m] &amp#27;[33mo.h.g.v.i.GeneratedValuesHelper&amp#27;[0;39m: Extracted generated values [in.rgukt.r081247.universityapi.entity.Department]: [Ljava.lang.Object;@22f10ff6
&amp#27;[30m2025-04-21 07:27:33,004&amp#27;[0;39m &amp#27;[39mDEBUG&amp#27;[0;39m [&amp#27;[34mmain&amp#27;[0;39m] &amp#27;[33mo.s.o.j.JpaTransactionManager&amp#27;[0;39m: Found thread-bound EntityManager [SessionImpl(117902049<open>)] for JPA transaction
&amp#27;[30m2025-04-21 07:27:33,005&amp#27;[0;39m &amp#27;[39mDEBUG&amp#27;[0;39m [&amp#27;[34mmain&amp#27;[0;39m] &amp#27;[33mo.s.t.s.AbstractPlatformTransactionManager&amp#27;[0;39m: Participating in existing transaction
DepartmentRepositoryTest.testAddDepartment1()
&amp#27;[30m2025-04-21 07:27:33,007&amp#27;[0;39m &amp#27;[39mDEBUG&amp#27;[0;39m [&amp#27;[34mmain&amp#27;[0;39m] &amp#27;[33mo.s.t.c.c.DefaultContextCache&amp#27;[0;39m: Spring test ApplicationContext cache statistics: [DefaultContextCache@4487dce size = 3, maxSize = 32, parentContextCount = 0, hitCount = 128, missCount = 3, failureCount = 0]
&amp#27;[30m2025-04-21 07:27:33,008&amp#27;[0;39m &amp#27;[39mDEBUG&amp#27;[0;39m [&amp#27;[34mmain&amp#27;[0;39m] &amp#27;[33mo.s.t.c.c.DefaultContextCache&amp#27;[0;39m: Spring test ApplicationContext cache statistics: [DefaultContextCache@4487dce size = 3, maxSize = 32, parentContextCount = 0, hitCount = 129, missCount = 3, failureCount = 0]
&amp#27;[30m2025-04-21 07:27:33,010&amp#27;[0;39m &amp#27;[39mDEBUG&amp#27;[0;39m [&amp#27;[34mmain&amp#27;[0;39m] &amp#27;[33mo.s.t.c.c.DefaultContextCache&amp#27;[0;39m: Spring test ApplicationContext cache statistics: [DefaultContextCache@4487dce size = 3, maxSize = 32, parentContextCount = 0, hitCount = 130, missCount = 3, failureCount = 0]
&amp#27;[30m2025-04-21 07:27:33,010&amp#27;[0;39m &amp#27;[39mDEBUG&amp#27;[0;39m [&amp#27;[34mmain&amp#27;[0;39m] &amp#27;[33mo.s.t.c.c.DefaultContextCache&amp#27;[0;39m: Spring test ApplicationContext cache statistics: [DefaultContextCache@4487dce size = 3, maxSize = 32, parentContextCount = 0, hitCount = 131, missCount = 3, failureCount = 0]
&amp#27;[30m2025-04-21 07:27:33,011&amp#27;[0;39m &amp#27;[39mDEBUG&amp#27;[0;39m [&amp#27;[34mmain&amp#27;[0;39m] &amp#27;[33mo.s.t.c.c.DefaultContextCache&amp#27;[0;39m: Spring test ApplicationContext cache statistics: [DefaultContextCache@4487dce size = 3, maxSize = 32, parentContextCount = 0, hitCount = 132, missCount = 3, failureCount = 0]
&amp#27;[30m2025-04-21 07:27:33,012&amp#27;[0;39m &amp#27;[39mDEBUG&amp#27;[0;39m [&amp#27;[34mmain&amp#27;[0;39m] &amp#27;[33mo.s.t.c.c.DefaultContextCache&amp#27;[0;39m: Spring test ApplicationContext cache statistics: [DefaultContextCache@4487dce size = 3, maxSize = 32, parentContextCount = 0, hitCount = 133, missCount = 3, failureCount = 0]
&amp#27;[30m2025-04-21 07:27:33,013&amp#27;[0;39m &amp#27;[39mDEBUG&amp#27;[0;39m [&amp#27;[34mmain&amp#27;[0;39m] &amp#27;[33mo.s.t.c.c.DefaultContextCache&amp#27;[0;39m: Spring test ApplicationContext cache statistics: [DefaultContextCache@4487dce size = 3, maxSize = 32, parentContextCount = 0, hitCount = 134, missCount = 3, failureCount = 0]
&amp#27;[30m2025-04-21 07:27:33,013&amp#27;[0;39m &amp#27;[39mDEBUG&amp#27;[0;39m [&amp#27;[34mmain&amp#27;[0;39m] &amp#27;[33mo.s.t.c.c.DefaultContextCache&amp#27;[0;39m: Spring test ApplicationContext cache statistics: [DefaultContextCache@4487dce size = 3, maxSize = 32, parentContextCount = 0, hitCount = 135, missCount = 3, failureCount = 0]
&amp#27;[30m2025-04-21 07:27:33,014&amp#27;[0;39m &amp#27;[39mDEBUG&amp#27;[0;39m [&amp#27;[34mmain&amp#27;[0;39m] &amp#27;[33mo.s.t.s.AbstractPlatformTransactionManager&amp#27;[0;39m: Initiating transaction rollback
&amp#27;[30m2025-04-21 07:27:33,014&amp#27;[0;39m &amp#27;[39mDEBUG&amp#27;[0;39m [&amp#27;[34mmain&amp#27;[0;39m] &amp#27;[33mo.s.o.j.JpaTransactionManager&amp#27;[0;39m: Rolling back JPA transaction on EntityManager [SessionImpl(117902049<open>)]
&amp#27;[30m2025-04-21 07:27:33,014&amp#27;[0;39m &amp#27;[39mDEBUG&amp#27;[0;39m [&amp#27;[34mmain&amp#27;[0;39m] &amp#27;[33mo.h.e.t.i.TransactionImpl&amp#27;[0;39m: rolling back
&amp#27;[30m2025-04-21 07:27:33,016&amp#27;[0;39m &amp#27;[39mDEBUG&amp#27;[0;39m [&amp#27;[34mmain&amp#27;[0;39m] &amp#27;[33mo.s.o.j.JpaTransactionManager&amp#27;[0;39m: Closing JPA EntityManager [SessionImpl(117902049<open>)] after transaction
&amp#27;[30m2025-04-21 07:27:33,016&amp#27;[0;39m &amp#27;[39mDEBUG&amp#27;[0;39m [&amp#27;[34mmain&amp#27;[0;39m] &amp#27;[33mo.s.t.c.t.TransactionContext&amp#27;[0;39m: Rolled back transaction (1) for test class [in.rgukt.r081247.universityapi.repository.DepartmentRepositoryTest]; test method [testAddDepartment1]
&amp#27;[30m2025-04-21 07:27:33,017&amp#27;[0;39m &amp#27;[39mDEBUG&amp#27;[0;39m [&amp#27;[34mmain&amp#27;[0;39m] &amp#27;[33mo.s.t.c.s.AbstractDirtiesContextTestExecutionListener&amp#27;[0;39m: After test method: class [DepartmentRepositoryTest], method [testAddDepartment1], class annotated with @DirtiesContext [false] with mode [null], method annotated with @DirtiesContext [false] with mode [null]
]]></system-out>
  </testcase>
  <testcase name="testAddDepartment2" classname="in.rgukt.r081247.universityapi.repository.DepartmentRepositoryTest" time="0.051">
    <system-out><![CDATA[&amp#27;[30m2025-04-21 07:27:33,020&amp#27;[0;39m &amp#27;[39mDEBUG&amp#27;[0;39m [&amp#27;[34mmain&amp#27;[0;39m] &amp#27;[33mo.s.t.c.s.DependencyInjectionTestExecutionListener&amp#27;[0;39m: Performing dependency injection for test class in.rgukt.r081247.universityapi.repository.DepartmentRepositoryTest
&amp#27;[30m2025-04-21 07:27:33,021&amp#27;[0;39m &amp#27;[39mDEBUG&amp#27;[0;39m [&amp#27;[34mmain&amp#27;[0;39m] &amp#27;[33mo.s.t.c.c.DefaultContextCache&amp#27;[0;39m: Spring test ApplicationContext cache statistics: [DefaultContextCache@4487dce size = 3, maxSize = 32, parentContextCount = 0, hitCount = 136, missCount = 3, failureCount = 0]
&amp#27;[30m2025-04-21 07:27:33,022&amp#27;[0;39m &amp#27;[39mDEBUG&amp#27;[0;39m [&amp#27;[34mmain&amp#27;[0;39m] &amp#27;[33mo.s.t.c.c.DefaultContextCache&amp#27;[0;39m: Spring test ApplicationContext cache statistics: [DefaultContextCache@4487dce size = 3, maxSize = 32, parentContextCount = 0, hitCount = 137, missCount = 3, failureCount = 0]
&amp#27;[30m2025-04-21 07:27:33,024&amp#27;[0;39m &amp#27;[39mDEBUG&amp#27;[0;39m [&amp#27;[34mmain&amp#27;[0;39m] &amp#27;[33mo.s.t.c.s.AbstractDirtiesContextTestExecutionListener&amp#27;[0;39m: Before test method: class [DepartmentRepositoryTest], method [testAddDepartment2], class annotated with @DirtiesContext [false] with mode [null], method annotated with @DirtiesContext [false] with mode [null]
&amp#27;[30m2025-04-21 07:27:33,025&amp#27;[0;39m &amp#27;[39mDEBUG&amp#27;[0;39m [&amp#27;[34mmain&amp#27;[0;39m] &amp#27;[33mo.s.t.c.t.TransactionalTestExecutionListener&amp#27;[0;39m: Explicit transaction definition [PROPAGATION_REQUIRED,ISOLATION_DEFAULT] found for test class [in.rgukt.r081247.universityapi.repository.DepartmentRepositoryTest] and test method [testAddDepartment2]
&amp#27;[30m2025-04-21 07:27:33,026&amp#27;[0;39m &amp#27;[39mDEBUG&amp#27;[0;39m [&amp#27;[34mmain&amp#27;[0;39m] &amp#27;[33mo.s.t.c.c.DefaultContextCache&amp#27;[0;39m: Spring test ApplicationContext cache statistics: [DefaultContextCache@4487dce size = 3, maxSize = 32, parentContextCount = 0, hitCount = 138, missCount = 3, failureCount = 0]
&amp#27;[30m2025-04-21 07:27:33,027&amp#27;[0;39m &amp#27;[39mDEBUG&amp#27;[0;39m [&amp#27;[34mmain&amp#27;[0;39m] &amp#27;[33mo.s.t.c.t.TransactionalTestExecutionListener&amp#27;[0;39m: No method-level @Rollback override: using default rollback [true] for test method [public void in.rgukt.r081247.universityapi.repository.DepartmentRepositoryTest.testAddDepartment2()]
&amp#27;[30m2025-04-21 07:27:33,027&amp#27;[0;39m &amp#27;[39mDEBUG&amp#27;[0;39m [&amp#27;[34mmain&amp#27;[0;39m] &amp#27;[33mo.s.t.s.AbstractPlatformTransactionManager&amp#27;[0;39m: Creating new transaction with name [in.rgukt.r081247.universityapi.repository.DepartmentRepositoryTest.testAddDepartment2]: PROPAGATION_REQUIRED,ISOLATION_DEFAULT
&amp#27;[30m2025-04-21 07:27:33,028&amp#27;[0;39m &amp#27;[39mDEBUG&amp#27;[0;39m [&amp#27;[34mmain&amp#27;[0;39m] &amp#27;[33mo.s.o.j.JpaTransactionManager&amp#27;[0;39m: Opened new EntityManager [SessionImpl(1878099363<open>)] for JPA transaction
&amp#27;[30m2025-04-21 07:27:33,028&amp#27;[0;39m &amp#27;[39mDEBUG&amp#27;[0;39m [&amp#27;[34mmain&amp#27;[0;39m] &amp#27;[33mo.h.e.t.i.TransactionImpl&amp#27;[0;39m: On TransactionImpl creation, JpaCompliance#isJpaTransactionComplianceEnabled == false
&amp#27;[30m2025-04-21 07:27:33,029&amp#27;[0;39m &amp#27;[39mDEBUG&amp#27;[0;39m [&amp#27;[34mmain&amp#27;[0;39m] &amp#27;[33mo.h.e.t.i.TransactionImpl&amp#27;[0;39m: begin
&amp#27;[30m2025-04-21 07:27:33,029&amp#27;[0;39m &amp#27;[39mDEBUG&amp#27;[0;39m [&amp#27;[34mmain&amp#27;[0;39m] &amp#27;[33mo.s.j.d.SimpleDriverDataSource&amp#27;[0;39m: Creating new JDBC Driver Connection to [jdbc:h2:mem:e600bb63-343b-4f33-9b18-6893a51070ce;DB_CLOSE_DELAY=-1;DB_CLOSE_ON_EXIT=false]
&amp#27;[30m2025-04-21 07:27:33,032&amp#27;[0;39m &amp#27;[39mDEBUG&amp#27;[0;39m [&amp#27;[34mmain&amp#27;[0;39m] &amp#27;[33mo.s.o.j.JpaTransactionManager&amp#27;[0;39m: Exposing JPA transaction as JDBC [org.springframework.orm.jpa.vendor.HibernateJpaDialect$HibernateConnectionHandle@3c20af2]
&amp#27;[30m2025-04-21 07:27:33,032&amp#27;[0;39m &amp#27;[39mDEBUG&amp#27;[0;39m [&amp#27;[34mmain&amp#27;[0;39m] &amp#27;[33mo.s.t.c.t.TransactionContext&amp#27;[0;39m: Began transaction (1) for test class [in.rgukt.r081247.universityapi.repository.DepartmentRepositoryTest]; test method [testAddDepartment2]; transaction manager [org.springframework.orm.jpa.JpaTransactionManager@5ad98e6f]; rollback [true]
&amp#27;[30m2025-04-21 07:27:33,033&amp#27;[0;39m &amp#27;[39mDEBUG&amp#27;[0;39m [&amp#27;[34mmain&amp#27;[0;39m] &amp#27;[33mo.s.t.c.c.DefaultContextCache&amp#27;[0;39m: Spring test ApplicationContext cache statistics: [DefaultContextCache@4487dce size = 3, maxSize = 32, parentContextCount = 0, hitCount = 139, missCount = 3, failureCount = 0]
&amp#27;[30m2025-04-21 07:27:33,035&amp#27;[0;39m &amp#27;[39mDEBUG&amp#27;[0;39m [&amp#27;[34mmain&amp#27;[0;39m] &amp#27;[33mo.s.t.c.c.DefaultContextCache&amp#27;[0;39m: Spring test ApplicationContext cache statistics: [DefaultContextCache@4487dce size = 3, maxSize = 32, parentContextCount = 0, hitCount = 140, missCount = 3, failureCount = 0]
&amp#27;[30m2025-04-21 07:27:33,036&amp#27;[0;39m &amp#27;[39mDEBUG&amp#27;[0;39m [&amp#27;[34mmain&amp#27;[0;39m] &amp#27;[33mo.s.t.c.c.DefaultContextCache&amp#27;[0;39m: Spring test ApplicationContext cache statistics: [DefaultContextCache@4487dce size = 3, maxSize = 32, parentContextCount = 0, hitCount = 141, missCount = 3, failureCount = 0]
&amp#27;[30m2025-04-21 07:27:33,037&amp#27;[0;39m &amp#27;[39mDEBUG&amp#27;[0;39m [&amp#27;[34mmain&amp#27;[0;39m] &amp#27;[33mo.s.t.c.c.DefaultContextCache&amp#27;[0;39m: Spring test ApplicationContext cache statistics: [DefaultContextCache@4487dce size = 3, maxSize = 32, parentContextCount = 0, hitCount = 142, missCount = 3, failureCount = 0]
&amp#27;[30m2025-04-21 07:27:33,040&amp#27;[0;39m &amp#27;[39mDEBUG&amp#27;[0;39m [&amp#27;[34mmain&amp#27;[0;39m] &amp#27;[33mo.h.e.s.ActionQueue&amp#27;[0;39m: Executing identity-insert immediately
&amp#27;[30m2025-04-21 07:27:33,058&amp#27;[0;39m &amp#27;[39mDEBUG&amp#27;[0;39m [&amp#27;[34mmain&amp#27;[0;39m] &amp#27;[33mo.h.r.t.b.j.i.JdbcResourceLocalTransactionCoordinatorImpl$TransactionDriverControlImpl&amp#27;[0;39m: JDBC transaction marked for rollback-only (exception provided for stack trace)
java.lang.Exception: exception just for purpose of providing stack trace
	at org.hibernate.resource.transaction.backend.jdbc.internal.JdbcResourceLocalTransactionCoordinatorImpl$TransactionDriverControlImpl.markRollbackOnly(JdbcResourceLocalTransactionCoordinatorImpl.java:309)
	at org.hibernate.engine.transaction.internal.TransactionImpl.markRollbackOnly(TransactionImpl.java:203)
	at org.hibernate.internal.AbstractSharedSessionContract.markForRollbackOnly(AbstractSharedSessionContract.java:543)
	at org.hibernate.internal.ExceptionConverterImpl.convert(ExceptionConverterImpl.java:176)
	at org.hibernate.internal.SessionImpl.firePersist(SessionImpl.java:767)
	at org.hibernate.internal.SessionImpl.persist(SessionImpl.java:745)
	at org.springframework.boot.test.autoconfigure.orm.jpa.TestEntityManager.persist(TestEntityManager.java:92)
	at in.rgukt.r081247.universityapi.repository.DepartmentRepositoryTest.lambda$testAddDepartment2$0(DepartmentRepositoryTest.java:47)
	at org.junit.jupiter.api.AssertThrows.assertThrows(AssertThrows.java:53)
	at org.junit.jupiter.api.AssertThrows.assertThrows(AssertThrows.java:35)
	at org.junit.jupiter.api.Assertions.assertThrows(Assertions.java:3128)
	at in.rgukt.r081247.universityapi.repository.DepartmentRepositoryTest.testAddDepartment2(DepartmentRepositoryTest.java:46)
	at java.base/jdk.internal.reflect.DirectMethodHandleAccessor.invoke(DirectMethodHandleAccessor.java:103)
	at java.base/java.lang.reflect.Method.invoke(Method.java:580)
	at org.junit.platform.commons.util.ReflectionUtils.invokeMethod(ReflectionUtils.java:767)
	at org.junit.jupiter.engine.execution.MethodInvocation.proceed(MethodInvocation.java:60)
	at org.junit.jupiter.engine.execution.InvocationInterceptorChain$ValidatingInvocation.proceed(InvocationInterceptorChain.java:131)
	at org.junit.jupiter.engine.extension.TimeoutExtension.intercept(TimeoutExtension.java:156)
	at org.junit.jupiter.engine.extension.TimeoutExtension.interceptTestableMethod(TimeoutExtension.java:147)
	at org.junit.jupiter.engine.extension.TimeoutExtension.interceptTestMethod(TimeoutExtension.java:86)
	at org.junit.jupiter.engine.execution.InterceptingExecutableInvoker$ReflectiveInterceptorCall.lambda$ofVoidMethod$0(InterceptingExecutableInvoker.java:103)
	at org.junit.jupiter.engine.execution.InterceptingExecutableInvoker.lambda$invoke$0(InterceptingExecutableInvoker.java:93)
	at org.junit.jupiter.engine.execution.InvocationInterceptorChain$InterceptedInvocation.proceed(InvocationInterceptorChain.java:106)
	at org.junit.jupiter.engine.execution.InvocationInterceptorChain.proceed(InvocationInterceptorChain.java:64)
	at org.junit.jupiter.engine.execution.InvocationInterceptorChain.chainAndInvoke(InvocationInterceptorChain.java:45)
	at org.junit.jupiter.engine.execution.InvocationInterceptorChain.invoke(InvocationInterceptorChain.java:37)
	at org.junit.jupiter.engine.execution.InterceptingExecutableInvoker.invoke(InterceptingExecutableInvoker.java:92)
	at org.junit.jupiter.engine.execution.InterceptingExecutableInvoker.invoke(InterceptingExecutableInvoker.java:86)
	at org.junit.jupiter.engine.descriptor.TestMethodTestDescriptor.lambda$invokeTestMethod$8(TestMethodTestDescriptor.java:217)
	at org.junit.platform.engine.support.hierarchical.ThrowableCollector.execute(ThrowableCollector.java:73)
	at org.junit.jupiter.engine.descriptor.TestMethodTestDescriptor.invokeTestMethod(TestMethodTestDescriptor.java:213)
	at org.junit.jupiter.engine.descriptor.TestMethodTestDescriptor.execute(TestMethodTestDescriptor.java:138)
	at org.junit.jupiter.engine.descriptor.TestMethodTestDescriptor.execute(TestMethodTestDescriptor.java:68)
	at org.junit.platform.engine.support.hierarchical.NodeTestTask.lambda$executeRecursively$6(NodeTestTask.java:156)
	at org.junit.platform.engine.support.hierarchical.ThrowableCollector.execute(ThrowableCollector.java:73)
	at org.junit.platform.engine.support.hierarchical.NodeTestTask.lambda$executeRecursively$8(NodeTestTask.java:146)
	at org.junit.platform.engine.support.hierarchical.Node.around(Node.java:137)
	at org.junit.platform.engine.support.hierarchical.NodeTestTask.lambda$executeRecursively$9(NodeTestTask.java:144)
	at org.junit.platform.engine.support.hierarchical.ThrowableCollector.execute(ThrowableCollector.java:73)
	at org.junit.platform.engine.support.hierarchical.NodeTestTask.executeRecursively(NodeTestTask.java:143)
	at org.junit.platform.engine.support.hierarchical.NodeTestTask.execute(NodeTestTask.java:100)
	at java.base/java.util.ArrayList.forEach(ArrayList.java:1597)
	at org.junit.platform.engine.support.hierarchical.SameThreadHierarchicalTestExecutorService.invokeAll(SameThreadHierarchicalTestExecutorService.java:41)
	at org.junit.platform.engine.support.hierarchical.NodeTestTask.lambda$executeRecursively$6(NodeTestTask.java:160)
	at org.junit.platform.engine.support.hierarchical.ThrowableCollector.execute(ThrowableCollector.java:73)
	at org.junit.platform.engine.support.hierarchical.NodeTestTask.lambda$executeRecursively$8(NodeTestTask.java:146)
	at org.junit.platform.engine.support.hierarchical.Node.around(Node.java:137)
	at org.junit.platform.engine.support.hierarchical.NodeTestTask.lambda$executeRecursively$9(NodeTestTask.java:144)
	at org.junit.platform.engine.support.hierarchical.ThrowableCollector.execute(ThrowableCollector.java:73)
	at org.junit.platform.engine.support.hierarchical.NodeTestTask.executeRecursively(NodeTestTask.java:143)
	at org.junit.platform.engine.support.hierarchical.NodeTestTask.execute(NodeTestTask.java:100)
	at java.base/java.util.ArrayList.forEach(ArrayList.java:1597)
	at org.junit.platform.engine.support.hierarchical.SameThreadHierarchicalTestExecutorService.invokeAll(SameThreadHierarchicalTestExecutorService.java:41)
	at org.junit.platform.engine.support.hierarchical.NodeTestTask.lambda$executeRecursively$6(NodeTestTask.java:160)
	at org.junit.platform.engine.support.hierarchical.ThrowableCollector.execute(ThrowableCollector.java:73)
	at org.junit.platform.engine.support.hierarchical.NodeTestTask.lambda$executeRecursively$8(NodeTestTask.java:146)
	at org.junit.platform.engine.support.hierarchical.Node.around(Node.java:137)
	at org.junit.platform.engine.support.hierarchical.NodeTestTask.lambda$executeRecursively$9(NodeTestTask.java:144)
	at org.junit.platform.engine.support.hierarchical.ThrowableCollector.execute(ThrowableCollector.java:73)
	at org.junit.platform.engine.support.hierarchical.NodeTestTask.executeRecursively(NodeTestTask.java:143)
	at org.junit.platform.engine.support.hierarchical.NodeTestTask.execute(NodeTestTask.java:100)
	at org.junit.platform.engine.support.hierarchical.SameThreadHierarchicalTestExecutorService.submit(SameThreadHierarchicalTestExecutorService.java:35)
	at org.junit.platform.engine.support.hierarchical.HierarchicalTestExecutor.execute(HierarchicalTestExecutor.java:57)
	at org.junit.platform.engine.support.hierarchical.HierarchicalTestEngine.execute(HierarchicalTestEngine.java:54)
	at org.junit.platform.launcher.core.EngineExecutionOrchestrator.execute(EngineExecutionOrchestrator.java:198)
	at org.junit.platform.launcher.core.EngineExecutionOrchestrator.execute(EngineExecutionOrchestrator.java:169)
	at org.junit.platform.launcher.core.EngineExecutionOrchestrator.execute(EngineExecutionOrchestrator.java:93)
	at org.junit.platform.launcher.core.EngineExecutionOrchestrator.lambda$execute$0(EngineExecutionOrchestrator.java:58)
	at org.junit.platform.launcher.core.EngineExecutionOrchestrator.withInterceptedStreams(EngineExecutionOrchestrator.java:141)
	at org.junit.platform.launcher.core.EngineExecutionOrchestrator.execute(EngineExecutionOrchestrator.java:57)
	at org.junit.platform.launcher.core.DefaultLauncher.execute(DefaultLauncher.java:103)
	at org.junit.platform.launcher.core.DefaultLauncher.execute(DefaultLauncher.java:85)
	at org.junit.platform.launcher.core.DelegatingLauncher.execute(DelegatingLauncher.java:47)
	at org.apache.maven.surefire.junitplatform.LazyLauncher.execute(LazyLauncher.java:56)
	at org.apache.maven.surefire.junitplatform.JUnitPlatformProvider.execute(JUnitPlatformProvider.java:184)
	at org.apache.maven.surefire.junitplatform.JUnitPlatformProvider.invokeAllTests(JUnitPlatformProvider.java:148)
	at org.apache.maven.surefire.junitplatform.JUnitPlatformProvider.invoke(JUnitPlatformProvider.java:122)
	at org.apache.maven.surefire.booter.ForkedBooter.runSuitesInProcess(ForkedBooter.java:385)
	at org.apache.maven.surefire.booter.ForkedBooter.execute(ForkedBooter.java:162)
	at org.apache.maven.surefire.booter.ForkedBooter.run(ForkedBooter.java:507)
	at org.apache.maven.surefire.booter.ForkedBooter.main(ForkedBooter.java:495)
Exception: jakarta.validation.ConstraintViolationException: Validation failed for classes [in.rgukt.r081247.universityapi.entity.Department] during persist time for groups [jakarta.validation.groups.Default, ]
List of constraint violations:[
	ConstraintViolationImpl{interpolatedMessage='Name must not be empty', propertyPath=name, rootBeanClass=class in.rgukt.r081247.universityapi.entity.Department, messageTemplate='Name must not be empty'}
]
DepartmentRepositoryTest.testAddDepartment2()
&amp#27;[30m2025-04-21 07:27:33,061&amp#27;[0;39m &amp#27;[39mDEBUG&amp#27;[0;39m [&amp#27;[34mmain&amp#27;[0;39m] &amp#27;[33mo.s.t.c.c.DefaultContextCache&amp#27;[0;39m: Spring test ApplicationContext cache statistics: [DefaultContextCache@4487dce size = 3, maxSize = 32, parentContextCount = 0, hitCount = 143, missCount = 3, failureCount = 0]
&amp#27;[30m2025-04-21 07:27:33,062&amp#27;[0;39m &amp#27;[39mDEBUG&amp#27;[0;39m [&amp#27;[34mmain&amp#27;[0;39m] &amp#27;[33mo.s.t.c.c.DefaultContextCache&amp#27;[0;39m: Spring test ApplicationContext cache statistics: [DefaultContextCache@4487dce size = 3, maxSize = 32, parentContextCount = 0, hitCount = 144, missCount = 3, failureCount = 0]
&amp#27;[30m2025-04-21 07:27:33,064&amp#27;[0;39m &amp#27;[39mDEBUG&amp#27;[0;39m [&amp#27;[34mmain&amp#27;[0;39m] &amp#27;[33mo.s.t.c.c.DefaultContextCache&amp#27;[0;39m: Spring test ApplicationContext cache statistics: [DefaultContextCache@4487dce size = 3, maxSize = 32, parentContextCount = 0, hitCount = 145, missCount = 3, failureCount = 0]
&amp#27;[30m2025-04-21 07:27:33,065&amp#27;[0;39m &amp#27;[39mDEBUG&amp#27;[0;39m [&amp#27;[34mmain&amp#27;[0;39m] &amp#27;[33mo.s.t.c.c.DefaultContextCache&amp#27;[0;39m: Spring test ApplicationContext cache statistics: [DefaultContextCache@4487dce size = 3, maxSize = 32, parentContextCount = 0, hitCount = 146, missCount = 3, failureCount = 0]
&amp#27;[30m2025-04-21 07:27:33,066&amp#27;[0;39m &amp#27;[39mDEBUG&amp#27;[0;39m [&amp#27;[34mmain&amp#27;[0;39m] &amp#27;[33mo.s.t.c.c.DefaultContextCache&amp#27;[0;39m: Spring test ApplicationContext cache statistics: [DefaultContextCache@4487dce size = 3, maxSize = 32, parentContextCount = 0, hitCount = 147, missCount = 3, failureCount = 0]
&amp#27;[30m2025-04-21 07:27:33,067&amp#27;[0;39m &amp#27;[39mDEBUG&amp#27;[0;39m [&amp#27;[34mmain&amp#27;[0;39m] &amp#27;[33mo.s.t.c.c.DefaultContextCache&amp#27;[0;39m: Spring test ApplicationContext cache statistics: [DefaultContextCache@4487dce size = 3, maxSize = 32, parentContextCount = 0, hitCount = 148, missCount = 3, failureCount = 0]
&amp#27;[30m2025-04-21 07:27:33,068&amp#27;[0;39m &amp#27;[39mDEBUG&amp#27;[0;39m [&amp#27;[34mmain&amp#27;[0;39m] &amp#27;[33mo.s.t.c.c.DefaultContextCache&amp#27;[0;39m: Spring test ApplicationContext cache statistics: [DefaultContextCache@4487dce size = 3, maxSize = 32, parentContextCount = 0, hitCount = 149, missCount = 3, failureCount = 0]
&amp#27;[30m2025-04-21 07:27:33,068&amp#27;[0;39m &amp#27;[39mDEBUG&amp#27;[0;39m [&amp#27;[34mmain&amp#27;[0;39m] &amp#27;[33mo.s.t.c.c.DefaultContextCache&amp#27;[0;39m: Spring test ApplicationContext cache statistics: [DefaultContextCache@4487dce size = 3, maxSize = 32, parentContextCount = 0, hitCount = 150, missCount = 3, failureCount = 0]
&amp#27;[30m2025-04-21 07:27:33,069&amp#27;[0;39m &amp#27;[39mDEBUG&amp#27;[0;39m [&amp#27;[34mmain&amp#27;[0;39m] &amp#27;[33mo.s.t.s.AbstractPlatformTransactionManager&amp#27;[0;39m: Initiating transaction rollback
&amp#27;[30m2025-04-21 07:27:33,069&amp#27;[0;39m &amp#27;[39mDEBUG&amp#27;[0;39m [&amp#27;[34mmain&amp#27;[0;39m] &amp#27;[33mo.s.o.j.JpaTransactionManager&amp#27;[0;39m: Rolling back JPA transaction on EntityManager [SessionImpl(1878099363<open>)]
&amp#27;[30m2025-04-21 07:27:33,069&amp#27;[0;39m &amp#27;[39mDEBUG&amp#27;[0;39m [&amp#27;[34mmain&amp#27;[0;39m] &amp#27;[33mo.h.e.t.i.TransactionImpl&amp#27;[0;39m: rolling back
&amp#27;[30m2025-04-21 07:27:33,071&amp#27;[0;39m &amp#27;[39mDEBUG&amp#27;[0;39m [&amp#27;[34mmain&amp#27;[0;39m] &amp#27;[33mo.s.o.j.JpaTransactionManager&amp#27;[0;39m: Closing JPA EntityManager [SessionImpl(1878099363<open>)] after transaction
&amp#27;[30m2025-04-21 07:27:33,072&amp#27;[0;39m &amp#27;[39mDEBUG&amp#27;[0;39m [&amp#27;[34mmain&amp#27;[0;39m] &amp#27;[33mo.s.t.c.t.TransactionContext&amp#27;[0;39m: Rolled back transaction (1) for test class [in.rgukt.r081247.universityapi.repository.DepartmentRepositoryTest]; test method [testAddDepartment2]
&amp#27;[30m2025-04-21 07:27:33,072&amp#27;[0;39m &amp#27;[39mDEBUG&amp#27;[0;39m [&amp#27;[34mmain&amp#27;[0;39m] &amp#27;[33mo.s.t.c.s.AbstractDirtiesContextTestExecutionListener&amp#27;[0;39m: After test method: class [DepartmentRepositoryTest], method [testAddDepartment2], class annotated with @DirtiesContext [false] with mode [null], method annotated with @DirtiesContext [false] with mode [null]
]]></system-out>
  </testcase>
</testsuite>